[2023-04-06T03:17:41.338+0000] {taskinstance.py:1090} INFO - Dependencies all met for dep_context=non-requeueable deps ti=<TaskInstance: my_simple_dag.say_Hi manual__2023-04-06T03:17:38.505345+00:00 [queued]>
[2023-04-06T03:17:41.359+0000] {taskinstance.py:1090} INFO - Dependencies all met for dep_context=requeueable deps ti=<TaskInstance: my_simple_dag.say_Hi manual__2023-04-06T03:17:38.505345+00:00 [queued]>
[2023-04-06T03:17:41.361+0000] {taskinstance.py:1288} INFO - 
--------------------------------------------------------------------------------
[2023-04-06T03:17:41.363+0000] {taskinstance.py:1289} INFO - Starting attempt 1 of 1
[2023-04-06T03:17:41.365+0000] {taskinstance.py:1290} INFO - 
--------------------------------------------------------------------------------
[2023-04-06T03:17:41.393+0000] {taskinstance.py:1309} INFO - Executing <Task(BashOperator): say_Hi> on 2023-04-06 03:17:38.505345+00:00
[2023-04-06T03:17:41.406+0000] {standard_task_runner.py:55} INFO - Started process 386 to run task
[2023-04-06T03:17:41.415+0000] {standard_task_runner.py:82} INFO - Running: ['***', 'tasks', 'run', 'my_simple_dag', 'say_Hi', 'manual__2023-04-06T03:17:38.505345+00:00', '--job-id', '15', '--raw', '--subdir', 'DAGS_FOLDER/ciao.py', '--cfg-path', '/tmp/tmp2ta4oi6w']
[2023-04-06T03:17:41.422+0000] {standard_task_runner.py:83} INFO - Job 15: Subtask say_Hi
[2023-04-06T03:17:41.566+0000] {task_command.py:389} INFO - Running <TaskInstance: my_simple_dag.say_Hi manual__2023-04-06T03:17:38.505345+00:00 [running]> on host cfece00ff772
[2023-04-06T03:17:41.694+0000] {taskinstance.py:1518} INFO - Exporting the following env vars:
AIRFLOW_CTX_DAG_OWNER=***
AIRFLOW_CTX_DAG_ID=my_simple_dag
AIRFLOW_CTX_TASK_ID=say_Hi
AIRFLOW_CTX_EXECUTION_DATE=2023-04-06T03:17:38.505345+00:00
AIRFLOW_CTX_TRY_NUMBER=1
AIRFLOW_CTX_DAG_RUN_ID=manual__2023-04-06T03:17:38.505345+00:00
[2023-04-06T03:17:41.700+0000] {subprocess.py:63} INFO - Tmp dir root location: 
 /tmp
[2023-04-06T03:17:41.704+0000] {subprocess.py:75} INFO - Running command: ['/bin/bash', '-c', 'ls -lrt']
[2023-04-06T03:17:41.726+0000] {subprocess.py:86} INFO - Output:
[2023-04-06T03:17:41.753+0000] {subprocess.py:93} INFO - total 0
[2023-04-06T03:17:41.755+0000] {subprocess.py:97} INFO - Command exited with return code 0
[2023-04-06T03:17:41.789+0000] {taskinstance.py:1332} INFO - Marking task as SUCCESS. dag_id=my_simple_dag, task_id=say_Hi, execution_date=20230406T031738, start_date=20230406T031741, end_date=20230406T031741
[2023-04-06T03:17:41.830+0000] {local_task_job.py:212} INFO - Task exited with return code 0
[2023-04-06T03:17:41.872+0000] {taskinstance.py:2596} INFO - 1 downstream tasks scheduled from follow-on schedule check
