[2023-04-06T03:12:34.554+0000] {taskinstance.py:1090} INFO - Dependencies all met for dep_context=non-requeueable deps ti=<TaskInstance: my_simple_dag.say_Hi manual__2023-04-06T03:12:32.956465+00:00 [queued]>
[2023-04-06T03:12:34.567+0000] {taskinstance.py:1090} INFO - Dependencies all met for dep_context=requeueable deps ti=<TaskInstance: my_simple_dag.say_Hi manual__2023-04-06T03:12:32.956465+00:00 [queued]>
[2023-04-06T03:12:34.568+0000] {taskinstance.py:1288} INFO - 
--------------------------------------------------------------------------------
[2023-04-06T03:12:34.570+0000] {taskinstance.py:1289} INFO - Starting attempt 1 of 1
[2023-04-06T03:12:34.571+0000] {taskinstance.py:1290} INFO - 
--------------------------------------------------------------------------------
[2023-04-06T03:12:34.589+0000] {taskinstance.py:1309} INFO - Executing <Task(BashOperator): say_Hi> on 2023-04-06 03:12:32.956465+00:00
[2023-04-06T03:12:34.596+0000] {standard_task_runner.py:55} INFO - Started process 246 to run task
[2023-04-06T03:12:34.602+0000] {standard_task_runner.py:82} INFO - Running: ['***', 'tasks', 'run', 'my_simple_dag', 'say_Hi', 'manual__2023-04-06T03:12:32.956465+00:00', '--job-id', '11', '--raw', '--subdir', 'DAGS_FOLDER/ciao.py', '--cfg-path', '/tmp/tmpumaxmfbn']
[2023-04-06T03:12:34.607+0000] {standard_task_runner.py:83} INFO - Job 11: Subtask say_Hi
[2023-04-06T03:12:34.701+0000] {task_command.py:389} INFO - Running <TaskInstance: my_simple_dag.say_Hi manual__2023-04-06T03:12:32.956465+00:00 [running]> on host cfece00ff772
[2023-04-06T03:12:34.852+0000] {taskinstance.py:1518} INFO - Exporting the following env vars:
AIRFLOW_CTX_DAG_OWNER=***
AIRFLOW_CTX_DAG_ID=my_simple_dag
AIRFLOW_CTX_TASK_ID=say_Hi
AIRFLOW_CTX_EXECUTION_DATE=2023-04-06T03:12:32.956465+00:00
AIRFLOW_CTX_TRY_NUMBER=1
AIRFLOW_CTX_DAG_RUN_ID=manual__2023-04-06T03:12:32.956465+00:00
[2023-04-06T03:12:34.863+0000] {subprocess.py:63} INFO - Tmp dir root location: 
 /tmp
[2023-04-06T03:12:34.868+0000] {subprocess.py:75} INFO - Running command: ['/bin/bash', '-c', 'echo "Hi!!"']
[2023-04-06T03:12:34.897+0000] {subprocess.py:86} INFO - Output:
[2023-04-06T03:12:34.901+0000] {subprocess.py:93} INFO - Hi!!
[2023-04-06T03:12:34.903+0000] {subprocess.py:97} INFO - Command exited with return code 0
[2023-04-06T03:12:34.962+0000] {taskinstance.py:1332} INFO - Marking task as SUCCESS. dag_id=my_simple_dag, task_id=say_Hi, execution_date=20230406T031232, start_date=20230406T031234, end_date=20230406T031234
[2023-04-06T03:12:35.018+0000] {local_task_job.py:212} INFO - Task exited with return code 0
[2023-04-06T03:12:35.065+0000] {taskinstance.py:2596} INFO - 1 downstream tasks scheduled from follow-on schedule check
