[2023-04-06T04:10:24.927+0000] {taskinstance.py:1090} INFO - Dependencies all met for dep_context=non-requeueable deps ti=<TaskInstance: io_resto_casa.say_Hi scheduled__2023-04-06T04:00:00+00:00 [queued]>
[2023-04-06T04:10:24.952+0000] {taskinstance.py:1090} INFO - Dependencies all met for dep_context=requeueable deps ti=<TaskInstance: io_resto_casa.say_Hi scheduled__2023-04-06T04:00:00+00:00 [queued]>
[2023-04-06T04:10:24.953+0000] {taskinstance.py:1288} INFO - 
--------------------------------------------------------------------------------
[2023-04-06T04:10:24.955+0000] {taskinstance.py:1289} INFO - Starting attempt 1 of 3
[2023-04-06T04:10:24.957+0000] {taskinstance.py:1290} INFO - 
--------------------------------------------------------------------------------
[2023-04-06T04:10:25.000+0000] {taskinstance.py:1309} INFO - Executing <Task(BashOperator): say_Hi> on 2023-04-06 04:00:00+00:00
[2023-04-06T04:10:25.010+0000] {standard_task_runner.py:55} INFO - Started process 1859 to run task
[2023-04-06T04:10:25.018+0000] {standard_task_runner.py:82} INFO - Running: ['***', 'tasks', 'run', 'io_resto_casa', 'say_Hi', 'scheduled__2023-04-06T04:00:00+00:00', '--job-id', '59', '--raw', '--subdir', 'DAGS_FOLDER/ciao.py', '--cfg-path', '/tmp/tmptcnsx4ff']
[2023-04-06T04:10:25.024+0000] {standard_task_runner.py:83} INFO - Job 59: Subtask say_Hi
[2023-04-06T04:10:25.186+0000] {task_command.py:389} INFO - Running <TaskInstance: io_resto_casa.say_Hi scheduled__2023-04-06T04:00:00+00:00 [running]> on host cfece00ff772
[2023-04-06T04:10:25.372+0000] {taskinstance.py:1518} INFO - Exporting the following env vars:
AIRFLOW_CTX_DAG_OWNER=***
AIRFLOW_CTX_DAG_ID=io_resto_casa
AIRFLOW_CTX_TASK_ID=say_Hi
AIRFLOW_CTX_EXECUTION_DATE=2023-04-06T04:00:00+00:00
AIRFLOW_CTX_TRY_NUMBER=1
AIRFLOW_CTX_DAG_RUN_ID=scheduled__2023-04-06T04:00:00+00:00
[2023-04-06T04:10:25.377+0000] {subprocess.py:63} INFO - Tmp dir root location: 
 /tmp
[2023-04-06T04:10:25.380+0000] {subprocess.py:75} INFO - Running command: ['/bin/bash', '-c', 'echo "Doing Hi in Italian!!"']
[2023-04-06T04:10:25.409+0000] {subprocess.py:86} INFO - Output:
[2023-04-06T04:10:25.417+0000] {subprocess.py:93} INFO - Doing Hi in Italian!!
[2023-04-06T04:10:25.420+0000] {subprocess.py:97} INFO - Command exited with return code 0
[2023-04-06T04:10:25.516+0000] {taskinstance.py:1332} INFO - Marking task as SUCCESS. dag_id=io_resto_casa, task_id=say_Hi, execution_date=20230406T040000, start_date=20230406T041024, end_date=20230406T041025
[2023-04-06T04:10:25.564+0000] {local_task_job.py:212} INFO - Task exited with return code 0
[2023-04-06T04:10:25.684+0000] {taskinstance.py:2596} INFO - 1 downstream tasks scheduled from follow-on schedule check
