[2023-04-06T04:50:03.481+0000] {taskinstance.py:1090} INFO - Dependencies all met for dep_context=non-requeueable deps ti=<TaskInstance: io_resto_casa.greet scheduled__2023-04-06T04:40:00+00:00 [queued]>
[2023-04-06T04:50:03.496+0000] {taskinstance.py:1090} INFO - Dependencies all met for dep_context=requeueable deps ti=<TaskInstance: io_resto_casa.greet scheduled__2023-04-06T04:40:00+00:00 [queued]>
[2023-04-06T04:50:03.497+0000] {taskinstance.py:1288} INFO - 
--------------------------------------------------------------------------------
[2023-04-06T04:50:03.498+0000] {taskinstance.py:1289} INFO - Starting attempt 1 of 3
[2023-04-06T04:50:03.500+0000] {taskinstance.py:1290} INFO - 
--------------------------------------------------------------------------------
[2023-04-06T04:50:03.519+0000] {taskinstance.py:1309} INFO - Executing <Task(PythonOperator): greet> on 2023-04-06 04:40:00+00:00
[2023-04-06T04:50:03.526+0000] {standard_task_runner.py:55} INFO - Started process 2854 to run task
[2023-04-06T04:50:03.532+0000] {standard_task_runner.py:82} INFO - Running: ['***', 'tasks', 'run', 'io_resto_casa', 'greet', 'scheduled__2023-04-06T04:40:00+00:00', '--job-id', '76', '--raw', '--subdir', 'DAGS_FOLDER/ciao.py', '--cfg-path', '/tmp/tmpngd_ao6t']
[2023-04-06T04:50:03.537+0000] {standard_task_runner.py:83} INFO - Job 76: Subtask greet
[2023-04-06T04:50:03.655+0000] {task_command.py:389} INFO - Running <TaskInstance: io_resto_casa.greet scheduled__2023-04-06T04:40:00+00:00 [running]> on host cfece00ff772
[2023-04-06T04:50:03.774+0000] {taskinstance.py:1518} INFO - Exporting the following env vars:
AIRFLOW_CTX_DAG_OWNER=***
AIRFLOW_CTX_DAG_ID=io_resto_casa
AIRFLOW_CTX_TASK_ID=greet
AIRFLOW_CTX_EXECUTION_DATE=2023-04-06T04:40:00+00:00
AIRFLOW_CTX_TRY_NUMBER=1
AIRFLOW_CTX_DAG_RUN_ID=scheduled__2023-04-06T04:40:00+00:00
[2023-04-06T04:50:03.777+0000] {logging_mixin.py:137} INFO - Writing in file
[2023-04-06T04:50:03.779+0000] {python.py:177} INFO - Done. Returned value was: Greeted
[2023-04-06T04:50:03.813+0000] {taskinstance.py:1332} INFO - Marking task as SUCCESS. dag_id=io_resto_casa, task_id=greet, execution_date=20230406T044000, start_date=20230406T045003, end_date=20230406T045003
[2023-04-06T04:50:03.866+0000] {local_task_job.py:212} INFO - Task exited with return code 0
[2023-04-06T04:50:03.906+0000] {taskinstance.py:2596} INFO - 1 downstream tasks scheduled from follow-on schedule check
