[2023-04-06T09:20:05.491+0000] {taskinstance.py:1090} INFO - Dependencies all met for dep_context=non-requeueable deps ti=<TaskInstance: io_resto_casa.sleep_me scheduled__2023-04-06T09:10:00+00:00 [queued]>
[2023-04-06T09:20:05.506+0000] {taskinstance.py:1090} INFO - Dependencies all met for dep_context=requeueable deps ti=<TaskInstance: io_resto_casa.sleep_me scheduled__2023-04-06T09:10:00+00:00 [queued]>
[2023-04-06T09:20:05.508+0000] {taskinstance.py:1288} INFO - 
--------------------------------------------------------------------------------
[2023-04-06T09:20:05.510+0000] {taskinstance.py:1289} INFO - Starting attempt 1 of 3
[2023-04-06T09:20:05.512+0000] {taskinstance.py:1290} INFO - 
--------------------------------------------------------------------------------
[2023-04-06T09:20:05.536+0000] {taskinstance.py:1309} INFO - Executing <Task(BashOperator): sleep_me> on 2023-04-06 09:10:00+00:00
[2023-04-06T09:20:05.545+0000] {standard_task_runner.py:55} INFO - Started process 9719 to run task
[2023-04-06T09:20:05.550+0000] {standard_task_runner.py:82} INFO - Running: ['***', 'tasks', 'run', 'io_resto_casa', 'sleep_me', 'scheduled__2023-04-06T09:10:00+00:00', '--job-id', '185', '--raw', '--subdir', 'DAGS_FOLDER/ciao.py', '--cfg-path', '/tmp/tmpb6fi4lr3']
[2023-04-06T09:20:05.555+0000] {standard_task_runner.py:83} INFO - Job 185: Subtask sleep_me
[2023-04-06T09:20:05.674+0000] {task_command.py:389} INFO - Running <TaskInstance: io_resto_casa.sleep_me scheduled__2023-04-06T09:10:00+00:00 [running]> on host cfece00ff772
[2023-04-06T09:20:05.774+0000] {taskinstance.py:1518} INFO - Exporting the following env vars:
AIRFLOW_CTX_DAG_OWNER=***
AIRFLOW_CTX_DAG_ID=io_resto_casa
AIRFLOW_CTX_TASK_ID=sleep_me
AIRFLOW_CTX_EXECUTION_DATE=2023-04-06T09:10:00+00:00
AIRFLOW_CTX_TRY_NUMBER=1
AIRFLOW_CTX_DAG_RUN_ID=scheduled__2023-04-06T09:10:00+00:00
[2023-04-06T09:20:05.778+0000] {subprocess.py:63} INFO - Tmp dir root location: 
 /tmp
[2023-04-06T09:20:05.780+0000] {subprocess.py:75} INFO - Running command: ['/bin/bash', '-c', 'sleep 5']
[2023-04-06T09:20:05.797+0000] {subprocess.py:86} INFO - Output:
[2023-04-06T09:20:10.802+0000] {subprocess.py:97} INFO - Command exited with return code 0
[2023-04-06T09:20:10.837+0000] {taskinstance.py:1332} INFO - Marking task as SUCCESS. dag_id=io_resto_casa, task_id=sleep_me, execution_date=20230406T091000, start_date=20230406T092005, end_date=20230406T092010
[2023-04-06T09:20:10.900+0000] {local_task_job.py:212} INFO - Task exited with return code 0
[2023-04-06T09:20:10.934+0000] {taskinstance.py:2596} INFO - 1 downstream tasks scheduled from follow-on schedule check
