[2023-04-06T07:40:03.271+0000] {taskinstance.py:1090} INFO - Dependencies all met for dep_context=non-requeueable deps ti=<TaskInstance: io_resto_casa.greet scheduled__2023-04-06T07:30:00+00:00 [queued]>
[2023-04-06T07:40:03.287+0000] {taskinstance.py:1090} INFO - Dependencies all met for dep_context=requeueable deps ti=<TaskInstance: io_resto_casa.greet scheduled__2023-04-06T07:30:00+00:00 [queued]>
[2023-04-06T07:40:03.289+0000] {taskinstance.py:1288} INFO - 
--------------------------------------------------------------------------------
[2023-04-06T07:40:03.290+0000] {taskinstance.py:1289} INFO - Starting attempt 1 of 3
[2023-04-06T07:40:03.291+0000] {taskinstance.py:1290} INFO - 
--------------------------------------------------------------------------------
[2023-04-06T07:40:03.312+0000] {taskinstance.py:1309} INFO - Executing <Task(PythonOperator): greet> on 2023-04-06 07:30:00+00:00
[2023-04-06T07:40:03.322+0000] {standard_task_runner.py:55} INFO - Started process 7009 to run task
[2023-04-06T07:40:03.327+0000] {standard_task_runner.py:82} INFO - Running: ['***', 'tasks', 'run', 'io_resto_casa', 'greet', 'scheduled__2023-04-06T07:30:00+00:00', '--job-id', '144', '--raw', '--subdir', 'DAGS_FOLDER/ciao.py', '--cfg-path', '/tmp/tmpeso368j3']
[2023-04-06T07:40:03.332+0000] {standard_task_runner.py:83} INFO - Job 144: Subtask greet
[2023-04-06T07:40:03.448+0000] {task_command.py:389} INFO - Running <TaskInstance: io_resto_casa.greet scheduled__2023-04-06T07:30:00+00:00 [running]> on host cfece00ff772
[2023-04-06T07:40:03.559+0000] {taskinstance.py:1518} INFO - Exporting the following env vars:
AIRFLOW_CTX_DAG_OWNER=***
AIRFLOW_CTX_DAG_ID=io_resto_casa
AIRFLOW_CTX_TASK_ID=greet
AIRFLOW_CTX_EXECUTION_DATE=2023-04-06T07:30:00+00:00
AIRFLOW_CTX_TRY_NUMBER=1
AIRFLOW_CTX_DAG_RUN_ID=scheduled__2023-04-06T07:30:00+00:00
[2023-04-06T07:40:03.563+0000] {logging_mixin.py:137} INFO - Writing in file
[2023-04-06T07:40:03.564+0000] {python.py:177} INFO - Done. Returned value was: Greeted
[2023-04-06T07:40:03.598+0000] {taskinstance.py:1332} INFO - Marking task as SUCCESS. dag_id=io_resto_casa, task_id=greet, execution_date=20230406T073000, start_date=20230406T074003, end_date=20230406T074003
[2023-04-06T07:40:03.661+0000] {local_task_job.py:212} INFO - Task exited with return code 0
[2023-04-06T07:40:03.707+0000] {taskinstance.py:2596} INFO - 1 downstream tasks scheduled from follow-on schedule check
