[2023-04-06T03:30:01.895+0000] {taskinstance.py:1090} INFO - Dependencies all met for dep_context=non-requeueable deps ti=<TaskInstance: io_resto_casa.say_Hi scheduled__2023-04-06T03:20:00+00:00 [queued]>
[2023-04-06T03:30:01.908+0000] {taskinstance.py:1090} INFO - Dependencies all met for dep_context=requeueable deps ti=<TaskInstance: io_resto_casa.say_Hi scheduled__2023-04-06T03:20:00+00:00 [queued]>
[2023-04-06T03:30:01.910+0000] {taskinstance.py:1288} INFO - 
--------------------------------------------------------------------------------
[2023-04-06T03:30:01.911+0000] {taskinstance.py:1289} INFO - Starting attempt 1 of 1
[2023-04-06T03:30:01.913+0000] {taskinstance.py:1290} INFO - 
--------------------------------------------------------------------------------
[2023-04-06T03:30:01.934+0000] {taskinstance.py:1309} INFO - Executing <Task(BashOperator): say_Hi> on 2023-04-06 03:20:00+00:00
[2023-04-06T03:30:01.941+0000] {standard_task_runner.py:55} INFO - Started process 806 to run task
[2023-04-06T03:30:01.945+0000] {standard_task_runner.py:82} INFO - Running: ['***', 'tasks', 'run', 'io_resto_casa', 'say_Hi', 'scheduled__2023-04-06T03:20:00+00:00', '--job-id', '43', '--raw', '--subdir', 'DAGS_FOLDER/ciao.py', '--cfg-path', '/tmp/tmprdlf30_q']
[2023-04-06T03:30:01.950+0000] {standard_task_runner.py:83} INFO - Job 43: Subtask say_Hi
[2023-04-06T03:30:02.047+0000] {task_command.py:389} INFO - Running <TaskInstance: io_resto_casa.say_Hi scheduled__2023-04-06T03:20:00+00:00 [running]> on host cfece00ff772
[2023-04-06T03:30:02.137+0000] {taskinstance.py:1518} INFO - Exporting the following env vars:
AIRFLOW_CTX_DAG_OWNER=***
AIRFLOW_CTX_DAG_ID=io_resto_casa
AIRFLOW_CTX_TASK_ID=say_Hi
AIRFLOW_CTX_EXECUTION_DATE=2023-04-06T03:20:00+00:00
AIRFLOW_CTX_TRY_NUMBER=1
AIRFLOW_CTX_DAG_RUN_ID=scheduled__2023-04-06T03:20:00+00:00
[2023-04-06T03:30:02.140+0000] {subprocess.py:63} INFO - Tmp dir root location: 
 /tmp
[2023-04-06T03:30:02.142+0000] {subprocess.py:75} INFO - Running command: ['/bin/bash', '-c', 'echo "Doing Hi in Italian!!"']
[2023-04-06T03:30:02.158+0000] {subprocess.py:86} INFO - Output:
[2023-04-06T03:30:02.161+0000] {subprocess.py:93} INFO - Doing Hi in Italian!!
[2023-04-06T03:30:02.163+0000] {subprocess.py:97} INFO - Command exited with return code 0
[2023-04-06T03:30:02.196+0000] {taskinstance.py:1332} INFO - Marking task as SUCCESS. dag_id=io_resto_casa, task_id=say_Hi, execution_date=20230406T032000, start_date=20230406T033001, end_date=20230406T033002
[2023-04-06T03:30:02.239+0000] {local_task_job.py:212} INFO - Task exited with return code 0
[2023-04-06T03:30:02.278+0000] {taskinstance.py:2596} INFO - 1 downstream tasks scheduled from follow-on schedule check
