[2023-04-06T03:20:05.009+0000] {taskinstance.py:1090} INFO - Dependencies all met for dep_context=non-requeueable deps ti=<TaskInstance: my_simple_dag.sleep_me scheduled__2023-04-06T03:10:00+00:00 [queued]>
[2023-04-06T03:20:05.022+0000] {taskinstance.py:1090} INFO - Dependencies all met for dep_context=requeueable deps ti=<TaskInstance: my_simple_dag.sleep_me scheduled__2023-04-06T03:10:00+00:00 [queued]>
[2023-04-06T03:20:05.023+0000] {taskinstance.py:1288} INFO - 
--------------------------------------------------------------------------------
[2023-04-06T03:20:05.024+0000] {taskinstance.py:1289} INFO - Starting attempt 1 of 1
[2023-04-06T03:20:05.025+0000] {taskinstance.py:1290} INFO - 
--------------------------------------------------------------------------------
[2023-04-06T03:20:05.044+0000] {taskinstance.py:1309} INFO - Executing <Task(BashOperator): sleep_me> on 2023-04-06 03:10:00+00:00
[2023-04-06T03:20:05.050+0000] {standard_task_runner.py:55} INFO - Started process 491 to run task
[2023-04-06T03:20:05.055+0000] {standard_task_runner.py:82} INFO - Running: ['***', 'tasks', 'run', 'my_simple_dag', 'sleep_me', 'scheduled__2023-04-06T03:10:00+00:00', '--job-id', '25', '--raw', '--subdir', 'DAGS_FOLDER/ciao.py', '--cfg-path', '/tmp/tmpehbfxokl']
[2023-04-06T03:20:05.058+0000] {standard_task_runner.py:83} INFO - Job 25: Subtask sleep_me
[2023-04-06T03:20:05.174+0000] {task_command.py:389} INFO - Running <TaskInstance: my_simple_dag.sleep_me scheduled__2023-04-06T03:10:00+00:00 [running]> on host cfece00ff772
[2023-04-06T03:20:05.311+0000] {taskinstance.py:1518} INFO - Exporting the following env vars:
AIRFLOW_CTX_DAG_OWNER=***
AIRFLOW_CTX_DAG_ID=my_simple_dag
AIRFLOW_CTX_TASK_ID=sleep_me
AIRFLOW_CTX_EXECUTION_DATE=2023-04-06T03:10:00+00:00
AIRFLOW_CTX_TRY_NUMBER=1
AIRFLOW_CTX_DAG_RUN_ID=scheduled__2023-04-06T03:10:00+00:00
[2023-04-06T03:20:05.315+0000] {subprocess.py:63} INFO - Tmp dir root location: 
 /tmp
[2023-04-06T03:20:05.318+0000] {subprocess.py:75} INFO - Running command: ['/bin/bash', '-c', 'sleep 5']
[2023-04-06T03:20:05.339+0000] {subprocess.py:86} INFO - Output:
[2023-04-06T03:20:10.344+0000] {subprocess.py:97} INFO - Command exited with return code 0
[2023-04-06T03:20:10.379+0000] {taskinstance.py:1332} INFO - Marking task as SUCCESS. dag_id=my_simple_dag, task_id=sleep_me, execution_date=20230406T031000, start_date=20230406T032005, end_date=20230406T032010
[2023-04-06T03:20:10.441+0000] {local_task_job.py:212} INFO - Task exited with return code 0
[2023-04-06T03:20:10.472+0000] {taskinstance.py:2596} INFO - 1 downstream tasks scheduled from follow-on schedule check
