[2023-04-06T03:17:45.460+0000] {taskinstance.py:1090} INFO - Dependencies all met for dep_context=non-requeueable deps ti=<TaskInstance: my_simple_dag.sleep_me manual__2023-04-06T03:17:38.505345+00:00 [queued]>
[2023-04-06T03:17:45.473+0000] {taskinstance.py:1090} INFO - Dependencies all met for dep_context=requeueable deps ti=<TaskInstance: my_simple_dag.sleep_me manual__2023-04-06T03:17:38.505345+00:00 [queued]>
[2023-04-06T03:17:45.475+0000] {taskinstance.py:1288} INFO - 
--------------------------------------------------------------------------------
[2023-04-06T03:17:45.476+0000] {taskinstance.py:1289} INFO - Starting attempt 1 of 1
[2023-04-06T03:17:45.477+0000] {taskinstance.py:1290} INFO - 
--------------------------------------------------------------------------------
[2023-04-06T03:17:45.494+0000] {taskinstance.py:1309} INFO - Executing <Task(BashOperator): sleep_me> on 2023-04-06 03:17:38.505345+00:00
[2023-04-06T03:17:45.501+0000] {standard_task_runner.py:55} INFO - Started process 393 to run task
[2023-04-06T03:17:45.506+0000] {standard_task_runner.py:82} INFO - Running: ['***', 'tasks', 'run', 'my_simple_dag', 'sleep_me', 'manual__2023-04-06T03:17:38.505345+00:00', '--job-id', '17', '--raw', '--subdir', 'DAGS_FOLDER/ciao.py', '--cfg-path', '/tmp/tmpih13s646']
[2023-04-06T03:17:45.509+0000] {standard_task_runner.py:83} INFO - Job 17: Subtask sleep_me
[2023-04-06T03:17:45.606+0000] {task_command.py:389} INFO - Running <TaskInstance: my_simple_dag.sleep_me manual__2023-04-06T03:17:38.505345+00:00 [running]> on host cfece00ff772
[2023-04-06T03:17:45.720+0000] {taskinstance.py:1518} INFO - Exporting the following env vars:
AIRFLOW_CTX_DAG_OWNER=***
AIRFLOW_CTX_DAG_ID=my_simple_dag
AIRFLOW_CTX_TASK_ID=sleep_me
AIRFLOW_CTX_EXECUTION_DATE=2023-04-06T03:17:38.505345+00:00
AIRFLOW_CTX_TRY_NUMBER=1
AIRFLOW_CTX_DAG_RUN_ID=manual__2023-04-06T03:17:38.505345+00:00
[2023-04-06T03:17:45.724+0000] {subprocess.py:63} INFO - Tmp dir root location: 
 /tmp
[2023-04-06T03:17:45.726+0000] {subprocess.py:75} INFO - Running command: ['/bin/bash', '-c', 'sleep 5']
[2023-04-06T03:17:45.745+0000] {subprocess.py:86} INFO - Output:
[2023-04-06T03:17:50.755+0000] {subprocess.py:97} INFO - Command exited with return code 0
[2023-04-06T03:17:50.785+0000] {taskinstance.py:1332} INFO - Marking task as SUCCESS. dag_id=my_simple_dag, task_id=sleep_me, execution_date=20230406T031738, start_date=20230406T031745, end_date=20230406T031750
[2023-04-06T03:17:50.843+0000] {local_task_job.py:212} INFO - Task exited with return code 0
[2023-04-06T03:17:50.873+0000] {taskinstance.py:2596} INFO - 1 downstream tasks scheduled from follow-on schedule check
