[2023-04-06T03:26:24.818+0000] {taskinstance.py:1090} INFO - Dependencies all met for dep_context=non-requeueable deps ti=<TaskInstance: io_resto_casa.say_Hi manual__2023-04-06T03:26:22.417437+00:00 [queued]>
[2023-04-06T03:26:24.834+0000] {taskinstance.py:1090} INFO - Dependencies all met for dep_context=requeueable deps ti=<TaskInstance: io_resto_casa.say_Hi manual__2023-04-06T03:26:22.417437+00:00 [queued]>
[2023-04-06T03:26:24.835+0000] {taskinstance.py:1288} INFO - 
--------------------------------------------------------------------------------
[2023-04-06T03:26:24.837+0000] {taskinstance.py:1289} INFO - Starting attempt 1 of 1
[2023-04-06T03:26:24.839+0000] {taskinstance.py:1290} INFO - 
--------------------------------------------------------------------------------
[2023-04-06T03:26:24.863+0000] {taskinstance.py:1309} INFO - Executing <Task(BashOperator): say_Hi> on 2023-04-06 03:26:22.417437+00:00
[2023-04-06T03:26:24.875+0000] {standard_task_runner.py:55} INFO - Started process 680 to run task
[2023-04-06T03:26:24.883+0000] {standard_task_runner.py:82} INFO - Running: ['***', 'tasks', 'run', 'io_resto_casa', 'say_Hi', 'manual__2023-04-06T03:26:22.417437+00:00', '--job-id', '35', '--raw', '--subdir', 'DAGS_FOLDER/ciao.py', '--cfg-path', '/tmp/tmponi9uspy']
[2023-04-06T03:26:24.889+0000] {standard_task_runner.py:83} INFO - Job 35: Subtask say_Hi
[2023-04-06T03:26:24.998+0000] {task_command.py:389} INFO - Running <TaskInstance: io_resto_casa.say_Hi manual__2023-04-06T03:26:22.417437+00:00 [running]> on host cfece00ff772
[2023-04-06T03:26:25.106+0000] {taskinstance.py:1518} INFO - Exporting the following env vars:
AIRFLOW_CTX_DAG_OWNER=***
AIRFLOW_CTX_DAG_ID=io_resto_casa
AIRFLOW_CTX_TASK_ID=say_Hi
AIRFLOW_CTX_EXECUTION_DATE=2023-04-06T03:26:22.417437+00:00
AIRFLOW_CTX_TRY_NUMBER=1
AIRFLOW_CTX_DAG_RUN_ID=manual__2023-04-06T03:26:22.417437+00:00
[2023-04-06T03:26:25.110+0000] {subprocess.py:63} INFO - Tmp dir root location: 
 /tmp
[2023-04-06T03:26:25.112+0000] {subprocess.py:75} INFO - Running command: ['/bin/bash', '-c', 'echo "Doing Hi in Italian!!"']
[2023-04-06T03:26:25.129+0000] {subprocess.py:86} INFO - Output:
[2023-04-06T03:26:25.132+0000] {subprocess.py:93} INFO - Doing Hi in Italian!!
[2023-04-06T03:26:25.134+0000] {subprocess.py:97} INFO - Command exited with return code 0
[2023-04-06T03:26:25.169+0000] {taskinstance.py:1332} INFO - Marking task as SUCCESS. dag_id=io_resto_casa, task_id=say_Hi, execution_date=20230406T032622, start_date=20230406T032624, end_date=20230406T032625
[2023-04-06T03:26:25.217+0000] {local_task_job.py:212} INFO - Task exited with return code 0
[2023-04-06T03:26:25.271+0000] {taskinstance.py:2596} INFO - 1 downstream tasks scheduled from follow-on schedule check
