[2023-04-06T09:40:15.579+0000] {taskinstance.py:1090} INFO - Dependencies all met for dep_context=non-requeueable deps ti=<TaskInstance: io_resto_casa.sleep_me scheduled__2023-04-06T09:30:00+00:00 [queued]>
[2023-04-06T09:40:15.597+0000] {taskinstance.py:1090} INFO - Dependencies all met for dep_context=requeueable deps ti=<TaskInstance: io_resto_casa.sleep_me scheduled__2023-04-06T09:30:00+00:00 [queued]>
[2023-04-06T09:40:15.600+0000] {taskinstance.py:1288} INFO - 
--------------------------------------------------------------------------------
[2023-04-06T09:40:15.602+0000] {taskinstance.py:1289} INFO - Starting attempt 1 of 3
[2023-04-06T09:40:15.603+0000] {taskinstance.py:1290} INFO - 
--------------------------------------------------------------------------------
[2023-04-06T09:40:15.627+0000] {taskinstance.py:1309} INFO - Executing <Task(BashOperator): sleep_me> on 2023-04-06 09:30:00+00:00
[2023-04-06T09:40:15.640+0000] {standard_task_runner.py:55} INFO - Started process 10268 to run task
[2023-04-06T09:40:15.649+0000] {standard_task_runner.py:82} INFO - Running: ['***', 'tasks', 'run', 'io_resto_casa', 'sleep_me', 'scheduled__2023-04-06T09:30:00+00:00', '--job-id', '193', '--raw', '--subdir', 'DAGS_FOLDER/ciao.py', '--cfg-path', '/tmp/tmpa2bfvs1g']
[2023-04-06T09:40:15.656+0000] {standard_task_runner.py:83} INFO - Job 193: Subtask sleep_me
[2023-04-06T09:40:15.837+0000] {task_command.py:389} INFO - Running <TaskInstance: io_resto_casa.sleep_me scheduled__2023-04-06T09:30:00+00:00 [running]> on host cfece00ff772
[2023-04-06T09:40:15.948+0000] {taskinstance.py:1518} INFO - Exporting the following env vars:
AIRFLOW_CTX_DAG_OWNER=***
AIRFLOW_CTX_DAG_ID=io_resto_casa
AIRFLOW_CTX_TASK_ID=sleep_me
AIRFLOW_CTX_EXECUTION_DATE=2023-04-06T09:30:00+00:00
AIRFLOW_CTX_TRY_NUMBER=1
AIRFLOW_CTX_DAG_RUN_ID=scheduled__2023-04-06T09:30:00+00:00
[2023-04-06T09:40:15.954+0000] {subprocess.py:63} INFO - Tmp dir root location: 
 /tmp
[2023-04-06T09:40:15.956+0000] {subprocess.py:75} INFO - Running command: ['/bin/bash', '-c', 'sleep 5']
[2023-04-06T09:40:15.972+0000] {subprocess.py:86} INFO - Output:
[2023-04-06T09:40:20.976+0000] {subprocess.py:97} INFO - Command exited with return code 0
[2023-04-06T09:40:21.023+0000] {taskinstance.py:1332} INFO - Marking task as SUCCESS. dag_id=io_resto_casa, task_id=sleep_me, execution_date=20230406T093000, start_date=20230406T094015, end_date=20230406T094021
[2023-04-06T09:40:21.097+0000] {local_task_job.py:212} INFO - Task exited with return code 0
[2023-04-06T09:40:21.137+0000] {taskinstance.py:2596} INFO - 1 downstream tasks scheduled from follow-on schedule check
