[2023-04-06T07:20:04.523+0000] {taskinstance.py:1090} INFO - Dependencies all met for dep_context=non-requeueable deps ti=<TaskInstance: io_resto_casa.greet scheduled__2023-04-06T07:10:00+00:00 [queued]>
[2023-04-06T07:20:04.537+0000] {taskinstance.py:1090} INFO - Dependencies all met for dep_context=requeueable deps ti=<TaskInstance: io_resto_casa.greet scheduled__2023-04-06T07:10:00+00:00 [queued]>
[2023-04-06T07:20:04.539+0000] {taskinstance.py:1288} INFO - 
--------------------------------------------------------------------------------
[2023-04-06T07:20:04.540+0000] {taskinstance.py:1289} INFO - Starting attempt 1 of 3
[2023-04-06T07:20:04.542+0000] {taskinstance.py:1290} INFO - 
--------------------------------------------------------------------------------
[2023-04-06T07:20:04.564+0000] {taskinstance.py:1309} INFO - Executing <Task(PythonOperator): greet> on 2023-04-06 07:10:00+00:00
[2023-04-06T07:20:04.574+0000] {standard_task_runner.py:55} INFO - Started process 6475 to run task
[2023-04-06T07:20:04.579+0000] {standard_task_runner.py:82} INFO - Running: ['***', 'tasks', 'run', 'io_resto_casa', 'greet', 'scheduled__2023-04-06T07:10:00+00:00', '--job-id', '136', '--raw', '--subdir', 'DAGS_FOLDER/ciao.py', '--cfg-path', '/tmp/tmp5kup3qsv']
[2023-04-06T07:20:04.584+0000] {standard_task_runner.py:83} INFO - Job 136: Subtask greet
[2023-04-06T07:20:04.692+0000] {task_command.py:389} INFO - Running <TaskInstance: io_resto_casa.greet scheduled__2023-04-06T07:10:00+00:00 [running]> on host cfece00ff772
[2023-04-06T07:20:04.795+0000] {taskinstance.py:1518} INFO - Exporting the following env vars:
AIRFLOW_CTX_DAG_OWNER=***
AIRFLOW_CTX_DAG_ID=io_resto_casa
AIRFLOW_CTX_TASK_ID=greet
AIRFLOW_CTX_EXECUTION_DATE=2023-04-06T07:10:00+00:00
AIRFLOW_CTX_TRY_NUMBER=1
AIRFLOW_CTX_DAG_RUN_ID=scheduled__2023-04-06T07:10:00+00:00
[2023-04-06T07:20:04.799+0000] {logging_mixin.py:137} INFO - Writing in file
[2023-04-06T07:20:04.801+0000] {python.py:177} INFO - Done. Returned value was: Greeted
[2023-04-06T07:20:04.833+0000] {taskinstance.py:1332} INFO - Marking task as SUCCESS. dag_id=io_resto_casa, task_id=greet, execution_date=20230406T071000, start_date=20230406T072004, end_date=20230406T072004
[2023-04-06T07:20:04.872+0000] {local_task_job.py:212} INFO - Task exited with return code 0
[2023-04-06T07:20:04.915+0000] {taskinstance.py:2596} INFO - 1 downstream tasks scheduled from follow-on schedule check
