[2023-04-06T06:20:02.207+0000] {taskinstance.py:1090} INFO - Dependencies all met for dep_context=non-requeueable deps ti=<TaskInstance: io_resto_casa.say_Hi scheduled__2023-04-06T06:10:00+00:00 [queued]>
[2023-04-06T06:20:02.221+0000] {taskinstance.py:1090} INFO - Dependencies all met for dep_context=requeueable deps ti=<TaskInstance: io_resto_casa.say_Hi scheduled__2023-04-06T06:10:00+00:00 [queued]>
[2023-04-06T06:20:02.223+0000] {taskinstance.py:1288} INFO - 
--------------------------------------------------------------------------------
[2023-04-06T06:20:02.224+0000] {taskinstance.py:1289} INFO - Starting attempt 1 of 3
[2023-04-06T06:20:02.225+0000] {taskinstance.py:1290} INFO - 
--------------------------------------------------------------------------------
[2023-04-06T06:20:02.244+0000] {taskinstance.py:1309} INFO - Executing <Task(BashOperator): say_Hi> on 2023-04-06 06:10:00+00:00
[2023-04-06T06:20:02.251+0000] {standard_task_runner.py:55} INFO - Started process 5282 to run task
[2023-04-06T06:20:02.256+0000] {standard_task_runner.py:82} INFO - Running: ['***', 'tasks', 'run', 'io_resto_casa', 'say_Hi', 'scheduled__2023-04-06T06:10:00+00:00', '--job-id', '111', '--raw', '--subdir', 'DAGS_FOLDER/ciao.py', '--cfg-path', '/tmp/tmp6mwhfdhv']
[2023-04-06T06:20:02.260+0000] {standard_task_runner.py:83} INFO - Job 111: Subtask say_Hi
[2023-04-06T06:20:02.363+0000] {task_command.py:389} INFO - Running <TaskInstance: io_resto_casa.say_Hi scheduled__2023-04-06T06:10:00+00:00 [running]> on host cfece00ff772
[2023-04-06T06:20:02.542+0000] {taskinstance.py:1518} INFO - Exporting the following env vars:
AIRFLOW_CTX_DAG_OWNER=***
AIRFLOW_CTX_DAG_ID=io_resto_casa
AIRFLOW_CTX_TASK_ID=say_Hi
AIRFLOW_CTX_EXECUTION_DATE=2023-04-06T06:10:00+00:00
AIRFLOW_CTX_TRY_NUMBER=1
AIRFLOW_CTX_DAG_RUN_ID=scheduled__2023-04-06T06:10:00+00:00
[2023-04-06T06:20:02.548+0000] {subprocess.py:63} INFO - Tmp dir root location: 
 /tmp
[2023-04-06T06:20:02.552+0000] {subprocess.py:75} INFO - Running command: ['/bin/bash', '-c', 'echo "Doing Hi in Italian!!"']
[2023-04-06T06:20:02.587+0000] {subprocess.py:86} INFO - Output:
[2023-04-06T06:20:02.591+0000] {subprocess.py:93} INFO - Doing Hi in Italian!!
[2023-04-06T06:20:02.593+0000] {subprocess.py:97} INFO - Command exited with return code 0
[2023-04-06T06:20:02.663+0000] {taskinstance.py:1332} INFO - Marking task as SUCCESS. dag_id=io_resto_casa, task_id=say_Hi, execution_date=20230406T061000, start_date=20230406T062002, end_date=20230406T062002
[2023-04-06T06:20:02.752+0000] {local_task_job.py:212} INFO - Task exited with return code 0
[2023-04-06T06:20:02.819+0000] {taskinstance.py:2596} INFO - 0 downstream tasks scheduled from follow-on schedule check
