[2023-04-08T10:16:21.337+0000] {taskinstance.py:1090} INFO - Dependencies all met for dep_context=non-requeueable deps ti=<TaskInstance: io_resto_casa.greet scheduled__2023-04-08T07:50:00+00:00 [queued]>
[2023-04-08T10:16:22.089+0000] {taskinstance.py:1090} INFO - Dependencies all met for dep_context=requeueable deps ti=<TaskInstance: io_resto_casa.greet scheduled__2023-04-08T07:50:00+00:00 [queued]>
[2023-04-08T10:16:22.118+0000] {taskinstance.py:1288} INFO - 
--------------------------------------------------------------------------------
[2023-04-08T10:16:22.119+0000] {taskinstance.py:1289} INFO - Starting attempt 1 of 3
[2023-04-08T10:16:22.120+0000] {taskinstance.py:1290} INFO - 
--------------------------------------------------------------------------------
[2023-04-08T10:16:23.063+0000] {taskinstance.py:1309} INFO - Executing <Task(PythonOperator): greet> on 2023-04-08 07:50:00+00:00
[2023-04-08T10:16:23.186+0000] {standard_task_runner.py:55} INFO - Started process 13637 to run task
[2023-04-08T10:16:23.282+0000] {standard_task_runner.py:82} INFO - Running: ['***', 'tasks', 'run', 'io_resto_casa', 'greet', 'scheduled__2023-04-08T07:50:00+00:00', '--job-id', '294', '--raw', '--subdir', 'DAGS_FOLDER/ciao.py', '--cfg-path', '/tmp/tmpcmmtqail']
[2023-04-08T10:16:23.319+0000] {standard_task_runner.py:83} INFO - Job 294: Subtask greet
[2023-04-08T10:16:25.223+0000] {task_command.py:389} INFO - Running <TaskInstance: io_resto_casa.greet scheduled__2023-04-08T07:50:00+00:00 [running]> on host cfece00ff772
[2023-04-08T10:16:27.792+0000] {taskinstance.py:1518} INFO - Exporting the following env vars:
AIRFLOW_CTX_DAG_OWNER=***
AIRFLOW_CTX_DAG_ID=io_resto_casa
AIRFLOW_CTX_TASK_ID=greet
AIRFLOW_CTX_EXECUTION_DATE=2023-04-08T07:50:00+00:00
AIRFLOW_CTX_TRY_NUMBER=1
AIRFLOW_CTX_DAG_RUN_ID=scheduled__2023-04-08T07:50:00+00:00
[2023-04-08T10:16:27.805+0000] {logging_mixin.py:137} INFO - Writing in file
[2023-04-08T10:16:27.809+0000] {python.py:177} INFO - Done. Returned value was: Greeted
[2023-04-08T10:16:28.006+0000] {taskinstance.py:1332} INFO - Marking task as SUCCESS. dag_id=io_resto_casa, task_id=greet, execution_date=20230408T075000, start_date=20230408T101621, end_date=20230408T101628
[2023-04-08T10:16:28.342+0000] {local_task_job.py:212} INFO - Task exited with return code 0
[2023-04-08T10:16:28.848+0000] {taskinstance.py:2596} INFO - 1 downstream tasks scheduled from follow-on schedule check
