[2023-04-06T03:17:43.188+0000] {taskinstance.py:1090} INFO - Dependencies all met for dep_context=non-requeueable deps ti=<TaskInstance: my_simple_dag.greet manual__2023-04-06T03:17:38.505345+00:00 [queued]>
[2023-04-06T03:17:43.202+0000] {taskinstance.py:1090} INFO - Dependencies all met for dep_context=requeueable deps ti=<TaskInstance: my_simple_dag.greet manual__2023-04-06T03:17:38.505345+00:00 [queued]>
[2023-04-06T03:17:43.203+0000] {taskinstance.py:1288} INFO - 
--------------------------------------------------------------------------------
[2023-04-06T03:17:43.205+0000] {taskinstance.py:1289} INFO - Starting attempt 1 of 1
[2023-04-06T03:17:43.206+0000] {taskinstance.py:1290} INFO - 
--------------------------------------------------------------------------------
[2023-04-06T03:17:43.228+0000] {taskinstance.py:1309} INFO - Executing <Task(PythonOperator): greet> on 2023-04-06 03:17:38.505345+00:00
[2023-04-06T03:17:43.235+0000] {standard_task_runner.py:55} INFO - Started process 390 to run task
[2023-04-06T03:17:43.240+0000] {standard_task_runner.py:82} INFO - Running: ['***', 'tasks', 'run', 'my_simple_dag', 'greet', 'manual__2023-04-06T03:17:38.505345+00:00', '--job-id', '16', '--raw', '--subdir', 'DAGS_FOLDER/ciao.py', '--cfg-path', '/tmp/tmp9ve1lj8v']
[2023-04-06T03:17:43.244+0000] {standard_task_runner.py:83} INFO - Job 16: Subtask greet
[2023-04-06T03:17:43.360+0000] {task_command.py:389} INFO - Running <TaskInstance: my_simple_dag.greet manual__2023-04-06T03:17:38.505345+00:00 [running]> on host cfece00ff772
[2023-04-06T03:17:43.531+0000] {taskinstance.py:1518} INFO - Exporting the following env vars:
AIRFLOW_CTX_DAG_OWNER=***
AIRFLOW_CTX_DAG_ID=my_simple_dag
AIRFLOW_CTX_TASK_ID=greet
AIRFLOW_CTX_EXECUTION_DATE=2023-04-06T03:17:38.505345+00:00
AIRFLOW_CTX_TRY_NUMBER=1
AIRFLOW_CTX_DAG_RUN_ID=manual__2023-04-06T03:17:38.505345+00:00
[2023-04-06T03:17:43.536+0000] {logging_mixin.py:137} INFO - Writing in file
[2023-04-06T03:17:43.543+0000] {python.py:177} INFO - Done. Returned value was: Greeted
[2023-04-06T03:17:43.594+0000] {taskinstance.py:1332} INFO - Marking task as SUCCESS. dag_id=my_simple_dag, task_id=greet, execution_date=20230406T031738, start_date=20230406T031743, end_date=20230406T031743
[2023-04-06T03:17:43.655+0000] {local_task_job.py:212} INFO - Task exited with return code 0
[2023-04-06T03:17:43.705+0000] {taskinstance.py:2596} INFO - 1 downstream tasks scheduled from follow-on schedule check
