[2023-04-08T10:09:53.523+0000] {taskinstance.py:1090} INFO - Dependencies all met for dep_context=non-requeueable deps ti=<TaskInstance: io_resto_casa.say_Hi scheduled__2023-04-08T06:50:00+00:00 [queued]>
[2023-04-08T10:09:55.137+0000] {taskinstance.py:1090} INFO - Dependencies all met for dep_context=requeueable deps ti=<TaskInstance: io_resto_casa.say_Hi scheduled__2023-04-08T06:50:00+00:00 [queued]>
[2023-04-08T10:09:55.194+0000] {taskinstance.py:1288} INFO - 
--------------------------------------------------------------------------------
[2023-04-08T10:09:55.202+0000] {taskinstance.py:1289} INFO - Starting attempt 1 of 3
[2023-04-08T10:09:55.207+0000] {taskinstance.py:1290} INFO - 
--------------------------------------------------------------------------------
[2023-04-08T10:09:58.246+0000] {taskinstance.py:1309} INFO - Executing <Task(BashOperator): say_Hi> on 2023-04-08 06:50:00+00:00
[2023-04-08T10:09:59.102+0000] {standard_task_runner.py:55} INFO - Started process 13450 to run task
[2023-04-08T10:09:59.473+0000] {standard_task_runner.py:82} INFO - Running: ['***', 'tasks', 'run', 'io_resto_casa', 'say_Hi', 'scheduled__2023-04-08T06:50:00+00:00', '--job-id', '263', '--raw', '--subdir', 'DAGS_FOLDER/ciao.py', '--cfg-path', '/tmp/tmpho79yje2']
[2023-04-08T10:09:59.478+0000] {standard_task_runner.py:83} INFO - Job 263: Subtask say_Hi
[2023-04-08T10:10:07.008+0000] {task_command.py:389} INFO - Running <TaskInstance: io_resto_casa.say_Hi scheduled__2023-04-08T06:50:00+00:00 [running]> on host cfece00ff772
[2023-04-08T10:10:20.959+0000] {taskinstance.py:1518} INFO - Exporting the following env vars:
AIRFLOW_CTX_DAG_OWNER=***
AIRFLOW_CTX_DAG_ID=io_resto_casa
AIRFLOW_CTX_TASK_ID=say_Hi
AIRFLOW_CTX_EXECUTION_DATE=2023-04-08T06:50:00+00:00
AIRFLOW_CTX_TRY_NUMBER=1
AIRFLOW_CTX_DAG_RUN_ID=scheduled__2023-04-08T06:50:00+00:00
[2023-04-08T10:10:22.798+0000] {subprocess.py:63} INFO - Tmp dir root location: 
 /tmp
[2023-04-08T10:10:23.078+0000] {subprocess.py:75} INFO - Running command: ['/bin/bash', '-c', 'echo "Doing Hi in Italian!!"']
[2023-04-08T10:10:24.773+0000] {subprocess.py:86} INFO - Output:
[2023-04-08T10:10:25.242+0000] {subprocess.py:93} INFO - Doing Hi in Italian!!
[2023-04-08T10:10:25.269+0000] {subprocess.py:97} INFO - Command exited with return code 0
[2023-04-08T10:10:33.202+0000] {taskinstance.py:1332} INFO - Marking task as SUCCESS. dag_id=io_resto_casa, task_id=say_Hi, execution_date=20230408T065000, start_date=20230408T100954, end_date=20230408T101033
[2023-04-08T10:10:36.232+0000] {local_task_job.py:212} INFO - Task exited with return code 0
[2023-04-08T10:10:38.604+0000] {taskinstance.py:2596} INFO - 0 downstream tasks scheduled from follow-on schedule check
