[2023-04-06T04:41:04.867+0000] {taskinstance.py:1090} INFO - Dependencies all met for dep_context=non-requeueable deps ti=<TaskInstance: io_resto_casa.say_Hi scheduled__2023-04-06T04:30:00+00:00 [queued]>
[2023-04-06T04:41:04.880+0000] {taskinstance.py:1090} INFO - Dependencies all met for dep_context=requeueable deps ti=<TaskInstance: io_resto_casa.say_Hi scheduled__2023-04-06T04:30:00+00:00 [queued]>
[2023-04-06T04:41:04.882+0000] {taskinstance.py:1288} INFO - 
--------------------------------------------------------------------------------
[2023-04-06T04:41:04.883+0000] {taskinstance.py:1289} INFO - Starting attempt 1 of 3
[2023-04-06T04:41:04.884+0000] {taskinstance.py:1290} INFO - 
--------------------------------------------------------------------------------
[2023-04-06T04:41:04.908+0000] {taskinstance.py:1309} INFO - Executing <Task(BashOperator): say_Hi> on 2023-04-06 04:30:00+00:00
[2023-04-06T04:41:04.918+0000] {standard_task_runner.py:55} INFO - Started process 2672 to run task
[2023-04-06T04:41:04.923+0000] {standard_task_runner.py:82} INFO - Running: ['***', 'tasks', 'run', 'io_resto_casa', 'say_Hi', 'scheduled__2023-04-06T04:30:00+00:00', '--job-id', '71', '--raw', '--subdir', 'DAGS_FOLDER/ciao.py', '--cfg-path', '/tmp/tmpl40kn2vr']
[2023-04-06T04:41:04.936+0000] {standard_task_runner.py:83} INFO - Job 71: Subtask say_Hi
[2023-04-06T04:41:05.085+0000] {task_command.py:389} INFO - Running <TaskInstance: io_resto_casa.say_Hi scheduled__2023-04-06T04:30:00+00:00 [running]> on host cfece00ff772
[2023-04-06T04:41:05.239+0000] {taskinstance.py:1518} INFO - Exporting the following env vars:
AIRFLOW_CTX_DAG_OWNER=***
AIRFLOW_CTX_DAG_ID=io_resto_casa
AIRFLOW_CTX_TASK_ID=say_Hi
AIRFLOW_CTX_EXECUTION_DATE=2023-04-06T04:30:00+00:00
AIRFLOW_CTX_TRY_NUMBER=1
AIRFLOW_CTX_DAG_RUN_ID=scheduled__2023-04-06T04:30:00+00:00
[2023-04-06T04:41:05.246+0000] {subprocess.py:63} INFO - Tmp dir root location: 
 /tmp
[2023-04-06T04:41:05.248+0000] {subprocess.py:75} INFO - Running command: ['/bin/bash', '-c', 'echo "Doing Hi in Italian!!"']
[2023-04-06T04:41:05.268+0000] {subprocess.py:86} INFO - Output:
[2023-04-06T04:41:05.272+0000] {subprocess.py:93} INFO - Doing Hi in Italian!!
[2023-04-06T04:41:05.274+0000] {subprocess.py:97} INFO - Command exited with return code 0
[2023-04-06T04:41:05.328+0000] {taskinstance.py:1332} INFO - Marking task as SUCCESS. dag_id=io_resto_casa, task_id=say_Hi, execution_date=20230406T043000, start_date=20230406T044104, end_date=20230406T044105
[2023-04-06T04:41:05.382+0000] {local_task_job.py:212} INFO - Task exited with return code 0
[2023-04-06T04:41:05.433+0000] {taskinstance.py:2596} INFO - 1 downstream tasks scheduled from follow-on schedule check
