[2023-04-06T08:10:00.981+0000] {taskinstance.py:1090} INFO - Dependencies all met for dep_context=non-requeueable deps ti=<TaskInstance: io_resto_casa.say_Hi scheduled__2023-04-06T08:00:00+00:00 [queued]>
[2023-04-06T08:10:00.993+0000] {taskinstance.py:1090} INFO - Dependencies all met for dep_context=requeueable deps ti=<TaskInstance: io_resto_casa.say_Hi scheduled__2023-04-06T08:00:00+00:00 [queued]>
[2023-04-06T08:10:00.994+0000] {taskinstance.py:1288} INFO - 
--------------------------------------------------------------------------------
[2023-04-06T08:10:00.995+0000] {taskinstance.py:1289} INFO - Starting attempt 1 of 3
[2023-04-06T08:10:00.996+0000] {taskinstance.py:1290} INFO - 
--------------------------------------------------------------------------------
[2023-04-06T08:10:01.013+0000] {taskinstance.py:1309} INFO - Executing <Task(BashOperator): say_Hi> on 2023-04-06 08:00:00+00:00
[2023-04-06T08:10:01.020+0000] {standard_task_runner.py:55} INFO - Started process 7820 to run task
[2023-04-06T08:10:01.025+0000] {standard_task_runner.py:82} INFO - Running: ['***', 'tasks', 'run', 'io_resto_casa', 'say_Hi', 'scheduled__2023-04-06T08:00:00+00:00', '--job-id', '155', '--raw', '--subdir', 'DAGS_FOLDER/ciao.py', '--cfg-path', '/tmp/tmpx7ttblkg']
[2023-04-06T08:10:01.029+0000] {standard_task_runner.py:83} INFO - Job 155: Subtask say_Hi
[2023-04-06T08:10:01.128+0000] {task_command.py:389} INFO - Running <TaskInstance: io_resto_casa.say_Hi scheduled__2023-04-06T08:00:00+00:00 [running]> on host cfece00ff772
[2023-04-06T08:10:01.229+0000] {taskinstance.py:1518} INFO - Exporting the following env vars:
AIRFLOW_CTX_DAG_OWNER=***
AIRFLOW_CTX_DAG_ID=io_resto_casa
AIRFLOW_CTX_TASK_ID=say_Hi
AIRFLOW_CTX_EXECUTION_DATE=2023-04-06T08:00:00+00:00
AIRFLOW_CTX_TRY_NUMBER=1
AIRFLOW_CTX_DAG_RUN_ID=scheduled__2023-04-06T08:00:00+00:00
[2023-04-06T08:10:01.233+0000] {subprocess.py:63} INFO - Tmp dir root location: 
 /tmp
[2023-04-06T08:10:01.235+0000] {subprocess.py:75} INFO - Running command: ['/bin/bash', '-c', 'echo "Doing Hi in Italian!!"']
[2023-04-06T08:10:01.253+0000] {subprocess.py:86} INFO - Output:
[2023-04-06T08:10:01.256+0000] {subprocess.py:93} INFO - Doing Hi in Italian!!
[2023-04-06T08:10:01.257+0000] {subprocess.py:97} INFO - Command exited with return code 0
[2023-04-06T08:10:01.293+0000] {taskinstance.py:1332} INFO - Marking task as SUCCESS. dag_id=io_resto_casa, task_id=say_Hi, execution_date=20230406T080000, start_date=20230406T081000, end_date=20230406T081001
[2023-04-06T08:10:01.359+0000] {local_task_job.py:212} INFO - Task exited with return code 0
[2023-04-06T08:10:01.398+0000] {taskinstance.py:2596} INFO - 1 downstream tasks scheduled from follow-on schedule check
