[2023-04-06T09:40:11.726+0000] {taskinstance.py:1090} INFO - Dependencies all met for dep_context=non-requeueable deps ti=<TaskInstance: io_resto_casa.greet scheduled__2023-04-06T09:30:00+00:00 [queued]>
[2023-04-06T09:40:11.759+0000] {taskinstance.py:1090} INFO - Dependencies all met for dep_context=requeueable deps ti=<TaskInstance: io_resto_casa.greet scheduled__2023-04-06T09:30:00+00:00 [queued]>
[2023-04-06T09:40:11.762+0000] {taskinstance.py:1288} INFO - 
--------------------------------------------------------------------------------
[2023-04-06T09:40:11.766+0000] {taskinstance.py:1289} INFO - Starting attempt 1 of 3
[2023-04-06T09:40:11.768+0000] {taskinstance.py:1290} INFO - 
--------------------------------------------------------------------------------
[2023-04-06T09:40:11.822+0000] {taskinstance.py:1309} INFO - Executing <Task(PythonOperator): greet> on 2023-04-06 09:30:00+00:00
[2023-04-06T09:40:11.840+0000] {standard_task_runner.py:55} INFO - Started process 10260 to run task
[2023-04-06T09:40:11.896+0000] {standard_task_runner.py:82} INFO - Running: ['***', 'tasks', 'run', 'io_resto_casa', 'greet', 'scheduled__2023-04-06T09:30:00+00:00', '--job-id', '192', '--raw', '--subdir', 'DAGS_FOLDER/ciao.py', '--cfg-path', '/tmp/tmpudeqwt71']
[2023-04-06T09:40:11.909+0000] {standard_task_runner.py:83} INFO - Job 192: Subtask greet
[2023-04-06T09:40:12.218+0000] {task_command.py:389} INFO - Running <TaskInstance: io_resto_casa.greet scheduled__2023-04-06T09:30:00+00:00 [running]> on host cfece00ff772
[2023-04-06T09:40:12.399+0000] {taskinstance.py:1518} INFO - Exporting the following env vars:
AIRFLOW_CTX_DAG_OWNER=***
AIRFLOW_CTX_DAG_ID=io_resto_casa
AIRFLOW_CTX_TASK_ID=greet
AIRFLOW_CTX_EXECUTION_DATE=2023-04-06T09:30:00+00:00
AIRFLOW_CTX_TRY_NUMBER=1
AIRFLOW_CTX_DAG_RUN_ID=scheduled__2023-04-06T09:30:00+00:00
[2023-04-06T09:40:12.406+0000] {logging_mixin.py:137} INFO - Writing in file
[2023-04-06T09:40:12.409+0000] {python.py:177} INFO - Done. Returned value was: Greeted
[2023-04-06T09:40:12.476+0000] {taskinstance.py:1332} INFO - Marking task as SUCCESS. dag_id=io_resto_casa, task_id=greet, execution_date=20230406T093000, start_date=20230406T094011, end_date=20230406T094012
[2023-04-06T09:40:12.527+0000] {local_task_job.py:212} INFO - Task exited with return code 0
[2023-04-06T09:40:12.601+0000] {taskinstance.py:2596} INFO - 1 downstream tasks scheduled from follow-on schedule check
