[2023-04-06T04:20:05.115+0000] {taskinstance.py:1090} INFO - Dependencies all met for dep_context=non-requeueable deps ti=<TaskInstance: io_resto_casa.sleep_me scheduled__2023-04-06T04:10:00+00:00 [queued]>
[2023-04-06T04:20:05.129+0000] {taskinstance.py:1090} INFO - Dependencies all met for dep_context=requeueable deps ti=<TaskInstance: io_resto_casa.sleep_me scheduled__2023-04-06T04:10:00+00:00 [queued]>
[2023-04-06T04:20:05.130+0000] {taskinstance.py:1288} INFO - 
--------------------------------------------------------------------------------
[2023-04-06T04:20:05.132+0000] {taskinstance.py:1289} INFO - Starting attempt 1 of 3
[2023-04-06T04:20:05.133+0000] {taskinstance.py:1290} INFO - 
--------------------------------------------------------------------------------
[2023-04-06T04:20:05.152+0000] {taskinstance.py:1309} INFO - Executing <Task(BashOperator): sleep_me> on 2023-04-06 04:10:00+00:00
[2023-04-06T04:20:05.159+0000] {standard_task_runner.py:55} INFO - Started process 2123 to run task
[2023-04-06T04:20:05.164+0000] {standard_task_runner.py:82} INFO - Running: ['***', 'tasks', 'run', 'io_resto_casa', 'sleep_me', 'scheduled__2023-04-06T04:10:00+00:00', '--job-id', '65', '--raw', '--subdir', 'DAGS_FOLDER/ciao.py', '--cfg-path', '/tmp/tmpfljve1ip']
[2023-04-06T04:20:05.168+0000] {standard_task_runner.py:83} INFO - Job 65: Subtask sleep_me
[2023-04-06T04:20:05.266+0000] {task_command.py:389} INFO - Running <TaskInstance: io_resto_casa.sleep_me scheduled__2023-04-06T04:10:00+00:00 [running]> on host cfece00ff772
[2023-04-06T04:20:05.360+0000] {taskinstance.py:1518} INFO - Exporting the following env vars:
AIRFLOW_CTX_DAG_OWNER=***
AIRFLOW_CTX_DAG_ID=io_resto_casa
AIRFLOW_CTX_TASK_ID=sleep_me
AIRFLOW_CTX_EXECUTION_DATE=2023-04-06T04:10:00+00:00
AIRFLOW_CTX_TRY_NUMBER=1
AIRFLOW_CTX_DAG_RUN_ID=scheduled__2023-04-06T04:10:00+00:00
[2023-04-06T04:20:05.363+0000] {subprocess.py:63} INFO - Tmp dir root location: 
 /tmp
[2023-04-06T04:20:05.365+0000] {subprocess.py:75} INFO - Running command: ['/bin/bash', '-c', 'sleep 5']
[2023-04-06T04:20:05.382+0000] {subprocess.py:86} INFO - Output:
[2023-04-06T04:20:10.386+0000] {subprocess.py:97} INFO - Command exited with return code 0
[2023-04-06T04:20:10.421+0000] {taskinstance.py:1332} INFO - Marking task as SUCCESS. dag_id=io_resto_casa, task_id=sleep_me, execution_date=20230406T041000, start_date=20230406T042005, end_date=20230406T042010
[2023-04-06T04:20:10.470+0000] {local_task_job.py:212} INFO - Task exited with return code 0
[2023-04-06T04:20:10.500+0000] {taskinstance.py:2596} INFO - 1 downstream tasks scheduled from follow-on schedule check
