[2023-04-06T12:17:44.838+0000] {taskinstance.py:1090} INFO - Dependencies all met for dep_context=non-requeueable deps ti=<TaskInstance: io_resto_casa.say_Hi scheduled__2023-04-06T11:40:00+00:00 [queued]>
[2023-04-06T12:17:44.921+0000] {taskinstance.py:1090} INFO - Dependencies all met for dep_context=requeueable deps ti=<TaskInstance: io_resto_casa.say_Hi scheduled__2023-04-06T11:40:00+00:00 [queued]>
[2023-04-06T12:17:44.923+0000] {taskinstance.py:1288} INFO - 
--------------------------------------------------------------------------------
[2023-04-06T12:17:44.930+0000] {taskinstance.py:1289} INFO - Starting attempt 1 of 3
[2023-04-06T12:17:44.934+0000] {taskinstance.py:1290} INFO - 
--------------------------------------------------------------------------------
[2023-04-06T12:17:45.211+0000] {taskinstance.py:1309} INFO - Executing <Task(BashOperator): say_Hi> on 2023-04-06 11:40:00+00:00
[2023-04-06T12:17:45.288+0000] {standard_task_runner.py:55} INFO - Started process 13075 to run task
[2023-04-06T12:17:45.350+0000] {standard_task_runner.py:82} INFO - Running: ['***', 'tasks', 'run', 'io_resto_casa', 'say_Hi', 'scheduled__2023-04-06T11:40:00+00:00', '--job-id', '240', '--raw', '--subdir', 'DAGS_FOLDER/ciao.py', '--cfg-path', '/tmp/tmpp6bjl57m']
[2023-04-06T12:17:45.369+0000] {standard_task_runner.py:83} INFO - Job 240: Subtask say_Hi
[2023-04-06T12:17:47.586+0000] {task_command.py:389} INFO - Running <TaskInstance: io_resto_casa.say_Hi scheduled__2023-04-06T11:40:00+00:00 [running]> on host cfece00ff772
[2023-04-06T12:18:01.896+0000] {taskinstance.py:1518} INFO - Exporting the following env vars:
AIRFLOW_CTX_DAG_OWNER=***
AIRFLOW_CTX_DAG_ID=io_resto_casa
AIRFLOW_CTX_TASK_ID=say_Hi
AIRFLOW_CTX_EXECUTION_DATE=2023-04-06T11:40:00+00:00
AIRFLOW_CTX_TRY_NUMBER=1
AIRFLOW_CTX_DAG_RUN_ID=scheduled__2023-04-06T11:40:00+00:00
[2023-04-06T12:18:02.386+0000] {subprocess.py:63} INFO - Tmp dir root location: 
 /tmp
[2023-04-06T12:18:02.475+0000] {subprocess.py:75} INFO - Running command: ['/bin/bash', '-c', 'echo "Doing Hi in Italian!!"']
[2023-04-06T12:18:03.742+0000] {subprocess.py:86} INFO - Output:
[2023-04-06T12:18:03.924+0000] {subprocess.py:93} INFO - Doing Hi in Italian!!
[2023-04-06T12:18:04.342+0000] {subprocess.py:97} INFO - Command exited with return code 0
[2023-04-06T12:18:08.260+0000] {taskinstance.py:1332} INFO - Marking task as SUCCESS. dag_id=io_resto_casa, task_id=say_Hi, execution_date=20230406T114000, start_date=20230406T121744, end_date=20230406T121808
[2023-04-06T12:50:03.817+0000] {local_task_job.py:212} INFO - Task exited with return code 0
[2023-04-06T12:50:05.108+0000] {taskinstance.py:2596} INFO - 1 downstream tasks scheduled from follow-on schedule check
