[2023-04-06T06:00:03.495+0000] {taskinstance.py:1090} INFO - Dependencies all met for dep_context=non-requeueable deps ti=<TaskInstance: io_resto_casa.greet scheduled__2023-04-06T05:50:00+00:00 [queued]>
[2023-04-06T06:00:03.510+0000] {taskinstance.py:1090} INFO - Dependencies all met for dep_context=requeueable deps ti=<TaskInstance: io_resto_casa.greet scheduled__2023-04-06T05:50:00+00:00 [queued]>
[2023-04-06T06:00:03.511+0000] {taskinstance.py:1288} INFO - 
--------------------------------------------------------------------------------
[2023-04-06T06:00:03.513+0000] {taskinstance.py:1289} INFO - Starting attempt 1 of 3
[2023-04-06T06:00:03.514+0000] {taskinstance.py:1290} INFO - 
--------------------------------------------------------------------------------
[2023-04-06T06:00:03.536+0000] {taskinstance.py:1309} INFO - Executing <Task(PythonOperator): greet> on 2023-04-06 05:50:00+00:00
[2023-04-06T06:00:03.544+0000] {standard_task_runner.py:55} INFO - Started process 4750 to run task
[2023-04-06T06:00:03.549+0000] {standard_task_runner.py:82} INFO - Running: ['***', 'tasks', 'run', 'io_resto_casa', 'greet', 'scheduled__2023-04-06T05:50:00+00:00', '--job-id', '104', '--raw', '--subdir', 'DAGS_FOLDER/ciao.py', '--cfg-path', '/tmp/tmpnkg1zavn']
[2023-04-06T06:00:03.554+0000] {standard_task_runner.py:83} INFO - Job 104: Subtask greet
[2023-04-06T06:00:03.676+0000] {task_command.py:389} INFO - Running <TaskInstance: io_resto_casa.greet scheduled__2023-04-06T05:50:00+00:00 [running]> on host cfece00ff772
[2023-04-06T06:00:03.791+0000] {taskinstance.py:1518} INFO - Exporting the following env vars:
AIRFLOW_CTX_DAG_OWNER=***
AIRFLOW_CTX_DAG_ID=io_resto_casa
AIRFLOW_CTX_TASK_ID=greet
AIRFLOW_CTX_EXECUTION_DATE=2023-04-06T05:50:00+00:00
AIRFLOW_CTX_TRY_NUMBER=1
AIRFLOW_CTX_DAG_RUN_ID=scheduled__2023-04-06T05:50:00+00:00
[2023-04-06T06:00:03.795+0000] {logging_mixin.py:137} INFO - Writing in file
[2023-04-06T06:00:03.796+0000] {python.py:177} INFO - Done. Returned value was: Greeted
[2023-04-06T06:00:03.831+0000] {taskinstance.py:1332} INFO - Marking task as SUCCESS. dag_id=io_resto_casa, task_id=greet, execution_date=20230406T055000, start_date=20230406T060003, end_date=20230406T060003
[2023-04-06T06:00:03.882+0000] {local_task_job.py:212} INFO - Task exited with return code 0
[2023-04-06T06:00:03.927+0000] {taskinstance.py:2596} INFO - 1 downstream tasks scheduled from follow-on schedule check
