[2023-04-06T03:11:10.560+0000] {taskinstance.py:1090} INFO - Dependencies all met for dep_context=non-requeueable deps ti=<TaskInstance: my_simple_dag.say_Hi manual__2023-04-06T03:11:08.472654+00:00 [queued]>
[2023-04-06T03:11:10.572+0000] {taskinstance.py:1090} INFO - Dependencies all met for dep_context=requeueable deps ti=<TaskInstance: my_simple_dag.say_Hi manual__2023-04-06T03:11:08.472654+00:00 [queued]>
[2023-04-06T03:11:10.574+0000] {taskinstance.py:1288} INFO - 
--------------------------------------------------------------------------------
[2023-04-06T03:11:10.575+0000] {taskinstance.py:1289} INFO - Starting attempt 1 of 1
[2023-04-06T03:11:10.576+0000] {taskinstance.py:1290} INFO - 
--------------------------------------------------------------------------------
[2023-04-06T03:11:10.594+0000] {taskinstance.py:1309} INFO - Executing <Task(BashOperator): say_Hi> on 2023-04-06 03:11:08.472654+00:00
[2023-04-06T03:11:10.601+0000] {standard_task_runner.py:55} INFO - Started process 197 to run task
[2023-04-06T03:11:10.605+0000] {standard_task_runner.py:82} INFO - Running: ['***', 'tasks', 'run', 'my_simple_dag', 'say_Hi', 'manual__2023-04-06T03:11:08.472654+00:00', '--job-id', '9', '--raw', '--subdir', 'DAGS_FOLDER/ciao.py', '--cfg-path', '/tmp/tmp2nn3gaqv']
[2023-04-06T03:11:10.609+0000] {standard_task_runner.py:83} INFO - Job 9: Subtask say_Hi
[2023-04-06T03:11:10.697+0000] {task_command.py:389} INFO - Running <TaskInstance: my_simple_dag.say_Hi manual__2023-04-06T03:11:08.472654+00:00 [running]> on host cfece00ff772
[2023-04-06T03:11:10.786+0000] {taskinstance.py:1518} INFO - Exporting the following env vars:
AIRFLOW_CTX_DAG_OWNER=***
AIRFLOW_CTX_DAG_ID=my_simple_dag
AIRFLOW_CTX_TASK_ID=say_Hi
AIRFLOW_CTX_EXECUTION_DATE=2023-04-06T03:11:08.472654+00:00
AIRFLOW_CTX_TRY_NUMBER=1
AIRFLOW_CTX_DAG_RUN_ID=manual__2023-04-06T03:11:08.472654+00:00
[2023-04-06T03:11:10.790+0000] {subprocess.py:63} INFO - Tmp dir root location: 
 /tmp
[2023-04-06T03:11:10.792+0000] {subprocess.py:75} INFO - Running command: ['/bin/bash', '-c', 'echo "Hi!!"']
[2023-04-06T03:11:10.810+0000] {subprocess.py:86} INFO - Output:
[2023-04-06T03:11:10.812+0000] {subprocess.py:93} INFO - Hi!!
[2023-04-06T03:11:10.813+0000] {subprocess.py:97} INFO - Command exited with return code 0
[2023-04-06T03:11:10.846+0000] {taskinstance.py:1332} INFO - Marking task as SUCCESS. dag_id=my_simple_dag, task_id=say_Hi, execution_date=20230406T031108, start_date=20230406T031110, end_date=20230406T031110
[2023-04-06T03:11:10.899+0000] {local_task_job.py:212} INFO - Task exited with return code 0
[2023-04-06T03:11:10.931+0000] {taskinstance.py:2596} INFO - 1 downstream tasks scheduled from follow-on schedule check
