[2023-04-06T10:30:01.445+0000] {taskinstance.py:1090} INFO - Dependencies all met for dep_context=non-requeueable deps ti=<TaskInstance: io_resto_casa.say_Hi scheduled__2023-04-06T10:20:00+00:00 [queued]>
[2023-04-06T10:30:01.482+0000] {taskinstance.py:1090} INFO - Dependencies all met for dep_context=requeueable deps ti=<TaskInstance: io_resto_casa.say_Hi scheduled__2023-04-06T10:20:00+00:00 [queued]>
[2023-04-06T10:30:01.484+0000] {taskinstance.py:1288} INFO - 
--------------------------------------------------------------------------------
[2023-04-06T10:30:01.485+0000] {taskinstance.py:1289} INFO - Starting attempt 1 of 3
[2023-04-06T10:30:01.486+0000] {taskinstance.py:1290} INFO - 
--------------------------------------------------------------------------------
[2023-04-06T10:30:01.512+0000] {taskinstance.py:1309} INFO - Executing <Task(BashOperator): say_Hi> on 2023-04-06 10:20:00+00:00
[2023-04-06T10:30:01.520+0000] {standard_task_runner.py:55} INFO - Started process 11572 to run task
[2023-04-06T10:30:01.525+0000] {standard_task_runner.py:82} INFO - Running: ['***', 'tasks', 'run', 'io_resto_casa', 'say_Hi', 'scheduled__2023-04-06T10:20:00+00:00', '--job-id', '211', '--raw', '--subdir', 'DAGS_FOLDER/ciao.py', '--cfg-path', '/tmp/tmp2uhm0egx']
[2023-04-06T10:30:01.530+0000] {standard_task_runner.py:83} INFO - Job 211: Subtask say_Hi
[2023-04-06T10:30:01.681+0000] {task_command.py:389} INFO - Running <TaskInstance: io_resto_casa.say_Hi scheduled__2023-04-06T10:20:00+00:00 [running]> on host cfece00ff772
[2023-04-06T10:30:01.834+0000] {taskinstance.py:1518} INFO - Exporting the following env vars:
AIRFLOW_CTX_DAG_OWNER=***
AIRFLOW_CTX_DAG_ID=io_resto_casa
AIRFLOW_CTX_TASK_ID=say_Hi
AIRFLOW_CTX_EXECUTION_DATE=2023-04-06T10:20:00+00:00
AIRFLOW_CTX_TRY_NUMBER=1
AIRFLOW_CTX_DAG_RUN_ID=scheduled__2023-04-06T10:20:00+00:00
[2023-04-06T10:30:01.842+0000] {subprocess.py:63} INFO - Tmp dir root location: 
 /tmp
[2023-04-06T10:30:01.845+0000] {subprocess.py:75} INFO - Running command: ['/bin/bash', '-c', 'echo "Doing Hi in Italian!!"']
[2023-04-06T10:30:01.864+0000] {subprocess.py:86} INFO - Output:
[2023-04-06T10:30:01.867+0000] {subprocess.py:93} INFO - Doing Hi in Italian!!
[2023-04-06T10:30:01.870+0000] {subprocess.py:97} INFO - Command exited with return code 0
[2023-04-06T10:30:01.915+0000] {taskinstance.py:1332} INFO - Marking task as SUCCESS. dag_id=io_resto_casa, task_id=say_Hi, execution_date=20230406T102000, start_date=20230406T103001, end_date=20230406T103001
[2023-04-06T10:30:01.980+0000] {local_task_job.py:212} INFO - Task exited with return code 0
[2023-04-06T10:30:02.029+0000] {taskinstance.py:2596} INFO - 1 downstream tasks scheduled from follow-on schedule check
