[2023-04-06T03:24:48.769+0000] {taskinstance.py:1090} INFO - Dependencies all met for dep_context=non-requeueable deps ti=<TaskInstance: io_resto_casa.greet manual__2023-04-06T03:24:44.722423+00:00 [queued]>
[2023-04-06T03:24:48.784+0000] {taskinstance.py:1090} INFO - Dependencies all met for dep_context=requeueable deps ti=<TaskInstance: io_resto_casa.greet manual__2023-04-06T03:24:44.722423+00:00 [queued]>
[2023-04-06T03:24:48.785+0000] {taskinstance.py:1288} INFO - 
--------------------------------------------------------------------------------
[2023-04-06T03:24:48.786+0000] {taskinstance.py:1289} INFO - Starting attempt 1 of 1
[2023-04-06T03:24:48.788+0000] {taskinstance.py:1290} INFO - 
--------------------------------------------------------------------------------
[2023-04-06T03:24:48.804+0000] {taskinstance.py:1309} INFO - Executing <Task(PythonOperator): greet> on 2023-04-06 03:24:44.722423+00:00
[2023-04-06T03:24:48.810+0000] {standard_task_runner.py:55} INFO - Started process 627 to run task
[2023-04-06T03:24:48.814+0000] {standard_task_runner.py:82} INFO - Running: ['***', 'tasks', 'run', 'io_resto_casa', 'greet', 'manual__2023-04-06T03:24:44.722423+00:00', '--job-id', '32', '--raw', '--subdir', 'DAGS_FOLDER/ciao.py', '--cfg-path', '/tmp/tmptkq_9jo8']
[2023-04-06T03:24:48.818+0000] {standard_task_runner.py:83} INFO - Job 32: Subtask greet
[2023-04-06T03:24:48.904+0000] {task_command.py:389} INFO - Running <TaskInstance: io_resto_casa.greet manual__2023-04-06T03:24:44.722423+00:00 [running]> on host cfece00ff772
[2023-04-06T03:24:48.984+0000] {taskinstance.py:1518} INFO - Exporting the following env vars:
AIRFLOW_CTX_DAG_OWNER=***
AIRFLOW_CTX_DAG_ID=io_resto_casa
AIRFLOW_CTX_TASK_ID=greet
AIRFLOW_CTX_EXECUTION_DATE=2023-04-06T03:24:44.722423+00:00
AIRFLOW_CTX_TRY_NUMBER=1
AIRFLOW_CTX_DAG_RUN_ID=manual__2023-04-06T03:24:44.722423+00:00
[2023-04-06T03:24:48.988+0000] {logging_mixin.py:137} INFO - Writing in file
[2023-04-06T03:24:48.990+0000] {python.py:177} INFO - Done. Returned value was: Greeted
[2023-04-06T03:24:49.021+0000] {taskinstance.py:1332} INFO - Marking task as SUCCESS. dag_id=io_resto_casa, task_id=greet, execution_date=20230406T032444, start_date=20230406T032448, end_date=20230406T032449
[2023-04-06T03:24:49.068+0000] {local_task_job.py:212} INFO - Task exited with return code 0
[2023-04-06T03:24:49.110+0000] {taskinstance.py:2596} INFO - 1 downstream tasks scheduled from follow-on schedule check
