[2023-04-06T10:00:14.312+0000] {taskinstance.py:1090} INFO - Dependencies all met for dep_context=non-requeueable deps ti=<TaskInstance: io_resto_casa.respond scheduled__2023-04-06T09:50:00+00:00 [queued]>
[2023-04-06T10:00:14.331+0000] {taskinstance.py:1090} INFO - Dependencies all met for dep_context=requeueable deps ti=<TaskInstance: io_resto_casa.respond scheduled__2023-04-06T09:50:00+00:00 [queued]>
[2023-04-06T10:00:14.333+0000] {taskinstance.py:1288} INFO - 
--------------------------------------------------------------------------------
[2023-04-06T10:00:14.335+0000] {taskinstance.py:1289} INFO - Starting attempt 1 of 3
[2023-04-06T10:00:14.336+0000] {taskinstance.py:1290} INFO - 
--------------------------------------------------------------------------------
[2023-04-06T10:00:14.362+0000] {taskinstance.py:1309} INFO - Executing <Task(PythonOperator): respond> on 2023-04-06 09:50:00+00:00
[2023-04-06T10:00:14.371+0000] {standard_task_runner.py:55} INFO - Started process 10788 to run task
[2023-04-06T10:00:14.376+0000] {standard_task_runner.py:82} INFO - Running: ['***', 'tasks', 'run', 'io_resto_casa', 'respond', 'scheduled__2023-04-06T09:50:00+00:00', '--job-id', '202', '--raw', '--subdir', 'DAGS_FOLDER/ciao.py', '--cfg-path', '/tmp/tmpdb1xow_9']
[2023-04-06T10:00:14.381+0000] {standard_task_runner.py:83} INFO - Job 202: Subtask respond
[2023-04-06T10:00:14.516+0000] {task_command.py:389} INFO - Running <TaskInstance: io_resto_casa.respond scheduled__2023-04-06T09:50:00+00:00 [running]> on host cfece00ff772
[2023-04-06T10:00:14.629+0000] {taskinstance.py:1518} INFO - Exporting the following env vars:
AIRFLOW_CTX_DAG_OWNER=***
AIRFLOW_CTX_DAG_ID=io_resto_casa
AIRFLOW_CTX_TASK_ID=respond
AIRFLOW_CTX_EXECUTION_DATE=2023-04-06T09:50:00+00:00
AIRFLOW_CTX_TRY_NUMBER=1
AIRFLOW_CTX_DAG_RUN_ID=scheduled__2023-04-06T09:50:00+00:00
[2023-04-06T10:00:14.632+0000] {python.py:177} INFO - Done. Returned value was: Greet Responded Again
[2023-04-06T10:00:14.667+0000] {taskinstance.py:1332} INFO - Marking task as SUCCESS. dag_id=io_resto_casa, task_id=respond, execution_date=20230406T095000, start_date=20230406T100014, end_date=20230406T100014
[2023-04-06T10:00:14.710+0000] {local_task_job.py:212} INFO - Task exited with return code 0
[2023-04-06T10:00:14.738+0000] {taskinstance.py:2596} INFO - 0 downstream tasks scheduled from follow-on schedule check
