[2023-04-08T10:12:16.562+0000] {taskinstance.py:1090} INFO - Dependencies all met for dep_context=non-requeueable deps ti=<TaskInstance: io_resto_casa.greet scheduled__2023-04-06T12:00:00+00:00 [queued]>
[2023-04-08T10:12:18.298+0000] {taskinstance.py:1090} INFO - Dependencies all met for dep_context=requeueable deps ti=<TaskInstance: io_resto_casa.greet scheduled__2023-04-06T12:00:00+00:00 [queued]>
[2023-04-08T10:12:18.321+0000] {taskinstance.py:1288} INFO - 
--------------------------------------------------------------------------------
[2023-04-08T10:12:18.325+0000] {taskinstance.py:1289} INFO - Starting attempt 1 of 3
[2023-04-08T10:12:18.355+0000] {taskinstance.py:1290} INFO - 
--------------------------------------------------------------------------------
[2023-04-08T10:12:20.177+0000] {taskinstance.py:1309} INFO - Executing <Task(PythonOperator): greet> on 2023-04-06 12:00:00+00:00
[2023-04-08T10:12:20.498+0000] {standard_task_runner.py:55} INFO - Started process 13516 to run task
[2023-04-08T10:12:21.433+0000] {standard_task_runner.py:82} INFO - Running: ['***', 'tasks', 'run', 'io_resto_casa', 'greet', 'scheduled__2023-04-06T12:00:00+00:00', '--job-id', '277', '--raw', '--subdir', 'DAGS_FOLDER/ciao.py', '--cfg-path', '/tmp/tmp2oc09k3x']
[2023-04-08T10:12:21.458+0000] {standard_task_runner.py:83} INFO - Job 277: Subtask greet
[2023-04-08T10:12:34.888+0000] {task_command.py:389} INFO - Running <TaskInstance: io_resto_casa.greet scheduled__2023-04-06T12:00:00+00:00 [running]> on host cfece00ff772
[2023-04-08T10:12:51.321+0000] {taskinstance.py:1518} INFO - Exporting the following env vars:
AIRFLOW_CTX_DAG_OWNER=***
AIRFLOW_CTX_DAG_ID=io_resto_casa
AIRFLOW_CTX_TASK_ID=greet
AIRFLOW_CTX_EXECUTION_DATE=2023-04-06T12:00:00+00:00
AIRFLOW_CTX_TRY_NUMBER=1
AIRFLOW_CTX_DAG_RUN_ID=scheduled__2023-04-06T12:00:00+00:00
[2023-04-08T10:12:51.884+0000] {logging_mixin.py:137} INFO - Writing in file
[2023-04-08T10:12:52.108+0000] {python.py:177} INFO - Done. Returned value was: Greeted
[2023-04-08T10:12:57.922+0000] {taskinstance.py:1332} INFO - Marking task as SUCCESS. dag_id=io_resto_casa, task_id=greet, execution_date=20230406T120000, start_date=20230408T101216, end_date=20230408T101257
[2023-04-08T10:13:08.284+0000] {local_task_job.py:212} INFO - Task exited with return code 0
[2023-04-08T10:13:21.269+0000] {taskinstance.py:2596} INFO - 0 downstream tasks scheduled from follow-on schedule check
