[2023-04-08T10:16:42.056+0000] {taskinstance.py:1090} INFO - Dependencies all met for dep_context=non-requeueable deps ti=<TaskInstance: io_resto_casa.sleep_me scheduled__2023-04-08T10:00:00+00:00 [queued]>
[2023-04-08T10:16:42.092+0000] {taskinstance.py:1090} INFO - Dependencies all met for dep_context=requeueable deps ti=<TaskInstance: io_resto_casa.sleep_me scheduled__2023-04-08T10:00:00+00:00 [queued]>
[2023-04-08T10:16:42.095+0000] {taskinstance.py:1288} INFO - 
--------------------------------------------------------------------------------
[2023-04-08T10:16:42.097+0000] {taskinstance.py:1289} INFO - Starting attempt 1 of 3
[2023-04-08T10:16:42.102+0000] {taskinstance.py:1290} INFO - 
--------------------------------------------------------------------------------
[2023-04-08T10:16:42.224+0000] {taskinstance.py:1309} INFO - Executing <Task(BashOperator): sleep_me> on 2023-04-08 10:00:00+00:00
[2023-04-08T10:16:42.266+0000] {standard_task_runner.py:55} INFO - Started process 13691 to run task
[2023-04-08T10:16:42.292+0000] {standard_task_runner.py:82} INFO - Running: ['***', 'tasks', 'run', 'io_resto_casa', 'sleep_me', 'scheduled__2023-04-08T10:00:00+00:00', '--job-id', '312', '--raw', '--subdir', 'DAGS_FOLDER/ciao.py', '--cfg-path', '/tmp/tmpvwlmvdu3']
[2023-04-08T10:16:42.313+0000] {standard_task_runner.py:83} INFO - Job 312: Subtask sleep_me
[2023-04-08T10:16:42.705+0000] {task_command.py:389} INFO - Running <TaskInstance: io_resto_casa.sleep_me scheduled__2023-04-08T10:00:00+00:00 [running]> on host cfece00ff772
[2023-04-08T10:16:43.105+0000] {taskinstance.py:1518} INFO - Exporting the following env vars:
AIRFLOW_CTX_DAG_OWNER=***
AIRFLOW_CTX_DAG_ID=io_resto_casa
AIRFLOW_CTX_TASK_ID=sleep_me
AIRFLOW_CTX_EXECUTION_DATE=2023-04-08T10:00:00+00:00
AIRFLOW_CTX_TRY_NUMBER=1
AIRFLOW_CTX_DAG_RUN_ID=scheduled__2023-04-08T10:00:00+00:00
[2023-04-08T10:16:43.114+0000] {subprocess.py:63} INFO - Tmp dir root location: 
 /tmp
[2023-04-08T10:16:43.118+0000] {subprocess.py:75} INFO - Running command: ['/bin/bash', '-c', 'sleep 5']
[2023-04-08T10:16:43.157+0000] {subprocess.py:86} INFO - Output:
[2023-04-08T10:16:48.163+0000] {subprocess.py:97} INFO - Command exited with return code 0
[2023-04-08T10:16:48.218+0000] {taskinstance.py:1332} INFO - Marking task as SUCCESS. dag_id=io_resto_casa, task_id=sleep_me, execution_date=20230408T100000, start_date=20230408T101642, end_date=20230408T101648
[2023-04-08T10:16:48.292+0000] {local_task_job.py:212} INFO - Task exited with return code 0
[2023-04-08T10:16:48.352+0000] {taskinstance.py:2596} INFO - 1 downstream tasks scheduled from follow-on schedule check
