[2023-04-08T10:16:03.865+0000] {taskinstance.py:1090} INFO - Dependencies all met for dep_context=non-requeueable deps ti=<TaskInstance: io_resto_casa.greet scheduled__2023-04-06T12:10:00+00:00 [queued]>
[2023-04-08T10:16:04.696+0000] {taskinstance.py:1090} INFO - Dependencies all met for dep_context=requeueable deps ti=<TaskInstance: io_resto_casa.greet scheduled__2023-04-06T12:10:00+00:00 [queued]>
[2023-04-08T10:16:04.713+0000] {taskinstance.py:1288} INFO - 
--------------------------------------------------------------------------------
[2023-04-08T10:16:04.716+0000] {taskinstance.py:1289} INFO - Starting attempt 1 of 3
[2023-04-08T10:16:04.719+0000] {taskinstance.py:1290} INFO - 
--------------------------------------------------------------------------------
[2023-04-08T10:16:05.461+0000] {taskinstance.py:1309} INFO - Executing <Task(PythonOperator): greet> on 2023-04-06 12:10:00+00:00
[2023-04-08T10:16:05.967+0000] {standard_task_runner.py:55} INFO - Started process 13615 to run task
[2023-04-08T10:16:06.163+0000] {standard_task_runner.py:82} INFO - Running: ['***', 'tasks', 'run', 'io_resto_casa', 'greet', 'scheduled__2023-04-06T12:10:00+00:00', '--job-id', '291', '--raw', '--subdir', 'DAGS_FOLDER/ciao.py', '--cfg-path', '/tmp/tmpwr5jpn6s']
[2023-04-08T10:16:06.209+0000] {standard_task_runner.py:83} INFO - Job 291: Subtask greet
[2023-04-08T10:16:07.038+0000] {task_command.py:389} INFO - Running <TaskInstance: io_resto_casa.greet scheduled__2023-04-06T12:10:00+00:00 [running]> on host cfece00ff772
[2023-04-08T10:16:09.951+0000] {taskinstance.py:1518} INFO - Exporting the following env vars:
AIRFLOW_CTX_DAG_OWNER=***
AIRFLOW_CTX_DAG_ID=io_resto_casa
AIRFLOW_CTX_TASK_ID=greet
AIRFLOW_CTX_EXECUTION_DATE=2023-04-06T12:10:00+00:00
AIRFLOW_CTX_TRY_NUMBER=1
AIRFLOW_CTX_DAG_RUN_ID=scheduled__2023-04-06T12:10:00+00:00
[2023-04-08T10:16:09.977+0000] {logging_mixin.py:137} INFO - Writing in file
[2023-04-08T10:16:09.984+0000] {python.py:177} INFO - Done. Returned value was: Greeted
[2023-04-08T10:16:10.147+0000] {taskinstance.py:1332} INFO - Marking task as SUCCESS. dag_id=io_resto_casa, task_id=greet, execution_date=20230406T121000, start_date=20230408T101604, end_date=20230408T101610
[2023-04-08T10:16:10.966+0000] {local_task_job.py:212} INFO - Task exited with return code 0
[2023-04-08T10:16:13.754+0000] {taskinstance.py:2596} INFO - 0 downstream tasks scheduled from follow-on schedule check
