[2023-04-06T06:40:04.131+0000] {taskinstance.py:1090} INFO - Dependencies all met for dep_context=non-requeueable deps ti=<TaskInstance: io_resto_casa.greet scheduled__2023-04-06T06:30:00+00:00 [queued]>
[2023-04-06T06:40:04.143+0000] {taskinstance.py:1090} INFO - Dependencies all met for dep_context=requeueable deps ti=<TaskInstance: io_resto_casa.greet scheduled__2023-04-06T06:30:00+00:00 [queued]>
[2023-04-06T06:40:04.145+0000] {taskinstance.py:1288} INFO - 
--------------------------------------------------------------------------------
[2023-04-06T06:40:04.146+0000] {taskinstance.py:1289} INFO - Starting attempt 1 of 3
[2023-04-06T06:40:04.147+0000] {taskinstance.py:1290} INFO - 
--------------------------------------------------------------------------------
[2023-04-06T06:40:04.166+0000] {taskinstance.py:1309} INFO - Executing <Task(PythonOperator): greet> on 2023-04-06 06:30:00+00:00
[2023-04-06T06:40:04.173+0000] {standard_task_runner.py:55} INFO - Started process 5589 to run task
[2023-04-06T06:40:04.177+0000] {standard_task_runner.py:82} INFO - Running: ['***', 'tasks', 'run', 'io_resto_casa', 'greet', 'scheduled__2023-04-06T06:30:00+00:00', '--job-id', '120', '--raw', '--subdir', 'DAGS_FOLDER/ciao.py', '--cfg-path', '/tmp/tmpisbb7c1b']
[2023-04-06T06:40:04.181+0000] {standard_task_runner.py:83} INFO - Job 120: Subtask greet
[2023-04-06T06:40:04.281+0000] {task_command.py:389} INFO - Running <TaskInstance: io_resto_casa.greet scheduled__2023-04-06T06:30:00+00:00 [running]> on host cfece00ff772
[2023-04-06T06:40:04.377+0000] {taskinstance.py:1518} INFO - Exporting the following env vars:
AIRFLOW_CTX_DAG_OWNER=***
AIRFLOW_CTX_DAG_ID=io_resto_casa
AIRFLOW_CTX_TASK_ID=greet
AIRFLOW_CTX_EXECUTION_DATE=2023-04-06T06:30:00+00:00
AIRFLOW_CTX_TRY_NUMBER=1
AIRFLOW_CTX_DAG_RUN_ID=scheduled__2023-04-06T06:30:00+00:00
[2023-04-06T06:40:04.380+0000] {logging_mixin.py:137} INFO - Writing in file
[2023-04-06T06:40:04.382+0000] {python.py:177} INFO - Done. Returned value was: Greeted
[2023-04-06T06:40:04.412+0000] {taskinstance.py:1332} INFO - Marking task as SUCCESS. dag_id=io_resto_casa, task_id=greet, execution_date=20230406T063000, start_date=20230406T064004, end_date=20230406T064004
[2023-04-06T06:40:04.471+0000] {local_task_job.py:212} INFO - Task exited with return code 0
[2023-04-06T06:40:04.512+0000] {taskinstance.py:2596} INFO - 1 downstream tasks scheduled from follow-on schedule check
