[2023-04-08T10:16:15.697+0000] {taskinstance.py:1090} INFO - Dependencies all met for dep_context=non-requeueable deps ti=<TaskInstance: io_resto_casa.greet scheduled__2023-04-06T12:40:00+00:00 [queued]>
[2023-04-08T10:16:16.288+0000] {taskinstance.py:1090} INFO - Dependencies all met for dep_context=requeueable deps ti=<TaskInstance: io_resto_casa.greet scheduled__2023-04-06T12:40:00+00:00 [queued]>
[2023-04-08T10:16:16.304+0000] {taskinstance.py:1288} INFO - 
--------------------------------------------------------------------------------
[2023-04-08T10:16:16.306+0000] {taskinstance.py:1289} INFO - Starting attempt 1 of 3
[2023-04-08T10:16:16.309+0000] {taskinstance.py:1290} INFO - 
--------------------------------------------------------------------------------
[2023-04-08T10:16:16.829+0000] {taskinstance.py:1309} INFO - Executing <Task(PythonOperator): greet> on 2023-04-06 12:40:00+00:00
[2023-04-08T10:16:17.615+0000] {standard_task_runner.py:55} INFO - Started process 13635 to run task
[2023-04-08T10:16:17.983+0000] {standard_task_runner.py:82} INFO - Running: ['***', 'tasks', 'run', 'io_resto_casa', 'greet', 'scheduled__2023-04-06T12:40:00+00:00', '--job-id', '292', '--raw', '--subdir', 'DAGS_FOLDER/ciao.py', '--cfg-path', '/tmp/tmp19dkf4_k']
[2023-04-08T10:16:18.108+0000] {standard_task_runner.py:83} INFO - Job 292: Subtask greet
[2023-04-08T10:16:20.478+0000] {task_command.py:389} INFO - Running <TaskInstance: io_resto_casa.greet scheduled__2023-04-06T12:40:00+00:00 [running]> on host cfece00ff772
[2023-04-08T10:16:24.421+0000] {taskinstance.py:1518} INFO - Exporting the following env vars:
AIRFLOW_CTX_DAG_OWNER=***
AIRFLOW_CTX_DAG_ID=io_resto_casa
AIRFLOW_CTX_TASK_ID=greet
AIRFLOW_CTX_EXECUTION_DATE=2023-04-06T12:40:00+00:00
AIRFLOW_CTX_TRY_NUMBER=1
AIRFLOW_CTX_DAG_RUN_ID=scheduled__2023-04-06T12:40:00+00:00
[2023-04-08T10:16:24.497+0000] {logging_mixin.py:137} INFO - Writing in file
[2023-04-08T10:16:24.513+0000] {python.py:177} INFO - Done. Returned value was: Greeted
[2023-04-08T10:16:24.997+0000] {taskinstance.py:1332} INFO - Marking task as SUCCESS. dag_id=io_resto_casa, task_id=greet, execution_date=20230406T124000, start_date=20230408T101615, end_date=20230408T101624
[2023-04-08T10:16:25.783+0000] {local_task_job.py:212} INFO - Task exited with return code 0
[2023-04-08T10:16:27.024+0000] {taskinstance.py:2596} INFO - 0 downstream tasks scheduled from follow-on schedule check
