[2023-04-06T03:18:08.131+0000] {taskinstance.py:1090} INFO - Dependencies all met for dep_context=non-requeueable deps ti=<TaskInstance: my_simple_dag.say_Hi manual__2023-04-06T03:18:06.127168+00:00 [queued]>
[2023-04-06T03:18:08.146+0000] {taskinstance.py:1090} INFO - Dependencies all met for dep_context=requeueable deps ti=<TaskInstance: my_simple_dag.say_Hi manual__2023-04-06T03:18:06.127168+00:00 [queued]>
[2023-04-06T03:18:08.147+0000] {taskinstance.py:1288} INFO - 
--------------------------------------------------------------------------------
[2023-04-06T03:18:08.149+0000] {taskinstance.py:1289} INFO - Starting attempt 1 of 1
[2023-04-06T03:18:08.150+0000] {taskinstance.py:1290} INFO - 
--------------------------------------------------------------------------------
[2023-04-06T03:18:08.172+0000] {taskinstance.py:1309} INFO - Executing <Task(BashOperator): say_Hi> on 2023-04-06 03:18:06.127168+00:00
[2023-04-06T03:18:08.179+0000] {standard_task_runner.py:55} INFO - Started process 414 to run task
[2023-04-06T03:18:08.185+0000] {standard_task_runner.py:82} INFO - Running: ['***', 'tasks', 'run', 'my_simple_dag', 'say_Hi', 'manual__2023-04-06T03:18:06.127168+00:00', '--job-id', '19', '--raw', '--subdir', 'DAGS_FOLDER/ciao.py', '--cfg-path', '/tmp/tmp0s9rte5f']
[2023-04-06T03:18:08.189+0000] {standard_task_runner.py:83} INFO - Job 19: Subtask say_Hi
[2023-04-06T03:18:08.288+0000] {task_command.py:389} INFO - Running <TaskInstance: my_simple_dag.say_Hi manual__2023-04-06T03:18:06.127168+00:00 [running]> on host cfece00ff772
[2023-04-06T03:18:08.386+0000] {taskinstance.py:1518} INFO - Exporting the following env vars:
AIRFLOW_CTX_DAG_OWNER=***
AIRFLOW_CTX_DAG_ID=my_simple_dag
AIRFLOW_CTX_TASK_ID=say_Hi
AIRFLOW_CTX_EXECUTION_DATE=2023-04-06T03:18:06.127168+00:00
AIRFLOW_CTX_TRY_NUMBER=1
AIRFLOW_CTX_DAG_RUN_ID=manual__2023-04-06T03:18:06.127168+00:00
[2023-04-06T03:18:08.390+0000] {subprocess.py:63} INFO - Tmp dir root location: 
 /tmp
[2023-04-06T03:18:08.393+0000] {subprocess.py:75} INFO - Running command: ['/bin/bash', '-c', 'ls -lrt']
[2023-04-06T03:18:08.410+0000] {subprocess.py:86} INFO - Output:
[2023-04-06T03:18:08.415+0000] {subprocess.py:93} INFO - total 0
[2023-04-06T03:18:08.417+0000] {subprocess.py:97} INFO - Command exited with return code 0
[2023-04-06T03:18:08.454+0000] {taskinstance.py:1332} INFO - Marking task as SUCCESS. dag_id=my_simple_dag, task_id=say_Hi, execution_date=20230406T031806, start_date=20230406T031808, end_date=20230406T031808
[2023-04-06T03:18:08.518+0000] {local_task_job.py:212} INFO - Task exited with return code 0
[2023-04-06T03:18:08.563+0000] {taskinstance.py:2596} INFO - 1 downstream tasks scheduled from follow-on schedule check
