[2023-04-08T10:16:27.670+0000] {taskinstance.py:1090} INFO - Dependencies all met for dep_context=non-requeueable deps ti=<TaskInstance: io_resto_casa.greet scheduled__2023-04-08T10:00:00+00:00 [queued]>
[2023-04-08T10:16:27.969+0000] {taskinstance.py:1090} INFO - Dependencies all met for dep_context=requeueable deps ti=<TaskInstance: io_resto_casa.greet scheduled__2023-04-08T10:00:00+00:00 [queued]>
[2023-04-08T10:16:27.993+0000] {taskinstance.py:1288} INFO - 
--------------------------------------------------------------------------------
[2023-04-08T10:16:28.010+0000] {taskinstance.py:1289} INFO - Starting attempt 1 of 3
[2023-04-08T10:16:28.013+0000] {taskinstance.py:1290} INFO - 
--------------------------------------------------------------------------------
[2023-04-08T10:16:28.331+0000] {taskinstance.py:1309} INFO - Executing <Task(PythonOperator): greet> on 2023-04-08 10:00:00+00:00
[2023-04-08T10:16:28.428+0000] {standard_task_runner.py:55} INFO - Started process 13650 to run task
[2023-04-08T10:16:28.513+0000] {standard_task_runner.py:82} INFO - Running: ['***', 'tasks', 'run', 'io_resto_casa', 'greet', 'scheduled__2023-04-08T10:00:00+00:00', '--job-id', '299', '--raw', '--subdir', 'DAGS_FOLDER/ciao.py', '--cfg-path', '/tmp/tmpi6jmb0l0']
[2023-04-08T10:16:28.551+0000] {standard_task_runner.py:83} INFO - Job 299: Subtask greet
[2023-04-08T10:16:30.550+0000] {task_command.py:389} INFO - Running <TaskInstance: io_resto_casa.greet scheduled__2023-04-08T10:00:00+00:00 [running]> on host cfece00ff772
[2023-04-08T10:16:32.765+0000] {taskinstance.py:1518} INFO - Exporting the following env vars:
AIRFLOW_CTX_DAG_OWNER=***
AIRFLOW_CTX_DAG_ID=io_resto_casa
AIRFLOW_CTX_TASK_ID=greet
AIRFLOW_CTX_EXECUTION_DATE=2023-04-08T10:00:00+00:00
AIRFLOW_CTX_TRY_NUMBER=1
AIRFLOW_CTX_DAG_RUN_ID=scheduled__2023-04-08T10:00:00+00:00
[2023-04-08T10:16:32.825+0000] {logging_mixin.py:137} INFO - Writing in file
[2023-04-08T10:16:32.841+0000] {python.py:177} INFO - Done. Returned value was: Greeted
[2023-04-08T10:16:33.318+0000] {taskinstance.py:1332} INFO - Marking task as SUCCESS. dag_id=io_resto_casa, task_id=greet, execution_date=20230408T100000, start_date=20230408T101627, end_date=20230408T101633
[2023-04-08T10:16:33.491+0000] {local_task_job.py:212} INFO - Task exited with return code 0
[2023-04-08T10:16:33.875+0000] {taskinstance.py:2596} INFO - 1 downstream tasks scheduled from follow-on schedule check
