[2023-04-06T03:29:25.829+0000] {taskinstance.py:1090} INFO - Dependencies all met for dep_context=non-requeueable deps ti=<TaskInstance: io_resto_casa.sleep_me manual__2023-04-06T03:29:18.769594+00:00 [queued]>
[2023-04-06T03:29:25.845+0000] {taskinstance.py:1090} INFO - Dependencies all met for dep_context=requeueable deps ti=<TaskInstance: io_resto_casa.sleep_me manual__2023-04-06T03:29:18.769594+00:00 [queued]>
[2023-04-06T03:29:25.847+0000] {taskinstance.py:1288} INFO - 
--------------------------------------------------------------------------------
[2023-04-06T03:29:25.848+0000] {taskinstance.py:1289} INFO - Starting attempt 1 of 1
[2023-04-06T03:29:25.850+0000] {taskinstance.py:1290} INFO - 
--------------------------------------------------------------------------------
[2023-04-06T03:29:25.875+0000] {taskinstance.py:1309} INFO - Executing <Task(BashOperator): sleep_me> on 2023-04-06 03:29:18.769594+00:00
[2023-04-06T03:29:25.884+0000] {standard_task_runner.py:55} INFO - Started process 785 to run task
[2023-04-06T03:29:25.890+0000] {standard_task_runner.py:82} INFO - Running: ['***', 'tasks', 'run', 'io_resto_casa', 'sleep_me', 'manual__2023-04-06T03:29:18.769594+00:00', '--job-id', '41', '--raw', '--subdir', 'DAGS_FOLDER/ciao.py', '--cfg-path', '/tmp/tmp69qmg7pr']
[2023-04-06T03:29:25.894+0000] {standard_task_runner.py:83} INFO - Job 41: Subtask sleep_me
[2023-04-06T03:29:26.013+0000] {task_command.py:389} INFO - Running <TaskInstance: io_resto_casa.sleep_me manual__2023-04-06T03:29:18.769594+00:00 [running]> on host cfece00ff772
[2023-04-06T03:29:26.104+0000] {taskinstance.py:1518} INFO - Exporting the following env vars:
AIRFLOW_CTX_DAG_OWNER=***
AIRFLOW_CTX_DAG_ID=io_resto_casa
AIRFLOW_CTX_TASK_ID=sleep_me
AIRFLOW_CTX_EXECUTION_DATE=2023-04-06T03:29:18.769594+00:00
AIRFLOW_CTX_TRY_NUMBER=1
AIRFLOW_CTX_DAG_RUN_ID=manual__2023-04-06T03:29:18.769594+00:00
[2023-04-06T03:29:26.108+0000] {subprocess.py:63} INFO - Tmp dir root location: 
 /tmp
[2023-04-06T03:29:26.111+0000] {subprocess.py:75} INFO - Running command: ['/bin/bash', '-c', 'sleep 5']
[2023-04-06T03:29:26.127+0000] {subprocess.py:86} INFO - Output:
[2023-04-06T03:29:31.133+0000] {subprocess.py:97} INFO - Command exited with return code 0
[2023-04-06T03:29:31.175+0000] {taskinstance.py:1332} INFO - Marking task as SUCCESS. dag_id=io_resto_casa, task_id=sleep_me, execution_date=20230406T032918, start_date=20230406T032925, end_date=20230406T032931
[2023-04-06T03:29:31.233+0000] {local_task_job.py:212} INFO - Task exited with return code 0
[2023-04-06T03:29:31.266+0000] {taskinstance.py:2596} INFO - 1 downstream tasks scheduled from follow-on schedule check
