[2023-04-08T10:09:53.190+0000] {taskinstance.py:1090} INFO - Dependencies all met for dep_context=non-requeueable deps ti=<TaskInstance: io_resto_casa.say_Hi scheduled__2023-04-07T22:40:00+00:00 [queued]>
[2023-04-08T10:09:54.608+0000] {taskinstance.py:1090} INFO - Dependencies all met for dep_context=requeueable deps ti=<TaskInstance: io_resto_casa.say_Hi scheduled__2023-04-07T22:40:00+00:00 [queued]>
[2023-04-08T10:09:54.622+0000] {taskinstance.py:1288} INFO - 
--------------------------------------------------------------------------------
[2023-04-08T10:09:54.646+0000] {taskinstance.py:1289} INFO - Starting attempt 1 of 3
[2023-04-08T10:09:54.667+0000] {taskinstance.py:1290} INFO - 
--------------------------------------------------------------------------------
[2023-04-08T10:09:58.968+0000] {taskinstance.py:1309} INFO - Executing <Task(BashOperator): say_Hi> on 2023-04-07 22:40:00+00:00
[2023-04-08T10:10:00.252+0000] {standard_task_runner.py:55} INFO - Started process 13452 to run task
[2023-04-08T10:10:00.928+0000] {standard_task_runner.py:82} INFO - Running: ['***', 'tasks', 'run', 'io_resto_casa', 'say_Hi', 'scheduled__2023-04-07T22:40:00+00:00', '--job-id', '267', '--raw', '--subdir', 'DAGS_FOLDER/ciao.py', '--cfg-path', '/tmp/tmpyg1zftkh']
[2023-04-08T10:10:01.514+0000] {standard_task_runner.py:83} INFO - Job 267: Subtask say_Hi
[2023-04-08T10:10:14.256+0000] {task_command.py:389} INFO - Running <TaskInstance: io_resto_casa.say_Hi scheduled__2023-04-07T22:40:00+00:00 [running]> on host cfece00ff772
[2023-04-08T10:10:28.065+0000] {taskinstance.py:1518} INFO - Exporting the following env vars:
AIRFLOW_CTX_DAG_OWNER=***
AIRFLOW_CTX_DAG_ID=io_resto_casa
AIRFLOW_CTX_TASK_ID=say_Hi
AIRFLOW_CTX_EXECUTION_DATE=2023-04-07T22:40:00+00:00
AIRFLOW_CTX_TRY_NUMBER=1
AIRFLOW_CTX_DAG_RUN_ID=scheduled__2023-04-07T22:40:00+00:00
[2023-04-08T10:10:28.257+0000] {subprocess.py:63} INFO - Tmp dir root location: 
 /tmp
[2023-04-08T10:10:28.348+0000] {subprocess.py:75} INFO - Running command: ['/bin/bash', '-c', 'echo "Doing Hi in Italian!!"']
[2023-04-08T10:10:31.426+0000] {subprocess.py:86} INFO - Output:
[2023-04-08T10:10:31.748+0000] {subprocess.py:93} INFO - Doing Hi in Italian!!
[2023-04-08T10:10:31.756+0000] {subprocess.py:97} INFO - Command exited with return code 0
[2023-04-08T10:10:32.902+0000] {taskinstance.py:1332} INFO - Marking task as SUCCESS. dag_id=io_resto_casa, task_id=say_Hi, execution_date=20230407T224000, start_date=20230408T100953, end_date=20230408T101032
[2023-04-08T10:10:37.214+0000] {local_task_job.py:212} INFO - Task exited with return code 0
[2023-04-08T10:10:40.092+0000] {taskinstance.py:2596} INFO - 0 downstream tasks scheduled from follow-on schedule check
