[2023-04-08T07:08:26.674+0000] {taskinstance.py:1090} INFO - Dependencies all met for dep_context=non-requeueable deps ti=<TaskInstance: io_resto_casa.say_Hi scheduled__2023-04-06T16:20:00+00:00 [queued]>
[2023-04-08T07:08:33.043+0000] {taskinstance.py:1090} INFO - Dependencies all met for dep_context=requeueable deps ti=<TaskInstance: io_resto_casa.say_Hi scheduled__2023-04-06T16:20:00+00:00 [queued]>
[2023-04-08T07:08:33.048+0000] {taskinstance.py:1288} INFO - 
--------------------------------------------------------------------------------
[2023-04-08T07:08:33.052+0000] {taskinstance.py:1289} INFO - Starting attempt 1 of 3
[2023-04-08T07:08:33.056+0000] {taskinstance.py:1290} INFO - 
--------------------------------------------------------------------------------
[2023-04-08T07:08:48.069+0000] {taskinstance.py:1309} INFO - Executing <Task(BashOperator): say_Hi> on 2023-04-06 16:20:00+00:00
[2023-04-08T07:08:50.303+0000] {standard_task_runner.py:55} INFO - Started process 13289 to run task
[2023-04-08T07:08:54.262+0000] {standard_task_runner.py:82} INFO - Running: ['***', 'tasks', 'run', 'io_resto_casa', 'say_Hi', 'scheduled__2023-04-06T16:20:00+00:00', '--job-id', '252', '--raw', '--subdir', 'DAGS_FOLDER/ciao.py', '--cfg-path', '/tmp/tmpa1gohgk5']
[2023-04-08T07:08:57.532+0000] {standard_task_runner.py:83} INFO - Job 252: Subtask say_Hi
[2023-04-08T07:09:03.894+0000] {task_command.py:389} INFO - Running <TaskInstance: io_resto_casa.say_Hi scheduled__2023-04-06T16:20:00+00:00 [running]> on host cfece00ff772
[2023-04-08T07:09:08.698+0000] {taskinstance.py:1518} INFO - Exporting the following env vars:
AIRFLOW_CTX_DAG_OWNER=***
AIRFLOW_CTX_DAG_ID=io_resto_casa
AIRFLOW_CTX_TASK_ID=say_Hi
AIRFLOW_CTX_EXECUTION_DATE=2023-04-06T16:20:00+00:00
AIRFLOW_CTX_TRY_NUMBER=1
AIRFLOW_CTX_DAG_RUN_ID=scheduled__2023-04-06T16:20:00+00:00
[2023-04-08T07:09:09.037+0000] {subprocess.py:63} INFO - Tmp dir root location: 
 /tmp
[2023-04-08T07:09:09.186+0000] {subprocess.py:75} INFO - Running command: ['/bin/bash', '-c', 'echo "Doing Hi in Italian!!"']
[2023-04-08T07:09:10.512+0000] {subprocess.py:86} INFO - Output:
[2023-04-08T07:09:10.686+0000] {subprocess.py:93} INFO - Doing Hi in Italian!!
[2023-04-08T07:09:10.718+0000] {subprocess.py:97} INFO - Command exited with return code 0
[2023-04-08T07:09:13.183+0000] {taskinstance.py:1332} INFO - Marking task as SUCCESS. dag_id=io_resto_casa, task_id=say_Hi, execution_date=20230406T162000, start_date=20230408T070830, end_date=20230408T070913
[2023-04-08T07:09:15.298+0000] {local_task_job.py:212} INFO - Task exited with return code 0
[2023-04-08T07:09:19.464+0000] {taskinstance.py:2596} INFO - 0 downstream tasks scheduled from follow-on schedule check
