[2023-04-06T06:40:05.943+0000] {taskinstance.py:1090} INFO - Dependencies all met for dep_context=non-requeueable deps ti=<TaskInstance: io_resto_casa.sleep_me scheduled__2023-04-06T06:30:00+00:00 [queued]>
[2023-04-06T06:40:05.955+0000] {taskinstance.py:1090} INFO - Dependencies all met for dep_context=requeueable deps ti=<TaskInstance: io_resto_casa.sleep_me scheduled__2023-04-06T06:30:00+00:00 [queued]>
[2023-04-06T06:40:05.957+0000] {taskinstance.py:1288} INFO - 
--------------------------------------------------------------------------------
[2023-04-06T06:40:05.958+0000] {taskinstance.py:1289} INFO - Starting attempt 1 of 3
[2023-04-06T06:40:05.960+0000] {taskinstance.py:1290} INFO - 
--------------------------------------------------------------------------------
[2023-04-06T06:40:05.980+0000] {taskinstance.py:1309} INFO - Executing <Task(BashOperator): sleep_me> on 2023-04-06 06:30:00+00:00
[2023-04-06T06:40:05.987+0000] {standard_task_runner.py:55} INFO - Started process 5592 to run task
[2023-04-06T06:40:05.991+0000] {standard_task_runner.py:82} INFO - Running: ['***', 'tasks', 'run', 'io_resto_casa', 'sleep_me', 'scheduled__2023-04-06T06:30:00+00:00', '--job-id', '121', '--raw', '--subdir', 'DAGS_FOLDER/ciao.py', '--cfg-path', '/tmp/tmpabaynq9a']
[2023-04-06T06:40:05.995+0000] {standard_task_runner.py:83} INFO - Job 121: Subtask sleep_me
[2023-04-06T06:40:06.094+0000] {task_command.py:389} INFO - Running <TaskInstance: io_resto_casa.sleep_me scheduled__2023-04-06T06:30:00+00:00 [running]> on host cfece00ff772
[2023-04-06T06:40:06.190+0000] {taskinstance.py:1518} INFO - Exporting the following env vars:
AIRFLOW_CTX_DAG_OWNER=***
AIRFLOW_CTX_DAG_ID=io_resto_casa
AIRFLOW_CTX_TASK_ID=sleep_me
AIRFLOW_CTX_EXECUTION_DATE=2023-04-06T06:30:00+00:00
AIRFLOW_CTX_TRY_NUMBER=1
AIRFLOW_CTX_DAG_RUN_ID=scheduled__2023-04-06T06:30:00+00:00
[2023-04-06T06:40:06.193+0000] {subprocess.py:63} INFO - Tmp dir root location: 
 /tmp
[2023-04-06T06:40:06.195+0000] {subprocess.py:75} INFO - Running command: ['/bin/bash', '-c', 'sleep 5']
[2023-04-06T06:40:06.218+0000] {subprocess.py:86} INFO - Output:
[2023-04-06T06:40:11.223+0000] {subprocess.py:97} INFO - Command exited with return code 0
[2023-04-06T06:40:11.256+0000] {taskinstance.py:1332} INFO - Marking task as SUCCESS. dag_id=io_resto_casa, task_id=sleep_me, execution_date=20230406T063000, start_date=20230406T064005, end_date=20230406T064011
[2023-04-06T06:40:11.293+0000] {local_task_job.py:212} INFO - Task exited with return code 0
[2023-04-06T06:40:11.324+0000] {taskinstance.py:2596} INFO - 1 downstream tasks scheduled from follow-on schedule check
