[2023-04-08T10:13:32.156+0000] {taskinstance.py:1090} INFO - Dependencies all met for dep_context=non-requeueable deps ti=<TaskInstance: io_resto_casa.sleep_me scheduled__2023-04-06T14:10:00+00:00 [queued]>
[2023-04-08T10:13:35.405+0000] {taskinstance.py:1090} INFO - Dependencies all met for dep_context=requeueable deps ti=<TaskInstance: io_resto_casa.sleep_me scheduled__2023-04-06T14:10:00+00:00 [queued]>
[2023-04-08T10:13:35.645+0000] {taskinstance.py:1288} INFO - 
--------------------------------------------------------------------------------
[2023-04-08T10:13:35.672+0000] {taskinstance.py:1289} INFO - Starting attempt 1 of 3
[2023-04-08T10:13:35.675+0000] {taskinstance.py:1290} INFO - 
--------------------------------------------------------------------------------
[2023-04-08T10:13:38.507+0000] {taskinstance.py:1309} INFO - Executing <Task(BashOperator): sleep_me> on 2023-04-06 14:10:00+00:00
[2023-04-08T10:13:40.199+0000] {standard_task_runner.py:55} INFO - Started process 13548 to run task
[2023-04-08T10:13:41.103+0000] {standard_task_runner.py:82} INFO - Running: ['***', 'tasks', 'run', 'io_resto_casa', 'sleep_me', 'scheduled__2023-04-06T14:10:00+00:00', '--job-id', '279', '--raw', '--subdir', 'DAGS_FOLDER/ciao.py', '--cfg-path', '/tmp/tmpb9vembbw']
[2023-04-08T10:13:41.777+0000] {standard_task_runner.py:83} INFO - Job 279: Subtask sleep_me
[2023-04-08T10:14:04.824+0000] {task_command.py:389} INFO - Running <TaskInstance: io_resto_casa.sleep_me scheduled__2023-04-06T14:10:00+00:00 [running]> on host cfece00ff772
[2023-04-08T10:14:14.110+0000] {taskinstance.py:1518} INFO - Exporting the following env vars:
AIRFLOW_CTX_DAG_OWNER=***
AIRFLOW_CTX_DAG_ID=io_resto_casa
AIRFLOW_CTX_TASK_ID=sleep_me
AIRFLOW_CTX_EXECUTION_DATE=2023-04-06T14:10:00+00:00
AIRFLOW_CTX_TRY_NUMBER=1
AIRFLOW_CTX_DAG_RUN_ID=scheduled__2023-04-06T14:10:00+00:00
[2023-04-08T10:14:15.248+0000] {subprocess.py:63} INFO - Tmp dir root location: 
 /tmp
[2023-04-08T10:14:15.420+0000] {subprocess.py:75} INFO - Running command: ['/bin/bash', '-c', 'sleep 5']
[2023-04-08T10:14:16.350+0000] {subprocess.py:86} INFO - Output:
[2023-04-08T10:14:22.047+0000] {subprocess.py:97} INFO - Command exited with return code 0
[2023-04-08T10:14:46.248+0000] {taskinstance.py:1332} INFO - Marking task as SUCCESS. dag_id=io_resto_casa, task_id=sleep_me, execution_date=20230406T141000, start_date=20230408T101332, end_date=20230408T101446
[2023-04-08T10:14:58.374+0000] {local_task_job.py:277} WARNING - State of this instance has been externally set to success. Terminating instance.
[2023-04-08T10:15:00.717+0000] {process_utils.py:133} INFO - Sending Signals.SIGTERM to group 13548. PIDs of all processes in the group: [13548]
[2023-04-08T10:15:01.320+0000] {process_utils.py:84} INFO - Sending the signal Signals.SIGTERM to group 13548
[2023-04-08T10:15:01.771+0000] {process_utils.py:79} INFO - Process psutil.Process(pid=13548, status='terminated', exitcode=0, started='10:13:39') (13548) terminated with exit code 0
