[2023-04-08T07:06:34.005+0000] {processor.py:153} INFO - Started process (PID=48334) to work on /home/airflow/.local/lib/python3.7/site-packages/airflow/example_dags/example_sla_dag.py
[2023-04-08T07:06:34.029+0000] {processor.py:743} INFO - Processing file /home/airflow/.local/lib/python3.7/site-packages/airflow/example_dags/example_sla_dag.py for tasks to queue
[2023-04-08T07:06:34.036+0000] {logging_mixin.py:137} INFO - [2023-04-08T07:06:34.035+0000] {dagbag.py:532} INFO - Filling up the DagBag from /home/airflow/.local/lib/python3.7/site-packages/airflow/example_dags/example_sla_dag.py
[2023-04-08T07:06:34.129+0000] {processor.py:753} INFO - DAG(s) dict_keys(['example_sla_dag']) retrieved from /home/airflow/.local/lib/python3.7/site-packages/airflow/example_dags/example_sla_dag.py
[2023-04-08T07:06:34.250+0000] {logging_mixin.py:137} INFO - [2023-04-08T07:06:34.250+0000] {dag.py:2705} INFO - Sync 1 DAGs
[2023-04-08T07:06:34.496+0000] {logging_mixin.py:137} INFO - [2023-04-08T07:06:34.495+0000] {dag.py:3456} INFO - Setting next_dagrun for example_sla_dag to 2023-04-08T07:04:00+00:00, run_after=2023-04-08T07:06:00+00:00
[2023-04-08T07:06:34.669+0000] {processor.py:175} INFO - Processing /home/airflow/.local/lib/python3.7/site-packages/airflow/example_dags/example_sla_dag.py took 0.683 seconds
[2023-04-08T07:07:14.671+0000] {processor.py:153} INFO - Started process (PID=48392) to work on /home/airflow/.local/lib/python3.7/site-packages/airflow/example_dags/example_sla_dag.py
[2023-04-08T07:07:14.683+0000] {processor.py:743} INFO - Processing file /home/airflow/.local/lib/python3.7/site-packages/airflow/example_dags/example_sla_dag.py for tasks to queue
[2023-04-08T07:07:14.690+0000] {logging_mixin.py:137} INFO - [2023-04-08T07:07:14.689+0000] {dagbag.py:532} INFO - Filling up the DagBag from /home/airflow/.local/lib/python3.7/site-packages/airflow/example_dags/example_sla_dag.py
[2023-04-08T07:07:14.775+0000] {processor.py:753} INFO - DAG(s) dict_keys(['example_sla_dag']) retrieved from /home/airflow/.local/lib/python3.7/site-packages/airflow/example_dags/example_sla_dag.py
[2023-04-08T07:07:14.901+0000] {logging_mixin.py:137} INFO - [2023-04-08T07:07:14.900+0000] {dag.py:2705} INFO - Sync 1 DAGs
[2023-04-08T07:07:14.983+0000] {logging_mixin.py:137} INFO - [2023-04-08T07:07:14.982+0000] {dag.py:3456} INFO - Setting next_dagrun for example_sla_dag to 2023-04-08T07:04:00+00:00, run_after=2023-04-08T07:06:00+00:00
[2023-04-08T07:07:15.389+0000] {processor.py:175} INFO - Processing /home/airflow/.local/lib/python3.7/site-packages/airflow/example_dags/example_sla_dag.py took 0.738 seconds
[2023-04-08T07:07:51.354+0000] {processor.py:153} INFO - Started process (PID=48443) to work on /home/airflow/.local/lib/python3.7/site-packages/airflow/example_dags/example_sla_dag.py
[2023-04-08T07:07:51.379+0000] {processor.py:743} INFO - Processing file /home/airflow/.local/lib/python3.7/site-packages/airflow/example_dags/example_sla_dag.py for tasks to queue
[2023-04-08T07:07:51.394+0000] {logging_mixin.py:137} INFO - [2023-04-08T07:07:51.393+0000] {dagbag.py:532} INFO - Filling up the DagBag from /home/airflow/.local/lib/python3.7/site-packages/airflow/example_dags/example_sla_dag.py
[2023-04-08T07:07:51.560+0000] {processor.py:753} INFO - DAG(s) dict_keys(['example_sla_dag']) retrieved from /home/airflow/.local/lib/python3.7/site-packages/airflow/example_dags/example_sla_dag.py
[2023-04-08T07:07:51.948+0000] {logging_mixin.py:137} INFO - [2023-04-08T07:07:51.947+0000] {dag.py:2705} INFO - Sync 1 DAGs
[2023-04-08T07:07:53.243+0000] {logging_mixin.py:137} INFO - [2023-04-08T07:07:53.242+0000] {dag.py:3456} INFO - Setting next_dagrun for example_sla_dag to 2023-04-08T07:04:00+00:00, run_after=2023-04-08T07:06:00+00:00
[2023-04-08T07:07:53.685+0000] {processor.py:175} INFO - Processing /home/airflow/.local/lib/python3.7/site-packages/airflow/example_dags/example_sla_dag.py took 2.353 seconds
[2023-04-08T07:08:25.013+0000] {processor.py:153} INFO - Started process (PID=48492) to work on /home/airflow/.local/lib/python3.7/site-packages/airflow/example_dags/example_sla_dag.py
[2023-04-08T07:08:25.038+0000] {processor.py:743} INFO - Processing file /home/airflow/.local/lib/python3.7/site-packages/airflow/example_dags/example_sla_dag.py for tasks to queue
[2023-04-08T07:08:25.047+0000] {logging_mixin.py:137} INFO - [2023-04-08T07:08:25.046+0000] {dagbag.py:532} INFO - Filling up the DagBag from /home/airflow/.local/lib/python3.7/site-packages/airflow/example_dags/example_sla_dag.py
[2023-04-08T07:08:25.252+0000] {processor.py:753} INFO - DAG(s) dict_keys(['example_sla_dag']) retrieved from /home/airflow/.local/lib/python3.7/site-packages/airflow/example_dags/example_sla_dag.py
[2023-04-08T07:08:25.491+0000] {logging_mixin.py:137} INFO - [2023-04-08T07:08:25.489+0000] {dag.py:2705} INFO - Sync 1 DAGs
[2023-04-08T07:08:25.879+0000] {logging_mixin.py:137} INFO - [2023-04-08T07:08:25.878+0000] {dag.py:3456} INFO - Setting next_dagrun for example_sla_dag to 2023-04-08T07:06:00+00:00, run_after=2023-04-08T07:08:00+00:00
[2023-04-08T07:08:26.035+0000] {processor.py:175} INFO - Processing /home/airflow/.local/lib/python3.7/site-packages/airflow/example_dags/example_sla_dag.py took 1.261 seconds
[2023-04-08T07:09:04.767+0000] {processor.py:153} INFO - Started process (PID=48538) to work on /home/airflow/.local/lib/python3.7/site-packages/airflow/example_dags/example_sla_dag.py
[2023-04-08T07:09:04.772+0000] {processor.py:743} INFO - Processing file /home/airflow/.local/lib/python3.7/site-packages/airflow/example_dags/example_sla_dag.py for tasks to queue
[2023-04-08T07:09:04.779+0000] {logging_mixin.py:137} INFO - [2023-04-08T07:09:04.778+0000] {dagbag.py:532} INFO - Filling up the DagBag from /home/airflow/.local/lib/python3.7/site-packages/airflow/example_dags/example_sla_dag.py
[2023-04-08T07:09:04.925+0000] {processor.py:753} INFO - DAG(s) dict_keys(['example_sla_dag']) retrieved from /home/airflow/.local/lib/python3.7/site-packages/airflow/example_dags/example_sla_dag.py
[2023-04-08T07:09:05.134+0000] {logging_mixin.py:137} INFO - [2023-04-08T07:09:05.122+0000] {dag.py:2705} INFO - Sync 1 DAGs
[2023-04-08T07:09:05.378+0000] {logging_mixin.py:137} INFO - [2023-04-08T07:09:05.377+0000] {dag.py:3456} INFO - Setting next_dagrun for example_sla_dag to 2023-04-08T07:06:00+00:00, run_after=2023-04-08T07:08:00+00:00
[2023-04-08T07:09:05.530+0000] {processor.py:175} INFO - Processing /home/airflow/.local/lib/python3.7/site-packages/airflow/example_dags/example_sla_dag.py took 0.774 seconds
[2023-04-08T08:07:21.712+0000] {processor.py:153} INFO - Started process (PID=48646) to work on /home/airflow/.local/lib/python3.7/site-packages/airflow/example_dags/example_sla_dag.py
[2023-04-08T08:07:21.723+0000] {processor.py:743} INFO - Processing file /home/airflow/.local/lib/python3.7/site-packages/airflow/example_dags/example_sla_dag.py for tasks to queue
[2023-04-08T08:07:21.745+0000] {logging_mixin.py:137} INFO - [2023-04-08T08:07:21.744+0000] {dagbag.py:532} INFO - Filling up the DagBag from /home/airflow/.local/lib/python3.7/site-packages/airflow/example_dags/example_sla_dag.py
[2023-04-08T08:07:21.933+0000] {processor.py:753} INFO - DAG(s) dict_keys(['example_sla_dag']) retrieved from /home/airflow/.local/lib/python3.7/site-packages/airflow/example_dags/example_sla_dag.py
[2023-04-08T08:07:22.113+0000] {logging_mixin.py:137} INFO - [2023-04-08T08:07:22.112+0000] {dag.py:2705} INFO - Sync 1 DAGs
[2023-04-08T08:07:22.388+0000] {logging_mixin.py:137} INFO - [2023-04-08T08:07:22.388+0000] {dag.py:3456} INFO - Setting next_dagrun for example_sla_dag to 2023-04-08T08:04:00+00:00, run_after=2023-04-08T08:06:00+00:00
[2023-04-08T08:07:22.575+0000] {processor.py:175} INFO - Processing /home/airflow/.local/lib/python3.7/site-packages/airflow/example_dags/example_sla_dag.py took 0.948 seconds
[2023-04-08T09:04:50.838+0000] {processor.py:153} INFO - Started process (PID=48718) to work on /home/airflow/.local/lib/python3.7/site-packages/airflow/example_dags/example_sla_dag.py
[2023-04-08T09:04:50.976+0000] {processor.py:743} INFO - Processing file /home/airflow/.local/lib/python3.7/site-packages/airflow/example_dags/example_sla_dag.py for tasks to queue
[2023-04-08T09:04:51.171+0000] {logging_mixin.py:137} INFO - [2023-04-08T09:04:51.170+0000] {dagbag.py:532} INFO - Filling up the DagBag from /home/airflow/.local/lib/python3.7/site-packages/airflow/example_dags/example_sla_dag.py
[2023-04-08T09:04:53.610+0000] {processor.py:753} INFO - DAG(s) dict_keys(['example_sla_dag']) retrieved from /home/airflow/.local/lib/python3.7/site-packages/airflow/example_dags/example_sla_dag.py
[2023-04-08T09:05:00.736+0000] {logging_mixin.py:137} INFO - [2023-04-08T09:05:00.731+0000] {dag.py:2705} INFO - Sync 1 DAGs
[2023-04-08T09:05:08.532+0000] {logging_mixin.py:137} INFO - [2023-04-08T09:05:08.446+0000] {dag.py:3456} INFO - Setting next_dagrun for example_sla_dag to 2023-04-08T09:02:00+00:00, run_after=2023-04-08T09:04:00+00:00
[2023-04-08T09:05:09.988+0000] {processor.py:175} INFO - Processing /home/airflow/.local/lib/python3.7/site-packages/airflow/example_dags/example_sla_dag.py took 20.357 seconds
[2023-04-08T10:09:46.999+0000] {processor.py:153} INFO - Started process (PID=48833) to work on /home/airflow/.local/lib/python3.7/site-packages/airflow/example_dags/example_sla_dag.py
[2023-04-08T10:09:47.010+0000] {processor.py:743} INFO - Processing file /home/airflow/.local/lib/python3.7/site-packages/airflow/example_dags/example_sla_dag.py for tasks to queue
[2023-04-08T10:09:47.020+0000] {logging_mixin.py:137} INFO - [2023-04-08T10:09:47.018+0000] {dagbag.py:532} INFO - Filling up the DagBag from /home/airflow/.local/lib/python3.7/site-packages/airflow/example_dags/example_sla_dag.py
[2023-04-08T10:09:47.594+0000] {processor.py:753} INFO - DAG(s) dict_keys(['example_sla_dag']) retrieved from /home/airflow/.local/lib/python3.7/site-packages/airflow/example_dags/example_sla_dag.py
[2023-04-08T10:09:48.075+0000] {logging_mixin.py:137} INFO - [2023-04-08T10:09:48.074+0000] {dag.py:2705} INFO - Sync 1 DAGs
[2023-04-08T10:09:48.553+0000] {logging_mixin.py:137} INFO - [2023-04-08T10:09:48.550+0000] {dag.py:3456} INFO - Setting next_dagrun for example_sla_dag to 2023-04-08T10:06:00+00:00, run_after=2023-04-08T10:08:00+00:00
[2023-04-08T10:09:48.771+0000] {processor.py:175} INFO - Processing /home/airflow/.local/lib/python3.7/site-packages/airflow/example_dags/example_sla_dag.py took 1.818 seconds
[2023-04-08T10:10:22.755+0000] {processor.py:153} INFO - Started process (PID=48884) to work on /home/airflow/.local/lib/python3.7/site-packages/airflow/example_dags/example_sla_dag.py
[2023-04-08T10:10:22.782+0000] {processor.py:743} INFO - Processing file /home/airflow/.local/lib/python3.7/site-packages/airflow/example_dags/example_sla_dag.py for tasks to queue
[2023-04-08T10:10:22.837+0000] {logging_mixin.py:137} INFO - [2023-04-08T10:10:22.814+0000] {dagbag.py:532} INFO - Filling up the DagBag from /home/airflow/.local/lib/python3.7/site-packages/airflow/example_dags/example_sla_dag.py
[2023-04-08T10:10:23.207+0000] {processor.py:753} INFO - DAG(s) dict_keys(['example_sla_dag']) retrieved from /home/airflow/.local/lib/python3.7/site-packages/airflow/example_dags/example_sla_dag.py
[2023-04-08T10:10:23.429+0000] {logging_mixin.py:137} INFO - [2023-04-08T10:10:23.428+0000] {dag.py:2705} INFO - Sync 1 DAGs
[2023-04-08T10:10:23.632+0000] {logging_mixin.py:137} INFO - [2023-04-08T10:10:23.632+0000] {dag.py:3456} INFO - Setting next_dagrun for example_sla_dag to 2023-04-08T10:08:00+00:00, run_after=2023-04-08T10:10:00+00:00
[2023-04-08T10:10:23.734+0000] {processor.py:175} INFO - Processing /home/airflow/.local/lib/python3.7/site-packages/airflow/example_dags/example_sla_dag.py took 1.052 seconds
[2023-04-08T10:10:56.360+0000] {processor.py:153} INFO - Started process (PID=48942) to work on /home/airflow/.local/lib/python3.7/site-packages/airflow/example_dags/example_sla_dag.py
[2023-04-08T10:10:56.371+0000] {processor.py:743} INFO - Processing file /home/airflow/.local/lib/python3.7/site-packages/airflow/example_dags/example_sla_dag.py for tasks to queue
[2023-04-08T10:10:56.388+0000] {logging_mixin.py:137} INFO - [2023-04-08T10:10:56.388+0000] {dagbag.py:532} INFO - Filling up the DagBag from /home/airflow/.local/lib/python3.7/site-packages/airflow/example_dags/example_sla_dag.py
[2023-04-08T10:10:56.521+0000] {processor.py:753} INFO - DAG(s) dict_keys(['example_sla_dag']) retrieved from /home/airflow/.local/lib/python3.7/site-packages/airflow/example_dags/example_sla_dag.py
[2023-04-08T10:10:56.755+0000] {logging_mixin.py:137} INFO - [2023-04-08T10:10:56.754+0000] {dag.py:2705} INFO - Sync 1 DAGs
[2023-04-08T10:10:56.947+0000] {logging_mixin.py:137} INFO - [2023-04-08T10:10:56.947+0000] {dag.py:3456} INFO - Setting next_dagrun for example_sla_dag to 2023-04-08T10:08:00+00:00, run_after=2023-04-08T10:10:00+00:00
[2023-04-08T10:10:57.112+0000] {processor.py:175} INFO - Processing /home/airflow/.local/lib/python3.7/site-packages/airflow/example_dags/example_sla_dag.py took 0.776 seconds
[2023-04-08T10:11:37.979+0000] {processor.py:153} INFO - Started process (PID=48998) to work on /home/airflow/.local/lib/python3.7/site-packages/airflow/example_dags/example_sla_dag.py
[2023-04-08T10:11:38.045+0000] {processor.py:743} INFO - Processing file /home/airflow/.local/lib/python3.7/site-packages/airflow/example_dags/example_sla_dag.py for tasks to queue
[2023-04-08T10:11:38.072+0000] {logging_mixin.py:137} INFO - [2023-04-08T10:11:38.070+0000] {dagbag.py:532} INFO - Filling up the DagBag from /home/airflow/.local/lib/python3.7/site-packages/airflow/example_dags/example_sla_dag.py
[2023-04-08T10:11:38.364+0000] {processor.py:753} INFO - DAG(s) dict_keys(['example_sla_dag']) retrieved from /home/airflow/.local/lib/python3.7/site-packages/airflow/example_dags/example_sla_dag.py
[2023-04-08T10:11:38.766+0000] {logging_mixin.py:137} INFO - [2023-04-08T10:11:38.766+0000] {dag.py:2705} INFO - Sync 1 DAGs
[2023-04-08T10:11:39.100+0000] {logging_mixin.py:137} INFO - [2023-04-08T10:11:39.100+0000] {dag.py:3456} INFO - Setting next_dagrun for example_sla_dag to 2023-04-08T10:08:00+00:00, run_after=2023-04-08T10:10:00+00:00
[2023-04-08T10:11:39.257+0000] {processor.py:175} INFO - Processing /home/airflow/.local/lib/python3.7/site-packages/airflow/example_dags/example_sla_dag.py took 1.319 seconds
[2023-04-08T10:12:15.448+0000] {processor.py:153} INFO - Started process (PID=49049) to work on /home/airflow/.local/lib/python3.7/site-packages/airflow/example_dags/example_sla_dag.py
[2023-04-08T10:12:15.455+0000] {processor.py:743} INFO - Processing file /home/airflow/.local/lib/python3.7/site-packages/airflow/example_dags/example_sla_dag.py for tasks to queue
[2023-04-08T10:12:15.462+0000] {logging_mixin.py:137} INFO - [2023-04-08T10:12:15.462+0000] {dagbag.py:532} INFO - Filling up the DagBag from /home/airflow/.local/lib/python3.7/site-packages/airflow/example_dags/example_sla_dag.py
[2023-04-08T10:12:15.774+0000] {processor.py:753} INFO - DAG(s) dict_keys(['example_sla_dag']) retrieved from /home/airflow/.local/lib/python3.7/site-packages/airflow/example_dags/example_sla_dag.py
[2023-04-08T10:12:16.064+0000] {logging_mixin.py:137} INFO - [2023-04-08T10:12:16.063+0000] {dag.py:2705} INFO - Sync 1 DAGs
[2023-04-08T10:12:16.354+0000] {logging_mixin.py:137} INFO - [2023-04-08T10:12:16.354+0000] {dag.py:3456} INFO - Setting next_dagrun for example_sla_dag to 2023-04-08T10:10:00+00:00, run_after=2023-04-08T10:12:00+00:00
[2023-04-08T10:12:16.515+0000] {processor.py:175} INFO - Processing /home/airflow/.local/lib/python3.7/site-packages/airflow/example_dags/example_sla_dag.py took 1.093 seconds
[2023-04-08T10:13:03.894+0000] {processor.py:153} INFO - Started process (PID=49107) to work on /home/airflow/.local/lib/python3.7/site-packages/airflow/example_dags/example_sla_dag.py
[2023-04-08T10:13:03.910+0000] {processor.py:743} INFO - Processing file /home/airflow/.local/lib/python3.7/site-packages/airflow/example_dags/example_sla_dag.py for tasks to queue
[2023-04-08T10:13:03.918+0000] {logging_mixin.py:137} INFO - [2023-04-08T10:13:03.918+0000] {dagbag.py:532} INFO - Filling up the DagBag from /home/airflow/.local/lib/python3.7/site-packages/airflow/example_dags/example_sla_dag.py
[2023-04-08T10:13:04.220+0000] {processor.py:753} INFO - DAG(s) dict_keys(['example_sla_dag']) retrieved from /home/airflow/.local/lib/python3.7/site-packages/airflow/example_dags/example_sla_dag.py
[2023-04-08T10:13:04.564+0000] {logging_mixin.py:137} INFO - [2023-04-08T10:13:04.563+0000] {dag.py:2705} INFO - Sync 1 DAGs
[2023-04-08T10:13:05.028+0000] {logging_mixin.py:137} INFO - [2023-04-08T10:13:04.995+0000] {dag.py:3456} INFO - Setting next_dagrun for example_sla_dag to 2023-04-08T10:10:00+00:00, run_after=2023-04-08T10:12:00+00:00
[2023-04-08T10:13:05.360+0000] {processor.py:175} INFO - Processing /home/airflow/.local/lib/python3.7/site-packages/airflow/example_dags/example_sla_dag.py took 1.540 seconds
[2023-04-08T10:13:57.330+0000] {processor.py:153} INFO - Started process (PID=49157) to work on /home/airflow/.local/lib/python3.7/site-packages/airflow/example_dags/example_sla_dag.py
[2023-04-08T10:13:57.351+0000] {processor.py:743} INFO - Processing file /home/airflow/.local/lib/python3.7/site-packages/airflow/example_dags/example_sla_dag.py for tasks to queue
[2023-04-08T10:13:57.357+0000] {logging_mixin.py:137} INFO - [2023-04-08T10:13:57.356+0000] {dagbag.py:532} INFO - Filling up the DagBag from /home/airflow/.local/lib/python3.7/site-packages/airflow/example_dags/example_sla_dag.py
[2023-04-08T10:13:57.632+0000] {processor.py:753} INFO - DAG(s) dict_keys(['example_sla_dag']) retrieved from /home/airflow/.local/lib/python3.7/site-packages/airflow/example_dags/example_sla_dag.py
[2023-04-08T10:13:57.866+0000] {logging_mixin.py:137} INFO - [2023-04-08T10:13:57.866+0000] {dag.py:2705} INFO - Sync 1 DAGs
[2023-04-08T10:13:58.680+0000] {logging_mixin.py:137} INFO - [2023-04-08T10:13:58.680+0000] {dag.py:3456} INFO - Setting next_dagrun for example_sla_dag to 2023-04-08T10:10:00+00:00, run_after=2023-04-08T10:12:00+00:00
[2023-04-08T10:13:58.787+0000] {processor.py:175} INFO - Processing /home/airflow/.local/lib/python3.7/site-packages/airflow/example_dags/example_sla_dag.py took 1.552 seconds
[2023-04-08T10:14:46.260+0000] {processor.py:153} INFO - Started process (PID=49216) to work on /home/airflow/.local/lib/python3.7/site-packages/airflow/example_dags/example_sla_dag.py
[2023-04-08T10:14:46.268+0000] {processor.py:743} INFO - Processing file /home/airflow/.local/lib/python3.7/site-packages/airflow/example_dags/example_sla_dag.py for tasks to queue
[2023-04-08T10:14:46.271+0000] {logging_mixin.py:137} INFO - [2023-04-08T10:14:46.271+0000] {dagbag.py:532} INFO - Filling up the DagBag from /home/airflow/.local/lib/python3.7/site-packages/airflow/example_dags/example_sla_dag.py
[2023-04-08T10:14:46.359+0000] {processor.py:753} INFO - DAG(s) dict_keys(['example_sla_dag']) retrieved from /home/airflow/.local/lib/python3.7/site-packages/airflow/example_dags/example_sla_dag.py
[2023-04-08T10:14:46.557+0000] {logging_mixin.py:137} INFO - [2023-04-08T10:14:46.555+0000] {dag.py:2705} INFO - Sync 1 DAGs
[2023-04-08T10:14:46.888+0000] {logging_mixin.py:137} INFO - [2023-04-08T10:14:46.887+0000] {dag.py:3456} INFO - Setting next_dagrun for example_sla_dag to 2023-04-08T10:12:00+00:00, run_after=2023-04-08T10:14:00+00:00
[2023-04-08T10:14:47.257+0000] {processor.py:175} INFO - Processing /home/airflow/.local/lib/python3.7/site-packages/airflow/example_dags/example_sla_dag.py took 1.021 seconds
[2023-04-08T10:15:24.730+0000] {processor.py:153} INFO - Started process (PID=49271) to work on /home/airflow/.local/lib/python3.7/site-packages/airflow/example_dags/example_sla_dag.py
[2023-04-08T10:15:24.753+0000] {processor.py:743} INFO - Processing file /home/airflow/.local/lib/python3.7/site-packages/airflow/example_dags/example_sla_dag.py for tasks to queue
[2023-04-08T10:15:24.775+0000] {logging_mixin.py:137} INFO - [2023-04-08T10:15:24.770+0000] {dagbag.py:532} INFO - Filling up the DagBag from /home/airflow/.local/lib/python3.7/site-packages/airflow/example_dags/example_sla_dag.py
[2023-04-08T10:15:25.071+0000] {processor.py:753} INFO - DAG(s) dict_keys(['example_sla_dag']) retrieved from /home/airflow/.local/lib/python3.7/site-packages/airflow/example_dags/example_sla_dag.py
[2023-04-08T10:15:25.268+0000] {logging_mixin.py:137} INFO - [2023-04-08T10:15:25.267+0000] {dag.py:2705} INFO - Sync 1 DAGs
[2023-04-08T10:15:25.450+0000] {logging_mixin.py:137} INFO - [2023-04-08T10:15:25.449+0000] {dag.py:3456} INFO - Setting next_dagrun for example_sla_dag to 2023-04-08T10:12:00+00:00, run_after=2023-04-08T10:14:00+00:00
[2023-04-08T10:15:25.570+0000] {processor.py:175} INFO - Processing /home/airflow/.local/lib/python3.7/site-packages/airflow/example_dags/example_sla_dag.py took 0.872 seconds
[2023-04-08T10:15:59.611+0000] {processor.py:153} INFO - Started process (PID=49316) to work on /home/airflow/.local/lib/python3.7/site-packages/airflow/example_dags/example_sla_dag.py
[2023-04-08T10:15:59.624+0000] {processor.py:743} INFO - Processing file /home/airflow/.local/lib/python3.7/site-packages/airflow/example_dags/example_sla_dag.py for tasks to queue
[2023-04-08T10:15:59.646+0000] {logging_mixin.py:137} INFO - [2023-04-08T10:15:59.644+0000] {dagbag.py:532} INFO - Filling up the DagBag from /home/airflow/.local/lib/python3.7/site-packages/airflow/example_dags/example_sla_dag.py
[2023-04-08T10:15:59.850+0000] {processor.py:753} INFO - DAG(s) dict_keys(['example_sla_dag']) retrieved from /home/airflow/.local/lib/python3.7/site-packages/airflow/example_dags/example_sla_dag.py
[2023-04-08T10:16:00.021+0000] {logging_mixin.py:137} INFO - [2023-04-08T10:16:00.021+0000] {dag.py:2705} INFO - Sync 1 DAGs
[2023-04-08T10:16:00.346+0000] {logging_mixin.py:137} INFO - [2023-04-08T10:16:00.342+0000] {dag.py:3456} INFO - Setting next_dagrun for example_sla_dag to 2023-04-08T10:14:00+00:00, run_after=2023-04-08T10:16:00+00:00
[2023-04-08T10:16:00.630+0000] {processor.py:175} INFO - Processing /home/airflow/.local/lib/python3.7/site-packages/airflow/example_dags/example_sla_dag.py took 1.062 seconds
[2023-04-08T10:16:31.010+0000] {processor.py:153} INFO - Started process (PID=49370) to work on /home/airflow/.local/lib/python3.7/site-packages/airflow/example_dags/example_sla_dag.py
[2023-04-08T10:16:31.018+0000] {processor.py:743} INFO - Processing file /home/airflow/.local/lib/python3.7/site-packages/airflow/example_dags/example_sla_dag.py for tasks to queue
[2023-04-08T10:16:31.031+0000] {logging_mixin.py:137} INFO - [2023-04-08T10:16:31.026+0000] {dagbag.py:532} INFO - Filling up the DagBag from /home/airflow/.local/lib/python3.7/site-packages/airflow/example_dags/example_sla_dag.py
[2023-04-08T10:16:31.347+0000] {processor.py:753} INFO - DAG(s) dict_keys(['example_sla_dag']) retrieved from /home/airflow/.local/lib/python3.7/site-packages/airflow/example_dags/example_sla_dag.py
[2023-04-08T10:16:31.518+0000] {logging_mixin.py:137} INFO - [2023-04-08T10:16:31.517+0000] {dag.py:2705} INFO - Sync 1 DAGs
[2023-04-08T10:16:31.771+0000] {logging_mixin.py:137} INFO - [2023-04-08T10:16:31.770+0000] {dag.py:3456} INFO - Setting next_dagrun for example_sla_dag to 2023-04-08T10:14:00+00:00, run_after=2023-04-08T10:16:00+00:00
[2023-04-08T10:16:31.868+0000] {processor.py:175} INFO - Processing /home/airflow/.local/lib/python3.7/site-packages/airflow/example_dags/example_sla_dag.py took 0.989 seconds
[2023-04-08T10:17:02.053+0000] {processor.py:153} INFO - Started process (PID=49432) to work on /home/airflow/.local/lib/python3.7/site-packages/airflow/example_dags/example_sla_dag.py
[2023-04-08T10:17:02.057+0000] {processor.py:743} INFO - Processing file /home/airflow/.local/lib/python3.7/site-packages/airflow/example_dags/example_sla_dag.py for tasks to queue
[2023-04-08T10:17:02.060+0000] {logging_mixin.py:137} INFO - [2023-04-08T10:17:02.059+0000] {dagbag.py:532} INFO - Filling up the DagBag from /home/airflow/.local/lib/python3.7/site-packages/airflow/example_dags/example_sla_dag.py
[2023-04-08T10:17:02.100+0000] {processor.py:753} INFO - DAG(s) dict_keys(['example_sla_dag']) retrieved from /home/airflow/.local/lib/python3.7/site-packages/airflow/example_dags/example_sla_dag.py
[2023-04-08T10:17:02.154+0000] {logging_mixin.py:137} INFO - [2023-04-08T10:17:02.153+0000] {dag.py:2705} INFO - Sync 1 DAGs
[2023-04-08T10:17:02.214+0000] {logging_mixin.py:137} INFO - [2023-04-08T10:17:02.213+0000] {dag.py:3456} INFO - Setting next_dagrun for example_sla_dag to 2023-04-08T10:14:00+00:00, run_after=2023-04-08T10:16:00+00:00
[2023-04-08T10:17:02.254+0000] {processor.py:175} INFO - Processing /home/airflow/.local/lib/python3.7/site-packages/airflow/example_dags/example_sla_dag.py took 0.207 seconds
[2023-04-08T10:17:33.165+0000] {processor.py:153} INFO - Started process (PID=49484) to work on /home/airflow/.local/lib/python3.7/site-packages/airflow/example_dags/example_sla_dag.py
[2023-04-08T10:17:33.169+0000] {processor.py:743} INFO - Processing file /home/airflow/.local/lib/python3.7/site-packages/airflow/example_dags/example_sla_dag.py for tasks to queue
[2023-04-08T10:17:33.173+0000] {logging_mixin.py:137} INFO - [2023-04-08T10:17:33.173+0000] {dagbag.py:532} INFO - Filling up the DagBag from /home/airflow/.local/lib/python3.7/site-packages/airflow/example_dags/example_sla_dag.py
[2023-04-08T10:17:33.207+0000] {processor.py:753} INFO - DAG(s) dict_keys(['example_sla_dag']) retrieved from /home/airflow/.local/lib/python3.7/site-packages/airflow/example_dags/example_sla_dag.py
[2023-04-08T10:17:33.259+0000] {logging_mixin.py:137} INFO - [2023-04-08T10:17:33.259+0000] {dag.py:2705} INFO - Sync 1 DAGs
[2023-04-08T10:17:33.319+0000] {logging_mixin.py:137} INFO - [2023-04-08T10:17:33.319+0000] {dag.py:3456} INFO - Setting next_dagrun for example_sla_dag to 2023-04-08T10:14:00+00:00, run_after=2023-04-08T10:16:00+00:00
[2023-04-08T10:17:33.359+0000] {processor.py:175} INFO - Processing /home/airflow/.local/lib/python3.7/site-packages/airflow/example_dags/example_sla_dag.py took 0.202 seconds
[2023-04-08T10:18:03.467+0000] {processor.py:153} INFO - Started process (PID=49534) to work on /home/airflow/.local/lib/python3.7/site-packages/airflow/example_dags/example_sla_dag.py
[2023-04-08T10:18:03.469+0000] {processor.py:743} INFO - Processing file /home/airflow/.local/lib/python3.7/site-packages/airflow/example_dags/example_sla_dag.py for tasks to queue
[2023-04-08T10:18:03.471+0000] {logging_mixin.py:137} INFO - [2023-04-08T10:18:03.471+0000] {dagbag.py:532} INFO - Filling up the DagBag from /home/airflow/.local/lib/python3.7/site-packages/airflow/example_dags/example_sla_dag.py
[2023-04-08T10:18:03.493+0000] {processor.py:753} INFO - DAG(s) dict_keys(['example_sla_dag']) retrieved from /home/airflow/.local/lib/python3.7/site-packages/airflow/example_dags/example_sla_dag.py
[2023-04-08T10:18:03.523+0000] {logging_mixin.py:137} INFO - [2023-04-08T10:18:03.523+0000] {dag.py:2705} INFO - Sync 1 DAGs
[2023-04-08T10:18:03.557+0000] {logging_mixin.py:137} INFO - [2023-04-08T10:18:03.557+0000] {dag.py:3456} INFO - Setting next_dagrun for example_sla_dag to 2023-04-08T10:16:00+00:00, run_after=2023-04-08T10:18:00+00:00
[2023-04-08T10:18:03.580+0000] {processor.py:175} INFO - Processing /home/airflow/.local/lib/python3.7/site-packages/airflow/example_dags/example_sla_dag.py took 0.117 seconds
[2023-04-08T10:18:33.765+0000] {processor.py:153} INFO - Started process (PID=49585) to work on /home/airflow/.local/lib/python3.7/site-packages/airflow/example_dags/example_sla_dag.py
[2023-04-08T10:18:33.767+0000] {processor.py:743} INFO - Processing file /home/airflow/.local/lib/python3.7/site-packages/airflow/example_dags/example_sla_dag.py for tasks to queue
[2023-04-08T10:18:33.769+0000] {logging_mixin.py:137} INFO - [2023-04-08T10:18:33.769+0000] {dagbag.py:532} INFO - Filling up the DagBag from /home/airflow/.local/lib/python3.7/site-packages/airflow/example_dags/example_sla_dag.py
[2023-04-08T10:18:33.796+0000] {processor.py:753} INFO - DAG(s) dict_keys(['example_sla_dag']) retrieved from /home/airflow/.local/lib/python3.7/site-packages/airflow/example_dags/example_sla_dag.py
[2023-04-08T10:18:33.830+0000] {logging_mixin.py:137} INFO - [2023-04-08T10:18:33.830+0000] {dag.py:2705} INFO - Sync 1 DAGs
[2023-04-08T10:18:33.869+0000] {logging_mixin.py:137} INFO - [2023-04-08T10:18:33.868+0000] {dag.py:3456} INFO - Setting next_dagrun for example_sla_dag to 2023-04-08T10:16:00+00:00, run_after=2023-04-08T10:18:00+00:00
[2023-04-08T10:18:33.894+0000] {processor.py:175} INFO - Processing /home/airflow/.local/lib/python3.7/site-packages/airflow/example_dags/example_sla_dag.py took 0.134 seconds
