[2023-04-08T07:06:24.772+0000] {processor.py:153} INFO - Started process (PID=48318) to work on /home/airflow/.local/lib/python3.7/site-packages/airflow/example_dags/example_skip_dag.py
[2023-04-08T07:06:24.778+0000] {processor.py:743} INFO - Processing file /home/airflow/.local/lib/python3.7/site-packages/airflow/example_dags/example_skip_dag.py for tasks to queue
[2023-04-08T07:06:24.783+0000] {logging_mixin.py:137} INFO - [2023-04-08T07:06:24.782+0000] {dagbag.py:532} INFO - Filling up the DagBag from /home/airflow/.local/lib/python3.7/site-packages/airflow/example_dags/example_skip_dag.py
[2023-04-08T07:06:24.893+0000] {processor.py:753} INFO - DAG(s) dict_keys(['example_skip_dag']) retrieved from /home/airflow/.local/lib/python3.7/site-packages/airflow/example_dags/example_skip_dag.py
[2023-04-08T07:06:25.227+0000] {logging_mixin.py:137} INFO - [2023-04-08T07:06:25.226+0000] {dag.py:2705} INFO - Sync 1 DAGs
[2023-04-08T07:06:25.533+0000] {logging_mixin.py:137} INFO - [2023-04-08T07:06:25.532+0000] {dag.py:3456} INFO - Setting next_dagrun for example_skip_dag to 2023-04-07T07:06:25.531535+00:00, run_after=2023-04-08T07:06:25.531535+00:00
[2023-04-08T07:06:25.810+0000] {processor.py:175} INFO - Processing /home/airflow/.local/lib/python3.7/site-packages/airflow/example_dags/example_skip_dag.py took 1.083 seconds
[2023-04-08T07:07:02.072+0000] {processor.py:153} INFO - Started process (PID=48374) to work on /home/airflow/.local/lib/python3.7/site-packages/airflow/example_dags/example_skip_dag.py
[2023-04-08T07:07:02.089+0000] {processor.py:743} INFO - Processing file /home/airflow/.local/lib/python3.7/site-packages/airflow/example_dags/example_skip_dag.py for tasks to queue
[2023-04-08T07:07:02.104+0000] {logging_mixin.py:137} INFO - [2023-04-08T07:07:02.103+0000] {dagbag.py:532} INFO - Filling up the DagBag from /home/airflow/.local/lib/python3.7/site-packages/airflow/example_dags/example_skip_dag.py
[2023-04-08T07:07:02.180+0000] {processor.py:753} INFO - DAG(s) dict_keys(['example_skip_dag']) retrieved from /home/airflow/.local/lib/python3.7/site-packages/airflow/example_dags/example_skip_dag.py
[2023-04-08T07:07:02.396+0000] {logging_mixin.py:137} INFO - [2023-04-08T07:07:02.396+0000] {dag.py:2705} INFO - Sync 1 DAGs
[2023-04-08T07:07:02.570+0000] {logging_mixin.py:137} INFO - [2023-04-08T07:07:02.570+0000] {dag.py:3456} INFO - Setting next_dagrun for example_skip_dag to 2023-04-07T07:07:02.568502+00:00, run_after=2023-04-08T07:07:02.568502+00:00
[2023-04-08T07:07:02.701+0000] {processor.py:175} INFO - Processing /home/airflow/.local/lib/python3.7/site-packages/airflow/example_dags/example_skip_dag.py took 0.669 seconds
[2023-04-08T07:07:35.941+0000] {processor.py:153} INFO - Started process (PID=48417) to work on /home/airflow/.local/lib/python3.7/site-packages/airflow/example_dags/example_skip_dag.py
[2023-04-08T07:07:35.964+0000] {processor.py:743} INFO - Processing file /home/airflow/.local/lib/python3.7/site-packages/airflow/example_dags/example_skip_dag.py for tasks to queue
[2023-04-08T07:07:35.977+0000] {logging_mixin.py:137} INFO - [2023-04-08T07:07:35.976+0000] {dagbag.py:532} INFO - Filling up the DagBag from /home/airflow/.local/lib/python3.7/site-packages/airflow/example_dags/example_skip_dag.py
[2023-04-08T07:07:36.020+0000] {processor.py:753} INFO - DAG(s) dict_keys(['example_skip_dag']) retrieved from /home/airflow/.local/lib/python3.7/site-packages/airflow/example_dags/example_skip_dag.py
[2023-04-08T07:07:36.140+0000] {logging_mixin.py:137} INFO - [2023-04-08T07:07:36.140+0000] {dag.py:2705} INFO - Sync 1 DAGs
[2023-04-08T07:07:36.227+0000] {logging_mixin.py:137} INFO - [2023-04-08T07:07:36.227+0000] {dag.py:3456} INFO - Setting next_dagrun for example_skip_dag to 2023-04-07T07:07:36.226369+00:00, run_after=2023-04-08T07:07:36.226369+00:00
[2023-04-08T07:07:36.304+0000] {processor.py:175} INFO - Processing /home/airflow/.local/lib/python3.7/site-packages/airflow/example_dags/example_skip_dag.py took 0.379 seconds
[2023-04-08T07:08:11.332+0000] {processor.py:153} INFO - Started process (PID=48468) to work on /home/airflow/.local/lib/python3.7/site-packages/airflow/example_dags/example_skip_dag.py
[2023-04-08T07:08:11.379+0000] {processor.py:743} INFO - Processing file /home/airflow/.local/lib/python3.7/site-packages/airflow/example_dags/example_skip_dag.py for tasks to queue
[2023-04-08T07:08:11.413+0000] {logging_mixin.py:137} INFO - [2023-04-08T07:08:11.393+0000] {dagbag.py:532} INFO - Filling up the DagBag from /home/airflow/.local/lib/python3.7/site-packages/airflow/example_dags/example_skip_dag.py
[2023-04-08T07:08:11.480+0000] {processor.py:753} INFO - DAG(s) dict_keys(['example_skip_dag']) retrieved from /home/airflow/.local/lib/python3.7/site-packages/airflow/example_dags/example_skip_dag.py
[2023-04-08T07:08:13.065+0000] {logging_mixin.py:137} INFO - [2023-04-08T07:08:13.064+0000] {dag.py:2705} INFO - Sync 1 DAGs
[2023-04-08T07:08:13.581+0000] {logging_mixin.py:137} INFO - [2023-04-08T07:08:13.581+0000] {dag.py:3456} INFO - Setting next_dagrun for example_skip_dag to 2023-04-07T07:08:13.580261+00:00, run_after=2023-04-08T07:08:13.580261+00:00
[2023-04-08T07:08:13.752+0000] {processor.py:175} INFO - Processing /home/airflow/.local/lib/python3.7/site-packages/airflow/example_dags/example_skip_dag.py took 2.441 seconds
[2023-04-08T07:08:49.902+0000] {processor.py:153} INFO - Started process (PID=48517) to work on /home/airflow/.local/lib/python3.7/site-packages/airflow/example_dags/example_skip_dag.py
[2023-04-08T07:08:49.911+0000] {processor.py:743} INFO - Processing file /home/airflow/.local/lib/python3.7/site-packages/airflow/example_dags/example_skip_dag.py for tasks to queue
[2023-04-08T07:08:49.920+0000] {logging_mixin.py:137} INFO - [2023-04-08T07:08:49.919+0000] {dagbag.py:532} INFO - Filling up the DagBag from /home/airflow/.local/lib/python3.7/site-packages/airflow/example_dags/example_skip_dag.py
[2023-04-08T07:08:50.035+0000] {processor.py:753} INFO - DAG(s) dict_keys(['example_skip_dag']) retrieved from /home/airflow/.local/lib/python3.7/site-packages/airflow/example_dags/example_skip_dag.py
[2023-04-08T07:08:50.245+0000] {logging_mixin.py:137} INFO - [2023-04-08T07:08:50.245+0000] {dag.py:2705} INFO - Sync 1 DAGs
[2023-04-08T07:08:50.398+0000] {logging_mixin.py:137} INFO - [2023-04-08T07:08:50.398+0000] {dag.py:3456} INFO - Setting next_dagrun for example_skip_dag to 2023-04-07T07:08:50.397281+00:00, run_after=2023-04-08T07:08:50.397281+00:00
[2023-04-08T07:08:50.541+0000] {processor.py:175} INFO - Processing /home/airflow/.local/lib/python3.7/site-packages/airflow/example_dags/example_skip_dag.py took 0.654 seconds
[2023-04-08T07:09:22.894+0000] {processor.py:153} INFO - Started process (PID=48570) to work on /home/airflow/.local/lib/python3.7/site-packages/airflow/example_dags/example_skip_dag.py
[2023-04-08T07:09:22.904+0000] {processor.py:743} INFO - Processing file /home/airflow/.local/lib/python3.7/site-packages/airflow/example_dags/example_skip_dag.py for tasks to queue
[2023-04-08T07:09:22.916+0000] {logging_mixin.py:137} INFO - [2023-04-08T07:09:22.914+0000] {dagbag.py:532} INFO - Filling up the DagBag from /home/airflow/.local/lib/python3.7/site-packages/airflow/example_dags/example_skip_dag.py
[2023-04-08T07:09:22.968+0000] {processor.py:753} INFO - DAG(s) dict_keys(['example_skip_dag']) retrieved from /home/airflow/.local/lib/python3.7/site-packages/airflow/example_dags/example_skip_dag.py
[2023-04-08T07:09:23.264+0000] {logging_mixin.py:137} INFO - [2023-04-08T07:09:23.263+0000] {dag.py:2705} INFO - Sync 1 DAGs
[2023-04-08T07:09:23.758+0000] {logging_mixin.py:137} INFO - [2023-04-08T07:09:23.741+0000] {dag.py:3456} INFO - Setting next_dagrun for example_skip_dag to 2023-04-07T07:09:23.722988+00:00, run_after=2023-04-08T07:09:23.722988+00:00
[2023-04-08T07:09:24.170+0000] {processor.py:175} INFO - Processing /home/airflow/.local/lib/python3.7/site-packages/airflow/example_dags/example_skip_dag.py took 1.296 seconds
[2023-04-08T08:07:13.875+0000] {processor.py:153} INFO - Started process (PID=48629) to work on /home/airflow/.local/lib/python3.7/site-packages/airflow/example_dags/example_skip_dag.py
[2023-04-08T08:07:13.903+0000] {processor.py:743} INFO - Processing file /home/airflow/.local/lib/python3.7/site-packages/airflow/example_dags/example_skip_dag.py for tasks to queue
[2023-04-08T08:07:13.926+0000] {logging_mixin.py:137} INFO - [2023-04-08T08:07:13.919+0000] {dagbag.py:532} INFO - Filling up the DagBag from /home/airflow/.local/lib/python3.7/site-packages/airflow/example_dags/example_skip_dag.py
[2023-04-08T08:07:14.023+0000] {processor.py:753} INFO - DAG(s) dict_keys(['example_skip_dag']) retrieved from /home/airflow/.local/lib/python3.7/site-packages/airflow/example_dags/example_skip_dag.py
[2023-04-08T08:07:14.266+0000] {logging_mixin.py:137} INFO - [2023-04-08T08:07:14.266+0000] {dag.py:2705} INFO - Sync 1 DAGs
[2023-04-08T08:07:14.472+0000] {logging_mixin.py:137} INFO - [2023-04-08T08:07:14.472+0000] {dag.py:3456} INFO - Setting next_dagrun for example_skip_dag to 2023-04-07T08:07:14.471285+00:00, run_after=2023-04-08T08:07:14.471285+00:00
[2023-04-08T08:07:14.610+0000] {processor.py:175} INFO - Processing /home/airflow/.local/lib/python3.7/site-packages/airflow/example_dags/example_skip_dag.py took 0.784 seconds
[2023-04-08T08:07:53.605+0000] {processor.py:153} INFO - Started process (PID=48686) to work on /home/airflow/.local/lib/python3.7/site-packages/airflow/example_dags/example_skip_dag.py
[2023-04-08T08:07:53.675+0000] {processor.py:743} INFO - Processing file /home/airflow/.local/lib/python3.7/site-packages/airflow/example_dags/example_skip_dag.py for tasks to queue
[2023-04-08T08:07:53.740+0000] {logging_mixin.py:137} INFO - [2023-04-08T08:07:53.739+0000] {dagbag.py:532} INFO - Filling up the DagBag from /home/airflow/.local/lib/python3.7/site-packages/airflow/example_dags/example_skip_dag.py
[2023-04-08T08:07:53.804+0000] {processor.py:753} INFO - DAG(s) dict_keys(['example_skip_dag']) retrieved from /home/airflow/.local/lib/python3.7/site-packages/airflow/example_dags/example_skip_dag.py
[2023-04-08T08:07:53.982+0000] {logging_mixin.py:137} INFO - [2023-04-08T08:07:53.982+0000] {dag.py:2705} INFO - Sync 1 DAGs
[2023-04-08T08:07:54.080+0000] {logging_mixin.py:137} INFO - [2023-04-08T08:07:54.080+0000] {dag.py:3456} INFO - Setting next_dagrun for example_skip_dag to 2023-04-07T08:07:54.079525+00:00, run_after=2023-04-08T08:07:54.079525+00:00
[2023-04-08T08:07:54.144+0000] {processor.py:175} INFO - Processing /home/airflow/.local/lib/python3.7/site-packages/airflow/example_dags/example_skip_dag.py took 0.557 seconds
[2023-04-08T09:06:35.980+0000] {processor.py:153} INFO - Started process (PID=48741) to work on /home/airflow/.local/lib/python3.7/site-packages/airflow/example_dags/example_skip_dag.py
[2023-04-08T09:06:36.035+0000] {processor.py:743} INFO - Processing file /home/airflow/.local/lib/python3.7/site-packages/airflow/example_dags/example_skip_dag.py for tasks to queue
[2023-04-08T09:06:36.352+0000] {logging_mixin.py:137} INFO - [2023-04-08T09:06:36.335+0000] {dagbag.py:532} INFO - Filling up the DagBag from /home/airflow/.local/lib/python3.7/site-packages/airflow/example_dags/example_skip_dag.py
[2023-04-08T09:06:38.613+0000] {processor.py:753} INFO - DAG(s) dict_keys(['example_skip_dag']) retrieved from /home/airflow/.local/lib/python3.7/site-packages/airflow/example_dags/example_skip_dag.py
[2023-04-08T09:06:44.626+0000] {logging_mixin.py:137} INFO - [2023-04-08T09:06:44.623+0000] {dag.py:2705} INFO - Sync 1 DAGs
[2023-04-08T09:06:48.182+0000] {logging_mixin.py:137} INFO - [2023-04-08T09:06:48.082+0000] {dag.py:3456} INFO - Setting next_dagrun for example_skip_dag to 2023-04-07T09:06:48.051282+00:00, run_after=2023-04-08T09:06:48.051282+00:00
[2023-04-08T09:06:50.691+0000] {processor.py:175} INFO - Processing /home/airflow/.local/lib/python3.7/site-packages/airflow/example_dags/example_skip_dag.py took 14.935 seconds
[2023-04-08T10:09:35.297+0000] {processor.py:153} INFO - Started process (PID=48823) to work on /home/airflow/.local/lib/python3.7/site-packages/airflow/example_dags/example_skip_dag.py
[2023-04-08T10:09:35.309+0000] {processor.py:743} INFO - Processing file /home/airflow/.local/lib/python3.7/site-packages/airflow/example_dags/example_skip_dag.py for tasks to queue
[2023-04-08T10:09:35.327+0000] {logging_mixin.py:137} INFO - [2023-04-08T10:09:35.327+0000] {dagbag.py:532} INFO - Filling up the DagBag from /home/airflow/.local/lib/python3.7/site-packages/airflow/example_dags/example_skip_dag.py
[2023-04-08T10:09:35.389+0000] {processor.py:753} INFO - DAG(s) dict_keys(['example_skip_dag']) retrieved from /home/airflow/.local/lib/python3.7/site-packages/airflow/example_dags/example_skip_dag.py
[2023-04-08T10:09:35.649+0000] {logging_mixin.py:137} INFO - [2023-04-08T10:09:35.649+0000] {dag.py:2705} INFO - Sync 1 DAGs
[2023-04-08T10:09:35.775+0000] {logging_mixin.py:137} INFO - [2023-04-08T10:09:35.774+0000] {dag.py:3456} INFO - Setting next_dagrun for example_skip_dag to 2023-04-07T10:09:35.774162+00:00, run_after=2023-04-08T10:09:35.774162+00:00
[2023-04-08T10:09:35.885+0000] {processor.py:175} INFO - Processing /home/airflow/.local/lib/python3.7/site-packages/airflow/example_dags/example_skip_dag.py took 0.631 seconds
[2023-04-08T10:10:08.697+0000] {processor.py:153} INFO - Started process (PID=48872) to work on /home/airflow/.local/lib/python3.7/site-packages/airflow/example_dags/example_skip_dag.py
[2023-04-08T10:10:08.703+0000] {processor.py:743} INFO - Processing file /home/airflow/.local/lib/python3.7/site-packages/airflow/example_dags/example_skip_dag.py for tasks to queue
[2023-04-08T10:10:08.708+0000] {logging_mixin.py:137} INFO - [2023-04-08T10:10:08.708+0000] {dagbag.py:532} INFO - Filling up the DagBag from /home/airflow/.local/lib/python3.7/site-packages/airflow/example_dags/example_skip_dag.py
[2023-04-08T10:10:08.768+0000] {processor.py:753} INFO - DAG(s) dict_keys(['example_skip_dag']) retrieved from /home/airflow/.local/lib/python3.7/site-packages/airflow/example_dags/example_skip_dag.py
[2023-04-08T10:10:09.018+0000] {logging_mixin.py:137} INFO - [2023-04-08T10:10:09.017+0000] {dag.py:2705} INFO - Sync 1 DAGs
[2023-04-08T10:10:09.276+0000] {logging_mixin.py:137} INFO - [2023-04-08T10:10:09.276+0000] {dag.py:3456} INFO - Setting next_dagrun for example_skip_dag to 2023-04-07T10:10:09.271536+00:00, run_after=2023-04-08T10:10:09.271536+00:00
[2023-04-08T10:10:09.513+0000] {processor.py:175} INFO - Processing /home/airflow/.local/lib/python3.7/site-packages/airflow/example_dags/example_skip_dag.py took 0.855 seconds
[2023-04-08T10:10:41.665+0000] {processor.py:153} INFO - Started process (PID=48930) to work on /home/airflow/.local/lib/python3.7/site-packages/airflow/example_dags/example_skip_dag.py
[2023-04-08T10:10:41.672+0000] {processor.py:743} INFO - Processing file /home/airflow/.local/lib/python3.7/site-packages/airflow/example_dags/example_skip_dag.py for tasks to queue
[2023-04-08T10:10:41.680+0000] {logging_mixin.py:137} INFO - [2023-04-08T10:10:41.679+0000] {dagbag.py:532} INFO - Filling up the DagBag from /home/airflow/.local/lib/python3.7/site-packages/airflow/example_dags/example_skip_dag.py
[2023-04-08T10:10:41.760+0000] {processor.py:753} INFO - DAG(s) dict_keys(['example_skip_dag']) retrieved from /home/airflow/.local/lib/python3.7/site-packages/airflow/example_dags/example_skip_dag.py
[2023-04-08T10:10:41.897+0000] {logging_mixin.py:137} INFO - [2023-04-08T10:10:41.897+0000] {dag.py:2705} INFO - Sync 1 DAGs
[2023-04-08T10:10:42.333+0000] {logging_mixin.py:137} INFO - [2023-04-08T10:10:42.333+0000] {dag.py:3456} INFO - Setting next_dagrun for example_skip_dag to 2023-04-07T10:10:42.331433+00:00, run_after=2023-04-08T10:10:42.331433+00:00
[2023-04-08T10:10:42.481+0000] {processor.py:175} INFO - Processing /home/airflow/.local/lib/python3.7/site-packages/airflow/example_dags/example_skip_dag.py took 0.832 seconds
[2023-04-08T10:11:17.801+0000] {processor.py:153} INFO - Started process (PID=48975) to work on /home/airflow/.local/lib/python3.7/site-packages/airflow/example_dags/example_skip_dag.py
[2023-04-08T10:11:17.811+0000] {processor.py:743} INFO - Processing file /home/airflow/.local/lib/python3.7/site-packages/airflow/example_dags/example_skip_dag.py for tasks to queue
[2023-04-08T10:11:17.823+0000] {logging_mixin.py:137} INFO - [2023-04-08T10:11:17.822+0000] {dagbag.py:532} INFO - Filling up the DagBag from /home/airflow/.local/lib/python3.7/site-packages/airflow/example_dags/example_skip_dag.py
[2023-04-08T10:11:17.888+0000] {processor.py:753} INFO - DAG(s) dict_keys(['example_skip_dag']) retrieved from /home/airflow/.local/lib/python3.7/site-packages/airflow/example_dags/example_skip_dag.py
[2023-04-08T10:11:18.376+0000] {logging_mixin.py:137} INFO - [2023-04-08T10:11:18.375+0000] {dag.py:2705} INFO - Sync 1 DAGs
[2023-04-08T10:11:18.675+0000] {logging_mixin.py:137} INFO - [2023-04-08T10:11:18.675+0000] {dag.py:3456} INFO - Setting next_dagrun for example_skip_dag to 2023-04-07T10:11:18.673111+00:00, run_after=2023-04-08T10:11:18.673111+00:00
[2023-04-08T10:11:19.045+0000] {processor.py:175} INFO - Processing /home/airflow/.local/lib/python3.7/site-packages/airflow/example_dags/example_skip_dag.py took 1.269 seconds
[2023-04-08T10:12:02.615+0000] {processor.py:153} INFO - Started process (PID=49019) to work on /home/airflow/.local/lib/python3.7/site-packages/airflow/example_dags/example_skip_dag.py
[2023-04-08T10:12:02.625+0000] {processor.py:743} INFO - Processing file /home/airflow/.local/lib/python3.7/site-packages/airflow/example_dags/example_skip_dag.py for tasks to queue
[2023-04-08T10:12:02.641+0000] {logging_mixin.py:137} INFO - [2023-04-08T10:12:02.640+0000] {dagbag.py:532} INFO - Filling up the DagBag from /home/airflow/.local/lib/python3.7/site-packages/airflow/example_dags/example_skip_dag.py
[2023-04-08T10:12:02.695+0000] {processor.py:753} INFO - DAG(s) dict_keys(['example_skip_dag']) retrieved from /home/airflow/.local/lib/python3.7/site-packages/airflow/example_dags/example_skip_dag.py
[2023-04-08T10:12:02.912+0000] {logging_mixin.py:137} INFO - [2023-04-08T10:12:02.894+0000] {dag.py:2705} INFO - Sync 1 DAGs
[2023-04-08T10:12:03.101+0000] {logging_mixin.py:137} INFO - [2023-04-08T10:12:03.100+0000] {dag.py:3456} INFO - Setting next_dagrun for example_skip_dag to 2023-04-07T10:12:03.100221+00:00, run_after=2023-04-08T10:12:03.100221+00:00
[2023-04-08T10:12:03.423+0000] {processor.py:175} INFO - Processing /home/airflow/.local/lib/python3.7/site-packages/airflow/example_dags/example_skip_dag.py took 0.822 seconds
[2023-04-08T10:12:38.588+0000] {processor.py:153} INFO - Started process (PID=49069) to work on /home/airflow/.local/lib/python3.7/site-packages/airflow/example_dags/example_skip_dag.py
[2023-04-08T10:12:38.599+0000] {processor.py:743} INFO - Processing file /home/airflow/.local/lib/python3.7/site-packages/airflow/example_dags/example_skip_dag.py for tasks to queue
[2023-04-08T10:12:38.609+0000] {logging_mixin.py:137} INFO - [2023-04-08T10:12:38.608+0000] {dagbag.py:532} INFO - Filling up the DagBag from /home/airflow/.local/lib/python3.7/site-packages/airflow/example_dags/example_skip_dag.py
[2023-04-08T10:12:38.803+0000] {processor.py:753} INFO - DAG(s) dict_keys(['example_skip_dag']) retrieved from /home/airflow/.local/lib/python3.7/site-packages/airflow/example_dags/example_skip_dag.py
[2023-04-08T10:12:39.374+0000] {logging_mixin.py:137} INFO - [2023-04-08T10:12:39.349+0000] {dag.py:2705} INFO - Sync 1 DAGs
[2023-04-08T10:12:39.531+0000] {logging_mixin.py:137} INFO - [2023-04-08T10:12:39.531+0000] {dag.py:3456} INFO - Setting next_dagrun for example_skip_dag to 2023-04-07T10:12:39.528571+00:00, run_after=2023-04-08T10:12:39.528571+00:00
[2023-04-08T10:12:39.729+0000] {processor.py:175} INFO - Processing /home/airflow/.local/lib/python3.7/site-packages/airflow/example_dags/example_skip_dag.py took 1.233 seconds
[2023-04-08T10:13:25.967+0000] {processor.py:153} INFO - Started process (PID=49127) to work on /home/airflow/.local/lib/python3.7/site-packages/airflow/example_dags/example_skip_dag.py
[2023-04-08T10:13:25.985+0000] {processor.py:743} INFO - Processing file /home/airflow/.local/lib/python3.7/site-packages/airflow/example_dags/example_skip_dag.py for tasks to queue
[2023-04-08T10:13:25.997+0000] {logging_mixin.py:137} INFO - [2023-04-08T10:13:25.995+0000] {dagbag.py:532} INFO - Filling up the DagBag from /home/airflow/.local/lib/python3.7/site-packages/airflow/example_dags/example_skip_dag.py
[2023-04-08T10:13:26.219+0000] {processor.py:753} INFO - DAG(s) dict_keys(['example_skip_dag']) retrieved from /home/airflow/.local/lib/python3.7/site-packages/airflow/example_dags/example_skip_dag.py
[2023-04-08T10:13:26.806+0000] {logging_mixin.py:137} INFO - [2023-04-08T10:13:26.804+0000] {dag.py:2705} INFO - Sync 1 DAGs
[2023-04-08T10:13:27.258+0000] {logging_mixin.py:137} INFO - [2023-04-08T10:13:27.257+0000] {dag.py:3456} INFO - Setting next_dagrun for example_skip_dag to 2023-04-07T10:13:27.253848+00:00, run_after=2023-04-08T10:13:27.253848+00:00
[2023-04-08T10:13:27.576+0000] {processor.py:175} INFO - Processing /home/airflow/.local/lib/python3.7/site-packages/airflow/example_dags/example_skip_dag.py took 1.675 seconds
[2023-04-08T10:14:10.072+0000] {processor.py:153} INFO - Started process (PID=49173) to work on /home/airflow/.local/lib/python3.7/site-packages/airflow/example_dags/example_skip_dag.py
[2023-04-08T10:14:10.095+0000] {processor.py:743} INFO - Processing file /home/airflow/.local/lib/python3.7/site-packages/airflow/example_dags/example_skip_dag.py for tasks to queue
[2023-04-08T10:14:10.098+0000] {logging_mixin.py:137} INFO - [2023-04-08T10:14:10.098+0000] {dagbag.py:532} INFO - Filling up the DagBag from /home/airflow/.local/lib/python3.7/site-packages/airflow/example_dags/example_skip_dag.py
[2023-04-08T10:14:10.121+0000] {processor.py:753} INFO - DAG(s) dict_keys(['example_skip_dag']) retrieved from /home/airflow/.local/lib/python3.7/site-packages/airflow/example_dags/example_skip_dag.py
[2023-04-08T10:14:10.350+0000] {logging_mixin.py:137} INFO - [2023-04-08T10:14:10.350+0000] {dag.py:2705} INFO - Sync 1 DAGs
[2023-04-08T10:14:10.489+0000] {logging_mixin.py:137} INFO - [2023-04-08T10:14:10.489+0000] {dag.py:3456} INFO - Setting next_dagrun for example_skip_dag to 2023-04-07T10:14:10.489097+00:00, run_after=2023-04-08T10:14:10.489097+00:00
[2023-04-08T10:14:10.622+0000] {processor.py:175} INFO - Processing /home/airflow/.local/lib/python3.7/site-packages/airflow/example_dags/example_skip_dag.py took 0.563 seconds
[2023-04-08T10:14:58.567+0000] {processor.py:153} INFO - Started process (PID=49233) to work on /home/airflow/.local/lib/python3.7/site-packages/airflow/example_dags/example_skip_dag.py
[2023-04-08T10:14:58.591+0000] {processor.py:743} INFO - Processing file /home/airflow/.local/lib/python3.7/site-packages/airflow/example_dags/example_skip_dag.py for tasks to queue
[2023-04-08T10:14:58.607+0000] {logging_mixin.py:137} INFO - [2023-04-08T10:14:58.606+0000] {dagbag.py:532} INFO - Filling up the DagBag from /home/airflow/.local/lib/python3.7/site-packages/airflow/example_dags/example_skip_dag.py
[2023-04-08T10:14:58.654+0000] {processor.py:753} INFO - DAG(s) dict_keys(['example_skip_dag']) retrieved from /home/airflow/.local/lib/python3.7/site-packages/airflow/example_dags/example_skip_dag.py
[2023-04-08T10:14:59.116+0000] {logging_mixin.py:137} INFO - [2023-04-08T10:14:59.116+0000] {dag.py:2705} INFO - Sync 1 DAGs
[2023-04-08T10:14:59.516+0000] {logging_mixin.py:137} INFO - [2023-04-08T10:14:59.516+0000] {dag.py:3456} INFO - Setting next_dagrun for example_skip_dag to 2023-04-07T10:14:59.515330+00:00, run_after=2023-04-08T10:14:59.515330+00:00
[2023-04-08T10:14:59.926+0000] {processor.py:175} INFO - Processing /home/airflow/.local/lib/python3.7/site-packages/airflow/example_dags/example_skip_dag.py took 1.466 seconds
[2023-04-08T10:15:33.266+0000] {processor.py:153} INFO - Started process (PID=49283) to work on /home/airflow/.local/lib/python3.7/site-packages/airflow/example_dags/example_skip_dag.py
[2023-04-08T10:15:33.284+0000] {processor.py:743} INFO - Processing file /home/airflow/.local/lib/python3.7/site-packages/airflow/example_dags/example_skip_dag.py for tasks to queue
[2023-04-08T10:15:33.306+0000] {logging_mixin.py:137} INFO - [2023-04-08T10:15:33.304+0000] {dagbag.py:532} INFO - Filling up the DagBag from /home/airflow/.local/lib/python3.7/site-packages/airflow/example_dags/example_skip_dag.py
[2023-04-08T10:15:33.409+0000] {processor.py:753} INFO - DAG(s) dict_keys(['example_skip_dag']) retrieved from /home/airflow/.local/lib/python3.7/site-packages/airflow/example_dags/example_skip_dag.py
[2023-04-08T10:15:33.968+0000] {logging_mixin.py:137} INFO - [2023-04-08T10:15:33.968+0000] {dag.py:2705} INFO - Sync 1 DAGs
[2023-04-08T10:15:34.183+0000] {logging_mixin.py:137} INFO - [2023-04-08T10:15:34.182+0000] {dag.py:3456} INFO - Setting next_dagrun for example_skip_dag to 2023-04-07T10:15:34.180880+00:00, run_after=2023-04-08T10:15:34.180880+00:00
[2023-04-08T10:15:34.321+0000] {processor.py:175} INFO - Processing /home/airflow/.local/lib/python3.7/site-packages/airflow/example_dags/example_skip_dag.py took 1.146 seconds
[2023-04-08T10:16:07.925+0000] {processor.py:153} INFO - Started process (PID=49332) to work on /home/airflow/.local/lib/python3.7/site-packages/airflow/example_dags/example_skip_dag.py
[2023-04-08T10:16:07.939+0000] {processor.py:743} INFO - Processing file /home/airflow/.local/lib/python3.7/site-packages/airflow/example_dags/example_skip_dag.py for tasks to queue
[2023-04-08T10:16:07.944+0000] {logging_mixin.py:137} INFO - [2023-04-08T10:16:07.943+0000] {dagbag.py:532} INFO - Filling up the DagBag from /home/airflow/.local/lib/python3.7/site-packages/airflow/example_dags/example_skip_dag.py
[2023-04-08T10:16:07.984+0000] {processor.py:753} INFO - DAG(s) dict_keys(['example_skip_dag']) retrieved from /home/airflow/.local/lib/python3.7/site-packages/airflow/example_dags/example_skip_dag.py
[2023-04-08T10:16:08.191+0000] {logging_mixin.py:137} INFO - [2023-04-08T10:16:08.191+0000] {dag.py:2705} INFO - Sync 1 DAGs
[2023-04-08T10:16:08.346+0000] {logging_mixin.py:137} INFO - [2023-04-08T10:16:08.345+0000] {dag.py:3456} INFO - Setting next_dagrun for example_skip_dag to 2023-04-07T10:16:08.344429+00:00, run_after=2023-04-08T10:16:08.344429+00:00
[2023-04-08T10:16:08.472+0000] {processor.py:175} INFO - Processing /home/airflow/.local/lib/python3.7/site-packages/airflow/example_dags/example_skip_dag.py took 0.563 seconds
[2023-04-08T10:16:38.627+0000] {processor.py:153} INFO - Started process (PID=49390) to work on /home/airflow/.local/lib/python3.7/site-packages/airflow/example_dags/example_skip_dag.py
[2023-04-08T10:16:38.647+0000] {processor.py:743} INFO - Processing file /home/airflow/.local/lib/python3.7/site-packages/airflow/example_dags/example_skip_dag.py for tasks to queue
[2023-04-08T10:16:38.652+0000] {logging_mixin.py:137} INFO - [2023-04-08T10:16:38.652+0000] {dagbag.py:532} INFO - Filling up the DagBag from /home/airflow/.local/lib/python3.7/site-packages/airflow/example_dags/example_skip_dag.py
[2023-04-08T10:16:38.676+0000] {processor.py:753} INFO - DAG(s) dict_keys(['example_skip_dag']) retrieved from /home/airflow/.local/lib/python3.7/site-packages/airflow/example_dags/example_skip_dag.py
[2023-04-08T10:16:38.816+0000] {logging_mixin.py:137} INFO - [2023-04-08T10:16:38.815+0000] {dag.py:2705} INFO - Sync 1 DAGs
[2023-04-08T10:16:38.911+0000] {logging_mixin.py:137} INFO - [2023-04-08T10:16:38.910+0000] {dag.py:3456} INFO - Setting next_dagrun for example_skip_dag to 2023-04-07T10:16:38.909992+00:00, run_after=2023-04-08T10:16:38.909992+00:00
[2023-04-08T10:16:39.013+0000] {processor.py:175} INFO - Processing /home/airflow/.local/lib/python3.7/site-packages/airflow/example_dags/example_skip_dag.py took 0.400 seconds
[2023-04-08T10:17:09.334+0000] {processor.py:153} INFO - Started process (PID=49447) to work on /home/airflow/.local/lib/python3.7/site-packages/airflow/example_dags/example_skip_dag.py
[2023-04-08T10:17:09.337+0000] {processor.py:743} INFO - Processing file /home/airflow/.local/lib/python3.7/site-packages/airflow/example_dags/example_skip_dag.py for tasks to queue
[2023-04-08T10:17:09.340+0000] {logging_mixin.py:137} INFO - [2023-04-08T10:17:09.339+0000] {dagbag.py:532} INFO - Filling up the DagBag from /home/airflow/.local/lib/python3.7/site-packages/airflow/example_dags/example_skip_dag.py
[2023-04-08T10:17:09.352+0000] {processor.py:753} INFO - DAG(s) dict_keys(['example_skip_dag']) retrieved from /home/airflow/.local/lib/python3.7/site-packages/airflow/example_dags/example_skip_dag.py
[2023-04-08T10:17:09.399+0000] {logging_mixin.py:137} INFO - [2023-04-08T10:17:09.398+0000] {dag.py:2705} INFO - Sync 1 DAGs
[2023-04-08T10:17:09.441+0000] {logging_mixin.py:137} INFO - [2023-04-08T10:17:09.441+0000] {dag.py:3456} INFO - Setting next_dagrun for example_skip_dag to 2023-04-07T10:17:09.440805+00:00, run_after=2023-04-08T10:17:09.440805+00:00
[2023-04-08T10:17:09.475+0000] {processor.py:175} INFO - Processing /home/airflow/.local/lib/python3.7/site-packages/airflow/example_dags/example_skip_dag.py took 0.151 seconds
[2023-04-08T10:17:39.638+0000] {processor.py:153} INFO - Started process (PID=49498) to work on /home/airflow/.local/lib/python3.7/site-packages/airflow/example_dags/example_skip_dag.py
[2023-04-08T10:17:39.641+0000] {processor.py:743} INFO - Processing file /home/airflow/.local/lib/python3.7/site-packages/airflow/example_dags/example_skip_dag.py for tasks to queue
[2023-04-08T10:17:39.644+0000] {logging_mixin.py:137} INFO - [2023-04-08T10:17:39.643+0000] {dagbag.py:532} INFO - Filling up the DagBag from /home/airflow/.local/lib/python3.7/site-packages/airflow/example_dags/example_skip_dag.py
[2023-04-08T10:17:39.655+0000] {processor.py:753} INFO - DAG(s) dict_keys(['example_skip_dag']) retrieved from /home/airflow/.local/lib/python3.7/site-packages/airflow/example_dags/example_skip_dag.py
[2023-04-08T10:17:39.702+0000] {logging_mixin.py:137} INFO - [2023-04-08T10:17:39.702+0000] {dag.py:2705} INFO - Sync 1 DAGs
[2023-04-08T10:17:39.742+0000] {logging_mixin.py:137} INFO - [2023-04-08T10:17:39.742+0000] {dag.py:3456} INFO - Setting next_dagrun for example_skip_dag to 2023-04-07T10:17:39.741981+00:00, run_after=2023-04-08T10:17:39.741981+00:00
[2023-04-08T10:17:39.773+0000] {processor.py:175} INFO - Processing /home/airflow/.local/lib/python3.7/site-packages/airflow/example_dags/example_skip_dag.py took 0.143 seconds
[2023-04-08T10:18:09.836+0000] {processor.py:153} INFO - Started process (PID=49549) to work on /home/airflow/.local/lib/python3.7/site-packages/airflow/example_dags/example_skip_dag.py
[2023-04-08T10:18:09.839+0000] {processor.py:743} INFO - Processing file /home/airflow/.local/lib/python3.7/site-packages/airflow/example_dags/example_skip_dag.py for tasks to queue
[2023-04-08T10:18:09.841+0000] {logging_mixin.py:137} INFO - [2023-04-08T10:18:09.841+0000] {dagbag.py:532} INFO - Filling up the DagBag from /home/airflow/.local/lib/python3.7/site-packages/airflow/example_dags/example_skip_dag.py
[2023-04-08T10:18:09.852+0000] {processor.py:753} INFO - DAG(s) dict_keys(['example_skip_dag']) retrieved from /home/airflow/.local/lib/python3.7/site-packages/airflow/example_dags/example_skip_dag.py
[2023-04-08T10:18:09.894+0000] {logging_mixin.py:137} INFO - [2023-04-08T10:18:09.894+0000] {dag.py:2705} INFO - Sync 1 DAGs
[2023-04-08T10:18:09.931+0000] {logging_mixin.py:137} INFO - [2023-04-08T10:18:09.931+0000] {dag.py:3456} INFO - Setting next_dagrun for example_skip_dag to 2023-04-07T10:18:09.931124+00:00, run_after=2023-04-08T10:18:09.931124+00:00
[2023-04-08T10:18:09.961+0000] {processor.py:175} INFO - Processing /home/airflow/.local/lib/python3.7/site-packages/airflow/example_dags/example_skip_dag.py took 0.131 seconds
