[2023-04-08T07:06:44.047+0000] {processor.py:153} INFO - Started process (PID=48354) to work on /home/airflow/.local/lib/python3.7/site-packages/airflow/example_dags/example_sensors.py
[2023-04-08T07:06:44.072+0000] {processor.py:743} INFO - Processing file /home/airflow/.local/lib/python3.7/site-packages/airflow/example_dags/example_sensors.py for tasks to queue
[2023-04-08T07:06:44.081+0000] {logging_mixin.py:137} INFO - [2023-04-08T07:06:44.080+0000] {dagbag.py:532} INFO - Filling up the DagBag from /home/airflow/.local/lib/python3.7/site-packages/airflow/example_dags/example_sensors.py
[2023-04-08T07:06:44.217+0000] {processor.py:753} INFO - DAG(s) dict_keys(['example_sensors']) retrieved from /home/airflow/.local/lib/python3.7/site-packages/airflow/example_dags/example_sensors.py
[2023-04-08T07:06:44.670+0000] {logging_mixin.py:137} INFO - [2023-04-08T07:06:44.670+0000] {dag.py:2705} INFO - Sync 1 DAGs
[2023-04-08T07:06:44.798+0000] {logging_mixin.py:137} INFO - [2023-04-08T07:06:44.798+0000] {dag.py:3456} INFO - Setting next_dagrun for example_sensors to None, run_after=None
[2023-04-08T07:06:45.096+0000] {processor.py:175} INFO - Processing /home/airflow/.local/lib/python3.7/site-packages/airflow/example_dags/example_sensors.py took 1.098 seconds
[2023-04-08T07:07:24.732+0000] {processor.py:153} INFO - Started process (PID=48405) to work on /home/airflow/.local/lib/python3.7/site-packages/airflow/example_dags/example_sensors.py
[2023-04-08T07:07:24.755+0000] {processor.py:743} INFO - Processing file /home/airflow/.local/lib/python3.7/site-packages/airflow/example_dags/example_sensors.py for tasks to queue
[2023-04-08T07:07:24.765+0000] {logging_mixin.py:137} INFO - [2023-04-08T07:07:24.764+0000] {dagbag.py:532} INFO - Filling up the DagBag from /home/airflow/.local/lib/python3.7/site-packages/airflow/example_dags/example_sensors.py
[2023-04-08T07:07:24.948+0000] {processor.py:753} INFO - DAG(s) dict_keys(['example_sensors']) retrieved from /home/airflow/.local/lib/python3.7/site-packages/airflow/example_dags/example_sensors.py
[2023-04-08T07:07:25.274+0000] {logging_mixin.py:137} INFO - [2023-04-08T07:07:25.273+0000] {dag.py:2705} INFO - Sync 1 DAGs
[2023-04-08T07:07:26.323+0000] {logging_mixin.py:137} INFO - [2023-04-08T07:07:26.322+0000] {dag.py:3456} INFO - Setting next_dagrun for example_sensors to None, run_after=None
[2023-04-08T07:07:26.730+0000] {processor.py:175} INFO - Processing /home/airflow/.local/lib/python3.7/site-packages/airflow/example_dags/example_sensors.py took 2.010 seconds
[2023-04-08T07:08:01.030+0000] {processor.py:153} INFO - Started process (PID=48456) to work on /home/airflow/.local/lib/python3.7/site-packages/airflow/example_dags/example_sensors.py
[2023-04-08T07:08:01.045+0000] {processor.py:743} INFO - Processing file /home/airflow/.local/lib/python3.7/site-packages/airflow/example_dags/example_sensors.py for tasks to queue
[2023-04-08T07:08:01.071+0000] {logging_mixin.py:137} INFO - [2023-04-08T07:08:01.054+0000] {dagbag.py:532} INFO - Filling up the DagBag from /home/airflow/.local/lib/python3.7/site-packages/airflow/example_dags/example_sensors.py
[2023-04-08T07:08:01.282+0000] {processor.py:753} INFO - DAG(s) dict_keys(['example_sensors']) retrieved from /home/airflow/.local/lib/python3.7/site-packages/airflow/example_dags/example_sensors.py
[2023-04-08T07:08:01.685+0000] {logging_mixin.py:137} INFO - [2023-04-08T07:08:01.684+0000] {dag.py:2705} INFO - Sync 1 DAGs
[2023-04-08T07:08:02.179+0000] {logging_mixin.py:137} INFO - [2023-04-08T07:08:02.177+0000] {dag.py:3456} INFO - Setting next_dagrun for example_sensors to None, run_after=None
[2023-04-08T07:08:02.329+0000] {processor.py:175} INFO - Processing /home/airflow/.local/lib/python3.7/site-packages/airflow/example_dags/example_sensors.py took 1.347 seconds
[2023-04-08T07:08:50.720+0000] {processor.py:153} INFO - Started process (PID=48519) to work on /home/airflow/.local/lib/python3.7/site-packages/airflow/example_dags/example_sensors.py
[2023-04-08T07:08:50.726+0000] {processor.py:743} INFO - Processing file /home/airflow/.local/lib/python3.7/site-packages/airflow/example_dags/example_sensors.py for tasks to queue
[2023-04-08T07:08:50.738+0000] {logging_mixin.py:137} INFO - [2023-04-08T07:08:50.737+0000] {dagbag.py:532} INFO - Filling up the DagBag from /home/airflow/.local/lib/python3.7/site-packages/airflow/example_dags/example_sensors.py
[2023-04-08T07:08:50.818+0000] {processor.py:753} INFO - DAG(s) dict_keys(['example_sensors']) retrieved from /home/airflow/.local/lib/python3.7/site-packages/airflow/example_dags/example_sensors.py
[2023-04-08T07:08:51.329+0000] {logging_mixin.py:137} INFO - [2023-04-08T07:08:51.328+0000] {dag.py:2705} INFO - Sync 1 DAGs
[2023-04-08T07:08:53.329+0000] {logging_mixin.py:137} INFO - [2023-04-08T07:08:53.327+0000] {dag.py:3456} INFO - Setting next_dagrun for example_sensors to None, run_after=None
[2023-04-08T07:08:53.626+0000] {processor.py:175} INFO - Processing /home/airflow/.local/lib/python3.7/site-packages/airflow/example_dags/example_sensors.py took 2.929 seconds
[2023-04-08T07:09:31.893+0000] {processor.py:153} INFO - Started process (PID=48574) to work on /home/airflow/.local/lib/python3.7/site-packages/airflow/example_dags/example_sensors.py
[2023-04-08T07:09:31.930+0000] {processor.py:743} INFO - Processing file /home/airflow/.local/lib/python3.7/site-packages/airflow/example_dags/example_sensors.py for tasks to queue
[2023-04-08T07:09:31.989+0000] {logging_mixin.py:137} INFO - [2023-04-08T07:09:31.957+0000] {dagbag.py:532} INFO - Filling up the DagBag from /home/airflow/.local/lib/python3.7/site-packages/airflow/example_dags/example_sensors.py
[2023-04-08T07:09:33.533+0000] {processor.py:753} INFO - DAG(s) dict_keys(['example_sensors']) retrieved from /home/airflow/.local/lib/python3.7/site-packages/airflow/example_dags/example_sensors.py
[2023-04-08T07:09:36.845+0000] {logging_mixin.py:137} INFO - [2023-04-08T07:09:36.836+0000] {dag.py:2705} INFO - Sync 1 DAGs
[2023-04-08T07:09:37.993+0000] {logging_mixin.py:137} INFO - [2023-04-08T07:09:37.992+0000] {dag.py:3456} INFO - Setting next_dagrun for example_sensors to None, run_after=None
[2023-04-08T07:09:38.651+0000] {processor.py:175} INFO - Processing /home/airflow/.local/lib/python3.7/site-packages/airflow/example_dags/example_sensors.py took 7.305 seconds
[2023-04-08T08:07:32.803+0000] {processor.py:153} INFO - Started process (PID=48665) to work on /home/airflow/.local/lib/python3.7/site-packages/airflow/example_dags/example_sensors.py
[2023-04-08T08:07:32.812+0000] {processor.py:743} INFO - Processing file /home/airflow/.local/lib/python3.7/site-packages/airflow/example_dags/example_sensors.py for tasks to queue
[2023-04-08T08:07:32.819+0000] {logging_mixin.py:137} INFO - [2023-04-08T08:07:32.819+0000] {dagbag.py:532} INFO - Filling up the DagBag from /home/airflow/.local/lib/python3.7/site-packages/airflow/example_dags/example_sensors.py
[2023-04-08T08:07:33.054+0000] {processor.py:753} INFO - DAG(s) dict_keys(['example_sensors']) retrieved from /home/airflow/.local/lib/python3.7/site-packages/airflow/example_dags/example_sensors.py
[2023-04-08T08:07:33.243+0000] {logging_mixin.py:137} INFO - [2023-04-08T08:07:33.243+0000] {dag.py:2705} INFO - Sync 1 DAGs
[2023-04-08T08:07:33.379+0000] {logging_mixin.py:137} INFO - [2023-04-08T08:07:33.376+0000] {dag.py:3456} INFO - Setting next_dagrun for example_sensors to None, run_after=None
[2023-04-08T08:07:33.594+0000] {processor.py:175} INFO - Processing /home/airflow/.local/lib/python3.7/site-packages/airflow/example_dags/example_sensors.py took 0.815 seconds
[2023-04-08T10:09:08.222+0000] {processor.py:153} INFO - Started process (PID=48795) to work on /home/airflow/.local/lib/python3.7/site-packages/airflow/example_dags/example_sensors.py
[2023-04-08T10:09:08.257+0000] {processor.py:743} INFO - Processing file /home/airflow/.local/lib/python3.7/site-packages/airflow/example_dags/example_sensors.py for tasks to queue
[2023-04-08T10:09:08.298+0000] {logging_mixin.py:137} INFO - [2023-04-08T10:09:08.297+0000] {dagbag.py:532} INFO - Filling up the DagBag from /home/airflow/.local/lib/python3.7/site-packages/airflow/example_dags/example_sensors.py
[2023-04-08T10:09:09.065+0000] {processor.py:753} INFO - DAG(s) dict_keys(['example_sensors']) retrieved from /home/airflow/.local/lib/python3.7/site-packages/airflow/example_dags/example_sensors.py
[2023-04-08T10:09:09.974+0000] {logging_mixin.py:137} INFO - [2023-04-08T10:09:09.974+0000] {dag.py:2705} INFO - Sync 1 DAGs
[2023-04-08T10:09:11.059+0000] {logging_mixin.py:137} INFO - [2023-04-08T10:09:11.057+0000] {dag.py:3456} INFO - Setting next_dagrun for example_sensors to None, run_after=None
[2023-04-08T10:09:11.648+0000] {processor.py:175} INFO - Processing /home/airflow/.local/lib/python3.7/site-packages/airflow/example_dags/example_sensors.py took 3.871 seconds
[2023-04-08T10:09:56.802+0000] {processor.py:153} INFO - Started process (PID=48846) to work on /home/airflow/.local/lib/python3.7/site-packages/airflow/example_dags/example_sensors.py
[2023-04-08T10:09:56.812+0000] {processor.py:743} INFO - Processing file /home/airflow/.local/lib/python3.7/site-packages/airflow/example_dags/example_sensors.py for tasks to queue
[2023-04-08T10:09:56.831+0000] {logging_mixin.py:137} INFO - [2023-04-08T10:09:56.828+0000] {dagbag.py:532} INFO - Filling up the DagBag from /home/airflow/.local/lib/python3.7/site-packages/airflow/example_dags/example_sensors.py
[2023-04-08T10:09:57.019+0000] {processor.py:753} INFO - DAG(s) dict_keys(['example_sensors']) retrieved from /home/airflow/.local/lib/python3.7/site-packages/airflow/example_dags/example_sensors.py
[2023-04-08T10:09:57.371+0000] {logging_mixin.py:137} INFO - [2023-04-08T10:09:57.370+0000] {dag.py:2705} INFO - Sync 1 DAGs
[2023-04-08T10:09:57.552+0000] {logging_mixin.py:137} INFO - [2023-04-08T10:09:57.551+0000] {dag.py:3456} INFO - Setting next_dagrun for example_sensors to None, run_after=None
[2023-04-08T10:09:57.641+0000] {processor.py:175} INFO - Processing /home/airflow/.local/lib/python3.7/site-packages/airflow/example_dags/example_sensors.py took 0.893 seconds
[2023-04-08T10:10:32.674+0000] {processor.py:153} INFO - Started process (PID=48897) to work on /home/airflow/.local/lib/python3.7/site-packages/airflow/example_dags/example_sensors.py
[2023-04-08T10:10:32.684+0000] {processor.py:743} INFO - Processing file /home/airflow/.local/lib/python3.7/site-packages/airflow/example_dags/example_sensors.py for tasks to queue
[2023-04-08T10:10:32.697+0000] {logging_mixin.py:137} INFO - [2023-04-08T10:10:32.695+0000] {dagbag.py:532} INFO - Filling up the DagBag from /home/airflow/.local/lib/python3.7/site-packages/airflow/example_dags/example_sensors.py
[2023-04-08T10:10:32.862+0000] {processor.py:753} INFO - DAG(s) dict_keys(['example_sensors']) retrieved from /home/airflow/.local/lib/python3.7/site-packages/airflow/example_dags/example_sensors.py
[2023-04-08T10:10:33.562+0000] {logging_mixin.py:137} INFO - [2023-04-08T10:10:33.561+0000] {dag.py:2705} INFO - Sync 1 DAGs
[2023-04-08T10:10:33.713+0000] {logging_mixin.py:137} INFO - [2023-04-08T10:10:33.713+0000] {dag.py:3456} INFO - Setting next_dagrun for example_sensors to None, run_after=None
[2023-04-08T10:10:33.889+0000] {processor.py:175} INFO - Processing /home/airflow/.local/lib/python3.7/site-packages/airflow/example_dags/example_sensors.py took 1.256 seconds
[2023-04-08T10:11:12.708+0000] {processor.py:153} INFO - Started process (PID=48965) to work on /home/airflow/.local/lib/python3.7/site-packages/airflow/example_dags/example_sensors.py
[2023-04-08T10:11:12.718+0000] {processor.py:743} INFO - Processing file /home/airflow/.local/lib/python3.7/site-packages/airflow/example_dags/example_sensors.py for tasks to queue
[2023-04-08T10:11:12.734+0000] {logging_mixin.py:137} INFO - [2023-04-08T10:11:12.723+0000] {dagbag.py:532} INFO - Filling up the DagBag from /home/airflow/.local/lib/python3.7/site-packages/airflow/example_dags/example_sensors.py
[2023-04-08T10:11:12.839+0000] {processor.py:753} INFO - DAG(s) dict_keys(['example_sensors']) retrieved from /home/airflow/.local/lib/python3.7/site-packages/airflow/example_dags/example_sensors.py
[2023-04-08T10:11:13.099+0000] {logging_mixin.py:137} INFO - [2023-04-08T10:11:13.098+0000] {dag.py:2705} INFO - Sync 1 DAGs
[2023-04-08T10:11:13.334+0000] {logging_mixin.py:137} INFO - [2023-04-08T10:11:13.333+0000] {dag.py:3456} INFO - Setting next_dagrun for example_sensors to None, run_after=None
[2023-04-08T10:11:13.568+0000] {processor.py:175} INFO - Processing /home/airflow/.local/lib/python3.7/site-packages/airflow/example_dags/example_sensors.py took 0.876 seconds
[2023-04-08T10:12:01.579+0000] {processor.py:153} INFO - Started process (PID=49017) to work on /home/airflow/.local/lib/python3.7/site-packages/airflow/example_dags/example_sensors.py
[2023-04-08T10:12:01.590+0000] {processor.py:743} INFO - Processing file /home/airflow/.local/lib/python3.7/site-packages/airflow/example_dags/example_sensors.py for tasks to queue
[2023-04-08T10:12:01.614+0000] {logging_mixin.py:137} INFO - [2023-04-08T10:12:01.611+0000] {dagbag.py:532} INFO - Filling up the DagBag from /home/airflow/.local/lib/python3.7/site-packages/airflow/example_dags/example_sensors.py
[2023-04-08T10:12:01.832+0000] {processor.py:753} INFO - DAG(s) dict_keys(['example_sensors']) retrieved from /home/airflow/.local/lib/python3.7/site-packages/airflow/example_dags/example_sensors.py
[2023-04-08T10:12:02.043+0000] {logging_mixin.py:137} INFO - [2023-04-08T10:12:02.043+0000] {dag.py:2705} INFO - Sync 1 DAGs
[2023-04-08T10:12:02.196+0000] {logging_mixin.py:137} INFO - [2023-04-08T10:12:02.195+0000] {dag.py:3456} INFO - Setting next_dagrun for example_sensors to None, run_after=None
[2023-04-08T10:12:02.293+0000] {processor.py:175} INFO - Processing /home/airflow/.local/lib/python3.7/site-packages/airflow/example_dags/example_sensors.py took 0.737 seconds
[2023-04-08T10:12:45.068+0000] {processor.py:153} INFO - Started process (PID=49084) to work on /home/airflow/.local/lib/python3.7/site-packages/airflow/example_dags/example_sensors.py
[2023-04-08T10:12:45.085+0000] {processor.py:743} INFO - Processing file /home/airflow/.local/lib/python3.7/site-packages/airflow/example_dags/example_sensors.py for tasks to queue
[2023-04-08T10:12:45.095+0000] {logging_mixin.py:137} INFO - [2023-04-08T10:12:45.094+0000] {dagbag.py:532} INFO - Filling up the DagBag from /home/airflow/.local/lib/python3.7/site-packages/airflow/example_dags/example_sensors.py
[2023-04-08T10:12:45.295+0000] {processor.py:753} INFO - DAG(s) dict_keys(['example_sensors']) retrieved from /home/airflow/.local/lib/python3.7/site-packages/airflow/example_dags/example_sensors.py
[2023-04-08T10:12:45.490+0000] {logging_mixin.py:137} INFO - [2023-04-08T10:12:45.489+0000] {dag.py:2705} INFO - Sync 1 DAGs
[2023-04-08T10:12:45.721+0000] {logging_mixin.py:137} INFO - [2023-04-08T10:12:45.720+0000] {dag.py:3456} INFO - Setting next_dagrun for example_sensors to None, run_after=None
[2023-04-08T10:12:45.891+0000] {processor.py:175} INFO - Processing /home/airflow/.local/lib/python3.7/site-packages/airflow/example_dags/example_sensors.py took 0.854 seconds
[2023-04-08T10:13:43.582+0000] {processor.py:153} INFO - Started process (PID=49147) to work on /home/airflow/.local/lib/python3.7/site-packages/airflow/example_dags/example_sensors.py
[2023-04-08T10:13:43.601+0000] {processor.py:743} INFO - Processing file /home/airflow/.local/lib/python3.7/site-packages/airflow/example_dags/example_sensors.py for tasks to queue
[2023-04-08T10:13:43.626+0000] {logging_mixin.py:137} INFO - [2023-04-08T10:13:43.625+0000] {dagbag.py:532} INFO - Filling up the DagBag from /home/airflow/.local/lib/python3.7/site-packages/airflow/example_dags/example_sensors.py
[2023-04-08T10:13:43.869+0000] {processor.py:753} INFO - DAG(s) dict_keys(['example_sensors']) retrieved from /home/airflow/.local/lib/python3.7/site-packages/airflow/example_dags/example_sensors.py
[2023-04-08T10:13:44.136+0000] {logging_mixin.py:137} INFO - [2023-04-08T10:13:44.136+0000] {dag.py:2705} INFO - Sync 1 DAGs
[2023-04-08T10:13:44.280+0000] {logging_mixin.py:137} INFO - [2023-04-08T10:13:44.278+0000] {dag.py:3456} INFO - Setting next_dagrun for example_sensors to None, run_after=None
[2023-04-08T10:13:45.470+0000] {processor.py:175} INFO - Processing /home/airflow/.local/lib/python3.7/site-packages/airflow/example_dags/example_sensors.py took 1.948 seconds
[2023-04-08T10:14:33.654+0000] {processor.py:153} INFO - Started process (PID=49202) to work on /home/airflow/.local/lib/python3.7/site-packages/airflow/example_dags/example_sensors.py
[2023-04-08T10:14:33.774+0000] {processor.py:743} INFO - Processing file /home/airflow/.local/lib/python3.7/site-packages/airflow/example_dags/example_sensors.py for tasks to queue
[2023-04-08T10:14:33.795+0000] {logging_mixin.py:137} INFO - [2023-04-08T10:14:33.794+0000] {dagbag.py:532} INFO - Filling up the DagBag from /home/airflow/.local/lib/python3.7/site-packages/airflow/example_dags/example_sensors.py
[2023-04-08T10:14:35.395+0000] {processor.py:753} INFO - DAG(s) dict_keys(['example_sensors']) retrieved from /home/airflow/.local/lib/python3.7/site-packages/airflow/example_dags/example_sensors.py
[2023-04-08T10:14:35.991+0000] {logging_mixin.py:137} INFO - [2023-04-08T10:14:35.990+0000] {dag.py:2705} INFO - Sync 1 DAGs
[2023-04-08T10:14:36.392+0000] {logging_mixin.py:137} INFO - [2023-04-08T10:14:36.391+0000] {dag.py:3456} INFO - Setting next_dagrun for example_sensors to None, run_after=None
[2023-04-08T10:14:36.730+0000] {processor.py:175} INFO - Processing /home/airflow/.local/lib/python3.7/site-packages/airflow/example_dags/example_sensors.py took 3.424 seconds
[2023-04-08T10:15:18.665+0000] {processor.py:153} INFO - Started process (PID=49265) to work on /home/airflow/.local/lib/python3.7/site-packages/airflow/example_dags/example_sensors.py
[2023-04-08T10:15:18.674+0000] {processor.py:743} INFO - Processing file /home/airflow/.local/lib/python3.7/site-packages/airflow/example_dags/example_sensors.py for tasks to queue
[2023-04-08T10:15:18.685+0000] {logging_mixin.py:137} INFO - [2023-04-08T10:15:18.685+0000] {dagbag.py:532} INFO - Filling up the DagBag from /home/airflow/.local/lib/python3.7/site-packages/airflow/example_dags/example_sensors.py
[2023-04-08T10:15:18.844+0000] {processor.py:753} INFO - DAG(s) dict_keys(['example_sensors']) retrieved from /home/airflow/.local/lib/python3.7/site-packages/airflow/example_dags/example_sensors.py
[2023-04-08T10:15:19.126+0000] {logging_mixin.py:137} INFO - [2023-04-08T10:15:19.126+0000] {dag.py:2705} INFO - Sync 1 DAGs
[2023-04-08T10:15:19.300+0000] {logging_mixin.py:137} INFO - [2023-04-08T10:15:19.299+0000] {dag.py:3456} INFO - Setting next_dagrun for example_sensors to None, run_after=None
[2023-04-08T10:15:19.554+0000] {processor.py:175} INFO - Processing /home/airflow/.local/lib/python3.7/site-packages/airflow/example_dags/example_sensors.py took 0.906 seconds
[2023-04-08T10:16:00.957+0000] {processor.py:153} INFO - Started process (PID=49318) to work on /home/airflow/.local/lib/python3.7/site-packages/airflow/example_dags/example_sensors.py
[2023-04-08T10:16:00.972+0000] {processor.py:743} INFO - Processing file /home/airflow/.local/lib/python3.7/site-packages/airflow/example_dags/example_sensors.py for tasks to queue
[2023-04-08T10:16:00.991+0000] {logging_mixin.py:137} INFO - [2023-04-08T10:16:00.991+0000] {dagbag.py:532} INFO - Filling up the DagBag from /home/airflow/.local/lib/python3.7/site-packages/airflow/example_dags/example_sensors.py
[2023-04-08T10:16:01.206+0000] {processor.py:753} INFO - DAG(s) dict_keys(['example_sensors']) retrieved from /home/airflow/.local/lib/python3.7/site-packages/airflow/example_dags/example_sensors.py
[2023-04-08T10:16:01.830+0000] {logging_mixin.py:137} INFO - [2023-04-08T10:16:01.829+0000] {dag.py:2705} INFO - Sync 1 DAGs
[2023-04-08T10:16:02.013+0000] {logging_mixin.py:137} INFO - [2023-04-08T10:16:02.012+0000] {dag.py:3456} INFO - Setting next_dagrun for example_sensors to None, run_after=None
[2023-04-08T10:16:02.141+0000] {processor.py:175} INFO - Processing /home/airflow/.local/lib/python3.7/site-packages/airflow/example_dags/example_sensors.py took 1.226 seconds
[2023-04-08T10:16:32.808+0000] {processor.py:153} INFO - Started process (PID=49372) to work on /home/airflow/.local/lib/python3.7/site-packages/airflow/example_dags/example_sensors.py
[2023-04-08T10:16:32.816+0000] {processor.py:743} INFO - Processing file /home/airflow/.local/lib/python3.7/site-packages/airflow/example_dags/example_sensors.py for tasks to queue
[2023-04-08T10:16:32.824+0000] {logging_mixin.py:137} INFO - [2023-04-08T10:16:32.823+0000] {dagbag.py:532} INFO - Filling up the DagBag from /home/airflow/.local/lib/python3.7/site-packages/airflow/example_dags/example_sensors.py
[2023-04-08T10:16:32.912+0000] {processor.py:753} INFO - DAG(s) dict_keys(['example_sensors']) retrieved from /home/airflow/.local/lib/python3.7/site-packages/airflow/example_dags/example_sensors.py
[2023-04-08T10:16:33.131+0000] {logging_mixin.py:137} INFO - [2023-04-08T10:16:33.130+0000] {dag.py:2705} INFO - Sync 1 DAGs
[2023-04-08T10:16:33.281+0000] {logging_mixin.py:137} INFO - [2023-04-08T10:16:33.280+0000] {dag.py:3456} INFO - Setting next_dagrun for example_sensors to None, run_after=None
[2023-04-08T10:16:33.391+0000] {processor.py:175} INFO - Processing /home/airflow/.local/lib/python3.7/site-packages/airflow/example_dags/example_sensors.py took 0.615 seconds
[2023-04-08T10:17:03.467+0000] {processor.py:153} INFO - Started process (PID=49436) to work on /home/airflow/.local/lib/python3.7/site-packages/airflow/example_dags/example_sensors.py
[2023-04-08T10:17:03.469+0000] {processor.py:743} INFO - Processing file /home/airflow/.local/lib/python3.7/site-packages/airflow/example_dags/example_sensors.py for tasks to queue
[2023-04-08T10:17:03.470+0000] {logging_mixin.py:137} INFO - [2023-04-08T10:17:03.470+0000] {dagbag.py:532} INFO - Filling up the DagBag from /home/airflow/.local/lib/python3.7/site-packages/airflow/example_dags/example_sensors.py
[2023-04-08T10:17:03.492+0000] {processor.py:753} INFO - DAG(s) dict_keys(['example_sensors']) retrieved from /home/airflow/.local/lib/python3.7/site-packages/airflow/example_dags/example_sensors.py
[2023-04-08T10:17:03.530+0000] {logging_mixin.py:137} INFO - [2023-04-08T10:17:03.530+0000] {dag.py:2705} INFO - Sync 1 DAGs
[2023-04-08T10:17:03.561+0000] {logging_mixin.py:137} INFO - [2023-04-08T10:17:03.561+0000] {dag.py:3456} INFO - Setting next_dagrun for example_sensors to None, run_after=None
[2023-04-08T10:17:03.586+0000] {processor.py:175} INFO - Processing /home/airflow/.local/lib/python3.7/site-packages/airflow/example_dags/example_sensors.py took 0.124 seconds
[2023-04-08T10:17:33.811+0000] {processor.py:153} INFO - Started process (PID=49487) to work on /home/airflow/.local/lib/python3.7/site-packages/airflow/example_dags/example_sensors.py
[2023-04-08T10:17:33.818+0000] {processor.py:743} INFO - Processing file /home/airflow/.local/lib/python3.7/site-packages/airflow/example_dags/example_sensors.py for tasks to queue
[2023-04-08T10:17:33.820+0000] {logging_mixin.py:137} INFO - [2023-04-08T10:17:33.820+0000] {dagbag.py:532} INFO - Filling up the DagBag from /home/airflow/.local/lib/python3.7/site-packages/airflow/example_dags/example_sensors.py
[2023-04-08T10:17:33.861+0000] {processor.py:753} INFO - DAG(s) dict_keys(['example_sensors']) retrieved from /home/airflow/.local/lib/python3.7/site-packages/airflow/example_dags/example_sensors.py
[2023-04-08T10:17:33.917+0000] {logging_mixin.py:137} INFO - [2023-04-08T10:17:33.916+0000] {dag.py:2705} INFO - Sync 1 DAGs
[2023-04-08T10:17:33.960+0000] {logging_mixin.py:137} INFO - [2023-04-08T10:17:33.960+0000] {dag.py:3456} INFO - Setting next_dagrun for example_sensors to None, run_after=None
[2023-04-08T10:17:33.992+0000] {processor.py:175} INFO - Processing /home/airflow/.local/lib/python3.7/site-packages/airflow/example_dags/example_sensors.py took 0.188 seconds
[2023-04-08T10:18:04.096+0000] {processor.py:153} INFO - Started process (PID=49538) to work on /home/airflow/.local/lib/python3.7/site-packages/airflow/example_dags/example_sensors.py
[2023-04-08T10:18:04.098+0000] {processor.py:743} INFO - Processing file /home/airflow/.local/lib/python3.7/site-packages/airflow/example_dags/example_sensors.py for tasks to queue
[2023-04-08T10:18:04.100+0000] {logging_mixin.py:137} INFO - [2023-04-08T10:18:04.100+0000] {dagbag.py:532} INFO - Filling up the DagBag from /home/airflow/.local/lib/python3.7/site-packages/airflow/example_dags/example_sensors.py
[2023-04-08T10:18:04.123+0000] {processor.py:753} INFO - DAG(s) dict_keys(['example_sensors']) retrieved from /home/airflow/.local/lib/python3.7/site-packages/airflow/example_dags/example_sensors.py
[2023-04-08T10:18:04.167+0000] {logging_mixin.py:137} INFO - [2023-04-08T10:18:04.167+0000] {dag.py:2705} INFO - Sync 1 DAGs
[2023-04-08T10:18:04.200+0000] {logging_mixin.py:137} INFO - [2023-04-08T10:18:04.200+0000] {dag.py:3456} INFO - Setting next_dagrun for example_sensors to None, run_after=None
[2023-04-08T10:18:04.226+0000] {processor.py:175} INFO - Processing /home/airflow/.local/lib/python3.7/site-packages/airflow/example_dags/example_sensors.py took 0.136 seconds
[2023-04-08T10:18:34.414+0000] {processor.py:153} INFO - Started process (PID=49590) to work on /home/airflow/.local/lib/python3.7/site-packages/airflow/example_dags/example_sensors.py
[2023-04-08T10:18:34.417+0000] {processor.py:743} INFO - Processing file /home/airflow/.local/lib/python3.7/site-packages/airflow/example_dags/example_sensors.py for tasks to queue
[2023-04-08T10:18:34.420+0000] {logging_mixin.py:137} INFO - [2023-04-08T10:18:34.419+0000] {dagbag.py:532} INFO - Filling up the DagBag from /home/airflow/.local/lib/python3.7/site-packages/airflow/example_dags/example_sensors.py
[2023-04-08T10:18:34.453+0000] {processor.py:753} INFO - DAG(s) dict_keys(['example_sensors']) retrieved from /home/airflow/.local/lib/python3.7/site-packages/airflow/example_dags/example_sensors.py
[2023-04-08T10:18:34.496+0000] {logging_mixin.py:137} INFO - [2023-04-08T10:18:34.496+0000] {dag.py:2705} INFO - Sync 1 DAGs
[2023-04-08T10:18:34.531+0000] {logging_mixin.py:137} INFO - [2023-04-08T10:18:34.531+0000] {dag.py:3456} INFO - Setting next_dagrun for example_sensors to None, run_after=None
[2023-04-08T10:18:34.566+0000] {processor.py:175} INFO - Processing /home/airflow/.local/lib/python3.7/site-packages/airflow/example_dags/example_sensors.py took 0.157 seconds
