[2023-04-08T07:06:42.240+0000] {processor.py:153} INFO - Started process (PID=48351) to work on /home/airflow/.local/lib/python3.7/site-packages/airflow/example_dags/example_bash_operator.py
[2023-04-08T07:06:42.264+0000] {processor.py:743} INFO - Processing file /home/airflow/.local/lib/python3.7/site-packages/airflow/example_dags/example_bash_operator.py for tasks to queue
[2023-04-08T07:06:42.278+0000] {logging_mixin.py:137} INFO - [2023-04-08T07:06:42.277+0000] {dagbag.py:532} INFO - Filling up the DagBag from /home/airflow/.local/lib/python3.7/site-packages/airflow/example_dags/example_bash_operator.py
[2023-04-08T07:06:42.602+0000] {processor.py:753} INFO - DAG(s) dict_keys(['example_bash_operator']) retrieved from /home/airflow/.local/lib/python3.7/site-packages/airflow/example_dags/example_bash_operator.py
[2023-04-08T07:06:43.090+0000] {logging_mixin.py:137} INFO - [2023-04-08T07:06:43.089+0000] {dag.py:2705} INFO - Sync 1 DAGs
[2023-04-08T07:06:43.370+0000] {logging_mixin.py:137} INFO - [2023-04-08T07:06:43.369+0000] {dag.py:3456} INFO - Setting next_dagrun for example_bash_operator to 2023-04-07T00:00:00+00:00, run_after=2023-04-08T00:00:00+00:00
[2023-04-08T07:06:43.513+0000] {processor.py:175} INFO - Processing /home/airflow/.local/lib/python3.7/site-packages/airflow/example_dags/example_bash_operator.py took 1.299 seconds
[2023-04-08T07:07:22.886+0000] {processor.py:153} INFO - Started process (PID=48402) to work on /home/airflow/.local/lib/python3.7/site-packages/airflow/example_dags/example_bash_operator.py
[2023-04-08T07:07:22.898+0000] {processor.py:743} INFO - Processing file /home/airflow/.local/lib/python3.7/site-packages/airflow/example_dags/example_bash_operator.py for tasks to queue
[2023-04-08T07:07:22.921+0000] {logging_mixin.py:137} INFO - [2023-04-08T07:07:22.920+0000] {dagbag.py:532} INFO - Filling up the DagBag from /home/airflow/.local/lib/python3.7/site-packages/airflow/example_dags/example_bash_operator.py
[2023-04-08T07:07:22.987+0000] {processor.py:753} INFO - DAG(s) dict_keys(['example_bash_operator']) retrieved from /home/airflow/.local/lib/python3.7/site-packages/airflow/example_dags/example_bash_operator.py
[2023-04-08T07:07:23.307+0000] {logging_mixin.py:137} INFO - [2023-04-08T07:07:23.306+0000] {dag.py:2705} INFO - Sync 1 DAGs
[2023-04-08T07:07:23.449+0000] {logging_mixin.py:137} INFO - [2023-04-08T07:07:23.448+0000] {dag.py:3456} INFO - Setting next_dagrun for example_bash_operator to 2023-04-07T00:00:00+00:00, run_after=2023-04-08T00:00:00+00:00
[2023-04-08T07:07:23.700+0000] {processor.py:175} INFO - Processing /home/airflow/.local/lib/python3.7/site-packages/airflow/example_dags/example_bash_operator.py took 0.816 seconds
[2023-04-08T07:07:59.781+0000] {processor.py:153} INFO - Started process (PID=48453) to work on /home/airflow/.local/lib/python3.7/site-packages/airflow/example_dags/example_bash_operator.py
[2023-04-08T07:07:59.787+0000] {processor.py:743} INFO - Processing file /home/airflow/.local/lib/python3.7/site-packages/airflow/example_dags/example_bash_operator.py for tasks to queue
[2023-04-08T07:07:59.793+0000] {logging_mixin.py:137} INFO - [2023-04-08T07:07:59.792+0000] {dagbag.py:532} INFO - Filling up the DagBag from /home/airflow/.local/lib/python3.7/site-packages/airflow/example_dags/example_bash_operator.py
[2023-04-08T07:07:59.941+0000] {processor.py:753} INFO - DAG(s) dict_keys(['example_bash_operator']) retrieved from /home/airflow/.local/lib/python3.7/site-packages/airflow/example_dags/example_bash_operator.py
[2023-04-08T07:08:00.147+0000] {logging_mixin.py:137} INFO - [2023-04-08T07:08:00.146+0000] {dag.py:2705} INFO - Sync 1 DAGs
[2023-04-08T07:08:00.294+0000] {logging_mixin.py:137} INFO - [2023-04-08T07:08:00.293+0000] {dag.py:3456} INFO - Setting next_dagrun for example_bash_operator to 2023-04-07T00:00:00+00:00, run_after=2023-04-08T00:00:00+00:00
[2023-04-08T07:08:00.516+0000] {processor.py:175} INFO - Processing /home/airflow/.local/lib/python3.7/site-packages/airflow/example_dags/example_bash_operator.py took 0.755 seconds
[2023-04-08T07:08:45.386+0000] {processor.py:153} INFO - Started process (PID=48511) to work on /home/airflow/.local/lib/python3.7/site-packages/airflow/example_dags/example_bash_operator.py
[2023-04-08T07:08:45.423+0000] {processor.py:743} INFO - Processing file /home/airflow/.local/lib/python3.7/site-packages/airflow/example_dags/example_bash_operator.py for tasks to queue
[2023-04-08T07:08:45.469+0000] {logging_mixin.py:137} INFO - [2023-04-08T07:08:45.459+0000] {dagbag.py:532} INFO - Filling up the DagBag from /home/airflow/.local/lib/python3.7/site-packages/airflow/example_dags/example_bash_operator.py
[2023-04-08T07:08:45.664+0000] {processor.py:753} INFO - DAG(s) dict_keys(['example_bash_operator']) retrieved from /home/airflow/.local/lib/python3.7/site-packages/airflow/example_dags/example_bash_operator.py
[2023-04-08T07:08:46.119+0000] {logging_mixin.py:137} INFO - [2023-04-08T07:08:46.117+0000] {dag.py:2705} INFO - Sync 1 DAGs
[2023-04-08T07:08:47.596+0000] {logging_mixin.py:137} INFO - [2023-04-08T07:08:47.594+0000] {dag.py:3456} INFO - Setting next_dagrun for example_bash_operator to 2023-04-07T00:00:00+00:00, run_after=2023-04-08T00:00:00+00:00
[2023-04-08T07:08:47.748+0000] {processor.py:175} INFO - Processing /home/airflow/.local/lib/python3.7/site-packages/airflow/example_dags/example_bash_operator.py took 1.153 seconds
[2023-04-08T07:09:22.972+0000] {processor.py:153} INFO - Started process (PID=48571) to work on /home/airflow/.local/lib/python3.7/site-packages/airflow/example_dags/example_bash_operator.py
[2023-04-08T07:09:22.982+0000] {processor.py:743} INFO - Processing file /home/airflow/.local/lib/python3.7/site-packages/airflow/example_dags/example_bash_operator.py for tasks to queue
[2023-04-08T07:09:22.990+0000] {logging_mixin.py:137} INFO - [2023-04-08T07:09:22.990+0000] {dagbag.py:532} INFO - Filling up the DagBag from /home/airflow/.local/lib/python3.7/site-packages/airflow/example_dags/example_bash_operator.py
[2023-04-08T07:09:23.196+0000] {processor.py:753} INFO - DAG(s) dict_keys(['example_bash_operator']) retrieved from /home/airflow/.local/lib/python3.7/site-packages/airflow/example_dags/example_bash_operator.py
[2023-04-08T07:09:23.943+0000] {logging_mixin.py:137} INFO - [2023-04-08T07:09:23.942+0000] {dag.py:2705} INFO - Sync 1 DAGs
[2023-04-08T07:09:24.424+0000] {logging_mixin.py:137} INFO - [2023-04-08T07:09:24.422+0000] {dag.py:3456} INFO - Setting next_dagrun for example_bash_operator to 2023-04-07T00:00:00+00:00, run_after=2023-04-08T00:00:00+00:00
[2023-04-08T07:09:24.616+0000] {processor.py:175} INFO - Processing /home/airflow/.local/lib/python3.7/site-packages/airflow/example_dags/example_bash_operator.py took 1.654 seconds
[2023-04-08T08:07:30.634+0000] {processor.py:153} INFO - Started process (PID=48662) to work on /home/airflow/.local/lib/python3.7/site-packages/airflow/example_dags/example_bash_operator.py
[2023-04-08T08:07:30.648+0000] {processor.py:743} INFO - Processing file /home/airflow/.local/lib/python3.7/site-packages/airflow/example_dags/example_bash_operator.py for tasks to queue
[2023-04-08T08:07:30.657+0000] {logging_mixin.py:137} INFO - [2023-04-08T08:07:30.656+0000] {dagbag.py:532} INFO - Filling up the DagBag from /home/airflow/.local/lib/python3.7/site-packages/airflow/example_dags/example_bash_operator.py
[2023-04-08T08:07:30.702+0000] {processor.py:753} INFO - DAG(s) dict_keys(['example_bash_operator']) retrieved from /home/airflow/.local/lib/python3.7/site-packages/airflow/example_dags/example_bash_operator.py
[2023-04-08T08:07:31.173+0000] {logging_mixin.py:137} INFO - [2023-04-08T08:07:31.172+0000] {dag.py:2705} INFO - Sync 1 DAGs
[2023-04-08T08:07:31.354+0000] {logging_mixin.py:137} INFO - [2023-04-08T08:07:31.353+0000] {dag.py:3456} INFO - Setting next_dagrun for example_bash_operator to 2023-04-07T00:00:00+00:00, run_after=2023-04-08T00:00:00+00:00
[2023-04-08T08:07:31.518+0000] {processor.py:175} INFO - Processing /home/airflow/.local/lib/python3.7/site-packages/airflow/example_dags/example_bash_operator.py took 0.891 seconds
[2023-04-08T10:09:03.330+0000] {processor.py:153} INFO - Started process (PID=48788) to work on /home/airflow/.local/lib/python3.7/site-packages/airflow/example_dags/example_bash_operator.py
[2023-04-08T10:09:03.356+0000] {processor.py:743} INFO - Processing file /home/airflow/.local/lib/python3.7/site-packages/airflow/example_dags/example_bash_operator.py for tasks to queue
[2023-04-08T10:09:03.374+0000] {logging_mixin.py:137} INFO - [2023-04-08T10:09:03.373+0000] {dagbag.py:532} INFO - Filling up the DagBag from /home/airflow/.local/lib/python3.7/site-packages/airflow/example_dags/example_bash_operator.py
[2023-04-08T10:09:03.641+0000] {processor.py:753} INFO - DAG(s) dict_keys(['example_bash_operator']) retrieved from /home/airflow/.local/lib/python3.7/site-packages/airflow/example_dags/example_bash_operator.py
[2023-04-08T10:09:03.918+0000] {logging_mixin.py:137} INFO - [2023-04-08T10:09:03.918+0000] {dag.py:2705} INFO - Sync 1 DAGs
[2023-04-08T10:09:04.522+0000] {logging_mixin.py:137} INFO - [2023-04-08T10:09:04.521+0000] {dag.py:3456} INFO - Setting next_dagrun for example_bash_operator to 2023-04-07T00:00:00+00:00, run_after=2023-04-08T00:00:00+00:00
[2023-04-08T10:09:06.233+0000] {processor.py:175} INFO - Processing /home/airflow/.local/lib/python3.7/site-packages/airflow/example_dags/example_bash_operator.py took 3.041 seconds
[2023-04-08T10:09:55.189+0000] {processor.py:153} INFO - Started process (PID=48843) to work on /home/airflow/.local/lib/python3.7/site-packages/airflow/example_dags/example_bash_operator.py
[2023-04-08T10:09:55.199+0000] {processor.py:743} INFO - Processing file /home/airflow/.local/lib/python3.7/site-packages/airflow/example_dags/example_bash_operator.py for tasks to queue
[2023-04-08T10:09:55.207+0000] {logging_mixin.py:137} INFO - [2023-04-08T10:09:55.207+0000] {dagbag.py:532} INFO - Filling up the DagBag from /home/airflow/.local/lib/python3.7/site-packages/airflow/example_dags/example_bash_operator.py
[2023-04-08T10:09:55.317+0000] {processor.py:753} INFO - DAG(s) dict_keys(['example_bash_operator']) retrieved from /home/airflow/.local/lib/python3.7/site-packages/airflow/example_dags/example_bash_operator.py
[2023-04-08T10:09:55.524+0000] {logging_mixin.py:137} INFO - [2023-04-08T10:09:55.523+0000] {dag.py:2705} INFO - Sync 1 DAGs
[2023-04-08T10:09:55.673+0000] {logging_mixin.py:137} INFO - [2023-04-08T10:09:55.673+0000] {dag.py:3456} INFO - Setting next_dagrun for example_bash_operator to 2023-04-07T00:00:00+00:00, run_after=2023-04-08T00:00:00+00:00
[2023-04-08T10:09:55.781+0000] {processor.py:175} INFO - Processing /home/airflow/.local/lib/python3.7/site-packages/airflow/example_dags/example_bash_operator.py took 0.614 seconds
[2023-04-08T10:10:30.512+0000] {processor.py:153} INFO - Started process (PID=48894) to work on /home/airflow/.local/lib/python3.7/site-packages/airflow/example_dags/example_bash_operator.py
[2023-04-08T10:10:30.523+0000] {processor.py:743} INFO - Processing file /home/airflow/.local/lib/python3.7/site-packages/airflow/example_dags/example_bash_operator.py for tasks to queue
[2023-04-08T10:10:30.544+0000] {logging_mixin.py:137} INFO - [2023-04-08T10:10:30.540+0000] {dagbag.py:532} INFO - Filling up the DagBag from /home/airflow/.local/lib/python3.7/site-packages/airflow/example_dags/example_bash_operator.py
[2023-04-08T10:10:30.885+0000] {processor.py:753} INFO - DAG(s) dict_keys(['example_bash_operator']) retrieved from /home/airflow/.local/lib/python3.7/site-packages/airflow/example_dags/example_bash_operator.py
[2023-04-08T10:10:31.214+0000] {logging_mixin.py:137} INFO - [2023-04-08T10:10:31.214+0000] {dag.py:2705} INFO - Sync 1 DAGs
[2023-04-08T10:10:31.572+0000] {logging_mixin.py:137} INFO - [2023-04-08T10:10:31.572+0000] {dag.py:3456} INFO - Setting next_dagrun for example_bash_operator to 2023-04-07T00:00:00+00:00, run_after=2023-04-08T00:00:00+00:00
[2023-04-08T10:10:31.805+0000] {processor.py:175} INFO - Processing /home/airflow/.local/lib/python3.7/site-packages/airflow/example_dags/example_bash_operator.py took 1.540 seconds
[2023-04-08T10:11:07.757+0000] {processor.py:153} INFO - Started process (PID=48959) to work on /home/airflow/.local/lib/python3.7/site-packages/airflow/example_dags/example_bash_operator.py
[2023-04-08T10:11:07.770+0000] {processor.py:743} INFO - Processing file /home/airflow/.local/lib/python3.7/site-packages/airflow/example_dags/example_bash_operator.py for tasks to queue
[2023-04-08T10:11:07.781+0000] {logging_mixin.py:137} INFO - [2023-04-08T10:11:07.780+0000] {dagbag.py:532} INFO - Filling up the DagBag from /home/airflow/.local/lib/python3.7/site-packages/airflow/example_dags/example_bash_operator.py
[2023-04-08T10:11:07.905+0000] {processor.py:753} INFO - DAG(s) dict_keys(['example_bash_operator']) retrieved from /home/airflow/.local/lib/python3.7/site-packages/airflow/example_dags/example_bash_operator.py
[2023-04-08T10:11:08.390+0000] {logging_mixin.py:137} INFO - [2023-04-08T10:11:08.390+0000] {dag.py:2705} INFO - Sync 1 DAGs
[2023-04-08T10:11:08.832+0000] {logging_mixin.py:137} INFO - [2023-04-08T10:11:08.831+0000] {dag.py:3456} INFO - Setting next_dagrun for example_bash_operator to 2023-04-07T00:00:00+00:00, run_after=2023-04-08T00:00:00+00:00
[2023-04-08T10:11:09.003+0000] {processor.py:175} INFO - Processing /home/airflow/.local/lib/python3.7/site-packages/airflow/example_dags/example_bash_operator.py took 1.286 seconds
[2023-04-08T10:11:58.874+0000] {processor.py:153} INFO - Started process (PID=49014) to work on /home/airflow/.local/lib/python3.7/site-packages/airflow/example_dags/example_bash_operator.py
[2023-04-08T10:11:58.880+0000] {processor.py:743} INFO - Processing file /home/airflow/.local/lib/python3.7/site-packages/airflow/example_dags/example_bash_operator.py for tasks to queue
[2023-04-08T10:11:58.888+0000] {logging_mixin.py:137} INFO - [2023-04-08T10:11:58.887+0000] {dagbag.py:532} INFO - Filling up the DagBag from /home/airflow/.local/lib/python3.7/site-packages/airflow/example_dags/example_bash_operator.py
[2023-04-08T10:11:58.971+0000] {processor.py:753} INFO - DAG(s) dict_keys(['example_bash_operator']) retrieved from /home/airflow/.local/lib/python3.7/site-packages/airflow/example_dags/example_bash_operator.py
[2023-04-08T10:11:59.204+0000] {logging_mixin.py:137} INFO - [2023-04-08T10:11:59.203+0000] {dag.py:2705} INFO - Sync 1 DAGs
[2023-04-08T10:11:59.348+0000] {logging_mixin.py:137} INFO - [2023-04-08T10:11:59.348+0000] {dag.py:3456} INFO - Setting next_dagrun for example_bash_operator to 2023-04-07T00:00:00+00:00, run_after=2023-04-08T00:00:00+00:00
[2023-04-08T10:11:59.513+0000] {processor.py:175} INFO - Processing /home/airflow/.local/lib/python3.7/site-packages/airflow/example_dags/example_bash_operator.py took 0.652 seconds
[2023-04-08T10:12:42.713+0000] {processor.py:153} INFO - Started process (PID=49081) to work on /home/airflow/.local/lib/python3.7/site-packages/airflow/example_dags/example_bash_operator.py
[2023-04-08T10:12:42.723+0000] {processor.py:743} INFO - Processing file /home/airflow/.local/lib/python3.7/site-packages/airflow/example_dags/example_bash_operator.py for tasks to queue
[2023-04-08T10:12:42.727+0000] {logging_mixin.py:137} INFO - [2023-04-08T10:12:42.726+0000] {dagbag.py:532} INFO - Filling up the DagBag from /home/airflow/.local/lib/python3.7/site-packages/airflow/example_dags/example_bash_operator.py
[2023-04-08T10:12:42.815+0000] {processor.py:753} INFO - DAG(s) dict_keys(['example_bash_operator']) retrieved from /home/airflow/.local/lib/python3.7/site-packages/airflow/example_dags/example_bash_operator.py
[2023-04-08T10:12:43.062+0000] {logging_mixin.py:137} INFO - [2023-04-08T10:12:43.061+0000] {dag.py:2705} INFO - Sync 1 DAGs
[2023-04-08T10:12:43.179+0000] {logging_mixin.py:137} INFO - [2023-04-08T10:12:43.179+0000] {dag.py:3456} INFO - Setting next_dagrun for example_bash_operator to 2023-04-07T00:00:00+00:00, run_after=2023-04-08T00:00:00+00:00
[2023-04-08T10:12:43.277+0000] {processor.py:175} INFO - Processing /home/airflow/.local/lib/python3.7/site-packages/airflow/example_dags/example_bash_operator.py took 0.584 seconds
[2023-04-08T10:13:40.018+0000] {processor.py:153} INFO - Started process (PID=49137) to work on /home/airflow/.local/lib/python3.7/site-packages/airflow/example_dags/example_bash_operator.py
[2023-04-08T10:13:40.049+0000] {processor.py:743} INFO - Processing file /home/airflow/.local/lib/python3.7/site-packages/airflow/example_dags/example_bash_operator.py for tasks to queue
[2023-04-08T10:13:40.055+0000] {logging_mixin.py:137} INFO - [2023-04-08T10:13:40.054+0000] {dagbag.py:532} INFO - Filling up the DagBag from /home/airflow/.local/lib/python3.7/site-packages/airflow/example_dags/example_bash_operator.py
[2023-04-08T10:13:40.199+0000] {processor.py:753} INFO - DAG(s) dict_keys(['example_bash_operator']) retrieved from /home/airflow/.local/lib/python3.7/site-packages/airflow/example_dags/example_bash_operator.py
[2023-04-08T10:13:40.473+0000] {logging_mixin.py:137} INFO - [2023-04-08T10:13:40.472+0000] {dag.py:2705} INFO - Sync 1 DAGs
[2023-04-08T10:13:40.690+0000] {logging_mixin.py:137} INFO - [2023-04-08T10:13:40.689+0000] {dag.py:3456} INFO - Setting next_dagrun for example_bash_operator to 2023-04-07T00:00:00+00:00, run_after=2023-04-08T00:00:00+00:00
[2023-04-08T10:13:40.848+0000] {processor.py:175} INFO - Processing /home/airflow/.local/lib/python3.7/site-packages/airflow/example_dags/example_bash_operator.py took 0.880 seconds
[2023-04-08T10:14:19.631+0000] {processor.py:153} INFO - Started process (PID=49195) to work on /home/airflow/.local/lib/python3.7/site-packages/airflow/example_dags/example_bash_operator.py
[2023-04-08T10:14:19.667+0000] {processor.py:743} INFO - Processing file /home/airflow/.local/lib/python3.7/site-packages/airflow/example_dags/example_bash_operator.py for tasks to queue
[2023-04-08T10:14:19.678+0000] {logging_mixin.py:137} INFO - [2023-04-08T10:14:19.677+0000] {dagbag.py:532} INFO - Filling up the DagBag from /home/airflow/.local/lib/python3.7/site-packages/airflow/example_dags/example_bash_operator.py
[2023-04-08T10:14:19.803+0000] {processor.py:753} INFO - DAG(s) dict_keys(['example_bash_operator']) retrieved from /home/airflow/.local/lib/python3.7/site-packages/airflow/example_dags/example_bash_operator.py
[2023-04-08T10:14:20.135+0000] {logging_mixin.py:137} INFO - [2023-04-08T10:14:20.134+0000] {dag.py:2705} INFO - Sync 1 DAGs
[2023-04-08T10:14:20.312+0000] {logging_mixin.py:137} INFO - [2023-04-08T10:14:20.311+0000] {dag.py:3456} INFO - Setting next_dagrun for example_bash_operator to 2023-04-07T00:00:00+00:00, run_after=2023-04-08T00:00:00+00:00
[2023-04-08T10:14:20.465+0000] {processor.py:175} INFO - Processing /home/airflow/.local/lib/python3.7/site-packages/airflow/example_dags/example_bash_operator.py took 0.852 seconds
[2023-04-08T10:15:12.059+0000] {processor.py:153} INFO - Started process (PID=49246) to work on /home/airflow/.local/lib/python3.7/site-packages/airflow/example_dags/example_bash_operator.py
[2023-04-08T10:15:12.119+0000] {processor.py:743} INFO - Processing file /home/airflow/.local/lib/python3.7/site-packages/airflow/example_dags/example_bash_operator.py for tasks to queue
[2023-04-08T10:15:12.146+0000] {logging_mixin.py:137} INFO - [2023-04-08T10:15:12.140+0000] {dagbag.py:532} INFO - Filling up the DagBag from /home/airflow/.local/lib/python3.7/site-packages/airflow/example_dags/example_bash_operator.py
[2023-04-08T10:15:12.328+0000] {processor.py:753} INFO - DAG(s) dict_keys(['example_bash_operator']) retrieved from /home/airflow/.local/lib/python3.7/site-packages/airflow/example_dags/example_bash_operator.py
[2023-04-08T10:15:12.624+0000] {logging_mixin.py:137} INFO - [2023-04-08T10:15:12.623+0000] {dag.py:2705} INFO - Sync 1 DAGs
[2023-04-08T10:15:12.880+0000] {logging_mixin.py:137} INFO - [2023-04-08T10:15:12.880+0000] {dag.py:3456} INFO - Setting next_dagrun for example_bash_operator to 2023-04-07T00:00:00+00:00, run_after=2023-04-08T00:00:00+00:00
[2023-04-08T10:15:13.064+0000] {processor.py:175} INFO - Processing /home/airflow/.local/lib/python3.7/site-packages/airflow/example_dags/example_bash_operator.py took 1.047 seconds
[2023-04-08T10:15:51.507+0000] {processor.py:153} INFO - Started process (PID=49304) to work on /home/airflow/.local/lib/python3.7/site-packages/airflow/example_dags/example_bash_operator.py
[2023-04-08T10:15:51.519+0000] {processor.py:743} INFO - Processing file /home/airflow/.local/lib/python3.7/site-packages/airflow/example_dags/example_bash_operator.py for tasks to queue
[2023-04-08T10:15:51.527+0000] {logging_mixin.py:137} INFO - [2023-04-08T10:15:51.527+0000] {dagbag.py:532} INFO - Filling up the DagBag from /home/airflow/.local/lib/python3.7/site-packages/airflow/example_dags/example_bash_operator.py
[2023-04-08T10:15:51.673+0000] {processor.py:753} INFO - DAG(s) dict_keys(['example_bash_operator']) retrieved from /home/airflow/.local/lib/python3.7/site-packages/airflow/example_dags/example_bash_operator.py
[2023-04-08T10:15:52.012+0000] {logging_mixin.py:137} INFO - [2023-04-08T10:15:52.011+0000] {dag.py:2705} INFO - Sync 1 DAGs
[2023-04-08T10:15:52.242+0000] {logging_mixin.py:137} INFO - [2023-04-08T10:15:52.239+0000] {dag.py:3456} INFO - Setting next_dagrun for example_bash_operator to 2023-04-07T00:00:00+00:00, run_after=2023-04-08T00:00:00+00:00
[2023-04-08T10:15:52.349+0000] {processor.py:175} INFO - Processing /home/airflow/.local/lib/python3.7/site-packages/airflow/example_dags/example_bash_operator.py took 0.852 seconds
[2023-04-08T10:16:22.855+0000] {processor.py:153} INFO - Started process (PID=49354) to work on /home/airflow/.local/lib/python3.7/site-packages/airflow/example_dags/example_bash_operator.py
[2023-04-08T10:16:22.867+0000] {processor.py:743} INFO - Processing file /home/airflow/.local/lib/python3.7/site-packages/airflow/example_dags/example_bash_operator.py for tasks to queue
[2023-04-08T10:16:22.875+0000] {logging_mixin.py:137} INFO - [2023-04-08T10:16:22.873+0000] {dagbag.py:532} INFO - Filling up the DagBag from /home/airflow/.local/lib/python3.7/site-packages/airflow/example_dags/example_bash_operator.py
[2023-04-08T10:16:22.933+0000] {processor.py:753} INFO - DAG(s) dict_keys(['example_bash_operator']) retrieved from /home/airflow/.local/lib/python3.7/site-packages/airflow/example_dags/example_bash_operator.py
[2023-04-08T10:16:23.192+0000] {logging_mixin.py:137} INFO - [2023-04-08T10:16:23.191+0000] {dag.py:2705} INFO - Sync 1 DAGs
[2023-04-08T10:16:23.338+0000] {logging_mixin.py:137} INFO - [2023-04-08T10:16:23.338+0000] {dag.py:3456} INFO - Setting next_dagrun for example_bash_operator to 2023-04-07T00:00:00+00:00, run_after=2023-04-08T00:00:00+00:00
[2023-04-08T10:16:23.438+0000] {processor.py:175} INFO - Processing /home/airflow/.local/lib/python3.7/site-packages/airflow/example_dags/example_bash_operator.py took 0.628 seconds
[2023-04-08T10:16:53.621+0000] {processor.py:153} INFO - Started process (PID=49421) to work on /home/airflow/.local/lib/python3.7/site-packages/airflow/example_dags/example_bash_operator.py
[2023-04-08T10:16:53.630+0000] {processor.py:743} INFO - Processing file /home/airflow/.local/lib/python3.7/site-packages/airflow/example_dags/example_bash_operator.py for tasks to queue
[2023-04-08T10:16:53.645+0000] {logging_mixin.py:137} INFO - [2023-04-08T10:16:53.645+0000] {dagbag.py:532} INFO - Filling up the DagBag from /home/airflow/.local/lib/python3.7/site-packages/airflow/example_dags/example_bash_operator.py
[2023-04-08T10:16:53.684+0000] {processor.py:753} INFO - DAG(s) dict_keys(['example_bash_operator']) retrieved from /home/airflow/.local/lib/python3.7/site-packages/airflow/example_dags/example_bash_operator.py
[2023-04-08T10:16:53.802+0000] {logging_mixin.py:137} INFO - [2023-04-08T10:16:53.802+0000] {dag.py:2705} INFO - Sync 1 DAGs
[2023-04-08T10:16:53.861+0000] {logging_mixin.py:137} INFO - [2023-04-08T10:16:53.861+0000] {dag.py:3456} INFO - Setting next_dagrun for example_bash_operator to 2023-04-07T00:00:00+00:00, run_after=2023-04-08T00:00:00+00:00
[2023-04-08T10:16:53.922+0000] {processor.py:175} INFO - Processing /home/airflow/.local/lib/python3.7/site-packages/airflow/example_dags/example_bash_operator.py took 0.309 seconds
[2023-04-08T10:17:24.258+0000] {processor.py:153} INFO - Started process (PID=49472) to work on /home/airflow/.local/lib/python3.7/site-packages/airflow/example_dags/example_bash_operator.py
[2023-04-08T10:17:24.265+0000] {processor.py:743} INFO - Processing file /home/airflow/.local/lib/python3.7/site-packages/airflow/example_dags/example_bash_operator.py for tasks to queue
[2023-04-08T10:17:24.267+0000] {logging_mixin.py:137} INFO - [2023-04-08T10:17:24.266+0000] {dagbag.py:532} INFO - Filling up the DagBag from /home/airflow/.local/lib/python3.7/site-packages/airflow/example_dags/example_bash_operator.py
[2023-04-08T10:17:24.291+0000] {processor.py:753} INFO - DAG(s) dict_keys(['example_bash_operator']) retrieved from /home/airflow/.local/lib/python3.7/site-packages/airflow/example_dags/example_bash_operator.py
[2023-04-08T10:17:24.347+0000] {logging_mixin.py:137} INFO - [2023-04-08T10:17:24.347+0000] {dag.py:2705} INFO - Sync 1 DAGs
[2023-04-08T10:17:24.384+0000] {logging_mixin.py:137} INFO - [2023-04-08T10:17:24.384+0000] {dag.py:3456} INFO - Setting next_dagrun for example_bash_operator to 2023-04-07T00:00:00+00:00, run_after=2023-04-08T00:00:00+00:00
[2023-04-08T10:17:24.412+0000] {processor.py:175} INFO - Processing /home/airflow/.local/lib/python3.7/site-packages/airflow/example_dags/example_bash_operator.py took 0.160 seconds
[2023-04-08T10:17:54.516+0000] {processor.py:153} INFO - Started process (PID=49523) to work on /home/airflow/.local/lib/python3.7/site-packages/airflow/example_dags/example_bash_operator.py
[2023-04-08T10:17:54.518+0000] {processor.py:743} INFO - Processing file /home/airflow/.local/lib/python3.7/site-packages/airflow/example_dags/example_bash_operator.py for tasks to queue
[2023-04-08T10:17:54.520+0000] {logging_mixin.py:137} INFO - [2023-04-08T10:17:54.520+0000] {dagbag.py:532} INFO - Filling up the DagBag from /home/airflow/.local/lib/python3.7/site-packages/airflow/example_dags/example_bash_operator.py
[2023-04-08T10:17:54.544+0000] {processor.py:753} INFO - DAG(s) dict_keys(['example_bash_operator']) retrieved from /home/airflow/.local/lib/python3.7/site-packages/airflow/example_dags/example_bash_operator.py
[2023-04-08T10:17:54.605+0000] {logging_mixin.py:137} INFO - [2023-04-08T10:17:54.605+0000] {dag.py:2705} INFO - Sync 1 DAGs
[2023-04-08T10:17:54.641+0000] {logging_mixin.py:137} INFO - [2023-04-08T10:17:54.641+0000] {dag.py:3456} INFO - Setting next_dagrun for example_bash_operator to 2023-04-07T00:00:00+00:00, run_after=2023-04-08T00:00:00+00:00
[2023-04-08T10:17:54.669+0000] {processor.py:175} INFO - Processing /home/airflow/.local/lib/python3.7/site-packages/airflow/example_dags/example_bash_operator.py took 0.158 seconds
[2023-04-08T10:18:24.890+0000] {processor.py:153} INFO - Started process (PID=49574) to work on /home/airflow/.local/lib/python3.7/site-packages/airflow/example_dags/example_bash_operator.py
[2023-04-08T10:18:24.892+0000] {processor.py:743} INFO - Processing file /home/airflow/.local/lib/python3.7/site-packages/airflow/example_dags/example_bash_operator.py for tasks to queue
[2023-04-08T10:18:24.895+0000] {logging_mixin.py:137} INFO - [2023-04-08T10:18:24.894+0000] {dagbag.py:532} INFO - Filling up the DagBag from /home/airflow/.local/lib/python3.7/site-packages/airflow/example_dags/example_bash_operator.py
[2023-04-08T10:18:24.918+0000] {processor.py:753} INFO - DAG(s) dict_keys(['example_bash_operator']) retrieved from /home/airflow/.local/lib/python3.7/site-packages/airflow/example_dags/example_bash_operator.py
[2023-04-08T10:18:24.976+0000] {logging_mixin.py:137} INFO - [2023-04-08T10:18:24.976+0000] {dag.py:2705} INFO - Sync 1 DAGs
[2023-04-08T10:18:25.018+0000] {logging_mixin.py:137} INFO - [2023-04-08T10:18:25.018+0000] {dag.py:3456} INFO - Setting next_dagrun for example_bash_operator to 2023-04-07T00:00:00+00:00, run_after=2023-04-08T00:00:00+00:00
[2023-04-08T10:18:25.050+0000] {processor.py:175} INFO - Processing /home/airflow/.local/lib/python3.7/site-packages/airflow/example_dags/example_bash_operator.py took 0.166 seconds
