[2023-04-08T07:06:59.653+0000] {processor.py:153} INFO - Started process (PID=48369) to work on /home/airflow/.local/lib/python3.7/site-packages/airflow/example_dags/example_complex.py
[2023-04-08T07:06:59.821+0000] {processor.py:743} INFO - Processing file /home/airflow/.local/lib/python3.7/site-packages/airflow/example_dags/example_complex.py for tasks to queue
[2023-04-08T07:06:59.872+0000] {logging_mixin.py:137} INFO - [2023-04-08T07:06:59.869+0000] {dagbag.py:532} INFO - Filling up the DagBag from /home/airflow/.local/lib/python3.7/site-packages/airflow/example_dags/example_complex.py
[2023-04-08T07:07:00.180+0000] {logging_mixin.py:137} INFO - [2023-04-08T07:07:00.179+0000] {taskmixin.py:211} WARNING - Dependency <Task(BashOperator): create_entry_group>, delete_entry_group already registered for DAG: example_complex
[2023-04-08T07:07:00.187+0000] {logging_mixin.py:137} INFO - [2023-04-08T07:07:00.186+0000] {taskmixin.py:211} WARNING - Dependency <Task(BashOperator): delete_entry_group>, create_entry_group already registered for DAG: example_complex
[2023-04-08T07:07:00.196+0000] {logging_mixin.py:137} INFO - [2023-04-08T07:07:00.195+0000] {taskmixin.py:211} WARNING - Dependency <Task(BashOperator): create_entry_gcs>, delete_entry already registered for DAG: example_complex
[2023-04-08T07:07:00.201+0000] {logging_mixin.py:137} INFO - [2023-04-08T07:07:00.200+0000] {taskmixin.py:211} WARNING - Dependency <Task(BashOperator): delete_entry>, create_entry_gcs already registered for DAG: example_complex
[2023-04-08T07:07:00.207+0000] {logging_mixin.py:137} INFO - [2023-04-08T07:07:00.207+0000] {taskmixin.py:211} WARNING - Dependency <Task(BashOperator): create_tag>, delete_tag already registered for DAG: example_complex
[2023-04-08T07:07:00.214+0000] {logging_mixin.py:137} INFO - [2023-04-08T07:07:00.213+0000] {taskmixin.py:211} WARNING - Dependency <Task(BashOperator): delete_tag>, create_tag already registered for DAG: example_complex
[2023-04-08T07:07:00.225+0000] {processor.py:753} INFO - DAG(s) dict_keys(['example_complex']) retrieved from /home/airflow/.local/lib/python3.7/site-packages/airflow/example_dags/example_complex.py
[2023-04-08T07:07:00.842+0000] {logging_mixin.py:137} INFO - [2023-04-08T07:07:00.841+0000] {dag.py:2705} INFO - Sync 1 DAGs
[2023-04-08T07:07:01.022+0000] {logging_mixin.py:137} INFO - [2023-04-08T07:07:01.021+0000] {dag.py:3456} INFO - Setting next_dagrun for example_complex to None, run_after=None
[2023-04-08T07:07:01.181+0000] {processor.py:175} INFO - Processing /home/airflow/.local/lib/python3.7/site-packages/airflow/example_dags/example_complex.py took 1.629 seconds
[2023-04-08T07:07:39.598+0000] {processor.py:153} INFO - Started process (PID=48421) to work on /home/airflow/.local/lib/python3.7/site-packages/airflow/example_dags/example_complex.py
[2023-04-08T07:07:39.606+0000] {processor.py:743} INFO - Processing file /home/airflow/.local/lib/python3.7/site-packages/airflow/example_dags/example_complex.py for tasks to queue
[2023-04-08T07:07:39.614+0000] {logging_mixin.py:137} INFO - [2023-04-08T07:07:39.613+0000] {dagbag.py:532} INFO - Filling up the DagBag from /home/airflow/.local/lib/python3.7/site-packages/airflow/example_dags/example_complex.py
[2023-04-08T07:07:39.814+0000] {logging_mixin.py:137} INFO - [2023-04-08T07:07:39.812+0000] {taskmixin.py:211} WARNING - Dependency <Task(BashOperator): create_entry_group>, delete_entry_group already registered for DAG: example_complex
[2023-04-08T07:07:39.820+0000] {logging_mixin.py:137} INFO - [2023-04-08T07:07:39.819+0000] {taskmixin.py:211} WARNING - Dependency <Task(BashOperator): delete_entry_group>, create_entry_group already registered for DAG: example_complex
[2023-04-08T07:07:39.826+0000] {logging_mixin.py:137} INFO - [2023-04-08T07:07:39.825+0000] {taskmixin.py:211} WARNING - Dependency <Task(BashOperator): create_entry_gcs>, delete_entry already registered for DAG: example_complex
[2023-04-08T07:07:39.831+0000] {logging_mixin.py:137} INFO - [2023-04-08T07:07:39.831+0000] {taskmixin.py:211} WARNING - Dependency <Task(BashOperator): delete_entry>, create_entry_gcs already registered for DAG: example_complex
[2023-04-08T07:07:39.844+0000] {logging_mixin.py:137} INFO - [2023-04-08T07:07:39.843+0000] {taskmixin.py:211} WARNING - Dependency <Task(BashOperator): create_tag>, delete_tag already registered for DAG: example_complex
[2023-04-08T07:07:39.851+0000] {logging_mixin.py:137} INFO - [2023-04-08T07:07:39.851+0000] {taskmixin.py:211} WARNING - Dependency <Task(BashOperator): delete_tag>, create_tag already registered for DAG: example_complex
[2023-04-08T07:07:39.865+0000] {processor.py:753} INFO - DAG(s) dict_keys(['example_complex']) retrieved from /home/airflow/.local/lib/python3.7/site-packages/airflow/example_dags/example_complex.py
[2023-04-08T07:07:40.938+0000] {logging_mixin.py:137} INFO - [2023-04-08T07:07:40.938+0000] {dag.py:2705} INFO - Sync 1 DAGs
[2023-04-08T07:07:41.377+0000] {logging_mixin.py:137} INFO - [2023-04-08T07:07:41.377+0000] {dag.py:3456} INFO - Setting next_dagrun for example_complex to None, run_after=None
[2023-04-08T07:07:41.569+0000] {processor.py:175} INFO - Processing /home/airflow/.local/lib/python3.7/site-packages/airflow/example_dags/example_complex.py took 2.005 seconds
[2023-04-08T07:08:19.423+0000] {processor.py:153} INFO - Started process (PID=48483) to work on /home/airflow/.local/lib/python3.7/site-packages/airflow/example_dags/example_complex.py
[2023-04-08T07:08:19.431+0000] {processor.py:743} INFO - Processing file /home/airflow/.local/lib/python3.7/site-packages/airflow/example_dags/example_complex.py for tasks to queue
[2023-04-08T07:08:19.444+0000] {logging_mixin.py:137} INFO - [2023-04-08T07:08:19.443+0000] {dagbag.py:532} INFO - Filling up the DagBag from /home/airflow/.local/lib/python3.7/site-packages/airflow/example_dags/example_complex.py
[2023-04-08T07:08:19.634+0000] {logging_mixin.py:137} INFO - [2023-04-08T07:08:19.634+0000] {taskmixin.py:211} WARNING - Dependency <Task(BashOperator): create_entry_group>, delete_entry_group already registered for DAG: example_complex
[2023-04-08T07:08:19.636+0000] {logging_mixin.py:137} INFO - [2023-04-08T07:08:19.636+0000] {taskmixin.py:211} WARNING - Dependency <Task(BashOperator): delete_entry_group>, create_entry_group already registered for DAG: example_complex
[2023-04-08T07:08:19.640+0000] {logging_mixin.py:137} INFO - [2023-04-08T07:08:19.639+0000] {taskmixin.py:211} WARNING - Dependency <Task(BashOperator): create_entry_gcs>, delete_entry already registered for DAG: example_complex
[2023-04-08T07:08:19.645+0000] {logging_mixin.py:137} INFO - [2023-04-08T07:08:19.644+0000] {taskmixin.py:211} WARNING - Dependency <Task(BashOperator): delete_entry>, create_entry_gcs already registered for DAG: example_complex
[2023-04-08T07:08:19.650+0000] {logging_mixin.py:137} INFO - [2023-04-08T07:08:19.649+0000] {taskmixin.py:211} WARNING - Dependency <Task(BashOperator): create_tag>, delete_tag already registered for DAG: example_complex
[2023-04-08T07:08:19.656+0000] {logging_mixin.py:137} INFO - [2023-04-08T07:08:19.654+0000] {taskmixin.py:211} WARNING - Dependency <Task(BashOperator): delete_tag>, create_tag already registered for DAG: example_complex
[2023-04-08T07:08:19.666+0000] {processor.py:753} INFO - DAG(s) dict_keys(['example_complex']) retrieved from /home/airflow/.local/lib/python3.7/site-packages/airflow/example_dags/example_complex.py
[2023-04-08T07:08:19.969+0000] {logging_mixin.py:137} INFO - [2023-04-08T07:08:19.969+0000] {dag.py:2705} INFO - Sync 1 DAGs
[2023-04-08T07:08:20.294+0000] {logging_mixin.py:137} INFO - [2023-04-08T07:08:20.293+0000] {dag.py:3456} INFO - Setting next_dagrun for example_complex to None, run_after=None
[2023-04-08T07:08:20.582+0000] {processor.py:175} INFO - Processing /home/airflow/.local/lib/python3.7/site-packages/airflow/example_dags/example_complex.py took 1.188 seconds
[2023-04-08T07:09:06.418+0000] {processor.py:153} INFO - Started process (PID=48541) to work on /home/airflow/.local/lib/python3.7/site-packages/airflow/example_dags/example_complex.py
[2023-04-08T07:09:06.425+0000] {processor.py:743} INFO - Processing file /home/airflow/.local/lib/python3.7/site-packages/airflow/example_dags/example_complex.py for tasks to queue
[2023-04-08T07:09:06.433+0000] {logging_mixin.py:137} INFO - [2023-04-08T07:09:06.432+0000] {dagbag.py:532} INFO - Filling up the DagBag from /home/airflow/.local/lib/python3.7/site-packages/airflow/example_dags/example_complex.py
[2023-04-08T07:09:06.534+0000] {logging_mixin.py:137} INFO - [2023-04-08T07:09:06.533+0000] {taskmixin.py:211} WARNING - Dependency <Task(BashOperator): create_entry_group>, delete_entry_group already registered for DAG: example_complex
[2023-04-08T07:09:06.537+0000] {logging_mixin.py:137} INFO - [2023-04-08T07:09:06.537+0000] {taskmixin.py:211} WARNING - Dependency <Task(BashOperator): delete_entry_group>, create_entry_group already registered for DAG: example_complex
[2023-04-08T07:09:06.541+0000] {logging_mixin.py:137} INFO - [2023-04-08T07:09:06.540+0000] {taskmixin.py:211} WARNING - Dependency <Task(BashOperator): create_entry_gcs>, delete_entry already registered for DAG: example_complex
[2023-04-08T07:09:06.543+0000] {logging_mixin.py:137} INFO - [2023-04-08T07:09:06.543+0000] {taskmixin.py:211} WARNING - Dependency <Task(BashOperator): delete_entry>, create_entry_gcs already registered for DAG: example_complex
[2023-04-08T07:09:06.545+0000] {logging_mixin.py:137} INFO - [2023-04-08T07:09:06.545+0000] {taskmixin.py:211} WARNING - Dependency <Task(BashOperator): create_tag>, delete_tag already registered for DAG: example_complex
[2023-04-08T07:09:06.550+0000] {logging_mixin.py:137} INFO - [2023-04-08T07:09:06.549+0000] {taskmixin.py:211} WARNING - Dependency <Task(BashOperator): delete_tag>, create_tag already registered for DAG: example_complex
[2023-04-08T07:09:06.561+0000] {processor.py:753} INFO - DAG(s) dict_keys(['example_complex']) retrieved from /home/airflow/.local/lib/python3.7/site-packages/airflow/example_dags/example_complex.py
[2023-04-08T07:09:06.841+0000] {logging_mixin.py:137} INFO - [2023-04-08T07:09:06.841+0000] {dag.py:2705} INFO - Sync 1 DAGs
[2023-04-08T07:09:06.997+0000] {logging_mixin.py:137} INFO - [2023-04-08T07:09:06.996+0000] {dag.py:3456} INFO - Setting next_dagrun for example_complex to None, run_after=None
[2023-04-08T07:09:07.147+0000] {processor.py:175} INFO - Processing /home/airflow/.local/lib/python3.7/site-packages/airflow/example_dags/example_complex.py took 0.746 seconds
[2023-04-08T08:07:37.078+0000] {processor.py:153} INFO - Started process (PID=48673) to work on /home/airflow/.local/lib/python3.7/site-packages/airflow/example_dags/example_complex.py
[2023-04-08T08:07:37.088+0000] {processor.py:743} INFO - Processing file /home/airflow/.local/lib/python3.7/site-packages/airflow/example_dags/example_complex.py for tasks to queue
[2023-04-08T08:07:37.096+0000] {logging_mixin.py:137} INFO - [2023-04-08T08:07:37.096+0000] {dagbag.py:532} INFO - Filling up the DagBag from /home/airflow/.local/lib/python3.7/site-packages/airflow/example_dags/example_complex.py
[2023-04-08T08:07:37.133+0000] {logging_mixin.py:137} INFO - [2023-04-08T08:07:37.132+0000] {taskmixin.py:211} WARNING - Dependency <Task(BashOperator): create_entry_group>, delete_entry_group already registered for DAG: example_complex
[2023-04-08T08:07:37.138+0000] {logging_mixin.py:137} INFO - [2023-04-08T08:07:37.138+0000] {taskmixin.py:211} WARNING - Dependency <Task(BashOperator): delete_entry_group>, create_entry_group already registered for DAG: example_complex
[2023-04-08T08:07:37.140+0000] {logging_mixin.py:137} INFO - [2023-04-08T08:07:37.140+0000] {taskmixin.py:211} WARNING - Dependency <Task(BashOperator): create_entry_gcs>, delete_entry already registered for DAG: example_complex
[2023-04-08T08:07:37.142+0000] {logging_mixin.py:137} INFO - [2023-04-08T08:07:37.141+0000] {taskmixin.py:211} WARNING - Dependency <Task(BashOperator): delete_entry>, create_entry_gcs already registered for DAG: example_complex
[2023-04-08T08:07:37.152+0000] {logging_mixin.py:137} INFO - [2023-04-08T08:07:37.152+0000] {taskmixin.py:211} WARNING - Dependency <Task(BashOperator): create_tag>, delete_tag already registered for DAG: example_complex
[2023-04-08T08:07:37.167+0000] {logging_mixin.py:137} INFO - [2023-04-08T08:07:37.166+0000] {taskmixin.py:211} WARNING - Dependency <Task(BashOperator): delete_tag>, create_tag already registered for DAG: example_complex
[2023-04-08T08:07:37.175+0000] {processor.py:753} INFO - DAG(s) dict_keys(['example_complex']) retrieved from /home/airflow/.local/lib/python3.7/site-packages/airflow/example_dags/example_complex.py
[2023-04-08T08:07:37.288+0000] {logging_mixin.py:137} INFO - [2023-04-08T08:07:37.287+0000] {dag.py:2705} INFO - Sync 1 DAGs
[2023-04-08T08:07:37.365+0000] {logging_mixin.py:137} INFO - [2023-04-08T08:07:37.365+0000] {dag.py:3456} INFO - Setting next_dagrun for example_complex to None, run_after=None
[2023-04-08T08:07:37.735+0000] {processor.py:175} INFO - Processing /home/airflow/.local/lib/python3.7/site-packages/airflow/example_dags/example_complex.py took 0.678 seconds
[2023-04-08T10:09:24.943+0000] {processor.py:153} INFO - Started process (PID=48806) to work on /home/airflow/.local/lib/python3.7/site-packages/airflow/example_dags/example_complex.py
[2023-04-08T10:09:24.972+0000] {processor.py:743} INFO - Processing file /home/airflow/.local/lib/python3.7/site-packages/airflow/example_dags/example_complex.py for tasks to queue
[2023-04-08T10:09:24.985+0000] {logging_mixin.py:137} INFO - [2023-04-08T10:09:24.983+0000] {dagbag.py:532} INFO - Filling up the DagBag from /home/airflow/.local/lib/python3.7/site-packages/airflow/example_dags/example_complex.py
[2023-04-08T10:09:25.170+0000] {logging_mixin.py:137} INFO - [2023-04-08T10:09:25.168+0000] {taskmixin.py:211} WARNING - Dependency <Task(BashOperator): create_entry_group>, delete_entry_group already registered for DAG: example_complex
[2023-04-08T10:09:25.188+0000] {logging_mixin.py:137} INFO - [2023-04-08T10:09:25.188+0000] {taskmixin.py:211} WARNING - Dependency <Task(BashOperator): delete_entry_group>, create_entry_group already registered for DAG: example_complex
[2023-04-08T10:09:25.194+0000] {logging_mixin.py:137} INFO - [2023-04-08T10:09:25.193+0000] {taskmixin.py:211} WARNING - Dependency <Task(BashOperator): create_entry_gcs>, delete_entry already registered for DAG: example_complex
[2023-04-08T10:09:25.199+0000] {logging_mixin.py:137} INFO - [2023-04-08T10:09:25.198+0000] {taskmixin.py:211} WARNING - Dependency <Task(BashOperator): delete_entry>, create_entry_gcs already registered for DAG: example_complex
[2023-04-08T10:09:25.209+0000] {logging_mixin.py:137} INFO - [2023-04-08T10:09:25.207+0000] {taskmixin.py:211} WARNING - Dependency <Task(BashOperator): create_tag>, delete_tag already registered for DAG: example_complex
[2023-04-08T10:09:25.215+0000] {logging_mixin.py:137} INFO - [2023-04-08T10:09:25.214+0000] {taskmixin.py:211} WARNING - Dependency <Task(BashOperator): delete_tag>, create_tag already registered for DAG: example_complex
[2023-04-08T10:09:25.226+0000] {processor.py:753} INFO - DAG(s) dict_keys(['example_complex']) retrieved from /home/airflow/.local/lib/python3.7/site-packages/airflow/example_dags/example_complex.py
[2023-04-08T10:09:25.573+0000] {logging_mixin.py:137} INFO - [2023-04-08T10:09:25.572+0000] {dag.py:2705} INFO - Sync 1 DAGs
[2023-04-08T10:09:25.892+0000] {logging_mixin.py:137} INFO - [2023-04-08T10:09:25.890+0000] {dag.py:3456} INFO - Setting next_dagrun for example_complex to None, run_after=None
[2023-04-08T10:09:26.751+0000] {processor.py:175} INFO - Processing /home/airflow/.local/lib/python3.7/site-packages/airflow/example_dags/example_complex.py took 1.839 seconds
[2023-04-08T10:10:07.205+0000] {processor.py:153} INFO - Started process (PID=48867) to work on /home/airflow/.local/lib/python3.7/site-packages/airflow/example_dags/example_complex.py
[2023-04-08T10:10:07.239+0000] {processor.py:743} INFO - Processing file /home/airflow/.local/lib/python3.7/site-packages/airflow/example_dags/example_complex.py for tasks to queue
[2023-04-08T10:10:07.249+0000] {logging_mixin.py:137} INFO - [2023-04-08T10:10:07.248+0000] {dagbag.py:532} INFO - Filling up the DagBag from /home/airflow/.local/lib/python3.7/site-packages/airflow/example_dags/example_complex.py
[2023-04-08T10:10:07.354+0000] {logging_mixin.py:137} INFO - [2023-04-08T10:10:07.353+0000] {taskmixin.py:211} WARNING - Dependency <Task(BashOperator): create_entry_group>, delete_entry_group already registered for DAG: example_complex
[2023-04-08T10:10:07.362+0000] {logging_mixin.py:137} INFO - [2023-04-08T10:10:07.361+0000] {taskmixin.py:211} WARNING - Dependency <Task(BashOperator): delete_entry_group>, create_entry_group already registered for DAG: example_complex
[2023-04-08T10:10:07.375+0000] {logging_mixin.py:137} INFO - [2023-04-08T10:10:07.373+0000] {taskmixin.py:211} WARNING - Dependency <Task(BashOperator): create_entry_gcs>, delete_entry already registered for DAG: example_complex
[2023-04-08T10:10:07.391+0000] {logging_mixin.py:137} INFO - [2023-04-08T10:10:07.389+0000] {taskmixin.py:211} WARNING - Dependency <Task(BashOperator): delete_entry>, create_entry_gcs already registered for DAG: example_complex
[2023-04-08T10:10:07.412+0000] {logging_mixin.py:137} INFO - [2023-04-08T10:10:07.407+0000] {taskmixin.py:211} WARNING - Dependency <Task(BashOperator): create_tag>, delete_tag already registered for DAG: example_complex
[2023-04-08T10:10:07.416+0000] {logging_mixin.py:137} INFO - [2023-04-08T10:10:07.414+0000] {taskmixin.py:211} WARNING - Dependency <Task(BashOperator): delete_tag>, create_tag already registered for DAG: example_complex
[2023-04-08T10:10:07.450+0000] {processor.py:753} INFO - DAG(s) dict_keys(['example_complex']) retrieved from /home/airflow/.local/lib/python3.7/site-packages/airflow/example_dags/example_complex.py
[2023-04-08T10:10:07.716+0000] {logging_mixin.py:137} INFO - [2023-04-08T10:10:07.715+0000] {dag.py:2705} INFO - Sync 1 DAGs
[2023-04-08T10:10:07.889+0000] {logging_mixin.py:137} INFO - [2023-04-08T10:10:07.888+0000] {dag.py:3456} INFO - Setting next_dagrun for example_complex to None, run_after=None
[2023-04-08T10:10:08.080+0000] {processor.py:175} INFO - Processing /home/airflow/.local/lib/python3.7/site-packages/airflow/example_dags/example_complex.py took 0.886 seconds
[2023-04-08T10:10:40.460+0000] {processor.py:153} INFO - Started process (PID=48925) to work on /home/airflow/.local/lib/python3.7/site-packages/airflow/example_dags/example_complex.py
[2023-04-08T10:10:40.467+0000] {processor.py:743} INFO - Processing file /home/airflow/.local/lib/python3.7/site-packages/airflow/example_dags/example_complex.py for tasks to queue
[2023-04-08T10:10:40.473+0000] {logging_mixin.py:137} INFO - [2023-04-08T10:10:40.472+0000] {dagbag.py:532} INFO - Filling up the DagBag from /home/airflow/.local/lib/python3.7/site-packages/airflow/example_dags/example_complex.py
[2023-04-08T10:10:40.573+0000] {logging_mixin.py:137} INFO - [2023-04-08T10:10:40.572+0000] {taskmixin.py:211} WARNING - Dependency <Task(BashOperator): create_entry_group>, delete_entry_group already registered for DAG: example_complex
[2023-04-08T10:10:40.583+0000] {logging_mixin.py:137} INFO - [2023-04-08T10:10:40.582+0000] {taskmixin.py:211} WARNING - Dependency <Task(BashOperator): delete_entry_group>, create_entry_group already registered for DAG: example_complex
[2023-04-08T10:10:40.595+0000] {logging_mixin.py:137} INFO - [2023-04-08T10:10:40.595+0000] {taskmixin.py:211} WARNING - Dependency <Task(BashOperator): create_entry_gcs>, delete_entry already registered for DAG: example_complex
[2023-04-08T10:10:40.607+0000] {logging_mixin.py:137} INFO - [2023-04-08T10:10:40.607+0000] {taskmixin.py:211} WARNING - Dependency <Task(BashOperator): delete_entry>, create_entry_gcs already registered for DAG: example_complex
[2023-04-08T10:10:40.616+0000] {logging_mixin.py:137} INFO - [2023-04-08T10:10:40.616+0000] {taskmixin.py:211} WARNING - Dependency <Task(BashOperator): create_tag>, delete_tag already registered for DAG: example_complex
[2023-04-08T10:10:40.620+0000] {logging_mixin.py:137} INFO - [2023-04-08T10:10:40.619+0000] {taskmixin.py:211} WARNING - Dependency <Task(BashOperator): delete_tag>, create_tag already registered for DAG: example_complex
[2023-04-08T10:10:40.637+0000] {processor.py:753} INFO - DAG(s) dict_keys(['example_complex']) retrieved from /home/airflow/.local/lib/python3.7/site-packages/airflow/example_dags/example_complex.py
[2023-04-08T10:10:40.849+0000] {logging_mixin.py:137} INFO - [2023-04-08T10:10:40.848+0000] {dag.py:2705} INFO - Sync 1 DAGs
[2023-04-08T10:10:40.959+0000] {logging_mixin.py:137} INFO - [2023-04-08T10:10:40.958+0000] {dag.py:3456} INFO - Setting next_dagrun for example_complex to None, run_after=None
[2023-04-08T10:10:41.070+0000] {processor.py:175} INFO - Processing /home/airflow/.local/lib/python3.7/site-packages/airflow/example_dags/example_complex.py took 0.628 seconds
[2023-04-08T10:11:29.449+0000] {processor.py:153} INFO - Started process (PID=48982) to work on /home/airflow/.local/lib/python3.7/site-packages/airflow/example_dags/example_complex.py
[2023-04-08T10:11:29.475+0000] {processor.py:743} INFO - Processing file /home/airflow/.local/lib/python3.7/site-packages/airflow/example_dags/example_complex.py for tasks to queue
[2023-04-08T10:11:29.482+0000] {logging_mixin.py:137} INFO - [2023-04-08T10:11:29.482+0000] {dagbag.py:532} INFO - Filling up the DagBag from /home/airflow/.local/lib/python3.7/site-packages/airflow/example_dags/example_complex.py
[2023-04-08T10:11:29.695+0000] {logging_mixin.py:137} INFO - [2023-04-08T10:11:29.695+0000] {taskmixin.py:211} WARNING - Dependency <Task(BashOperator): create_entry_group>, delete_entry_group already registered for DAG: example_complex
[2023-04-08T10:11:29.699+0000] {logging_mixin.py:137} INFO - [2023-04-08T10:11:29.699+0000] {taskmixin.py:211} WARNING - Dependency <Task(BashOperator): delete_entry_group>, create_entry_group already registered for DAG: example_complex
[2023-04-08T10:11:29.703+0000] {logging_mixin.py:137} INFO - [2023-04-08T10:11:29.702+0000] {taskmixin.py:211} WARNING - Dependency <Task(BashOperator): create_entry_gcs>, delete_entry already registered for DAG: example_complex
[2023-04-08T10:11:29.707+0000] {logging_mixin.py:137} INFO - [2023-04-08T10:11:29.706+0000] {taskmixin.py:211} WARNING - Dependency <Task(BashOperator): delete_entry>, create_entry_gcs already registered for DAG: example_complex
[2023-04-08T10:11:29.712+0000] {logging_mixin.py:137} INFO - [2023-04-08T10:11:29.711+0000] {taskmixin.py:211} WARNING - Dependency <Task(BashOperator): create_tag>, delete_tag already registered for DAG: example_complex
[2023-04-08T10:11:29.716+0000] {logging_mixin.py:137} INFO - [2023-04-08T10:11:29.715+0000] {taskmixin.py:211} WARNING - Dependency <Task(BashOperator): delete_tag>, create_tag already registered for DAG: example_complex
[2023-04-08T10:11:29.743+0000] {processor.py:753} INFO - DAG(s) dict_keys(['example_complex']) retrieved from /home/airflow/.local/lib/python3.7/site-packages/airflow/example_dags/example_complex.py
[2023-04-08T10:11:30.144+0000] {logging_mixin.py:137} INFO - [2023-04-08T10:11:30.143+0000] {dag.py:2705} INFO - Sync 1 DAGs
[2023-04-08T10:11:30.397+0000] {logging_mixin.py:137} INFO - [2023-04-08T10:11:30.397+0000] {dag.py:3456} INFO - Setting next_dagrun for example_complex to None, run_after=None
[2023-04-08T10:11:30.519+0000] {processor.py:175} INFO - Processing /home/airflow/.local/lib/python3.7/site-packages/airflow/example_dags/example_complex.py took 1.155 seconds
[2023-04-08T10:12:11.312+0000] {processor.py:153} INFO - Started process (PID=49040) to work on /home/airflow/.local/lib/python3.7/site-packages/airflow/example_dags/example_complex.py
[2023-04-08T10:12:11.317+0000] {processor.py:743} INFO - Processing file /home/airflow/.local/lib/python3.7/site-packages/airflow/example_dags/example_complex.py for tasks to queue
[2023-04-08T10:12:11.325+0000] {logging_mixin.py:137} INFO - [2023-04-08T10:12:11.324+0000] {dagbag.py:532} INFO - Filling up the DagBag from /home/airflow/.local/lib/python3.7/site-packages/airflow/example_dags/example_complex.py
[2023-04-08T10:12:11.420+0000] {logging_mixin.py:137} INFO - [2023-04-08T10:12:11.419+0000] {taskmixin.py:211} WARNING - Dependency <Task(BashOperator): create_entry_group>, delete_entry_group already registered for DAG: example_complex
[2023-04-08T10:12:11.429+0000] {logging_mixin.py:137} INFO - [2023-04-08T10:12:11.428+0000] {taskmixin.py:211} WARNING - Dependency <Task(BashOperator): delete_entry_group>, create_entry_group already registered for DAG: example_complex
[2023-04-08T10:12:11.432+0000] {logging_mixin.py:137} INFO - [2023-04-08T10:12:11.431+0000] {taskmixin.py:211} WARNING - Dependency <Task(BashOperator): create_entry_gcs>, delete_entry already registered for DAG: example_complex
[2023-04-08T10:12:11.440+0000] {logging_mixin.py:137} INFO - [2023-04-08T10:12:11.440+0000] {taskmixin.py:211} WARNING - Dependency <Task(BashOperator): delete_entry>, create_entry_gcs already registered for DAG: example_complex
[2023-04-08T10:12:11.445+0000] {logging_mixin.py:137} INFO - [2023-04-08T10:12:11.444+0000] {taskmixin.py:211} WARNING - Dependency <Task(BashOperator): create_tag>, delete_tag already registered for DAG: example_complex
[2023-04-08T10:12:11.452+0000] {logging_mixin.py:137} INFO - [2023-04-08T10:12:11.451+0000] {taskmixin.py:211} WARNING - Dependency <Task(BashOperator): delete_tag>, create_tag already registered for DAG: example_complex
[2023-04-08T10:12:11.462+0000] {processor.py:753} INFO - DAG(s) dict_keys(['example_complex']) retrieved from /home/airflow/.local/lib/python3.7/site-packages/airflow/example_dags/example_complex.py
[2023-04-08T10:12:11.895+0000] {logging_mixin.py:137} INFO - [2023-04-08T10:12:11.894+0000] {dag.py:2705} INFO - Sync 1 DAGs
[2023-04-08T10:12:12.099+0000] {logging_mixin.py:137} INFO - [2023-04-08T10:12:12.099+0000] {dag.py:3456} INFO - Setting next_dagrun for example_complex to None, run_after=None
[2023-04-08T10:12:12.184+0000] {processor.py:175} INFO - Processing /home/airflow/.local/lib/python3.7/site-packages/airflow/example_dags/example_complex.py took 0.906 seconds
[2023-04-08T10:12:58.855+0000] {processor.py:153} INFO - Started process (PID=49099) to work on /home/airflow/.local/lib/python3.7/site-packages/airflow/example_dags/example_complex.py
[2023-04-08T10:12:58.874+0000] {processor.py:743} INFO - Processing file /home/airflow/.local/lib/python3.7/site-packages/airflow/example_dags/example_complex.py for tasks to queue
[2023-04-08T10:12:58.880+0000] {logging_mixin.py:137} INFO - [2023-04-08T10:12:58.879+0000] {dagbag.py:532} INFO - Filling up the DagBag from /home/airflow/.local/lib/python3.7/site-packages/airflow/example_dags/example_complex.py
[2023-04-08T10:12:58.989+0000] {logging_mixin.py:137} INFO - [2023-04-08T10:12:58.988+0000] {taskmixin.py:211} WARNING - Dependency <Task(BashOperator): create_entry_group>, delete_entry_group already registered for DAG: example_complex
[2023-04-08T10:12:59.007+0000] {logging_mixin.py:137} INFO - [2023-04-08T10:12:59.006+0000] {taskmixin.py:211} WARNING - Dependency <Task(BashOperator): delete_entry_group>, create_entry_group already registered for DAG: example_complex
[2023-04-08T10:12:59.020+0000] {logging_mixin.py:137} INFO - [2023-04-08T10:12:59.019+0000] {taskmixin.py:211} WARNING - Dependency <Task(BashOperator): create_entry_gcs>, delete_entry already registered for DAG: example_complex
[2023-04-08T10:12:59.027+0000] {logging_mixin.py:137} INFO - [2023-04-08T10:12:59.026+0000] {taskmixin.py:211} WARNING - Dependency <Task(BashOperator): delete_entry>, create_entry_gcs already registered for DAG: example_complex
[2023-04-08T10:12:59.033+0000] {logging_mixin.py:137} INFO - [2023-04-08T10:12:59.032+0000] {taskmixin.py:211} WARNING - Dependency <Task(BashOperator): create_tag>, delete_tag already registered for DAG: example_complex
[2023-04-08T10:12:59.039+0000] {logging_mixin.py:137} INFO - [2023-04-08T10:12:59.039+0000] {taskmixin.py:211} WARNING - Dependency <Task(BashOperator): delete_tag>, create_tag already registered for DAG: example_complex
[2023-04-08T10:12:59.066+0000] {processor.py:753} INFO - DAG(s) dict_keys(['example_complex']) retrieved from /home/airflow/.local/lib/python3.7/site-packages/airflow/example_dags/example_complex.py
[2023-04-08T10:12:59.448+0000] {logging_mixin.py:137} INFO - [2023-04-08T10:12:59.447+0000] {dag.py:2705} INFO - Sync 1 DAGs
[2023-04-08T10:12:59.622+0000] {logging_mixin.py:137} INFO - [2023-04-08T10:12:59.621+0000] {dag.py:3456} INFO - Setting next_dagrun for example_complex to None, run_after=None
[2023-04-08T10:12:59.855+0000] {processor.py:175} INFO - Processing /home/airflow/.local/lib/python3.7/site-packages/airflow/example_dags/example_complex.py took 1.033 seconds
[2023-04-08T10:14:08.810+0000] {processor.py:153} INFO - Started process (PID=49169) to work on /home/airflow/.local/lib/python3.7/site-packages/airflow/example_dags/example_complex.py
[2023-04-08T10:14:08.816+0000] {processor.py:743} INFO - Processing file /home/airflow/.local/lib/python3.7/site-packages/airflow/example_dags/example_complex.py for tasks to queue
[2023-04-08T10:14:08.820+0000] {logging_mixin.py:137} INFO - [2023-04-08T10:14:08.820+0000] {dagbag.py:532} INFO - Filling up the DagBag from /home/airflow/.local/lib/python3.7/site-packages/airflow/example_dags/example_complex.py
[2023-04-08T10:14:08.968+0000] {logging_mixin.py:137} INFO - [2023-04-08T10:14:08.968+0000] {taskmixin.py:211} WARNING - Dependency <Task(BashOperator): create_entry_group>, delete_entry_group already registered for DAG: example_complex
[2023-04-08T10:14:08.973+0000] {logging_mixin.py:137} INFO - [2023-04-08T10:14:08.972+0000] {taskmixin.py:211} WARNING - Dependency <Task(BashOperator): delete_entry_group>, create_entry_group already registered for DAG: example_complex
[2023-04-08T10:14:08.980+0000] {logging_mixin.py:137} INFO - [2023-04-08T10:14:08.979+0000] {taskmixin.py:211} WARNING - Dependency <Task(BashOperator): create_entry_gcs>, delete_entry already registered for DAG: example_complex
[2023-04-08T10:14:08.982+0000] {logging_mixin.py:137} INFO - [2023-04-08T10:14:08.982+0000] {taskmixin.py:211} WARNING - Dependency <Task(BashOperator): delete_entry>, create_entry_gcs already registered for DAG: example_complex
[2023-04-08T10:14:09.002+0000] {logging_mixin.py:137} INFO - [2023-04-08T10:14:09.001+0000] {taskmixin.py:211} WARNING - Dependency <Task(BashOperator): create_tag>, delete_tag already registered for DAG: example_complex
[2023-04-08T10:14:09.008+0000] {logging_mixin.py:137} INFO - [2023-04-08T10:14:09.004+0000] {taskmixin.py:211} WARNING - Dependency <Task(BashOperator): delete_tag>, create_tag already registered for DAG: example_complex
[2023-04-08T10:14:09.019+0000] {processor.py:753} INFO - DAG(s) dict_keys(['example_complex']) retrieved from /home/airflow/.local/lib/python3.7/site-packages/airflow/example_dags/example_complex.py
[2023-04-08T10:14:09.453+0000] {logging_mixin.py:137} INFO - [2023-04-08T10:14:09.453+0000] {dag.py:2705} INFO - Sync 1 DAGs
[2023-04-08T10:14:09.622+0000] {logging_mixin.py:137} INFO - [2023-04-08T10:14:09.621+0000] {dag.py:3456} INFO - Setting next_dagrun for example_complex to None, run_after=None
[2023-04-08T10:14:09.797+0000] {processor.py:175} INFO - Processing /home/airflow/.local/lib/python3.7/site-packages/airflow/example_dags/example_complex.py took 1.025 seconds
[2023-04-08T10:15:14.314+0000] {processor.py:153} INFO - Started process (PID=49250) to work on /home/airflow/.local/lib/python3.7/site-packages/airflow/example_dags/example_complex.py
[2023-04-08T10:15:14.326+0000] {processor.py:743} INFO - Processing file /home/airflow/.local/lib/python3.7/site-packages/airflow/example_dags/example_complex.py for tasks to queue
[2023-04-08T10:15:14.329+0000] {logging_mixin.py:137} INFO - [2023-04-08T10:15:14.328+0000] {dagbag.py:532} INFO - Filling up the DagBag from /home/airflow/.local/lib/python3.7/site-packages/airflow/example_dags/example_complex.py
[2023-04-08T10:15:14.549+0000] {logging_mixin.py:137} INFO - [2023-04-08T10:15:14.539+0000] {taskmixin.py:211} WARNING - Dependency <Task(BashOperator): create_entry_group>, delete_entry_group already registered for DAG: example_complex
[2023-04-08T10:15:14.553+0000] {logging_mixin.py:137} INFO - [2023-04-08T10:15:14.552+0000] {taskmixin.py:211} WARNING - Dependency <Task(BashOperator): delete_entry_group>, create_entry_group already registered for DAG: example_complex
[2023-04-08T10:15:14.560+0000] {logging_mixin.py:137} INFO - [2023-04-08T10:15:14.560+0000] {taskmixin.py:211} WARNING - Dependency <Task(BashOperator): create_entry_gcs>, delete_entry already registered for DAG: example_complex
[2023-04-08T10:15:14.563+0000] {logging_mixin.py:137} INFO - [2023-04-08T10:15:14.562+0000] {taskmixin.py:211} WARNING - Dependency <Task(BashOperator): delete_entry>, create_entry_gcs already registered for DAG: example_complex
[2023-04-08T10:15:14.566+0000] {logging_mixin.py:137} INFO - [2023-04-08T10:15:14.566+0000] {taskmixin.py:211} WARNING - Dependency <Task(BashOperator): create_tag>, delete_tag already registered for DAG: example_complex
[2023-04-08T10:15:14.568+0000] {logging_mixin.py:137} INFO - [2023-04-08T10:15:14.568+0000] {taskmixin.py:211} WARNING - Dependency <Task(BashOperator): delete_tag>, create_tag already registered for DAG: example_complex
[2023-04-08T10:15:14.582+0000] {processor.py:753} INFO - DAG(s) dict_keys(['example_complex']) retrieved from /home/airflow/.local/lib/python3.7/site-packages/airflow/example_dags/example_complex.py
[2023-04-08T10:15:14.831+0000] {logging_mixin.py:137} INFO - [2023-04-08T10:15:14.830+0000] {dag.py:2705} INFO - Sync 1 DAGs
[2023-04-08T10:15:14.979+0000] {logging_mixin.py:137} INFO - [2023-04-08T10:15:14.978+0000] {dag.py:3456} INFO - Setting next_dagrun for example_complex to None, run_after=None
[2023-04-08T10:15:15.099+0000] {processor.py:175} INFO - Processing /home/airflow/.local/lib/python3.7/site-packages/airflow/example_dags/example_complex.py took 0.844 seconds
[2023-04-08T10:15:54.294+0000] {processor.py:153} INFO - Started process (PID=49308) to work on /home/airflow/.local/lib/python3.7/site-packages/airflow/example_dags/example_complex.py
[2023-04-08T10:15:54.304+0000] {processor.py:743} INFO - Processing file /home/airflow/.local/lib/python3.7/site-packages/airflow/example_dags/example_complex.py for tasks to queue
[2023-04-08T10:15:54.311+0000] {logging_mixin.py:137} INFO - [2023-04-08T10:15:54.310+0000] {dagbag.py:532} INFO - Filling up the DagBag from /home/airflow/.local/lib/python3.7/site-packages/airflow/example_dags/example_complex.py
[2023-04-08T10:15:54.394+0000] {logging_mixin.py:137} INFO - [2023-04-08T10:15:54.393+0000] {taskmixin.py:211} WARNING - Dependency <Task(BashOperator): create_entry_group>, delete_entry_group already registered for DAG: example_complex
[2023-04-08T10:15:54.399+0000] {logging_mixin.py:137} INFO - [2023-04-08T10:15:54.399+0000] {taskmixin.py:211} WARNING - Dependency <Task(BashOperator): delete_entry_group>, create_entry_group already registered for DAG: example_complex
[2023-04-08T10:15:54.404+0000] {logging_mixin.py:137} INFO - [2023-04-08T10:15:54.403+0000] {taskmixin.py:211} WARNING - Dependency <Task(BashOperator): create_entry_gcs>, delete_entry already registered for DAG: example_complex
[2023-04-08T10:15:54.409+0000] {logging_mixin.py:137} INFO - [2023-04-08T10:15:54.408+0000] {taskmixin.py:211} WARNING - Dependency <Task(BashOperator): delete_entry>, create_entry_gcs already registered for DAG: example_complex
[2023-04-08T10:15:54.415+0000] {logging_mixin.py:137} INFO - [2023-04-08T10:15:54.414+0000] {taskmixin.py:211} WARNING - Dependency <Task(BashOperator): create_tag>, delete_tag already registered for DAG: example_complex
[2023-04-08T10:15:54.421+0000] {logging_mixin.py:137} INFO - [2023-04-08T10:15:54.419+0000] {taskmixin.py:211} WARNING - Dependency <Task(BashOperator): delete_tag>, create_tag already registered for DAG: example_complex
[2023-04-08T10:15:54.439+0000] {processor.py:753} INFO - DAG(s) dict_keys(['example_complex']) retrieved from /home/airflow/.local/lib/python3.7/site-packages/airflow/example_dags/example_complex.py
[2023-04-08T10:15:54.768+0000] {logging_mixin.py:137} INFO - [2023-04-08T10:15:54.767+0000] {dag.py:2705} INFO - Sync 1 DAGs
[2023-04-08T10:15:55.035+0000] {logging_mixin.py:137} INFO - [2023-04-08T10:15:55.034+0000] {dag.py:3456} INFO - Setting next_dagrun for example_complex to None, run_after=None
[2023-04-08T10:15:55.132+0000] {processor.py:175} INFO - Processing /home/airflow/.local/lib/python3.7/site-packages/airflow/example_dags/example_complex.py took 0.869 seconds
[2023-04-08T10:16:25.381+0000] {processor.py:153} INFO - Started process (PID=49358) to work on /home/airflow/.local/lib/python3.7/site-packages/airflow/example_dags/example_complex.py
[2023-04-08T10:16:25.397+0000] {processor.py:743} INFO - Processing file /home/airflow/.local/lib/python3.7/site-packages/airflow/example_dags/example_complex.py for tasks to queue
[2023-04-08T10:16:25.400+0000] {logging_mixin.py:137} INFO - [2023-04-08T10:16:25.400+0000] {dagbag.py:532} INFO - Filling up the DagBag from /home/airflow/.local/lib/python3.7/site-packages/airflow/example_dags/example_complex.py
[2023-04-08T10:16:25.459+0000] {logging_mixin.py:137} INFO - [2023-04-08T10:16:25.459+0000] {taskmixin.py:211} WARNING - Dependency <Task(BashOperator): create_entry_group>, delete_entry_group already registered for DAG: example_complex
[2023-04-08T10:16:25.462+0000] {logging_mixin.py:137} INFO - [2023-04-08T10:16:25.461+0000] {taskmixin.py:211} WARNING - Dependency <Task(BashOperator): delete_entry_group>, create_entry_group already registered for DAG: example_complex
[2023-04-08T10:16:25.464+0000] {logging_mixin.py:137} INFO - [2023-04-08T10:16:25.464+0000] {taskmixin.py:211} WARNING - Dependency <Task(BashOperator): create_entry_gcs>, delete_entry already registered for DAG: example_complex
[2023-04-08T10:16:25.466+0000] {logging_mixin.py:137} INFO - [2023-04-08T10:16:25.466+0000] {taskmixin.py:211} WARNING - Dependency <Task(BashOperator): delete_entry>, create_entry_gcs already registered for DAG: example_complex
[2023-04-08T10:16:25.469+0000] {logging_mixin.py:137} INFO - [2023-04-08T10:16:25.469+0000] {taskmixin.py:211} WARNING - Dependency <Task(BashOperator): create_tag>, delete_tag already registered for DAG: example_complex
[2023-04-08T10:16:25.471+0000] {logging_mixin.py:137} INFO - [2023-04-08T10:16:25.470+0000] {taskmixin.py:211} WARNING - Dependency <Task(BashOperator): delete_tag>, create_tag already registered for DAG: example_complex
[2023-04-08T10:16:25.478+0000] {processor.py:753} INFO - DAG(s) dict_keys(['example_complex']) retrieved from /home/airflow/.local/lib/python3.7/site-packages/airflow/example_dags/example_complex.py
[2023-04-08T10:16:25.696+0000] {logging_mixin.py:137} INFO - [2023-04-08T10:16:25.696+0000] {dag.py:2705} INFO - Sync 1 DAGs
[2023-04-08T10:16:25.818+0000] {logging_mixin.py:137} INFO - [2023-04-08T10:16:25.817+0000] {dag.py:3456} INFO - Setting next_dagrun for example_complex to None, run_after=None
[2023-04-08T10:16:25.916+0000] {processor.py:175} INFO - Processing /home/airflow/.local/lib/python3.7/site-packages/airflow/example_dags/example_complex.py took 0.561 seconds
[2023-04-08T10:16:56.256+0000] {processor.py:153} INFO - Started process (PID=49425) to work on /home/airflow/.local/lib/python3.7/site-packages/airflow/example_dags/example_complex.py
[2023-04-08T10:16:56.259+0000] {processor.py:743} INFO - Processing file /home/airflow/.local/lib/python3.7/site-packages/airflow/example_dags/example_complex.py for tasks to queue
[2023-04-08T10:16:56.262+0000] {logging_mixin.py:137} INFO - [2023-04-08T10:16:56.261+0000] {dagbag.py:532} INFO - Filling up the DagBag from /home/airflow/.local/lib/python3.7/site-packages/airflow/example_dags/example_complex.py
[2023-04-08T10:16:56.292+0000] {logging_mixin.py:137} INFO - [2023-04-08T10:16:56.292+0000] {taskmixin.py:211} WARNING - Dependency <Task(BashOperator): create_entry_group>, delete_entry_group already registered for DAG: example_complex
[2023-04-08T10:16:56.294+0000] {logging_mixin.py:137} INFO - [2023-04-08T10:16:56.294+0000] {taskmixin.py:211} WARNING - Dependency <Task(BashOperator): delete_entry_group>, create_entry_group already registered for DAG: example_complex
[2023-04-08T10:16:56.296+0000] {logging_mixin.py:137} INFO - [2023-04-08T10:16:56.296+0000] {taskmixin.py:211} WARNING - Dependency <Task(BashOperator): create_entry_gcs>, delete_entry already registered for DAG: example_complex
[2023-04-08T10:16:56.300+0000] {logging_mixin.py:137} INFO - [2023-04-08T10:16:56.299+0000] {taskmixin.py:211} WARNING - Dependency <Task(BashOperator): delete_entry>, create_entry_gcs already registered for DAG: example_complex
[2023-04-08T10:16:56.302+0000] {logging_mixin.py:137} INFO - [2023-04-08T10:16:56.302+0000] {taskmixin.py:211} WARNING - Dependency <Task(BashOperator): create_tag>, delete_tag already registered for DAG: example_complex
[2023-04-08T10:16:56.304+0000] {logging_mixin.py:137} INFO - [2023-04-08T10:16:56.304+0000] {taskmixin.py:211} WARNING - Dependency <Task(BashOperator): delete_tag>, create_tag already registered for DAG: example_complex
[2023-04-08T10:16:56.308+0000] {processor.py:753} INFO - DAG(s) dict_keys(['example_complex']) retrieved from /home/airflow/.local/lib/python3.7/site-packages/airflow/example_dags/example_complex.py
[2023-04-08T10:16:56.371+0000] {logging_mixin.py:137} INFO - [2023-04-08T10:16:56.371+0000] {dag.py:2705} INFO - Sync 1 DAGs
[2023-04-08T10:16:56.414+0000] {logging_mixin.py:137} INFO - [2023-04-08T10:16:56.414+0000] {dag.py:3456} INFO - Setting next_dagrun for example_complex to None, run_after=None
[2023-04-08T10:16:56.458+0000] {processor.py:175} INFO - Processing /home/airflow/.local/lib/python3.7/site-packages/airflow/example_dags/example_complex.py took 0.208 seconds
[2023-04-08T10:17:26.679+0000] {processor.py:153} INFO - Started process (PID=49476) to work on /home/airflow/.local/lib/python3.7/site-packages/airflow/example_dags/example_complex.py
[2023-04-08T10:17:26.684+0000] {processor.py:743} INFO - Processing file /home/airflow/.local/lib/python3.7/site-packages/airflow/example_dags/example_complex.py for tasks to queue
[2023-04-08T10:17:26.686+0000] {logging_mixin.py:137} INFO - [2023-04-08T10:17:26.686+0000] {dagbag.py:532} INFO - Filling up the DagBag from /home/airflow/.local/lib/python3.7/site-packages/airflow/example_dags/example_complex.py
[2023-04-08T10:17:26.707+0000] {logging_mixin.py:137} INFO - [2023-04-08T10:17:26.707+0000] {taskmixin.py:211} WARNING - Dependency <Task(BashOperator): create_entry_group>, delete_entry_group already registered for DAG: example_complex
[2023-04-08T10:17:26.708+0000] {logging_mixin.py:137} INFO - [2023-04-08T10:17:26.708+0000] {taskmixin.py:211} WARNING - Dependency <Task(BashOperator): delete_entry_group>, create_entry_group already registered for DAG: example_complex
[2023-04-08T10:17:26.710+0000] {logging_mixin.py:137} INFO - [2023-04-08T10:17:26.710+0000] {taskmixin.py:211} WARNING - Dependency <Task(BashOperator): create_entry_gcs>, delete_entry already registered for DAG: example_complex
[2023-04-08T10:17:26.711+0000] {logging_mixin.py:137} INFO - [2023-04-08T10:17:26.711+0000] {taskmixin.py:211} WARNING - Dependency <Task(BashOperator): delete_entry>, create_entry_gcs already registered for DAG: example_complex
[2023-04-08T10:17:26.713+0000] {logging_mixin.py:137} INFO - [2023-04-08T10:17:26.713+0000] {taskmixin.py:211} WARNING - Dependency <Task(BashOperator): create_tag>, delete_tag already registered for DAG: example_complex
[2023-04-08T10:17:26.714+0000] {logging_mixin.py:137} INFO - [2023-04-08T10:17:26.714+0000] {taskmixin.py:211} WARNING - Dependency <Task(BashOperator): delete_tag>, create_tag already registered for DAG: example_complex
[2023-04-08T10:17:26.717+0000] {processor.py:753} INFO - DAG(s) dict_keys(['example_complex']) retrieved from /home/airflow/.local/lib/python3.7/site-packages/airflow/example_dags/example_complex.py
[2023-04-08T10:17:26.774+0000] {logging_mixin.py:137} INFO - [2023-04-08T10:17:26.773+0000] {dag.py:2705} INFO - Sync 1 DAGs
[2023-04-08T10:17:26.811+0000] {logging_mixin.py:137} INFO - [2023-04-08T10:17:26.811+0000] {dag.py:3456} INFO - Setting next_dagrun for example_complex to None, run_after=None
[2023-04-08T10:17:26.838+0000] {processor.py:175} INFO - Processing /home/airflow/.local/lib/python3.7/site-packages/airflow/example_dags/example_complex.py took 0.165 seconds
[2023-04-08T10:17:56.925+0000] {processor.py:153} INFO - Started process (PID=49527) to work on /home/airflow/.local/lib/python3.7/site-packages/airflow/example_dags/example_complex.py
[2023-04-08T10:17:56.928+0000] {processor.py:743} INFO - Processing file /home/airflow/.local/lib/python3.7/site-packages/airflow/example_dags/example_complex.py for tasks to queue
[2023-04-08T10:17:56.930+0000] {logging_mixin.py:137} INFO - [2023-04-08T10:17:56.930+0000] {dagbag.py:532} INFO - Filling up the DagBag from /home/airflow/.local/lib/python3.7/site-packages/airflow/example_dags/example_complex.py
[2023-04-08T10:17:56.952+0000] {logging_mixin.py:137} INFO - [2023-04-08T10:17:56.952+0000] {taskmixin.py:211} WARNING - Dependency <Task(BashOperator): create_entry_group>, delete_entry_group already registered for DAG: example_complex
[2023-04-08T10:17:56.954+0000] {logging_mixin.py:137} INFO - [2023-04-08T10:17:56.954+0000] {taskmixin.py:211} WARNING - Dependency <Task(BashOperator): delete_entry_group>, create_entry_group already registered for DAG: example_complex
[2023-04-08T10:17:56.955+0000] {logging_mixin.py:137} INFO - [2023-04-08T10:17:56.955+0000] {taskmixin.py:211} WARNING - Dependency <Task(BashOperator): create_entry_gcs>, delete_entry already registered for DAG: example_complex
[2023-04-08T10:17:56.957+0000] {logging_mixin.py:137} INFO - [2023-04-08T10:17:56.957+0000] {taskmixin.py:211} WARNING - Dependency <Task(BashOperator): delete_entry>, create_entry_gcs already registered for DAG: example_complex
[2023-04-08T10:17:56.959+0000] {logging_mixin.py:137} INFO - [2023-04-08T10:17:56.959+0000] {taskmixin.py:211} WARNING - Dependency <Task(BashOperator): create_tag>, delete_tag already registered for DAG: example_complex
[2023-04-08T10:17:56.960+0000] {logging_mixin.py:137} INFO - [2023-04-08T10:17:56.960+0000] {taskmixin.py:211} WARNING - Dependency <Task(BashOperator): delete_tag>, create_tag already registered for DAG: example_complex
[2023-04-08T10:17:56.964+0000] {processor.py:753} INFO - DAG(s) dict_keys(['example_complex']) retrieved from /home/airflow/.local/lib/python3.7/site-packages/airflow/example_dags/example_complex.py
[2023-04-08T10:17:57.023+0000] {logging_mixin.py:137} INFO - [2023-04-08T10:17:57.023+0000] {dag.py:2705} INFO - Sync 1 DAGs
[2023-04-08T10:17:57.062+0000] {logging_mixin.py:137} INFO - [2023-04-08T10:17:57.062+0000] {dag.py:3456} INFO - Setting next_dagrun for example_complex to None, run_after=None
[2023-04-08T10:17:57.094+0000] {processor.py:175} INFO - Processing /home/airflow/.local/lib/python3.7/site-packages/airflow/example_dags/example_complex.py took 0.176 seconds
[2023-04-08T10:18:27.358+0000] {processor.py:153} INFO - Started process (PID=49580) to work on /home/airflow/.local/lib/python3.7/site-packages/airflow/example_dags/example_complex.py
[2023-04-08T10:18:27.360+0000] {processor.py:743} INFO - Processing file /home/airflow/.local/lib/python3.7/site-packages/airflow/example_dags/example_complex.py for tasks to queue
[2023-04-08T10:18:27.362+0000] {logging_mixin.py:137} INFO - [2023-04-08T10:18:27.362+0000] {dagbag.py:532} INFO - Filling up the DagBag from /home/airflow/.local/lib/python3.7/site-packages/airflow/example_dags/example_complex.py
[2023-04-08T10:18:27.381+0000] {logging_mixin.py:137} INFO - [2023-04-08T10:18:27.381+0000] {taskmixin.py:211} WARNING - Dependency <Task(BashOperator): create_entry_group>, delete_entry_group already registered for DAG: example_complex
[2023-04-08T10:18:27.383+0000] {logging_mixin.py:137} INFO - [2023-04-08T10:18:27.383+0000] {taskmixin.py:211} WARNING - Dependency <Task(BashOperator): delete_entry_group>, create_entry_group already registered for DAG: example_complex
[2023-04-08T10:18:27.385+0000] {logging_mixin.py:137} INFO - [2023-04-08T10:18:27.385+0000] {taskmixin.py:211} WARNING - Dependency <Task(BashOperator): create_entry_gcs>, delete_entry already registered for DAG: example_complex
[2023-04-08T10:18:27.387+0000] {logging_mixin.py:137} INFO - [2023-04-08T10:18:27.387+0000] {taskmixin.py:211} WARNING - Dependency <Task(BashOperator): delete_entry>, create_entry_gcs already registered for DAG: example_complex
[2023-04-08T10:18:27.390+0000] {logging_mixin.py:137} INFO - [2023-04-08T10:18:27.390+0000] {taskmixin.py:211} WARNING - Dependency <Task(BashOperator): create_tag>, delete_tag already registered for DAG: example_complex
[2023-04-08T10:18:27.392+0000] {logging_mixin.py:137} INFO - [2023-04-08T10:18:27.392+0000] {taskmixin.py:211} WARNING - Dependency <Task(BashOperator): delete_tag>, create_tag already registered for DAG: example_complex
[2023-04-08T10:18:27.395+0000] {processor.py:753} INFO - DAG(s) dict_keys(['example_complex']) retrieved from /home/airflow/.local/lib/python3.7/site-packages/airflow/example_dags/example_complex.py
[2023-04-08T10:18:27.445+0000] {logging_mixin.py:137} INFO - [2023-04-08T10:18:27.444+0000] {dag.py:2705} INFO - Sync 1 DAGs
[2023-04-08T10:18:27.478+0000] {logging_mixin.py:137} INFO - [2023-04-08T10:18:27.478+0000] {dag.py:3456} INFO - Setting next_dagrun for example_complex to None, run_after=None
[2023-04-08T10:18:27.508+0000] {processor.py:175} INFO - Processing /home/airflow/.local/lib/python3.7/site-packages/airflow/example_dags/example_complex.py took 0.156 seconds
