[2023-04-08T07:06:28.122+0000] {processor.py:153} INFO - Started process (PID=48327) to work on /home/airflow/.local/lib/python3.7/site-packages/airflow/example_dags/example_time_delta_sensor_async.py
[2023-04-08T07:06:28.136+0000] {processor.py:743} INFO - Processing file /home/airflow/.local/lib/python3.7/site-packages/airflow/example_dags/example_time_delta_sensor_async.py for tasks to queue
[2023-04-08T07:06:28.162+0000] {logging_mixin.py:137} INFO - [2023-04-08T07:06:28.152+0000] {dagbag.py:532} INFO - Filling up the DagBag from /home/airflow/.local/lib/python3.7/site-packages/airflow/example_dags/example_time_delta_sensor_async.py
[2023-04-08T07:06:28.245+0000] {processor.py:753} INFO - DAG(s) dict_keys(['example_time_delta_sensor_async']) retrieved from /home/airflow/.local/lib/python3.7/site-packages/airflow/example_dags/example_time_delta_sensor_async.py
[2023-04-08T07:06:28.504+0000] {logging_mixin.py:137} INFO - [2023-04-08T07:06:28.504+0000] {dag.py:2705} INFO - Sync 1 DAGs
[2023-04-08T07:06:28.776+0000] {logging_mixin.py:137} INFO - [2023-04-08T07:06:28.776+0000] {dag.py:3456} INFO - Setting next_dagrun for example_time_delta_sensor_async to None, run_after=None
[2023-04-08T07:06:28.952+0000] {processor.py:175} INFO - Processing /home/airflow/.local/lib/python3.7/site-packages/airflow/example_dags/example_time_delta_sensor_async.py took 0.928 seconds
[2023-04-08T07:07:06.505+0000] {processor.py:153} INFO - Started process (PID=48378) to work on /home/airflow/.local/lib/python3.7/site-packages/airflow/example_dags/example_time_delta_sensor_async.py
[2023-04-08T07:07:06.513+0000] {processor.py:743} INFO - Processing file /home/airflow/.local/lib/python3.7/site-packages/airflow/example_dags/example_time_delta_sensor_async.py for tasks to queue
[2023-04-08T07:07:06.528+0000] {logging_mixin.py:137} INFO - [2023-04-08T07:07:06.527+0000] {dagbag.py:532} INFO - Filling up the DagBag from /home/airflow/.local/lib/python3.7/site-packages/airflow/example_dags/example_time_delta_sensor_async.py
[2023-04-08T07:07:06.586+0000] {processor.py:753} INFO - DAG(s) dict_keys(['example_time_delta_sensor_async']) retrieved from /home/airflow/.local/lib/python3.7/site-packages/airflow/example_dags/example_time_delta_sensor_async.py
[2023-04-08T07:07:07.590+0000] {logging_mixin.py:137} INFO - [2023-04-08T07:07:07.590+0000] {dag.py:2705} INFO - Sync 1 DAGs
[2023-04-08T07:07:08.384+0000] {logging_mixin.py:137} INFO - [2023-04-08T07:07:08.356+0000] {dag.py:3456} INFO - Setting next_dagrun for example_time_delta_sensor_async to None, run_after=None
[2023-04-08T07:07:09.031+0000] {processor.py:175} INFO - Processing /home/airflow/.local/lib/python3.7/site-packages/airflow/example_dags/example_time_delta_sensor_async.py took 2.565 seconds
[2023-04-08T07:07:43.330+0000] {processor.py:153} INFO - Started process (PID=48434) to work on /home/airflow/.local/lib/python3.7/site-packages/airflow/example_dags/example_time_delta_sensor_async.py
[2023-04-08T07:07:43.428+0000] {processor.py:743} INFO - Processing file /home/airflow/.local/lib/python3.7/site-packages/airflow/example_dags/example_time_delta_sensor_async.py for tasks to queue
[2023-04-08T07:07:43.437+0000] {logging_mixin.py:137} INFO - [2023-04-08T07:07:43.436+0000] {dagbag.py:532} INFO - Filling up the DagBag from /home/airflow/.local/lib/python3.7/site-packages/airflow/example_dags/example_time_delta_sensor_async.py
[2023-04-08T07:07:43.483+0000] {processor.py:753} INFO - DAG(s) dict_keys(['example_time_delta_sensor_async']) retrieved from /home/airflow/.local/lib/python3.7/site-packages/airflow/example_dags/example_time_delta_sensor_async.py
[2023-04-08T07:07:43.582+0000] {logging_mixin.py:137} INFO - [2023-04-08T07:07:43.581+0000] {dag.py:2705} INFO - Sync 1 DAGs
[2023-04-08T07:07:43.790+0000] {logging_mixin.py:137} INFO - [2023-04-08T07:07:43.788+0000] {dag.py:3456} INFO - Setting next_dagrun for example_time_delta_sensor_async to None, run_after=None
[2023-04-08T07:07:43.935+0000] {processor.py:175} INFO - Processing /home/airflow/.local/lib/python3.7/site-packages/airflow/example_dags/example_time_delta_sensor_async.py took 0.665 seconds
[2023-04-08T07:08:18.332+0000] {processor.py:153} INFO - Started process (PID=48481) to work on /home/airflow/.local/lib/python3.7/site-packages/airflow/example_dags/example_time_delta_sensor_async.py
[2023-04-08T07:08:18.339+0000] {processor.py:743} INFO - Processing file /home/airflow/.local/lib/python3.7/site-packages/airflow/example_dags/example_time_delta_sensor_async.py for tasks to queue
[2023-04-08T07:08:18.350+0000] {logging_mixin.py:137} INFO - [2023-04-08T07:08:18.348+0000] {dagbag.py:532} INFO - Filling up the DagBag from /home/airflow/.local/lib/python3.7/site-packages/airflow/example_dags/example_time_delta_sensor_async.py
[2023-04-08T07:08:18.449+0000] {processor.py:753} INFO - DAG(s) dict_keys(['example_time_delta_sensor_async']) retrieved from /home/airflow/.local/lib/python3.7/site-packages/airflow/example_dags/example_time_delta_sensor_async.py
[2023-04-08T07:08:18.725+0000] {logging_mixin.py:137} INFO - [2023-04-08T07:08:18.725+0000] {dag.py:2705} INFO - Sync 1 DAGs
[2023-04-08T07:08:18.899+0000] {logging_mixin.py:137} INFO - [2023-04-08T07:08:18.898+0000] {dag.py:3456} INFO - Setting next_dagrun for example_time_delta_sensor_async to None, run_after=None
[2023-04-08T07:08:19.080+0000] {processor.py:175} INFO - Processing /home/airflow/.local/lib/python3.7/site-packages/airflow/example_dags/example_time_delta_sensor_async.py took 0.773 seconds
[2023-04-08T07:09:01.733+0000] {processor.py:153} INFO - Started process (PID=48531) to work on /home/airflow/.local/lib/python3.7/site-packages/airflow/example_dags/example_time_delta_sensor_async.py
[2023-04-08T07:09:01.737+0000] {processor.py:743} INFO - Processing file /home/airflow/.local/lib/python3.7/site-packages/airflow/example_dags/example_time_delta_sensor_async.py for tasks to queue
[2023-04-08T07:09:01.748+0000] {logging_mixin.py:137} INFO - [2023-04-08T07:09:01.748+0000] {dagbag.py:532} INFO - Filling up the DagBag from /home/airflow/.local/lib/python3.7/site-packages/airflow/example_dags/example_time_delta_sensor_async.py
[2023-04-08T07:09:01.782+0000] {processor.py:753} INFO - DAG(s) dict_keys(['example_time_delta_sensor_async']) retrieved from /home/airflow/.local/lib/python3.7/site-packages/airflow/example_dags/example_time_delta_sensor_async.py
[2023-04-08T07:09:01.884+0000] {logging_mixin.py:137} INFO - [2023-04-08T07:09:01.883+0000] {dag.py:2705} INFO - Sync 1 DAGs
[2023-04-08T07:09:02.033+0000] {logging_mixin.py:137} INFO - [2023-04-08T07:09:02.032+0000] {dag.py:3456} INFO - Setting next_dagrun for example_time_delta_sensor_async to None, run_after=None
[2023-04-08T07:09:02.138+0000] {processor.py:175} INFO - Processing /home/airflow/.local/lib/python3.7/site-packages/airflow/example_dags/example_time_delta_sensor_async.py took 0.448 seconds
[2023-04-08T08:07:16.290+0000] {processor.py:153} INFO - Started process (PID=48632) to work on /home/airflow/.local/lib/python3.7/site-packages/airflow/example_dags/example_time_delta_sensor_async.py
[2023-04-08T08:07:16.314+0000] {processor.py:743} INFO - Processing file /home/airflow/.local/lib/python3.7/site-packages/airflow/example_dags/example_time_delta_sensor_async.py for tasks to queue
[2023-04-08T08:07:16.328+0000] {logging_mixin.py:137} INFO - [2023-04-08T08:07:16.328+0000] {dagbag.py:532} INFO - Filling up the DagBag from /home/airflow/.local/lib/python3.7/site-packages/airflow/example_dags/example_time_delta_sensor_async.py
[2023-04-08T08:07:16.410+0000] {processor.py:753} INFO - DAG(s) dict_keys(['example_time_delta_sensor_async']) retrieved from /home/airflow/.local/lib/python3.7/site-packages/airflow/example_dags/example_time_delta_sensor_async.py
[2023-04-08T08:07:16.870+0000] {logging_mixin.py:137} INFO - [2023-04-08T08:07:16.869+0000] {dag.py:2705} INFO - Sync 1 DAGs
[2023-04-08T08:07:17.229+0000] {logging_mixin.py:137} INFO - [2023-04-08T08:07:17.229+0000] {dag.py:3456} INFO - Setting next_dagrun for example_time_delta_sensor_async to None, run_after=None
[2023-04-08T08:07:17.381+0000] {processor.py:175} INFO - Processing /home/airflow/.local/lib/python3.7/site-packages/airflow/example_dags/example_time_delta_sensor_async.py took 1.118 seconds
[2023-04-08T08:07:55.290+0000] {processor.py:153} INFO - Started process (PID=48696) to work on /home/airflow/.local/lib/python3.7/site-packages/airflow/example_dags/example_time_delta_sensor_async.py
[2023-04-08T08:07:55.297+0000] {processor.py:743} INFO - Processing file /home/airflow/.local/lib/python3.7/site-packages/airflow/example_dags/example_time_delta_sensor_async.py for tasks to queue
[2023-04-08T08:07:55.308+0000] {logging_mixin.py:137} INFO - [2023-04-08T08:07:55.307+0000] {dagbag.py:532} INFO - Filling up the DagBag from /home/airflow/.local/lib/python3.7/site-packages/airflow/example_dags/example_time_delta_sensor_async.py
[2023-04-08T08:07:55.372+0000] {processor.py:753} INFO - DAG(s) dict_keys(['example_time_delta_sensor_async']) retrieved from /home/airflow/.local/lib/python3.7/site-packages/airflow/example_dags/example_time_delta_sensor_async.py
[2023-04-08T08:07:55.474+0000] {logging_mixin.py:137} INFO - [2023-04-08T08:07:55.474+0000] {dag.py:2705} INFO - Sync 1 DAGs
[2023-04-08T08:07:55.562+0000] {logging_mixin.py:137} INFO - [2023-04-08T08:07:55.562+0000] {dag.py:3456} INFO - Setting next_dagrun for example_time_delta_sensor_async to None, run_after=None
[2023-04-08T08:07:55.672+0000] {processor.py:175} INFO - Processing /home/airflow/.local/lib/python3.7/site-packages/airflow/example_dags/example_time_delta_sensor_async.py took 0.397 seconds
[2023-04-08T09:07:05.013+0000] {processor.py:153} INFO - Started process (PID=48751) to work on /home/airflow/.local/lib/python3.7/site-packages/airflow/example_dags/example_time_delta_sensor_async.py
[2023-04-08T09:07:05.127+0000] {processor.py:743} INFO - Processing file /home/airflow/.local/lib/python3.7/site-packages/airflow/example_dags/example_time_delta_sensor_async.py for tasks to queue
[2023-04-08T09:07:05.360+0000] {logging_mixin.py:137} INFO - [2023-04-08T09:07:05.352+0000] {dagbag.py:532} INFO - Filling up the DagBag from /home/airflow/.local/lib/python3.7/site-packages/airflow/example_dags/example_time_delta_sensor_async.py
[2023-04-08T09:07:06.053+0000] {processor.py:753} INFO - DAG(s) dict_keys(['example_time_delta_sensor_async']) retrieved from /home/airflow/.local/lib/python3.7/site-packages/airflow/example_dags/example_time_delta_sensor_async.py
[2023-04-08T09:07:08.811+0000] {logging_mixin.py:137} INFO - [2023-04-08T09:07:08.808+0000] {dag.py:2705} INFO - Sync 1 DAGs
[2023-04-08T09:07:11.853+0000] {logging_mixin.py:137} INFO - [2023-04-08T09:07:11.852+0000] {dag.py:3456} INFO - Setting next_dagrun for example_time_delta_sensor_async to None, run_after=None
[2023-04-08T09:07:14.669+0000] {processor.py:175} INFO - Processing /home/airflow/.local/lib/python3.7/site-packages/airflow/example_dags/example_time_delta_sensor_async.py took 10.487 seconds
[2023-04-08T10:09:40.254+0000] {processor.py:153} INFO - Started process (PID=48826) to work on /home/airflow/.local/lib/python3.7/site-packages/airflow/example_dags/example_time_delta_sensor_async.py
[2023-04-08T10:09:40.268+0000] {processor.py:743} INFO - Processing file /home/airflow/.local/lib/python3.7/site-packages/airflow/example_dags/example_time_delta_sensor_async.py for tasks to queue
[2023-04-08T10:09:40.281+0000] {logging_mixin.py:137} INFO - [2023-04-08T10:09:40.278+0000] {dagbag.py:532} INFO - Filling up the DagBag from /home/airflow/.local/lib/python3.7/site-packages/airflow/example_dags/example_time_delta_sensor_async.py
[2023-04-08T10:09:40.363+0000] {processor.py:753} INFO - DAG(s) dict_keys(['example_time_delta_sensor_async']) retrieved from /home/airflow/.local/lib/python3.7/site-packages/airflow/example_dags/example_time_delta_sensor_async.py
[2023-04-08T10:09:40.613+0000] {logging_mixin.py:137} INFO - [2023-04-08T10:09:40.612+0000] {dag.py:2705} INFO - Sync 1 DAGs
[2023-04-08T10:09:40.832+0000] {logging_mixin.py:137} INFO - [2023-04-08T10:09:40.831+0000] {dag.py:3456} INFO - Setting next_dagrun for example_time_delta_sensor_async to None, run_after=None
[2023-04-08T10:09:41.011+0000] {processor.py:175} INFO - Processing /home/airflow/.local/lib/python3.7/site-packages/airflow/example_dags/example_time_delta_sensor_async.py took 0.815 seconds
[2023-04-08T10:10:12.855+0000] {processor.py:153} INFO - Started process (PID=48875) to work on /home/airflow/.local/lib/python3.7/site-packages/airflow/example_dags/example_time_delta_sensor_async.py
[2023-04-08T10:10:12.912+0000] {processor.py:743} INFO - Processing file /home/airflow/.local/lib/python3.7/site-packages/airflow/example_dags/example_time_delta_sensor_async.py for tasks to queue
[2023-04-08T10:10:12.917+0000] {logging_mixin.py:137} INFO - [2023-04-08T10:10:12.916+0000] {dagbag.py:532} INFO - Filling up the DagBag from /home/airflow/.local/lib/python3.7/site-packages/airflow/example_dags/example_time_delta_sensor_async.py
[2023-04-08T10:10:13.058+0000] {processor.py:753} INFO - DAG(s) dict_keys(['example_time_delta_sensor_async']) retrieved from /home/airflow/.local/lib/python3.7/site-packages/airflow/example_dags/example_time_delta_sensor_async.py
[2023-04-08T10:10:13.401+0000] {logging_mixin.py:137} INFO - [2023-04-08T10:10:13.400+0000] {dag.py:2705} INFO - Sync 1 DAGs
[2023-04-08T10:10:13.772+0000] {logging_mixin.py:137} INFO - [2023-04-08T10:10:13.772+0000] {dag.py:3456} INFO - Setting next_dagrun for example_time_delta_sensor_async to None, run_after=None
[2023-04-08T10:10:13.981+0000] {processor.py:175} INFO - Processing /home/airflow/.local/lib/python3.7/site-packages/airflow/example_dags/example_time_delta_sensor_async.py took 1.219 seconds
[2023-04-08T10:10:44.465+0000] {processor.py:153} INFO - Started process (PID=48933) to work on /home/airflow/.local/lib/python3.7/site-packages/airflow/example_dags/example_time_delta_sensor_async.py
[2023-04-08T10:10:44.482+0000] {processor.py:743} INFO - Processing file /home/airflow/.local/lib/python3.7/site-packages/airflow/example_dags/example_time_delta_sensor_async.py for tasks to queue
[2023-04-08T10:10:44.486+0000] {logging_mixin.py:137} INFO - [2023-04-08T10:10:44.485+0000] {dagbag.py:532} INFO - Filling up the DagBag from /home/airflow/.local/lib/python3.7/site-packages/airflow/example_dags/example_time_delta_sensor_async.py
[2023-04-08T10:10:44.548+0000] {processor.py:753} INFO - DAG(s) dict_keys(['example_time_delta_sensor_async']) retrieved from /home/airflow/.local/lib/python3.7/site-packages/airflow/example_dags/example_time_delta_sensor_async.py
[2023-04-08T10:10:44.721+0000] {logging_mixin.py:137} INFO - [2023-04-08T10:10:44.720+0000] {dag.py:2705} INFO - Sync 1 DAGs
[2023-04-08T10:10:44.862+0000] {logging_mixin.py:137} INFO - [2023-04-08T10:10:44.859+0000] {dag.py:3456} INFO - Setting next_dagrun for example_time_delta_sensor_async to None, run_after=None
[2023-04-08T10:10:44.949+0000] {processor.py:175} INFO - Processing /home/airflow/.local/lib/python3.7/site-packages/airflow/example_dags/example_time_delta_sensor_async.py took 0.519 seconds
[2023-04-08T10:11:23.775+0000] {processor.py:153} INFO - Started process (PID=48978) to work on /home/airflow/.local/lib/python3.7/site-packages/airflow/example_dags/example_time_delta_sensor_async.py
[2023-04-08T10:11:23.818+0000] {processor.py:743} INFO - Processing file /home/airflow/.local/lib/python3.7/site-packages/airflow/example_dags/example_time_delta_sensor_async.py for tasks to queue
[2023-04-08T10:11:23.855+0000] {logging_mixin.py:137} INFO - [2023-04-08T10:11:23.855+0000] {dagbag.py:532} INFO - Filling up the DagBag from /home/airflow/.local/lib/python3.7/site-packages/airflow/example_dags/example_time_delta_sensor_async.py
[2023-04-08T10:11:24.081+0000] {processor.py:753} INFO - DAG(s) dict_keys(['example_time_delta_sensor_async']) retrieved from /home/airflow/.local/lib/python3.7/site-packages/airflow/example_dags/example_time_delta_sensor_async.py
[2023-04-08T10:11:24.693+0000] {logging_mixin.py:137} INFO - [2023-04-08T10:11:24.692+0000] {dag.py:2705} INFO - Sync 1 DAGs
[2023-04-08T10:11:25.172+0000] {logging_mixin.py:137} INFO - [2023-04-08T10:11:25.170+0000] {dag.py:3456} INFO - Setting next_dagrun for example_time_delta_sensor_async to None, run_after=None
[2023-04-08T10:11:25.383+0000] {processor.py:175} INFO - Processing /home/airflow/.local/lib/python3.7/site-packages/airflow/example_dags/example_time_delta_sensor_async.py took 1.688 seconds
[2023-04-08T10:12:05.375+0000] {processor.py:153} INFO - Started process (PID=49022) to work on /home/airflow/.local/lib/python3.7/site-packages/airflow/example_dags/example_time_delta_sensor_async.py
[2023-04-08T10:12:05.390+0000] {processor.py:743} INFO - Processing file /home/airflow/.local/lib/python3.7/site-packages/airflow/example_dags/example_time_delta_sensor_async.py for tasks to queue
[2023-04-08T10:12:05.396+0000] {logging_mixin.py:137} INFO - [2023-04-08T10:12:05.396+0000] {dagbag.py:532} INFO - Filling up the DagBag from /home/airflow/.local/lib/python3.7/site-packages/airflow/example_dags/example_time_delta_sensor_async.py
[2023-04-08T10:12:05.451+0000] {processor.py:753} INFO - DAG(s) dict_keys(['example_time_delta_sensor_async']) retrieved from /home/airflow/.local/lib/python3.7/site-packages/airflow/example_dags/example_time_delta_sensor_async.py
[2023-04-08T10:12:05.658+0000] {logging_mixin.py:137} INFO - [2023-04-08T10:12:05.656+0000] {dag.py:2705} INFO - Sync 1 DAGs
[2023-04-08T10:12:05.888+0000] {logging_mixin.py:137} INFO - [2023-04-08T10:12:05.887+0000] {dag.py:3456} INFO - Setting next_dagrun for example_time_delta_sensor_async to None, run_after=None
[2023-04-08T10:12:05.980+0000] {processor.py:175} INFO - Processing /home/airflow/.local/lib/python3.7/site-packages/airflow/example_dags/example_time_delta_sensor_async.py took 0.627 seconds
[2023-04-08T10:12:41.489+0000] {processor.py:153} INFO - Started process (PID=49079) to work on /home/airflow/.local/lib/python3.7/site-packages/airflow/example_dags/example_time_delta_sensor_async.py
[2023-04-08T10:12:41.500+0000] {processor.py:743} INFO - Processing file /home/airflow/.local/lib/python3.7/site-packages/airflow/example_dags/example_time_delta_sensor_async.py for tasks to queue
[2023-04-08T10:12:41.515+0000] {logging_mixin.py:137} INFO - [2023-04-08T10:12:41.515+0000] {dagbag.py:532} INFO - Filling up the DagBag from /home/airflow/.local/lib/python3.7/site-packages/airflow/example_dags/example_time_delta_sensor_async.py
[2023-04-08T10:12:41.604+0000] {processor.py:753} INFO - DAG(s) dict_keys(['example_time_delta_sensor_async']) retrieved from /home/airflow/.local/lib/python3.7/site-packages/airflow/example_dags/example_time_delta_sensor_async.py
[2023-04-08T10:12:41.962+0000] {logging_mixin.py:137} INFO - [2023-04-08T10:12:41.961+0000] {dag.py:2705} INFO - Sync 1 DAGs
[2023-04-08T10:12:42.094+0000] {logging_mixin.py:137} INFO - [2023-04-08T10:12:42.093+0000] {dag.py:3456} INFO - Setting next_dagrun for example_time_delta_sensor_async to None, run_after=None
[2023-04-08T10:12:42.233+0000] {processor.py:175} INFO - Processing /home/airflow/.local/lib/python3.7/site-packages/airflow/example_dags/example_time_delta_sensor_async.py took 0.783 seconds
[2023-04-08T10:13:33.944+0000] {processor.py:153} INFO - Started process (PID=49131) to work on /home/airflow/.local/lib/python3.7/site-packages/airflow/example_dags/example_time_delta_sensor_async.py
[2023-04-08T10:13:33.969+0000] {processor.py:743} INFO - Processing file /home/airflow/.local/lib/python3.7/site-packages/airflow/example_dags/example_time_delta_sensor_async.py for tasks to queue
[2023-04-08T10:13:33.980+0000] {logging_mixin.py:137} INFO - [2023-04-08T10:13:33.980+0000] {dagbag.py:532} INFO - Filling up the DagBag from /home/airflow/.local/lib/python3.7/site-packages/airflow/example_dags/example_time_delta_sensor_async.py
[2023-04-08T10:13:34.132+0000] {processor.py:753} INFO - DAG(s) dict_keys(['example_time_delta_sensor_async']) retrieved from /home/airflow/.local/lib/python3.7/site-packages/airflow/example_dags/example_time_delta_sensor_async.py
[2023-04-08T10:13:34.538+0000] {logging_mixin.py:137} INFO - [2023-04-08T10:13:34.538+0000] {dag.py:2705} INFO - Sync 1 DAGs
[2023-04-08T10:13:35.047+0000] {logging_mixin.py:137} INFO - [2023-04-08T10:13:35.038+0000] {dag.py:3456} INFO - Setting next_dagrun for example_time_delta_sensor_async to None, run_after=None
[2023-04-08T10:13:35.296+0000] {processor.py:175} INFO - Processing /home/airflow/.local/lib/python3.7/site-packages/airflow/example_dags/example_time_delta_sensor_async.py took 1.398 seconds
[2023-04-08T10:14:12.836+0000] {processor.py:153} INFO - Started process (PID=49176) to work on /home/airflow/.local/lib/python3.7/site-packages/airflow/example_dags/example_time_delta_sensor_async.py
[2023-04-08T10:14:12.843+0000] {processor.py:743} INFO - Processing file /home/airflow/.local/lib/python3.7/site-packages/airflow/example_dags/example_time_delta_sensor_async.py for tasks to queue
[2023-04-08T10:14:12.850+0000] {logging_mixin.py:137} INFO - [2023-04-08T10:14:12.849+0000] {dagbag.py:532} INFO - Filling up the DagBag from /home/airflow/.local/lib/python3.7/site-packages/airflow/example_dags/example_time_delta_sensor_async.py
[2023-04-08T10:14:12.920+0000] {processor.py:753} INFO - DAG(s) dict_keys(['example_time_delta_sensor_async']) retrieved from /home/airflow/.local/lib/python3.7/site-packages/airflow/example_dags/example_time_delta_sensor_async.py
[2023-04-08T10:14:13.607+0000] {logging_mixin.py:137} INFO - [2023-04-08T10:14:13.607+0000] {dag.py:2705} INFO - Sync 1 DAGs
[2023-04-08T10:14:13.978+0000] {logging_mixin.py:137} INFO - [2023-04-08T10:14:13.977+0000] {dag.py:3456} INFO - Setting next_dagrun for example_time_delta_sensor_async to None, run_after=None
[2023-04-08T10:14:14.371+0000] {processor.py:175} INFO - Processing /home/airflow/.local/lib/python3.7/site-packages/airflow/example_dags/example_time_delta_sensor_async.py took 1.555 seconds
[2023-04-08T10:15:01.730+0000] {processor.py:153} INFO - Started process (PID=49236) to work on /home/airflow/.local/lib/python3.7/site-packages/airflow/example_dags/example_time_delta_sensor_async.py
[2023-04-08T10:15:01.768+0000] {processor.py:743} INFO - Processing file /home/airflow/.local/lib/python3.7/site-packages/airflow/example_dags/example_time_delta_sensor_async.py for tasks to queue
[2023-04-08T10:15:01.780+0000] {logging_mixin.py:137} INFO - [2023-04-08T10:15:01.779+0000] {dagbag.py:532} INFO - Filling up the DagBag from /home/airflow/.local/lib/python3.7/site-packages/airflow/example_dags/example_time_delta_sensor_async.py
[2023-04-08T10:15:01.939+0000] {processor.py:753} INFO - DAG(s) dict_keys(['example_time_delta_sensor_async']) retrieved from /home/airflow/.local/lib/python3.7/site-packages/airflow/example_dags/example_time_delta_sensor_async.py
[2023-04-08T10:15:02.891+0000] {logging_mixin.py:137} INFO - [2023-04-08T10:15:02.871+0000] {dag.py:2705} INFO - Sync 1 DAGs
[2023-04-08T10:15:03.552+0000] {logging_mixin.py:137} INFO - [2023-04-08T10:15:03.551+0000] {dag.py:3456} INFO - Setting next_dagrun for example_time_delta_sensor_async to None, run_after=None
[2023-04-08T10:15:03.848+0000] {processor.py:175} INFO - Processing /home/airflow/.local/lib/python3.7/site-packages/airflow/example_dags/example_time_delta_sensor_async.py took 2.205 seconds
[2023-04-08T10:15:39.382+0000] {processor.py:153} INFO - Started process (PID=49287) to work on /home/airflow/.local/lib/python3.7/site-packages/airflow/example_dags/example_time_delta_sensor_async.py
[2023-04-08T10:15:39.399+0000] {processor.py:743} INFO - Processing file /home/airflow/.local/lib/python3.7/site-packages/airflow/example_dags/example_time_delta_sensor_async.py for tasks to queue
[2023-04-08T10:15:39.415+0000] {logging_mixin.py:137} INFO - [2023-04-08T10:15:39.414+0000] {dagbag.py:532} INFO - Filling up the DagBag from /home/airflow/.local/lib/python3.7/site-packages/airflow/example_dags/example_time_delta_sensor_async.py
[2023-04-08T10:15:39.482+0000] {processor.py:753} INFO - DAG(s) dict_keys(['example_time_delta_sensor_async']) retrieved from /home/airflow/.local/lib/python3.7/site-packages/airflow/example_dags/example_time_delta_sensor_async.py
[2023-04-08T10:15:39.684+0000] {logging_mixin.py:137} INFO - [2023-04-08T10:15:39.684+0000] {dag.py:2705} INFO - Sync 1 DAGs
[2023-04-08T10:15:40.146+0000] {logging_mixin.py:137} INFO - [2023-04-08T10:15:40.146+0000] {dag.py:3456} INFO - Setting next_dagrun for example_time_delta_sensor_async to None, run_after=None
[2023-04-08T10:15:40.722+0000] {processor.py:175} INFO - Processing /home/airflow/.local/lib/python3.7/site-packages/airflow/example_dags/example_time_delta_sensor_async.py took 1.372 seconds
[2023-04-08T10:16:12.374+0000] {processor.py:153} INFO - Started process (PID=49338) to work on /home/airflow/.local/lib/python3.7/site-packages/airflow/example_dags/example_time_delta_sensor_async.py
[2023-04-08T10:16:12.407+0000] {processor.py:743} INFO - Processing file /home/airflow/.local/lib/python3.7/site-packages/airflow/example_dags/example_time_delta_sensor_async.py for tasks to queue
[2023-04-08T10:16:12.415+0000] {logging_mixin.py:137} INFO - [2023-04-08T10:16:12.415+0000] {dagbag.py:532} INFO - Filling up the DagBag from /home/airflow/.local/lib/python3.7/site-packages/airflow/example_dags/example_time_delta_sensor_async.py
[2023-04-08T10:16:12.493+0000] {processor.py:753} INFO - DAG(s) dict_keys(['example_time_delta_sensor_async']) retrieved from /home/airflow/.local/lib/python3.7/site-packages/airflow/example_dags/example_time_delta_sensor_async.py
[2023-04-08T10:16:12.922+0000] {logging_mixin.py:137} INFO - [2023-04-08T10:16:12.921+0000] {dag.py:2705} INFO - Sync 1 DAGs
[2023-04-08T10:16:13.089+0000] {logging_mixin.py:137} INFO - [2023-04-08T10:16:13.088+0000] {dag.py:3456} INFO - Setting next_dagrun for example_time_delta_sensor_async to None, run_after=None
[2023-04-08T10:16:13.256+0000] {processor.py:175} INFO - Processing /home/airflow/.local/lib/python3.7/site-packages/airflow/example_dags/example_time_delta_sensor_async.py took 0.955 seconds
[2023-04-08T10:16:43.436+0000] {processor.py:153} INFO - Started process (PID=49401) to work on /home/airflow/.local/lib/python3.7/site-packages/airflow/example_dags/example_time_delta_sensor_async.py
[2023-04-08T10:16:43.441+0000] {processor.py:743} INFO - Processing file /home/airflow/.local/lib/python3.7/site-packages/airflow/example_dags/example_time_delta_sensor_async.py for tasks to queue
[2023-04-08T10:16:43.447+0000] {logging_mixin.py:137} INFO - [2023-04-08T10:16:43.447+0000] {dagbag.py:532} INFO - Filling up the DagBag from /home/airflow/.local/lib/python3.7/site-packages/airflow/example_dags/example_time_delta_sensor_async.py
[2023-04-08T10:16:43.462+0000] {processor.py:753} INFO - DAG(s) dict_keys(['example_time_delta_sensor_async']) retrieved from /home/airflow/.local/lib/python3.7/site-packages/airflow/example_dags/example_time_delta_sensor_async.py
[2023-04-08T10:16:43.543+0000] {logging_mixin.py:137} INFO - [2023-04-08T10:16:43.543+0000] {dag.py:2705} INFO - Sync 1 DAGs
[2023-04-08T10:16:43.629+0000] {logging_mixin.py:137} INFO - [2023-04-08T10:16:43.629+0000] {dag.py:3456} INFO - Setting next_dagrun for example_time_delta_sensor_async to None, run_after=None
[2023-04-08T10:16:43.676+0000] {processor.py:175} INFO - Processing /home/airflow/.local/lib/python3.7/site-packages/airflow/example_dags/example_time_delta_sensor_async.py took 0.255 seconds
[2023-04-08T10:17:13.868+0000] {processor.py:153} INFO - Started process (PID=49452) to work on /home/airflow/.local/lib/python3.7/site-packages/airflow/example_dags/example_time_delta_sensor_async.py
[2023-04-08T10:17:13.870+0000] {processor.py:743} INFO - Processing file /home/airflow/.local/lib/python3.7/site-packages/airflow/example_dags/example_time_delta_sensor_async.py for tasks to queue
[2023-04-08T10:17:13.872+0000] {logging_mixin.py:137} INFO - [2023-04-08T10:17:13.872+0000] {dagbag.py:532} INFO - Filling up the DagBag from /home/airflow/.local/lib/python3.7/site-packages/airflow/example_dags/example_time_delta_sensor_async.py
[2023-04-08T10:17:13.885+0000] {processor.py:753} INFO - DAG(s) dict_keys(['example_time_delta_sensor_async']) retrieved from /home/airflow/.local/lib/python3.7/site-packages/airflow/example_dags/example_time_delta_sensor_async.py
[2023-04-08T10:17:13.924+0000] {logging_mixin.py:137} INFO - [2023-04-08T10:17:13.924+0000] {dag.py:2705} INFO - Sync 1 DAGs
[2023-04-08T10:17:13.962+0000] {logging_mixin.py:137} INFO - [2023-04-08T10:17:13.961+0000] {dag.py:3456} INFO - Setting next_dagrun for example_time_delta_sensor_async to None, run_after=None
[2023-04-08T10:17:13.990+0000] {processor.py:175} INFO - Processing /home/airflow/.local/lib/python3.7/site-packages/airflow/example_dags/example_time_delta_sensor_async.py took 0.128 seconds
[2023-04-08T10:17:44.151+0000] {processor.py:153} INFO - Started process (PID=49503) to work on /home/airflow/.local/lib/python3.7/site-packages/airflow/example_dags/example_time_delta_sensor_async.py
[2023-04-08T10:17:44.153+0000] {processor.py:743} INFO - Processing file /home/airflow/.local/lib/python3.7/site-packages/airflow/example_dags/example_time_delta_sensor_async.py for tasks to queue
[2023-04-08T10:17:44.155+0000] {logging_mixin.py:137} INFO - [2023-04-08T10:17:44.155+0000] {dagbag.py:532} INFO - Filling up the DagBag from /home/airflow/.local/lib/python3.7/site-packages/airflow/example_dags/example_time_delta_sensor_async.py
[2023-04-08T10:17:44.166+0000] {processor.py:753} INFO - DAG(s) dict_keys(['example_time_delta_sensor_async']) retrieved from /home/airflow/.local/lib/python3.7/site-packages/airflow/example_dags/example_time_delta_sensor_async.py
[2023-04-08T10:17:44.205+0000] {logging_mixin.py:137} INFO - [2023-04-08T10:17:44.205+0000] {dag.py:2705} INFO - Sync 1 DAGs
[2023-04-08T10:17:44.240+0000] {logging_mixin.py:137} INFO - [2023-04-08T10:17:44.240+0000] {dag.py:3456} INFO - Setting next_dagrun for example_time_delta_sensor_async to None, run_after=None
[2023-04-08T10:17:44.267+0000] {processor.py:175} INFO - Processing /home/airflow/.local/lib/python3.7/site-packages/airflow/example_dags/example_time_delta_sensor_async.py took 0.122 seconds
[2023-04-08T10:18:14.490+0000] {processor.py:153} INFO - Started process (PID=49554) to work on /home/airflow/.local/lib/python3.7/site-packages/airflow/example_dags/example_time_delta_sensor_async.py
[2023-04-08T10:18:14.494+0000] {processor.py:743} INFO - Processing file /home/airflow/.local/lib/python3.7/site-packages/airflow/example_dags/example_time_delta_sensor_async.py for tasks to queue
[2023-04-08T10:18:14.496+0000] {logging_mixin.py:137} INFO - [2023-04-08T10:18:14.495+0000] {dagbag.py:532} INFO - Filling up the DagBag from /home/airflow/.local/lib/python3.7/site-packages/airflow/example_dags/example_time_delta_sensor_async.py
[2023-04-08T10:18:14.507+0000] {processor.py:753} INFO - DAG(s) dict_keys(['example_time_delta_sensor_async']) retrieved from /home/airflow/.local/lib/python3.7/site-packages/airflow/example_dags/example_time_delta_sensor_async.py
[2023-04-08T10:18:14.550+0000] {logging_mixin.py:137} INFO - [2023-04-08T10:18:14.550+0000] {dag.py:2705} INFO - Sync 1 DAGs
[2023-04-08T10:18:14.587+0000] {logging_mixin.py:137} INFO - [2023-04-08T10:18:14.587+0000] {dag.py:3456} INFO - Setting next_dagrun for example_time_delta_sensor_async to None, run_after=None
[2023-04-08T10:18:14.614+0000] {processor.py:175} INFO - Processing /home/airflow/.local/lib/python3.7/site-packages/airflow/example_dags/example_time_delta_sensor_async.py took 0.131 seconds
