[2023-04-08T07:06:33.830+0000] {processor.py:153} INFO - Started process (PID=48333) to work on /home/airflow/.local/lib/python3.7/site-packages/airflow/example_dags/example_params_ui_tutorial.py
[2023-04-08T07:06:33.850+0000] {processor.py:743} INFO - Processing file /home/airflow/.local/lib/python3.7/site-packages/airflow/example_dags/example_params_ui_tutorial.py for tasks to queue
[2023-04-08T07:06:33.870+0000] {logging_mixin.py:137} INFO - [2023-04-08T07:06:33.869+0000] {dagbag.py:532} INFO - Filling up the DagBag from /home/airflow/.local/lib/python3.7/site-packages/airflow/example_dags/example_params_ui_tutorial.py
[2023-04-08T07:06:34.268+0000] {processor.py:753} INFO - DAG(s) dict_keys(['example_params_ui_tutorial']) retrieved from /home/airflow/.local/lib/python3.7/site-packages/airflow/example_dags/example_params_ui_tutorial.py
[2023-04-08T07:06:35.479+0000] {logging_mixin.py:137} INFO - [2023-04-08T07:06:35.478+0000] {dag.py:2705} INFO - Sync 1 DAGs
[2023-04-08T07:06:35.637+0000] {logging_mixin.py:137} INFO - [2023-04-08T07:06:35.636+0000] {dag.py:3456} INFO - Setting next_dagrun for example_params_ui_tutorial to None, run_after=None
[2023-04-08T07:06:35.803+0000] {processor.py:175} INFO - Processing /home/airflow/.local/lib/python3.7/site-packages/airflow/example_dags/example_params_ui_tutorial.py took 2.027 seconds
[2023-04-08T07:07:14.106+0000] {processor.py:153} INFO - Started process (PID=48391) to work on /home/airflow/.local/lib/python3.7/site-packages/airflow/example_dags/example_params_ui_tutorial.py
[2023-04-08T07:07:14.114+0000] {processor.py:743} INFO - Processing file /home/airflow/.local/lib/python3.7/site-packages/airflow/example_dags/example_params_ui_tutorial.py for tasks to queue
[2023-04-08T07:07:14.119+0000] {logging_mixin.py:137} INFO - [2023-04-08T07:07:14.118+0000] {dagbag.py:532} INFO - Filling up the DagBag from /home/airflow/.local/lib/python3.7/site-packages/airflow/example_dags/example_params_ui_tutorial.py
[2023-04-08T07:07:14.362+0000] {processor.py:753} INFO - DAG(s) dict_keys(['example_params_ui_tutorial']) retrieved from /home/airflow/.local/lib/python3.7/site-packages/airflow/example_dags/example_params_ui_tutorial.py
[2023-04-08T07:07:14.785+0000] {logging_mixin.py:137} INFO - [2023-04-08T07:07:14.784+0000] {dag.py:2705} INFO - Sync 1 DAGs
[2023-04-08T07:07:14.900+0000] {logging_mixin.py:137} INFO - [2023-04-08T07:07:14.900+0000] {dag.py:3456} INFO - Setting next_dagrun for example_params_ui_tutorial to None, run_after=None
[2023-04-08T07:07:14.982+0000] {processor.py:175} INFO - Processing /home/airflow/.local/lib/python3.7/site-packages/airflow/example_dags/example_params_ui_tutorial.py took 0.910 seconds
[2023-04-08T07:07:48.842+0000] {processor.py:153} INFO - Started process (PID=48442) to work on /home/airflow/.local/lib/python3.7/site-packages/airflow/example_dags/example_params_ui_tutorial.py
[2023-04-08T07:07:48.851+0000] {processor.py:743} INFO - Processing file /home/airflow/.local/lib/python3.7/site-packages/airflow/example_dags/example_params_ui_tutorial.py for tasks to queue
[2023-04-08T07:07:48.867+0000] {logging_mixin.py:137} INFO - [2023-04-08T07:07:48.866+0000] {dagbag.py:532} INFO - Filling up the DagBag from /home/airflow/.local/lib/python3.7/site-packages/airflow/example_dags/example_params_ui_tutorial.py
[2023-04-08T07:07:49.480+0000] {processor.py:753} INFO - DAG(s) dict_keys(['example_params_ui_tutorial']) retrieved from /home/airflow/.local/lib/python3.7/site-packages/airflow/example_dags/example_params_ui_tutorial.py
[2023-04-08T07:07:50.363+0000] {logging_mixin.py:137} INFO - [2023-04-08T07:07:50.359+0000] {dag.py:2705} INFO - Sync 1 DAGs
[2023-04-08T07:07:50.853+0000] {logging_mixin.py:137} INFO - [2023-04-08T07:07:50.853+0000] {dag.py:3456} INFO - Setting next_dagrun for example_params_ui_tutorial to None, run_after=None
[2023-04-08T07:07:50.988+0000] {processor.py:175} INFO - Processing /home/airflow/.local/lib/python3.7/site-packages/airflow/example_dags/example_params_ui_tutorial.py took 2.214 seconds
[2023-04-08T07:08:23.614+0000] {processor.py:153} INFO - Started process (PID=48491) to work on /home/airflow/.local/lib/python3.7/site-packages/airflow/example_dags/example_params_ui_tutorial.py
[2023-04-08T07:08:23.635+0000] {processor.py:743} INFO - Processing file /home/airflow/.local/lib/python3.7/site-packages/airflow/example_dags/example_params_ui_tutorial.py for tasks to queue
[2023-04-08T07:08:23.640+0000] {logging_mixin.py:137} INFO - [2023-04-08T07:08:23.639+0000] {dagbag.py:532} INFO - Filling up the DagBag from /home/airflow/.local/lib/python3.7/site-packages/airflow/example_dags/example_params_ui_tutorial.py
[2023-04-08T07:08:23.949+0000] {processor.py:753} INFO - DAG(s) dict_keys(['example_params_ui_tutorial']) retrieved from /home/airflow/.local/lib/python3.7/site-packages/airflow/example_dags/example_params_ui_tutorial.py
[2023-04-08T07:08:24.729+0000] {logging_mixin.py:137} INFO - [2023-04-08T07:08:24.728+0000] {dag.py:2705} INFO - Sync 1 DAGs
[2023-04-08T07:08:25.048+0000] {logging_mixin.py:137} INFO - [2023-04-08T07:08:25.048+0000] {dag.py:3456} INFO - Setting next_dagrun for example_params_ui_tutorial to None, run_after=None
[2023-04-08T07:08:25.194+0000] {processor.py:175} INFO - Processing /home/airflow/.local/lib/python3.7/site-packages/airflow/example_dags/example_params_ui_tutorial.py took 1.600 seconds
[2023-04-08T07:09:04.692+0000] {processor.py:153} INFO - Started process (PID=48537) to work on /home/airflow/.local/lib/python3.7/site-packages/airflow/example_dags/example_params_ui_tutorial.py
[2023-04-08T07:09:04.699+0000] {processor.py:743} INFO - Processing file /home/airflow/.local/lib/python3.7/site-packages/airflow/example_dags/example_params_ui_tutorial.py for tasks to queue
[2023-04-08T07:09:04.715+0000] {logging_mixin.py:137} INFO - [2023-04-08T07:09:04.714+0000] {dagbag.py:532} INFO - Filling up the DagBag from /home/airflow/.local/lib/python3.7/site-packages/airflow/example_dags/example_params_ui_tutorial.py
[2023-04-08T07:09:05.163+0000] {processor.py:753} INFO - DAG(s) dict_keys(['example_params_ui_tutorial']) retrieved from /home/airflow/.local/lib/python3.7/site-packages/airflow/example_dags/example_params_ui_tutorial.py
[2023-04-08T07:09:05.559+0000] {logging_mixin.py:137} INFO - [2023-04-08T07:09:05.558+0000] {dag.py:2705} INFO - Sync 1 DAGs
[2023-04-08T07:09:05.720+0000] {logging_mixin.py:137} INFO - [2023-04-08T07:09:05.719+0000] {dag.py:3456} INFO - Setting next_dagrun for example_params_ui_tutorial to None, run_after=None
[2023-04-08T07:09:05.847+0000] {processor.py:175} INFO - Processing /home/airflow/.local/lib/python3.7/site-packages/airflow/example_dags/example_params_ui_tutorial.py took 1.164 seconds
[2023-04-08T08:07:21.322+0000] {processor.py:153} INFO - Started process (PID=48645) to work on /home/airflow/.local/lib/python3.7/site-packages/airflow/example_dags/example_params_ui_tutorial.py
[2023-04-08T08:07:21.347+0000] {processor.py:743} INFO - Processing file /home/airflow/.local/lib/python3.7/site-packages/airflow/example_dags/example_params_ui_tutorial.py for tasks to queue
[2023-04-08T08:07:21.354+0000] {logging_mixin.py:137} INFO - [2023-04-08T08:07:21.353+0000] {dagbag.py:532} INFO - Filling up the DagBag from /home/airflow/.local/lib/python3.7/site-packages/airflow/example_dags/example_params_ui_tutorial.py
[2023-04-08T08:07:21.998+0000] {processor.py:753} INFO - DAG(s) dict_keys(['example_params_ui_tutorial']) retrieved from /home/airflow/.local/lib/python3.7/site-packages/airflow/example_dags/example_params_ui_tutorial.py
[2023-04-08T08:07:22.707+0000] {logging_mixin.py:137} INFO - [2023-04-08T08:07:22.706+0000] {dag.py:2705} INFO - Sync 1 DAGs
[2023-04-08T08:07:22.902+0000] {logging_mixin.py:137} INFO - [2023-04-08T08:07:22.902+0000] {dag.py:3456} INFO - Setting next_dagrun for example_params_ui_tutorial to None, run_after=None
[2023-04-08T08:07:23.087+0000] {processor.py:175} INFO - Processing /home/airflow/.local/lib/python3.7/site-packages/airflow/example_dags/example_params_ui_tutorial.py took 1.876 seconds
[2023-04-08T09:04:47.071+0000] {processor.py:153} INFO - Started process (PID=48716) to work on /home/airflow/.local/lib/python3.7/site-packages/airflow/example_dags/example_params_ui_tutorial.py
[2023-04-08T09:04:47.233+0000] {processor.py:743} INFO - Processing file /home/airflow/.local/lib/python3.7/site-packages/airflow/example_dags/example_params_ui_tutorial.py for tasks to queue
[2023-04-08T09:04:47.387+0000] {logging_mixin.py:137} INFO - [2023-04-08T09:04:47.383+0000] {dagbag.py:532} INFO - Filling up the DagBag from /home/airflow/.local/lib/python3.7/site-packages/airflow/example_dags/example_params_ui_tutorial.py
[2023-04-08T09:04:55.912+0000] {processor.py:753} INFO - DAG(s) dict_keys(['example_params_ui_tutorial']) retrieved from /home/airflow/.local/lib/python3.7/site-packages/airflow/example_dags/example_params_ui_tutorial.py
[2023-04-08T09:05:07.366+0000] {logging_mixin.py:137} INFO - [2023-04-08T09:05:07.303+0000] {dag.py:2705} INFO - Sync 1 DAGs
[2023-04-08T09:05:10.615+0000] {logging_mixin.py:137} INFO - [2023-04-08T09:05:10.596+0000] {dag.py:3456} INFO - Setting next_dagrun for example_params_ui_tutorial to None, run_after=None
[2023-04-08T09:05:11.628+0000] {processor.py:175} INFO - Processing /home/airflow/.local/lib/python3.7/site-packages/airflow/example_dags/example_params_ui_tutorial.py took 25.714 seconds
[2023-04-08T10:09:46.789+0000] {processor.py:153} INFO - Started process (PID=48832) to work on /home/airflow/.local/lib/python3.7/site-packages/airflow/example_dags/example_params_ui_tutorial.py
[2023-04-08T10:09:46.803+0000] {processor.py:743} INFO - Processing file /home/airflow/.local/lib/python3.7/site-packages/airflow/example_dags/example_params_ui_tutorial.py for tasks to queue
[2023-04-08T10:09:46.823+0000] {logging_mixin.py:137} INFO - [2023-04-08T10:09:46.822+0000] {dagbag.py:532} INFO - Filling up the DagBag from /home/airflow/.local/lib/python3.7/site-packages/airflow/example_dags/example_params_ui_tutorial.py
[2023-04-08T10:09:47.852+0000] {processor.py:753} INFO - DAG(s) dict_keys(['example_params_ui_tutorial']) retrieved from /home/airflow/.local/lib/python3.7/site-packages/airflow/example_dags/example_params_ui_tutorial.py
[2023-04-08T10:09:48.485+0000] {logging_mixin.py:137} INFO - [2023-04-08T10:09:48.471+0000] {dag.py:2705} INFO - Sync 1 DAGs
[2023-04-08T10:09:48.731+0000] {logging_mixin.py:137} INFO - [2023-04-08T10:09:48.730+0000] {dag.py:3456} INFO - Setting next_dagrun for example_params_ui_tutorial to None, run_after=None
[2023-04-08T10:09:48.953+0000] {processor.py:175} INFO - Processing /home/airflow/.local/lib/python3.7/site-packages/airflow/example_dags/example_params_ui_tutorial.py took 2.203 seconds
[2023-04-08T10:10:21.348+0000] {processor.py:153} INFO - Started process (PID=48883) to work on /home/airflow/.local/lib/python3.7/site-packages/airflow/example_dags/example_params_ui_tutorial.py
[2023-04-08T10:10:21.356+0000] {processor.py:743} INFO - Processing file /home/airflow/.local/lib/python3.7/site-packages/airflow/example_dags/example_params_ui_tutorial.py for tasks to queue
[2023-04-08T10:10:21.365+0000] {logging_mixin.py:137} INFO - [2023-04-08T10:10:21.364+0000] {dagbag.py:532} INFO - Filling up the DagBag from /home/airflow/.local/lib/python3.7/site-packages/airflow/example_dags/example_params_ui_tutorial.py
[2023-04-08T10:10:21.701+0000] {processor.py:753} INFO - DAG(s) dict_keys(['example_params_ui_tutorial']) retrieved from /home/airflow/.local/lib/python3.7/site-packages/airflow/example_dags/example_params_ui_tutorial.py
[2023-04-08T10:10:22.561+0000] {logging_mixin.py:137} INFO - [2023-04-08T10:10:22.561+0000] {dag.py:2705} INFO - Sync 1 DAGs
[2023-04-08T10:10:22.755+0000] {logging_mixin.py:137} INFO - [2023-04-08T10:10:22.754+0000] {dag.py:3456} INFO - Setting next_dagrun for example_params_ui_tutorial to None, run_after=None
[2023-04-08T10:10:22.879+0000] {processor.py:175} INFO - Processing /home/airflow/.local/lib/python3.7/site-packages/airflow/example_dags/example_params_ui_tutorial.py took 1.560 seconds
[2023-04-08T10:10:53.900+0000] {processor.py:153} INFO - Started process (PID=48939) to work on /home/airflow/.local/lib/python3.7/site-packages/airflow/example_dags/example_params_ui_tutorial.py
[2023-04-08T10:10:53.931+0000] {processor.py:743} INFO - Processing file /home/airflow/.local/lib/python3.7/site-packages/airflow/example_dags/example_params_ui_tutorial.py for tasks to queue
[2023-04-08T10:10:53.946+0000] {logging_mixin.py:137} INFO - [2023-04-08T10:10:53.946+0000] {dagbag.py:532} INFO - Filling up the DagBag from /home/airflow/.local/lib/python3.7/site-packages/airflow/example_dags/example_params_ui_tutorial.py
[2023-04-08T10:10:54.634+0000] {processor.py:753} INFO - DAG(s) dict_keys(['example_params_ui_tutorial']) retrieved from /home/airflow/.local/lib/python3.7/site-packages/airflow/example_dags/example_params_ui_tutorial.py
[2023-04-08T10:10:55.069+0000] {logging_mixin.py:137} INFO - [2023-04-08T10:10:55.069+0000] {dag.py:2705} INFO - Sync 1 DAGs
[2023-04-08T10:10:55.208+0000] {logging_mixin.py:137} INFO - [2023-04-08T10:10:55.207+0000] {dag.py:3456} INFO - Setting next_dagrun for example_params_ui_tutorial to None, run_after=None
[2023-04-08T10:10:56.045+0000] {processor.py:175} INFO - Processing /home/airflow/.local/lib/python3.7/site-packages/airflow/example_dags/example_params_ui_tutorial.py took 2.312 seconds
[2023-04-08T10:11:35.736+0000] {processor.py:153} INFO - Started process (PID=48990) to work on /home/airflow/.local/lib/python3.7/site-packages/airflow/example_dags/example_params_ui_tutorial.py
[2023-04-08T10:11:35.758+0000] {processor.py:743} INFO - Processing file /home/airflow/.local/lib/python3.7/site-packages/airflow/example_dags/example_params_ui_tutorial.py for tasks to queue
[2023-04-08T10:11:35.767+0000] {logging_mixin.py:137} INFO - [2023-04-08T10:11:35.766+0000] {dagbag.py:532} INFO - Filling up the DagBag from /home/airflow/.local/lib/python3.7/site-packages/airflow/example_dags/example_params_ui_tutorial.py
[2023-04-08T10:11:36.891+0000] {processor.py:753} INFO - DAG(s) dict_keys(['example_params_ui_tutorial']) retrieved from /home/airflow/.local/lib/python3.7/site-packages/airflow/example_dags/example_params_ui_tutorial.py
[2023-04-08T10:11:38.054+0000] {logging_mixin.py:137} INFO - [2023-04-08T10:11:38.053+0000] {dag.py:2705} INFO - Sync 1 DAGs
[2023-04-08T10:11:38.555+0000] {logging_mixin.py:137} INFO - [2023-04-08T10:11:38.552+0000] {dag.py:3456} INFO - Setting next_dagrun for example_params_ui_tutorial to None, run_after=None
[2023-04-08T10:11:39.003+0000] {processor.py:175} INFO - Processing /home/airflow/.local/lib/python3.7/site-packages/airflow/example_dags/example_params_ui_tutorial.py took 3.309 seconds
[2023-04-08T10:12:15.369+0000] {processor.py:153} INFO - Started process (PID=49048) to work on /home/airflow/.local/lib/python3.7/site-packages/airflow/example_dags/example_params_ui_tutorial.py
[2023-04-08T10:12:15.373+0000] {processor.py:743} INFO - Processing file /home/airflow/.local/lib/python3.7/site-packages/airflow/example_dags/example_params_ui_tutorial.py for tasks to queue
[2023-04-08T10:12:15.378+0000] {logging_mixin.py:137} INFO - [2023-04-08T10:12:15.378+0000] {dagbag.py:532} INFO - Filling up the DagBag from /home/airflow/.local/lib/python3.7/site-packages/airflow/example_dags/example_params_ui_tutorial.py
[2023-04-08T10:12:15.821+0000] {processor.py:753} INFO - DAG(s) dict_keys(['example_params_ui_tutorial']) retrieved from /home/airflow/.local/lib/python3.7/site-packages/airflow/example_dags/example_params_ui_tutorial.py
[2023-04-08T10:12:16.425+0000] {logging_mixin.py:137} INFO - [2023-04-08T10:12:16.423+0000] {dag.py:2705} INFO - Sync 1 DAGs
[2023-04-08T10:12:16.609+0000] {logging_mixin.py:137} INFO - [2023-04-08T10:12:16.609+0000] {dag.py:3456} INFO - Setting next_dagrun for example_params_ui_tutorial to None, run_after=None
[2023-04-08T10:12:16.692+0000] {processor.py:175} INFO - Processing /home/airflow/.local/lib/python3.7/site-packages/airflow/example_dags/example_params_ui_tutorial.py took 1.335 seconds
[2023-04-08T10:13:03.644+0000] {processor.py:153} INFO - Started process (PID=49106) to work on /home/airflow/.local/lib/python3.7/site-packages/airflow/example_dags/example_params_ui_tutorial.py
[2023-04-08T10:13:03.699+0000] {processor.py:743} INFO - Processing file /home/airflow/.local/lib/python3.7/site-packages/airflow/example_dags/example_params_ui_tutorial.py for tasks to queue
[2023-04-08T10:13:03.709+0000] {logging_mixin.py:137} INFO - [2023-04-08T10:13:03.708+0000] {dagbag.py:532} INFO - Filling up the DagBag from /home/airflow/.local/lib/python3.7/site-packages/airflow/example_dags/example_params_ui_tutorial.py
[2023-04-08T10:13:04.681+0000] {processor.py:753} INFO - DAG(s) dict_keys(['example_params_ui_tutorial']) retrieved from /home/airflow/.local/lib/python3.7/site-packages/airflow/example_dags/example_params_ui_tutorial.py
[2023-04-08T10:13:06.202+0000] {logging_mixin.py:137} INFO - [2023-04-08T10:13:06.184+0000] {dag.py:2705} INFO - Sync 1 DAGs
[2023-04-08T10:13:06.861+0000] {logging_mixin.py:137} INFO - [2023-04-08T10:13:06.842+0000] {dag.py:3456} INFO - Setting next_dagrun for example_params_ui_tutorial to None, run_after=None
[2023-04-08T10:13:07.140+0000] {processor.py:175} INFO - Processing /home/airflow/.local/lib/python3.7/site-packages/airflow/example_dags/example_params_ui_tutorial.py took 3.511 seconds
[2023-04-08T10:13:56.335+0000] {processor.py:153} INFO - Started process (PID=49156) to work on /home/airflow/.local/lib/python3.7/site-packages/airflow/example_dags/example_params_ui_tutorial.py
[2023-04-08T10:13:56.343+0000] {processor.py:743} INFO - Processing file /home/airflow/.local/lib/python3.7/site-packages/airflow/example_dags/example_params_ui_tutorial.py for tasks to queue
[2023-04-08T10:13:56.351+0000] {logging_mixin.py:137} INFO - [2023-04-08T10:13:56.351+0000] {dagbag.py:532} INFO - Filling up the DagBag from /home/airflow/.local/lib/python3.7/site-packages/airflow/example_dags/example_params_ui_tutorial.py
[2023-04-08T10:13:57.206+0000] {processor.py:753} INFO - DAG(s) dict_keys(['example_params_ui_tutorial']) retrieved from /home/airflow/.local/lib/python3.7/site-packages/airflow/example_dags/example_params_ui_tutorial.py
[2023-04-08T10:13:57.858+0000] {logging_mixin.py:137} INFO - [2023-04-08T10:13:57.857+0000] {dag.py:2705} INFO - Sync 1 DAGs
[2023-04-08T10:13:58.439+0000] {logging_mixin.py:137} INFO - [2023-04-08T10:13:58.437+0000] {dag.py:3456} INFO - Setting next_dagrun for example_params_ui_tutorial to None, run_after=None
[2023-04-08T10:13:58.768+0000] {processor.py:175} INFO - Processing /home/airflow/.local/lib/python3.7/site-packages/airflow/example_dags/example_params_ui_tutorial.py took 2.478 seconds
[2023-04-08T10:14:45.379+0000] {processor.py:153} INFO - Started process (PID=49214) to work on /home/airflow/.local/lib/python3.7/site-packages/airflow/example_dags/example_params_ui_tutorial.py
[2023-04-08T10:14:45.393+0000] {processor.py:743} INFO - Processing file /home/airflow/.local/lib/python3.7/site-packages/airflow/example_dags/example_params_ui_tutorial.py for tasks to queue
[2023-04-08T10:14:45.418+0000] {logging_mixin.py:137} INFO - [2023-04-08T10:14:45.417+0000] {dagbag.py:532} INFO - Filling up the DagBag from /home/airflow/.local/lib/python3.7/site-packages/airflow/example_dags/example_params_ui_tutorial.py
[2023-04-08T10:14:46.108+0000] {processor.py:753} INFO - DAG(s) dict_keys(['example_params_ui_tutorial']) retrieved from /home/airflow/.local/lib/python3.7/site-packages/airflow/example_dags/example_params_ui_tutorial.py
[2023-04-08T10:14:46.470+0000] {logging_mixin.py:137} INFO - [2023-04-08T10:14:46.469+0000] {dag.py:2705} INFO - Sync 1 DAGs
[2023-04-08T10:14:46.643+0000] {logging_mixin.py:137} INFO - [2023-04-08T10:14:46.642+0000] {dag.py:3456} INFO - Setting next_dagrun for example_params_ui_tutorial to None, run_after=None
[2023-04-08T10:14:46.872+0000] {processor.py:175} INFO - Processing /home/airflow/.local/lib/python3.7/site-packages/airflow/example_dags/example_params_ui_tutorial.py took 1.542 seconds
[2023-04-08T10:15:22.735+0000] {processor.py:153} INFO - Started process (PID=49270) to work on /home/airflow/.local/lib/python3.7/site-packages/airflow/example_dags/example_params_ui_tutorial.py
[2023-04-08T10:15:22.762+0000] {processor.py:743} INFO - Processing file /home/airflow/.local/lib/python3.7/site-packages/airflow/example_dags/example_params_ui_tutorial.py for tasks to queue
[2023-04-08T10:15:22.776+0000] {logging_mixin.py:137} INFO - [2023-04-08T10:15:22.776+0000] {dagbag.py:532} INFO - Filling up the DagBag from /home/airflow/.local/lib/python3.7/site-packages/airflow/example_dags/example_params_ui_tutorial.py
[2023-04-08T10:15:23.249+0000] {processor.py:753} INFO - DAG(s) dict_keys(['example_params_ui_tutorial']) retrieved from /home/airflow/.local/lib/python3.7/site-packages/airflow/example_dags/example_params_ui_tutorial.py
[2023-04-08T10:15:23.906+0000] {logging_mixin.py:137} INFO - [2023-04-08T10:15:23.902+0000] {dag.py:2705} INFO - Sync 1 DAGs
[2023-04-08T10:15:24.285+0000] {logging_mixin.py:137} INFO - [2023-04-08T10:15:24.283+0000] {dag.py:3456} INFO - Setting next_dagrun for example_params_ui_tutorial to None, run_after=None
[2023-04-08T10:15:24.429+0000] {processor.py:175} INFO - Processing /home/airflow/.local/lib/python3.7/site-packages/airflow/example_dags/example_params_ui_tutorial.py took 1.729 seconds
[2023-04-08T10:15:58.616+0000] {processor.py:153} INFO - Started process (PID=49315) to work on /home/airflow/.local/lib/python3.7/site-packages/airflow/example_dags/example_params_ui_tutorial.py
[2023-04-08T10:15:58.631+0000] {processor.py:743} INFO - Processing file /home/airflow/.local/lib/python3.7/site-packages/airflow/example_dags/example_params_ui_tutorial.py for tasks to queue
[2023-04-08T10:15:58.640+0000] {logging_mixin.py:137} INFO - [2023-04-08T10:15:58.639+0000] {dagbag.py:532} INFO - Filling up the DagBag from /home/airflow/.local/lib/python3.7/site-packages/airflow/example_dags/example_params_ui_tutorial.py
[2023-04-08T10:15:59.297+0000] {processor.py:753} INFO - DAG(s) dict_keys(['example_params_ui_tutorial']) retrieved from /home/airflow/.local/lib/python3.7/site-packages/airflow/example_dags/example_params_ui_tutorial.py
[2023-04-08T10:15:59.885+0000] {logging_mixin.py:137} INFO - [2023-04-08T10:15:59.884+0000] {dag.py:2705} INFO - Sync 1 DAGs
[2023-04-08T10:16:00.122+0000] {logging_mixin.py:137} INFO - [2023-04-08T10:16:00.121+0000] {dag.py:3456} INFO - Setting next_dagrun for example_params_ui_tutorial to None, run_after=None
[2023-04-08T10:16:00.424+0000] {processor.py:175} INFO - Processing /home/airflow/.local/lib/python3.7/site-packages/airflow/example_dags/example_params_ui_tutorial.py took 1.917 seconds
[2023-04-08T10:16:30.878+0000] {processor.py:153} INFO - Started process (PID=49369) to work on /home/airflow/.local/lib/python3.7/site-packages/airflow/example_dags/example_params_ui_tutorial.py
[2023-04-08T10:16:30.967+0000] {processor.py:743} INFO - Processing file /home/airflow/.local/lib/python3.7/site-packages/airflow/example_dags/example_params_ui_tutorial.py for tasks to queue
[2023-04-08T10:16:30.978+0000] {logging_mixin.py:137} INFO - [2023-04-08T10:16:30.975+0000] {dagbag.py:532} INFO - Filling up the DagBag from /home/airflow/.local/lib/python3.7/site-packages/airflow/example_dags/example_params_ui_tutorial.py
[2023-04-08T10:16:31.417+0000] {processor.py:753} INFO - DAG(s) dict_keys(['example_params_ui_tutorial']) retrieved from /home/airflow/.local/lib/python3.7/site-packages/airflow/example_dags/example_params_ui_tutorial.py
[2023-04-08T10:16:31.796+0000] {logging_mixin.py:137} INFO - [2023-04-08T10:16:31.795+0000] {dag.py:2705} INFO - Sync 1 DAGs
[2023-04-08T10:16:31.995+0000] {logging_mixin.py:137} INFO - [2023-04-08T10:16:31.995+0000] {dag.py:3456} INFO - Setting next_dagrun for example_params_ui_tutorial to None, run_after=None
[2023-04-08T10:16:32.104+0000] {processor.py:175} INFO - Processing /home/airflow/.local/lib/python3.7/site-packages/airflow/example_dags/example_params_ui_tutorial.py took 1.243 seconds
[2023-04-08T10:17:02.318+0000] {processor.py:153} INFO - Started process (PID=49433) to work on /home/airflow/.local/lib/python3.7/site-packages/airflow/example_dags/example_params_ui_tutorial.py
[2023-04-08T10:17:02.321+0000] {processor.py:743} INFO - Processing file /home/airflow/.local/lib/python3.7/site-packages/airflow/example_dags/example_params_ui_tutorial.py for tasks to queue
[2023-04-08T10:17:02.325+0000] {logging_mixin.py:137} INFO - [2023-04-08T10:17:02.324+0000] {dagbag.py:532} INFO - Filling up the DagBag from /home/airflow/.local/lib/python3.7/site-packages/airflow/example_dags/example_params_ui_tutorial.py
[2023-04-08T10:17:02.425+0000] {processor.py:753} INFO - DAG(s) dict_keys(['example_params_ui_tutorial']) retrieved from /home/airflow/.local/lib/python3.7/site-packages/airflow/example_dags/example_params_ui_tutorial.py
[2023-04-08T10:17:02.555+0000] {logging_mixin.py:137} INFO - [2023-04-08T10:17:02.555+0000] {dag.py:2705} INFO - Sync 1 DAGs
[2023-04-08T10:17:02.597+0000] {logging_mixin.py:137} INFO - [2023-04-08T10:17:02.597+0000] {dag.py:3456} INFO - Setting next_dagrun for example_params_ui_tutorial to None, run_after=None
[2023-04-08T10:17:02.645+0000] {processor.py:175} INFO - Processing /home/airflow/.local/lib/python3.7/site-packages/airflow/example_dags/example_params_ui_tutorial.py took 0.335 seconds
[2023-04-08T10:17:33.154+0000] {processor.py:153} INFO - Started process (PID=49483) to work on /home/airflow/.local/lib/python3.7/site-packages/airflow/example_dags/example_params_ui_tutorial.py
[2023-04-08T10:17:33.157+0000] {processor.py:743} INFO - Processing file /home/airflow/.local/lib/python3.7/site-packages/airflow/example_dags/example_params_ui_tutorial.py for tasks to queue
[2023-04-08T10:17:33.163+0000] {logging_mixin.py:137} INFO - [2023-04-08T10:17:33.163+0000] {dagbag.py:532} INFO - Filling up the DagBag from /home/airflow/.local/lib/python3.7/site-packages/airflow/example_dags/example_params_ui_tutorial.py
[2023-04-08T10:17:33.271+0000] {processor.py:753} INFO - DAG(s) dict_keys(['example_params_ui_tutorial']) retrieved from /home/airflow/.local/lib/python3.7/site-packages/airflow/example_dags/example_params_ui_tutorial.py
[2023-04-08T10:17:33.410+0000] {logging_mixin.py:137} INFO - [2023-04-08T10:17:33.410+0000] {dag.py:2705} INFO - Sync 1 DAGs
[2023-04-08T10:17:33.463+0000] {logging_mixin.py:137} INFO - [2023-04-08T10:17:33.463+0000] {dag.py:3456} INFO - Setting next_dagrun for example_params_ui_tutorial to None, run_after=None
[2023-04-08T10:17:33.508+0000] {processor.py:175} INFO - Processing /home/airflow/.local/lib/python3.7/site-packages/airflow/example_dags/example_params_ui_tutorial.py took 0.360 seconds
[2023-04-08T10:18:03.620+0000] {processor.py:153} INFO - Started process (PID=49535) to work on /home/airflow/.local/lib/python3.7/site-packages/airflow/example_dags/example_params_ui_tutorial.py
[2023-04-08T10:18:03.622+0000] {processor.py:743} INFO - Processing file /home/airflow/.local/lib/python3.7/site-packages/airflow/example_dags/example_params_ui_tutorial.py for tasks to queue
[2023-04-08T10:18:03.624+0000] {logging_mixin.py:137} INFO - [2023-04-08T10:18:03.624+0000] {dagbag.py:532} INFO - Filling up the DagBag from /home/airflow/.local/lib/python3.7/site-packages/airflow/example_dags/example_params_ui_tutorial.py
[2023-04-08T10:18:03.726+0000] {processor.py:753} INFO - DAG(s) dict_keys(['example_params_ui_tutorial']) retrieved from /home/airflow/.local/lib/python3.7/site-packages/airflow/example_dags/example_params_ui_tutorial.py
[2023-04-08T10:18:03.817+0000] {logging_mixin.py:137} INFO - [2023-04-08T10:18:03.817+0000] {dag.py:2705} INFO - Sync 1 DAGs
[2023-04-08T10:18:03.849+0000] {logging_mixin.py:137} INFO - [2023-04-08T10:18:03.849+0000] {dag.py:3456} INFO - Setting next_dagrun for example_params_ui_tutorial to None, run_after=None
[2023-04-08T10:18:03.875+0000] {processor.py:175} INFO - Processing /home/airflow/.local/lib/python3.7/site-packages/airflow/example_dags/example_params_ui_tutorial.py took 0.259 seconds
[2023-04-08T10:18:33.933+0000] {processor.py:153} INFO - Started process (PID=49586) to work on /home/airflow/.local/lib/python3.7/site-packages/airflow/example_dags/example_params_ui_tutorial.py
[2023-04-08T10:18:33.935+0000] {processor.py:743} INFO - Processing file /home/airflow/.local/lib/python3.7/site-packages/airflow/example_dags/example_params_ui_tutorial.py for tasks to queue
[2023-04-08T10:18:33.939+0000] {logging_mixin.py:137} INFO - [2023-04-08T10:18:33.939+0000] {dagbag.py:532} INFO - Filling up the DagBag from /home/airflow/.local/lib/python3.7/site-packages/airflow/example_dags/example_params_ui_tutorial.py
[2023-04-08T10:18:34.009+0000] {processor.py:753} INFO - DAG(s) dict_keys(['example_params_ui_tutorial']) retrieved from /home/airflow/.local/lib/python3.7/site-packages/airflow/example_dags/example_params_ui_tutorial.py
[2023-04-08T10:18:34.099+0000] {logging_mixin.py:137} INFO - [2023-04-08T10:18:34.099+0000] {dag.py:2705} INFO - Sync 1 DAGs
[2023-04-08T10:18:34.138+0000] {logging_mixin.py:137} INFO - [2023-04-08T10:18:34.138+0000] {dag.py:3456} INFO - Setting next_dagrun for example_params_ui_tutorial to None, run_after=None
[2023-04-08T10:18:34.169+0000] {processor.py:175} INFO - Processing /home/airflow/.local/lib/python3.7/site-packages/airflow/example_dags/example_params_ui_tutorial.py took 0.242 seconds
