[2023-04-08T07:06:46.587+0000] {processor.py:153} INFO - Started process (PID=48357) to work on /home/airflow/.local/lib/python3.7/site-packages/airflow/example_dags/example_short_circuit_decorator.py
[2023-04-08T07:06:46.597+0000] {processor.py:743} INFO - Processing file /home/airflow/.local/lib/python3.7/site-packages/airflow/example_dags/example_short_circuit_decorator.py for tasks to queue
[2023-04-08T07:06:46.624+0000] {logging_mixin.py:137} INFO - [2023-04-08T07:06:46.607+0000] {dagbag.py:532} INFO - Filling up the DagBag from /home/airflow/.local/lib/python3.7/site-packages/airflow/example_dags/example_short_circuit_decorator.py
[2023-04-08T07:06:46.910+0000] {processor.py:753} INFO - DAG(s) dict_keys(['example_short_circuit_decorator']) retrieved from /home/airflow/.local/lib/python3.7/site-packages/airflow/example_dags/example_short_circuit_decorator.py
[2023-04-08T07:06:47.430+0000] {logging_mixin.py:137} INFO - [2023-04-08T07:06:47.429+0000] {dag.py:2705} INFO - Sync 1 DAGs
[2023-04-08T07:06:47.954+0000] {logging_mixin.py:137} INFO - [2023-04-08T07:06:47.953+0000] {dag.py:3456} INFO - Setting next_dagrun for example_short_circuit_decorator to 2023-04-07T07:06:47.947185+00:00, run_after=2023-04-08T07:06:47.947185+00:00
[2023-04-08T07:06:48.506+0000] {processor.py:175} INFO - Processing /home/airflow/.local/lib/python3.7/site-packages/airflow/example_dags/example_short_circuit_decorator.py took 1.940 seconds
[2023-04-08T07:07:28.370+0000] {processor.py:153} INFO - Started process (PID=48408) to work on /home/airflow/.local/lib/python3.7/site-packages/airflow/example_dags/example_short_circuit_decorator.py
[2023-04-08T07:07:28.378+0000] {processor.py:743} INFO - Processing file /home/airflow/.local/lib/python3.7/site-packages/airflow/example_dags/example_short_circuit_decorator.py for tasks to queue
[2023-04-08T07:07:28.382+0000] {logging_mixin.py:137} INFO - [2023-04-08T07:07:28.381+0000] {dagbag.py:532} INFO - Filling up the DagBag from /home/airflow/.local/lib/python3.7/site-packages/airflow/example_dags/example_short_circuit_decorator.py
[2023-04-08T07:07:28.489+0000] {processor.py:753} INFO - DAG(s) dict_keys(['example_short_circuit_decorator']) retrieved from /home/airflow/.local/lib/python3.7/site-packages/airflow/example_dags/example_short_circuit_decorator.py
[2023-04-08T07:07:28.682+0000] {logging_mixin.py:137} INFO - [2023-04-08T07:07:28.682+0000] {dag.py:2705} INFO - Sync 1 DAGs
[2023-04-08T07:07:29.154+0000] {logging_mixin.py:137} INFO - [2023-04-08T07:07:29.152+0000] {dag.py:3456} INFO - Setting next_dagrun for example_short_circuit_decorator to 2023-04-07T07:07:29.151573+00:00, run_after=2023-04-08T07:07:29.151573+00:00
[2023-04-08T07:07:29.667+0000] {processor.py:175} INFO - Processing /home/airflow/.local/lib/python3.7/site-packages/airflow/example_dags/example_short_circuit_decorator.py took 1.319 seconds
[2023-04-08T07:08:03.439+0000] {processor.py:153} INFO - Started process (PID=48459) to work on /home/airflow/.local/lib/python3.7/site-packages/airflow/example_dags/example_short_circuit_decorator.py
[2023-04-08T07:08:03.460+0000] {processor.py:743} INFO - Processing file /home/airflow/.local/lib/python3.7/site-packages/airflow/example_dags/example_short_circuit_decorator.py for tasks to queue
[2023-04-08T07:08:03.485+0000] {logging_mixin.py:137} INFO - [2023-04-08T07:08:03.484+0000] {dagbag.py:532} INFO - Filling up the DagBag from /home/airflow/.local/lib/python3.7/site-packages/airflow/example_dags/example_short_circuit_decorator.py
[2023-04-08T07:08:03.748+0000] {processor.py:753} INFO - DAG(s) dict_keys(['example_short_circuit_decorator']) retrieved from /home/airflow/.local/lib/python3.7/site-packages/airflow/example_dags/example_short_circuit_decorator.py
[2023-04-08T07:08:03.996+0000] {logging_mixin.py:137} INFO - [2023-04-08T07:08:03.996+0000] {dag.py:2705} INFO - Sync 1 DAGs
[2023-04-08T07:08:04.210+0000] {logging_mixin.py:137} INFO - [2023-04-08T07:08:04.209+0000] {dag.py:3456} INFO - Setting next_dagrun for example_short_circuit_decorator to 2023-04-07T07:08:04.206205+00:00, run_after=2023-04-08T07:08:04.206205+00:00
[2023-04-08T07:08:04.372+0000] {processor.py:175} INFO - Processing /home/airflow/.local/lib/python3.7/site-packages/airflow/example_dags/example_short_circuit_decorator.py took 1.016 seconds
[2023-04-08T07:08:55.575+0000] {processor.py:153} INFO - Started process (PID=48522) to work on /home/airflow/.local/lib/python3.7/site-packages/airflow/example_dags/example_short_circuit_decorator.py
[2023-04-08T07:08:55.584+0000] {processor.py:743} INFO - Processing file /home/airflow/.local/lib/python3.7/site-packages/airflow/example_dags/example_short_circuit_decorator.py for tasks to queue
[2023-04-08T07:08:55.591+0000] {logging_mixin.py:137} INFO - [2023-04-08T07:08:55.590+0000] {dagbag.py:532} INFO - Filling up the DagBag from /home/airflow/.local/lib/python3.7/site-packages/airflow/example_dags/example_short_circuit_decorator.py
[2023-04-08T07:08:55.727+0000] {processor.py:753} INFO - DAG(s) dict_keys(['example_short_circuit_decorator']) retrieved from /home/airflow/.local/lib/python3.7/site-packages/airflow/example_dags/example_short_circuit_decorator.py
[2023-04-08T07:08:55.908+0000] {logging_mixin.py:137} INFO - [2023-04-08T07:08:55.907+0000] {dag.py:2705} INFO - Sync 1 DAGs
[2023-04-08T07:08:56.073+0000] {logging_mixin.py:137} INFO - [2023-04-08T07:08:56.072+0000] {dag.py:3456} INFO - Setting next_dagrun for example_short_circuit_decorator to 2023-04-07T07:08:56.071577+00:00, run_after=2023-04-08T07:08:56.071577+00:00
[2023-04-08T07:08:56.265+0000] {processor.py:175} INFO - Processing /home/airflow/.local/lib/python3.7/site-packages/airflow/example_dags/example_short_circuit_decorator.py took 0.735 seconds
[2023-04-08T07:09:45.471+0000] {processor.py:153} INFO - Started process (PID=48578) to work on /home/airflow/.local/lib/python3.7/site-packages/airflow/example_dags/example_short_circuit_decorator.py
[2023-04-08T07:09:45.501+0000] {processor.py:743} INFO - Processing file /home/airflow/.local/lib/python3.7/site-packages/airflow/example_dags/example_short_circuit_decorator.py for tasks to queue
[2023-04-08T07:09:45.532+0000] {logging_mixin.py:137} INFO - [2023-04-08T07:09:45.529+0000] {dagbag.py:532} INFO - Filling up the DagBag from /home/airflow/.local/lib/python3.7/site-packages/airflow/example_dags/example_short_circuit_decorator.py
[2023-04-08T07:09:46.141+0000] {processor.py:753} INFO - DAG(s) dict_keys(['example_short_circuit_decorator']) retrieved from /home/airflow/.local/lib/python3.7/site-packages/airflow/example_dags/example_short_circuit_decorator.py
[2023-04-08T07:09:47.860+0000] {logging_mixin.py:137} INFO - [2023-04-08T07:09:47.859+0000] {dag.py:2705} INFO - Sync 1 DAGs
[2023-04-08T07:09:50.054+0000] {logging_mixin.py:137} INFO - [2023-04-08T07:09:50.030+0000] {dag.py:3456} INFO - Setting next_dagrun for example_short_circuit_decorator to 2023-04-07T07:09:49.982885+00:00, run_after=2023-04-08T07:09:49.982885+00:00
[2023-04-08T07:09:50.872+0000] {processor.py:175} INFO - Processing /home/airflow/.local/lib/python3.7/site-packages/airflow/example_dags/example_short_circuit_decorator.py took 5.600 seconds
[2023-04-08T08:07:34.153+0000] {processor.py:153} INFO - Started process (PID=48668) to work on /home/airflow/.local/lib/python3.7/site-packages/airflow/example_dags/example_short_circuit_decorator.py
[2023-04-08T08:07:34.159+0000] {processor.py:743} INFO - Processing file /home/airflow/.local/lib/python3.7/site-packages/airflow/example_dags/example_short_circuit_decorator.py for tasks to queue
[2023-04-08T08:07:34.173+0000] {logging_mixin.py:137} INFO - [2023-04-08T08:07:34.172+0000] {dagbag.py:532} INFO - Filling up the DagBag from /home/airflow/.local/lib/python3.7/site-packages/airflow/example_dags/example_short_circuit_decorator.py
[2023-04-08T08:07:34.268+0000] {processor.py:753} INFO - DAG(s) dict_keys(['example_short_circuit_decorator']) retrieved from /home/airflow/.local/lib/python3.7/site-packages/airflow/example_dags/example_short_circuit_decorator.py
[2023-04-08T08:07:34.373+0000] {logging_mixin.py:137} INFO - [2023-04-08T08:07:34.372+0000] {dag.py:2705} INFO - Sync 1 DAGs
[2023-04-08T08:07:34.469+0000] {logging_mixin.py:137} INFO - [2023-04-08T08:07:34.468+0000] {dag.py:3456} INFO - Setting next_dagrun for example_short_circuit_decorator to 2023-04-07T08:07:34.468390+00:00, run_after=2023-04-08T08:07:34.468390+00:00
[2023-04-08T08:07:34.570+0000] {processor.py:175} INFO - Processing /home/airflow/.local/lib/python3.7/site-packages/airflow/example_dags/example_short_circuit_decorator.py took 0.424 seconds
[2023-04-08T10:09:14.196+0000] {processor.py:153} INFO - Started process (PID=48798) to work on /home/airflow/.local/lib/python3.7/site-packages/airflow/example_dags/example_short_circuit_decorator.py
[2023-04-08T10:09:14.218+0000] {processor.py:743} INFO - Processing file /home/airflow/.local/lib/python3.7/site-packages/airflow/example_dags/example_short_circuit_decorator.py for tasks to queue
[2023-04-08T10:09:14.226+0000] {logging_mixin.py:137} INFO - [2023-04-08T10:09:14.225+0000] {dagbag.py:532} INFO - Filling up the DagBag from /home/airflow/.local/lib/python3.7/site-packages/airflow/example_dags/example_short_circuit_decorator.py
[2023-04-08T10:09:14.565+0000] {processor.py:753} INFO - DAG(s) dict_keys(['example_short_circuit_decorator']) retrieved from /home/airflow/.local/lib/python3.7/site-packages/airflow/example_dags/example_short_circuit_decorator.py
[2023-04-08T10:09:15.401+0000] {logging_mixin.py:137} INFO - [2023-04-08T10:09:15.396+0000] {dag.py:2705} INFO - Sync 1 DAGs
[2023-04-08T10:09:16.911+0000] {logging_mixin.py:137} INFO - [2023-04-08T10:09:16.910+0000] {dag.py:3456} INFO - Setting next_dagrun for example_short_circuit_decorator to 2023-04-07T10:09:16.879460+00:00, run_after=2023-04-08T10:09:16.879460+00:00
[2023-04-08T10:09:17.420+0000] {processor.py:175} INFO - Processing /home/airflow/.local/lib/python3.7/site-packages/airflow/example_dags/example_short_circuit_decorator.py took 3.308 seconds
[2023-04-08T10:09:58.447+0000] {processor.py:153} INFO - Started process (PID=48849) to work on /home/airflow/.local/lib/python3.7/site-packages/airflow/example_dags/example_short_circuit_decorator.py
[2023-04-08T10:09:58.453+0000] {processor.py:743} INFO - Processing file /home/airflow/.local/lib/python3.7/site-packages/airflow/example_dags/example_short_circuit_decorator.py for tasks to queue
[2023-04-08T10:09:58.462+0000] {logging_mixin.py:137} INFO - [2023-04-08T10:09:58.462+0000] {dagbag.py:532} INFO - Filling up the DagBag from /home/airflow/.local/lib/python3.7/site-packages/airflow/example_dags/example_short_circuit_decorator.py
[2023-04-08T10:09:58.598+0000] {processor.py:753} INFO - DAG(s) dict_keys(['example_short_circuit_decorator']) retrieved from /home/airflow/.local/lib/python3.7/site-packages/airflow/example_dags/example_short_circuit_decorator.py
[2023-04-08T10:09:58.886+0000] {logging_mixin.py:137} INFO - [2023-04-08T10:09:58.885+0000] {dag.py:2705} INFO - Sync 1 DAGs
[2023-04-08T10:09:58.988+0000] {logging_mixin.py:137} INFO - [2023-04-08T10:09:58.988+0000] {dag.py:3456} INFO - Setting next_dagrun for example_short_circuit_decorator to 2023-04-07T10:09:58.987741+00:00, run_after=2023-04-08T10:09:58.987741+00:00
[2023-04-08T10:09:59.118+0000] {processor.py:175} INFO - Processing /home/airflow/.local/lib/python3.7/site-packages/airflow/example_dags/example_short_circuit_decorator.py took 0.730 seconds
[2023-04-08T10:10:35.176+0000] {processor.py:153} INFO - Started process (PID=48907) to work on /home/airflow/.local/lib/python3.7/site-packages/airflow/example_dags/example_short_circuit_decorator.py
[2023-04-08T10:10:35.183+0000] {processor.py:743} INFO - Processing file /home/airflow/.local/lib/python3.7/site-packages/airflow/example_dags/example_short_circuit_decorator.py for tasks to queue
[2023-04-08T10:10:35.210+0000] {logging_mixin.py:137} INFO - [2023-04-08T10:10:35.209+0000] {dagbag.py:532} INFO - Filling up the DagBag from /home/airflow/.local/lib/python3.7/site-packages/airflow/example_dags/example_short_circuit_decorator.py
[2023-04-08T10:10:35.311+0000] {processor.py:753} INFO - DAG(s) dict_keys(['example_short_circuit_decorator']) retrieved from /home/airflow/.local/lib/python3.7/site-packages/airflow/example_dags/example_short_circuit_decorator.py
[2023-04-08T10:10:35.451+0000] {logging_mixin.py:137} INFO - [2023-04-08T10:10:35.450+0000] {dag.py:2705} INFO - Sync 1 DAGs
[2023-04-08T10:10:35.662+0000] {logging_mixin.py:137} INFO - [2023-04-08T10:10:35.662+0000] {dag.py:3456} INFO - Setting next_dagrun for example_short_circuit_decorator to 2023-04-07T10:10:35.661046+00:00, run_after=2023-04-08T10:10:35.661046+00:00
[2023-04-08T10:10:35.829+0000] {processor.py:175} INFO - Processing /home/airflow/.local/lib/python3.7/site-packages/airflow/example_dags/example_short_circuit_decorator.py took 0.670 seconds
[2023-04-08T10:11:14.560+0000] {processor.py:153} INFO - Started process (PID=48968) to work on /home/airflow/.local/lib/python3.7/site-packages/airflow/example_dags/example_short_circuit_decorator.py
[2023-04-08T10:11:14.571+0000] {processor.py:743} INFO - Processing file /home/airflow/.local/lib/python3.7/site-packages/airflow/example_dags/example_short_circuit_decorator.py for tasks to queue
[2023-04-08T10:11:14.578+0000] {logging_mixin.py:137} INFO - [2023-04-08T10:11:14.578+0000] {dagbag.py:532} INFO - Filling up the DagBag from /home/airflow/.local/lib/python3.7/site-packages/airflow/example_dags/example_short_circuit_decorator.py
[2023-04-08T10:11:14.745+0000] {processor.py:753} INFO - DAG(s) dict_keys(['example_short_circuit_decorator']) retrieved from /home/airflow/.local/lib/python3.7/site-packages/airflow/example_dags/example_short_circuit_decorator.py
[2023-04-08T10:11:14.948+0000] {logging_mixin.py:137} INFO - [2023-04-08T10:11:14.947+0000] {dag.py:2705} INFO - Sync 1 DAGs
[2023-04-08T10:11:15.083+0000] {logging_mixin.py:137} INFO - [2023-04-08T10:11:15.082+0000] {dag.py:3456} INFO - Setting next_dagrun for example_short_circuit_decorator to 2023-04-07T10:11:15.081376+00:00, run_after=2023-04-08T10:11:15.081376+00:00
[2023-04-08T10:11:15.274+0000] {processor.py:175} INFO - Processing /home/airflow/.local/lib/python3.7/site-packages/airflow/example_dags/example_short_circuit_decorator.py took 0.742 seconds
[2023-04-08T10:12:07.464+0000] {processor.py:153} INFO - Started process (PID=49026) to work on /home/airflow/.local/lib/python3.7/site-packages/airflow/example_dags/example_short_circuit_decorator.py
[2023-04-08T10:12:07.471+0000] {processor.py:743} INFO - Processing file /home/airflow/.local/lib/python3.7/site-packages/airflow/example_dags/example_short_circuit_decorator.py for tasks to queue
[2023-04-08T10:12:07.475+0000] {logging_mixin.py:137} INFO - [2023-04-08T10:12:07.474+0000] {dagbag.py:532} INFO - Filling up the DagBag from /home/airflow/.local/lib/python3.7/site-packages/airflow/example_dags/example_short_circuit_decorator.py
[2023-04-08T10:12:07.627+0000] {processor.py:753} INFO - DAG(s) dict_keys(['example_short_circuit_decorator']) retrieved from /home/airflow/.local/lib/python3.7/site-packages/airflow/example_dags/example_short_circuit_decorator.py
[2023-04-08T10:12:07.804+0000] {logging_mixin.py:137} INFO - [2023-04-08T10:12:07.804+0000] {dag.py:2705} INFO - Sync 1 DAGs
[2023-04-08T10:12:07.941+0000] {logging_mixin.py:137} INFO - [2023-04-08T10:12:07.938+0000] {dag.py:3456} INFO - Setting next_dagrun for example_short_circuit_decorator to 2023-04-07T10:12:07.935987+00:00, run_after=2023-04-08T10:12:07.935987+00:00
[2023-04-08T10:12:08.069+0000] {processor.py:175} INFO - Processing /home/airflow/.local/lib/python3.7/site-packages/airflow/example_dags/example_short_circuit_decorator.py took 0.624 seconds
[2023-04-08T10:12:51.893+0000] {processor.py:153} INFO - Started process (PID=49091) to work on /home/airflow/.local/lib/python3.7/site-packages/airflow/example_dags/example_short_circuit_decorator.py
[2023-04-08T10:12:52.035+0000] {processor.py:743} INFO - Processing file /home/airflow/.local/lib/python3.7/site-packages/airflow/example_dags/example_short_circuit_decorator.py for tasks to queue
[2023-04-08T10:12:52.060+0000] {logging_mixin.py:137} INFO - [2023-04-08T10:12:52.059+0000] {dagbag.py:532} INFO - Filling up the DagBag from /home/airflow/.local/lib/python3.7/site-packages/airflow/example_dags/example_short_circuit_decorator.py
[2023-04-08T10:12:52.244+0000] {processor.py:753} INFO - DAG(s) dict_keys(['example_short_circuit_decorator']) retrieved from /home/airflow/.local/lib/python3.7/site-packages/airflow/example_dags/example_short_circuit_decorator.py
[2023-04-08T10:12:52.581+0000] {logging_mixin.py:137} INFO - [2023-04-08T10:12:52.578+0000] {dag.py:2705} INFO - Sync 1 DAGs
[2023-04-08T10:12:52.965+0000] {logging_mixin.py:137} INFO - [2023-04-08T10:12:52.965+0000] {dag.py:3456} INFO - Setting next_dagrun for example_short_circuit_decorator to 2023-04-07T10:12:52.964978+00:00, run_after=2023-04-08T10:12:52.964978+00:00
[2023-04-08T10:12:53.291+0000] {processor.py:175} INFO - Processing /home/airflow/.local/lib/python3.7/site-packages/airflow/example_dags/example_short_circuit_decorator.py took 1.427 seconds
[2023-04-08T10:13:49.117+0000] {processor.py:153} INFO - Started process (PID=49150) to work on /home/airflow/.local/lib/python3.7/site-packages/airflow/example_dags/example_short_circuit_decorator.py
[2023-04-08T10:13:49.154+0000] {processor.py:743} INFO - Processing file /home/airflow/.local/lib/python3.7/site-packages/airflow/example_dags/example_short_circuit_decorator.py for tasks to queue
[2023-04-08T10:13:49.175+0000] {logging_mixin.py:137} INFO - [2023-04-08T10:13:49.173+0000] {dagbag.py:532} INFO - Filling up the DagBag from /home/airflow/.local/lib/python3.7/site-packages/airflow/example_dags/example_short_circuit_decorator.py
[2023-04-08T10:13:50.476+0000] {processor.py:753} INFO - DAG(s) dict_keys(['example_short_circuit_decorator']) retrieved from /home/airflow/.local/lib/python3.7/site-packages/airflow/example_dags/example_short_circuit_decorator.py
[2023-04-08T10:13:50.710+0000] {logging_mixin.py:137} INFO - [2023-04-08T10:13:50.710+0000] {dag.py:2705} INFO - Sync 1 DAGs
[2023-04-08T10:13:50.900+0000] {logging_mixin.py:137} INFO - [2023-04-08T10:13:50.900+0000] {dag.py:3456} INFO - Setting next_dagrun for example_short_circuit_decorator to 2023-04-07T10:13:50.898682+00:00, run_after=2023-04-08T10:13:50.898682+00:00
[2023-04-08T10:13:51.269+0000] {processor.py:175} INFO - Processing /home/airflow/.local/lib/python3.7/site-packages/airflow/example_dags/example_short_circuit_decorator.py took 2.604 seconds
[2023-04-08T10:14:52.667+0000] {processor.py:153} INFO - Started process (PID=49223) to work on /home/airflow/.local/lib/python3.7/site-packages/airflow/example_dags/example_short_circuit_decorator.py
[2023-04-08T10:14:52.687+0000] {processor.py:743} INFO - Processing file /home/airflow/.local/lib/python3.7/site-packages/airflow/example_dags/example_short_circuit_decorator.py for tasks to queue
[2023-04-08T10:14:52.716+0000] {logging_mixin.py:137} INFO - [2023-04-08T10:14:52.715+0000] {dagbag.py:532} INFO - Filling up the DagBag from /home/airflow/.local/lib/python3.7/site-packages/airflow/example_dags/example_short_circuit_decorator.py
[2023-04-08T10:14:52.905+0000] {processor.py:753} INFO - DAG(s) dict_keys(['example_short_circuit_decorator']) retrieved from /home/airflow/.local/lib/python3.7/site-packages/airflow/example_dags/example_short_circuit_decorator.py
[2023-04-08T10:14:53.279+0000] {logging_mixin.py:137} INFO - [2023-04-08T10:14:53.274+0000] {dag.py:2705} INFO - Sync 1 DAGs
[2023-04-08T10:14:53.666+0000] {logging_mixin.py:137} INFO - [2023-04-08T10:14:53.666+0000] {dag.py:3456} INFO - Setting next_dagrun for example_short_circuit_decorator to 2023-04-07T10:14:53.659629+00:00, run_after=2023-04-08T10:14:53.659629+00:00
[2023-04-08T10:14:53.793+0000] {processor.py:175} INFO - Processing /home/airflow/.local/lib/python3.7/site-packages/airflow/example_dags/example_short_circuit_decorator.py took 1.152 seconds
[2023-04-08T10:15:29.932+0000] {processor.py:153} INFO - Started process (PID=49278) to work on /home/airflow/.local/lib/python3.7/site-packages/airflow/example_dags/example_short_circuit_decorator.py
[2023-04-08T10:15:29.952+0000] {processor.py:743} INFO - Processing file /home/airflow/.local/lib/python3.7/site-packages/airflow/example_dags/example_short_circuit_decorator.py for tasks to queue
[2023-04-08T10:15:29.961+0000] {logging_mixin.py:137} INFO - [2023-04-08T10:15:29.960+0000] {dagbag.py:532} INFO - Filling up the DagBag from /home/airflow/.local/lib/python3.7/site-packages/airflow/example_dags/example_short_circuit_decorator.py
[2023-04-08T10:15:30.089+0000] {processor.py:753} INFO - DAG(s) dict_keys(['example_short_circuit_decorator']) retrieved from /home/airflow/.local/lib/python3.7/site-packages/airflow/example_dags/example_short_circuit_decorator.py
[2023-04-08T10:15:30.198+0000] {logging_mixin.py:137} INFO - [2023-04-08T10:15:30.198+0000] {dag.py:2705} INFO - Sync 1 DAGs
[2023-04-08T10:15:30.320+0000] {logging_mixin.py:137} INFO - [2023-04-08T10:15:30.319+0000] {dag.py:3456} INFO - Setting next_dagrun for example_short_circuit_decorator to 2023-04-07T10:15:30.319364+00:00, run_after=2023-04-08T10:15:30.319364+00:00
[2023-04-08T10:15:30.468+0000] {processor.py:175} INFO - Processing /home/airflow/.local/lib/python3.7/site-packages/airflow/example_dags/example_short_circuit_decorator.py took 0.581 seconds
[2023-04-08T10:16:05.807+0000] {processor.py:153} INFO - Started process (PID=49327) to work on /home/airflow/.local/lib/python3.7/site-packages/airflow/example_dags/example_short_circuit_decorator.py
[2023-04-08T10:16:05.819+0000] {processor.py:743} INFO - Processing file /home/airflow/.local/lib/python3.7/site-packages/airflow/example_dags/example_short_circuit_decorator.py for tasks to queue
[2023-04-08T10:16:05.832+0000] {logging_mixin.py:137} INFO - [2023-04-08T10:16:05.831+0000] {dagbag.py:532} INFO - Filling up the DagBag from /home/airflow/.local/lib/python3.7/site-packages/airflow/example_dags/example_short_circuit_decorator.py
[2023-04-08T10:16:05.937+0000] {processor.py:753} INFO - DAG(s) dict_keys(['example_short_circuit_decorator']) retrieved from /home/airflow/.local/lib/python3.7/site-packages/airflow/example_dags/example_short_circuit_decorator.py
[2023-04-08T10:16:06.156+0000] {logging_mixin.py:137} INFO - [2023-04-08T10:16:06.156+0000] {dag.py:2705} INFO - Sync 1 DAGs
[2023-04-08T10:16:06.357+0000] {logging_mixin.py:137} INFO - [2023-04-08T10:16:06.356+0000] {dag.py:3456} INFO - Setting next_dagrun for example_short_circuit_decorator to 2023-04-07T10:16:06.355933+00:00, run_after=2023-04-08T10:16:06.355933+00:00
[2023-04-08T10:16:06.481+0000] {processor.py:175} INFO - Processing /home/airflow/.local/lib/python3.7/site-packages/airflow/example_dags/example_short_circuit_decorator.py took 0.690 seconds
[2023-04-08T10:16:36.962+0000] {processor.py:153} INFO - Started process (PID=49386) to work on /home/airflow/.local/lib/python3.7/site-packages/airflow/example_dags/example_short_circuit_decorator.py
[2023-04-08T10:16:36.970+0000] {processor.py:743} INFO - Processing file /home/airflow/.local/lib/python3.7/site-packages/airflow/example_dags/example_short_circuit_decorator.py for tasks to queue
[2023-04-08T10:16:36.972+0000] {logging_mixin.py:137} INFO - [2023-04-08T10:16:36.972+0000] {dagbag.py:532} INFO - Filling up the DagBag from /home/airflow/.local/lib/python3.7/site-packages/airflow/example_dags/example_short_circuit_decorator.py
[2023-04-08T10:16:37.093+0000] {processor.py:753} INFO - DAG(s) dict_keys(['example_short_circuit_decorator']) retrieved from /home/airflow/.local/lib/python3.7/site-packages/airflow/example_dags/example_short_circuit_decorator.py
[2023-04-08T10:16:37.218+0000] {logging_mixin.py:137} INFO - [2023-04-08T10:16:37.218+0000] {dag.py:2705} INFO - Sync 1 DAGs
[2023-04-08T10:16:37.319+0000] {logging_mixin.py:137} INFO - [2023-04-08T10:16:37.319+0000] {dag.py:3456} INFO - Setting next_dagrun for example_short_circuit_decorator to 2023-04-07T10:16:37.319160+00:00, run_after=2023-04-08T10:16:37.319160+00:00
[2023-04-08T10:16:37.384+0000] {processor.py:175} INFO - Processing /home/airflow/.local/lib/python3.7/site-packages/airflow/example_dags/example_short_circuit_decorator.py took 0.432 seconds
[2023-04-08T10:17:08.107+0000] {processor.py:153} INFO - Started process (PID=49444) to work on /home/airflow/.local/lib/python3.7/site-packages/airflow/example_dags/example_short_circuit_decorator.py
[2023-04-08T10:17:08.111+0000] {processor.py:743} INFO - Processing file /home/airflow/.local/lib/python3.7/site-packages/airflow/example_dags/example_short_circuit_decorator.py for tasks to queue
[2023-04-08T10:17:08.113+0000] {logging_mixin.py:137} INFO - [2023-04-08T10:17:08.113+0000] {dagbag.py:532} INFO - Filling up the DagBag from /home/airflow/.local/lib/python3.7/site-packages/airflow/example_dags/example_short_circuit_decorator.py
[2023-04-08T10:17:08.145+0000] {processor.py:753} INFO - DAG(s) dict_keys(['example_short_circuit_decorator']) retrieved from /home/airflow/.local/lib/python3.7/site-packages/airflow/example_dags/example_short_circuit_decorator.py
[2023-04-08T10:17:08.196+0000] {logging_mixin.py:137} INFO - [2023-04-08T10:17:08.196+0000] {dag.py:2705} INFO - Sync 1 DAGs
[2023-04-08T10:17:08.235+0000] {logging_mixin.py:137} INFO - [2023-04-08T10:17:08.235+0000] {dag.py:3456} INFO - Setting next_dagrun for example_short_circuit_decorator to 2023-04-07T10:17:08.234844+00:00, run_after=2023-04-08T10:17:08.234844+00:00
[2023-04-08T10:17:08.267+0000] {processor.py:175} INFO - Processing /home/airflow/.local/lib/python3.7/site-packages/airflow/example_dags/example_short_circuit_decorator.py took 0.168 seconds
[2023-04-08T10:17:38.432+0000] {processor.py:153} INFO - Started process (PID=49495) to work on /home/airflow/.local/lib/python3.7/site-packages/airflow/example_dags/example_short_circuit_decorator.py
[2023-04-08T10:17:38.434+0000] {processor.py:743} INFO - Processing file /home/airflow/.local/lib/python3.7/site-packages/airflow/example_dags/example_short_circuit_decorator.py for tasks to queue
[2023-04-08T10:17:38.437+0000] {logging_mixin.py:137} INFO - [2023-04-08T10:17:38.437+0000] {dagbag.py:532} INFO - Filling up the DagBag from /home/airflow/.local/lib/python3.7/site-packages/airflow/example_dags/example_short_circuit_decorator.py
[2023-04-08T10:17:38.468+0000] {processor.py:753} INFO - DAG(s) dict_keys(['example_short_circuit_decorator']) retrieved from /home/airflow/.local/lib/python3.7/site-packages/airflow/example_dags/example_short_circuit_decorator.py
[2023-04-08T10:17:38.511+0000] {logging_mixin.py:137} INFO - [2023-04-08T10:17:38.511+0000] {dag.py:2705} INFO - Sync 1 DAGs
[2023-04-08T10:17:38.545+0000] {logging_mixin.py:137} INFO - [2023-04-08T10:17:38.545+0000] {dag.py:3456} INFO - Setting next_dagrun for example_short_circuit_decorator to 2023-04-07T10:17:38.545324+00:00, run_after=2023-04-08T10:17:38.545324+00:00
[2023-04-08T10:17:38.573+0000] {processor.py:175} INFO - Processing /home/airflow/.local/lib/python3.7/site-packages/airflow/example_dags/example_short_circuit_decorator.py took 0.147 seconds
[2023-04-08T10:18:08.650+0000] {processor.py:153} INFO - Started process (PID=49546) to work on /home/airflow/.local/lib/python3.7/site-packages/airflow/example_dags/example_short_circuit_decorator.py
[2023-04-08T10:18:08.652+0000] {processor.py:743} INFO - Processing file /home/airflow/.local/lib/python3.7/site-packages/airflow/example_dags/example_short_circuit_decorator.py for tasks to queue
[2023-04-08T10:18:08.654+0000] {logging_mixin.py:137} INFO - [2023-04-08T10:18:08.654+0000] {dagbag.py:532} INFO - Filling up the DagBag from /home/airflow/.local/lib/python3.7/site-packages/airflow/example_dags/example_short_circuit_decorator.py
[2023-04-08T10:18:08.683+0000] {processor.py:753} INFO - DAG(s) dict_keys(['example_short_circuit_decorator']) retrieved from /home/airflow/.local/lib/python3.7/site-packages/airflow/example_dags/example_short_circuit_decorator.py
[2023-04-08T10:18:08.723+0000] {logging_mixin.py:137} INFO - [2023-04-08T10:18:08.723+0000] {dag.py:2705} INFO - Sync 1 DAGs
[2023-04-08T10:18:08.758+0000] {logging_mixin.py:137} INFO - [2023-04-08T10:18:08.758+0000] {dag.py:3456} INFO - Setting next_dagrun for example_short_circuit_decorator to 2023-04-07T10:18:08.758119+00:00, run_after=2023-04-08T10:18:08.758119+00:00
[2023-04-08T10:18:08.786+0000] {processor.py:175} INFO - Processing /home/airflow/.local/lib/python3.7/site-packages/airflow/example_dags/example_short_circuit_decorator.py took 0.142 seconds
