[2023-04-08T07:06:30.942+0000] {processor.py:153} INFO - Started process (PID=48331) to work on /home/airflow/.local/lib/python3.7/site-packages/airflow/example_dags/example_branch_operator.py
[2023-04-08T07:06:30.951+0000] {processor.py:743} INFO - Processing file /home/airflow/.local/lib/python3.7/site-packages/airflow/example_dags/example_branch_operator.py for tasks to queue
[2023-04-08T07:06:30.971+0000] {logging_mixin.py:137} INFO - [2023-04-08T07:06:30.971+0000] {dagbag.py:532} INFO - Filling up the DagBag from /home/airflow/.local/lib/python3.7/site-packages/airflow/example_dags/example_branch_operator.py
[2023-04-08T07:06:31.451+0000] {processor.py:753} INFO - DAG(s) dict_keys(['example_branch_operator']) retrieved from /home/airflow/.local/lib/python3.7/site-packages/airflow/example_dags/example_branch_operator.py
[2023-04-08T07:06:31.693+0000] {logging_mixin.py:137} INFO - [2023-04-08T07:06:31.692+0000] {dag.py:2705} INFO - Sync 1 DAGs
[2023-04-08T07:06:32.129+0000] {logging_mixin.py:137} INFO - [2023-04-08T07:06:32.128+0000] {dag.py:3456} INFO - Setting next_dagrun for example_branch_operator to 2023-04-07T00:00:00+00:00, run_after=2023-04-08T00:00:00+00:00
[2023-04-08T07:06:32.378+0000] {processor.py:175} INFO - Processing /home/airflow/.local/lib/python3.7/site-packages/airflow/example_dags/example_branch_operator.py took 1.549 seconds
[2023-04-08T07:07:13.253+0000] {processor.py:153} INFO - Started process (PID=48389) to work on /home/airflow/.local/lib/python3.7/site-packages/airflow/example_dags/example_branch_operator.py
[2023-04-08T07:07:13.261+0000] {processor.py:743} INFO - Processing file /home/airflow/.local/lib/python3.7/site-packages/airflow/example_dags/example_branch_operator.py for tasks to queue
[2023-04-08T07:07:13.266+0000] {logging_mixin.py:137} INFO - [2023-04-08T07:07:13.266+0000] {dagbag.py:532} INFO - Filling up the DagBag from /home/airflow/.local/lib/python3.7/site-packages/airflow/example_dags/example_branch_operator.py
[2023-04-08T07:07:13.351+0000] {processor.py:753} INFO - DAG(s) dict_keys(['example_branch_operator']) retrieved from /home/airflow/.local/lib/python3.7/site-packages/airflow/example_dags/example_branch_operator.py
[2023-04-08T07:07:13.538+0000] {logging_mixin.py:137} INFO - [2023-04-08T07:07:13.537+0000] {dag.py:2705} INFO - Sync 1 DAGs
[2023-04-08T07:07:13.697+0000] {logging_mixin.py:137} INFO - [2023-04-08T07:07:13.697+0000] {dag.py:3456} INFO - Setting next_dagrun for example_branch_operator to 2023-04-07T00:00:00+00:00, run_after=2023-04-08T00:00:00+00:00
[2023-04-08T07:07:13.847+0000] {processor.py:175} INFO - Processing /home/airflow/.local/lib/python3.7/site-packages/airflow/example_dags/example_branch_operator.py took 0.610 seconds
[2023-04-08T07:07:45.295+0000] {processor.py:153} INFO - Started process (PID=48438) to work on /home/airflow/.local/lib/python3.7/site-packages/airflow/example_dags/example_branch_operator.py
[2023-04-08T07:07:45.312+0000] {processor.py:743} INFO - Processing file /home/airflow/.local/lib/python3.7/site-packages/airflow/example_dags/example_branch_operator.py for tasks to queue
[2023-04-08T07:07:45.322+0000] {logging_mixin.py:137} INFO - [2023-04-08T07:07:45.322+0000] {dagbag.py:532} INFO - Filling up the DagBag from /home/airflow/.local/lib/python3.7/site-packages/airflow/example_dags/example_branch_operator.py
[2023-04-08T07:07:45.472+0000] {processor.py:753} INFO - DAG(s) dict_keys(['example_branch_operator']) retrieved from /home/airflow/.local/lib/python3.7/site-packages/airflow/example_dags/example_branch_operator.py
[2023-04-08T07:07:45.714+0000] {logging_mixin.py:137} INFO - [2023-04-08T07:07:45.713+0000] {dag.py:2705} INFO - Sync 1 DAGs
[2023-04-08T07:07:45.873+0000] {logging_mixin.py:137} INFO - [2023-04-08T07:07:45.873+0000] {dag.py:3456} INFO - Setting next_dagrun for example_branch_operator to 2023-04-07T00:00:00+00:00, run_after=2023-04-08T00:00:00+00:00
[2023-04-08T07:07:45.976+0000] {processor.py:175} INFO - Processing /home/airflow/.local/lib/python3.7/site-packages/airflow/example_dags/example_branch_operator.py took 0.750 seconds
[2023-04-08T07:08:22.222+0000] {processor.py:153} INFO - Started process (PID=48489) to work on /home/airflow/.local/lib/python3.7/site-packages/airflow/example_dags/example_branch_operator.py
[2023-04-08T07:08:22.242+0000] {processor.py:743} INFO - Processing file /home/airflow/.local/lib/python3.7/site-packages/airflow/example_dags/example_branch_operator.py for tasks to queue
[2023-04-08T07:08:22.248+0000] {logging_mixin.py:137} INFO - [2023-04-08T07:08:22.247+0000] {dagbag.py:532} INFO - Filling up the DagBag from /home/airflow/.local/lib/python3.7/site-packages/airflow/example_dags/example_branch_operator.py
[2023-04-08T07:08:22.420+0000] {processor.py:753} INFO - DAG(s) dict_keys(['example_branch_operator']) retrieved from /home/airflow/.local/lib/python3.7/site-packages/airflow/example_dags/example_branch_operator.py
[2023-04-08T07:08:22.675+0000] {logging_mixin.py:137} INFO - [2023-04-08T07:08:22.671+0000] {dag.py:2705} INFO - Sync 1 DAGs
[2023-04-08T07:08:23.007+0000] {logging_mixin.py:137} INFO - [2023-04-08T07:08:23.006+0000] {dag.py:3456} INFO - Setting next_dagrun for example_branch_operator to 2023-04-07T00:00:00+00:00, run_after=2023-04-08T00:00:00+00:00
[2023-04-08T07:08:23.133+0000] {processor.py:175} INFO - Processing /home/airflow/.local/lib/python3.7/site-packages/airflow/example_dags/example_branch_operator.py took 0.965 seconds
[2023-04-08T07:09:03.728+0000] {processor.py:153} INFO - Started process (PID=48535) to work on /home/airflow/.local/lib/python3.7/site-packages/airflow/example_dags/example_branch_operator.py
[2023-04-08T07:09:03.746+0000] {processor.py:743} INFO - Processing file /home/airflow/.local/lib/python3.7/site-packages/airflow/example_dags/example_branch_operator.py for tasks to queue
[2023-04-08T07:09:03.762+0000] {logging_mixin.py:137} INFO - [2023-04-08T07:09:03.762+0000] {dagbag.py:532} INFO - Filling up the DagBag from /home/airflow/.local/lib/python3.7/site-packages/airflow/example_dags/example_branch_operator.py
[2023-04-08T07:09:03.968+0000] {processor.py:753} INFO - DAG(s) dict_keys(['example_branch_operator']) retrieved from /home/airflow/.local/lib/python3.7/site-packages/airflow/example_dags/example_branch_operator.py
[2023-04-08T07:09:04.186+0000] {logging_mixin.py:137} INFO - [2023-04-08T07:09:04.186+0000] {dag.py:2705} INFO - Sync 1 DAGs
[2023-04-08T07:09:04.397+0000] {logging_mixin.py:137} INFO - [2023-04-08T07:09:04.397+0000] {dag.py:3456} INFO - Setting next_dagrun for example_branch_operator to 2023-04-07T00:00:00+00:00, run_after=2023-04-08T00:00:00+00:00
[2023-04-08T07:09:04.554+0000] {processor.py:175} INFO - Processing /home/airflow/.local/lib/python3.7/site-packages/airflow/example_dags/example_branch_operator.py took 0.844 seconds
[2023-04-08T08:07:18.492+0000] {processor.py:153} INFO - Started process (PID=48643) to work on /home/airflow/.local/lib/python3.7/site-packages/airflow/example_dags/example_branch_operator.py
[2023-04-08T08:07:18.511+0000] {processor.py:743} INFO - Processing file /home/airflow/.local/lib/python3.7/site-packages/airflow/example_dags/example_branch_operator.py for tasks to queue
[2023-04-08T08:07:18.522+0000] {logging_mixin.py:137} INFO - [2023-04-08T08:07:18.521+0000] {dagbag.py:532} INFO - Filling up the DagBag from /home/airflow/.local/lib/python3.7/site-packages/airflow/example_dags/example_branch_operator.py
[2023-04-08T08:07:18.639+0000] {processor.py:753} INFO - DAG(s) dict_keys(['example_branch_operator']) retrieved from /home/airflow/.local/lib/python3.7/site-packages/airflow/example_dags/example_branch_operator.py
[2023-04-08T08:07:18.943+0000] {logging_mixin.py:137} INFO - [2023-04-08T08:07:18.942+0000] {dag.py:2705} INFO - Sync 1 DAGs
[2023-04-08T08:07:19.141+0000] {logging_mixin.py:137} INFO - [2023-04-08T08:07:19.136+0000] {dag.py:3456} INFO - Setting next_dagrun for example_branch_operator to 2023-04-07T00:00:00+00:00, run_after=2023-04-08T00:00:00+00:00
[2023-04-08T08:07:20.143+0000] {processor.py:175} INFO - Processing /home/airflow/.local/lib/python3.7/site-packages/airflow/example_dags/example_branch_operator.py took 1.695 seconds
[2023-04-08T09:04:27.634+0000] {processor.py:153} INFO - Started process (PID=48708) to work on /home/airflow/.local/lib/python3.7/site-packages/airflow/example_dags/example_branch_operator.py
[2023-04-08T09:04:27.795+0000] {processor.py:743} INFO - Processing file /home/airflow/.local/lib/python3.7/site-packages/airflow/example_dags/example_branch_operator.py for tasks to queue
[2023-04-08T09:04:28.238+0000] {logging_mixin.py:137} INFO - [2023-04-08T09:04:28.229+0000] {dagbag.py:532} INFO - Filling up the DagBag from /home/airflow/.local/lib/python3.7/site-packages/airflow/example_dags/example_branch_operator.py
[2023-04-08T09:04:30.499+0000] {processor.py:753} INFO - DAG(s) dict_keys(['example_branch_operator']) retrieved from /home/airflow/.local/lib/python3.7/site-packages/airflow/example_dags/example_branch_operator.py
[2023-04-08T09:04:35.320+0000] {logging_mixin.py:137} INFO - [2023-04-08T09:04:35.297+0000] {dag.py:2705} INFO - Sync 1 DAGs
[2023-04-08T09:04:41.126+0000] {logging_mixin.py:137} INFO - [2023-04-08T09:04:41.036+0000] {dag.py:3456} INFO - Setting next_dagrun for example_branch_operator to 2023-04-07T00:00:00+00:00, run_after=2023-04-08T00:00:00+00:00
[2023-04-08T09:04:45.022+0000] {processor.py:175} INFO - Processing /home/airflow/.local/lib/python3.7/site-packages/airflow/example_dags/example_branch_operator.py took 20.207 seconds
[2023-04-08T09:07:43.842+0000] {processor.py:153} INFO - Started process (PID=48761) to work on /home/airflow/.local/lib/python3.7/site-packages/airflow/example_dags/example_branch_operator.py
[2023-04-08T09:07:43.921+0000] {processor.py:743} INFO - Processing file /home/airflow/.local/lib/python3.7/site-packages/airflow/example_dags/example_branch_operator.py for tasks to queue
[2023-04-08T09:07:43.982+0000] {logging_mixin.py:137} INFO - [2023-04-08T09:07:43.977+0000] {dagbag.py:532} INFO - Filling up the DagBag from /home/airflow/.local/lib/python3.7/site-packages/airflow/example_dags/example_branch_operator.py
[2023-04-08T10:03:53.544+0000] {logging_mixin.py:137} INFO - [2023-04-08T10:03:52.696+0000] {timeout.py:68} ERROR - Process timed out, PID: 48761
[2023-04-08T10:03:54.142+0000] {logging_mixin.py:137} INFO - [2023-04-08T10:03:54.014+0000] {dagbag.py:341} ERROR - Failed to import: /home/airflow/.local/lib/python3.7/site-packages/airflow/example_dags/example_branch_operator.py
Traceback (most recent call last):
  File "/home/airflow/.local/lib/python3.7/site-packages/airflow/models/dagbag.py", line 337, in parse
    loader.exec_module(new_module)
  File "<frozen importlib._bootstrap_external>", line 728, in exec_module
  File "<frozen importlib._bootstrap>", line 219, in _call_with_frames_removed
  File "/home/airflow/.local/lib/python3.7/site-packages/airflow/example_dags/example_branch_operator.py", line 65, in <module>
    branching >> Label(option) >> t >> empty_follow >> join
  File "/home/airflow/.local/lib/python3.7/site-packages/airflow/models/taskmixin.py", line 87, in __rshift__
    self.set_downstream(other)
  File "/home/airflow/.local/lib/python3.7/site-packages/airflow/utils/edgemodifier.py", line 150, in set_downstream
    self._convert_streams_to_task_groups()
  File "/home/airflow/.local/lib/python3.7/site-packages/airflow/utils/edgemodifier.py", line 87, in _convert_streams_to_task_groups
    from airflow.models.xcom_arg import XComArg
  File "<frozen importlib._bootstrap>", line 1019, in _handle_fromlist
  File "/home/airflow/.local/lib/python3.7/site-packages/airflow/utils/timeout.py", line 69, in handle_timeout
    raise AirflowTaskTimeout(self.error_message)
airflow.exceptions.AirflowTaskTimeout: DagBag import timeout for /home/airflow/.local/lib/python3.7/site-packages/airflow/example_dags/example_branch_operator.py after 30.0s.
Please take a look at these docs to improve your DAG import time:
* https://airflow.apache.org/docs/apache-airflow/2.5.3/best-practices.html#top-level-python-code
* https://airflow.apache.org/docs/apache-airflow/2.5.3/best-practices.html#reducing-dag-complexity, PID: 48761
[2023-04-08T10:03:54.303+0000] {processor.py:755} WARNING - No viable dags retrieved from /home/airflow/.local/lib/python3.7/site-packages/airflow/example_dags/example_branch_operator.py
[2023-04-08T10:04:01.432+0000] {processor.py:175} INFO - Processing /home/airflow/.local/lib/python3.7/site-packages/airflow/example_dags/example_branch_operator.py took 3377.226 seconds
[2023-04-08T10:09:44.822+0000] {processor.py:153} INFO - Started process (PID=48830) to work on /home/airflow/.local/lib/python3.7/site-packages/airflow/example_dags/example_branch_operator.py
[2023-04-08T10:09:44.830+0000] {processor.py:743} INFO - Processing file /home/airflow/.local/lib/python3.7/site-packages/airflow/example_dags/example_branch_operator.py for tasks to queue
[2023-04-08T10:09:44.841+0000] {logging_mixin.py:137} INFO - [2023-04-08T10:09:44.840+0000] {dagbag.py:532} INFO - Filling up the DagBag from /home/airflow/.local/lib/python3.7/site-packages/airflow/example_dags/example_branch_operator.py
[2023-04-08T10:09:45.065+0000] {processor.py:753} INFO - DAG(s) dict_keys(['example_branch_operator']) retrieved from /home/airflow/.local/lib/python3.7/site-packages/airflow/example_dags/example_branch_operator.py
[2023-04-08T10:09:45.801+0000] {logging_mixin.py:137} INFO - [2023-04-08T10:09:45.799+0000] {dag.py:2705} INFO - Sync 1 DAGs
[2023-04-08T10:09:46.057+0000] {logging_mixin.py:137} INFO - [2023-04-08T10:09:46.055+0000] {dag.py:3456} INFO - Setting next_dagrun for example_branch_operator to 2023-04-07T00:00:00+00:00, run_after=2023-04-08T00:00:00+00:00
[2023-04-08T10:09:46.269+0000] {processor.py:175} INFO - Processing /home/airflow/.local/lib/python3.7/site-packages/airflow/example_dags/example_branch_operator.py took 1.492 seconds
[2023-04-08T10:10:16.794+0000] {processor.py:153} INFO - Started process (PID=48881) to work on /home/airflow/.local/lib/python3.7/site-packages/airflow/example_dags/example_branch_operator.py
[2023-04-08T10:10:16.813+0000] {processor.py:743} INFO - Processing file /home/airflow/.local/lib/python3.7/site-packages/airflow/example_dags/example_branch_operator.py for tasks to queue
[2023-04-08T10:10:16.820+0000] {logging_mixin.py:137} INFO - [2023-04-08T10:10:16.819+0000] {dagbag.py:532} INFO - Filling up the DagBag from /home/airflow/.local/lib/python3.7/site-packages/airflow/example_dags/example_branch_operator.py
[2023-04-08T10:10:17.108+0000] {processor.py:753} INFO - DAG(s) dict_keys(['example_branch_operator']) retrieved from /home/airflow/.local/lib/python3.7/site-packages/airflow/example_dags/example_branch_operator.py
[2023-04-08T10:10:17.773+0000] {logging_mixin.py:137} INFO - [2023-04-08T10:10:17.771+0000] {dag.py:2705} INFO - Sync 1 DAGs
[2023-04-08T10:10:18.216+0000] {logging_mixin.py:137} INFO - [2023-04-08T10:10:18.215+0000] {dag.py:3456} INFO - Setting next_dagrun for example_branch_operator to 2023-04-07T00:00:00+00:00, run_after=2023-04-08T00:00:00+00:00
[2023-04-08T10:10:18.605+0000] {processor.py:175} INFO - Processing /home/airflow/.local/lib/python3.7/site-packages/airflow/example_dags/example_branch_operator.py took 1.846 seconds
[2023-04-08T10:10:50.405+0000] {processor.py:153} INFO - Started process (PID=48937) to work on /home/airflow/.local/lib/python3.7/site-packages/airflow/example_dags/example_branch_operator.py
[2023-04-08T10:10:50.412+0000] {processor.py:743} INFO - Processing file /home/airflow/.local/lib/python3.7/site-packages/airflow/example_dags/example_branch_operator.py for tasks to queue
[2023-04-08T10:10:50.421+0000] {logging_mixin.py:137} INFO - [2023-04-08T10:10:50.421+0000] {dagbag.py:532} INFO - Filling up the DagBag from /home/airflow/.local/lib/python3.7/site-packages/airflow/example_dags/example_branch_operator.py
[2023-04-08T10:10:50.585+0000] {processor.py:753} INFO - DAG(s) dict_keys(['example_branch_operator']) retrieved from /home/airflow/.local/lib/python3.7/site-packages/airflow/example_dags/example_branch_operator.py
[2023-04-08T10:10:50.864+0000] {logging_mixin.py:137} INFO - [2023-04-08T10:10:50.864+0000] {dag.py:2705} INFO - Sync 1 DAGs
[2023-04-08T10:10:51.109+0000] {logging_mixin.py:137} INFO - [2023-04-08T10:10:51.109+0000] {dag.py:3456} INFO - Setting next_dagrun for example_branch_operator to 2023-04-07T00:00:00+00:00, run_after=2023-04-08T00:00:00+00:00
[2023-04-08T10:10:51.228+0000] {processor.py:175} INFO - Processing /home/airflow/.local/lib/python3.7/site-packages/airflow/example_dags/example_branch_operator.py took 0.841 seconds
[2023-04-08T10:11:33.070+0000] {processor.py:153} INFO - Started process (PID=48988) to work on /home/airflow/.local/lib/python3.7/site-packages/airflow/example_dags/example_branch_operator.py
[2023-04-08T10:11:33.105+0000] {processor.py:743} INFO - Processing file /home/airflow/.local/lib/python3.7/site-packages/airflow/example_dags/example_branch_operator.py for tasks to queue
[2023-04-08T10:11:33.154+0000] {logging_mixin.py:137} INFO - [2023-04-08T10:11:33.153+0000] {dagbag.py:532} INFO - Filling up the DagBag from /home/airflow/.local/lib/python3.7/site-packages/airflow/example_dags/example_branch_operator.py
[2023-04-08T10:11:34.010+0000] {processor.py:753} INFO - DAG(s) dict_keys(['example_branch_operator']) retrieved from /home/airflow/.local/lib/python3.7/site-packages/airflow/example_dags/example_branch_operator.py
[2023-04-08T10:11:34.520+0000] {logging_mixin.py:137} INFO - [2023-04-08T10:11:34.520+0000] {dag.py:2705} INFO - Sync 1 DAGs
[2023-04-08T10:11:34.853+0000] {logging_mixin.py:137} INFO - [2023-04-08T10:11:34.852+0000] {dag.py:3456} INFO - Setting next_dagrun for example_branch_operator to 2023-04-07T00:00:00+00:00, run_after=2023-04-08T00:00:00+00:00
[2023-04-08T10:11:35.118+0000] {processor.py:175} INFO - Processing /home/airflow/.local/lib/python3.7/site-packages/airflow/example_dags/example_branch_operator.py took 2.145 seconds
[2023-04-08T10:12:13.847+0000] {processor.py:153} INFO - Started process (PID=49046) to work on /home/airflow/.local/lib/python3.7/site-packages/airflow/example_dags/example_branch_operator.py
[2023-04-08T10:12:13.859+0000] {processor.py:743} INFO - Processing file /home/airflow/.local/lib/python3.7/site-packages/airflow/example_dags/example_branch_operator.py for tasks to queue
[2023-04-08T10:12:13.981+0000] {logging_mixin.py:137} INFO - [2023-04-08T10:12:13.980+0000] {dagbag.py:532} INFO - Filling up the DagBag from /home/airflow/.local/lib/python3.7/site-packages/airflow/example_dags/example_branch_operator.py
[2023-04-08T10:12:14.063+0000] {processor.py:753} INFO - DAG(s) dict_keys(['example_branch_operator']) retrieved from /home/airflow/.local/lib/python3.7/site-packages/airflow/example_dags/example_branch_operator.py
[2023-04-08T10:12:14.436+0000] {logging_mixin.py:137} INFO - [2023-04-08T10:12:14.435+0000] {dag.py:2705} INFO - Sync 1 DAGs
[2023-04-08T10:12:14.900+0000] {logging_mixin.py:137} INFO - [2023-04-08T10:12:14.899+0000] {dag.py:3456} INFO - Setting next_dagrun for example_branch_operator to 2023-04-07T00:00:00+00:00, run_after=2023-04-08T00:00:00+00:00
[2023-04-08T10:12:15.050+0000] {processor.py:175} INFO - Processing /home/airflow/.local/lib/python3.7/site-packages/airflow/example_dags/example_branch_operator.py took 1.215 seconds
[2023-04-08T10:12:47.529+0000] {processor.py:153} INFO - Started process (PID=49088) to work on /home/airflow/.local/lib/python3.7/site-packages/airflow/example_dags/example_branch_operator.py
[2023-04-08T10:12:47.591+0000] {processor.py:743} INFO - Processing file /home/airflow/.local/lib/python3.7/site-packages/airflow/example_dags/example_branch_operator.py for tasks to queue
[2023-04-08T10:12:47.663+0000] {logging_mixin.py:137} INFO - [2023-04-08T10:12:47.659+0000] {dagbag.py:532} INFO - Filling up the DagBag from /home/airflow/.local/lib/python3.7/site-packages/airflow/example_dags/example_branch_operator.py
[2023-04-08T10:12:48.332+0000] {processor.py:753} INFO - DAG(s) dict_keys(['example_branch_operator']) retrieved from /home/airflow/.local/lib/python3.7/site-packages/airflow/example_dags/example_branch_operator.py
[2023-04-08T10:12:49.060+0000] {logging_mixin.py:137} INFO - [2023-04-08T10:12:49.060+0000] {dag.py:2705} INFO - Sync 1 DAGs
[2023-04-08T10:12:49.653+0000] {logging_mixin.py:137} INFO - [2023-04-08T10:12:49.652+0000] {dag.py:3456} INFO - Setting next_dagrun for example_branch_operator to 2023-04-07T00:00:00+00:00, run_after=2023-04-08T00:00:00+00:00
[2023-04-08T10:12:49.865+0000] {processor.py:175} INFO - Processing /home/airflow/.local/lib/python3.7/site-packages/airflow/example_dags/example_branch_operator.py took 2.361 seconds
[2023-04-08T10:13:39.002+0000] {processor.py:153} INFO - Started process (PID=49135) to work on /home/airflow/.local/lib/python3.7/site-packages/airflow/example_dags/example_branch_operator.py
[2023-04-08T10:13:39.023+0000] {processor.py:743} INFO - Processing file /home/airflow/.local/lib/python3.7/site-packages/airflow/example_dags/example_branch_operator.py for tasks to queue
[2023-04-08T10:13:39.031+0000] {logging_mixin.py:137} INFO - [2023-04-08T10:13:39.030+0000] {dagbag.py:532} INFO - Filling up the DagBag from /home/airflow/.local/lib/python3.7/site-packages/airflow/example_dags/example_branch_operator.py
[2023-04-08T10:13:39.106+0000] {processor.py:753} INFO - DAG(s) dict_keys(['example_branch_operator']) retrieved from /home/airflow/.local/lib/python3.7/site-packages/airflow/example_dags/example_branch_operator.py
[2023-04-08T10:13:39.334+0000] {logging_mixin.py:137} INFO - [2023-04-08T10:13:39.334+0000] {dag.py:2705} INFO - Sync 1 DAGs
[2023-04-08T10:13:39.513+0000] {logging_mixin.py:137} INFO - [2023-04-08T10:13:39.513+0000] {dag.py:3456} INFO - Setting next_dagrun for example_branch_operator to 2023-04-07T00:00:00+00:00, run_after=2023-04-08T00:00:00+00:00
[2023-04-08T10:13:39.695+0000] {processor.py:175} INFO - Processing /home/airflow/.local/lib/python3.7/site-packages/airflow/example_dags/example_branch_operator.py took 0.756 seconds
[2023-04-08T10:14:15.969+0000] {processor.py:153} INFO - Started process (PID=49187) to work on /home/airflow/.local/lib/python3.7/site-packages/airflow/example_dags/example_branch_operator.py
[2023-04-08T10:14:15.976+0000] {processor.py:743} INFO - Processing file /home/airflow/.local/lib/python3.7/site-packages/airflow/example_dags/example_branch_operator.py for tasks to queue
[2023-04-08T10:14:15.979+0000] {logging_mixin.py:137} INFO - [2023-04-08T10:14:15.979+0000] {dagbag.py:532} INFO - Filling up the DagBag from /home/airflow/.local/lib/python3.7/site-packages/airflow/example_dags/example_branch_operator.py
[2023-04-08T10:14:16.060+0000] {processor.py:753} INFO - DAG(s) dict_keys(['example_branch_operator']) retrieved from /home/airflow/.local/lib/python3.7/site-packages/airflow/example_dags/example_branch_operator.py
[2023-04-08T10:14:16.238+0000] {logging_mixin.py:137} INFO - [2023-04-08T10:14:16.238+0000] {dag.py:2705} INFO - Sync 1 DAGs
[2023-04-08T10:14:16.581+0000] {logging_mixin.py:137} INFO - [2023-04-08T10:14:16.581+0000] {dag.py:3456} INFO - Setting next_dagrun for example_branch_operator to 2023-04-07T00:00:00+00:00, run_after=2023-04-08T00:00:00+00:00
[2023-04-08T10:14:16.766+0000] {processor.py:175} INFO - Processing /home/airflow/.local/lib/python3.7/site-packages/airflow/example_dags/example_branch_operator.py took 0.806 seconds
[2023-04-08T10:15:06.717+0000] {processor.py:153} INFO - Started process (PID=49240) to work on /home/airflow/.local/lib/python3.7/site-packages/airflow/example_dags/example_branch_operator.py
[2023-04-08T10:15:06.770+0000] {processor.py:743} INFO - Processing file /home/airflow/.local/lib/python3.7/site-packages/airflow/example_dags/example_branch_operator.py for tasks to queue
[2023-04-08T10:15:06.787+0000] {logging_mixin.py:137} INFO - [2023-04-08T10:15:06.786+0000] {dagbag.py:532} INFO - Filling up the DagBag from /home/airflow/.local/lib/python3.7/site-packages/airflow/example_dags/example_branch_operator.py
[2023-04-08T10:15:07.103+0000] {processor.py:753} INFO - DAG(s) dict_keys(['example_branch_operator']) retrieved from /home/airflow/.local/lib/python3.7/site-packages/airflow/example_dags/example_branch_operator.py
[2023-04-08T10:15:08.111+0000] {logging_mixin.py:137} INFO - [2023-04-08T10:15:08.091+0000] {dag.py:2705} INFO - Sync 1 DAGs
[2023-04-08T10:15:09.041+0000] {logging_mixin.py:137} INFO - [2023-04-08T10:15:09.040+0000] {dag.py:3456} INFO - Setting next_dagrun for example_branch_operator to 2023-04-07T00:00:00+00:00, run_after=2023-04-08T00:00:00+00:00
[2023-04-08T10:15:09.298+0000] {processor.py:175} INFO - Processing /home/airflow/.local/lib/python3.7/site-packages/airflow/example_dags/example_branch_operator.py took 2.665 seconds
[2023-04-08T10:15:43.422+0000] {processor.py:153} INFO - Started process (PID=49291) to work on /home/airflow/.local/lib/python3.7/site-packages/airflow/example_dags/example_branch_operator.py
[2023-04-08T10:15:43.445+0000] {processor.py:743} INFO - Processing file /home/airflow/.local/lib/python3.7/site-packages/airflow/example_dags/example_branch_operator.py for tasks to queue
[2023-04-08T10:15:43.463+0000] {logging_mixin.py:137} INFO - [2023-04-08T10:15:43.462+0000] {dagbag.py:532} INFO - Filling up the DagBag from /home/airflow/.local/lib/python3.7/site-packages/airflow/example_dags/example_branch_operator.py
[2023-04-08T10:15:43.971+0000] {processor.py:753} INFO - DAG(s) dict_keys(['example_branch_operator']) retrieved from /home/airflow/.local/lib/python3.7/site-packages/airflow/example_dags/example_branch_operator.py
[2023-04-08T10:15:44.420+0000] {logging_mixin.py:137} INFO - [2023-04-08T10:15:44.418+0000] {dag.py:2705} INFO - Sync 1 DAGs
[2023-04-08T10:15:44.576+0000] {logging_mixin.py:137} INFO - [2023-04-08T10:15:44.575+0000] {dag.py:3456} INFO - Setting next_dagrun for example_branch_operator to 2023-04-07T00:00:00+00:00, run_after=2023-04-08T00:00:00+00:00
[2023-04-08T10:15:44.750+0000] {processor.py:175} INFO - Processing /home/airflow/.local/lib/python3.7/site-packages/airflow/example_dags/example_branch_operator.py took 1.408 seconds
[2023-04-08T10:16:15.574+0000] {processor.py:153} INFO - Started process (PID=49342) to work on /home/airflow/.local/lib/python3.7/site-packages/airflow/example_dags/example_branch_operator.py
[2023-04-08T10:16:15.595+0000] {processor.py:743} INFO - Processing file /home/airflow/.local/lib/python3.7/site-packages/airflow/example_dags/example_branch_operator.py for tasks to queue
[2023-04-08T10:16:15.603+0000] {logging_mixin.py:137} INFO - [2023-04-08T10:16:15.602+0000] {dagbag.py:532} INFO - Filling up the DagBag from /home/airflow/.local/lib/python3.7/site-packages/airflow/example_dags/example_branch_operator.py
[2023-04-08T10:16:15.681+0000] {processor.py:753} INFO - DAG(s) dict_keys(['example_branch_operator']) retrieved from /home/airflow/.local/lib/python3.7/site-packages/airflow/example_dags/example_branch_operator.py
[2023-04-08T10:16:15.802+0000] {logging_mixin.py:137} INFO - [2023-04-08T10:16:15.801+0000] {dag.py:2705} INFO - Sync 1 DAGs
[2023-04-08T10:16:15.982+0000] {logging_mixin.py:137} INFO - [2023-04-08T10:16:15.981+0000] {dag.py:3456} INFO - Setting next_dagrun for example_branch_operator to 2023-04-07T00:00:00+00:00, run_after=2023-04-08T00:00:00+00:00
[2023-04-08T10:16:16.114+0000] {processor.py:175} INFO - Processing /home/airflow/.local/lib/python3.7/site-packages/airflow/example_dags/example_branch_operator.py took 0.603 seconds
[2023-04-08T10:16:46.318+0000] {processor.py:153} INFO - Started process (PID=49409) to work on /home/airflow/.local/lib/python3.7/site-packages/airflow/example_dags/example_branch_operator.py
[2023-04-08T10:16:46.325+0000] {processor.py:743} INFO - Processing file /home/airflow/.local/lib/python3.7/site-packages/airflow/example_dags/example_branch_operator.py for tasks to queue
[2023-04-08T10:16:46.328+0000] {logging_mixin.py:137} INFO - [2023-04-08T10:16:46.328+0000] {dagbag.py:532} INFO - Filling up the DagBag from /home/airflow/.local/lib/python3.7/site-packages/airflow/example_dags/example_branch_operator.py
[2023-04-08T10:16:46.362+0000] {processor.py:753} INFO - DAG(s) dict_keys(['example_branch_operator']) retrieved from /home/airflow/.local/lib/python3.7/site-packages/airflow/example_dags/example_branch_operator.py
[2023-04-08T10:16:46.451+0000] {logging_mixin.py:137} INFO - [2023-04-08T10:16:46.451+0000] {dag.py:2705} INFO - Sync 1 DAGs
[2023-04-08T10:16:46.535+0000] {logging_mixin.py:137} INFO - [2023-04-08T10:16:46.530+0000] {dag.py:3456} INFO - Setting next_dagrun for example_branch_operator to 2023-04-07T00:00:00+00:00, run_after=2023-04-08T00:00:00+00:00
[2023-04-08T10:16:46.602+0000] {processor.py:175} INFO - Processing /home/airflow/.local/lib/python3.7/site-packages/airflow/example_dags/example_branch_operator.py took 0.299 seconds
[2023-04-08T10:17:16.662+0000] {processor.py:153} INFO - Started process (PID=49459) to work on /home/airflow/.local/lib/python3.7/site-packages/airflow/example_dags/example_branch_operator.py
[2023-04-08T10:17:16.664+0000] {processor.py:743} INFO - Processing file /home/airflow/.local/lib/python3.7/site-packages/airflow/example_dags/example_branch_operator.py for tasks to queue
[2023-04-08T10:17:16.666+0000] {logging_mixin.py:137} INFO - [2023-04-08T10:17:16.666+0000] {dagbag.py:532} INFO - Filling up the DagBag from /home/airflow/.local/lib/python3.7/site-packages/airflow/example_dags/example_branch_operator.py
[2023-04-08T10:17:16.684+0000] {processor.py:753} INFO - DAG(s) dict_keys(['example_branch_operator']) retrieved from /home/airflow/.local/lib/python3.7/site-packages/airflow/example_dags/example_branch_operator.py
[2023-04-08T10:17:16.726+0000] {logging_mixin.py:137} INFO - [2023-04-08T10:17:16.726+0000] {dag.py:2705} INFO - Sync 1 DAGs
[2023-04-08T10:17:16.770+0000] {logging_mixin.py:137} INFO - [2023-04-08T10:17:16.770+0000] {dag.py:3456} INFO - Setting next_dagrun for example_branch_operator to 2023-04-07T00:00:00+00:00, run_after=2023-04-08T00:00:00+00:00
[2023-04-08T10:17:16.805+0000] {processor.py:175} INFO - Processing /home/airflow/.local/lib/python3.7/site-packages/airflow/example_dags/example_branch_operator.py took 0.149 seconds
[2023-04-08T10:17:46.928+0000] {processor.py:153} INFO - Started process (PID=49510) to work on /home/airflow/.local/lib/python3.7/site-packages/airflow/example_dags/example_branch_operator.py
[2023-04-08T10:17:46.931+0000] {processor.py:743} INFO - Processing file /home/airflow/.local/lib/python3.7/site-packages/airflow/example_dags/example_branch_operator.py for tasks to queue
[2023-04-08T10:17:46.934+0000] {logging_mixin.py:137} INFO - [2023-04-08T10:17:46.934+0000] {dagbag.py:532} INFO - Filling up the DagBag from /home/airflow/.local/lib/python3.7/site-packages/airflow/example_dags/example_branch_operator.py
[2023-04-08T10:17:46.954+0000] {processor.py:753} INFO - DAG(s) dict_keys(['example_branch_operator']) retrieved from /home/airflow/.local/lib/python3.7/site-packages/airflow/example_dags/example_branch_operator.py
[2023-04-08T10:17:47.003+0000] {logging_mixin.py:137} INFO - [2023-04-08T10:17:47.003+0000] {dag.py:2705} INFO - Sync 1 DAGs
[2023-04-08T10:17:47.047+0000] {logging_mixin.py:137} INFO - [2023-04-08T10:17:47.047+0000] {dag.py:3456} INFO - Setting next_dagrun for example_branch_operator to 2023-04-07T00:00:00+00:00, run_after=2023-04-08T00:00:00+00:00
[2023-04-08T10:17:47.078+0000] {processor.py:175} INFO - Processing /home/airflow/.local/lib/python3.7/site-packages/airflow/example_dags/example_branch_operator.py took 0.157 seconds
[2023-04-08T10:18:17.301+0000] {processor.py:153} INFO - Started process (PID=49561) to work on /home/airflow/.local/lib/python3.7/site-packages/airflow/example_dags/example_branch_operator.py
[2023-04-08T10:18:17.304+0000] {processor.py:743} INFO - Processing file /home/airflow/.local/lib/python3.7/site-packages/airflow/example_dags/example_branch_operator.py for tasks to queue
[2023-04-08T10:18:17.306+0000] {logging_mixin.py:137} INFO - [2023-04-08T10:18:17.306+0000] {dagbag.py:532} INFO - Filling up the DagBag from /home/airflow/.local/lib/python3.7/site-packages/airflow/example_dags/example_branch_operator.py
[2023-04-08T10:18:17.323+0000] {processor.py:753} INFO - DAG(s) dict_keys(['example_branch_operator']) retrieved from /home/airflow/.local/lib/python3.7/site-packages/airflow/example_dags/example_branch_operator.py
[2023-04-08T10:18:17.370+0000] {logging_mixin.py:137} INFO - [2023-04-08T10:18:17.370+0000] {dag.py:2705} INFO - Sync 1 DAGs
[2023-04-08T10:18:17.410+0000] {logging_mixin.py:137} INFO - [2023-04-08T10:18:17.410+0000] {dag.py:3456} INFO - Setting next_dagrun for example_branch_operator to 2023-04-07T00:00:00+00:00, run_after=2023-04-08T00:00:00+00:00
[2023-04-08T10:18:17.437+0000] {processor.py:175} INFO - Processing /home/airflow/.local/lib/python3.7/site-packages/airflow/example_dags/example_branch_operator.py took 0.143 seconds
