[2023-04-08T07:06:32.980+0000] {processor.py:153} INFO - Started process (PID=48332) to work on /home/airflow/.local/lib/python3.7/site-packages/airflow/example_dags/example_short_circuit_operator.py
[2023-04-08T07:06:32.991+0000] {processor.py:743} INFO - Processing file /home/airflow/.local/lib/python3.7/site-packages/airflow/example_dags/example_short_circuit_operator.py for tasks to queue
[2023-04-08T07:06:33.013+0000] {logging_mixin.py:137} INFO - [2023-04-08T07:06:33.002+0000] {dagbag.py:532} INFO - Filling up the DagBag from /home/airflow/.local/lib/python3.7/site-packages/airflow/example_dags/example_short_circuit_operator.py
[2023-04-08T07:06:33.193+0000] {processor.py:753} INFO - DAG(s) dict_keys(['example_short_circuit_operator']) retrieved from /home/airflow/.local/lib/python3.7/site-packages/airflow/example_dags/example_short_circuit_operator.py
[2023-04-08T07:06:33.382+0000] {logging_mixin.py:137} INFO - [2023-04-08T07:06:33.382+0000] {dag.py:2705} INFO - Sync 1 DAGs
[2023-04-08T07:06:33.552+0000] {logging_mixin.py:137} INFO - [2023-04-08T07:06:33.552+0000] {dag.py:3456} INFO - Setting next_dagrun for example_short_circuit_operator to 2023-04-07T07:06:33.551320+00:00, run_after=2023-04-08T07:06:33.551320+00:00
[2023-04-08T07:06:33.732+0000] {processor.py:175} INFO - Processing /home/airflow/.local/lib/python3.7/site-packages/airflow/example_dags/example_short_circuit_operator.py took 0.800 seconds
[2023-04-08T07:07:13.960+0000] {processor.py:153} INFO - Started process (PID=48390) to work on /home/airflow/.local/lib/python3.7/site-packages/airflow/example_dags/example_short_circuit_operator.py
[2023-04-08T07:07:13.971+0000] {processor.py:743} INFO - Processing file /home/airflow/.local/lib/python3.7/site-packages/airflow/example_dags/example_short_circuit_operator.py for tasks to queue
[2023-04-08T07:07:13.977+0000] {logging_mixin.py:137} INFO - [2023-04-08T07:07:13.977+0000] {dagbag.py:532} INFO - Filling up the DagBag from /home/airflow/.local/lib/python3.7/site-packages/airflow/example_dags/example_short_circuit_operator.py
[2023-04-08T07:07:14.100+0000] {processor.py:753} INFO - DAG(s) dict_keys(['example_short_circuit_operator']) retrieved from /home/airflow/.local/lib/python3.7/site-packages/airflow/example_dags/example_short_circuit_operator.py
[2023-04-08T07:07:14.243+0000] {logging_mixin.py:137} INFO - [2023-04-08T07:07:14.242+0000] {dag.py:2705} INFO - Sync 1 DAGs
[2023-04-08T07:07:14.385+0000] {logging_mixin.py:137} INFO - [2023-04-08T07:07:14.384+0000] {dag.py:3456} INFO - Setting next_dagrun for example_short_circuit_operator to 2023-04-07T07:07:14.383164+00:00, run_after=2023-04-08T07:07:14.383164+00:00
[2023-04-08T07:07:14.516+0000] {processor.py:175} INFO - Processing /home/airflow/.local/lib/python3.7/site-packages/airflow/example_dags/example_short_circuit_operator.py took 0.584 seconds
[2023-04-08T07:07:46.175+0000] {processor.py:153} INFO - Started process (PID=48441) to work on /home/airflow/.local/lib/python3.7/site-packages/airflow/example_dags/example_short_circuit_operator.py
[2023-04-08T07:07:46.181+0000] {processor.py:743} INFO - Processing file /home/airflow/.local/lib/python3.7/site-packages/airflow/example_dags/example_short_circuit_operator.py for tasks to queue
[2023-04-08T07:07:46.200+0000] {logging_mixin.py:137} INFO - [2023-04-08T07:07:46.189+0000] {dagbag.py:532} INFO - Filling up the DagBag from /home/airflow/.local/lib/python3.7/site-packages/airflow/example_dags/example_short_circuit_operator.py
[2023-04-08T07:07:46.970+0000] {processor.py:753} INFO - DAG(s) dict_keys(['example_short_circuit_operator']) retrieved from /home/airflow/.local/lib/python3.7/site-packages/airflow/example_dags/example_short_circuit_operator.py
[2023-04-08T07:07:47.364+0000] {logging_mixin.py:137} INFO - [2023-04-08T07:07:47.363+0000] {dag.py:2705} INFO - Sync 1 DAGs
[2023-04-08T07:07:47.549+0000] {logging_mixin.py:137} INFO - [2023-04-08T07:07:47.549+0000] {dag.py:3456} INFO - Setting next_dagrun for example_short_circuit_operator to 2023-04-07T07:07:47.547915+00:00, run_after=2023-04-08T07:07:47.547915+00:00
[2023-04-08T07:07:47.636+0000] {processor.py:175} INFO - Processing /home/airflow/.local/lib/python3.7/site-packages/airflow/example_dags/example_short_circuit_operator.py took 1.471 seconds
[2023-04-08T07:08:22.765+0000] {processor.py:153} INFO - Started process (PID=48490) to work on /home/airflow/.local/lib/python3.7/site-packages/airflow/example_dags/example_short_circuit_operator.py
[2023-04-08T07:08:22.771+0000] {processor.py:743} INFO - Processing file /home/airflow/.local/lib/python3.7/site-packages/airflow/example_dags/example_short_circuit_operator.py for tasks to queue
[2023-04-08T07:08:22.778+0000] {logging_mixin.py:137} INFO - [2023-04-08T07:08:22.778+0000] {dagbag.py:532} INFO - Filling up the DagBag from /home/airflow/.local/lib/python3.7/site-packages/airflow/example_dags/example_short_circuit_operator.py
[2023-04-08T07:08:22.954+0000] {processor.py:753} INFO - DAG(s) dict_keys(['example_short_circuit_operator']) retrieved from /home/airflow/.local/lib/python3.7/site-packages/airflow/example_dags/example_short_circuit_operator.py
[2023-04-08T07:08:23.190+0000] {logging_mixin.py:137} INFO - [2023-04-08T07:08:23.189+0000] {dag.py:2705} INFO - Sync 1 DAGs
[2023-04-08T07:08:23.370+0000] {logging_mixin.py:137} INFO - [2023-04-08T07:08:23.369+0000] {dag.py:3456} INFO - Setting next_dagrun for example_short_circuit_operator to 2023-04-07T07:08:23.368401+00:00, run_after=2023-04-08T07:08:23.368401+00:00
[2023-04-08T07:08:23.458+0000] {processor.py:175} INFO - Processing /home/airflow/.local/lib/python3.7/site-packages/airflow/example_dags/example_short_circuit_operator.py took 0.752 seconds
[2023-04-08T07:09:03.742+0000] {processor.py:153} INFO - Started process (PID=48536) to work on /home/airflow/.local/lib/python3.7/site-packages/airflow/example_dags/example_short_circuit_operator.py
[2023-04-08T07:09:03.777+0000] {processor.py:743} INFO - Processing file /home/airflow/.local/lib/python3.7/site-packages/airflow/example_dags/example_short_circuit_operator.py for tasks to queue
[2023-04-08T07:09:03.785+0000] {logging_mixin.py:137} INFO - [2023-04-08T07:09:03.784+0000] {dagbag.py:532} INFO - Filling up the DagBag from /home/airflow/.local/lib/python3.7/site-packages/airflow/example_dags/example_short_circuit_operator.py
[2023-04-08T07:09:03.865+0000] {processor.py:753} INFO - DAG(s) dict_keys(['example_short_circuit_operator']) retrieved from /home/airflow/.local/lib/python3.7/site-packages/airflow/example_dags/example_short_circuit_operator.py
[2023-04-08T07:09:04.172+0000] {logging_mixin.py:137} INFO - [2023-04-08T07:09:04.172+0000] {dag.py:2705} INFO - Sync 1 DAGs
[2023-04-08T07:09:04.322+0000] {logging_mixin.py:137} INFO - [2023-04-08T07:09:04.321+0000] {dag.py:3456} INFO - Setting next_dagrun for example_short_circuit_operator to 2023-04-07T07:09:04.320459+00:00, run_after=2023-04-08T07:09:04.320459+00:00
[2023-04-08T07:09:04.486+0000] {processor.py:175} INFO - Processing /home/airflow/.local/lib/python3.7/site-packages/airflow/example_dags/example_short_circuit_operator.py took 0.841 seconds
[2023-04-08T08:07:19.571+0000] {processor.py:153} INFO - Started process (PID=48644) to work on /home/airflow/.local/lib/python3.7/site-packages/airflow/example_dags/example_short_circuit_operator.py
[2023-04-08T08:07:19.657+0000] {processor.py:743} INFO - Processing file /home/airflow/.local/lib/python3.7/site-packages/airflow/example_dags/example_short_circuit_operator.py for tasks to queue
[2023-04-08T08:07:19.762+0000] {logging_mixin.py:137} INFO - [2023-04-08T08:07:19.736+0000] {dagbag.py:532} INFO - Filling up the DagBag from /home/airflow/.local/lib/python3.7/site-packages/airflow/example_dags/example_short_circuit_operator.py
[2023-04-08T08:07:20.301+0000] {processor.py:753} INFO - DAG(s) dict_keys(['example_short_circuit_operator']) retrieved from /home/airflow/.local/lib/python3.7/site-packages/airflow/example_dags/example_short_circuit_operator.py
[2023-04-08T08:07:20.955+0000] {logging_mixin.py:137} INFO - [2023-04-08T08:07:20.955+0000] {dag.py:2705} INFO - Sync 1 DAGs
[2023-04-08T08:07:21.171+0000] {logging_mixin.py:137} INFO - [2023-04-08T08:07:21.170+0000] {dag.py:3456} INFO - Setting next_dagrun for example_short_circuit_operator to 2023-04-07T08:07:21.162287+00:00, run_after=2023-04-08T08:07:21.162287+00:00
[2023-04-08T08:07:21.409+0000] {processor.py:175} INFO - Processing /home/airflow/.local/lib/python3.7/site-packages/airflow/example_dags/example_short_circuit_operator.py took 1.946 seconds
[2023-04-08T09:04:27.040+0000] {processor.py:153} INFO - Started process (PID=48709) to work on /home/airflow/.local/lib/python3.7/site-packages/airflow/example_dags/example_short_circuit_operator.py
[2023-04-08T09:04:27.986+0000] {processor.py:743} INFO - Processing file /home/airflow/.local/lib/python3.7/site-packages/airflow/example_dags/example_short_circuit_operator.py for tasks to queue
[2023-04-08T09:04:28.089+0000] {logging_mixin.py:137} INFO - [2023-04-08T09:04:28.081+0000] {dagbag.py:532} INFO - Filling up the DagBag from /home/airflow/.local/lib/python3.7/site-packages/airflow/example_dags/example_short_circuit_operator.py
[2023-04-08T09:04:30.553+0000] {processor.py:753} INFO - DAG(s) dict_keys(['example_short_circuit_operator']) retrieved from /home/airflow/.local/lib/python3.7/site-packages/airflow/example_dags/example_short_circuit_operator.py
[2023-04-08T09:04:35.237+0000] {logging_mixin.py:137} INFO - [2023-04-08T09:04:35.210+0000] {dag.py:2705} INFO - Sync 1 DAGs
[2023-04-08T09:04:41.188+0000] {logging_mixin.py:137} INFO - [2023-04-08T09:04:41.187+0000] {dag.py:3456} INFO - Setting next_dagrun for example_short_circuit_operator to 2023-04-07T09:04:41.119448+00:00, run_after=2023-04-08T09:04:41.119448+00:00
[2023-04-08T09:04:42.925+0000] {processor.py:175} INFO - Processing /home/airflow/.local/lib/python3.7/site-packages/airflow/example_dags/example_short_circuit_operator.py took 17.346 seconds
[2023-04-08T10:03:54.379+0000] {processor.py:153} INFO - Started process (PID=48762) to work on /home/airflow/.local/lib/python3.7/site-packages/airflow/example_dags/example_short_circuit_operator.py
[2023-04-08T10:03:55.195+0000] {processor.py:743} INFO - Processing file /home/airflow/.local/lib/python3.7/site-packages/airflow/example_dags/example_short_circuit_operator.py for tasks to queue
[2023-04-08T10:03:55.822+0000] {logging_mixin.py:137} INFO - [2023-04-08T10:03:55.820+0000] {dagbag.py:532} INFO - Filling up the DagBag from /home/airflow/.local/lib/python3.7/site-packages/airflow/example_dags/example_short_circuit_operator.py
[2023-04-08T10:03:57.628+0000] {processor.py:753} INFO - DAG(s) dict_keys(['example_short_circuit_operator']) retrieved from /home/airflow/.local/lib/python3.7/site-packages/airflow/example_dags/example_short_circuit_operator.py
[2023-04-08T10:09:45.245+0000] {processor.py:153} INFO - Started process (PID=48831) to work on /home/airflow/.local/lib/python3.7/site-packages/airflow/example_dags/example_short_circuit_operator.py
[2023-04-08T10:09:45.264+0000] {processor.py:743} INFO - Processing file /home/airflow/.local/lib/python3.7/site-packages/airflow/example_dags/example_short_circuit_operator.py for tasks to queue
[2023-04-08T10:09:45.273+0000] {logging_mixin.py:137} INFO - [2023-04-08T10:09:45.272+0000] {dagbag.py:532} INFO - Filling up the DagBag from /home/airflow/.local/lib/python3.7/site-packages/airflow/example_dags/example_short_circuit_operator.py
[2023-04-08T10:09:45.468+0000] {processor.py:753} INFO - DAG(s) dict_keys(['example_short_circuit_operator']) retrieved from /home/airflow/.local/lib/python3.7/site-packages/airflow/example_dags/example_short_circuit_operator.py
[2023-04-08T10:09:46.212+0000] {logging_mixin.py:137} INFO - [2023-04-08T10:09:46.211+0000] {dag.py:2705} INFO - Sync 1 DAGs
[2023-04-08T10:09:46.402+0000] {logging_mixin.py:137} INFO - [2023-04-08T10:09:46.401+0000] {dag.py:3456} INFO - Setting next_dagrun for example_short_circuit_operator to 2023-04-07T10:09:46.398081+00:00, run_after=2023-04-08T10:09:46.398081+00:00
[2023-04-08T10:09:46.699+0000] {processor.py:175} INFO - Processing /home/airflow/.local/lib/python3.7/site-packages/airflow/example_dags/example_short_circuit_operator.py took 1.494 seconds
[2023-04-08T10:10:19.618+0000] {processor.py:153} INFO - Started process (PID=48882) to work on /home/airflow/.local/lib/python3.7/site-packages/airflow/example_dags/example_short_circuit_operator.py
[2023-04-08T10:10:19.629+0000] {processor.py:743} INFO - Processing file /home/airflow/.local/lib/python3.7/site-packages/airflow/example_dags/example_short_circuit_operator.py for tasks to queue
[2023-04-08T10:10:19.638+0000] {logging_mixin.py:137} INFO - [2023-04-08T10:10:19.637+0000] {dagbag.py:532} INFO - Filling up the DagBag from /home/airflow/.local/lib/python3.7/site-packages/airflow/example_dags/example_short_circuit_operator.py
[2023-04-08T10:10:19.738+0000] {processor.py:753} INFO - DAG(s) dict_keys(['example_short_circuit_operator']) retrieved from /home/airflow/.local/lib/python3.7/site-packages/airflow/example_dags/example_short_circuit_operator.py
[2023-04-08T10:10:20.070+0000] {logging_mixin.py:137} INFO - [2023-04-08T10:10:20.070+0000] {dag.py:2705} INFO - Sync 1 DAGs
[2023-04-08T10:10:20.427+0000] {logging_mixin.py:137} INFO - [2023-04-08T10:10:20.426+0000] {dag.py:3456} INFO - Setting next_dagrun for example_short_circuit_operator to 2023-04-07T10:10:20.390740+00:00, run_after=2023-04-08T10:10:20.390740+00:00
[2023-04-08T10:10:20.949+0000] {processor.py:175} INFO - Processing /home/airflow/.local/lib/python3.7/site-packages/airflow/example_dags/example_short_circuit_operator.py took 1.354 seconds
[2023-04-08T10:10:51.411+0000] {processor.py:153} INFO - Started process (PID=48938) to work on /home/airflow/.local/lib/python3.7/site-packages/airflow/example_dags/example_short_circuit_operator.py
[2023-04-08T10:10:51.418+0000] {processor.py:743} INFO - Processing file /home/airflow/.local/lib/python3.7/site-packages/airflow/example_dags/example_short_circuit_operator.py for tasks to queue
[2023-04-08T10:10:51.430+0000] {logging_mixin.py:137} INFO - [2023-04-08T10:10:51.429+0000] {dagbag.py:532} INFO - Filling up the DagBag from /home/airflow/.local/lib/python3.7/site-packages/airflow/example_dags/example_short_circuit_operator.py
[2023-04-08T10:10:51.558+0000] {processor.py:753} INFO - DAG(s) dict_keys(['example_short_circuit_operator']) retrieved from /home/airflow/.local/lib/python3.7/site-packages/airflow/example_dags/example_short_circuit_operator.py
[2023-04-08T10:10:51.793+0000] {logging_mixin.py:137} INFO - [2023-04-08T10:10:51.793+0000] {dag.py:2705} INFO - Sync 1 DAGs
[2023-04-08T10:10:52.048+0000] {logging_mixin.py:137} INFO - [2023-04-08T10:10:52.048+0000] {dag.py:3456} INFO - Setting next_dagrun for example_short_circuit_operator to 2023-04-07T10:10:52.046536+00:00, run_after=2023-04-08T10:10:52.046536+00:00
[2023-04-08T10:10:52.231+0000] {processor.py:175} INFO - Processing /home/airflow/.local/lib/python3.7/site-packages/airflow/example_dags/example_short_circuit_operator.py took 0.847 seconds
[2023-04-08T10:11:35.670+0000] {processor.py:153} INFO - Started process (PID=48989) to work on /home/airflow/.local/lib/python3.7/site-packages/airflow/example_dags/example_short_circuit_operator.py
[2023-04-08T10:11:35.682+0000] {processor.py:743} INFO - Processing file /home/airflow/.local/lib/python3.7/site-packages/airflow/example_dags/example_short_circuit_operator.py for tasks to queue
[2023-04-08T10:11:35.704+0000] {logging_mixin.py:137} INFO - [2023-04-08T10:11:35.703+0000] {dagbag.py:532} INFO - Filling up the DagBag from /home/airflow/.local/lib/python3.7/site-packages/airflow/example_dags/example_short_circuit_operator.py
[2023-04-08T10:11:36.011+0000] {processor.py:753} INFO - DAG(s) dict_keys(['example_short_circuit_operator']) retrieved from /home/airflow/.local/lib/python3.7/site-packages/airflow/example_dags/example_short_circuit_operator.py
[2023-04-08T10:11:36.636+0000] {logging_mixin.py:137} INFO - [2023-04-08T10:11:36.635+0000] {dag.py:2705} INFO - Sync 1 DAGs
[2023-04-08T10:11:36.853+0000] {logging_mixin.py:137} INFO - [2023-04-08T10:11:36.853+0000] {dag.py:3456} INFO - Setting next_dagrun for example_short_circuit_operator to 2023-04-07T10:11:36.851128+00:00, run_after=2023-04-08T10:11:36.851128+00:00
[2023-04-08T10:11:37.023+0000] {processor.py:175} INFO - Processing /home/airflow/.local/lib/python3.7/site-packages/airflow/example_dags/example_short_circuit_operator.py took 1.399 seconds
[2023-04-08T10:12:14.243+0000] {processor.py:153} INFO - Started process (PID=49047) to work on /home/airflow/.local/lib/python3.7/site-packages/airflow/example_dags/example_short_circuit_operator.py
[2023-04-08T10:12:14.254+0000] {processor.py:743} INFO - Processing file /home/airflow/.local/lib/python3.7/site-packages/airflow/example_dags/example_short_circuit_operator.py for tasks to queue
[2023-04-08T10:12:14.262+0000] {logging_mixin.py:137} INFO - [2023-04-08T10:12:14.262+0000] {dagbag.py:532} INFO - Filling up the DagBag from /home/airflow/.local/lib/python3.7/site-packages/airflow/example_dags/example_short_circuit_operator.py
[2023-04-08T10:12:14.321+0000] {processor.py:753} INFO - DAG(s) dict_keys(['example_short_circuit_operator']) retrieved from /home/airflow/.local/lib/python3.7/site-packages/airflow/example_dags/example_short_circuit_operator.py
[2023-04-08T10:12:14.829+0000] {logging_mixin.py:137} INFO - [2023-04-08T10:12:14.828+0000] {dag.py:2705} INFO - Sync 1 DAGs
[2023-04-08T10:12:15.078+0000] {logging_mixin.py:137} INFO - [2023-04-08T10:12:15.077+0000] {dag.py:3456} INFO - Setting next_dagrun for example_short_circuit_operator to 2023-04-07T10:12:15.077002+00:00, run_after=2023-04-08T10:12:15.077002+00:00
[2023-04-08T10:12:15.235+0000] {processor.py:175} INFO - Processing /home/airflow/.local/lib/python3.7/site-packages/airflow/example_dags/example_short_circuit_operator.py took 1.052 seconds
[2023-04-08T10:12:49.428+0000] {processor.py:153} INFO - Started process (PID=49089) to work on /home/airflow/.local/lib/python3.7/site-packages/airflow/example_dags/example_short_circuit_operator.py
[2023-04-08T10:12:49.484+0000] {processor.py:743} INFO - Processing file /home/airflow/.local/lib/python3.7/site-packages/airflow/example_dags/example_short_circuit_operator.py for tasks to queue
[2023-04-08T10:12:49.552+0000] {logging_mixin.py:137} INFO - [2023-04-08T10:12:49.529+0000] {dagbag.py:532} INFO - Filling up the DagBag from /home/airflow/.local/lib/python3.7/site-packages/airflow/example_dags/example_short_circuit_operator.py
[2023-04-08T10:12:49.761+0000] {processor.py:753} INFO - DAG(s) dict_keys(['example_short_circuit_operator']) retrieved from /home/airflow/.local/lib/python3.7/site-packages/airflow/example_dags/example_short_circuit_operator.py
[2023-04-08T10:12:50.387+0000] {logging_mixin.py:137} INFO - [2023-04-08T10:12:50.378+0000] {dag.py:2705} INFO - Sync 1 DAGs
[2023-04-08T10:12:51.247+0000] {logging_mixin.py:137} INFO - [2023-04-08T10:12:51.245+0000] {dag.py:3456} INFO - Setting next_dagrun for example_short_circuit_operator to 2023-04-07T10:12:51.244182+00:00, run_after=2023-04-08T10:12:51.244182+00:00
[2023-04-08T10:12:51.557+0000] {processor.py:175} INFO - Processing /home/airflow/.local/lib/python3.7/site-packages/airflow/example_dags/example_short_circuit_operator.py took 2.250 seconds
[2023-04-08T10:13:39.864+0000] {processor.py:153} INFO - Started process (PID=49136) to work on /home/airflow/.local/lib/python3.7/site-packages/airflow/example_dags/example_short_circuit_operator.py
[2023-04-08T10:13:39.872+0000] {processor.py:743} INFO - Processing file /home/airflow/.local/lib/python3.7/site-packages/airflow/example_dags/example_short_circuit_operator.py for tasks to queue
[2023-04-08T10:13:39.876+0000] {logging_mixin.py:137} INFO - [2023-04-08T10:13:39.875+0000] {dagbag.py:532} INFO - Filling up the DagBag from /home/airflow/.local/lib/python3.7/site-packages/airflow/example_dags/example_short_circuit_operator.py
[2023-04-08T10:13:40.004+0000] {processor.py:753} INFO - DAG(s) dict_keys(['example_short_circuit_operator']) retrieved from /home/airflow/.local/lib/python3.7/site-packages/airflow/example_dags/example_short_circuit_operator.py
[2023-04-08T10:13:40.291+0000] {logging_mixin.py:137} INFO - [2023-04-08T10:13:40.290+0000] {dag.py:2705} INFO - Sync 1 DAGs
[2023-04-08T10:13:40.550+0000] {logging_mixin.py:137} INFO - [2023-04-08T10:13:40.549+0000] {dag.py:3456} INFO - Setting next_dagrun for example_short_circuit_operator to 2023-04-07T10:13:40.547699+00:00, run_after=2023-04-08T10:13:40.547699+00:00
[2023-04-08T10:13:40.674+0000] {processor.py:175} INFO - Processing /home/airflow/.local/lib/python3.7/site-packages/airflow/example_dags/example_short_circuit_operator.py took 0.833 seconds
[2023-04-08T10:14:18.567+0000] {processor.py:153} INFO - Started process (PID=49193) to work on /home/airflow/.local/lib/python3.7/site-packages/airflow/example_dags/example_short_circuit_operator.py
[2023-04-08T10:14:18.576+0000] {processor.py:743} INFO - Processing file /home/airflow/.local/lib/python3.7/site-packages/airflow/example_dags/example_short_circuit_operator.py for tasks to queue
[2023-04-08T10:14:18.580+0000] {logging_mixin.py:137} INFO - [2023-04-08T10:14:18.580+0000] {dagbag.py:532} INFO - Filling up the DagBag from /home/airflow/.local/lib/python3.7/site-packages/airflow/example_dags/example_short_circuit_operator.py
[2023-04-08T10:14:18.677+0000] {processor.py:753} INFO - DAG(s) dict_keys(['example_short_circuit_operator']) retrieved from /home/airflow/.local/lib/python3.7/site-packages/airflow/example_dags/example_short_circuit_operator.py
[2023-04-08T10:14:18.913+0000] {logging_mixin.py:137} INFO - [2023-04-08T10:14:18.911+0000] {dag.py:2705} INFO - Sync 1 DAGs
[2023-04-08T10:14:19.103+0000] {logging_mixin.py:137} INFO - [2023-04-08T10:14:19.103+0000] {dag.py:3456} INFO - Setting next_dagrun for example_short_circuit_operator to 2023-04-07T10:14:19.102898+00:00, run_after=2023-04-08T10:14:19.102898+00:00
[2023-04-08T10:14:19.358+0000] {processor.py:175} INFO - Processing /home/airflow/.local/lib/python3.7/site-packages/airflow/example_dags/example_short_circuit_operator.py took 0.808 seconds
[2023-04-08T10:15:08.971+0000] {processor.py:153} INFO - Started process (PID=49241) to work on /home/airflow/.local/lib/python3.7/site-packages/airflow/example_dags/example_short_circuit_operator.py
[2023-04-08T10:15:08.982+0000] {processor.py:743} INFO - Processing file /home/airflow/.local/lib/python3.7/site-packages/airflow/example_dags/example_short_circuit_operator.py for tasks to queue
[2023-04-08T10:15:08.994+0000] {logging_mixin.py:137} INFO - [2023-04-08T10:15:08.993+0000] {dagbag.py:532} INFO - Filling up the DagBag from /home/airflow/.local/lib/python3.7/site-packages/airflow/example_dags/example_short_circuit_operator.py
[2023-04-08T10:15:09.131+0000] {processor.py:753} INFO - DAG(s) dict_keys(['example_short_circuit_operator']) retrieved from /home/airflow/.local/lib/python3.7/site-packages/airflow/example_dags/example_short_circuit_operator.py
[2023-04-08T10:15:09.374+0000] {logging_mixin.py:137} INFO - [2023-04-08T10:15:09.374+0000] {dag.py:2705} INFO - Sync 1 DAGs
[2023-04-08T10:15:09.484+0000] {logging_mixin.py:137} INFO - [2023-04-08T10:15:09.484+0000] {dag.py:3456} INFO - Setting next_dagrun for example_short_circuit_operator to 2023-04-07T10:15:09.482868+00:00, run_after=2023-04-08T10:15:09.482868+00:00
[2023-04-08T10:15:09.634+0000] {processor.py:175} INFO - Processing /home/airflow/.local/lib/python3.7/site-packages/airflow/example_dags/example_short_circuit_operator.py took 0.740 seconds
[2023-04-08T10:15:44.659+0000] {processor.py:153} INFO - Started process (PID=49292) to work on /home/airflow/.local/lib/python3.7/site-packages/airflow/example_dags/example_short_circuit_operator.py
[2023-04-08T10:15:44.679+0000] {processor.py:743} INFO - Processing file /home/airflow/.local/lib/python3.7/site-packages/airflow/example_dags/example_short_circuit_operator.py for tasks to queue
[2023-04-08T10:15:44.694+0000] {logging_mixin.py:137} INFO - [2023-04-08T10:15:44.692+0000] {dagbag.py:532} INFO - Filling up the DagBag from /home/airflow/.local/lib/python3.7/site-packages/airflow/example_dags/example_short_circuit_operator.py
[2023-04-08T10:15:44.821+0000] {processor.py:753} INFO - DAG(s) dict_keys(['example_short_circuit_operator']) retrieved from /home/airflow/.local/lib/python3.7/site-packages/airflow/example_dags/example_short_circuit_operator.py
[2023-04-08T10:15:45.212+0000] {logging_mixin.py:137} INFO - [2023-04-08T10:15:45.212+0000] {dag.py:2705} INFO - Sync 1 DAGs
[2023-04-08T10:15:45.557+0000] {logging_mixin.py:137} INFO - [2023-04-08T10:15:45.532+0000] {dag.py:3456} INFO - Setting next_dagrun for example_short_circuit_operator to 2023-04-07T10:15:45.510038+00:00, run_after=2023-04-08T10:15:45.510038+00:00
[2023-04-08T10:15:46.075+0000] {processor.py:175} INFO - Processing /home/airflow/.local/lib/python3.7/site-packages/airflow/example_dags/example_short_circuit_operator.py took 1.489 seconds
[2023-04-08T10:16:16.895+0000] {processor.py:153} INFO - Started process (PID=49343) to work on /home/airflow/.local/lib/python3.7/site-packages/airflow/example_dags/example_short_circuit_operator.py
[2023-04-08T10:16:16.917+0000] {processor.py:743} INFO - Processing file /home/airflow/.local/lib/python3.7/site-packages/airflow/example_dags/example_short_circuit_operator.py for tasks to queue
[2023-04-08T10:16:16.956+0000] {logging_mixin.py:137} INFO - [2023-04-08T10:16:16.955+0000] {dagbag.py:532} INFO - Filling up the DagBag from /home/airflow/.local/lib/python3.7/site-packages/airflow/example_dags/example_short_circuit_operator.py
[2023-04-08T10:16:17.039+0000] {processor.py:753} INFO - DAG(s) dict_keys(['example_short_circuit_operator']) retrieved from /home/airflow/.local/lib/python3.7/site-packages/airflow/example_dags/example_short_circuit_operator.py
[2023-04-08T10:16:17.252+0000] {logging_mixin.py:137} INFO - [2023-04-08T10:16:17.252+0000] {dag.py:2705} INFO - Sync 1 DAGs
[2023-04-08T10:16:17.465+0000] {logging_mixin.py:137} INFO - [2023-04-08T10:16:17.465+0000] {dag.py:3456} INFO - Setting next_dagrun for example_short_circuit_operator to 2023-04-07T10:16:17.464744+00:00, run_after=2023-04-08T10:16:17.464744+00:00
[2023-04-08T10:16:17.725+0000] {processor.py:175} INFO - Processing /home/airflow/.local/lib/python3.7/site-packages/airflow/example_dags/example_short_circuit_operator.py took 0.857 seconds
[2023-04-08T10:16:48.338+0000] {processor.py:153} INFO - Started process (PID=49410) to work on /home/airflow/.local/lib/python3.7/site-packages/airflow/example_dags/example_short_circuit_operator.py
[2023-04-08T10:16:48.344+0000] {processor.py:743} INFO - Processing file /home/airflow/.local/lib/python3.7/site-packages/airflow/example_dags/example_short_circuit_operator.py for tasks to queue
[2023-04-08T10:16:48.347+0000] {logging_mixin.py:137} INFO - [2023-04-08T10:16:48.347+0000] {dagbag.py:532} INFO - Filling up the DagBag from /home/airflow/.local/lib/python3.7/site-packages/airflow/example_dags/example_short_circuit_operator.py
[2023-04-08T10:16:48.374+0000] {processor.py:753} INFO - DAG(s) dict_keys(['example_short_circuit_operator']) retrieved from /home/airflow/.local/lib/python3.7/site-packages/airflow/example_dags/example_short_circuit_operator.py
[2023-04-08T10:16:48.456+0000] {logging_mixin.py:137} INFO - [2023-04-08T10:16:48.455+0000] {dag.py:2705} INFO - Sync 1 DAGs
[2023-04-08T10:16:48.511+0000] {logging_mixin.py:137} INFO - [2023-04-08T10:16:48.511+0000] {dag.py:3456} INFO - Setting next_dagrun for example_short_circuit_operator to 2023-04-07T10:16:48.510525+00:00, run_after=2023-04-08T10:16:48.510525+00:00
[2023-04-08T10:16:48.558+0000] {processor.py:175} INFO - Processing /home/airflow/.local/lib/python3.7/site-packages/airflow/example_dags/example_short_circuit_operator.py took 0.233 seconds
[2023-04-08T10:17:18.872+0000] {processor.py:153} INFO - Started process (PID=49460) to work on /home/airflow/.local/lib/python3.7/site-packages/airflow/example_dags/example_short_circuit_operator.py
[2023-04-08T10:17:18.875+0000] {processor.py:743} INFO - Processing file /home/airflow/.local/lib/python3.7/site-packages/airflow/example_dags/example_short_circuit_operator.py for tasks to queue
[2023-04-08T10:17:18.878+0000] {logging_mixin.py:137} INFO - [2023-04-08T10:17:18.878+0000] {dagbag.py:532} INFO - Filling up the DagBag from /home/airflow/.local/lib/python3.7/site-packages/airflow/example_dags/example_short_circuit_operator.py
[2023-04-08T10:17:18.900+0000] {processor.py:753} INFO - DAG(s) dict_keys(['example_short_circuit_operator']) retrieved from /home/airflow/.local/lib/python3.7/site-packages/airflow/example_dags/example_short_circuit_operator.py
[2023-04-08T10:17:18.945+0000] {logging_mixin.py:137} INFO - [2023-04-08T10:17:18.945+0000] {dag.py:2705} INFO - Sync 1 DAGs
[2023-04-08T10:17:18.981+0000] {logging_mixin.py:137} INFO - [2023-04-08T10:17:18.981+0000] {dag.py:3456} INFO - Setting next_dagrun for example_short_circuit_operator to 2023-04-07T10:17:18.981236+00:00, run_after=2023-04-08T10:17:18.981236+00:00
[2023-04-08T10:17:19.010+0000] {processor.py:175} INFO - Processing /home/airflow/.local/lib/python3.7/site-packages/airflow/example_dags/example_short_circuit_operator.py took 0.146 seconds
[2023-04-08T10:17:49.141+0000] {processor.py:153} INFO - Started process (PID=49511) to work on /home/airflow/.local/lib/python3.7/site-packages/airflow/example_dags/example_short_circuit_operator.py
[2023-04-08T10:17:49.144+0000] {processor.py:743} INFO - Processing file /home/airflow/.local/lib/python3.7/site-packages/airflow/example_dags/example_short_circuit_operator.py for tasks to queue
[2023-04-08T10:17:49.147+0000] {logging_mixin.py:137} INFO - [2023-04-08T10:17:49.146+0000] {dagbag.py:532} INFO - Filling up the DagBag from /home/airflow/.local/lib/python3.7/site-packages/airflow/example_dags/example_short_circuit_operator.py
[2023-04-08T10:17:49.163+0000] {processor.py:753} INFO - DAG(s) dict_keys(['example_short_circuit_operator']) retrieved from /home/airflow/.local/lib/python3.7/site-packages/airflow/example_dags/example_short_circuit_operator.py
[2023-04-08T10:17:49.208+0000] {logging_mixin.py:137} INFO - [2023-04-08T10:17:49.208+0000] {dag.py:2705} INFO - Sync 1 DAGs
[2023-04-08T10:17:49.242+0000] {logging_mixin.py:137} INFO - [2023-04-08T10:17:49.242+0000] {dag.py:3456} INFO - Setting next_dagrun for example_short_circuit_operator to 2023-04-07T10:17:49.242239+00:00, run_after=2023-04-08T10:17:49.242239+00:00
[2023-04-08T10:17:49.268+0000] {processor.py:175} INFO - Processing /home/airflow/.local/lib/python3.7/site-packages/airflow/example_dags/example_short_circuit_operator.py took 0.135 seconds
[2023-04-08T10:18:19.499+0000] {processor.py:153} INFO - Started process (PID=49562) to work on /home/airflow/.local/lib/python3.7/site-packages/airflow/example_dags/example_short_circuit_operator.py
[2023-04-08T10:18:19.501+0000] {processor.py:743} INFO - Processing file /home/airflow/.local/lib/python3.7/site-packages/airflow/example_dags/example_short_circuit_operator.py for tasks to queue
[2023-04-08T10:18:19.503+0000] {logging_mixin.py:137} INFO - [2023-04-08T10:18:19.503+0000] {dagbag.py:532} INFO - Filling up the DagBag from /home/airflow/.local/lib/python3.7/site-packages/airflow/example_dags/example_short_circuit_operator.py
[2023-04-08T10:18:19.519+0000] {processor.py:753} INFO - DAG(s) dict_keys(['example_short_circuit_operator']) retrieved from /home/airflow/.local/lib/python3.7/site-packages/airflow/example_dags/example_short_circuit_operator.py
[2023-04-08T10:18:19.565+0000] {logging_mixin.py:137} INFO - [2023-04-08T10:18:19.564+0000] {dag.py:2705} INFO - Sync 1 DAGs
[2023-04-08T10:18:19.600+0000] {logging_mixin.py:137} INFO - [2023-04-08T10:18:19.600+0000] {dag.py:3456} INFO - Setting next_dagrun for example_short_circuit_operator to 2023-04-07T10:18:19.599671+00:00, run_after=2023-04-08T10:18:19.599671+00:00
[2023-04-08T10:18:19.626+0000] {processor.py:175} INFO - Processing /home/airflow/.local/lib/python3.7/site-packages/airflow/example_dags/example_short_circuit_operator.py took 0.133 seconds
