[2023-04-08T07:06:42.844+0000] {processor.py:153} INFO - Started process (PID=48352) to work on /home/airflow/.local/lib/python3.7/site-packages/airflow/example_dags/example_trigger_target_dag.py
[2023-04-08T07:06:42.855+0000] {processor.py:743} INFO - Processing file /home/airflow/.local/lib/python3.7/site-packages/airflow/example_dags/example_trigger_target_dag.py for tasks to queue
[2023-04-08T07:06:42.870+0000] {logging_mixin.py:137} INFO - [2023-04-08T07:06:42.870+0000] {dagbag.py:532} INFO - Filling up the DagBag from /home/airflow/.local/lib/python3.7/site-packages/airflow/example_dags/example_trigger_target_dag.py
[2023-04-08T07:06:42.989+0000] {processor.py:753} INFO - DAG(s) dict_keys(['example_trigger_target_dag']) retrieved from /home/airflow/.local/lib/python3.7/site-packages/airflow/example_dags/example_trigger_target_dag.py
[2023-04-08T07:06:43.240+0000] {logging_mixin.py:137} INFO - [2023-04-08T07:06:43.239+0000] {dag.py:2705} INFO - Sync 1 DAGs
[2023-04-08T07:06:43.446+0000] {logging_mixin.py:137} INFO - [2023-04-08T07:06:43.443+0000] {dag.py:3456} INFO - Setting next_dagrun for example_trigger_target_dag to None, run_after=None
[2023-04-08T07:06:43.691+0000] {processor.py:175} INFO - Processing /home/airflow/.local/lib/python3.7/site-packages/airflow/example_dags/example_trigger_target_dag.py took 0.881 seconds
[2023-04-08T07:07:23.819+0000] {processor.py:153} INFO - Started process (PID=48403) to work on /home/airflow/.local/lib/python3.7/site-packages/airflow/example_dags/example_trigger_target_dag.py
[2023-04-08T07:07:23.842+0000] {processor.py:743} INFO - Processing file /home/airflow/.local/lib/python3.7/site-packages/airflow/example_dags/example_trigger_target_dag.py for tasks to queue
[2023-04-08T07:07:23.863+0000] {logging_mixin.py:137} INFO - [2023-04-08T07:07:23.850+0000] {dagbag.py:532} INFO - Filling up the DagBag from /home/airflow/.local/lib/python3.7/site-packages/airflow/example_dags/example_trigger_target_dag.py
[2023-04-08T07:07:23.999+0000] {processor.py:753} INFO - DAG(s) dict_keys(['example_trigger_target_dag']) retrieved from /home/airflow/.local/lib/python3.7/site-packages/airflow/example_dags/example_trigger_target_dag.py
[2023-04-08T07:07:24.259+0000] {logging_mixin.py:137} INFO - [2023-04-08T07:07:24.258+0000] {dag.py:2705} INFO - Sync 1 DAGs
[2023-04-08T07:07:24.391+0000] {logging_mixin.py:137} INFO - [2023-04-08T07:07:24.390+0000] {dag.py:3456} INFO - Setting next_dagrun for example_trigger_target_dag to None, run_after=None
[2023-04-08T07:07:24.492+0000] {processor.py:175} INFO - Processing /home/airflow/.local/lib/python3.7/site-packages/airflow/example_dags/example_trigger_target_dag.py took 0.709 seconds
[2023-04-08T07:07:59.875+0000] {processor.py:153} INFO - Started process (PID=48454) to work on /home/airflow/.local/lib/python3.7/site-packages/airflow/example_dags/example_trigger_target_dag.py
[2023-04-08T07:07:59.882+0000] {processor.py:743} INFO - Processing file /home/airflow/.local/lib/python3.7/site-packages/airflow/example_dags/example_trigger_target_dag.py for tasks to queue
[2023-04-08T07:07:59.887+0000] {logging_mixin.py:137} INFO - [2023-04-08T07:07:59.887+0000] {dagbag.py:532} INFO - Filling up the DagBag from /home/airflow/.local/lib/python3.7/site-packages/airflow/example_dags/example_trigger_target_dag.py
[2023-04-08T07:08:00.052+0000] {processor.py:753} INFO - DAG(s) dict_keys(['example_trigger_target_dag']) retrieved from /home/airflow/.local/lib/python3.7/site-packages/airflow/example_dags/example_trigger_target_dag.py
[2023-04-08T07:08:00.256+0000] {logging_mixin.py:137} INFO - [2023-04-08T07:08:00.255+0000] {dag.py:2705} INFO - Sync 1 DAGs
[2023-04-08T07:08:00.393+0000] {logging_mixin.py:137} INFO - [2023-04-08T07:08:00.392+0000] {dag.py:3456} INFO - Setting next_dagrun for example_trigger_target_dag to None, run_after=None
[2023-04-08T07:08:00.557+0000] {processor.py:175} INFO - Processing /home/airflow/.local/lib/python3.7/site-packages/airflow/example_dags/example_trigger_target_dag.py took 0.690 seconds
[2023-04-08T07:08:45.396+0000] {processor.py:153} INFO - Started process (PID=48512) to work on /home/airflow/.local/lib/python3.7/site-packages/airflow/example_dags/example_trigger_target_dag.py
[2023-04-08T07:08:45.449+0000] {processor.py:743} INFO - Processing file /home/airflow/.local/lib/python3.7/site-packages/airflow/example_dags/example_trigger_target_dag.py for tasks to queue
[2023-04-08T07:08:45.462+0000] {logging_mixin.py:137} INFO - [2023-04-08T07:08:45.460+0000] {dagbag.py:532} INFO - Filling up the DagBag from /home/airflow/.local/lib/python3.7/site-packages/airflow/example_dags/example_trigger_target_dag.py
[2023-04-08T07:08:45.739+0000] {processor.py:753} INFO - DAG(s) dict_keys(['example_trigger_target_dag']) retrieved from /home/airflow/.local/lib/python3.7/site-packages/airflow/example_dags/example_trigger_target_dag.py
[2023-04-08T07:08:46.197+0000] {logging_mixin.py:137} INFO - [2023-04-08T07:08:46.196+0000] {dag.py:2705} INFO - Sync 1 DAGs
[2023-04-08T07:08:47.742+0000] {logging_mixin.py:137} INFO - [2023-04-08T07:08:47.742+0000] {dag.py:3456} INFO - Setting next_dagrun for example_trigger_target_dag to None, run_after=None
[2023-04-08T07:08:47.880+0000] {processor.py:175} INFO - Processing /home/airflow/.local/lib/python3.7/site-packages/airflow/example_dags/example_trigger_target_dag.py took 1.255 seconds
[2023-04-08T07:09:24.691+0000] {processor.py:153} INFO - Started process (PID=48572) to work on /home/airflow/.local/lib/python3.7/site-packages/airflow/example_dags/example_trigger_target_dag.py
[2023-04-08T07:09:24.696+0000] {processor.py:743} INFO - Processing file /home/airflow/.local/lib/python3.7/site-packages/airflow/example_dags/example_trigger_target_dag.py for tasks to queue
[2023-04-08T07:09:24.718+0000] {logging_mixin.py:137} INFO - [2023-04-08T07:09:24.717+0000] {dagbag.py:532} INFO - Filling up the DagBag from /home/airflow/.local/lib/python3.7/site-packages/airflow/example_dags/example_trigger_target_dag.py
[2023-04-08T07:09:24.901+0000] {processor.py:753} INFO - DAG(s) dict_keys(['example_trigger_target_dag']) retrieved from /home/airflow/.local/lib/python3.7/site-packages/airflow/example_dags/example_trigger_target_dag.py
[2023-04-08T07:09:27.300+0000] {logging_mixin.py:137} INFO - [2023-04-08T07:09:25.225+0000] {dag.py:2705} INFO - Sync 1 DAGs
[2023-04-08T07:09:29.746+0000] {logging_mixin.py:137} INFO - [2023-04-08T07:09:29.744+0000] {dag.py:3456} INFO - Setting next_dagrun for example_trigger_target_dag to None, run_after=None
[2023-04-08T07:09:30.169+0000] {processor.py:175} INFO - Processing /home/airflow/.local/lib/python3.7/site-packages/airflow/example_dags/example_trigger_target_dag.py took 5.512 seconds
[2023-04-08T08:07:30.688+0000] {processor.py:153} INFO - Started process (PID=48663) to work on /home/airflow/.local/lib/python3.7/site-packages/airflow/example_dags/example_trigger_target_dag.py
[2023-04-08T08:07:30.701+0000] {processor.py:743} INFO - Processing file /home/airflow/.local/lib/python3.7/site-packages/airflow/example_dags/example_trigger_target_dag.py for tasks to queue
[2023-04-08T08:07:30.704+0000] {logging_mixin.py:137} INFO - [2023-04-08T08:07:30.704+0000] {dagbag.py:532} INFO - Filling up the DagBag from /home/airflow/.local/lib/python3.7/site-packages/airflow/example_dags/example_trigger_target_dag.py
[2023-04-08T08:07:30.768+0000] {processor.py:753} INFO - DAG(s) dict_keys(['example_trigger_target_dag']) retrieved from /home/airflow/.local/lib/python3.7/site-packages/airflow/example_dags/example_trigger_target_dag.py
[2023-04-08T08:07:31.011+0000] {logging_mixin.py:137} INFO - [2023-04-08T08:07:31.010+0000] {dag.py:2705} INFO - Sync 1 DAGs
[2023-04-08T08:07:31.360+0000] {logging_mixin.py:137} INFO - [2023-04-08T08:07:31.355+0000] {dag.py:3456} INFO - Setting next_dagrun for example_trigger_target_dag to None, run_after=None
[2023-04-08T08:07:31.554+0000] {processor.py:175} INFO - Processing /home/airflow/.local/lib/python3.7/site-packages/airflow/example_dags/example_trigger_target_dag.py took 0.872 seconds
[2023-04-08T10:09:03.308+0000] {processor.py:153} INFO - Started process (PID=48789) to work on /home/airflow/.local/lib/python3.7/site-packages/airflow/example_dags/example_trigger_target_dag.py
[2023-04-08T10:09:03.346+0000] {processor.py:743} INFO - Processing file /home/airflow/.local/lib/python3.7/site-packages/airflow/example_dags/example_trigger_target_dag.py for tasks to queue
[2023-04-08T10:09:03.380+0000] {logging_mixin.py:137} INFO - [2023-04-08T10:09:03.380+0000] {dagbag.py:532} INFO - Filling up the DagBag from /home/airflow/.local/lib/python3.7/site-packages/airflow/example_dags/example_trigger_target_dag.py
[2023-04-08T10:09:03.718+0000] {processor.py:753} INFO - DAG(s) dict_keys(['example_trigger_target_dag']) retrieved from /home/airflow/.local/lib/python3.7/site-packages/airflow/example_dags/example_trigger_target_dag.py
[2023-04-08T10:09:04.031+0000] {logging_mixin.py:137} INFO - [2023-04-08T10:09:04.031+0000] {dag.py:2705} INFO - Sync 1 DAGs
[2023-04-08T10:09:05.896+0000] {logging_mixin.py:137} INFO - [2023-04-08T10:09:05.809+0000] {dag.py:3456} INFO - Setting next_dagrun for example_trigger_target_dag to None, run_after=None
[2023-04-08T10:09:06.656+0000] {processor.py:175} INFO - Processing /home/airflow/.local/lib/python3.7/site-packages/airflow/example_dags/example_trigger_target_dag.py took 3.461 seconds
[2023-04-08T10:09:55.707+0000] {processor.py:153} INFO - Started process (PID=48844) to work on /home/airflow/.local/lib/python3.7/site-packages/airflow/example_dags/example_trigger_target_dag.py
[2023-04-08T10:09:55.725+0000] {processor.py:743} INFO - Processing file /home/airflow/.local/lib/python3.7/site-packages/airflow/example_dags/example_trigger_target_dag.py for tasks to queue
[2023-04-08T10:09:55.733+0000] {logging_mixin.py:137} INFO - [2023-04-08T10:09:55.733+0000] {dagbag.py:532} INFO - Filling up the DagBag from /home/airflow/.local/lib/python3.7/site-packages/airflow/example_dags/example_trigger_target_dag.py
[2023-04-08T10:09:55.848+0000] {processor.py:753} INFO - DAG(s) dict_keys(['example_trigger_target_dag']) retrieved from /home/airflow/.local/lib/python3.7/site-packages/airflow/example_dags/example_trigger_target_dag.py
[2023-04-08T10:09:56.087+0000] {logging_mixin.py:137} INFO - [2023-04-08T10:09:56.087+0000] {dag.py:2705} INFO - Sync 1 DAGs
[2023-04-08T10:09:56.216+0000] {logging_mixin.py:137} INFO - [2023-04-08T10:09:56.215+0000] {dag.py:3456} INFO - Setting next_dagrun for example_trigger_target_dag to None, run_after=None
[2023-04-08T10:09:56.506+0000] {processor.py:175} INFO - Processing /home/airflow/.local/lib/python3.7/site-packages/airflow/example_dags/example_trigger_target_dag.py took 0.827 seconds
[2023-04-08T10:10:31.479+0000] {processor.py:153} INFO - Started process (PID=48895) to work on /home/airflow/.local/lib/python3.7/site-packages/airflow/example_dags/example_trigger_target_dag.py
[2023-04-08T10:10:31.517+0000] {processor.py:743} INFO - Processing file /home/airflow/.local/lib/python3.7/site-packages/airflow/example_dags/example_trigger_target_dag.py for tasks to queue
[2023-04-08T10:10:31.525+0000] {logging_mixin.py:137} INFO - [2023-04-08T10:10:31.524+0000] {dagbag.py:532} INFO - Filling up the DagBag from /home/airflow/.local/lib/python3.7/site-packages/airflow/example_dags/example_trigger_target_dag.py
[2023-04-08T10:10:31.873+0000] {processor.py:753} INFO - DAG(s) dict_keys(['example_trigger_target_dag']) retrieved from /home/airflow/.local/lib/python3.7/site-packages/airflow/example_dags/example_trigger_target_dag.py
[2023-04-08T10:10:32.071+0000] {logging_mixin.py:137} INFO - [2023-04-08T10:10:32.069+0000] {dag.py:2705} INFO - Sync 1 DAGs
[2023-04-08T10:10:32.276+0000] {logging_mixin.py:137} INFO - [2023-04-08T10:10:32.274+0000] {dag.py:3456} INFO - Setting next_dagrun for example_trigger_target_dag to None, run_after=None
[2023-04-08T10:10:32.429+0000] {processor.py:175} INFO - Processing /home/airflow/.local/lib/python3.7/site-packages/airflow/example_dags/example_trigger_target_dag.py took 1.001 seconds
[2023-04-08T10:11:08.153+0000] {processor.py:153} INFO - Started process (PID=48960) to work on /home/airflow/.local/lib/python3.7/site-packages/airflow/example_dags/example_trigger_target_dag.py
[2023-04-08T10:11:08.181+0000] {processor.py:743} INFO - Processing file /home/airflow/.local/lib/python3.7/site-packages/airflow/example_dags/example_trigger_target_dag.py for tasks to queue
[2023-04-08T10:11:08.187+0000] {logging_mixin.py:137} INFO - [2023-04-08T10:11:08.187+0000] {dagbag.py:532} INFO - Filling up the DagBag from /home/airflow/.local/lib/python3.7/site-packages/airflow/example_dags/example_trigger_target_dag.py
[2023-04-08T10:11:08.570+0000] {processor.py:753} INFO - DAG(s) dict_keys(['example_trigger_target_dag']) retrieved from /home/airflow/.local/lib/python3.7/site-packages/airflow/example_dags/example_trigger_target_dag.py
[2023-04-08T10:11:09.073+0000] {logging_mixin.py:137} INFO - [2023-04-08T10:11:09.072+0000] {dag.py:2705} INFO - Sync 1 DAGs
[2023-04-08T10:11:09.271+0000] {logging_mixin.py:137} INFO - [2023-04-08T10:11:09.270+0000] {dag.py:3456} INFO - Setting next_dagrun for example_trigger_target_dag to None, run_after=None
[2023-04-08T10:11:09.397+0000] {processor.py:175} INFO - Processing /home/airflow/.local/lib/python3.7/site-packages/airflow/example_dags/example_trigger_target_dag.py took 1.273 seconds
[2023-04-08T10:11:59.518+0000] {processor.py:153} INFO - Started process (PID=49015) to work on /home/airflow/.local/lib/python3.7/site-packages/airflow/example_dags/example_trigger_target_dag.py
[2023-04-08T10:11:59.530+0000] {processor.py:743} INFO - Processing file /home/airflow/.local/lib/python3.7/site-packages/airflow/example_dags/example_trigger_target_dag.py for tasks to queue
[2023-04-08T10:11:59.538+0000] {logging_mixin.py:137} INFO - [2023-04-08T10:11:59.537+0000] {dagbag.py:532} INFO - Filling up the DagBag from /home/airflow/.local/lib/python3.7/site-packages/airflow/example_dags/example_trigger_target_dag.py
[2023-04-08T10:11:59.852+0000] {processor.py:753} INFO - DAG(s) dict_keys(['example_trigger_target_dag']) retrieved from /home/airflow/.local/lib/python3.7/site-packages/airflow/example_dags/example_trigger_target_dag.py
[2023-04-08T10:11:59.991+0000] {logging_mixin.py:137} INFO - [2023-04-08T10:11:59.991+0000] {dag.py:2705} INFO - Sync 1 DAGs
[2023-04-08T10:12:00.760+0000] {logging_mixin.py:137} INFO - [2023-04-08T10:12:00.755+0000] {dag.py:3456} INFO - Setting next_dagrun for example_trigger_target_dag to None, run_after=None
[2023-04-08T10:12:01.214+0000] {processor.py:175} INFO - Processing /home/airflow/.local/lib/python3.7/site-packages/airflow/example_dags/example_trigger_target_dag.py took 1.726 seconds
[2023-04-08T10:12:43.565+0000] {processor.py:153} INFO - Started process (PID=49082) to work on /home/airflow/.local/lib/python3.7/site-packages/airflow/example_dags/example_trigger_target_dag.py
[2023-04-08T10:12:43.579+0000] {processor.py:743} INFO - Processing file /home/airflow/.local/lib/python3.7/site-packages/airflow/example_dags/example_trigger_target_dag.py for tasks to queue
[2023-04-08T10:12:43.583+0000] {logging_mixin.py:137} INFO - [2023-04-08T10:12:43.583+0000] {dagbag.py:532} INFO - Filling up the DagBag from /home/airflow/.local/lib/python3.7/site-packages/airflow/example_dags/example_trigger_target_dag.py
[2023-04-08T10:12:43.758+0000] {processor.py:753} INFO - DAG(s) dict_keys(['example_trigger_target_dag']) retrieved from /home/airflow/.local/lib/python3.7/site-packages/airflow/example_dags/example_trigger_target_dag.py
[2023-04-08T10:12:44.044+0000] {logging_mixin.py:137} INFO - [2023-04-08T10:12:44.041+0000] {dag.py:2705} INFO - Sync 1 DAGs
[2023-04-08T10:12:44.266+0000] {logging_mixin.py:137} INFO - [2023-04-08T10:12:44.265+0000] {dag.py:3456} INFO - Setting next_dagrun for example_trigger_target_dag to None, run_after=None
[2023-04-08T10:12:44.571+0000] {processor.py:175} INFO - Processing /home/airflow/.local/lib/python3.7/site-packages/airflow/example_dags/example_trigger_target_dag.py took 1.045 seconds
[2023-04-08T10:13:41.081+0000] {processor.py:153} INFO - Started process (PID=49138) to work on /home/airflow/.local/lib/python3.7/site-packages/airflow/example_dags/example_trigger_target_dag.py
[2023-04-08T10:13:41.097+0000] {processor.py:743} INFO - Processing file /home/airflow/.local/lib/python3.7/site-packages/airflow/example_dags/example_trigger_target_dag.py for tasks to queue
[2023-04-08T10:13:41.117+0000] {logging_mixin.py:137} INFO - [2023-04-08T10:13:41.111+0000] {dagbag.py:532} INFO - Filling up the DagBag from /home/airflow/.local/lib/python3.7/site-packages/airflow/example_dags/example_trigger_target_dag.py
[2023-04-08T10:13:41.429+0000] {processor.py:753} INFO - DAG(s) dict_keys(['example_trigger_target_dag']) retrieved from /home/airflow/.local/lib/python3.7/site-packages/airflow/example_dags/example_trigger_target_dag.py
[2023-04-08T10:13:41.611+0000] {logging_mixin.py:137} INFO - [2023-04-08T10:13:41.610+0000] {dag.py:2705} INFO - Sync 1 DAGs
[2023-04-08T10:13:41.799+0000] {logging_mixin.py:137} INFO - [2023-04-08T10:13:41.799+0000] {dag.py:3456} INFO - Setting next_dagrun for example_trigger_target_dag to None, run_after=None
[2023-04-08T10:13:41.905+0000] {processor.py:175} INFO - Processing /home/airflow/.local/lib/python3.7/site-packages/airflow/example_dags/example_trigger_target_dag.py took 0.851 seconds
[2023-04-08T10:14:20.730+0000] {processor.py:153} INFO - Started process (PID=49196) to work on /home/airflow/.local/lib/python3.7/site-packages/airflow/example_dags/example_trigger_target_dag.py
[2023-04-08T10:14:20.747+0000] {processor.py:743} INFO - Processing file /home/airflow/.local/lib/python3.7/site-packages/airflow/example_dags/example_trigger_target_dag.py for tasks to queue
[2023-04-08T10:14:20.751+0000] {logging_mixin.py:137} INFO - [2023-04-08T10:14:20.750+0000] {dagbag.py:532} INFO - Filling up the DagBag from /home/airflow/.local/lib/python3.7/site-packages/airflow/example_dags/example_trigger_target_dag.py
[2023-04-08T10:14:20.864+0000] {processor.py:753} INFO - DAG(s) dict_keys(['example_trigger_target_dag']) retrieved from /home/airflow/.local/lib/python3.7/site-packages/airflow/example_dags/example_trigger_target_dag.py
[2023-04-08T10:14:21.041+0000] {logging_mixin.py:137} INFO - [2023-04-08T10:14:21.041+0000] {dag.py:2705} INFO - Sync 1 DAGs
[2023-04-08T10:14:22.779+0000] {logging_mixin.py:137} INFO - [2023-04-08T10:14:22.768+0000] {dag.py:3456} INFO - Setting next_dagrun for example_trigger_target_dag to None, run_after=None
[2023-04-08T10:14:24.275+0000] {processor.py:175} INFO - Processing /home/airflow/.local/lib/python3.7/site-packages/airflow/example_dags/example_trigger_target_dag.py took 3.556 seconds
[2023-04-08T10:15:12.758+0000] {processor.py:153} INFO - Started process (PID=49247) to work on /home/airflow/.local/lib/python3.7/site-packages/airflow/example_dags/example_trigger_target_dag.py
[2023-04-08T10:15:12.811+0000] {processor.py:743} INFO - Processing file /home/airflow/.local/lib/python3.7/site-packages/airflow/example_dags/example_trigger_target_dag.py for tasks to queue
[2023-04-08T10:15:12.819+0000] {logging_mixin.py:137} INFO - [2023-04-08T10:15:12.818+0000] {dagbag.py:532} INFO - Filling up the DagBag from /home/airflow/.local/lib/python3.7/site-packages/airflow/example_dags/example_trigger_target_dag.py
[2023-04-08T10:15:13.032+0000] {processor.py:753} INFO - DAG(s) dict_keys(['example_trigger_target_dag']) retrieved from /home/airflow/.local/lib/python3.7/site-packages/airflow/example_dags/example_trigger_target_dag.py
[2023-04-08T10:15:13.264+0000] {logging_mixin.py:137} INFO - [2023-04-08T10:15:13.259+0000] {dag.py:2705} INFO - Sync 1 DAGs
[2023-04-08T10:15:13.429+0000] {logging_mixin.py:137} INFO - [2023-04-08T10:15:13.429+0000] {dag.py:3456} INFO - Setting next_dagrun for example_trigger_target_dag to None, run_after=None
[2023-04-08T10:15:13.652+0000] {processor.py:175} INFO - Processing /home/airflow/.local/lib/python3.7/site-packages/airflow/example_dags/example_trigger_target_dag.py took 0.917 seconds
[2023-04-08T10:15:52.242+0000] {processor.py:153} INFO - Started process (PID=49305) to work on /home/airflow/.local/lib/python3.7/site-packages/airflow/example_dags/example_trigger_target_dag.py
[2023-04-08T10:15:52.247+0000] {processor.py:743} INFO - Processing file /home/airflow/.local/lib/python3.7/site-packages/airflow/example_dags/example_trigger_target_dag.py for tasks to queue
[2023-04-08T10:15:52.258+0000] {logging_mixin.py:137} INFO - [2023-04-08T10:15:52.258+0000] {dagbag.py:532} INFO - Filling up the DagBag from /home/airflow/.local/lib/python3.7/site-packages/airflow/example_dags/example_trigger_target_dag.py
[2023-04-08T10:15:52.383+0000] {processor.py:753} INFO - DAG(s) dict_keys(['example_trigger_target_dag']) retrieved from /home/airflow/.local/lib/python3.7/site-packages/airflow/example_dags/example_trigger_target_dag.py
[2023-04-08T10:15:52.563+0000] {logging_mixin.py:137} INFO - [2023-04-08T10:15:52.563+0000] {dag.py:2705} INFO - Sync 1 DAGs
[2023-04-08T10:15:52.691+0000] {logging_mixin.py:137} INFO - [2023-04-08T10:15:52.691+0000] {dag.py:3456} INFO - Setting next_dagrun for example_trigger_target_dag to None, run_after=None
[2023-04-08T10:15:52.810+0000] {processor.py:175} INFO - Processing /home/airflow/.local/lib/python3.7/site-packages/airflow/example_dags/example_trigger_target_dag.py took 0.592 seconds
[2023-04-08T10:16:23.075+0000] {processor.py:153} INFO - Started process (PID=49355) to work on /home/airflow/.local/lib/python3.7/site-packages/airflow/example_dags/example_trigger_target_dag.py
[2023-04-08T10:16:23.082+0000] {processor.py:743} INFO - Processing file /home/airflow/.local/lib/python3.7/site-packages/airflow/example_dags/example_trigger_target_dag.py for tasks to queue
[2023-04-08T10:16:23.087+0000] {logging_mixin.py:137} INFO - [2023-04-08T10:16:23.087+0000] {dagbag.py:532} INFO - Filling up the DagBag from /home/airflow/.local/lib/python3.7/site-packages/airflow/example_dags/example_trigger_target_dag.py
[2023-04-08T10:16:23.173+0000] {processor.py:753} INFO - DAG(s) dict_keys(['example_trigger_target_dag']) retrieved from /home/airflow/.local/lib/python3.7/site-packages/airflow/example_dags/example_trigger_target_dag.py
[2023-04-08T10:16:23.326+0000] {logging_mixin.py:137} INFO - [2023-04-08T10:16:23.325+0000] {dag.py:2705} INFO - Sync 1 DAGs
[2023-04-08T10:16:23.439+0000] {logging_mixin.py:137} INFO - [2023-04-08T10:16:23.438+0000] {dag.py:3456} INFO - Setting next_dagrun for example_trigger_target_dag to None, run_after=None
[2023-04-08T10:16:23.521+0000] {processor.py:175} INFO - Processing /home/airflow/.local/lib/python3.7/site-packages/airflow/example_dags/example_trigger_target_dag.py took 0.472 seconds
[2023-04-08T10:16:54.012+0000] {processor.py:153} INFO - Started process (PID=49422) to work on /home/airflow/.local/lib/python3.7/site-packages/airflow/example_dags/example_trigger_target_dag.py
[2023-04-08T10:16:54.018+0000] {processor.py:743} INFO - Processing file /home/airflow/.local/lib/python3.7/site-packages/airflow/example_dags/example_trigger_target_dag.py for tasks to queue
[2023-04-08T10:16:54.022+0000] {logging_mixin.py:137} INFO - [2023-04-08T10:16:54.021+0000] {dagbag.py:532} INFO - Filling up the DagBag from /home/airflow/.local/lib/python3.7/site-packages/airflow/example_dags/example_trigger_target_dag.py
[2023-04-08T10:16:54.062+0000] {processor.py:753} INFO - DAG(s) dict_keys(['example_trigger_target_dag']) retrieved from /home/airflow/.local/lib/python3.7/site-packages/airflow/example_dags/example_trigger_target_dag.py
[2023-04-08T10:16:54.117+0000] {logging_mixin.py:137} INFO - [2023-04-08T10:16:54.116+0000] {dag.py:2705} INFO - Sync 1 DAGs
[2023-04-08T10:16:54.161+0000] {logging_mixin.py:137} INFO - [2023-04-08T10:16:54.161+0000] {dag.py:3456} INFO - Setting next_dagrun for example_trigger_target_dag to None, run_after=None
[2023-04-08T10:16:54.203+0000] {processor.py:175} INFO - Processing /home/airflow/.local/lib/python3.7/site-packages/airflow/example_dags/example_trigger_target_dag.py took 0.200 seconds
[2023-04-08T10:17:24.455+0000] {processor.py:153} INFO - Started process (PID=49473) to work on /home/airflow/.local/lib/python3.7/site-packages/airflow/example_dags/example_trigger_target_dag.py
[2023-04-08T10:17:24.458+0000] {processor.py:743} INFO - Processing file /home/airflow/.local/lib/python3.7/site-packages/airflow/example_dags/example_trigger_target_dag.py for tasks to queue
[2023-04-08T10:17:24.460+0000] {logging_mixin.py:137} INFO - [2023-04-08T10:17:24.460+0000] {dagbag.py:532} INFO - Filling up the DagBag from /home/airflow/.local/lib/python3.7/site-packages/airflow/example_dags/example_trigger_target_dag.py
[2023-04-08T10:17:24.485+0000] {processor.py:753} INFO - DAG(s) dict_keys(['example_trigger_target_dag']) retrieved from /home/airflow/.local/lib/python3.7/site-packages/airflow/example_dags/example_trigger_target_dag.py
[2023-04-08T10:17:24.519+0000] {logging_mixin.py:137} INFO - [2023-04-08T10:17:24.519+0000] {dag.py:2705} INFO - Sync 1 DAGs
[2023-04-08T10:17:24.553+0000] {logging_mixin.py:137} INFO - [2023-04-08T10:17:24.553+0000] {dag.py:3456} INFO - Setting next_dagrun for example_trigger_target_dag to None, run_after=None
[2023-04-08T10:17:24.579+0000] {processor.py:175} INFO - Processing /home/airflow/.local/lib/python3.7/site-packages/airflow/example_dags/example_trigger_target_dag.py took 0.129 seconds
[2023-04-08T10:17:54.712+0000] {processor.py:153} INFO - Started process (PID=49524) to work on /home/airflow/.local/lib/python3.7/site-packages/airflow/example_dags/example_trigger_target_dag.py
[2023-04-08T10:17:54.714+0000] {processor.py:743} INFO - Processing file /home/airflow/.local/lib/python3.7/site-packages/airflow/example_dags/example_trigger_target_dag.py for tasks to queue
[2023-04-08T10:17:54.716+0000] {logging_mixin.py:137} INFO - [2023-04-08T10:17:54.715+0000] {dagbag.py:532} INFO - Filling up the DagBag from /home/airflow/.local/lib/python3.7/site-packages/airflow/example_dags/example_trigger_target_dag.py
[2023-04-08T10:17:54.742+0000] {processor.py:753} INFO - DAG(s) dict_keys(['example_trigger_target_dag']) retrieved from /home/airflow/.local/lib/python3.7/site-packages/airflow/example_dags/example_trigger_target_dag.py
[2023-04-08T10:17:54.777+0000] {logging_mixin.py:137} INFO - [2023-04-08T10:17:54.777+0000] {dag.py:2705} INFO - Sync 1 DAGs
[2023-04-08T10:17:54.812+0000] {logging_mixin.py:137} INFO - [2023-04-08T10:17:54.811+0000] {dag.py:3456} INFO - Setting next_dagrun for example_trigger_target_dag to None, run_after=None
[2023-04-08T10:17:54.839+0000] {processor.py:175} INFO - Processing /home/airflow/.local/lib/python3.7/site-packages/airflow/example_dags/example_trigger_target_dag.py took 0.133 seconds
[2023-04-08T10:18:25.094+0000] {processor.py:153} INFO - Started process (PID=49575) to work on /home/airflow/.local/lib/python3.7/site-packages/airflow/example_dags/example_trigger_target_dag.py
[2023-04-08T10:18:25.098+0000] {processor.py:743} INFO - Processing file /home/airflow/.local/lib/python3.7/site-packages/airflow/example_dags/example_trigger_target_dag.py for tasks to queue
[2023-04-08T10:18:25.100+0000] {logging_mixin.py:137} INFO - [2023-04-08T10:18:25.100+0000] {dagbag.py:532} INFO - Filling up the DagBag from /home/airflow/.local/lib/python3.7/site-packages/airflow/example_dags/example_trigger_target_dag.py
[2023-04-08T10:18:25.127+0000] {processor.py:753} INFO - DAG(s) dict_keys(['example_trigger_target_dag']) retrieved from /home/airflow/.local/lib/python3.7/site-packages/airflow/example_dags/example_trigger_target_dag.py
[2023-04-08T10:18:25.167+0000] {logging_mixin.py:137} INFO - [2023-04-08T10:18:25.167+0000] {dag.py:2705} INFO - Sync 1 DAGs
[2023-04-08T10:18:25.203+0000] {logging_mixin.py:137} INFO - [2023-04-08T10:18:25.202+0000] {dag.py:3456} INFO - Setting next_dagrun for example_trigger_target_dag to None, run_after=None
[2023-04-08T10:18:25.228+0000] {processor.py:175} INFO - Processing /home/airflow/.local/lib/python3.7/site-packages/airflow/example_dags/example_trigger_target_dag.py took 0.140 seconds
