[2023-04-08T07:06:20.280+0000] {processor.py:153} INFO - Started process (PID=48312) to work on /home/airflow/.local/lib/python3.7/site-packages/airflow/example_dags/example_latest_only_with_trigger.py
[2023-04-08T07:06:20.320+0000] {processor.py:743} INFO - Processing file /home/airflow/.local/lib/python3.7/site-packages/airflow/example_dags/example_latest_only_with_trigger.py for tasks to queue
[2023-04-08T07:06:20.333+0000] {logging_mixin.py:137} INFO - [2023-04-08T07:06:20.333+0000] {dagbag.py:532} INFO - Filling up the DagBag from /home/airflow/.local/lib/python3.7/site-packages/airflow/example_dags/example_latest_only_with_trigger.py
[2023-04-08T07:06:20.696+0000] {processor.py:753} INFO - DAG(s) dict_keys(['latest_only_with_trigger']) retrieved from /home/airflow/.local/lib/python3.7/site-packages/airflow/example_dags/example_latest_only_with_trigger.py
[2023-04-08T07:06:21.643+0000] {logging_mixin.py:137} INFO - [2023-04-08T07:06:21.635+0000] {dag.py:2705} INFO - Sync 1 DAGs
[2023-04-08T07:06:23.192+0000] {logging_mixin.py:137} INFO - [2023-04-08T07:06:23.192+0000] {dag.py:3456} INFO - Setting next_dagrun for latest_only_with_trigger to 2023-04-08T03:06:23.191246+00:00, run_after=2023-04-08T07:06:23.191246+00:00
[2023-04-08T07:06:24.405+0000] {processor.py:175} INFO - Processing /home/airflow/.local/lib/python3.7/site-packages/airflow/example_dags/example_latest_only_with_trigger.py took 4.169 seconds
[2023-04-08T07:06:57.489+0000] {processor.py:153} INFO - Started process (PID=48367) to work on /home/airflow/.local/lib/python3.7/site-packages/airflow/example_dags/example_latest_only_with_trigger.py
[2023-04-08T07:06:57.508+0000] {processor.py:743} INFO - Processing file /home/airflow/.local/lib/python3.7/site-packages/airflow/example_dags/example_latest_only_with_trigger.py for tasks to queue
[2023-04-08T07:06:57.516+0000] {logging_mixin.py:137} INFO - [2023-04-08T07:06:57.514+0000] {dagbag.py:532} INFO - Filling up the DagBag from /home/airflow/.local/lib/python3.7/site-packages/airflow/example_dags/example_latest_only_with_trigger.py
[2023-04-08T07:06:57.678+0000] {processor.py:753} INFO - DAG(s) dict_keys(['latest_only_with_trigger']) retrieved from /home/airflow/.local/lib/python3.7/site-packages/airflow/example_dags/example_latest_only_with_trigger.py
[2023-04-08T07:06:58.141+0000] {logging_mixin.py:137} INFO - [2023-04-08T07:06:58.140+0000] {dag.py:2705} INFO - Sync 1 DAGs
[2023-04-08T07:06:58.397+0000] {logging_mixin.py:137} INFO - [2023-04-08T07:06:58.396+0000] {dag.py:3456} INFO - Setting next_dagrun for latest_only_with_trigger to 2023-04-08T03:06:58.395549+00:00, run_after=2023-04-08T07:06:58.395549+00:00
[2023-04-08T07:06:58.752+0000] {processor.py:175} INFO - Processing /home/airflow/.local/lib/python3.7/site-packages/airflow/example_dags/example_latest_only_with_trigger.py took 1.318 seconds
[2023-04-08T07:07:35.879+0000] {processor.py:153} INFO - Started process (PID=48416) to work on /home/airflow/.local/lib/python3.7/site-packages/airflow/example_dags/example_latest_only_with_trigger.py
[2023-04-08T07:07:35.926+0000] {processor.py:743} INFO - Processing file /home/airflow/.local/lib/python3.7/site-packages/airflow/example_dags/example_latest_only_with_trigger.py for tasks to queue
[2023-04-08T07:07:35.933+0000] {logging_mixin.py:137} INFO - [2023-04-08T07:07:35.931+0000] {dagbag.py:532} INFO - Filling up the DagBag from /home/airflow/.local/lib/python3.7/site-packages/airflow/example_dags/example_latest_only_with_trigger.py
[2023-04-08T07:07:35.999+0000] {processor.py:753} INFO - DAG(s) dict_keys(['latest_only_with_trigger']) retrieved from /home/airflow/.local/lib/python3.7/site-packages/airflow/example_dags/example_latest_only_with_trigger.py
[2023-04-08T07:07:36.147+0000] {logging_mixin.py:137} INFO - [2023-04-08T07:07:36.146+0000] {dag.py:2705} INFO - Sync 1 DAGs
[2023-04-08T07:07:36.228+0000] {logging_mixin.py:137} INFO - [2023-04-08T07:07:36.227+0000] {dag.py:3456} INFO - Setting next_dagrun for latest_only_with_trigger to 2023-04-08T03:07:36.227587+00:00, run_after=2023-04-08T07:07:36.227587+00:00
[2023-04-08T07:07:36.298+0000] {processor.py:175} INFO - Processing /home/airflow/.local/lib/python3.7/site-packages/airflow/example_dags/example_latest_only_with_trigger.py took 0.452 seconds
[2023-04-08T07:08:11.015+0000] {processor.py:153} INFO - Started process (PID=48467) to work on /home/airflow/.local/lib/python3.7/site-packages/airflow/example_dags/example_latest_only_with_trigger.py
[2023-04-08T07:08:11.032+0000] {processor.py:743} INFO - Processing file /home/airflow/.local/lib/python3.7/site-packages/airflow/example_dags/example_latest_only_with_trigger.py for tasks to queue
[2023-04-08T07:08:11.044+0000] {logging_mixin.py:137} INFO - [2023-04-08T07:08:11.042+0000] {dagbag.py:532} INFO - Filling up the DagBag from /home/airflow/.local/lib/python3.7/site-packages/airflow/example_dags/example_latest_only_with_trigger.py
[2023-04-08T07:08:11.118+0000] {processor.py:753} INFO - DAG(s) dict_keys(['latest_only_with_trigger']) retrieved from /home/airflow/.local/lib/python3.7/site-packages/airflow/example_dags/example_latest_only_with_trigger.py
[2023-04-08T07:08:11.248+0000] {logging_mixin.py:137} INFO - [2023-04-08T07:08:11.247+0000] {dag.py:2705} INFO - Sync 1 DAGs
[2023-04-08T07:08:11.510+0000] {logging_mixin.py:137} INFO - [2023-04-08T07:08:11.509+0000] {dag.py:3456} INFO - Setting next_dagrun for latest_only_with_trigger to 2023-04-08T03:08:11.508445+00:00, run_after=2023-04-08T07:08:11.508445+00:00
[2023-04-08T07:08:12.563+0000] {processor.py:175} INFO - Processing /home/airflow/.local/lib/python3.7/site-packages/airflow/example_dags/example_latest_only_with_trigger.py took 1.574 seconds
[2023-04-08T07:08:48.602+0000] {processor.py:153} INFO - Started process (PID=48516) to work on /home/airflow/.local/lib/python3.7/site-packages/airflow/example_dags/example_latest_only_with_trigger.py
[2023-04-08T07:08:48.610+0000] {processor.py:743} INFO - Processing file /home/airflow/.local/lib/python3.7/site-packages/airflow/example_dags/example_latest_only_with_trigger.py for tasks to queue
[2023-04-08T07:08:48.629+0000] {logging_mixin.py:137} INFO - [2023-04-08T07:08:48.626+0000] {dagbag.py:532} INFO - Filling up the DagBag from /home/airflow/.local/lib/python3.7/site-packages/airflow/example_dags/example_latest_only_with_trigger.py
[2023-04-08T07:08:48.695+0000] {processor.py:753} INFO - DAG(s) dict_keys(['latest_only_with_trigger']) retrieved from /home/airflow/.local/lib/python3.7/site-packages/airflow/example_dags/example_latest_only_with_trigger.py
[2023-04-08T07:08:49.015+0000] {logging_mixin.py:137} INFO - [2023-04-08T07:08:49.014+0000] {dag.py:2705} INFO - Sync 1 DAGs
[2023-04-08T07:08:49.332+0000] {logging_mixin.py:137} INFO - [2023-04-08T07:08:49.328+0000] {dag.py:3456} INFO - Setting next_dagrun for latest_only_with_trigger to 2023-04-08T03:08:49.325974+00:00, run_after=2023-04-08T07:08:49.325974+00:00
[2023-04-08T07:08:49.703+0000] {processor.py:175} INFO - Processing /home/airflow/.local/lib/python3.7/site-packages/airflow/example_dags/example_latest_only_with_trigger.py took 1.117 seconds
[2023-04-08T07:09:22.124+0000] {processor.py:153} INFO - Started process (PID=48569) to work on /home/airflow/.local/lib/python3.7/site-packages/airflow/example_dags/example_latest_only_with_trigger.py
[2023-04-08T07:09:22.131+0000] {processor.py:743} INFO - Processing file /home/airflow/.local/lib/python3.7/site-packages/airflow/example_dags/example_latest_only_with_trigger.py for tasks to queue
[2023-04-08T07:09:22.138+0000] {logging_mixin.py:137} INFO - [2023-04-08T07:09:22.136+0000] {dagbag.py:532} INFO - Filling up the DagBag from /home/airflow/.local/lib/python3.7/site-packages/airflow/example_dags/example_latest_only_with_trigger.py
[2023-04-08T07:09:22.194+0000] {processor.py:753} INFO - DAG(s) dict_keys(['latest_only_with_trigger']) retrieved from /home/airflow/.local/lib/python3.7/site-packages/airflow/example_dags/example_latest_only_with_trigger.py
[2023-04-08T07:09:22.385+0000] {logging_mixin.py:137} INFO - [2023-04-08T07:09:22.384+0000] {dag.py:2705} INFO - Sync 1 DAGs
[2023-04-08T07:09:22.528+0000] {logging_mixin.py:137} INFO - [2023-04-08T07:09:22.527+0000] {dag.py:3456} INFO - Setting next_dagrun for latest_only_with_trigger to 2023-04-08T03:09:22.525793+00:00, run_after=2023-04-08T07:09:22.525793+00:00
[2023-04-08T07:09:22.657+0000] {processor.py:175} INFO - Processing /home/airflow/.local/lib/python3.7/site-packages/airflow/example_dags/example_latest_only_with_trigger.py took 0.560 seconds
[2023-04-08T08:07:13.366+0000] {processor.py:153} INFO - Started process (PID=48628) to work on /home/airflow/.local/lib/python3.7/site-packages/airflow/example_dags/example_latest_only_with_trigger.py
[2023-04-08T08:07:13.385+0000] {processor.py:743} INFO - Processing file /home/airflow/.local/lib/python3.7/site-packages/airflow/example_dags/example_latest_only_with_trigger.py for tasks to queue
[2023-04-08T08:07:13.399+0000] {logging_mixin.py:137} INFO - [2023-04-08T08:07:13.394+0000] {dagbag.py:532} INFO - Filling up the DagBag from /home/airflow/.local/lib/python3.7/site-packages/airflow/example_dags/example_latest_only_with_trigger.py
[2023-04-08T08:07:13.807+0000] {processor.py:753} INFO - DAG(s) dict_keys(['latest_only_with_trigger']) retrieved from /home/airflow/.local/lib/python3.7/site-packages/airflow/example_dags/example_latest_only_with_trigger.py
[2023-04-08T08:07:14.290+0000] {logging_mixin.py:137} INFO - [2023-04-08T08:07:14.287+0000] {dag.py:2705} INFO - Sync 1 DAGs
[2023-04-08T08:07:14.541+0000] {logging_mixin.py:137} INFO - [2023-04-08T08:07:14.541+0000] {dag.py:3456} INFO - Setting next_dagrun for latest_only_with_trigger to 2023-04-08T04:07:14.540294+00:00, run_after=2023-04-08T08:07:14.540294+00:00
[2023-04-08T08:07:14.687+0000] {processor.py:175} INFO - Processing /home/airflow/.local/lib/python3.7/site-packages/airflow/example_dags/example_latest_only_with_trigger.py took 1.425 seconds
[2023-04-08T08:07:51.767+0000] {processor.py:153} INFO - Started process (PID=48685) to work on /home/airflow/.local/lib/python3.7/site-packages/airflow/example_dags/example_latest_only_with_trigger.py
[2023-04-08T08:07:51.775+0000] {processor.py:743} INFO - Processing file /home/airflow/.local/lib/python3.7/site-packages/airflow/example_dags/example_latest_only_with_trigger.py for tasks to queue
[2023-04-08T08:07:51.782+0000] {logging_mixin.py:137} INFO - [2023-04-08T08:07:51.782+0000] {dagbag.py:532} INFO - Filling up the DagBag from /home/airflow/.local/lib/python3.7/site-packages/airflow/example_dags/example_latest_only_with_trigger.py
[2023-04-08T08:07:51.845+0000] {processor.py:753} INFO - DAG(s) dict_keys(['latest_only_with_trigger']) retrieved from /home/airflow/.local/lib/python3.7/site-packages/airflow/example_dags/example_latest_only_with_trigger.py
[2023-04-08T08:07:52.485+0000] {logging_mixin.py:137} INFO - [2023-04-08T08:07:52.483+0000] {dag.py:2705} INFO - Sync 1 DAGs
[2023-04-08T08:07:53.056+0000] {logging_mixin.py:137} INFO - [2023-04-08T08:07:52.950+0000] {dag.py:3456} INFO - Setting next_dagrun for latest_only_with_trigger to 2023-04-08T04:07:52.938949+00:00, run_after=2023-04-08T08:07:52.938949+00:00
[2023-04-08T08:07:53.274+0000] {processor.py:175} INFO - Processing /home/airflow/.local/lib/python3.7/site-packages/airflow/example_dags/example_latest_only_with_trigger.py took 1.516 seconds
[2023-04-08T09:06:31.772+0000] {processor.py:153} INFO - Started process (PID=48740) to work on /home/airflow/.local/lib/python3.7/site-packages/airflow/example_dags/example_latest_only_with_trigger.py
[2023-04-08T09:06:31.831+0000] {processor.py:743} INFO - Processing file /home/airflow/.local/lib/python3.7/site-packages/airflow/example_dags/example_latest_only_with_trigger.py for tasks to queue
[2023-04-08T09:06:31.956+0000] {logging_mixin.py:137} INFO - [2023-04-08T09:06:31.954+0000] {dagbag.py:532} INFO - Filling up the DagBag from /home/airflow/.local/lib/python3.7/site-packages/airflow/example_dags/example_latest_only_with_trigger.py
[2023-04-08T09:06:33.289+0000] {processor.py:753} INFO - DAG(s) dict_keys(['latest_only_with_trigger']) retrieved from /home/airflow/.local/lib/python3.7/site-packages/airflow/example_dags/example_latest_only_with_trigger.py
[2023-04-08T09:06:36.429+0000] {logging_mixin.py:137} INFO - [2023-04-08T09:06:36.416+0000] {dag.py:2705} INFO - Sync 1 DAGs
[2023-04-08T09:06:42.675+0000] {logging_mixin.py:137} INFO - [2023-04-08T09:06:42.671+0000] {dag.py:3456} INFO - Setting next_dagrun for latest_only_with_trigger to 2023-04-08T05:06:42.631832+00:00, run_after=2023-04-08T09:06:42.631832+00:00
[2023-04-08T09:06:46.029+0000] {processor.py:175} INFO - Processing /home/airflow/.local/lib/python3.7/site-packages/airflow/example_dags/example_latest_only_with_trigger.py took 14.458 seconds
[2023-04-08T10:09:34.331+0000] {processor.py:153} INFO - Started process (PID=48822) to work on /home/airflow/.local/lib/python3.7/site-packages/airflow/example_dags/example_latest_only_with_trigger.py
[2023-04-08T10:09:34.347+0000] {processor.py:743} INFO - Processing file /home/airflow/.local/lib/python3.7/site-packages/airflow/example_dags/example_latest_only_with_trigger.py for tasks to queue
[2023-04-08T10:09:34.372+0000] {logging_mixin.py:137} INFO - [2023-04-08T10:09:34.371+0000] {dagbag.py:532} INFO - Filling up the DagBag from /home/airflow/.local/lib/python3.7/site-packages/airflow/example_dags/example_latest_only_with_trigger.py
[2023-04-08T10:09:34.491+0000] {processor.py:753} INFO - DAG(s) dict_keys(['latest_only_with_trigger']) retrieved from /home/airflow/.local/lib/python3.7/site-packages/airflow/example_dags/example_latest_only_with_trigger.py
[2023-04-08T10:09:34.706+0000] {logging_mixin.py:137} INFO - [2023-04-08T10:09:34.706+0000] {dag.py:2705} INFO - Sync 1 DAGs
[2023-04-08T10:09:34.882+0000] {logging_mixin.py:137} INFO - [2023-04-08T10:09:34.881+0000] {dag.py:3456} INFO - Setting next_dagrun for latest_only_with_trigger to 2023-04-08T06:09:34.880669+00:00, run_after=2023-04-08T10:09:34.880669+00:00
[2023-04-08T10:09:35.034+0000] {processor.py:175} INFO - Processing /home/airflow/.local/lib/python3.7/site-packages/airflow/example_dags/example_latest_only_with_trigger.py took 0.745 seconds
[2023-04-08T10:10:08.648+0000] {processor.py:153} INFO - Started process (PID=48871) to work on /home/airflow/.local/lib/python3.7/site-packages/airflow/example_dags/example_latest_only_with_trigger.py
[2023-04-08T10:10:08.658+0000] {processor.py:743} INFO - Processing file /home/airflow/.local/lib/python3.7/site-packages/airflow/example_dags/example_latest_only_with_trigger.py for tasks to queue
[2023-04-08T10:10:08.667+0000] {logging_mixin.py:137} INFO - [2023-04-08T10:10:08.667+0000] {dagbag.py:532} INFO - Filling up the DagBag from /home/airflow/.local/lib/python3.7/site-packages/airflow/example_dags/example_latest_only_with_trigger.py
[2023-04-08T10:10:08.781+0000] {processor.py:753} INFO - DAG(s) dict_keys(['latest_only_with_trigger']) retrieved from /home/airflow/.local/lib/python3.7/site-packages/airflow/example_dags/example_latest_only_with_trigger.py
[2023-04-08T10:10:09.104+0000] {logging_mixin.py:137} INFO - [2023-04-08T10:10:09.103+0000] {dag.py:2705} INFO - Sync 1 DAGs
[2023-04-08T10:10:09.453+0000] {logging_mixin.py:137} INFO - [2023-04-08T10:10:09.452+0000] {dag.py:3456} INFO - Setting next_dagrun for latest_only_with_trigger to 2023-04-08T06:10:09.449217+00:00, run_after=2023-04-08T10:10:09.449217+00:00
[2023-04-08T10:10:09.741+0000] {processor.py:175} INFO - Processing /home/airflow/.local/lib/python3.7/site-packages/airflow/example_dags/example_latest_only_with_trigger.py took 1.124 seconds
[2023-04-08T10:10:41.621+0000] {processor.py:153} INFO - Started process (PID=48929) to work on /home/airflow/.local/lib/python3.7/site-packages/airflow/example_dags/example_latest_only_with_trigger.py
[2023-04-08T10:10:41.631+0000] {processor.py:743} INFO - Processing file /home/airflow/.local/lib/python3.7/site-packages/airflow/example_dags/example_latest_only_with_trigger.py for tasks to queue
[2023-04-08T10:10:41.636+0000] {logging_mixin.py:137} INFO - [2023-04-08T10:10:41.635+0000] {dagbag.py:532} INFO - Filling up the DagBag from /home/airflow/.local/lib/python3.7/site-packages/airflow/example_dags/example_latest_only_with_trigger.py
[2023-04-08T10:10:41.776+0000] {processor.py:753} INFO - DAG(s) dict_keys(['latest_only_with_trigger']) retrieved from /home/airflow/.local/lib/python3.7/site-packages/airflow/example_dags/example_latest_only_with_trigger.py
[2023-04-08T10:10:41.973+0000] {logging_mixin.py:137} INFO - [2023-04-08T10:10:41.973+0000] {dag.py:2705} INFO - Sync 1 DAGs
[2023-04-08T10:10:42.154+0000] {logging_mixin.py:137} INFO - [2023-04-08T10:10:42.153+0000] {dag.py:3456} INFO - Setting next_dagrun for latest_only_with_trigger to 2023-04-08T06:10:42.153217+00:00, run_after=2023-04-08T10:10:42.153217+00:00
[2023-04-08T10:10:42.316+0000] {processor.py:175} INFO - Processing /home/airflow/.local/lib/python3.7/site-packages/airflow/example_dags/example_latest_only_with_trigger.py took 0.718 seconds
[2023-04-08T10:11:17.571+0000] {processor.py:153} INFO - Started process (PID=48974) to work on /home/airflow/.local/lib/python3.7/site-packages/airflow/example_dags/example_latest_only_with_trigger.py
[2023-04-08T10:11:17.583+0000] {processor.py:743} INFO - Processing file /home/airflow/.local/lib/python3.7/site-packages/airflow/example_dags/example_latest_only_with_trigger.py for tasks to queue
[2023-04-08T10:11:17.599+0000] {logging_mixin.py:137} INFO - [2023-04-08T10:11:17.598+0000] {dagbag.py:532} INFO - Filling up the DagBag from /home/airflow/.local/lib/python3.7/site-packages/airflow/example_dags/example_latest_only_with_trigger.py
[2023-04-08T10:11:17.666+0000] {processor.py:753} INFO - DAG(s) dict_keys(['latest_only_with_trigger']) retrieved from /home/airflow/.local/lib/python3.7/site-packages/airflow/example_dags/example_latest_only_with_trigger.py
[2023-04-08T10:11:17.858+0000] {logging_mixin.py:137} INFO - [2023-04-08T10:11:17.858+0000] {dag.py:2705} INFO - Sync 1 DAGs
[2023-04-08T10:11:18.015+0000] {logging_mixin.py:137} INFO - [2023-04-08T10:11:18.015+0000] {dag.py:3456} INFO - Setting next_dagrun for latest_only_with_trigger to 2023-04-08T06:11:18.014015+00:00, run_after=2023-04-08T10:11:18.014015+00:00
[2023-04-08T10:11:18.158+0000] {processor.py:175} INFO - Processing /home/airflow/.local/lib/python3.7/site-packages/airflow/example_dags/example_latest_only_with_trigger.py took 0.627 seconds
[2023-04-08T10:12:02.015+0000] {processor.py:153} INFO - Started process (PID=49018) to work on /home/airflow/.local/lib/python3.7/site-packages/airflow/example_dags/example_latest_only_with_trigger.py
[2023-04-08T10:12:02.025+0000] {processor.py:743} INFO - Processing file /home/airflow/.local/lib/python3.7/site-packages/airflow/example_dags/example_latest_only_with_trigger.py for tasks to queue
[2023-04-08T10:12:02.035+0000] {logging_mixin.py:137} INFO - [2023-04-08T10:12:02.034+0000] {dagbag.py:532} INFO - Filling up the DagBag from /home/airflow/.local/lib/python3.7/site-packages/airflow/example_dags/example_latest_only_with_trigger.py
[2023-04-08T10:12:02.080+0000] {processor.py:753} INFO - DAG(s) dict_keys(['latest_only_with_trigger']) retrieved from /home/airflow/.local/lib/python3.7/site-packages/airflow/example_dags/example_latest_only_with_trigger.py
[2023-04-08T10:12:02.292+0000] {logging_mixin.py:137} INFO - [2023-04-08T10:12:02.290+0000] {dag.py:2705} INFO - Sync 1 DAGs
[2023-04-08T10:12:02.545+0000] {logging_mixin.py:137} INFO - [2023-04-08T10:12:02.545+0000] {dag.py:3456} INFO - Setting next_dagrun for latest_only_with_trigger to 2023-04-08T06:12:02.544043+00:00, run_after=2023-04-08T10:12:02.544043+00:00
[2023-04-08T10:12:02.641+0000] {processor.py:175} INFO - Processing /home/airflow/.local/lib/python3.7/site-packages/airflow/example_dags/example_latest_only_with_trigger.py took 0.661 seconds
[2023-04-08T10:12:37.729+0000] {processor.py:153} INFO - Started process (PID=49068) to work on /home/airflow/.local/lib/python3.7/site-packages/airflow/example_dags/example_latest_only_with_trigger.py
[2023-04-08T10:12:37.736+0000] {processor.py:743} INFO - Processing file /home/airflow/.local/lib/python3.7/site-packages/airflow/example_dags/example_latest_only_with_trigger.py for tasks to queue
[2023-04-08T10:12:37.751+0000] {logging_mixin.py:137} INFO - [2023-04-08T10:12:37.743+0000] {dagbag.py:532} INFO - Filling up the DagBag from /home/airflow/.local/lib/python3.7/site-packages/airflow/example_dags/example_latest_only_with_trigger.py
[2023-04-08T10:12:37.902+0000] {processor.py:753} INFO - DAG(s) dict_keys(['latest_only_with_trigger']) retrieved from /home/airflow/.local/lib/python3.7/site-packages/airflow/example_dags/example_latest_only_with_trigger.py
[2023-04-08T10:12:38.167+0000] {logging_mixin.py:137} INFO - [2023-04-08T10:12:38.166+0000] {dag.py:2705} INFO - Sync 1 DAGs
[2023-04-08T10:12:38.531+0000] {logging_mixin.py:137} INFO - [2023-04-08T10:12:38.530+0000] {dag.py:3456} INFO - Setting next_dagrun for latest_only_with_trigger to 2023-04-08T06:12:38.529525+00:00, run_after=2023-04-08T10:12:38.529525+00:00
[2023-04-08T10:12:38.923+0000] {processor.py:175} INFO - Processing /home/airflow/.local/lib/python3.7/site-packages/airflow/example_dags/example_latest_only_with_trigger.py took 1.222 seconds
[2023-04-08T10:13:12.911+0000] {processor.py:153} INFO - Started process (PID=49120) to work on /home/airflow/.local/lib/python3.7/site-packages/airflow/example_dags/example_latest_only_with_trigger.py
[2023-04-08T10:13:12.916+0000] {processor.py:743} INFO - Processing file /home/airflow/.local/lib/python3.7/site-packages/airflow/example_dags/example_latest_only_with_trigger.py for tasks to queue
[2023-04-08T10:13:12.924+0000] {logging_mixin.py:137} INFO - [2023-04-08T10:13:12.923+0000] {dagbag.py:532} INFO - Filling up the DagBag from /home/airflow/.local/lib/python3.7/site-packages/airflow/example_dags/example_latest_only_with_trigger.py
[2023-04-08T10:13:13.497+0000] {processor.py:753} INFO - DAG(s) dict_keys(['latest_only_with_trigger']) retrieved from /home/airflow/.local/lib/python3.7/site-packages/airflow/example_dags/example_latest_only_with_trigger.py
[2023-04-08T10:13:15.251+0000] {logging_mixin.py:137} INFO - [2023-04-08T10:13:15.246+0000] {dag.py:2705} INFO - Sync 1 DAGs
[2023-04-08T10:13:15.614+0000] {logging_mixin.py:137} INFO - [2023-04-08T10:13:15.613+0000] {dag.py:3456} INFO - Setting next_dagrun for latest_only_with_trigger to 2023-04-08T06:13:15.611146+00:00, run_after=2023-04-08T10:13:15.611146+00:00
[2023-04-08T10:13:15.894+0000] {processor.py:175} INFO - Processing /home/airflow/.local/lib/python3.7/site-packages/airflow/example_dags/example_latest_only_with_trigger.py took 3.025 seconds
[2023-04-08T10:13:54.250+0000] {processor.py:153} INFO - Started process (PID=49155) to work on /home/airflow/.local/lib/python3.7/site-packages/airflow/example_dags/example_latest_only_with_trigger.py
[2023-04-08T10:13:54.262+0000] {processor.py:743} INFO - Processing file /home/airflow/.local/lib/python3.7/site-packages/airflow/example_dags/example_latest_only_with_trigger.py for tasks to queue
[2023-04-08T10:13:54.269+0000] {logging_mixin.py:137} INFO - [2023-04-08T10:13:54.269+0000] {dagbag.py:532} INFO - Filling up the DagBag from /home/airflow/.local/lib/python3.7/site-packages/airflow/example_dags/example_latest_only_with_trigger.py
[2023-04-08T10:13:54.345+0000] {processor.py:753} INFO - DAG(s) dict_keys(['latest_only_with_trigger']) retrieved from /home/airflow/.local/lib/python3.7/site-packages/airflow/example_dags/example_latest_only_with_trigger.py
[2023-04-08T10:13:54.667+0000] {logging_mixin.py:137} INFO - [2023-04-08T10:13:54.666+0000] {dag.py:2705} INFO - Sync 1 DAGs
[2023-04-08T10:13:54.952+0000] {logging_mixin.py:137} INFO - [2023-04-08T10:13:54.950+0000] {dag.py:3456} INFO - Setting next_dagrun for latest_only_with_trigger to 2023-04-08T06:13:54.936558+00:00, run_after=2023-04-08T10:13:54.936558+00:00
[2023-04-08T10:13:55.884+0000] {processor.py:175} INFO - Processing /home/airflow/.local/lib/python3.7/site-packages/airflow/example_dags/example_latest_only_with_trigger.py took 1.685 seconds
[2023-04-08T10:14:44.632+0000] {processor.py:153} INFO - Started process (PID=49207) to work on /home/airflow/.local/lib/python3.7/site-packages/airflow/example_dags/example_latest_only_with_trigger.py
[2023-04-08T10:14:44.764+0000] {processor.py:743} INFO - Processing file /home/airflow/.local/lib/python3.7/site-packages/airflow/example_dags/example_latest_only_with_trigger.py for tasks to queue
[2023-04-08T10:14:44.772+0000] {logging_mixin.py:137} INFO - [2023-04-08T10:14:44.771+0000] {dagbag.py:532} INFO - Filling up the DagBag from /home/airflow/.local/lib/python3.7/site-packages/airflow/example_dags/example_latest_only_with_trigger.py
[2023-04-08T10:14:44.910+0000] {processor.py:753} INFO - DAG(s) dict_keys(['latest_only_with_trigger']) retrieved from /home/airflow/.local/lib/python3.7/site-packages/airflow/example_dags/example_latest_only_with_trigger.py
[2023-04-08T10:14:45.429+0000] {logging_mixin.py:137} INFO - [2023-04-08T10:14:45.407+0000] {dag.py:2705} INFO - Sync 1 DAGs
[2023-04-08T10:14:45.767+0000] {logging_mixin.py:137} INFO - [2023-04-08T10:14:45.766+0000] {dag.py:3456} INFO - Setting next_dagrun for latest_only_with_trigger to 2023-04-08T06:14:45.765553+00:00, run_after=2023-04-08T10:14:45.765553+00:00
[2023-04-08T10:14:46.007+0000] {processor.py:175} INFO - Processing /home/airflow/.local/lib/python3.7/site-packages/airflow/example_dags/example_latest_only_with_trigger.py took 1.444 seconds
[2023-04-08T10:15:21.586+0000] {processor.py:153} INFO - Started process (PID=49268) to work on /home/airflow/.local/lib/python3.7/site-packages/airflow/example_dags/example_latest_only_with_trigger.py
[2023-04-08T10:15:21.597+0000] {processor.py:743} INFO - Processing file /home/airflow/.local/lib/python3.7/site-packages/airflow/example_dags/example_latest_only_with_trigger.py for tasks to queue
[2023-04-08T10:15:21.620+0000] {logging_mixin.py:137} INFO - [2023-04-08T10:15:21.619+0000] {dagbag.py:532} INFO - Filling up the DagBag from /home/airflow/.local/lib/python3.7/site-packages/airflow/example_dags/example_latest_only_with_trigger.py
[2023-04-08T10:15:21.720+0000] {processor.py:753} INFO - DAG(s) dict_keys(['latest_only_with_trigger']) retrieved from /home/airflow/.local/lib/python3.7/site-packages/airflow/example_dags/example_latest_only_with_trigger.py
[2023-04-08T10:15:22.136+0000] {logging_mixin.py:137} INFO - [2023-04-08T10:15:22.136+0000] {dag.py:2705} INFO - Sync 1 DAGs
[2023-04-08T10:15:22.392+0000] {logging_mixin.py:137} INFO - [2023-04-08T10:15:22.390+0000] {dag.py:3456} INFO - Setting next_dagrun for latest_only_with_trigger to 2023-04-08T06:15:22.387291+00:00, run_after=2023-04-08T10:15:22.387291+00:00
[2023-04-08T10:15:22.533+0000] {processor.py:175} INFO - Processing /home/airflow/.local/lib/python3.7/site-packages/airflow/example_dags/example_latest_only_with_trigger.py took 1.026 seconds
[2023-04-08T10:15:57.793+0000] {processor.py:153} INFO - Started process (PID=49314) to work on /home/airflow/.local/lib/python3.7/site-packages/airflow/example_dags/example_latest_only_with_trigger.py
[2023-04-08T10:15:57.812+0000] {processor.py:743} INFO - Processing file /home/airflow/.local/lib/python3.7/site-packages/airflow/example_dags/example_latest_only_with_trigger.py for tasks to queue
[2023-04-08T10:15:57.828+0000] {logging_mixin.py:137} INFO - [2023-04-08T10:15:57.825+0000] {dagbag.py:532} INFO - Filling up the DagBag from /home/airflow/.local/lib/python3.7/site-packages/airflow/example_dags/example_latest_only_with_trigger.py
[2023-04-08T10:15:57.942+0000] {processor.py:753} INFO - DAG(s) dict_keys(['latest_only_with_trigger']) retrieved from /home/airflow/.local/lib/python3.7/site-packages/airflow/example_dags/example_latest_only_with_trigger.py
[2023-04-08T10:15:58.166+0000] {logging_mixin.py:137} INFO - [2023-04-08T10:15:58.165+0000] {dag.py:2705} INFO - Sync 1 DAGs
[2023-04-08T10:15:58.414+0000] {logging_mixin.py:137} INFO - [2023-04-08T10:15:58.413+0000] {dag.py:3456} INFO - Setting next_dagrun for latest_only_with_trigger to 2023-04-08T06:15:58.412068+00:00, run_after=2023-04-08T10:15:58.412068+00:00
[2023-04-08T10:15:58.670+0000] {processor.py:175} INFO - Processing /home/airflow/.local/lib/python3.7/site-packages/airflow/example_dags/example_latest_only_with_trigger.py took 0.898 seconds
[2023-04-08T10:16:29.158+0000] {processor.py:153} INFO - Started process (PID=49364) to work on /home/airflow/.local/lib/python3.7/site-packages/airflow/example_dags/example_latest_only_with_trigger.py
[2023-04-08T10:16:29.166+0000] {processor.py:743} INFO - Processing file /home/airflow/.local/lib/python3.7/site-packages/airflow/example_dags/example_latest_only_with_trigger.py for tasks to queue
[2023-04-08T10:16:29.169+0000] {logging_mixin.py:137} INFO - [2023-04-08T10:16:29.168+0000] {dagbag.py:532} INFO - Filling up the DagBag from /home/airflow/.local/lib/python3.7/site-packages/airflow/example_dags/example_latest_only_with_trigger.py
[2023-04-08T10:16:29.212+0000] {processor.py:753} INFO - DAG(s) dict_keys(['latest_only_with_trigger']) retrieved from /home/airflow/.local/lib/python3.7/site-packages/airflow/example_dags/example_latest_only_with_trigger.py
[2023-04-08T10:16:29.458+0000] {logging_mixin.py:137} INFO - [2023-04-08T10:16:29.458+0000] {dag.py:2705} INFO - Sync 1 DAGs
[2023-04-08T10:16:29.604+0000] {logging_mixin.py:137} INFO - [2023-04-08T10:16:29.604+0000] {dag.py:3456} INFO - Setting next_dagrun for latest_only_with_trigger to 2023-04-08T06:16:29.603581+00:00, run_after=2023-04-08T10:16:29.603581+00:00
[2023-04-08T10:16:29.694+0000] {processor.py:175} INFO - Processing /home/airflow/.local/lib/python3.7/site-packages/airflow/example_dags/example_latest_only_with_trigger.py took 0.573 seconds
[2023-04-08T10:16:59.847+0000] {processor.py:153} INFO - Started process (PID=49431) to work on /home/airflow/.local/lib/python3.7/site-packages/airflow/example_dags/example_latest_only_with_trigger.py
[2023-04-08T10:16:59.850+0000] {processor.py:743} INFO - Processing file /home/airflow/.local/lib/python3.7/site-packages/airflow/example_dags/example_latest_only_with_trigger.py for tasks to queue
[2023-04-08T10:16:59.852+0000] {logging_mixin.py:137} INFO - [2023-04-08T10:16:59.852+0000] {dagbag.py:532} INFO - Filling up the DagBag from /home/airflow/.local/lib/python3.7/site-packages/airflow/example_dags/example_latest_only_with_trigger.py
[2023-04-08T10:16:59.866+0000] {processor.py:753} INFO - DAG(s) dict_keys(['latest_only_with_trigger']) retrieved from /home/airflow/.local/lib/python3.7/site-packages/airflow/example_dags/example_latest_only_with_trigger.py
[2023-04-08T10:16:59.909+0000] {logging_mixin.py:137} INFO - [2023-04-08T10:16:59.909+0000] {dag.py:2705} INFO - Sync 1 DAGs
[2023-04-08T10:16:59.949+0000] {logging_mixin.py:137} INFO - [2023-04-08T10:16:59.948+0000] {dag.py:3456} INFO - Setting next_dagrun for latest_only_with_trigger to 2023-04-08T06:16:59.948461+00:00, run_after=2023-04-08T10:16:59.948461+00:00
[2023-04-08T10:16:59.977+0000] {processor.py:175} INFO - Processing /home/airflow/.local/lib/python3.7/site-packages/airflow/example_dags/example_latest_only_with_trigger.py took 0.136 seconds
[2023-04-08T10:17:30.056+0000] {processor.py:153} INFO - Started process (PID=49482) to work on /home/airflow/.local/lib/python3.7/site-packages/airflow/example_dags/example_latest_only_with_trigger.py
[2023-04-08T10:17:30.059+0000] {processor.py:743} INFO - Processing file /home/airflow/.local/lib/python3.7/site-packages/airflow/example_dags/example_latest_only_with_trigger.py for tasks to queue
[2023-04-08T10:17:30.061+0000] {logging_mixin.py:137} INFO - [2023-04-08T10:17:30.061+0000] {dagbag.py:532} INFO - Filling up the DagBag from /home/airflow/.local/lib/python3.7/site-packages/airflow/example_dags/example_latest_only_with_trigger.py
[2023-04-08T10:17:30.078+0000] {processor.py:753} INFO - DAG(s) dict_keys(['latest_only_with_trigger']) retrieved from /home/airflow/.local/lib/python3.7/site-packages/airflow/example_dags/example_latest_only_with_trigger.py
[2023-04-08T10:17:30.124+0000] {logging_mixin.py:137} INFO - [2023-04-08T10:17:30.124+0000] {dag.py:2705} INFO - Sync 1 DAGs
[2023-04-08T10:17:30.163+0000] {logging_mixin.py:137} INFO - [2023-04-08T10:17:30.162+0000] {dag.py:3456} INFO - Setting next_dagrun for latest_only_with_trigger to 2023-04-08T06:17:30.162555+00:00, run_after=2023-04-08T10:17:30.162555+00:00
[2023-04-08T10:17:30.195+0000] {processor.py:175} INFO - Processing /home/airflow/.local/lib/python3.7/site-packages/airflow/example_dags/example_latest_only_with_trigger.py took 0.145 seconds
[2023-04-08T10:18:00.278+0000] {processor.py:153} INFO - Started process (PID=49533) to work on /home/airflow/.local/lib/python3.7/site-packages/airflow/example_dags/example_latest_only_with_trigger.py
[2023-04-08T10:18:00.281+0000] {processor.py:743} INFO - Processing file /home/airflow/.local/lib/python3.7/site-packages/airflow/example_dags/example_latest_only_with_trigger.py for tasks to queue
[2023-04-08T10:18:00.284+0000] {logging_mixin.py:137} INFO - [2023-04-08T10:18:00.284+0000] {dagbag.py:532} INFO - Filling up the DagBag from /home/airflow/.local/lib/python3.7/site-packages/airflow/example_dags/example_latest_only_with_trigger.py
[2023-04-08T10:18:00.302+0000] {processor.py:753} INFO - DAG(s) dict_keys(['latest_only_with_trigger']) retrieved from /home/airflow/.local/lib/python3.7/site-packages/airflow/example_dags/example_latest_only_with_trigger.py
[2023-04-08T10:18:00.348+0000] {logging_mixin.py:137} INFO - [2023-04-08T10:18:00.348+0000] {dag.py:2705} INFO - Sync 1 DAGs
[2023-04-08T10:18:00.384+0000] {logging_mixin.py:137} INFO - [2023-04-08T10:18:00.384+0000] {dag.py:3456} INFO - Setting next_dagrun for latest_only_with_trigger to 2023-04-08T06:18:00.384185+00:00, run_after=2023-04-08T10:18:00.384185+00:00
[2023-04-08T10:18:00.414+0000] {processor.py:175} INFO - Processing /home/airflow/.local/lib/python3.7/site-packages/airflow/example_dags/example_latest_only_with_trigger.py took 0.142 seconds
[2023-04-08T10:18:30.577+0000] {processor.py:153} INFO - Started process (PID=49584) to work on /home/airflow/.local/lib/python3.7/site-packages/airflow/example_dags/example_latest_only_with_trigger.py
[2023-04-08T10:18:30.579+0000] {processor.py:743} INFO - Processing file /home/airflow/.local/lib/python3.7/site-packages/airflow/example_dags/example_latest_only_with_trigger.py for tasks to queue
[2023-04-08T10:18:30.581+0000] {logging_mixin.py:137} INFO - [2023-04-08T10:18:30.581+0000] {dagbag.py:532} INFO - Filling up the DagBag from /home/airflow/.local/lib/python3.7/site-packages/airflow/example_dags/example_latest_only_with_trigger.py
[2023-04-08T10:18:30.599+0000] {processor.py:753} INFO - DAG(s) dict_keys(['latest_only_with_trigger']) retrieved from /home/airflow/.local/lib/python3.7/site-packages/airflow/example_dags/example_latest_only_with_trigger.py
[2023-04-08T10:18:30.641+0000] {logging_mixin.py:137} INFO - [2023-04-08T10:18:30.640+0000] {dag.py:2705} INFO - Sync 1 DAGs
[2023-04-08T10:18:30.676+0000] {logging_mixin.py:137} INFO - [2023-04-08T10:18:30.676+0000] {dag.py:3456} INFO - Setting next_dagrun for latest_only_with_trigger to 2023-04-08T06:18:30.676196+00:00, run_after=2023-04-08T10:18:30.676196+00:00
[2023-04-08T10:18:30.704+0000] {processor.py:175} INFO - Processing /home/airflow/.local/lib/python3.7/site-packages/airflow/example_dags/example_latest_only_with_trigger.py took 0.133 seconds
