[2023-04-08T07:06:16.209+0000] {processor.py:153} INFO - Started process (PID=48310) to work on /home/airflow/.local/lib/python3.7/site-packages/airflow/example_dags/example_external_task_marker_dag.py
[2023-04-08T07:06:16.241+0000] {processor.py:743} INFO - Processing file /home/airflow/.local/lib/python3.7/site-packages/airflow/example_dags/example_external_task_marker_dag.py for tasks to queue
[2023-04-08T07:06:16.324+0000] {logging_mixin.py:137} INFO - [2023-04-08T07:06:16.313+0000] {dagbag.py:532} INFO - Filling up the DagBag from /home/airflow/.local/lib/python3.7/site-packages/airflow/example_dags/example_external_task_marker_dag.py
[2023-04-08T07:06:16.975+0000] {processor.py:753} INFO - DAG(s) dict_keys(['example_external_task_marker_child', 'example_external_task_marker_parent']) retrieved from /home/airflow/.local/lib/python3.7/site-packages/airflow/example_dags/example_external_task_marker_dag.py
[2023-04-08T07:06:17.997+0000] {logging_mixin.py:137} INFO - [2023-04-08T07:06:17.997+0000] {dag.py:2705} INFO - Sync 2 DAGs
[2023-04-08T07:06:18.908+0000] {logging_mixin.py:137} INFO - [2023-04-08T07:06:18.907+0000] {dag.py:3456} INFO - Setting next_dagrun for example_external_task_marker_child to None, run_after=None
[2023-04-08T07:06:19.100+0000] {logging_mixin.py:137} INFO - [2023-04-08T07:06:19.098+0000] {dag.py:3456} INFO - Setting next_dagrun for example_external_task_marker_parent to None, run_after=None
[2023-04-08T07:06:19.408+0000] {processor.py:175} INFO - Processing /home/airflow/.local/lib/python3.7/site-packages/airflow/example_dags/example_external_task_marker_dag.py took 3.402 seconds
[2023-04-08T07:06:55.384+0000] {processor.py:153} INFO - Started process (PID=48365) to work on /home/airflow/.local/lib/python3.7/site-packages/airflow/example_dags/example_external_task_marker_dag.py
[2023-04-08T07:06:55.392+0000] {processor.py:743} INFO - Processing file /home/airflow/.local/lib/python3.7/site-packages/airflow/example_dags/example_external_task_marker_dag.py for tasks to queue
[2023-04-08T07:06:55.406+0000] {logging_mixin.py:137} INFO - [2023-04-08T07:06:55.404+0000] {dagbag.py:532} INFO - Filling up the DagBag from /home/airflow/.local/lib/python3.7/site-packages/airflow/example_dags/example_external_task_marker_dag.py
[2023-04-08T07:06:55.493+0000] {processor.py:753} INFO - DAG(s) dict_keys(['example_external_task_marker_parent', 'example_external_task_marker_child']) retrieved from /home/airflow/.local/lib/python3.7/site-packages/airflow/example_dags/example_external_task_marker_dag.py
[2023-04-08T07:06:55.765+0000] {logging_mixin.py:137} INFO - [2023-04-08T07:06:55.765+0000] {dag.py:2705} INFO - Sync 2 DAGs
[2023-04-08T07:06:56.057+0000] {logging_mixin.py:137} INFO - [2023-04-08T07:06:56.057+0000] {dag.py:3456} INFO - Setting next_dagrun for example_external_task_marker_child to None, run_after=None
[2023-04-08T07:06:56.093+0000] {logging_mixin.py:137} INFO - [2023-04-08T07:06:56.092+0000] {dag.py:3456} INFO - Setting next_dagrun for example_external_task_marker_parent to None, run_after=None
[2023-04-08T07:06:56.500+0000] {processor.py:175} INFO - Processing /home/airflow/.local/lib/python3.7/site-packages/airflow/example_dags/example_external_task_marker_dag.py took 1.173 seconds
[2023-04-08T07:07:34.509+0000] {processor.py:153} INFO - Started process (PID=48414) to work on /home/airflow/.local/lib/python3.7/site-packages/airflow/example_dags/example_external_task_marker_dag.py
[2023-04-08T07:07:34.519+0000] {processor.py:743} INFO - Processing file /home/airflow/.local/lib/python3.7/site-packages/airflow/example_dags/example_external_task_marker_dag.py for tasks to queue
[2023-04-08T07:07:34.526+0000] {logging_mixin.py:137} INFO - [2023-04-08T07:07:34.525+0000] {dagbag.py:532} INFO - Filling up the DagBag from /home/airflow/.local/lib/python3.7/site-packages/airflow/example_dags/example_external_task_marker_dag.py
[2023-04-08T07:07:34.559+0000] {processor.py:753} INFO - DAG(s) dict_keys(['example_external_task_marker_parent', 'example_external_task_marker_child']) retrieved from /home/airflow/.local/lib/python3.7/site-packages/airflow/example_dags/example_external_task_marker_dag.py
[2023-04-08T07:07:34.835+0000] {logging_mixin.py:137} INFO - [2023-04-08T07:07:34.835+0000] {dag.py:2705} INFO - Sync 2 DAGs
[2023-04-08T07:07:34.983+0000] {logging_mixin.py:137} INFO - [2023-04-08T07:07:34.982+0000] {dag.py:3456} INFO - Setting next_dagrun for example_external_task_marker_child to None, run_after=None
[2023-04-08T07:07:35.029+0000] {logging_mixin.py:137} INFO - [2023-04-08T07:07:35.022+0000] {dag.py:3456} INFO - Setting next_dagrun for example_external_task_marker_parent to None, run_after=None
[2023-04-08T07:07:35.586+0000] {processor.py:175} INFO - Processing /home/airflow/.local/lib/python3.7/site-packages/airflow/example_dags/example_external_task_marker_dag.py took 1.091 seconds
[2023-04-08T07:08:07.749+0000] {processor.py:153} INFO - Started process (PID=48464) to work on /home/airflow/.local/lib/python3.7/site-packages/airflow/example_dags/example_external_task_marker_dag.py
[2023-04-08T07:08:07.763+0000] {processor.py:743} INFO - Processing file /home/airflow/.local/lib/python3.7/site-packages/airflow/example_dags/example_external_task_marker_dag.py for tasks to queue
[2023-04-08T07:08:07.772+0000] {logging_mixin.py:137} INFO - [2023-04-08T07:08:07.771+0000] {dagbag.py:532} INFO - Filling up the DagBag from /home/airflow/.local/lib/python3.7/site-packages/airflow/example_dags/example_external_task_marker_dag.py
[2023-04-08T07:08:07.840+0000] {processor.py:753} INFO - DAG(s) dict_keys(['example_external_task_marker_child', 'example_external_task_marker_parent']) retrieved from /home/airflow/.local/lib/python3.7/site-packages/airflow/example_dags/example_external_task_marker_dag.py
[2023-04-08T07:08:08.069+0000] {logging_mixin.py:137} INFO - [2023-04-08T07:08:08.068+0000] {dag.py:2705} INFO - Sync 2 DAGs
[2023-04-08T07:08:08.480+0000] {logging_mixin.py:137} INFO - [2023-04-08T07:08:08.480+0000] {dag.py:3456} INFO - Setting next_dagrun for example_external_task_marker_child to None, run_after=None
[2023-04-08T07:08:08.525+0000] {logging_mixin.py:137} INFO - [2023-04-08T07:08:08.524+0000] {dag.py:3456} INFO - Setting next_dagrun for example_external_task_marker_parent to None, run_after=None
[2023-04-08T07:08:09.183+0000] {processor.py:175} INFO - Processing /home/airflow/.local/lib/python3.7/site-packages/airflow/example_dags/example_external_task_marker_dag.py took 1.495 seconds
[2023-04-08T07:08:48.079+0000] {processor.py:153} INFO - Started process (PID=48514) to work on /home/airflow/.local/lib/python3.7/site-packages/airflow/example_dags/example_external_task_marker_dag.py
[2023-04-08T07:08:48.087+0000] {processor.py:743} INFO - Processing file /home/airflow/.local/lib/python3.7/site-packages/airflow/example_dags/example_external_task_marker_dag.py for tasks to queue
[2023-04-08T07:08:48.096+0000] {logging_mixin.py:137} INFO - [2023-04-08T07:08:48.095+0000] {dagbag.py:532} INFO - Filling up the DagBag from /home/airflow/.local/lib/python3.7/site-packages/airflow/example_dags/example_external_task_marker_dag.py
[2023-04-08T07:08:48.130+0000] {processor.py:753} INFO - DAG(s) dict_keys(['example_external_task_marker_parent', 'example_external_task_marker_child']) retrieved from /home/airflow/.local/lib/python3.7/site-packages/airflow/example_dags/example_external_task_marker_dag.py
[2023-04-08T07:08:48.226+0000] {logging_mixin.py:137} INFO - [2023-04-08T07:08:48.226+0000] {dag.py:2705} INFO - Sync 2 DAGs
[2023-04-08T07:08:48.299+0000] {logging_mixin.py:137} INFO - [2023-04-08T07:08:48.298+0000] {dag.py:3456} INFO - Setting next_dagrun for example_external_task_marker_child to None, run_after=None
[2023-04-08T07:08:48.311+0000] {logging_mixin.py:137} INFO - [2023-04-08T07:08:48.311+0000] {dag.py:3456} INFO - Setting next_dagrun for example_external_task_marker_parent to None, run_after=None
[2023-04-08T07:08:48.382+0000] {processor.py:175} INFO - Processing /home/airflow/.local/lib/python3.7/site-packages/airflow/example_dags/example_external_task_marker_dag.py took 0.313 seconds
[2023-04-08T07:09:21.081+0000] {processor.py:153} INFO - Started process (PID=48567) to work on /home/airflow/.local/lib/python3.7/site-packages/airflow/example_dags/example_external_task_marker_dag.py
[2023-04-08T07:09:21.095+0000] {processor.py:743} INFO - Processing file /home/airflow/.local/lib/python3.7/site-packages/airflow/example_dags/example_external_task_marker_dag.py for tasks to queue
[2023-04-08T07:09:21.105+0000] {logging_mixin.py:137} INFO - [2023-04-08T07:09:21.104+0000] {dagbag.py:532} INFO - Filling up the DagBag from /home/airflow/.local/lib/python3.7/site-packages/airflow/example_dags/example_external_task_marker_dag.py
[2023-04-08T07:09:21.167+0000] {processor.py:753} INFO - DAG(s) dict_keys(['example_external_task_marker_parent', 'example_external_task_marker_child']) retrieved from /home/airflow/.local/lib/python3.7/site-packages/airflow/example_dags/example_external_task_marker_dag.py
[2023-04-08T07:09:21.364+0000] {logging_mixin.py:137} INFO - [2023-04-08T07:09:21.363+0000] {dag.py:2705} INFO - Sync 2 DAGs
[2023-04-08T07:09:21.475+0000] {logging_mixin.py:137} INFO - [2023-04-08T07:09:21.474+0000] {dag.py:3456} INFO - Setting next_dagrun for example_external_task_marker_child to None, run_after=None
[2023-04-08T07:09:21.503+0000] {logging_mixin.py:137} INFO - [2023-04-08T07:09:21.503+0000] {dag.py:3456} INFO - Setting next_dagrun for example_external_task_marker_parent to None, run_after=None
[2023-04-08T07:09:21.589+0000] {processor.py:175} INFO - Processing /home/airflow/.local/lib/python3.7/site-packages/airflow/example_dags/example_external_task_marker_dag.py took 0.547 seconds
[2023-04-08T08:06:14.253+0000] {processor.py:153} INFO - Started process (PID=48613) to work on /home/airflow/.local/lib/python3.7/site-packages/airflow/example_dags/example_external_task_marker_dag.py
[2023-04-08T08:06:14.589+0000] {processor.py:743} INFO - Processing file /home/airflow/.local/lib/python3.7/site-packages/airflow/example_dags/example_external_task_marker_dag.py for tasks to queue
[2023-04-08T08:06:15.922+0000] {logging_mixin.py:137} INFO - [2023-04-08T08:06:15.855+0000] {dagbag.py:532} INFO - Filling up the DagBag from /home/airflow/.local/lib/python3.7/site-packages/airflow/example_dags/example_external_task_marker_dag.py
[2023-04-08T08:06:23.007+0000] {processor.py:753} INFO - DAG(s) dict_keys(['example_external_task_marker_parent', 'example_external_task_marker_child']) retrieved from /home/airflow/.local/lib/python3.7/site-packages/airflow/example_dags/example_external_task_marker_dag.py
[2023-04-08T08:06:30.683+0000] {logging_mixin.py:137} INFO - [2023-04-08T08:06:30.667+0000] {dag.py:2705} INFO - Sync 2 DAGs
[2023-04-08T08:07:39.427+0000] {processor.py:153} INFO - Started process (PID=48679) to work on /home/airflow/.local/lib/python3.7/site-packages/airflow/example_dags/example_external_task_marker_dag.py
[2023-04-08T08:07:39.439+0000] {processor.py:743} INFO - Processing file /home/airflow/.local/lib/python3.7/site-packages/airflow/example_dags/example_external_task_marker_dag.py for tasks to queue
[2023-04-08T08:07:39.443+0000] {logging_mixin.py:137} INFO - [2023-04-08T08:07:39.442+0000] {dagbag.py:532} INFO - Filling up the DagBag from /home/airflow/.local/lib/python3.7/site-packages/airflow/example_dags/example_external_task_marker_dag.py
[2023-04-08T08:07:39.468+0000] {processor.py:753} INFO - DAG(s) dict_keys(['example_external_task_marker_parent', 'example_external_task_marker_child']) retrieved from /home/airflow/.local/lib/python3.7/site-packages/airflow/example_dags/example_external_task_marker_dag.py
[2023-04-08T08:07:40.636+0000] {logging_mixin.py:137} INFO - [2023-04-08T08:07:40.635+0000] {dag.py:2705} INFO - Sync 2 DAGs
[2023-04-08T08:07:40.945+0000] {logging_mixin.py:137} INFO - [2023-04-08T08:07:40.944+0000] {dag.py:3456} INFO - Setting next_dagrun for example_external_task_marker_child to None, run_after=None
[2023-04-08T08:07:41.008+0000] {logging_mixin.py:137} INFO - [2023-04-08T08:07:41.008+0000] {dag.py:3456} INFO - Setting next_dagrun for example_external_task_marker_parent to None, run_after=None
[2023-04-08T08:07:41.153+0000] {processor.py:175} INFO - Processing /home/airflow/.local/lib/python3.7/site-packages/airflow/example_dags/example_external_task_marker_dag.py took 1.731 seconds
[2023-04-08T09:06:15.546+0000] {processor.py:153} INFO - Started process (PID=48738) to work on /home/airflow/.local/lib/python3.7/site-packages/airflow/example_dags/example_external_task_marker_dag.py
[2023-04-08T09:06:15.816+0000] {processor.py:743} INFO - Processing file /home/airflow/.local/lib/python3.7/site-packages/airflow/example_dags/example_external_task_marker_dag.py for tasks to queue
[2023-04-08T09:06:15.944+0000] {logging_mixin.py:137} INFO - [2023-04-08T09:06:15.938+0000] {dagbag.py:532} INFO - Filling up the DagBag from /home/airflow/.local/lib/python3.7/site-packages/airflow/example_dags/example_external_task_marker_dag.py
[2023-04-08T09:06:17.362+0000] {processor.py:753} INFO - DAG(s) dict_keys(['example_external_task_marker_parent', 'example_external_task_marker_child']) retrieved from /home/airflow/.local/lib/python3.7/site-packages/airflow/example_dags/example_external_task_marker_dag.py
[2023-04-08T09:06:23.517+0000] {logging_mixin.py:137} INFO - [2023-04-08T09:06:23.392+0000] {dag.py:2705} INFO - Sync 2 DAGs
[2023-04-08T09:06:28.250+0000] {logging_mixin.py:137} INFO - [2023-04-08T09:06:28.232+0000] {dag.py:3456} INFO - Setting next_dagrun for example_external_task_marker_child to None, run_after=None
[2023-04-08T09:06:28.515+0000] {logging_mixin.py:137} INFO - [2023-04-08T09:06:28.513+0000] {dag.py:3456} INFO - Setting next_dagrun for example_external_task_marker_parent to None, run_after=None
[2023-04-08T09:06:29.306+0000] {processor.py:175} INFO - Processing /home/airflow/.local/lib/python3.7/site-packages/airflow/example_dags/example_external_task_marker_dag.py took 15.540 seconds
[2023-04-08T10:09:30.950+0000] {processor.py:153} INFO - Started process (PID=48813) to work on /home/airflow/.local/lib/python3.7/site-packages/airflow/example_dags/example_external_task_marker_dag.py
[2023-04-08T10:09:30.966+0000] {processor.py:743} INFO - Processing file /home/airflow/.local/lib/python3.7/site-packages/airflow/example_dags/example_external_task_marker_dag.py for tasks to queue
[2023-04-08T10:09:30.987+0000] {logging_mixin.py:137} INFO - [2023-04-08T10:09:30.986+0000] {dagbag.py:532} INFO - Filling up the DagBag from /home/airflow/.local/lib/python3.7/site-packages/airflow/example_dags/example_external_task_marker_dag.py
[2023-04-08T10:09:31.162+0000] {processor.py:753} INFO - DAG(s) dict_keys(['example_external_task_marker_parent', 'example_external_task_marker_child']) retrieved from /home/airflow/.local/lib/python3.7/site-packages/airflow/example_dags/example_external_task_marker_dag.py
[2023-04-08T10:09:31.775+0000] {logging_mixin.py:137} INFO - [2023-04-08T10:09:31.774+0000] {dag.py:2705} INFO - Sync 2 DAGs
[2023-04-08T10:09:32.096+0000] {logging_mixin.py:137} INFO - [2023-04-08T10:09:32.095+0000] {dag.py:3456} INFO - Setting next_dagrun for example_external_task_marker_child to None, run_after=None
[2023-04-08T10:09:32.124+0000] {logging_mixin.py:137} INFO - [2023-04-08T10:09:32.124+0000] {dag.py:3456} INFO - Setting next_dagrun for example_external_task_marker_parent to None, run_after=None
[2023-04-08T10:09:32.297+0000] {processor.py:175} INFO - Processing /home/airflow/.local/lib/python3.7/site-packages/airflow/example_dags/example_external_task_marker_dag.py took 1.382 seconds
[2023-04-08T10:10:04.887+0000] {processor.py:153} INFO - Started process (PID=48864) to work on /home/airflow/.local/lib/python3.7/site-packages/airflow/example_dags/example_external_task_marker_dag.py
[2023-04-08T10:10:04.899+0000] {processor.py:743} INFO - Processing file /home/airflow/.local/lib/python3.7/site-packages/airflow/example_dags/example_external_task_marker_dag.py for tasks to queue
[2023-04-08T10:10:04.908+0000] {logging_mixin.py:137} INFO - [2023-04-08T10:10:04.907+0000] {dagbag.py:532} INFO - Filling up the DagBag from /home/airflow/.local/lib/python3.7/site-packages/airflow/example_dags/example_external_task_marker_dag.py
[2023-04-08T10:10:04.964+0000] {processor.py:753} INFO - DAG(s) dict_keys(['example_external_task_marker_parent', 'example_external_task_marker_child']) retrieved from /home/airflow/.local/lib/python3.7/site-packages/airflow/example_dags/example_external_task_marker_dag.py
[2023-04-08T10:10:05.362+0000] {logging_mixin.py:137} INFO - [2023-04-08T10:10:05.357+0000] {dag.py:2705} INFO - Sync 2 DAGs
[2023-04-08T10:10:05.626+0000] {logging_mixin.py:137} INFO - [2023-04-08T10:10:05.625+0000] {dag.py:3456} INFO - Setting next_dagrun for example_external_task_marker_child to None, run_after=None
[2023-04-08T10:10:05.681+0000] {logging_mixin.py:137} INFO - [2023-04-08T10:10:05.681+0000] {dag.py:3456} INFO - Setting next_dagrun for example_external_task_marker_parent to None, run_after=None
[2023-04-08T10:10:05.768+0000] {processor.py:175} INFO - Processing /home/airflow/.local/lib/python3.7/site-packages/airflow/example_dags/example_external_task_marker_dag.py took 0.906 seconds
[2023-04-08T10:10:38.020+0000] {processor.py:153} INFO - Started process (PID=48920) to work on /home/airflow/.local/lib/python3.7/site-packages/airflow/example_dags/example_external_task_marker_dag.py
[2023-04-08T10:10:38.023+0000] {processor.py:743} INFO - Processing file /home/airflow/.local/lib/python3.7/site-packages/airflow/example_dags/example_external_task_marker_dag.py for tasks to queue
[2023-04-08T10:10:38.035+0000] {logging_mixin.py:137} INFO - [2023-04-08T10:10:38.027+0000] {dagbag.py:532} INFO - Filling up the DagBag from /home/airflow/.local/lib/python3.7/site-packages/airflow/example_dags/example_external_task_marker_dag.py
[2023-04-08T10:10:38.085+0000] {processor.py:753} INFO - DAG(s) dict_keys(['example_external_task_marker_child', 'example_external_task_marker_parent']) retrieved from /home/airflow/.local/lib/python3.7/site-packages/airflow/example_dags/example_external_task_marker_dag.py
[2023-04-08T10:10:38.280+0000] {logging_mixin.py:137} INFO - [2023-04-08T10:10:38.280+0000] {dag.py:2705} INFO - Sync 2 DAGs
[2023-04-08T10:10:38.408+0000] {logging_mixin.py:137} INFO - [2023-04-08T10:10:38.408+0000] {dag.py:3456} INFO - Setting next_dagrun for example_external_task_marker_child to None, run_after=None
[2023-04-08T10:10:38.433+0000] {logging_mixin.py:137} INFO - [2023-04-08T10:10:38.432+0000] {dag.py:3456} INFO - Setting next_dagrun for example_external_task_marker_parent to None, run_after=None
[2023-04-08T10:10:38.556+0000] {processor.py:175} INFO - Processing /home/airflow/.local/lib/python3.7/site-packages/airflow/example_dags/example_external_task_marker_dag.py took 0.548 seconds
[2023-04-08T10:11:10.762+0000] {processor.py:153} INFO - Started process (PID=48963) to work on /home/airflow/.local/lib/python3.7/site-packages/airflow/example_dags/example_external_task_marker_dag.py
[2023-04-08T10:11:10.780+0000] {processor.py:743} INFO - Processing file /home/airflow/.local/lib/python3.7/site-packages/airflow/example_dags/example_external_task_marker_dag.py for tasks to queue
[2023-04-08T10:11:10.805+0000] {logging_mixin.py:137} INFO - [2023-04-08T10:11:10.798+0000] {dagbag.py:532} INFO - Filling up the DagBag from /home/airflow/.local/lib/python3.7/site-packages/airflow/example_dags/example_external_task_marker_dag.py
[2023-04-08T10:11:11.213+0000] {processor.py:753} INFO - DAG(s) dict_keys(['example_external_task_marker_child', 'example_external_task_marker_parent']) retrieved from /home/airflow/.local/lib/python3.7/site-packages/airflow/example_dags/example_external_task_marker_dag.py
[2023-04-08T10:11:11.601+0000] {logging_mixin.py:137} INFO - [2023-04-08T10:11:11.600+0000] {dag.py:2705} INFO - Sync 2 DAGs
[2023-04-08T10:11:12.244+0000] {logging_mixin.py:137} INFO - [2023-04-08T10:11:12.244+0000] {dag.py:3456} INFO - Setting next_dagrun for example_external_task_marker_child to None, run_after=None
[2023-04-08T10:11:12.319+0000] {logging_mixin.py:137} INFO - [2023-04-08T10:11:12.303+0000] {dag.py:3456} INFO - Setting next_dagrun for example_external_task_marker_parent to None, run_after=None
[2023-04-08T10:11:12.487+0000] {processor.py:175} INFO - Processing /home/airflow/.local/lib/python3.7/site-packages/airflow/example_dags/example_external_task_marker_dag.py took 1.784 seconds
[2023-04-08T10:11:47.578+0000] {processor.py:153} INFO - Started process (PID=49005) to work on /home/airflow/.local/lib/python3.7/site-packages/airflow/example_dags/example_external_task_marker_dag.py
[2023-04-08T10:11:47.617+0000] {processor.py:743} INFO - Processing file /home/airflow/.local/lib/python3.7/site-packages/airflow/example_dags/example_external_task_marker_dag.py for tasks to queue
[2023-04-08T10:11:47.624+0000] {logging_mixin.py:137} INFO - [2023-04-08T10:11:47.624+0000] {dagbag.py:532} INFO - Filling up the DagBag from /home/airflow/.local/lib/python3.7/site-packages/airflow/example_dags/example_external_task_marker_dag.py
[2023-04-08T10:11:47.799+0000] {processor.py:753} INFO - DAG(s) dict_keys(['example_external_task_marker_child', 'example_external_task_marker_parent']) retrieved from /home/airflow/.local/lib/python3.7/site-packages/airflow/example_dags/example_external_task_marker_dag.py
[2023-04-08T10:11:48.481+0000] {logging_mixin.py:137} INFO - [2023-04-08T10:11:48.480+0000] {dag.py:2705} INFO - Sync 2 DAGs
[2023-04-08T10:11:48.754+0000] {logging_mixin.py:137} INFO - [2023-04-08T10:11:48.753+0000] {dag.py:3456} INFO - Setting next_dagrun for example_external_task_marker_child to None, run_after=None
[2023-04-08T10:11:48.788+0000] {logging_mixin.py:137} INFO - [2023-04-08T10:11:48.787+0000] {dag.py:3456} INFO - Setting next_dagrun for example_external_task_marker_parent to None, run_after=None
[2023-04-08T10:11:49.126+0000] {processor.py:175} INFO - Processing /home/airflow/.local/lib/python3.7/site-packages/airflow/example_dags/example_external_task_marker_dag.py took 1.709 seconds
[2023-04-08T10:12:19.941+0000] {processor.py:153} INFO - Started process (PID=49053) to work on /home/airflow/.local/lib/python3.7/site-packages/airflow/example_dags/example_external_task_marker_dag.py
[2023-04-08T10:12:19.963+0000] {processor.py:743} INFO - Processing file /home/airflow/.local/lib/python3.7/site-packages/airflow/example_dags/example_external_task_marker_dag.py for tasks to queue
[2023-04-08T10:12:19.966+0000] {logging_mixin.py:137} INFO - [2023-04-08T10:12:19.966+0000] {dagbag.py:532} INFO - Filling up the DagBag from /home/airflow/.local/lib/python3.7/site-packages/airflow/example_dags/example_external_task_marker_dag.py
[2023-04-08T10:12:20.022+0000] {processor.py:753} INFO - DAG(s) dict_keys(['example_external_task_marker_parent', 'example_external_task_marker_child']) retrieved from /home/airflow/.local/lib/python3.7/site-packages/airflow/example_dags/example_external_task_marker_dag.py
[2023-04-08T10:12:20.244+0000] {logging_mixin.py:137} INFO - [2023-04-08T10:12:20.243+0000] {dag.py:2705} INFO - Sync 2 DAGs
[2023-04-08T10:12:20.418+0000] {logging_mixin.py:137} INFO - [2023-04-08T10:12:20.417+0000] {dag.py:3456} INFO - Setting next_dagrun for example_external_task_marker_child to None, run_after=None
[2023-04-08T10:12:20.442+0000] {logging_mixin.py:137} INFO - [2023-04-08T10:12:20.442+0000] {dag.py:3456} INFO - Setting next_dagrun for example_external_task_marker_parent to None, run_after=None
[2023-04-08T10:12:20.541+0000] {processor.py:175} INFO - Processing /home/airflow/.local/lib/python3.7/site-packages/airflow/example_dags/example_external_task_marker_dag.py took 0.647 seconds
[2023-04-08T10:13:01.497+0000] {processor.py:153} INFO - Started process (PID=49104) to work on /home/airflow/.local/lib/python3.7/site-packages/airflow/example_dags/example_external_task_marker_dag.py
[2023-04-08T10:13:01.510+0000] {processor.py:743} INFO - Processing file /home/airflow/.local/lib/python3.7/site-packages/airflow/example_dags/example_external_task_marker_dag.py for tasks to queue
[2023-04-08T10:13:01.517+0000] {logging_mixin.py:137} INFO - [2023-04-08T10:13:01.516+0000] {dagbag.py:532} INFO - Filling up the DagBag from /home/airflow/.local/lib/python3.7/site-packages/airflow/example_dags/example_external_task_marker_dag.py
[2023-04-08T10:13:01.723+0000] {processor.py:753} INFO - DAG(s) dict_keys(['example_external_task_marker_parent', 'example_external_task_marker_child']) retrieved from /home/airflow/.local/lib/python3.7/site-packages/airflow/example_dags/example_external_task_marker_dag.py
[2023-04-08T10:13:02.086+0000] {logging_mixin.py:137} INFO - [2023-04-08T10:13:02.086+0000] {dag.py:2705} INFO - Sync 2 DAGs
[2023-04-08T10:13:02.324+0000] {logging_mixin.py:137} INFO - [2023-04-08T10:13:02.323+0000] {dag.py:3456} INFO - Setting next_dagrun for example_external_task_marker_child to None, run_after=None
[2023-04-08T10:13:02.374+0000] {logging_mixin.py:137} INFO - [2023-04-08T10:13:02.373+0000] {dag.py:3456} INFO - Setting next_dagrun for example_external_task_marker_parent to None, run_after=None
[2023-04-08T10:13:02.482+0000] {processor.py:175} INFO - Processing /home/airflow/.local/lib/python3.7/site-packages/airflow/example_dags/example_external_task_marker_dag.py took 1.013 seconds
[2023-04-08T10:13:51.580+0000] {processor.py:153} INFO - Started process (PID=49153) to work on /home/airflow/.local/lib/python3.7/site-packages/airflow/example_dags/example_external_task_marker_dag.py
[2023-04-08T10:13:51.608+0000] {processor.py:743} INFO - Processing file /home/airflow/.local/lib/python3.7/site-packages/airflow/example_dags/example_external_task_marker_dag.py for tasks to queue
[2023-04-08T10:13:51.618+0000] {logging_mixin.py:137} INFO - [2023-04-08T10:13:51.618+0000] {dagbag.py:532} INFO - Filling up the DagBag from /home/airflow/.local/lib/python3.7/site-packages/airflow/example_dags/example_external_task_marker_dag.py
[2023-04-08T10:13:51.662+0000] {processor.py:753} INFO - DAG(s) dict_keys(['example_external_task_marker_child', 'example_external_task_marker_parent']) retrieved from /home/airflow/.local/lib/python3.7/site-packages/airflow/example_dags/example_external_task_marker_dag.py
[2023-04-08T10:13:51.910+0000] {logging_mixin.py:137} INFO - [2023-04-08T10:13:51.910+0000] {dag.py:2705} INFO - Sync 2 DAGs
[2023-04-08T10:13:52.339+0000] {logging_mixin.py:137} INFO - [2023-04-08T10:13:52.338+0000] {dag.py:3456} INFO - Setting next_dagrun for example_external_task_marker_child to None, run_after=None
[2023-04-08T10:13:52.568+0000] {logging_mixin.py:137} INFO - [2023-04-08T10:13:52.525+0000] {dag.py:3456} INFO - Setting next_dagrun for example_external_task_marker_parent to None, run_after=None
[2023-04-08T10:13:53.478+0000] {processor.py:175} INFO - Processing /home/airflow/.local/lib/python3.7/site-packages/airflow/example_dags/example_external_task_marker_dag.py took 1.925 seconds
[2023-04-08T10:14:40.818+0000] {processor.py:153} INFO - Started process (PID=49205) to work on /home/airflow/.local/lib/python3.7/site-packages/airflow/example_dags/example_external_task_marker_dag.py
[2023-04-08T10:14:40.823+0000] {processor.py:743} INFO - Processing file /home/airflow/.local/lib/python3.7/site-packages/airflow/example_dags/example_external_task_marker_dag.py for tasks to queue
[2023-04-08T10:14:40.832+0000] {logging_mixin.py:137} INFO - [2023-04-08T10:14:40.831+0000] {dagbag.py:532} INFO - Filling up the DagBag from /home/airflow/.local/lib/python3.7/site-packages/airflow/example_dags/example_external_task_marker_dag.py
[2023-04-08T10:14:41.037+0000] {processor.py:753} INFO - DAG(s) dict_keys(['example_external_task_marker_child', 'example_external_task_marker_parent']) retrieved from /home/airflow/.local/lib/python3.7/site-packages/airflow/example_dags/example_external_task_marker_dag.py
[2023-04-08T10:14:42.330+0000] {logging_mixin.py:137} INFO - [2023-04-08T10:14:42.328+0000] {dag.py:2705} INFO - Sync 2 DAGs
[2023-04-08T10:14:42.886+0000] {logging_mixin.py:137} INFO - [2023-04-08T10:14:42.884+0000] {dag.py:3456} INFO - Setting next_dagrun for example_external_task_marker_child to None, run_after=None
[2023-04-08T10:14:42.988+0000] {logging_mixin.py:137} INFO - [2023-04-08T10:14:42.988+0000] {dag.py:3456} INFO - Setting next_dagrun for example_external_task_marker_parent to None, run_after=None
[2023-04-08T10:14:43.322+0000] {processor.py:175} INFO - Processing /home/airflow/.local/lib/python3.7/site-packages/airflow/example_dags/example_external_task_marker_dag.py took 2.537 seconds
[2023-04-08T10:15:15.901+0000] {processor.py:153} INFO - Started process (PID=49255) to work on /home/airflow/.local/lib/python3.7/site-packages/airflow/example_dags/example_external_task_marker_dag.py
[2023-04-08T10:15:15.915+0000] {processor.py:743} INFO - Processing file /home/airflow/.local/lib/python3.7/site-packages/airflow/example_dags/example_external_task_marker_dag.py for tasks to queue
[2023-04-08T10:15:15.921+0000] {logging_mixin.py:137} INFO - [2023-04-08T10:15:15.920+0000] {dagbag.py:532} INFO - Filling up the DagBag from /home/airflow/.local/lib/python3.7/site-packages/airflow/example_dags/example_external_task_marker_dag.py
[2023-04-08T10:15:16.005+0000] {processor.py:753} INFO - DAG(s) dict_keys(['example_external_task_marker_parent', 'example_external_task_marker_child']) retrieved from /home/airflow/.local/lib/python3.7/site-packages/airflow/example_dags/example_external_task_marker_dag.py
[2023-04-08T10:15:16.435+0000] {logging_mixin.py:137} INFO - [2023-04-08T10:15:16.434+0000] {dag.py:2705} INFO - Sync 2 DAGs
[2023-04-08T10:15:16.879+0000] {logging_mixin.py:137} INFO - [2023-04-08T10:15:16.878+0000] {dag.py:3456} INFO - Setting next_dagrun for example_external_task_marker_child to None, run_after=None
[2023-04-08T10:15:16.896+0000] {logging_mixin.py:137} INFO - [2023-04-08T10:15:16.896+0000] {dag.py:3456} INFO - Setting next_dagrun for example_external_task_marker_parent to None, run_after=None
[2023-04-08T10:15:17.084+0000] {processor.py:175} INFO - Processing /home/airflow/.local/lib/python3.7/site-packages/airflow/example_dags/example_external_task_marker_dag.py took 1.237 seconds
[2023-04-08T10:15:56.423+0000] {processor.py:153} INFO - Started process (PID=49312) to work on /home/airflow/.local/lib/python3.7/site-packages/airflow/example_dags/example_external_task_marker_dag.py
[2023-04-08T10:15:56.462+0000] {processor.py:743} INFO - Processing file /home/airflow/.local/lib/python3.7/site-packages/airflow/example_dags/example_external_task_marker_dag.py for tasks to queue
[2023-04-08T10:15:56.470+0000] {logging_mixin.py:137} INFO - [2023-04-08T10:15:56.469+0000] {dagbag.py:532} INFO - Filling up the DagBag from /home/airflow/.local/lib/python3.7/site-packages/airflow/example_dags/example_external_task_marker_dag.py
[2023-04-08T10:15:56.580+0000] {processor.py:753} INFO - DAG(s) dict_keys(['example_external_task_marker_child', 'example_external_task_marker_parent']) retrieved from /home/airflow/.local/lib/python3.7/site-packages/airflow/example_dags/example_external_task_marker_dag.py
[2023-04-08T10:15:56.910+0000] {logging_mixin.py:137} INFO - [2023-04-08T10:15:56.893+0000] {dag.py:2705} INFO - Sync 2 DAGs
[2023-04-08T10:15:57.342+0000] {logging_mixin.py:137} INFO - [2023-04-08T10:15:57.340+0000] {dag.py:3456} INFO - Setting next_dagrun for example_external_task_marker_child to None, run_after=None
[2023-04-08T10:15:57.463+0000] {logging_mixin.py:137} INFO - [2023-04-08T10:15:57.462+0000] {dag.py:3456} INFO - Setting next_dagrun for example_external_task_marker_parent to None, run_after=None
[2023-04-08T10:15:57.589+0000] {processor.py:175} INFO - Processing /home/airflow/.local/lib/python3.7/site-packages/airflow/example_dags/example_external_task_marker_dag.py took 1.181 seconds
[2023-04-08T10:16:28.036+0000] {processor.py:153} INFO - Started process (PID=49362) to work on /home/airflow/.local/lib/python3.7/site-packages/airflow/example_dags/example_external_task_marker_dag.py
[2023-04-08T10:16:28.045+0000] {processor.py:743} INFO - Processing file /home/airflow/.local/lib/python3.7/site-packages/airflow/example_dags/example_external_task_marker_dag.py for tasks to queue
[2023-04-08T10:16:28.051+0000] {logging_mixin.py:137} INFO - [2023-04-08T10:16:28.050+0000] {dagbag.py:532} INFO - Filling up the DagBag from /home/airflow/.local/lib/python3.7/site-packages/airflow/example_dags/example_external_task_marker_dag.py
[2023-04-08T10:16:28.074+0000] {processor.py:753} INFO - DAG(s) dict_keys(['example_external_task_marker_child', 'example_external_task_marker_parent']) retrieved from /home/airflow/.local/lib/python3.7/site-packages/airflow/example_dags/example_external_task_marker_dag.py
[2023-04-08T10:16:28.206+0000] {logging_mixin.py:137} INFO - [2023-04-08T10:16:28.206+0000] {dag.py:2705} INFO - Sync 2 DAGs
[2023-04-08T10:16:28.342+0000] {logging_mixin.py:137} INFO - [2023-04-08T10:16:28.342+0000] {dag.py:3456} INFO - Setting next_dagrun for example_external_task_marker_child to None, run_after=None
[2023-04-08T10:16:28.362+0000] {logging_mixin.py:137} INFO - [2023-04-08T10:16:28.362+0000] {dag.py:3456} INFO - Setting next_dagrun for example_external_task_marker_parent to None, run_after=None
[2023-04-08T10:16:28.456+0000] {processor.py:175} INFO - Processing /home/airflow/.local/lib/python3.7/site-packages/airflow/example_dags/example_external_task_marker_dag.py took 0.430 seconds
[2023-04-08T10:16:58.564+0000] {processor.py:153} INFO - Started process (PID=49429) to work on /home/airflow/.local/lib/python3.7/site-packages/airflow/example_dags/example_external_task_marker_dag.py
[2023-04-08T10:16:58.566+0000] {processor.py:743} INFO - Processing file /home/airflow/.local/lib/python3.7/site-packages/airflow/example_dags/example_external_task_marker_dag.py for tasks to queue
[2023-04-08T10:16:58.568+0000] {logging_mixin.py:137} INFO - [2023-04-08T10:16:58.568+0000] {dagbag.py:532} INFO - Filling up the DagBag from /home/airflow/.local/lib/python3.7/site-packages/airflow/example_dags/example_external_task_marker_dag.py
[2023-04-08T10:16:58.584+0000] {processor.py:753} INFO - DAG(s) dict_keys(['example_external_task_marker_child', 'example_external_task_marker_parent']) retrieved from /home/airflow/.local/lib/python3.7/site-packages/airflow/example_dags/example_external_task_marker_dag.py
[2023-04-08T10:16:58.635+0000] {logging_mixin.py:137} INFO - [2023-04-08T10:16:58.634+0000] {dag.py:2705} INFO - Sync 2 DAGs
[2023-04-08T10:16:58.671+0000] {logging_mixin.py:137} INFO - [2023-04-08T10:16:58.671+0000] {dag.py:3456} INFO - Setting next_dagrun for example_external_task_marker_child to None, run_after=None
[2023-04-08T10:16:58.677+0000] {logging_mixin.py:137} INFO - [2023-04-08T10:16:58.677+0000] {dag.py:3456} INFO - Setting next_dagrun for example_external_task_marker_parent to None, run_after=None
[2023-04-08T10:16:58.705+0000] {processor.py:175} INFO - Processing /home/airflow/.local/lib/python3.7/site-packages/airflow/example_dags/example_external_task_marker_dag.py took 0.148 seconds
[2023-04-08T10:17:28.866+0000] {processor.py:153} INFO - Started process (PID=49480) to work on /home/airflow/.local/lib/python3.7/site-packages/airflow/example_dags/example_external_task_marker_dag.py
[2023-04-08T10:17:28.869+0000] {processor.py:743} INFO - Processing file /home/airflow/.local/lib/python3.7/site-packages/airflow/example_dags/example_external_task_marker_dag.py for tasks to queue
[2023-04-08T10:17:28.871+0000] {logging_mixin.py:137} INFO - [2023-04-08T10:17:28.871+0000] {dagbag.py:532} INFO - Filling up the DagBag from /home/airflow/.local/lib/python3.7/site-packages/airflow/example_dags/example_external_task_marker_dag.py
[2023-04-08T10:17:28.884+0000] {processor.py:753} INFO - DAG(s) dict_keys(['example_external_task_marker_child', 'example_external_task_marker_parent']) retrieved from /home/airflow/.local/lib/python3.7/site-packages/airflow/example_dags/example_external_task_marker_dag.py
[2023-04-08T10:17:28.927+0000] {logging_mixin.py:137} INFO - [2023-04-08T10:17:28.927+0000] {dag.py:2705} INFO - Sync 2 DAGs
[2023-04-08T10:17:28.965+0000] {logging_mixin.py:137} INFO - [2023-04-08T10:17:28.965+0000] {dag.py:3456} INFO - Setting next_dagrun for example_external_task_marker_child to None, run_after=None
[2023-04-08T10:17:28.971+0000] {logging_mixin.py:137} INFO - [2023-04-08T10:17:28.971+0000] {dag.py:3456} INFO - Setting next_dagrun for example_external_task_marker_parent to None, run_after=None
[2023-04-08T10:17:29.001+0000] {processor.py:175} INFO - Processing /home/airflow/.local/lib/python3.7/site-packages/airflow/example_dags/example_external_task_marker_dag.py took 0.143 seconds
[2023-04-08T10:17:59.107+0000] {processor.py:153} INFO - Started process (PID=49531) to work on /home/airflow/.local/lib/python3.7/site-packages/airflow/example_dags/example_external_task_marker_dag.py
[2023-04-08T10:17:59.109+0000] {processor.py:743} INFO - Processing file /home/airflow/.local/lib/python3.7/site-packages/airflow/example_dags/example_external_task_marker_dag.py for tasks to queue
[2023-04-08T10:17:59.111+0000] {logging_mixin.py:137} INFO - [2023-04-08T10:17:59.111+0000] {dagbag.py:532} INFO - Filling up the DagBag from /home/airflow/.local/lib/python3.7/site-packages/airflow/example_dags/example_external_task_marker_dag.py
[2023-04-08T10:17:59.124+0000] {processor.py:753} INFO - DAG(s) dict_keys(['example_external_task_marker_parent', 'example_external_task_marker_child']) retrieved from /home/airflow/.local/lib/python3.7/site-packages/airflow/example_dags/example_external_task_marker_dag.py
[2023-04-08T10:17:59.167+0000] {logging_mixin.py:137} INFO - [2023-04-08T10:17:59.166+0000] {dag.py:2705} INFO - Sync 2 DAGs
[2023-04-08T10:17:59.200+0000] {logging_mixin.py:137} INFO - [2023-04-08T10:17:59.200+0000] {dag.py:3456} INFO - Setting next_dagrun for example_external_task_marker_child to None, run_after=None
[2023-04-08T10:17:59.206+0000] {logging_mixin.py:137} INFO - [2023-04-08T10:17:59.206+0000] {dag.py:3456} INFO - Setting next_dagrun for example_external_task_marker_parent to None, run_after=None
[2023-04-08T10:17:59.231+0000] {processor.py:175} INFO - Processing /home/airflow/.local/lib/python3.7/site-packages/airflow/example_dags/example_external_task_marker_dag.py took 0.132 seconds
[2023-04-08T10:18:29.413+0000] {processor.py:153} INFO - Started process (PID=49582) to work on /home/airflow/.local/lib/python3.7/site-packages/airflow/example_dags/example_external_task_marker_dag.py
[2023-04-08T10:18:29.416+0000] {processor.py:743} INFO - Processing file /home/airflow/.local/lib/python3.7/site-packages/airflow/example_dags/example_external_task_marker_dag.py for tasks to queue
[2023-04-08T10:18:29.418+0000] {logging_mixin.py:137} INFO - [2023-04-08T10:18:29.418+0000] {dagbag.py:532} INFO - Filling up the DagBag from /home/airflow/.local/lib/python3.7/site-packages/airflow/example_dags/example_external_task_marker_dag.py
[2023-04-08T10:18:29.431+0000] {processor.py:753} INFO - DAG(s) dict_keys(['example_external_task_marker_parent', 'example_external_task_marker_child']) retrieved from /home/airflow/.local/lib/python3.7/site-packages/airflow/example_dags/example_external_task_marker_dag.py
[2023-04-08T10:18:29.475+0000] {logging_mixin.py:137} INFO - [2023-04-08T10:18:29.475+0000] {dag.py:2705} INFO - Sync 2 DAGs
[2023-04-08T10:18:29.515+0000] {logging_mixin.py:137} INFO - [2023-04-08T10:18:29.514+0000] {dag.py:3456} INFO - Setting next_dagrun for example_external_task_marker_child to None, run_after=None
[2023-04-08T10:18:29.521+0000] {logging_mixin.py:137} INFO - [2023-04-08T10:18:29.521+0000] {dag.py:3456} INFO - Setting next_dagrun for example_external_task_marker_parent to None, run_after=None
[2023-04-08T10:18:29.548+0000] {processor.py:175} INFO - Processing /home/airflow/.local/lib/python3.7/site-packages/airflow/example_dags/example_external_task_marker_dag.py took 0.142 seconds
