[2023-04-08T07:06:28.849+0000] {processor.py:153} INFO - Started process (PID=48328) to work on /home/airflow/.local/lib/python3.7/site-packages/airflow/example_dags/example_branch_datetime_operator.py
[2023-04-08T07:06:28.857+0000] {processor.py:743} INFO - Processing file /home/airflow/.local/lib/python3.7/site-packages/airflow/example_dags/example_branch_datetime_operator.py for tasks to queue
[2023-04-08T07:06:28.894+0000] {logging_mixin.py:137} INFO - [2023-04-08T07:06:28.873+0000] {dagbag.py:532} INFO - Filling up the DagBag from /home/airflow/.local/lib/python3.7/site-packages/airflow/example_dags/example_branch_datetime_operator.py
[2023-04-08T07:06:29.067+0000] {processor.py:753} INFO - DAG(s) dict_keys(['example_branch_datetime_operator_2', 'example_branch_datetime_operator', 'example_branch_datetime_operator_3']) retrieved from /home/airflow/.local/lib/python3.7/site-packages/airflow/example_dags/example_branch_datetime_operator.py
[2023-04-08T07:06:29.566+0000] {logging_mixin.py:137} INFO - [2023-04-08T07:06:29.565+0000] {dag.py:2705} INFO - Sync 3 DAGs
[2023-04-08T07:06:30.095+0000] {logging_mixin.py:137} INFO - [2023-04-08T07:06:30.095+0000] {dag.py:3456} INFO - Setting next_dagrun for example_branch_datetime_operator to 2023-04-07T00:00:00+00:00, run_after=2023-04-08T00:00:00+00:00
[2023-04-08T07:06:30.164+0000] {logging_mixin.py:137} INFO - [2023-04-08T07:06:30.163+0000] {dag.py:3456} INFO - Setting next_dagrun for example_branch_datetime_operator_2 to 2023-04-07T00:00:00+00:00, run_after=2023-04-08T00:00:00+00:00
[2023-04-08T07:06:30.188+0000] {logging_mixin.py:137} INFO - [2023-04-08T07:06:30.187+0000] {dag.py:3456} INFO - Setting next_dagrun for example_branch_datetime_operator_3 to 2023-04-07T00:00:00+00:00, run_after=2023-04-08T00:00:00+00:00
[2023-04-08T07:06:30.344+0000] {processor.py:175} INFO - Processing /home/airflow/.local/lib/python3.7/site-packages/airflow/example_dags/example_branch_datetime_operator.py took 1.532 seconds
[2023-04-08T07:07:09.759+0000] {processor.py:153} INFO - Started process (PID=48386) to work on /home/airflow/.local/lib/python3.7/site-packages/airflow/example_dags/example_branch_datetime_operator.py
[2023-04-08T07:07:09.767+0000] {processor.py:743} INFO - Processing file /home/airflow/.local/lib/python3.7/site-packages/airflow/example_dags/example_branch_datetime_operator.py for tasks to queue
[2023-04-08T07:07:09.776+0000] {logging_mixin.py:137} INFO - [2023-04-08T07:07:09.775+0000] {dagbag.py:532} INFO - Filling up the DagBag from /home/airflow/.local/lib/python3.7/site-packages/airflow/example_dags/example_branch_datetime_operator.py
[2023-04-08T07:07:09.860+0000] {processor.py:753} INFO - DAG(s) dict_keys(['example_branch_datetime_operator', 'example_branch_datetime_operator_2', 'example_branch_datetime_operator_3']) retrieved from /home/airflow/.local/lib/python3.7/site-packages/airflow/example_dags/example_branch_datetime_operator.py
[2023-04-08T07:07:10.106+0000] {logging_mixin.py:137} INFO - [2023-04-08T07:07:10.106+0000] {dag.py:2705} INFO - Sync 3 DAGs
[2023-04-08T07:07:10.345+0000] {logging_mixin.py:137} INFO - [2023-04-08T07:07:10.345+0000] {dag.py:3456} INFO - Setting next_dagrun for example_branch_datetime_operator to 2023-04-07T00:00:00+00:00, run_after=2023-04-08T00:00:00+00:00
[2023-04-08T07:07:10.626+0000] {logging_mixin.py:137} INFO - [2023-04-08T07:07:10.625+0000] {dag.py:3456} INFO - Setting next_dagrun for example_branch_datetime_operator_2 to 2023-04-07T00:00:00+00:00, run_after=2023-04-08T00:00:00+00:00
[2023-04-08T07:07:10.649+0000] {logging_mixin.py:137} INFO - [2023-04-08T07:07:10.648+0000] {dag.py:3456} INFO - Setting next_dagrun for example_branch_datetime_operator_3 to 2023-04-07T00:00:00+00:00, run_after=2023-04-08T00:00:00+00:00
[2023-04-08T07:07:11.026+0000] {processor.py:175} INFO - Processing /home/airflow/.local/lib/python3.7/site-packages/airflow/example_dags/example_branch_datetime_operator.py took 1.287 seconds
[2023-04-08T07:07:43.528+0000] {processor.py:153} INFO - Started process (PID=48435) to work on /home/airflow/.local/lib/python3.7/site-packages/airflow/example_dags/example_branch_datetime_operator.py
[2023-04-08T07:07:43.539+0000] {processor.py:743} INFO - Processing file /home/airflow/.local/lib/python3.7/site-packages/airflow/example_dags/example_branch_datetime_operator.py for tasks to queue
[2023-04-08T07:07:43.545+0000] {logging_mixin.py:137} INFO - [2023-04-08T07:07:43.544+0000] {dagbag.py:532} INFO - Filling up the DagBag from /home/airflow/.local/lib/python3.7/site-packages/airflow/example_dags/example_branch_datetime_operator.py
[2023-04-08T07:07:43.578+0000] {processor.py:753} INFO - DAG(s) dict_keys(['example_branch_datetime_operator', 'example_branch_datetime_operator_2', 'example_branch_datetime_operator_3']) retrieved from /home/airflow/.local/lib/python3.7/site-packages/airflow/example_dags/example_branch_datetime_operator.py
[2023-04-08T07:07:43.928+0000] {logging_mixin.py:137} INFO - [2023-04-08T07:07:43.927+0000] {dag.py:2705} INFO - Sync 3 DAGs
[2023-04-08T07:07:44.130+0000] {logging_mixin.py:137} INFO - [2023-04-08T07:07:44.130+0000] {dag.py:3456} INFO - Setting next_dagrun for example_branch_datetime_operator to 2023-04-07T00:00:00+00:00, run_after=2023-04-08T00:00:00+00:00
[2023-04-08T07:07:44.180+0000] {logging_mixin.py:137} INFO - [2023-04-08T07:07:44.180+0000] {dag.py:3456} INFO - Setting next_dagrun for example_branch_datetime_operator_2 to 2023-04-07T00:00:00+00:00, run_after=2023-04-08T00:00:00+00:00
[2023-04-08T07:07:44.245+0000] {logging_mixin.py:137} INFO - [2023-04-08T07:07:44.242+0000] {dag.py:3456} INFO - Setting next_dagrun for example_branch_datetime_operator_3 to 2023-04-07T00:00:00+00:00, run_after=2023-04-08T00:00:00+00:00
[2023-04-08T07:07:44.313+0000] {processor.py:175} INFO - Processing /home/airflow/.local/lib/python3.7/site-packages/airflow/example_dags/example_branch_datetime_operator.py took 0.797 seconds
[2023-04-08T07:08:18.814+0000] {processor.py:153} INFO - Started process (PID=48482) to work on /home/airflow/.local/lib/python3.7/site-packages/airflow/example_dags/example_branch_datetime_operator.py
[2023-04-08T07:08:18.826+0000] {processor.py:743} INFO - Processing file /home/airflow/.local/lib/python3.7/site-packages/airflow/example_dags/example_branch_datetime_operator.py for tasks to queue
[2023-04-08T07:08:18.832+0000] {logging_mixin.py:137} INFO - [2023-04-08T07:08:18.832+0000] {dagbag.py:532} INFO - Filling up the DagBag from /home/airflow/.local/lib/python3.7/site-packages/airflow/example_dags/example_branch_datetime_operator.py
[2023-04-08T07:08:18.910+0000] {processor.py:753} INFO - DAG(s) dict_keys(['example_branch_datetime_operator_2', 'example_branch_datetime_operator', 'example_branch_datetime_operator_3']) retrieved from /home/airflow/.local/lib/python3.7/site-packages/airflow/example_dags/example_branch_datetime_operator.py
[2023-04-08T07:08:19.277+0000] {logging_mixin.py:137} INFO - [2023-04-08T07:08:19.276+0000] {dag.py:2705} INFO - Sync 3 DAGs
[2023-04-08T07:08:19.458+0000] {logging_mixin.py:137} INFO - [2023-04-08T07:08:19.457+0000] {dag.py:3456} INFO - Setting next_dagrun for example_branch_datetime_operator to 2023-04-07T00:00:00+00:00, run_after=2023-04-08T00:00:00+00:00
[2023-04-08T07:08:19.539+0000] {logging_mixin.py:137} INFO - [2023-04-08T07:08:19.537+0000] {dag.py:3456} INFO - Setting next_dagrun for example_branch_datetime_operator_2 to 2023-04-07T00:00:00+00:00, run_after=2023-04-08T00:00:00+00:00
[2023-04-08T07:08:19.560+0000] {logging_mixin.py:137} INFO - [2023-04-08T07:08:19.559+0000] {dag.py:3456} INFO - Setting next_dagrun for example_branch_datetime_operator_3 to 2023-04-07T00:00:00+00:00, run_after=2023-04-08T00:00:00+00:00
[2023-04-08T07:08:19.681+0000] {processor.py:175} INFO - Processing /home/airflow/.local/lib/python3.7/site-packages/airflow/example_dags/example_branch_datetime_operator.py took 0.907 seconds
[2023-04-08T07:09:02.289+0000] {processor.py:153} INFO - Started process (PID=48532) to work on /home/airflow/.local/lib/python3.7/site-packages/airflow/example_dags/example_branch_datetime_operator.py
[2023-04-08T07:09:02.298+0000] {processor.py:743} INFO - Processing file /home/airflow/.local/lib/python3.7/site-packages/airflow/example_dags/example_branch_datetime_operator.py for tasks to queue
[2023-04-08T07:09:02.319+0000] {logging_mixin.py:137} INFO - [2023-04-08T07:09:02.318+0000] {dagbag.py:532} INFO - Filling up the DagBag from /home/airflow/.local/lib/python3.7/site-packages/airflow/example_dags/example_branch_datetime_operator.py
[2023-04-08T07:09:02.379+0000] {processor.py:753} INFO - DAG(s) dict_keys(['example_branch_datetime_operator', 'example_branch_datetime_operator_2', 'example_branch_datetime_operator_3']) retrieved from /home/airflow/.local/lib/python3.7/site-packages/airflow/example_dags/example_branch_datetime_operator.py
[2023-04-08T07:09:02.512+0000] {logging_mixin.py:137} INFO - [2023-04-08T07:09:02.511+0000] {dag.py:2705} INFO - Sync 3 DAGs
[2023-04-08T07:09:02.616+0000] {logging_mixin.py:137} INFO - [2023-04-08T07:09:02.616+0000] {dag.py:3456} INFO - Setting next_dagrun for example_branch_datetime_operator to 2023-04-07T00:00:00+00:00, run_after=2023-04-08T00:00:00+00:00
[2023-04-08T07:09:02.638+0000] {logging_mixin.py:137} INFO - [2023-04-08T07:09:02.638+0000] {dag.py:3456} INFO - Setting next_dagrun for example_branch_datetime_operator_2 to 2023-04-07T00:00:00+00:00, run_after=2023-04-08T00:00:00+00:00
[2023-04-08T07:09:02.659+0000] {logging_mixin.py:137} INFO - [2023-04-08T07:09:02.651+0000] {dag.py:3456} INFO - Setting next_dagrun for example_branch_datetime_operator_3 to 2023-04-07T00:00:00+00:00, run_after=2023-04-08T00:00:00+00:00
[2023-04-08T07:09:02.722+0000] {processor.py:175} INFO - Processing /home/airflow/.local/lib/python3.7/site-packages/airflow/example_dags/example_branch_datetime_operator.py took 0.449 seconds
[2023-04-08T08:07:17.322+0000] {processor.py:153} INFO - Started process (PID=48640) to work on /home/airflow/.local/lib/python3.7/site-packages/airflow/example_dags/example_branch_datetime_operator.py
[2023-04-08T08:07:17.331+0000] {processor.py:743} INFO - Processing file /home/airflow/.local/lib/python3.7/site-packages/airflow/example_dags/example_branch_datetime_operator.py for tasks to queue
[2023-04-08T08:07:17.336+0000] {logging_mixin.py:137} INFO - [2023-04-08T08:07:17.335+0000] {dagbag.py:532} INFO - Filling up the DagBag from /home/airflow/.local/lib/python3.7/site-packages/airflow/example_dags/example_branch_datetime_operator.py
[2023-04-08T08:07:17.393+0000] {processor.py:753} INFO - DAG(s) dict_keys(['example_branch_datetime_operator_2', 'example_branch_datetime_operator_3', 'example_branch_datetime_operator']) retrieved from /home/airflow/.local/lib/python3.7/site-packages/airflow/example_dags/example_branch_datetime_operator.py
[2023-04-08T08:07:17.729+0000] {logging_mixin.py:137} INFO - [2023-04-08T08:07:17.728+0000] {dag.py:2705} INFO - Sync 3 DAGs
[2023-04-08T08:07:17.910+0000] {logging_mixin.py:137} INFO - [2023-04-08T08:07:17.910+0000] {dag.py:3456} INFO - Setting next_dagrun for example_branch_datetime_operator to 2023-04-07T00:00:00+00:00, run_after=2023-04-08T00:00:00+00:00
[2023-04-08T08:07:17.942+0000] {logging_mixin.py:137} INFO - [2023-04-08T08:07:17.942+0000] {dag.py:3456} INFO - Setting next_dagrun for example_branch_datetime_operator_2 to 2023-04-07T00:00:00+00:00, run_after=2023-04-08T00:00:00+00:00
[2023-04-08T08:07:17.964+0000] {logging_mixin.py:137} INFO - [2023-04-08T08:07:17.964+0000] {dag.py:3456} INFO - Setting next_dagrun for example_branch_datetime_operator_3 to 2023-04-07T00:00:00+00:00, run_after=2023-04-08T00:00:00+00:00
[2023-04-08T08:07:18.054+0000] {processor.py:175} INFO - Processing /home/airflow/.local/lib/python3.7/site-packages/airflow/example_dags/example_branch_datetime_operator.py took 0.765 seconds
[2023-04-08T08:07:55.780+0000] {processor.py:153} INFO - Started process (PID=48697) to work on /home/airflow/.local/lib/python3.7/site-packages/airflow/example_dags/example_branch_datetime_operator.py
[2023-04-08T08:07:55.806+0000] {processor.py:743} INFO - Processing file /home/airflow/.local/lib/python3.7/site-packages/airflow/example_dags/example_branch_datetime_operator.py for tasks to queue
[2023-04-08T08:07:55.839+0000] {logging_mixin.py:137} INFO - [2023-04-08T08:07:55.839+0000] {dagbag.py:532} INFO - Filling up the DagBag from /home/airflow/.local/lib/python3.7/site-packages/airflow/example_dags/example_branch_datetime_operator.py
[2023-04-08T08:07:56.046+0000] {processor.py:753} INFO - DAG(s) dict_keys(['example_branch_datetime_operator_2', 'example_branch_datetime_operator_3', 'example_branch_datetime_operator']) retrieved from /home/airflow/.local/lib/python3.7/site-packages/airflow/example_dags/example_branch_datetime_operator.py
[2023-04-08T08:07:56.323+0000] {logging_mixin.py:137} INFO - [2023-04-08T08:07:56.322+0000] {dag.py:2705} INFO - Sync 3 DAGs
[2023-04-08T08:07:56.707+0000] {logging_mixin.py:137} INFO - [2023-04-08T08:07:56.705+0000] {dag.py:3456} INFO - Setting next_dagrun for example_branch_datetime_operator to 2023-04-07T00:00:00+00:00, run_after=2023-04-08T00:00:00+00:00
[2023-04-08T08:07:56.743+0000] {logging_mixin.py:137} INFO - [2023-04-08T08:07:56.742+0000] {dag.py:3456} INFO - Setting next_dagrun for example_branch_datetime_operator_2 to 2023-04-07T00:00:00+00:00, run_after=2023-04-08T00:00:00+00:00
[2023-04-08T08:07:56.760+0000] {logging_mixin.py:137} INFO - [2023-04-08T08:07:56.760+0000] {dag.py:3456} INFO - Setting next_dagrun for example_branch_datetime_operator_3 to 2023-04-07T00:00:00+00:00, run_after=2023-04-08T00:00:00+00:00
[2023-04-08T08:07:56.837+0000] {processor.py:175} INFO - Processing /home/airflow/.local/lib/python3.7/site-packages/airflow/example_dags/example_branch_datetime_operator.py took 1.071 seconds
[2023-04-08T09:07:05.452+0000] {processor.py:153} INFO - Started process (PID=48752) to work on /home/airflow/.local/lib/python3.7/site-packages/airflow/example_dags/example_branch_datetime_operator.py
[2023-04-08T09:07:05.560+0000] {processor.py:743} INFO - Processing file /home/airflow/.local/lib/python3.7/site-packages/airflow/example_dags/example_branch_datetime_operator.py for tasks to queue
[2023-04-08T09:07:05.650+0000] {logging_mixin.py:137} INFO - [2023-04-08T09:07:05.648+0000] {dagbag.py:532} INFO - Filling up the DagBag from /home/airflow/.local/lib/python3.7/site-packages/airflow/example_dags/example_branch_datetime_operator.py
[2023-04-08T09:07:07.073+0000] {processor.py:753} INFO - DAG(s) dict_keys(['example_branch_datetime_operator_2', 'example_branch_datetime_operator_3', 'example_branch_datetime_operator']) retrieved from /home/airflow/.local/lib/python3.7/site-packages/airflow/example_dags/example_branch_datetime_operator.py
[2023-04-08T09:07:09.513+0000] {logging_mixin.py:137} INFO - [2023-04-08T09:07:09.509+0000] {dag.py:2705} INFO - Sync 3 DAGs
[2023-04-08T09:07:12.465+0000] {logging_mixin.py:137} INFO - [2023-04-08T09:07:12.462+0000] {dag.py:3456} INFO - Setting next_dagrun for example_branch_datetime_operator to 2023-04-07T00:00:00+00:00, run_after=2023-04-08T00:00:00+00:00
[2023-04-08T09:07:13.517+0000] {logging_mixin.py:137} INFO - [2023-04-08T09:07:13.510+0000] {dag.py:3456} INFO - Setting next_dagrun for example_branch_datetime_operator_2 to 2023-04-07T00:00:00+00:00, run_after=2023-04-08T00:00:00+00:00
[2023-04-08T09:07:14.237+0000] {logging_mixin.py:137} INFO - [2023-04-08T09:07:14.221+0000] {dag.py:3456} INFO - Setting next_dagrun for example_branch_datetime_operator_3 to 2023-04-07T00:00:00+00:00, run_after=2023-04-08T00:00:00+00:00
[2023-04-08T09:07:19.611+0000] {processor.py:175} INFO - Processing /home/airflow/.local/lib/python3.7/site-packages/airflow/example_dags/example_branch_datetime_operator.py took 14.611 seconds
[2023-04-08T10:09:41.254+0000] {processor.py:153} INFO - Started process (PID=48827) to work on /home/airflow/.local/lib/python3.7/site-packages/airflow/example_dags/example_branch_datetime_operator.py
[2023-04-08T10:09:41.265+0000] {processor.py:743} INFO - Processing file /home/airflow/.local/lib/python3.7/site-packages/airflow/example_dags/example_branch_datetime_operator.py for tasks to queue
[2023-04-08T10:09:41.272+0000] {logging_mixin.py:137} INFO - [2023-04-08T10:09:41.271+0000] {dagbag.py:532} INFO - Filling up the DagBag from /home/airflow/.local/lib/python3.7/site-packages/airflow/example_dags/example_branch_datetime_operator.py
[2023-04-08T10:09:41.394+0000] {processor.py:753} INFO - DAG(s) dict_keys(['example_branch_datetime_operator_2', 'example_branch_datetime_operator_3', 'example_branch_datetime_operator']) retrieved from /home/airflow/.local/lib/python3.7/site-packages/airflow/example_dags/example_branch_datetime_operator.py
[2023-04-08T10:09:41.680+0000] {logging_mixin.py:137} INFO - [2023-04-08T10:09:41.680+0000] {dag.py:2705} INFO - Sync 3 DAGs
[2023-04-08T10:09:42.204+0000] {logging_mixin.py:137} INFO - [2023-04-08T10:09:42.204+0000] {dag.py:3456} INFO - Setting next_dagrun for example_branch_datetime_operator to 2023-04-07T00:00:00+00:00, run_after=2023-04-08T00:00:00+00:00
[2023-04-08T10:09:42.234+0000] {logging_mixin.py:137} INFO - [2023-04-08T10:09:42.233+0000] {dag.py:3456} INFO - Setting next_dagrun for example_branch_datetime_operator_2 to 2023-04-07T00:00:00+00:00, run_after=2023-04-08T00:00:00+00:00
[2023-04-08T10:09:42.252+0000] {logging_mixin.py:137} INFO - [2023-04-08T10:09:42.252+0000] {dag.py:3456} INFO - Setting next_dagrun for example_branch_datetime_operator_3 to 2023-04-07T00:00:00+00:00, run_after=2023-04-08T00:00:00+00:00
[2023-04-08T10:09:42.346+0000] {processor.py:175} INFO - Processing /home/airflow/.local/lib/python3.7/site-packages/airflow/example_dags/example_branch_datetime_operator.py took 1.126 seconds
[2023-04-08T10:10:13.025+0000] {processor.py:153} INFO - Started process (PID=48876) to work on /home/airflow/.local/lib/python3.7/site-packages/airflow/example_dags/example_branch_datetime_operator.py
[2023-04-08T10:10:13.046+0000] {processor.py:743} INFO - Processing file /home/airflow/.local/lib/python3.7/site-packages/airflow/example_dags/example_branch_datetime_operator.py for tasks to queue
[2023-04-08T10:10:13.065+0000] {logging_mixin.py:137} INFO - [2023-04-08T10:10:13.061+0000] {dagbag.py:532} INFO - Filling up the DagBag from /home/airflow/.local/lib/python3.7/site-packages/airflow/example_dags/example_branch_datetime_operator.py
[2023-04-08T10:10:13.262+0000] {processor.py:753} INFO - DAG(s) dict_keys(['example_branch_datetime_operator_2', 'example_branch_datetime_operator', 'example_branch_datetime_operator_3']) retrieved from /home/airflow/.local/lib/python3.7/site-packages/airflow/example_dags/example_branch_datetime_operator.py
[2023-04-08T10:10:14.005+0000] {logging_mixin.py:137} INFO - [2023-04-08T10:10:14.001+0000] {dag.py:2705} INFO - Sync 3 DAGs
[2023-04-08T10:10:14.453+0000] {logging_mixin.py:137} INFO - [2023-04-08T10:10:14.452+0000] {dag.py:3456} INFO - Setting next_dagrun for example_branch_datetime_operator to 2023-04-07T00:00:00+00:00, run_after=2023-04-08T00:00:00+00:00
[2023-04-08T10:10:14.485+0000] {logging_mixin.py:137} INFO - [2023-04-08T10:10:14.483+0000] {dag.py:3456} INFO - Setting next_dagrun for example_branch_datetime_operator_2 to 2023-04-07T00:00:00+00:00, run_after=2023-04-08T00:00:00+00:00
[2023-04-08T10:10:14.516+0000] {logging_mixin.py:137} INFO - [2023-04-08T10:10:14.515+0000] {dag.py:3456} INFO - Setting next_dagrun for example_branch_datetime_operator_3 to 2023-04-07T00:00:00+00:00, run_after=2023-04-08T00:00:00+00:00
[2023-04-08T10:10:14.612+0000] {processor.py:175} INFO - Processing /home/airflow/.local/lib/python3.7/site-packages/airflow/example_dags/example_branch_datetime_operator.py took 1.627 seconds
[2023-04-08T10:10:45.154+0000] {processor.py:153} INFO - Started process (PID=48934) to work on /home/airflow/.local/lib/python3.7/site-packages/airflow/example_dags/example_branch_datetime_operator.py
[2023-04-08T10:10:45.164+0000] {processor.py:743} INFO - Processing file /home/airflow/.local/lib/python3.7/site-packages/airflow/example_dags/example_branch_datetime_operator.py for tasks to queue
[2023-04-08T10:10:45.178+0000] {logging_mixin.py:137} INFO - [2023-04-08T10:10:45.178+0000] {dagbag.py:532} INFO - Filling up the DagBag from /home/airflow/.local/lib/python3.7/site-packages/airflow/example_dags/example_branch_datetime_operator.py
[2023-04-08T10:10:45.292+0000] {processor.py:753} INFO - DAG(s) dict_keys(['example_branch_datetime_operator', 'example_branch_datetime_operator_3', 'example_branch_datetime_operator_2']) retrieved from /home/airflow/.local/lib/python3.7/site-packages/airflow/example_dags/example_branch_datetime_operator.py
[2023-04-08T10:10:45.620+0000] {logging_mixin.py:137} INFO - [2023-04-08T10:10:45.617+0000] {dag.py:2705} INFO - Sync 3 DAGs
[2023-04-08T10:10:45.970+0000] {logging_mixin.py:137} INFO - [2023-04-08T10:10:45.970+0000] {dag.py:3456} INFO - Setting next_dagrun for example_branch_datetime_operator to 2023-04-07T00:00:00+00:00, run_after=2023-04-08T00:00:00+00:00
[2023-04-08T10:10:46.002+0000] {logging_mixin.py:137} INFO - [2023-04-08T10:10:46.002+0000] {dag.py:3456} INFO - Setting next_dagrun for example_branch_datetime_operator_2 to 2023-04-07T00:00:00+00:00, run_after=2023-04-08T00:00:00+00:00
[2023-04-08T10:10:46.022+0000] {logging_mixin.py:137} INFO - [2023-04-08T10:10:46.021+0000] {dag.py:3456} INFO - Setting next_dagrun for example_branch_datetime_operator_3 to 2023-04-07T00:00:00+00:00, run_after=2023-04-08T00:00:00+00:00
[2023-04-08T10:10:46.314+0000] {processor.py:175} INFO - Processing /home/airflow/.local/lib/python3.7/site-packages/airflow/example_dags/example_branch_datetime_operator.py took 1.192 seconds
[2023-04-08T10:11:24.520+0000] {processor.py:153} INFO - Started process (PID=48979) to work on /home/airflow/.local/lib/python3.7/site-packages/airflow/example_dags/example_branch_datetime_operator.py
[2023-04-08T10:11:24.576+0000] {processor.py:743} INFO - Processing file /home/airflow/.local/lib/python3.7/site-packages/airflow/example_dags/example_branch_datetime_operator.py for tasks to queue
[2023-04-08T10:11:24.624+0000] {logging_mixin.py:137} INFO - [2023-04-08T10:11:24.616+0000] {dagbag.py:532} INFO - Filling up the DagBag from /home/airflow/.local/lib/python3.7/site-packages/airflow/example_dags/example_branch_datetime_operator.py
[2023-04-08T10:11:25.021+0000] {processor.py:753} INFO - DAG(s) dict_keys(['example_branch_datetime_operator_3', 'example_branch_datetime_operator', 'example_branch_datetime_operator_2']) retrieved from /home/airflow/.local/lib/python3.7/site-packages/airflow/example_dags/example_branch_datetime_operator.py
[2023-04-08T10:11:25.385+0000] {logging_mixin.py:137} INFO - [2023-04-08T10:11:25.384+0000] {dag.py:2705} INFO - Sync 3 DAGs
[2023-04-08T10:11:25.636+0000] {logging_mixin.py:137} INFO - [2023-04-08T10:11:25.630+0000] {dag.py:3456} INFO - Setting next_dagrun for example_branch_datetime_operator to 2023-04-07T00:00:00+00:00, run_after=2023-04-08T00:00:00+00:00
[2023-04-08T10:11:25.713+0000] {logging_mixin.py:137} INFO - [2023-04-08T10:11:25.709+0000] {dag.py:3456} INFO - Setting next_dagrun for example_branch_datetime_operator_2 to 2023-04-07T00:00:00+00:00, run_after=2023-04-08T00:00:00+00:00
[2023-04-08T10:11:25.746+0000] {logging_mixin.py:137} INFO - [2023-04-08T10:11:25.745+0000] {dag.py:3456} INFO - Setting next_dagrun for example_branch_datetime_operator_3 to 2023-04-07T00:00:00+00:00, run_after=2023-04-08T00:00:00+00:00
[2023-04-08T10:11:25.926+0000] {processor.py:175} INFO - Processing /home/airflow/.local/lib/python3.7/site-packages/airflow/example_dags/example_branch_datetime_operator.py took 1.486 seconds
[2023-04-08T10:12:05.524+0000] {processor.py:153} INFO - Started process (PID=49023) to work on /home/airflow/.local/lib/python3.7/site-packages/airflow/example_dags/example_branch_datetime_operator.py
[2023-04-08T10:12:05.531+0000] {processor.py:743} INFO - Processing file /home/airflow/.local/lib/python3.7/site-packages/airflow/example_dags/example_branch_datetime_operator.py for tasks to queue
[2023-04-08T10:12:05.553+0000] {logging_mixin.py:137} INFO - [2023-04-08T10:12:05.551+0000] {dagbag.py:532} INFO - Filling up the DagBag from /home/airflow/.local/lib/python3.7/site-packages/airflow/example_dags/example_branch_datetime_operator.py
[2023-04-08T10:12:05.650+0000] {processor.py:753} INFO - DAG(s) dict_keys(['example_branch_datetime_operator_2', 'example_branch_datetime_operator_3', 'example_branch_datetime_operator']) retrieved from /home/airflow/.local/lib/python3.7/site-packages/airflow/example_dags/example_branch_datetime_operator.py
[2023-04-08T10:12:05.955+0000] {logging_mixin.py:137} INFO - [2023-04-08T10:12:05.955+0000] {dag.py:2705} INFO - Sync 3 DAGs
[2023-04-08T10:12:06.166+0000] {logging_mixin.py:137} INFO - [2023-04-08T10:12:06.165+0000] {dag.py:3456} INFO - Setting next_dagrun for example_branch_datetime_operator to 2023-04-07T00:00:00+00:00, run_after=2023-04-08T00:00:00+00:00
[2023-04-08T10:12:06.217+0000] {logging_mixin.py:137} INFO - [2023-04-08T10:12:06.217+0000] {dag.py:3456} INFO - Setting next_dagrun for example_branch_datetime_operator_2 to 2023-04-07T00:00:00+00:00, run_after=2023-04-08T00:00:00+00:00
[2023-04-08T10:12:06.244+0000] {logging_mixin.py:137} INFO - [2023-04-08T10:12:06.244+0000] {dag.py:3456} INFO - Setting next_dagrun for example_branch_datetime_operator_3 to 2023-04-07T00:00:00+00:00, run_after=2023-04-08T00:00:00+00:00
[2023-04-08T10:12:06.333+0000] {processor.py:175} INFO - Processing /home/airflow/.local/lib/python3.7/site-packages/airflow/example_dags/example_branch_datetime_operator.py took 0.832 seconds
[2023-04-08T10:12:42.595+0000] {processor.py:153} INFO - Started process (PID=49080) to work on /home/airflow/.local/lib/python3.7/site-packages/airflow/example_dags/example_branch_datetime_operator.py
[2023-04-08T10:12:42.603+0000] {processor.py:743} INFO - Processing file /home/airflow/.local/lib/python3.7/site-packages/airflow/example_dags/example_branch_datetime_operator.py for tasks to queue
[2023-04-08T10:12:42.614+0000] {logging_mixin.py:137} INFO - [2023-04-08T10:12:42.613+0000] {dagbag.py:532} INFO - Filling up the DagBag from /home/airflow/.local/lib/python3.7/site-packages/airflow/example_dags/example_branch_datetime_operator.py
[2023-04-08T10:12:42.752+0000] {processor.py:753} INFO - DAG(s) dict_keys(['example_branch_datetime_operator', 'example_branch_datetime_operator_2', 'example_branch_datetime_operator_3']) retrieved from /home/airflow/.local/lib/python3.7/site-packages/airflow/example_dags/example_branch_datetime_operator.py
[2023-04-08T10:12:43.175+0000] {logging_mixin.py:137} INFO - [2023-04-08T10:12:43.174+0000] {dag.py:2705} INFO - Sync 3 DAGs
[2023-04-08T10:12:43.383+0000] {logging_mixin.py:137} INFO - [2023-04-08T10:12:43.382+0000] {dag.py:3456} INFO - Setting next_dagrun for example_branch_datetime_operator to 2023-04-07T00:00:00+00:00, run_after=2023-04-08T00:00:00+00:00
[2023-04-08T10:12:43.448+0000] {logging_mixin.py:137} INFO - [2023-04-08T10:12:43.447+0000] {dag.py:3456} INFO - Setting next_dagrun for example_branch_datetime_operator_2 to 2023-04-07T00:00:00+00:00, run_after=2023-04-08T00:00:00+00:00
[2023-04-08T10:12:43.496+0000] {logging_mixin.py:137} INFO - [2023-04-08T10:12:43.496+0000] {dag.py:3456} INFO - Setting next_dagrun for example_branch_datetime_operator_3 to 2023-04-07T00:00:00+00:00, run_after=2023-04-08T00:00:00+00:00
[2023-04-08T10:12:43.677+0000] {processor.py:175} INFO - Processing /home/airflow/.local/lib/python3.7/site-packages/airflow/example_dags/example_branch_datetime_operator.py took 1.114 seconds
[2023-04-08T10:13:35.706+0000] {processor.py:153} INFO - Started process (PID=49132) to work on /home/airflow/.local/lib/python3.7/site-packages/airflow/example_dags/example_branch_datetime_operator.py
[2023-04-08T10:13:35.715+0000] {processor.py:743} INFO - Processing file /home/airflow/.local/lib/python3.7/site-packages/airflow/example_dags/example_branch_datetime_operator.py for tasks to queue
[2023-04-08T10:13:35.750+0000] {logging_mixin.py:137} INFO - [2023-04-08T10:13:35.742+0000] {dagbag.py:532} INFO - Filling up the DagBag from /home/airflow/.local/lib/python3.7/site-packages/airflow/example_dags/example_branch_datetime_operator.py
[2023-04-08T10:13:35.946+0000] {processor.py:753} INFO - DAG(s) dict_keys(['example_branch_datetime_operator_2', 'example_branch_datetime_operator', 'example_branch_datetime_operator_3']) retrieved from /home/airflow/.local/lib/python3.7/site-packages/airflow/example_dags/example_branch_datetime_operator.py
[2023-04-08T10:13:36.442+0000] {logging_mixin.py:137} INFO - [2023-04-08T10:13:36.441+0000] {dag.py:2705} INFO - Sync 3 DAGs
[2023-04-08T10:13:36.875+0000] {logging_mixin.py:137} INFO - [2023-04-08T10:13:36.874+0000] {dag.py:3456} INFO - Setting next_dagrun for example_branch_datetime_operator to 2023-04-07T00:00:00+00:00, run_after=2023-04-08T00:00:00+00:00
[2023-04-08T10:13:36.948+0000] {logging_mixin.py:137} INFO - [2023-04-08T10:13:36.943+0000] {dag.py:3456} INFO - Setting next_dagrun for example_branch_datetime_operator_2 to 2023-04-07T00:00:00+00:00, run_after=2023-04-08T00:00:00+00:00
[2023-04-08T10:13:36.975+0000] {logging_mixin.py:137} INFO - [2023-04-08T10:13:36.975+0000] {dag.py:3456} INFO - Setting next_dagrun for example_branch_datetime_operator_3 to 2023-04-07T00:00:00+00:00, run_after=2023-04-08T00:00:00+00:00
[2023-04-08T10:13:37.218+0000] {processor.py:175} INFO - Processing /home/airflow/.local/lib/python3.7/site-packages/airflow/example_dags/example_branch_datetime_operator.py took 1.531 seconds
[2023-04-08T10:14:12.996+0000] {processor.py:153} INFO - Started process (PID=49177) to work on /home/airflow/.local/lib/python3.7/site-packages/airflow/example_dags/example_branch_datetime_operator.py
[2023-04-08T10:14:13.006+0000] {processor.py:743} INFO - Processing file /home/airflow/.local/lib/python3.7/site-packages/airflow/example_dags/example_branch_datetime_operator.py for tasks to queue
[2023-04-08T10:14:13.012+0000] {logging_mixin.py:137} INFO - [2023-04-08T10:14:13.011+0000] {dagbag.py:532} INFO - Filling up the DagBag from /home/airflow/.local/lib/python3.7/site-packages/airflow/example_dags/example_branch_datetime_operator.py
[2023-04-08T10:14:13.055+0000] {processor.py:753} INFO - DAG(s) dict_keys(['example_branch_datetime_operator', 'example_branch_datetime_operator_2', 'example_branch_datetime_operator_3']) retrieved from /home/airflow/.local/lib/python3.7/site-packages/airflow/example_dags/example_branch_datetime_operator.py
[2023-04-08T10:14:13.371+0000] {logging_mixin.py:137} INFO - [2023-04-08T10:14:13.370+0000] {dag.py:2705} INFO - Sync 3 DAGs
[2023-04-08T10:14:13.568+0000] {logging_mixin.py:137} INFO - [2023-04-08T10:14:13.567+0000] {dag.py:3456} INFO - Setting next_dagrun for example_branch_datetime_operator to 2023-04-07T00:00:00+00:00, run_after=2023-04-08T00:00:00+00:00
[2023-04-08T10:14:13.607+0000] {logging_mixin.py:137} INFO - [2023-04-08T10:14:13.606+0000] {dag.py:3456} INFO - Setting next_dagrun for example_branch_datetime_operator_2 to 2023-04-07T00:00:00+00:00, run_after=2023-04-08T00:00:00+00:00
[2023-04-08T10:14:13.667+0000] {logging_mixin.py:137} INFO - [2023-04-08T10:14:13.667+0000] {dag.py:3456} INFO - Setting next_dagrun for example_branch_datetime_operator_3 to 2023-04-07T00:00:00+00:00, run_after=2023-04-08T00:00:00+00:00
[2023-04-08T10:14:13.820+0000] {processor.py:175} INFO - Processing /home/airflow/.local/lib/python3.7/site-packages/airflow/example_dags/example_branch_datetime_operator.py took 0.845 seconds
[2023-04-08T10:15:03.440+0000] {processor.py:153} INFO - Started process (PID=49237) to work on /home/airflow/.local/lib/python3.7/site-packages/airflow/example_dags/example_branch_datetime_operator.py
[2023-04-08T10:15:03.504+0000] {processor.py:743} INFO - Processing file /home/airflow/.local/lib/python3.7/site-packages/airflow/example_dags/example_branch_datetime_operator.py for tasks to queue
[2023-04-08T10:15:03.531+0000] {logging_mixin.py:137} INFO - [2023-04-08T10:15:03.530+0000] {dagbag.py:532} INFO - Filling up the DagBag from /home/airflow/.local/lib/python3.7/site-packages/airflow/example_dags/example_branch_datetime_operator.py
[2023-04-08T10:15:03.641+0000] {processor.py:753} INFO - DAG(s) dict_keys(['example_branch_datetime_operator_3', 'example_branch_datetime_operator', 'example_branch_datetime_operator_2']) retrieved from /home/airflow/.local/lib/python3.7/site-packages/airflow/example_dags/example_branch_datetime_operator.py
[2023-04-08T10:15:04.142+0000] {logging_mixin.py:137} INFO - [2023-04-08T10:15:04.142+0000] {dag.py:2705} INFO - Sync 3 DAGs
[2023-04-08T10:15:04.664+0000] {logging_mixin.py:137} INFO - [2023-04-08T10:15:04.663+0000] {dag.py:3456} INFO - Setting next_dagrun for example_branch_datetime_operator to 2023-04-07T00:00:00+00:00, run_after=2023-04-08T00:00:00+00:00
[2023-04-08T10:15:04.791+0000] {logging_mixin.py:137} INFO - [2023-04-08T10:15:04.790+0000] {dag.py:3456} INFO - Setting next_dagrun for example_branch_datetime_operator_2 to 2023-04-07T00:00:00+00:00, run_after=2023-04-08T00:00:00+00:00
[2023-04-08T10:15:04.817+0000] {logging_mixin.py:137} INFO - [2023-04-08T10:15:04.817+0000] {dag.py:3456} INFO - Setting next_dagrun for example_branch_datetime_operator_3 to 2023-04-07T00:00:00+00:00, run_after=2023-04-08T00:00:00+00:00
[2023-04-08T10:15:05.045+0000] {processor.py:175} INFO - Processing /home/airflow/.local/lib/python3.7/site-packages/airflow/example_dags/example_branch_datetime_operator.py took 1.644 seconds
[2023-04-08T10:15:39.686+0000] {processor.py:153} INFO - Started process (PID=49288) to work on /home/airflow/.local/lib/python3.7/site-packages/airflow/example_dags/example_branch_datetime_operator.py
[2023-04-08T10:15:39.735+0000] {processor.py:743} INFO - Processing file /home/airflow/.local/lib/python3.7/site-packages/airflow/example_dags/example_branch_datetime_operator.py for tasks to queue
[2023-04-08T10:15:39.812+0000] {logging_mixin.py:137} INFO - [2023-04-08T10:15:39.808+0000] {dagbag.py:532} INFO - Filling up the DagBag from /home/airflow/.local/lib/python3.7/site-packages/airflow/example_dags/example_branch_datetime_operator.py
[2023-04-08T10:15:40.186+0000] {processor.py:753} INFO - DAG(s) dict_keys(['example_branch_datetime_operator_3', 'example_branch_datetime_operator_2', 'example_branch_datetime_operator']) retrieved from /home/airflow/.local/lib/python3.7/site-packages/airflow/example_dags/example_branch_datetime_operator.py
[2023-04-08T10:15:41.159+0000] {logging_mixin.py:137} INFO - [2023-04-08T10:15:41.156+0000] {dag.py:2705} INFO - Sync 3 DAGs
[2023-04-08T10:15:41.453+0000] {logging_mixin.py:137} INFO - [2023-04-08T10:15:41.449+0000] {dag.py:3456} INFO - Setting next_dagrun for example_branch_datetime_operator to 2023-04-07T00:00:00+00:00, run_after=2023-04-08T00:00:00+00:00
[2023-04-08T10:15:41.685+0000] {logging_mixin.py:137} INFO - [2023-04-08T10:15:41.684+0000] {dag.py:3456} INFO - Setting next_dagrun for example_branch_datetime_operator_2 to 2023-04-07T00:00:00+00:00, run_after=2023-04-08T00:00:00+00:00
[2023-04-08T10:15:41.733+0000] {logging_mixin.py:137} INFO - [2023-04-08T10:15:41.726+0000] {dag.py:3456} INFO - Setting next_dagrun for example_branch_datetime_operator_3 to 2023-04-07T00:00:00+00:00, run_after=2023-04-08T00:00:00+00:00
[2023-04-08T10:15:41.999+0000] {processor.py:175} INFO - Processing /home/airflow/.local/lib/python3.7/site-packages/airflow/example_dags/example_branch_datetime_operator.py took 2.342 seconds
[2023-04-08T10:16:12.508+0000] {processor.py:153} INFO - Started process (PID=49339) to work on /home/airflow/.local/lib/python3.7/site-packages/airflow/example_dags/example_branch_datetime_operator.py
[2023-04-08T10:16:12.570+0000] {processor.py:743} INFO - Processing file /home/airflow/.local/lib/python3.7/site-packages/airflow/example_dags/example_branch_datetime_operator.py for tasks to queue
[2023-04-08T10:16:12.699+0000] {logging_mixin.py:137} INFO - [2023-04-08T10:16:12.696+0000] {dagbag.py:532} INFO - Filling up the DagBag from /home/airflow/.local/lib/python3.7/site-packages/airflow/example_dags/example_branch_datetime_operator.py
[2023-04-08T10:16:12.806+0000] {processor.py:753} INFO - DAG(s) dict_keys(['example_branch_datetime_operator_2', 'example_branch_datetime_operator', 'example_branch_datetime_operator_3']) retrieved from /home/airflow/.local/lib/python3.7/site-packages/airflow/example_dags/example_branch_datetime_operator.py
[2023-04-08T10:16:12.934+0000] {logging_mixin.py:137} INFO - [2023-04-08T10:16:12.934+0000] {dag.py:2705} INFO - Sync 3 DAGs
[2023-04-08T10:16:13.084+0000] {logging_mixin.py:137} INFO - [2023-04-08T10:16:13.083+0000] {dag.py:3456} INFO - Setting next_dagrun for example_branch_datetime_operator to 2023-04-07T00:00:00+00:00, run_after=2023-04-08T00:00:00+00:00
[2023-04-08T10:16:13.140+0000] {logging_mixin.py:137} INFO - [2023-04-08T10:16:13.140+0000] {dag.py:3456} INFO - Setting next_dagrun for example_branch_datetime_operator_2 to 2023-04-07T00:00:00+00:00, run_after=2023-04-08T00:00:00+00:00
[2023-04-08T10:16:13.190+0000] {logging_mixin.py:137} INFO - [2023-04-08T10:16:13.190+0000] {dag.py:3456} INFO - Setting next_dagrun for example_branch_datetime_operator_3 to 2023-04-07T00:00:00+00:00, run_after=2023-04-08T00:00:00+00:00
[2023-04-08T10:16:13.285+0000] {processor.py:175} INFO - Processing /home/airflow/.local/lib/python3.7/site-packages/airflow/example_dags/example_branch_datetime_operator.py took 0.807 seconds
[2023-04-08T10:16:43.815+0000] {processor.py:153} INFO - Started process (PID=49406) to work on /home/airflow/.local/lib/python3.7/site-packages/airflow/example_dags/example_branch_datetime_operator.py
[2023-04-08T10:16:43.820+0000] {processor.py:743} INFO - Processing file /home/airflow/.local/lib/python3.7/site-packages/airflow/example_dags/example_branch_datetime_operator.py for tasks to queue
[2023-04-08T10:16:43.825+0000] {logging_mixin.py:137} INFO - [2023-04-08T10:16:43.824+0000] {dagbag.py:532} INFO - Filling up the DagBag from /home/airflow/.local/lib/python3.7/site-packages/airflow/example_dags/example_branch_datetime_operator.py
[2023-04-08T10:16:43.875+0000] {processor.py:753} INFO - DAG(s) dict_keys(['example_branch_datetime_operator_3', 'example_branch_datetime_operator', 'example_branch_datetime_operator_2']) retrieved from /home/airflow/.local/lib/python3.7/site-packages/airflow/example_dags/example_branch_datetime_operator.py
[2023-04-08T10:16:43.966+0000] {logging_mixin.py:137} INFO - [2023-04-08T10:16:43.966+0000] {dag.py:2705} INFO - Sync 3 DAGs
[2023-04-08T10:16:44.085+0000] {logging_mixin.py:137} INFO - [2023-04-08T10:16:44.084+0000] {dag.py:3456} INFO - Setting next_dagrun for example_branch_datetime_operator to 2023-04-07T00:00:00+00:00, run_after=2023-04-08T00:00:00+00:00
[2023-04-08T10:16:44.146+0000] {logging_mixin.py:137} INFO - [2023-04-08T10:16:44.145+0000] {dag.py:3456} INFO - Setting next_dagrun for example_branch_datetime_operator_2 to 2023-04-07T00:00:00+00:00, run_after=2023-04-08T00:00:00+00:00
[2023-04-08T10:16:44.160+0000] {logging_mixin.py:137} INFO - [2023-04-08T10:16:44.159+0000] {dag.py:3456} INFO - Setting next_dagrun for example_branch_datetime_operator_3 to 2023-04-07T00:00:00+00:00, run_after=2023-04-08T00:00:00+00:00
[2023-04-08T10:16:44.252+0000] {processor.py:175} INFO - Processing /home/airflow/.local/lib/python3.7/site-packages/airflow/example_dags/example_branch_datetime_operator.py took 0.448 seconds
[2023-04-08T10:17:14.629+0000] {processor.py:153} INFO - Started process (PID=49456) to work on /home/airflow/.local/lib/python3.7/site-packages/airflow/example_dags/example_branch_datetime_operator.py
[2023-04-08T10:17:14.632+0000] {processor.py:743} INFO - Processing file /home/airflow/.local/lib/python3.7/site-packages/airflow/example_dags/example_branch_datetime_operator.py for tasks to queue
[2023-04-08T10:17:14.635+0000] {logging_mixin.py:137} INFO - [2023-04-08T10:17:14.635+0000] {dagbag.py:532} INFO - Filling up the DagBag from /home/airflow/.local/lib/python3.7/site-packages/airflow/example_dags/example_branch_datetime_operator.py
[2023-04-08T10:17:14.653+0000] {processor.py:753} INFO - DAG(s) dict_keys(['example_branch_datetime_operator_2', 'example_branch_datetime_operator', 'example_branch_datetime_operator_3']) retrieved from /home/airflow/.local/lib/python3.7/site-packages/airflow/example_dags/example_branch_datetime_operator.py
[2023-04-08T10:17:14.700+0000] {logging_mixin.py:137} INFO - [2023-04-08T10:17:14.700+0000] {dag.py:2705} INFO - Sync 3 DAGs
[2023-04-08T10:17:14.745+0000] {logging_mixin.py:137} INFO - [2023-04-08T10:17:14.745+0000] {dag.py:3456} INFO - Setting next_dagrun for example_branch_datetime_operator to 2023-04-07T00:00:00+00:00, run_after=2023-04-08T00:00:00+00:00
[2023-04-08T10:17:14.755+0000] {logging_mixin.py:137} INFO - [2023-04-08T10:17:14.755+0000] {dag.py:3456} INFO - Setting next_dagrun for example_branch_datetime_operator_2 to 2023-04-07T00:00:00+00:00, run_after=2023-04-08T00:00:00+00:00
[2023-04-08T10:17:14.760+0000] {logging_mixin.py:137} INFO - [2023-04-08T10:17:14.760+0000] {dag.py:3456} INFO - Setting next_dagrun for example_branch_datetime_operator_3 to 2023-04-07T00:00:00+00:00, run_after=2023-04-08T00:00:00+00:00
[2023-04-08T10:17:14.784+0000] {processor.py:175} INFO - Processing /home/airflow/.local/lib/python3.7/site-packages/airflow/example_dags/example_branch_datetime_operator.py took 0.161 seconds
[2023-04-08T10:17:45.318+0000] {processor.py:153} INFO - Started process (PID=49505) to work on /home/airflow/.local/lib/python3.7/site-packages/airflow/example_dags/example_branch_datetime_operator.py
[2023-04-08T10:17:45.321+0000] {processor.py:743} INFO - Processing file /home/airflow/.local/lib/python3.7/site-packages/airflow/example_dags/example_branch_datetime_operator.py for tasks to queue
[2023-04-08T10:17:45.323+0000] {logging_mixin.py:137} INFO - [2023-04-08T10:17:45.323+0000] {dagbag.py:532} INFO - Filling up the DagBag from /home/airflow/.local/lib/python3.7/site-packages/airflow/example_dags/example_branch_datetime_operator.py
[2023-04-08T10:17:45.342+0000] {processor.py:753} INFO - DAG(s) dict_keys(['example_branch_datetime_operator_2', 'example_branch_datetime_operator', 'example_branch_datetime_operator_3']) retrieved from /home/airflow/.local/lib/python3.7/site-packages/airflow/example_dags/example_branch_datetime_operator.py
[2023-04-08T10:17:45.395+0000] {logging_mixin.py:137} INFO - [2023-04-08T10:17:45.395+0000] {dag.py:2705} INFO - Sync 3 DAGs
[2023-04-08T10:17:45.435+0000] {logging_mixin.py:137} INFO - [2023-04-08T10:17:45.435+0000] {dag.py:3456} INFO - Setting next_dagrun for example_branch_datetime_operator to 2023-04-07T00:00:00+00:00, run_after=2023-04-08T00:00:00+00:00
[2023-04-08T10:17:45.445+0000] {logging_mixin.py:137} INFO - [2023-04-08T10:17:45.445+0000] {dag.py:3456} INFO - Setting next_dagrun for example_branch_datetime_operator_2 to 2023-04-07T00:00:00+00:00, run_after=2023-04-08T00:00:00+00:00
[2023-04-08T10:17:45.450+0000] {logging_mixin.py:137} INFO - [2023-04-08T10:17:45.450+0000] {dag.py:3456} INFO - Setting next_dagrun for example_branch_datetime_operator_3 to 2023-04-07T00:00:00+00:00, run_after=2023-04-08T00:00:00+00:00
[2023-04-08T10:17:45.475+0000] {processor.py:175} INFO - Processing /home/airflow/.local/lib/python3.7/site-packages/airflow/example_dags/example_branch_datetime_operator.py took 0.164 seconds
[2023-04-08T10:18:15.661+0000] {processor.py:153} INFO - Started process (PID=49556) to work on /home/airflow/.local/lib/python3.7/site-packages/airflow/example_dags/example_branch_datetime_operator.py
[2023-04-08T10:18:15.663+0000] {processor.py:743} INFO - Processing file /home/airflow/.local/lib/python3.7/site-packages/airflow/example_dags/example_branch_datetime_operator.py for tasks to queue
[2023-04-08T10:18:15.665+0000] {logging_mixin.py:137} INFO - [2023-04-08T10:18:15.665+0000] {dagbag.py:532} INFO - Filling up the DagBag from /home/airflow/.local/lib/python3.7/site-packages/airflow/example_dags/example_branch_datetime_operator.py
[2023-04-08T10:18:15.682+0000] {processor.py:753} INFO - DAG(s) dict_keys(['example_branch_datetime_operator', 'example_branch_datetime_operator_2', 'example_branch_datetime_operator_3']) retrieved from /home/airflow/.local/lib/python3.7/site-packages/airflow/example_dags/example_branch_datetime_operator.py
[2023-04-08T10:18:15.728+0000] {logging_mixin.py:137} INFO - [2023-04-08T10:18:15.728+0000] {dag.py:2705} INFO - Sync 3 DAGs
[2023-04-08T10:18:15.766+0000] {logging_mixin.py:137} INFO - [2023-04-08T10:18:15.765+0000] {dag.py:3456} INFO - Setting next_dagrun for example_branch_datetime_operator to 2023-04-07T00:00:00+00:00, run_after=2023-04-08T00:00:00+00:00
[2023-04-08T10:18:15.774+0000] {logging_mixin.py:137} INFO - [2023-04-08T10:18:15.774+0000] {dag.py:3456} INFO - Setting next_dagrun for example_branch_datetime_operator_2 to 2023-04-07T00:00:00+00:00, run_after=2023-04-08T00:00:00+00:00
[2023-04-08T10:18:15.779+0000] {logging_mixin.py:137} INFO - [2023-04-08T10:18:15.779+0000] {dag.py:3456} INFO - Setting next_dagrun for example_branch_datetime_operator_3 to 2023-04-07T00:00:00+00:00, run_after=2023-04-08T00:00:00+00:00
[2023-04-08T10:18:15.803+0000] {processor.py:175} INFO - Processing /home/airflow/.local/lib/python3.7/site-packages/airflow/example_dags/example_branch_datetime_operator.py took 0.148 seconds
