[2023-04-08T07:06:50.636+0000] {processor.py:153} INFO - Started process (PID=48361) to work on /home/airflow/.local/lib/python3.7/site-packages/airflow/example_dags/example_branch_operator_decorator.py
[2023-04-08T07:06:50.647+0000] {processor.py:743} INFO - Processing file /home/airflow/.local/lib/python3.7/site-packages/airflow/example_dags/example_branch_operator_decorator.py for tasks to queue
[2023-04-08T07:06:50.682+0000] {logging_mixin.py:137} INFO - [2023-04-08T07:06:50.682+0000] {dagbag.py:532} INFO - Filling up the DagBag from /home/airflow/.local/lib/python3.7/site-packages/airflow/example_dags/example_branch_operator_decorator.py
[2023-04-08T07:06:50.989+0000] {processor.py:753} INFO - DAG(s) dict_keys(['example_branch_python_operator_decorator']) retrieved from /home/airflow/.local/lib/python3.7/site-packages/airflow/example_dags/example_branch_operator_decorator.py
[2023-04-08T07:06:51.220+0000] {logging_mixin.py:137} INFO - [2023-04-08T07:06:51.219+0000] {dag.py:2705} INFO - Sync 1 DAGs
[2023-04-08T07:06:51.415+0000] {logging_mixin.py:137} INFO - [2023-04-08T07:06:51.414+0000] {dag.py:3456} INFO - Setting next_dagrun for example_branch_python_operator_decorator to 2023-04-07T00:00:00+00:00, run_after=2023-04-08T00:00:00+00:00
[2023-04-08T07:06:51.614+0000] {processor.py:175} INFO - Processing /home/airflow/.local/lib/python3.7/site-packages/airflow/example_dags/example_branch_operator_decorator.py took 1.019 seconds
[2023-04-08T07:07:33.293+0000] {processor.py:153} INFO - Started process (PID=48412) to work on /home/airflow/.local/lib/python3.7/site-packages/airflow/example_dags/example_branch_operator_decorator.py
[2023-04-08T07:07:33.321+0000] {processor.py:743} INFO - Processing file /home/airflow/.local/lib/python3.7/site-packages/airflow/example_dags/example_branch_operator_decorator.py for tasks to queue
[2023-04-08T07:07:33.331+0000] {logging_mixin.py:137} INFO - [2023-04-08T07:07:33.330+0000] {dagbag.py:532} INFO - Filling up the DagBag from /home/airflow/.local/lib/python3.7/site-packages/airflow/example_dags/example_branch_operator_decorator.py
[2023-04-08T07:07:33.703+0000] {processor.py:753} INFO - DAG(s) dict_keys(['example_branch_python_operator_decorator']) retrieved from /home/airflow/.local/lib/python3.7/site-packages/airflow/example_dags/example_branch_operator_decorator.py
[2023-04-08T07:07:33.941+0000] {logging_mixin.py:137} INFO - [2023-04-08T07:07:33.941+0000] {dag.py:2705} INFO - Sync 1 DAGs
[2023-04-08T07:07:34.238+0000] {logging_mixin.py:137} INFO - [2023-04-08T07:07:34.229+0000] {dag.py:3456} INFO - Setting next_dagrun for example_branch_python_operator_decorator to 2023-04-07T00:00:00+00:00, run_after=2023-04-08T00:00:00+00:00
[2023-04-08T07:07:34.344+0000] {processor.py:175} INFO - Processing /home/airflow/.local/lib/python3.7/site-packages/airflow/example_dags/example_branch_operator_decorator.py took 1.170 seconds
[2023-04-08T07:08:09.645+0000] {processor.py:153} INFO - Started process (PID=48466) to work on /home/airflow/.local/lib/python3.7/site-packages/airflow/example_dags/example_branch_operator_decorator.py
[2023-04-08T07:08:09.663+0000] {processor.py:743} INFO - Processing file /home/airflow/.local/lib/python3.7/site-packages/airflow/example_dags/example_branch_operator_decorator.py for tasks to queue
[2023-04-08T07:08:09.737+0000] {logging_mixin.py:137} INFO - [2023-04-08T07:08:09.702+0000] {dagbag.py:532} INFO - Filling up the DagBag from /home/airflow/.local/lib/python3.7/site-packages/airflow/example_dags/example_branch_operator_decorator.py
[2023-04-08T07:08:10.417+0000] {processor.py:753} INFO - DAG(s) dict_keys(['example_branch_python_operator_decorator']) retrieved from /home/airflow/.local/lib/python3.7/site-packages/airflow/example_dags/example_branch_operator_decorator.py
[2023-04-08T07:08:10.750+0000] {logging_mixin.py:137} INFO - [2023-04-08T07:08:10.749+0000] {dag.py:2705} INFO - Sync 1 DAGs
[2023-04-08T07:08:10.942+0000] {logging_mixin.py:137} INFO - [2023-04-08T07:08:10.941+0000] {dag.py:3456} INFO - Setting next_dagrun for example_branch_python_operator_decorator to 2023-04-07T00:00:00+00:00, run_after=2023-04-08T00:00:00+00:00
[2023-04-08T07:08:11.103+0000] {processor.py:175} INFO - Processing /home/airflow/.local/lib/python3.7/site-packages/airflow/example_dags/example_branch_operator_decorator.py took 1.501 seconds
[2023-04-08T07:08:58.545+0000] {processor.py:153} INFO - Started process (PID=48526) to work on /home/airflow/.local/lib/python3.7/site-packages/airflow/example_dags/example_branch_operator_decorator.py
[2023-04-08T07:08:58.554+0000] {processor.py:743} INFO - Processing file /home/airflow/.local/lib/python3.7/site-packages/airflow/example_dags/example_branch_operator_decorator.py for tasks to queue
[2023-04-08T07:08:58.562+0000] {logging_mixin.py:137} INFO - [2023-04-08T07:08:58.561+0000] {dagbag.py:532} INFO - Filling up the DagBag from /home/airflow/.local/lib/python3.7/site-packages/airflow/example_dags/example_branch_operator_decorator.py
[2023-04-08T07:08:59.056+0000] {processor.py:753} INFO - DAG(s) dict_keys(['example_branch_python_operator_decorator']) retrieved from /home/airflow/.local/lib/python3.7/site-packages/airflow/example_dags/example_branch_operator_decorator.py
[2023-04-08T07:08:59.407+0000] {logging_mixin.py:137} INFO - [2023-04-08T07:08:59.407+0000] {dag.py:2705} INFO - Sync 1 DAGs
[2023-04-08T07:08:59.616+0000] {logging_mixin.py:137} INFO - [2023-04-08T07:08:59.616+0000] {dag.py:3456} INFO - Setting next_dagrun for example_branch_python_operator_decorator to 2023-04-07T00:00:00+00:00, run_after=2023-04-08T00:00:00+00:00
[2023-04-08T07:08:59.729+0000] {processor.py:175} INFO - Processing /home/airflow/.local/lib/python3.7/site-packages/airflow/example_dags/example_branch_operator_decorator.py took 1.281 seconds
[2023-04-08T07:10:03.293+0000] {processor.py:153} INFO - Started process (PID=48588) to work on /home/airflow/.local/lib/python3.7/site-packages/airflow/example_dags/example_branch_operator_decorator.py
[2023-04-08T07:10:03.400+0000] {processor.py:743} INFO - Processing file /home/airflow/.local/lib/python3.7/site-packages/airflow/example_dags/example_branch_operator_decorator.py for tasks to queue
[2023-04-08T07:10:03.626+0000] {logging_mixin.py:137} INFO - [2023-04-08T07:10:03.617+0000] {dagbag.py:532} INFO - Filling up the DagBag from /home/airflow/.local/lib/python3.7/site-packages/airflow/example_dags/example_branch_operator_decorator.py
[2023-04-08T07:10:04.883+0000] {processor.py:753} INFO - DAG(s) dict_keys(['example_branch_python_operator_decorator']) retrieved from /home/airflow/.local/lib/python3.7/site-packages/airflow/example_dags/example_branch_operator_decorator.py
[2023-04-08T07:10:05.765+0000] {logging_mixin.py:137} INFO - [2023-04-08T07:10:05.763+0000] {dag.py:2705} INFO - Sync 1 DAGs
[2023-04-08T07:10:07.270+0000] {logging_mixin.py:137} INFO - [2023-04-08T07:10:07.267+0000] {dag.py:3456} INFO - Setting next_dagrun for example_branch_python_operator_decorator to 2023-04-07T00:00:00+00:00, run_after=2023-04-08T00:00:00+00:00
[2023-04-08T07:10:07.989+0000] {processor.py:175} INFO - Processing /home/airflow/.local/lib/python3.7/site-packages/airflow/example_dags/example_branch_operator_decorator.py took 5.005 seconds
[2023-04-08T08:07:42.342+0000] {processor.py:153} INFO - Started process (PID=48681) to work on /home/airflow/.local/lib/python3.7/site-packages/airflow/example_dags/example_branch_operator_decorator.py
[2023-04-08T08:07:42.376+0000] {processor.py:743} INFO - Processing file /home/airflow/.local/lib/python3.7/site-packages/airflow/example_dags/example_branch_operator_decorator.py for tasks to queue
[2023-04-08T08:07:42.390+0000] {logging_mixin.py:137} INFO - [2023-04-08T08:07:42.390+0000] {dagbag.py:532} INFO - Filling up the DagBag from /home/airflow/.local/lib/python3.7/site-packages/airflow/example_dags/example_branch_operator_decorator.py
[2023-04-08T08:07:42.581+0000] {processor.py:753} INFO - DAG(s) dict_keys(['example_branch_python_operator_decorator']) retrieved from /home/airflow/.local/lib/python3.7/site-packages/airflow/example_dags/example_branch_operator_decorator.py
[2023-04-08T08:07:42.942+0000] {logging_mixin.py:137} INFO - [2023-04-08T08:07:42.941+0000] {dag.py:2705} INFO - Sync 1 DAGs
[2023-04-08T08:07:43.083+0000] {logging_mixin.py:137} INFO - [2023-04-08T08:07:43.082+0000] {dag.py:3456} INFO - Setting next_dagrun for example_branch_python_operator_decorator to 2023-04-07T00:00:00+00:00, run_after=2023-04-08T00:00:00+00:00
[2023-04-08T08:07:43.190+0000] {processor.py:175} INFO - Processing /home/airflow/.local/lib/python3.7/site-packages/airflow/example_dags/example_branch_operator_decorator.py took 0.913 seconds
[2023-04-08T10:09:20.870+0000] {processor.py:153} INFO - Started process (PID=48802) to work on /home/airflow/.local/lib/python3.7/site-packages/airflow/example_dags/example_branch_operator_decorator.py
[2023-04-08T10:09:20.883+0000] {processor.py:743} INFO - Processing file /home/airflow/.local/lib/python3.7/site-packages/airflow/example_dags/example_branch_operator_decorator.py for tasks to queue
[2023-04-08T10:09:20.901+0000] {logging_mixin.py:137} INFO - [2023-04-08T10:09:20.900+0000] {dagbag.py:532} INFO - Filling up the DagBag from /home/airflow/.local/lib/python3.7/site-packages/airflow/example_dags/example_branch_operator_decorator.py
[2023-04-08T10:09:21.012+0000] {processor.py:753} INFO - DAG(s) dict_keys(['example_branch_python_operator_decorator']) retrieved from /home/airflow/.local/lib/python3.7/site-packages/airflow/example_dags/example_branch_operator_decorator.py
[2023-04-08T10:09:21.305+0000] {logging_mixin.py:137} INFO - [2023-04-08T10:09:21.302+0000] {dag.py:2705} INFO - Sync 1 DAGs
[2023-04-08T10:09:21.711+0000] {logging_mixin.py:137} INFO - [2023-04-08T10:09:21.709+0000] {dag.py:3456} INFO - Setting next_dagrun for example_branch_python_operator_decorator to 2023-04-07T00:00:00+00:00, run_after=2023-04-08T00:00:00+00:00
[2023-04-08T10:09:22.060+0000] {processor.py:175} INFO - Processing /home/airflow/.local/lib/python3.7/site-packages/airflow/example_dags/example_branch_operator_decorator.py took 1.206 seconds
[2023-04-08T10:10:01.421+0000] {processor.py:153} INFO - Started process (PID=48853) to work on /home/airflow/.local/lib/python3.7/site-packages/airflow/example_dags/example_branch_operator_decorator.py
[2023-04-08T10:10:01.514+0000] {processor.py:743} INFO - Processing file /home/airflow/.local/lib/python3.7/site-packages/airflow/example_dags/example_branch_operator_decorator.py for tasks to queue
[2023-04-08T10:10:01.540+0000] {logging_mixin.py:137} INFO - [2023-04-08T10:10:01.539+0000] {dagbag.py:532} INFO - Filling up the DagBag from /home/airflow/.local/lib/python3.7/site-packages/airflow/example_dags/example_branch_operator_decorator.py
[2023-04-08T10:10:01.697+0000] {processor.py:753} INFO - DAG(s) dict_keys(['example_branch_python_operator_decorator']) retrieved from /home/airflow/.local/lib/python3.7/site-packages/airflow/example_dags/example_branch_operator_decorator.py
[2023-04-08T10:10:02.900+0000] {logging_mixin.py:137} INFO - [2023-04-08T10:10:02.898+0000] {dag.py:2705} INFO - Sync 1 DAGs
[2023-04-08T10:10:03.294+0000] {logging_mixin.py:137} INFO - [2023-04-08T10:10:03.293+0000] {dag.py:3456} INFO - Setting next_dagrun for example_branch_python_operator_decorator to 2023-04-07T00:00:00+00:00, run_after=2023-04-08T00:00:00+00:00
[2023-04-08T10:10:03.520+0000] {processor.py:175} INFO - Processing /home/airflow/.local/lib/python3.7/site-packages/airflow/example_dags/example_branch_operator_decorator.py took 2.113 seconds
[2023-04-08T10:10:38.745+0000] {processor.py:153} INFO - Started process (PID=48922) to work on /home/airflow/.local/lib/python3.7/site-packages/airflow/example_dags/example_branch_operator_decorator.py
[2023-04-08T10:10:38.752+0000] {processor.py:743} INFO - Processing file /home/airflow/.local/lib/python3.7/site-packages/airflow/example_dags/example_branch_operator_decorator.py for tasks to queue
[2023-04-08T10:10:38.762+0000] {logging_mixin.py:137} INFO - [2023-04-08T10:10:38.761+0000] {dagbag.py:532} INFO - Filling up the DagBag from /home/airflow/.local/lib/python3.7/site-packages/airflow/example_dags/example_branch_operator_decorator.py
[2023-04-08T10:10:38.919+0000] {processor.py:753} INFO - DAG(s) dict_keys(['example_branch_python_operator_decorator']) retrieved from /home/airflow/.local/lib/python3.7/site-packages/airflow/example_dags/example_branch_operator_decorator.py
[2023-04-08T10:10:39.163+0000] {logging_mixin.py:137} INFO - [2023-04-08T10:10:39.162+0000] {dag.py:2705} INFO - Sync 1 DAGs
[2023-04-08T10:10:39.314+0000] {logging_mixin.py:137} INFO - [2023-04-08T10:10:39.313+0000] {dag.py:3456} INFO - Setting next_dagrun for example_branch_python_operator_decorator to 2023-04-07T00:00:00+00:00, run_after=2023-04-08T00:00:00+00:00
[2023-04-08T10:10:39.458+0000] {processor.py:175} INFO - Processing /home/airflow/.local/lib/python3.7/site-packages/airflow/example_dags/example_branch_operator_decorator.py took 0.736 seconds
[2023-04-08T10:11:16.576+0000] {processor.py:153} INFO - Started process (PID=48972) to work on /home/airflow/.local/lib/python3.7/site-packages/airflow/example_dags/example_branch_operator_decorator.py
[2023-04-08T10:11:16.581+0000] {processor.py:743} INFO - Processing file /home/airflow/.local/lib/python3.7/site-packages/airflow/example_dags/example_branch_operator_decorator.py for tasks to queue
[2023-04-08T10:11:16.598+0000] {logging_mixin.py:137} INFO - [2023-04-08T10:11:16.597+0000] {dagbag.py:532} INFO - Filling up the DagBag from /home/airflow/.local/lib/python3.7/site-packages/airflow/example_dags/example_branch_operator_decorator.py
[2023-04-08T10:11:16.793+0000] {processor.py:753} INFO - DAG(s) dict_keys(['example_branch_python_operator_decorator']) retrieved from /home/airflow/.local/lib/python3.7/site-packages/airflow/example_dags/example_branch_operator_decorator.py
[2023-04-08T10:11:16.941+0000] {logging_mixin.py:137} INFO - [2023-04-08T10:11:16.941+0000] {dag.py:2705} INFO - Sync 1 DAGs
[2023-04-08T10:11:17.095+0000] {logging_mixin.py:137} INFO - [2023-04-08T10:11:17.094+0000] {dag.py:3456} INFO - Setting next_dagrun for example_branch_python_operator_decorator to 2023-04-07T00:00:00+00:00, run_after=2023-04-08T00:00:00+00:00
[2023-04-08T10:11:17.308+0000] {processor.py:175} INFO - Processing /home/airflow/.local/lib/python3.7/site-packages/airflow/example_dags/example_branch_operator_decorator.py took 0.747 seconds
[2023-04-08T10:12:09.585+0000] {processor.py:153} INFO - Started process (PID=49036) to work on /home/airflow/.local/lib/python3.7/site-packages/airflow/example_dags/example_branch_operator_decorator.py
[2023-04-08T10:12:09.614+0000] {processor.py:743} INFO - Processing file /home/airflow/.local/lib/python3.7/site-packages/airflow/example_dags/example_branch_operator_decorator.py for tasks to queue
[2023-04-08T10:12:09.622+0000] {logging_mixin.py:137} INFO - [2023-04-08T10:12:09.621+0000] {dagbag.py:532} INFO - Filling up the DagBag from /home/airflow/.local/lib/python3.7/site-packages/airflow/example_dags/example_branch_operator_decorator.py
[2023-04-08T10:12:09.864+0000] {processor.py:753} INFO - DAG(s) dict_keys(['example_branch_python_operator_decorator']) retrieved from /home/airflow/.local/lib/python3.7/site-packages/airflow/example_dags/example_branch_operator_decorator.py
[2023-04-08T10:12:10.009+0000] {logging_mixin.py:137} INFO - [2023-04-08T10:12:10.008+0000] {dag.py:2705} INFO - Sync 1 DAGs
[2023-04-08T10:12:10.176+0000] {logging_mixin.py:137} INFO - [2023-04-08T10:12:10.175+0000] {dag.py:3456} INFO - Setting next_dagrun for example_branch_python_operator_decorator to 2023-04-07T00:00:00+00:00, run_after=2023-04-08T00:00:00+00:00
[2023-04-08T10:12:10.265+0000] {processor.py:175} INFO - Processing /home/airflow/.local/lib/python3.7/site-packages/airflow/example_dags/example_branch_operator_decorator.py took 0.703 seconds
[2023-04-08T10:12:55.685+0000] {processor.py:153} INFO - Started process (PID=49095) to work on /home/airflow/.local/lib/python3.7/site-packages/airflow/example_dags/example_branch_operator_decorator.py
[2023-04-08T10:12:55.691+0000] {processor.py:743} INFO - Processing file /home/airflow/.local/lib/python3.7/site-packages/airflow/example_dags/example_branch_operator_decorator.py for tasks to queue
[2023-04-08T10:12:55.700+0000] {logging_mixin.py:137} INFO - [2023-04-08T10:12:55.699+0000] {dagbag.py:532} INFO - Filling up the DagBag from /home/airflow/.local/lib/python3.7/site-packages/airflow/example_dags/example_branch_operator_decorator.py
[2023-04-08T10:12:55.878+0000] {processor.py:753} INFO - DAG(s) dict_keys(['example_branch_python_operator_decorator']) retrieved from /home/airflow/.local/lib/python3.7/site-packages/airflow/example_dags/example_branch_operator_decorator.py
[2023-04-08T10:12:56.015+0000] {logging_mixin.py:137} INFO - [2023-04-08T10:12:56.014+0000] {dag.py:2705} INFO - Sync 1 DAGs
[2023-04-08T10:12:56.448+0000] {logging_mixin.py:137} INFO - [2023-04-08T10:12:56.447+0000] {dag.py:3456} INFO - Setting next_dagrun for example_branch_python_operator_decorator to 2023-04-07T00:00:00+00:00, run_after=2023-04-08T00:00:00+00:00
[2023-04-08T10:12:56.893+0000] {processor.py:175} INFO - Processing /home/airflow/.local/lib/python3.7/site-packages/airflow/example_dags/example_branch_operator_decorator.py took 1.226 seconds
[2023-04-08T10:14:05.996+0000] {processor.py:153} INFO - Started process (PID=49165) to work on /home/airflow/.local/lib/python3.7/site-packages/airflow/example_dags/example_branch_operator_decorator.py
[2023-04-08T10:14:06.004+0000] {processor.py:743} INFO - Processing file /home/airflow/.local/lib/python3.7/site-packages/airflow/example_dags/example_branch_operator_decorator.py for tasks to queue
[2023-04-08T10:14:06.011+0000] {logging_mixin.py:137} INFO - [2023-04-08T10:14:06.011+0000] {dagbag.py:532} INFO - Filling up the DagBag from /home/airflow/.local/lib/python3.7/site-packages/airflow/example_dags/example_branch_operator_decorator.py
[2023-04-08T10:14:06.259+0000] {processor.py:753} INFO - DAG(s) dict_keys(['example_branch_python_operator_decorator']) retrieved from /home/airflow/.local/lib/python3.7/site-packages/airflow/example_dags/example_branch_operator_decorator.py
[2023-04-08T10:14:06.655+0000] {logging_mixin.py:137} INFO - [2023-04-08T10:14:06.654+0000] {dag.py:2705} INFO - Sync 1 DAGs
[2023-04-08T10:14:06.911+0000] {logging_mixin.py:137} INFO - [2023-04-08T10:14:06.910+0000] {dag.py:3456} INFO - Setting next_dagrun for example_branch_python_operator_decorator to 2023-04-07T00:00:00+00:00, run_after=2023-04-08T00:00:00+00:00
[2023-04-08T10:14:07.082+0000] {processor.py:175} INFO - Processing /home/airflow/.local/lib/python3.7/site-packages/airflow/example_dags/example_branch_operator_decorator.py took 1.131 seconds
[2023-04-08T10:14:55.846+0000] {processor.py:153} INFO - Started process (PID=49231) to work on /home/airflow/.local/lib/python3.7/site-packages/airflow/example_dags/example_branch_operator_decorator.py
[2023-04-08T10:14:55.857+0000] {processor.py:743} INFO - Processing file /home/airflow/.local/lib/python3.7/site-packages/airflow/example_dags/example_branch_operator_decorator.py for tasks to queue
[2023-04-08T10:14:55.876+0000] {logging_mixin.py:137} INFO - [2023-04-08T10:14:55.866+0000] {dagbag.py:532} INFO - Filling up the DagBag from /home/airflow/.local/lib/python3.7/site-packages/airflow/example_dags/example_branch_operator_decorator.py
[2023-04-08T10:14:56.088+0000] {processor.py:753} INFO - DAG(s) dict_keys(['example_branch_python_operator_decorator']) retrieved from /home/airflow/.local/lib/python3.7/site-packages/airflow/example_dags/example_branch_operator_decorator.py
[2023-04-08T10:14:56.298+0000] {logging_mixin.py:137} INFO - [2023-04-08T10:14:56.298+0000] {dag.py:2705} INFO - Sync 1 DAGs
[2023-04-08T10:14:56.643+0000] {logging_mixin.py:137} INFO - [2023-04-08T10:14:56.643+0000] {dag.py:3456} INFO - Setting next_dagrun for example_branch_python_operator_decorator to 2023-04-07T00:00:00+00:00, run_after=2023-04-08T00:00:00+00:00
[2023-04-08T10:14:56.850+0000] {processor.py:175} INFO - Processing /home/airflow/.local/lib/python3.7/site-packages/airflow/example_dags/example_branch_operator_decorator.py took 1.049 seconds
[2023-04-08T10:15:31.964+0000] {processor.py:153} INFO - Started process (PID=49282) to work on /home/airflow/.local/lib/python3.7/site-packages/airflow/example_dags/example_branch_operator_decorator.py
[2023-04-08T10:15:31.976+0000] {processor.py:743} INFO - Processing file /home/airflow/.local/lib/python3.7/site-packages/airflow/example_dags/example_branch_operator_decorator.py for tasks to queue
[2023-04-08T10:15:31.981+0000] {logging_mixin.py:137} INFO - [2023-04-08T10:15:31.980+0000] {dagbag.py:532} INFO - Filling up the DagBag from /home/airflow/.local/lib/python3.7/site-packages/airflow/example_dags/example_branch_operator_decorator.py
[2023-04-08T10:15:32.094+0000] {processor.py:753} INFO - DAG(s) dict_keys(['example_branch_python_operator_decorator']) retrieved from /home/airflow/.local/lib/python3.7/site-packages/airflow/example_dags/example_branch_operator_decorator.py
[2023-04-08T10:15:32.230+0000] {logging_mixin.py:137} INFO - [2023-04-08T10:15:32.229+0000] {dag.py:2705} INFO - Sync 1 DAGs
[2023-04-08T10:15:32.500+0000] {logging_mixin.py:137} INFO - [2023-04-08T10:15:32.498+0000] {dag.py:3456} INFO - Setting next_dagrun for example_branch_python_operator_decorator to 2023-04-07T00:00:00+00:00, run_after=2023-04-08T00:00:00+00:00
[2023-04-08T10:15:32.638+0000] {processor.py:175} INFO - Processing /home/airflow/.local/lib/python3.7/site-packages/airflow/example_dags/example_branch_operator_decorator.py took 0.705 seconds
[2023-04-08T10:16:09.671+0000] {processor.py:153} INFO - Started process (PID=49335) to work on /home/airflow/.local/lib/python3.7/site-packages/airflow/example_dags/example_branch_operator_decorator.py
[2023-04-08T10:16:09.693+0000] {processor.py:743} INFO - Processing file /home/airflow/.local/lib/python3.7/site-packages/airflow/example_dags/example_branch_operator_decorator.py for tasks to queue
[2023-04-08T10:16:09.703+0000] {logging_mixin.py:137} INFO - [2023-04-08T10:16:09.702+0000] {dagbag.py:532} INFO - Filling up the DagBag from /home/airflow/.local/lib/python3.7/site-packages/airflow/example_dags/example_branch_operator_decorator.py
[2023-04-08T10:16:09.928+0000] {processor.py:753} INFO - DAG(s) dict_keys(['example_branch_python_operator_decorator']) retrieved from /home/airflow/.local/lib/python3.7/site-packages/airflow/example_dags/example_branch_operator_decorator.py
[2023-04-08T10:16:10.121+0000] {logging_mixin.py:137} INFO - [2023-04-08T10:16:10.120+0000] {dag.py:2705} INFO - Sync 1 DAGs
[2023-04-08T10:16:10.293+0000] {logging_mixin.py:137} INFO - [2023-04-08T10:16:10.293+0000] {dag.py:3456} INFO - Setting next_dagrun for example_branch_python_operator_decorator to 2023-04-07T00:00:00+00:00, run_after=2023-04-08T00:00:00+00:00
[2023-04-08T10:16:10.389+0000] {processor.py:175} INFO - Processing /home/airflow/.local/lib/python3.7/site-packages/airflow/example_dags/example_branch_operator_decorator.py took 0.741 seconds
[2023-04-08T10:16:40.664+0000] {processor.py:153} INFO - Started process (PID=49392) to work on /home/airflow/.local/lib/python3.7/site-packages/airflow/example_dags/example_branch_operator_decorator.py
[2023-04-08T10:16:40.671+0000] {processor.py:743} INFO - Processing file /home/airflow/.local/lib/python3.7/site-packages/airflow/example_dags/example_branch_operator_decorator.py for tasks to queue
[2023-04-08T10:16:40.675+0000] {logging_mixin.py:137} INFO - [2023-04-08T10:16:40.675+0000] {dagbag.py:532} INFO - Filling up the DagBag from /home/airflow/.local/lib/python3.7/site-packages/airflow/example_dags/example_branch_operator_decorator.py
[2023-04-08T10:16:40.737+0000] {processor.py:753} INFO - DAG(s) dict_keys(['example_branch_python_operator_decorator']) retrieved from /home/airflow/.local/lib/python3.7/site-packages/airflow/example_dags/example_branch_operator_decorator.py
[2023-04-08T10:16:40.852+0000] {logging_mixin.py:137} INFO - [2023-04-08T10:16:40.852+0000] {dag.py:2705} INFO - Sync 1 DAGs
[2023-04-08T10:16:40.939+0000] {logging_mixin.py:137} INFO - [2023-04-08T10:16:40.939+0000] {dag.py:3456} INFO - Setting next_dagrun for example_branch_python_operator_decorator to 2023-04-07T00:00:00+00:00, run_after=2023-04-08T00:00:00+00:00
[2023-04-08T10:16:41.022+0000] {processor.py:175} INFO - Processing /home/airflow/.local/lib/python3.7/site-packages/airflow/example_dags/example_branch_operator_decorator.py took 0.376 seconds
[2023-04-08T10:17:11.562+0000] {processor.py:153} INFO - Started process (PID=49450) to work on /home/airflow/.local/lib/python3.7/site-packages/airflow/example_dags/example_branch_operator_decorator.py
[2023-04-08T10:17:11.565+0000] {processor.py:743} INFO - Processing file /home/airflow/.local/lib/python3.7/site-packages/airflow/example_dags/example_branch_operator_decorator.py for tasks to queue
[2023-04-08T10:17:11.567+0000] {logging_mixin.py:137} INFO - [2023-04-08T10:17:11.567+0000] {dagbag.py:532} INFO - Filling up the DagBag from /home/airflow/.local/lib/python3.7/site-packages/airflow/example_dags/example_branch_operator_decorator.py
[2023-04-08T10:17:11.598+0000] {processor.py:753} INFO - DAG(s) dict_keys(['example_branch_python_operator_decorator']) retrieved from /home/airflow/.local/lib/python3.7/site-packages/airflow/example_dags/example_branch_operator_decorator.py
[2023-04-08T10:17:11.639+0000] {logging_mixin.py:137} INFO - [2023-04-08T10:17:11.639+0000] {dag.py:2705} INFO - Sync 1 DAGs
[2023-04-08T10:17:11.681+0000] {logging_mixin.py:137} INFO - [2023-04-08T10:17:11.680+0000] {dag.py:3456} INFO - Setting next_dagrun for example_branch_python_operator_decorator to 2023-04-07T00:00:00+00:00, run_after=2023-04-08T00:00:00+00:00
[2023-04-08T10:17:11.715+0000] {processor.py:175} INFO - Processing /home/airflow/.local/lib/python3.7/site-packages/airflow/example_dags/example_branch_operator_decorator.py took 0.158 seconds
[2023-04-08T10:17:41.856+0000] {processor.py:153} INFO - Started process (PID=49501) to work on /home/airflow/.local/lib/python3.7/site-packages/airflow/example_dags/example_branch_operator_decorator.py
[2023-04-08T10:17:41.858+0000] {processor.py:743} INFO - Processing file /home/airflow/.local/lib/python3.7/site-packages/airflow/example_dags/example_branch_operator_decorator.py for tasks to queue
[2023-04-08T10:17:41.860+0000] {logging_mixin.py:137} INFO - [2023-04-08T10:17:41.860+0000] {dagbag.py:532} INFO - Filling up the DagBag from /home/airflow/.local/lib/python3.7/site-packages/airflow/example_dags/example_branch_operator_decorator.py
[2023-04-08T10:17:41.895+0000] {processor.py:753} INFO - DAG(s) dict_keys(['example_branch_python_operator_decorator']) retrieved from /home/airflow/.local/lib/python3.7/site-packages/airflow/example_dags/example_branch_operator_decorator.py
[2023-04-08T10:17:41.939+0000] {logging_mixin.py:137} INFO - [2023-04-08T10:17:41.939+0000] {dag.py:2705} INFO - Sync 1 DAGs
[2023-04-08T10:17:41.979+0000] {logging_mixin.py:137} INFO - [2023-04-08T10:17:41.979+0000] {dag.py:3456} INFO - Setting next_dagrun for example_branch_python_operator_decorator to 2023-04-07T00:00:00+00:00, run_after=2023-04-08T00:00:00+00:00
[2023-04-08T10:17:42.014+0000] {processor.py:175} INFO - Processing /home/airflow/.local/lib/python3.7/site-packages/airflow/example_dags/example_branch_operator_decorator.py took 0.163 seconds
[2023-04-08T10:18:12.220+0000] {processor.py:153} INFO - Started process (PID=49552) to work on /home/airflow/.local/lib/python3.7/site-packages/airflow/example_dags/example_branch_operator_decorator.py
[2023-04-08T10:18:12.222+0000] {processor.py:743} INFO - Processing file /home/airflow/.local/lib/python3.7/site-packages/airflow/example_dags/example_branch_operator_decorator.py for tasks to queue
[2023-04-08T10:18:12.225+0000] {logging_mixin.py:137} INFO - [2023-04-08T10:18:12.224+0000] {dagbag.py:532} INFO - Filling up the DagBag from /home/airflow/.local/lib/python3.7/site-packages/airflow/example_dags/example_branch_operator_decorator.py
[2023-04-08T10:18:12.255+0000] {processor.py:753} INFO - DAG(s) dict_keys(['example_branch_python_operator_decorator']) retrieved from /home/airflow/.local/lib/python3.7/site-packages/airflow/example_dags/example_branch_operator_decorator.py
[2023-04-08T10:18:12.297+0000] {logging_mixin.py:137} INFO - [2023-04-08T10:18:12.297+0000] {dag.py:2705} INFO - Sync 1 DAGs
[2023-04-08T10:18:12.336+0000] {logging_mixin.py:137} INFO - [2023-04-08T10:18:12.336+0000] {dag.py:3456} INFO - Setting next_dagrun for example_branch_python_operator_decorator to 2023-04-07T00:00:00+00:00, run_after=2023-04-08T00:00:00+00:00
[2023-04-08T10:18:12.365+0000] {processor.py:175} INFO - Processing /home/airflow/.local/lib/python3.7/site-packages/airflow/example_dags/example_branch_operator_decorator.py took 0.150 seconds
