[2023-04-08T07:06:40.931+0000] {processor.py:153} INFO - Started process (PID=48349) to work on /home/airflow/.local/lib/python3.7/site-packages/airflow/example_dags/example_dynamic_task_mapping.py
[2023-04-08T07:06:40.973+0000] {processor.py:743} INFO - Processing file /home/airflow/.local/lib/python3.7/site-packages/airflow/example_dags/example_dynamic_task_mapping.py for tasks to queue
[2023-04-08T07:06:40.981+0000] {logging_mixin.py:137} INFO - [2023-04-08T07:06:40.980+0000] {dagbag.py:532} INFO - Filling up the DagBag from /home/airflow/.local/lib/python3.7/site-packages/airflow/example_dags/example_dynamic_task_mapping.py
[2023-04-08T07:06:41.218+0000] {processor.py:753} INFO - DAG(s) dict_keys(['example_dynamic_task_mapping']) retrieved from /home/airflow/.local/lib/python3.7/site-packages/airflow/example_dags/example_dynamic_task_mapping.py
[2023-04-08T07:06:41.439+0000] {logging_mixin.py:137} INFO - [2023-04-08T07:06:41.439+0000] {dag.py:2705} INFO - Sync 1 DAGs
[2023-04-08T07:06:41.597+0000] {logging_mixin.py:137} INFO - [2023-04-08T07:06:41.596+0000] {dag.py:3456} INFO - Setting next_dagrun for example_dynamic_task_mapping to 2022-03-04T00:00:00+00:00, run_after=2022-03-05T00:00:00+00:00
[2023-04-08T07:06:41.877+0000] {processor.py:175} INFO - Processing /home/airflow/.local/lib/python3.7/site-packages/airflow/example_dags/example_dynamic_task_mapping.py took 0.988 seconds
[2023-04-08T07:07:22.031+0000] {processor.py:153} INFO - Started process (PID=48400) to work on /home/airflow/.local/lib/python3.7/site-packages/airflow/example_dags/example_dynamic_task_mapping.py
[2023-04-08T07:07:22.038+0000] {processor.py:743} INFO - Processing file /home/airflow/.local/lib/python3.7/site-packages/airflow/example_dags/example_dynamic_task_mapping.py for tasks to queue
[2023-04-08T07:07:22.049+0000] {logging_mixin.py:137} INFO - [2023-04-08T07:07:22.048+0000] {dagbag.py:532} INFO - Filling up the DagBag from /home/airflow/.local/lib/python3.7/site-packages/airflow/example_dags/example_dynamic_task_mapping.py
[2023-04-08T07:07:22.189+0000] {processor.py:753} INFO - DAG(s) dict_keys(['example_dynamic_task_mapping']) retrieved from /home/airflow/.local/lib/python3.7/site-packages/airflow/example_dags/example_dynamic_task_mapping.py
[2023-04-08T07:07:22.410+0000] {logging_mixin.py:137} INFO - [2023-04-08T07:07:22.409+0000] {dag.py:2705} INFO - Sync 1 DAGs
[2023-04-08T07:07:22.640+0000] {logging_mixin.py:137} INFO - [2023-04-08T07:07:22.640+0000] {dag.py:3456} INFO - Setting next_dagrun for example_dynamic_task_mapping to 2022-03-04T00:00:00+00:00, run_after=2022-03-05T00:00:00+00:00
[2023-04-08T07:07:22.727+0000] {processor.py:175} INFO - Processing /home/airflow/.local/lib/python3.7/site-packages/airflow/example_dags/example_dynamic_task_mapping.py took 0.737 seconds
[2023-04-08T07:07:58.923+0000] {processor.py:153} INFO - Started process (PID=48451) to work on /home/airflow/.local/lib/python3.7/site-packages/airflow/example_dags/example_dynamic_task_mapping.py
[2023-04-08T07:07:58.946+0000] {processor.py:743} INFO - Processing file /home/airflow/.local/lib/python3.7/site-packages/airflow/example_dags/example_dynamic_task_mapping.py for tasks to queue
[2023-04-08T07:07:58.967+0000] {logging_mixin.py:137} INFO - [2023-04-08T07:07:58.966+0000] {dagbag.py:532} INFO - Filling up the DagBag from /home/airflow/.local/lib/python3.7/site-packages/airflow/example_dags/example_dynamic_task_mapping.py
[2023-04-08T07:07:59.200+0000] {processor.py:753} INFO - DAG(s) dict_keys(['example_dynamic_task_mapping']) retrieved from /home/airflow/.local/lib/python3.7/site-packages/airflow/example_dags/example_dynamic_task_mapping.py
[2023-04-08T07:07:59.334+0000] {logging_mixin.py:137} INFO - [2023-04-08T07:07:59.334+0000] {dag.py:2705} INFO - Sync 1 DAGs
[2023-04-08T07:07:59.601+0000] {logging_mixin.py:137} INFO - [2023-04-08T07:07:59.599+0000] {dag.py:3456} INFO - Setting next_dagrun for example_dynamic_task_mapping to 2022-03-04T00:00:00+00:00, run_after=2022-03-05T00:00:00+00:00
[2023-04-08T07:07:59.669+0000] {processor.py:175} INFO - Processing /home/airflow/.local/lib/python3.7/site-packages/airflow/example_dags/example_dynamic_task_mapping.py took 0.782 seconds
[2023-04-08T07:08:44.717+0000] {processor.py:153} INFO - Started process (PID=48509) to work on /home/airflow/.local/lib/python3.7/site-packages/airflow/example_dags/example_dynamic_task_mapping.py
[2023-04-08T07:08:44.725+0000] {processor.py:743} INFO - Processing file /home/airflow/.local/lib/python3.7/site-packages/airflow/example_dags/example_dynamic_task_mapping.py for tasks to queue
[2023-04-08T07:08:44.727+0000] {logging_mixin.py:137} INFO - [2023-04-08T07:08:44.727+0000] {dagbag.py:532} INFO - Filling up the DagBag from /home/airflow/.local/lib/python3.7/site-packages/airflow/example_dags/example_dynamic_task_mapping.py
[2023-04-08T07:08:44.795+0000] {processor.py:753} INFO - DAG(s) dict_keys(['example_dynamic_task_mapping']) retrieved from /home/airflow/.local/lib/python3.7/site-packages/airflow/example_dags/example_dynamic_task_mapping.py
[2023-04-08T07:08:44.908+0000] {logging_mixin.py:137} INFO - [2023-04-08T07:08:44.908+0000] {dag.py:2705} INFO - Sync 1 DAGs
[2023-04-08T07:08:45.062+0000] {logging_mixin.py:137} INFO - [2023-04-08T07:08:45.061+0000] {dag.py:3456} INFO - Setting next_dagrun for example_dynamic_task_mapping to 2022-03-04T00:00:00+00:00, run_after=2022-03-05T00:00:00+00:00
[2023-04-08T07:08:45.118+0000] {processor.py:175} INFO - Processing /home/airflow/.local/lib/python3.7/site-packages/airflow/example_dags/example_dynamic_task_mapping.py took 0.406 seconds
[2023-04-08T07:09:18.922+0000] {processor.py:153} INFO - Started process (PID=48564) to work on /home/airflow/.local/lib/python3.7/site-packages/airflow/example_dags/example_dynamic_task_mapping.py
[2023-04-08T07:09:18.928+0000] {processor.py:743} INFO - Processing file /home/airflow/.local/lib/python3.7/site-packages/airflow/example_dags/example_dynamic_task_mapping.py for tasks to queue
[2023-04-08T07:09:18.934+0000] {logging_mixin.py:137} INFO - [2023-04-08T07:09:18.934+0000] {dagbag.py:532} INFO - Filling up the DagBag from /home/airflow/.local/lib/python3.7/site-packages/airflow/example_dags/example_dynamic_task_mapping.py
[2023-04-08T07:09:19.124+0000] {processor.py:753} INFO - DAG(s) dict_keys(['example_dynamic_task_mapping']) retrieved from /home/airflow/.local/lib/python3.7/site-packages/airflow/example_dags/example_dynamic_task_mapping.py
[2023-04-08T07:09:19.445+0000] {logging_mixin.py:137} INFO - [2023-04-08T07:09:19.445+0000] {dag.py:2705} INFO - Sync 1 DAGs
[2023-04-08T07:09:19.732+0000] {logging_mixin.py:137} INFO - [2023-04-08T07:09:19.731+0000] {dag.py:3456} INFO - Setting next_dagrun for example_dynamic_task_mapping to 2022-03-04T00:00:00+00:00, run_after=2022-03-05T00:00:00+00:00
[2023-04-08T07:09:19.971+0000] {processor.py:175} INFO - Processing /home/airflow/.local/lib/python3.7/site-packages/airflow/example_dags/example_dynamic_task_mapping.py took 1.096 seconds
[2023-04-08T08:07:29.781+0000] {processor.py:153} INFO - Started process (PID=48660) to work on /home/airflow/.local/lib/python3.7/site-packages/airflow/example_dags/example_dynamic_task_mapping.py
[2023-04-08T08:07:29.802+0000] {processor.py:743} INFO - Processing file /home/airflow/.local/lib/python3.7/site-packages/airflow/example_dags/example_dynamic_task_mapping.py for tasks to queue
[2023-04-08T08:07:29.810+0000] {logging_mixin.py:137} INFO - [2023-04-08T08:07:29.808+0000] {dagbag.py:532} INFO - Filling up the DagBag from /home/airflow/.local/lib/python3.7/site-packages/airflow/example_dags/example_dynamic_task_mapping.py
[2023-04-08T08:07:29.995+0000] {processor.py:753} INFO - DAG(s) dict_keys(['example_dynamic_task_mapping']) retrieved from /home/airflow/.local/lib/python3.7/site-packages/airflow/example_dags/example_dynamic_task_mapping.py
[2023-04-08T08:07:30.281+0000] {logging_mixin.py:137} INFO - [2023-04-08T08:07:30.280+0000] {dag.py:2705} INFO - Sync 1 DAGs
[2023-04-08T08:07:30.457+0000] {logging_mixin.py:137} INFO - [2023-04-08T08:07:30.456+0000] {dag.py:3456} INFO - Setting next_dagrun for example_dynamic_task_mapping to 2022-03-04T00:00:00+00:00, run_after=2022-03-05T00:00:00+00:00
[2023-04-08T08:07:30.550+0000] {processor.py:175} INFO - Processing /home/airflow/.local/lib/python3.7/site-packages/airflow/example_dags/example_dynamic_task_mapping.py took 0.785 seconds
[2023-04-08T10:04:53.327+0000] {processor.py:153} INFO - Started process (PID=48780) to work on /home/airflow/.local/lib/python3.7/site-packages/airflow/example_dags/example_dynamic_task_mapping.py
[2023-04-08T10:04:53.475+0000] {processor.py:743} INFO - Processing file /home/airflow/.local/lib/python3.7/site-packages/airflow/example_dags/example_dynamic_task_mapping.py for tasks to queue
[2023-04-08T10:04:53.579+0000] {logging_mixin.py:137} INFO - [2023-04-08T10:04:53.572+0000] {dagbag.py:532} INFO - Filling up the DagBag from /home/airflow/.local/lib/python3.7/site-packages/airflow/example_dags/example_dynamic_task_mapping.py
[2023-04-08T10:04:56.525+0000] {processor.py:753} INFO - DAG(s) dict_keys(['example_dynamic_task_mapping']) retrieved from /home/airflow/.local/lib/python3.7/site-packages/airflow/example_dags/example_dynamic_task_mapping.py
[2023-04-08T10:05:01.347+0000] {logging_mixin.py:137} INFO - [2023-04-08T10:05:01.274+0000] {dag.py:2705} INFO - Sync 1 DAGs
[2023-04-08T10:09:00.295+0000] {logging_mixin.py:137} INFO - [2023-04-08T10:09:00.285+0000] {dag.py:3456} INFO - Setting next_dagrun for example_dynamic_task_mapping to 2022-03-04T00:00:00+00:00, run_after=2022-03-05T00:00:00+00:00
[2023-04-08T10:09:01.260+0000] {processor.py:175} INFO - Processing /home/airflow/.local/lib/python3.7/site-packages/airflow/example_dags/example_dynamic_task_mapping.py took 248.582 seconds
[2023-04-08T10:09:54.064+0000] {processor.py:153} INFO - Started process (PID=48841) to work on /home/airflow/.local/lib/python3.7/site-packages/airflow/example_dags/example_dynamic_task_mapping.py
[2023-04-08T10:09:54.120+0000] {processor.py:743} INFO - Processing file /home/airflow/.local/lib/python3.7/site-packages/airflow/example_dags/example_dynamic_task_mapping.py for tasks to queue
[2023-04-08T10:09:54.127+0000] {logging_mixin.py:137} INFO - [2023-04-08T10:09:54.126+0000] {dagbag.py:532} INFO - Filling up the DagBag from /home/airflow/.local/lib/python3.7/site-packages/airflow/example_dags/example_dynamic_task_mapping.py
[2023-04-08T10:09:54.261+0000] {processor.py:753} INFO - DAG(s) dict_keys(['example_dynamic_task_mapping']) retrieved from /home/airflow/.local/lib/python3.7/site-packages/airflow/example_dags/example_dynamic_task_mapping.py
[2023-04-08T10:09:54.574+0000] {logging_mixin.py:137} INFO - [2023-04-08T10:09:54.573+0000] {dag.py:2705} INFO - Sync 1 DAGs
[2023-04-08T10:09:54.778+0000] {logging_mixin.py:137} INFO - [2023-04-08T10:09:54.778+0000] {dag.py:3456} INFO - Setting next_dagrun for example_dynamic_task_mapping to 2022-03-04T00:00:00+00:00, run_after=2022-03-05T00:00:00+00:00
[2023-04-08T10:09:54.890+0000] {processor.py:175} INFO - Processing /home/airflow/.local/lib/python3.7/site-packages/airflow/example_dags/example_dynamic_task_mapping.py took 0.873 seconds
[2023-04-08T10:10:28.586+0000] {processor.py:153} INFO - Started process (PID=48892) to work on /home/airflow/.local/lib/python3.7/site-packages/airflow/example_dags/example_dynamic_task_mapping.py
[2023-04-08T10:10:28.602+0000] {processor.py:743} INFO - Processing file /home/airflow/.local/lib/python3.7/site-packages/airflow/example_dags/example_dynamic_task_mapping.py for tasks to queue
[2023-04-08T10:10:28.622+0000] {logging_mixin.py:137} INFO - [2023-04-08T10:10:28.621+0000] {dagbag.py:532} INFO - Filling up the DagBag from /home/airflow/.local/lib/python3.7/site-packages/airflow/example_dags/example_dynamic_task_mapping.py
[2023-04-08T10:10:28.987+0000] {processor.py:753} INFO - DAG(s) dict_keys(['example_dynamic_task_mapping']) retrieved from /home/airflow/.local/lib/python3.7/site-packages/airflow/example_dags/example_dynamic_task_mapping.py
[2023-04-08T10:10:29.264+0000] {logging_mixin.py:137} INFO - [2023-04-08T10:10:29.263+0000] {dag.py:2705} INFO - Sync 1 DAGs
[2023-04-08T10:10:29.515+0000] {logging_mixin.py:137} INFO - [2023-04-08T10:10:29.513+0000] {dag.py:3456} INFO - Setting next_dagrun for example_dynamic_task_mapping to 2022-03-04T00:00:00+00:00, run_after=2022-03-05T00:00:00+00:00
[2023-04-08T10:10:29.761+0000] {processor.py:175} INFO - Processing /home/airflow/.local/lib/python3.7/site-packages/airflow/example_dags/example_dynamic_task_mapping.py took 1.208 seconds
[2023-04-08T10:11:04.852+0000] {processor.py:153} INFO - Started process (PID=48950) to work on /home/airflow/.local/lib/python3.7/site-packages/airflow/example_dags/example_dynamic_task_mapping.py
[2023-04-08T10:11:04.869+0000] {processor.py:743} INFO - Processing file /home/airflow/.local/lib/python3.7/site-packages/airflow/example_dags/example_dynamic_task_mapping.py for tasks to queue
[2023-04-08T10:11:04.917+0000] {logging_mixin.py:137} INFO - [2023-04-08T10:11:04.903+0000] {dagbag.py:532} INFO - Filling up the DagBag from /home/airflow/.local/lib/python3.7/site-packages/airflow/example_dags/example_dynamic_task_mapping.py
[2023-04-08T10:11:05.384+0000] {processor.py:753} INFO - DAG(s) dict_keys(['example_dynamic_task_mapping']) retrieved from /home/airflow/.local/lib/python3.7/site-packages/airflow/example_dags/example_dynamic_task_mapping.py
[2023-04-08T10:11:05.879+0000] {logging_mixin.py:137} INFO - [2023-04-08T10:11:05.862+0000] {dag.py:2705} INFO - Sync 1 DAGs
[2023-04-08T10:11:06.257+0000] {logging_mixin.py:137} INFO - [2023-04-08T10:11:06.256+0000] {dag.py:3456} INFO - Setting next_dagrun for example_dynamic_task_mapping to 2022-03-04T00:00:00+00:00, run_after=2022-03-05T00:00:00+00:00
[2023-04-08T10:11:06.761+0000] {processor.py:175} INFO - Processing /home/airflow/.local/lib/python3.7/site-packages/airflow/example_dags/example_dynamic_task_mapping.py took 1.936 seconds
[2023-04-08T10:11:58.122+0000] {processor.py:153} INFO - Started process (PID=49012) to work on /home/airflow/.local/lib/python3.7/site-packages/airflow/example_dags/example_dynamic_task_mapping.py
[2023-04-08T10:11:58.131+0000] {processor.py:743} INFO - Processing file /home/airflow/.local/lib/python3.7/site-packages/airflow/example_dags/example_dynamic_task_mapping.py for tasks to queue
[2023-04-08T10:11:58.140+0000] {logging_mixin.py:137} INFO - [2023-04-08T10:11:58.139+0000] {dagbag.py:532} INFO - Filling up the DagBag from /home/airflow/.local/lib/python3.7/site-packages/airflow/example_dags/example_dynamic_task_mapping.py
[2023-04-08T10:11:58.297+0000] {processor.py:753} INFO - DAG(s) dict_keys(['example_dynamic_task_mapping']) retrieved from /home/airflow/.local/lib/python3.7/site-packages/airflow/example_dags/example_dynamic_task_mapping.py
[2023-04-08T10:11:58.415+0000] {logging_mixin.py:137} INFO - [2023-04-08T10:11:58.414+0000] {dag.py:2705} INFO - Sync 1 DAGs
[2023-04-08T10:11:58.540+0000] {logging_mixin.py:137} INFO - [2023-04-08T10:11:58.539+0000] {dag.py:3456} INFO - Setting next_dagrun for example_dynamic_task_mapping to 2022-03-04T00:00:00+00:00, run_after=2022-03-05T00:00:00+00:00
[2023-04-08T10:11:58.647+0000] {processor.py:175} INFO - Processing /home/airflow/.local/lib/python3.7/site-packages/airflow/example_dags/example_dynamic_task_mapping.py took 0.568 seconds
[2023-04-08T10:12:35.461+0000] {processor.py:153} INFO - Started process (PID=49066) to work on /home/airflow/.local/lib/python3.7/site-packages/airflow/example_dags/example_dynamic_task_mapping.py
[2023-04-08T10:12:35.468+0000] {processor.py:743} INFO - Processing file /home/airflow/.local/lib/python3.7/site-packages/airflow/example_dags/example_dynamic_task_mapping.py for tasks to queue
[2023-04-08T10:12:35.478+0000] {logging_mixin.py:137} INFO - [2023-04-08T10:12:35.477+0000] {dagbag.py:532} INFO - Filling up the DagBag from /home/airflow/.local/lib/python3.7/site-packages/airflow/example_dags/example_dynamic_task_mapping.py
[2023-04-08T10:12:35.941+0000] {processor.py:753} INFO - DAG(s) dict_keys(['example_dynamic_task_mapping']) retrieved from /home/airflow/.local/lib/python3.7/site-packages/airflow/example_dags/example_dynamic_task_mapping.py
[2023-04-08T10:12:36.298+0000] {logging_mixin.py:137} INFO - [2023-04-08T10:12:36.297+0000] {dag.py:2705} INFO - Sync 1 DAGs
[2023-04-08T10:12:36.840+0000] {logging_mixin.py:137} INFO - [2023-04-08T10:12:36.833+0000] {dag.py:3456} INFO - Setting next_dagrun for example_dynamic_task_mapping to 2022-03-04T00:00:00+00:00, run_after=2022-03-05T00:00:00+00:00
[2023-04-08T10:12:37.465+0000] {processor.py:175} INFO - Processing /home/airflow/.local/lib/python3.7/site-packages/airflow/example_dags/example_dynamic_task_mapping.py took 2.040 seconds
[2023-04-08T10:13:22.216+0000] {processor.py:153} INFO - Started process (PID=49124) to work on /home/airflow/.local/lib/python3.7/site-packages/airflow/example_dags/example_dynamic_task_mapping.py
[2023-04-08T10:13:22.313+0000] {processor.py:743} INFO - Processing file /home/airflow/.local/lib/python3.7/site-packages/airflow/example_dags/example_dynamic_task_mapping.py for tasks to queue
[2023-04-08T10:13:22.471+0000] {logging_mixin.py:137} INFO - [2023-04-08T10:13:22.455+0000] {dagbag.py:532} INFO - Filling up the DagBag from /home/airflow/.local/lib/python3.7/site-packages/airflow/example_dags/example_dynamic_task_mapping.py
[2023-04-08T10:13:23.357+0000] {processor.py:753} INFO - DAG(s) dict_keys(['example_dynamic_task_mapping']) retrieved from /home/airflow/.local/lib/python3.7/site-packages/airflow/example_dags/example_dynamic_task_mapping.py
[2023-04-08T10:13:23.671+0000] {logging_mixin.py:137} INFO - [2023-04-08T10:13:23.670+0000] {dag.py:2705} INFO - Sync 1 DAGs
[2023-04-08T10:13:24.138+0000] {logging_mixin.py:137} INFO - [2023-04-08T10:13:24.137+0000] {dag.py:3456} INFO - Setting next_dagrun for example_dynamic_task_mapping to 2022-03-04T00:00:00+00:00, run_after=2022-03-05T00:00:00+00:00
[2023-04-08T10:13:24.364+0000] {processor.py:175} INFO - Processing /home/airflow/.local/lib/python3.7/site-packages/airflow/example_dags/example_dynamic_task_mapping.py took 2.390 seconds
[2023-04-08T10:14:17.282+0000] {processor.py:153} INFO - Started process (PID=49190) to work on /home/airflow/.local/lib/python3.7/site-packages/airflow/example_dags/example_dynamic_task_mapping.py
[2023-04-08T10:14:17.297+0000] {processor.py:743} INFO - Processing file /home/airflow/.local/lib/python3.7/site-packages/airflow/example_dags/example_dynamic_task_mapping.py for tasks to queue
[2023-04-08T10:14:17.304+0000] {logging_mixin.py:137} INFO - [2023-04-08T10:14:17.303+0000] {dagbag.py:532} INFO - Filling up the DagBag from /home/airflow/.local/lib/python3.7/site-packages/airflow/example_dags/example_dynamic_task_mapping.py
[2023-04-08T10:14:17.474+0000] {processor.py:753} INFO - DAG(s) dict_keys(['example_dynamic_task_mapping']) retrieved from /home/airflow/.local/lib/python3.7/site-packages/airflow/example_dags/example_dynamic_task_mapping.py
[2023-04-08T10:14:17.704+0000] {logging_mixin.py:137} INFO - [2023-04-08T10:14:17.703+0000] {dag.py:2705} INFO - Sync 1 DAGs
[2023-04-08T10:14:17.919+0000] {logging_mixin.py:137} INFO - [2023-04-08T10:14:17.918+0000] {dag.py:3456} INFO - Setting next_dagrun for example_dynamic_task_mapping to 2022-03-04T00:00:00+00:00, run_after=2022-03-05T00:00:00+00:00
[2023-04-08T10:14:18.066+0000] {processor.py:175} INFO - Processing /home/airflow/.local/lib/python3.7/site-packages/airflow/example_dags/example_dynamic_task_mapping.py took 0.799 seconds
[2023-04-08T10:15:10.609+0000] {processor.py:153} INFO - Started process (PID=49244) to work on /home/airflow/.local/lib/python3.7/site-packages/airflow/example_dags/example_dynamic_task_mapping.py
[2023-04-08T10:15:10.669+0000] {processor.py:743} INFO - Processing file /home/airflow/.local/lib/python3.7/site-packages/airflow/example_dags/example_dynamic_task_mapping.py for tasks to queue
[2023-04-08T10:15:10.700+0000] {logging_mixin.py:137} INFO - [2023-04-08T10:15:10.696+0000] {dagbag.py:532} INFO - Filling up the DagBag from /home/airflow/.local/lib/python3.7/site-packages/airflow/example_dags/example_dynamic_task_mapping.py
[2023-04-08T10:15:11.057+0000] {processor.py:753} INFO - DAG(s) dict_keys(['example_dynamic_task_mapping']) retrieved from /home/airflow/.local/lib/python3.7/site-packages/airflow/example_dags/example_dynamic_task_mapping.py
[2023-04-08T10:15:11.416+0000] {logging_mixin.py:137} INFO - [2023-04-08T10:15:11.415+0000] {dag.py:2705} INFO - Sync 1 DAGs
[2023-04-08T10:15:11.531+0000] {logging_mixin.py:137} INFO - [2023-04-08T10:15:11.529+0000] {dag.py:3456} INFO - Setting next_dagrun for example_dynamic_task_mapping to 2022-03-04T00:00:00+00:00, run_after=2022-03-05T00:00:00+00:00
[2023-04-08T10:15:11.690+0000] {processor.py:175} INFO - Processing /home/airflow/.local/lib/python3.7/site-packages/airflow/example_dags/example_dynamic_task_mapping.py took 1.220 seconds
[2023-04-08T10:15:47.957+0000] {processor.py:153} INFO - Started process (PID=49295) to work on /home/airflow/.local/lib/python3.7/site-packages/airflow/example_dags/example_dynamic_task_mapping.py
[2023-04-08T10:15:47.984+0000] {processor.py:743} INFO - Processing file /home/airflow/.local/lib/python3.7/site-packages/airflow/example_dags/example_dynamic_task_mapping.py for tasks to queue
[2023-04-08T10:15:48.064+0000] {logging_mixin.py:137} INFO - [2023-04-08T10:15:48.025+0000] {dagbag.py:532} INFO - Filling up the DagBag from /home/airflow/.local/lib/python3.7/site-packages/airflow/example_dags/example_dynamic_task_mapping.py
[2023-04-08T10:15:48.528+0000] {processor.py:753} INFO - DAG(s) dict_keys(['example_dynamic_task_mapping']) retrieved from /home/airflow/.local/lib/python3.7/site-packages/airflow/example_dags/example_dynamic_task_mapping.py
[2023-04-08T10:15:49.119+0000] {logging_mixin.py:137} INFO - [2023-04-08T10:15:49.115+0000] {dag.py:2705} INFO - Sync 1 DAGs
[2023-04-08T10:15:50.146+0000] {logging_mixin.py:137} INFO - [2023-04-08T10:15:50.145+0000] {dag.py:3456} INFO - Setting next_dagrun for example_dynamic_task_mapping to 2022-03-04T00:00:00+00:00, run_after=2022-03-05T00:00:00+00:00
[2023-04-08T10:15:50.309+0000] {processor.py:175} INFO - Processing /home/airflow/.local/lib/python3.7/site-packages/airflow/example_dags/example_dynamic_task_mapping.py took 2.404 seconds
[2023-04-08T10:16:22.089+0000] {processor.py:153} INFO - Started process (PID=49352) to work on /home/airflow/.local/lib/python3.7/site-packages/airflow/example_dags/example_dynamic_task_mapping.py
[2023-04-08T10:16:22.096+0000] {processor.py:743} INFO - Processing file /home/airflow/.local/lib/python3.7/site-packages/airflow/example_dags/example_dynamic_task_mapping.py for tasks to queue
[2023-04-08T10:16:22.110+0000] {logging_mixin.py:137} INFO - [2023-04-08T10:16:22.110+0000] {dagbag.py:532} INFO - Filling up the DagBag from /home/airflow/.local/lib/python3.7/site-packages/airflow/example_dags/example_dynamic_task_mapping.py
[2023-04-08T10:16:22.196+0000] {processor.py:753} INFO - DAG(s) dict_keys(['example_dynamic_task_mapping']) retrieved from /home/airflow/.local/lib/python3.7/site-packages/airflow/example_dags/example_dynamic_task_mapping.py
[2023-04-08T10:16:22.346+0000] {logging_mixin.py:137} INFO - [2023-04-08T10:16:22.345+0000] {dag.py:2705} INFO - Sync 1 DAGs
[2023-04-08T10:16:22.435+0000] {logging_mixin.py:137} INFO - [2023-04-08T10:16:22.434+0000] {dag.py:3456} INFO - Setting next_dagrun for example_dynamic_task_mapping to 2022-03-04T00:00:00+00:00, run_after=2022-03-05T00:00:00+00:00
[2023-04-08T10:16:22.585+0000] {processor.py:175} INFO - Processing /home/airflow/.local/lib/python3.7/site-packages/airflow/example_dags/example_dynamic_task_mapping.py took 0.507 seconds
[2023-04-08T10:16:53.387+0000] {processor.py:153} INFO - Started process (PID=49419) to work on /home/airflow/.local/lib/python3.7/site-packages/airflow/example_dags/example_dynamic_task_mapping.py
[2023-04-08T10:16:53.390+0000] {processor.py:743} INFO - Processing file /home/airflow/.local/lib/python3.7/site-packages/airflow/example_dags/example_dynamic_task_mapping.py for tasks to queue
[2023-04-08T10:16:53.397+0000] {logging_mixin.py:137} INFO - [2023-04-08T10:16:53.396+0000] {dagbag.py:532} INFO - Filling up the DagBag from /home/airflow/.local/lib/python3.7/site-packages/airflow/example_dags/example_dynamic_task_mapping.py
[2023-04-08T10:16:53.426+0000] {processor.py:753} INFO - DAG(s) dict_keys(['example_dynamic_task_mapping']) retrieved from /home/airflow/.local/lib/python3.7/site-packages/airflow/example_dags/example_dynamic_task_mapping.py
[2023-04-08T10:16:53.472+0000] {logging_mixin.py:137} INFO - [2023-04-08T10:16:53.471+0000] {dag.py:2705} INFO - Sync 1 DAGs
[2023-04-08T10:16:53.520+0000] {logging_mixin.py:137} INFO - [2023-04-08T10:16:53.520+0000] {dag.py:3456} INFO - Setting next_dagrun for example_dynamic_task_mapping to 2022-03-04T00:00:00+00:00, run_after=2022-03-05T00:00:00+00:00
[2023-04-08T10:16:53.561+0000] {processor.py:175} INFO - Processing /home/airflow/.local/lib/python3.7/site-packages/airflow/example_dags/example_dynamic_task_mapping.py took 0.183 seconds
[2023-04-08T10:17:24.089+0000] {processor.py:153} INFO - Started process (PID=49470) to work on /home/airflow/.local/lib/python3.7/site-packages/airflow/example_dags/example_dynamic_task_mapping.py
[2023-04-08T10:17:24.092+0000] {processor.py:743} INFO - Processing file /home/airflow/.local/lib/python3.7/site-packages/airflow/example_dags/example_dynamic_task_mapping.py for tasks to queue
[2023-04-08T10:17:24.094+0000] {logging_mixin.py:137} INFO - [2023-04-08T10:17:24.094+0000] {dagbag.py:532} INFO - Filling up the DagBag from /home/airflow/.local/lib/python3.7/site-packages/airflow/example_dags/example_dynamic_task_mapping.py
[2023-04-08T10:17:24.119+0000] {processor.py:753} INFO - DAG(s) dict_keys(['example_dynamic_task_mapping']) retrieved from /home/airflow/.local/lib/python3.7/site-packages/airflow/example_dags/example_dynamic_task_mapping.py
[2023-04-08T10:17:24.154+0000] {logging_mixin.py:137} INFO - [2023-04-08T10:17:24.154+0000] {dag.py:2705} INFO - Sync 1 DAGs
[2023-04-08T10:17:24.189+0000] {logging_mixin.py:137} INFO - [2023-04-08T10:17:24.189+0000] {dag.py:3456} INFO - Setting next_dagrun for example_dynamic_task_mapping to 2022-03-04T00:00:00+00:00, run_after=2022-03-05T00:00:00+00:00
[2023-04-08T10:17:24.216+0000] {processor.py:175} INFO - Processing /home/airflow/.local/lib/python3.7/site-packages/airflow/example_dags/example_dynamic_task_mapping.py took 0.135 seconds
[2023-04-08T10:17:54.344+0000] {processor.py:153} INFO - Started process (PID=49521) to work on /home/airflow/.local/lib/python3.7/site-packages/airflow/example_dags/example_dynamic_task_mapping.py
[2023-04-08T10:17:54.346+0000] {processor.py:743} INFO - Processing file /home/airflow/.local/lib/python3.7/site-packages/airflow/example_dags/example_dynamic_task_mapping.py for tasks to queue
[2023-04-08T10:17:54.349+0000] {logging_mixin.py:137} INFO - [2023-04-08T10:17:54.349+0000] {dagbag.py:532} INFO - Filling up the DagBag from /home/airflow/.local/lib/python3.7/site-packages/airflow/example_dags/example_dynamic_task_mapping.py
[2023-04-08T10:17:54.375+0000] {processor.py:753} INFO - DAG(s) dict_keys(['example_dynamic_task_mapping']) retrieved from /home/airflow/.local/lib/python3.7/site-packages/airflow/example_dags/example_dynamic_task_mapping.py
[2023-04-08T10:17:54.415+0000] {logging_mixin.py:137} INFO - [2023-04-08T10:17:54.414+0000] {dag.py:2705} INFO - Sync 1 DAGs
[2023-04-08T10:17:54.452+0000] {logging_mixin.py:137} INFO - [2023-04-08T10:17:54.452+0000] {dag.py:3456} INFO - Setting next_dagrun for example_dynamic_task_mapping to 2022-03-04T00:00:00+00:00, run_after=2022-03-05T00:00:00+00:00
[2023-04-08T10:17:54.478+0000] {processor.py:175} INFO - Processing /home/airflow/.local/lib/python3.7/site-packages/airflow/example_dags/example_dynamic_task_mapping.py took 0.140 seconds
[2023-04-08T10:18:24.705+0000] {processor.py:153} INFO - Started process (PID=49572) to work on /home/airflow/.local/lib/python3.7/site-packages/airflow/example_dags/example_dynamic_task_mapping.py
[2023-04-08T10:18:24.708+0000] {processor.py:743} INFO - Processing file /home/airflow/.local/lib/python3.7/site-packages/airflow/example_dags/example_dynamic_task_mapping.py for tasks to queue
[2023-04-08T10:18:24.711+0000] {logging_mixin.py:137} INFO - [2023-04-08T10:18:24.710+0000] {dagbag.py:532} INFO - Filling up the DagBag from /home/airflow/.local/lib/python3.7/site-packages/airflow/example_dags/example_dynamic_task_mapping.py
[2023-04-08T10:18:24.741+0000] {processor.py:753} INFO - DAG(s) dict_keys(['example_dynamic_task_mapping']) retrieved from /home/airflow/.local/lib/python3.7/site-packages/airflow/example_dags/example_dynamic_task_mapping.py
[2023-04-08T10:18:24.780+0000] {logging_mixin.py:137} INFO - [2023-04-08T10:18:24.779+0000] {dag.py:2705} INFO - Sync 1 DAGs
[2023-04-08T10:18:24.818+0000] {logging_mixin.py:137} INFO - [2023-04-08T10:18:24.818+0000] {dag.py:3456} INFO - Setting next_dagrun for example_dynamic_task_mapping to 2022-03-04T00:00:00+00:00, run_after=2022-03-05T00:00:00+00:00
[2023-04-08T10:18:24.846+0000] {processor.py:175} INFO - Processing /home/airflow/.local/lib/python3.7/site-packages/airflow/example_dags/example_dynamic_task_mapping.py took 0.147 seconds
