[2023-04-08T07:06:25.130+0000] {processor.py:153} INFO - Started process (PID=48319) to work on /home/airflow/.local/lib/python3.7/site-packages/airflow/example_dags/example_dag_decorator.py
[2023-04-08T07:06:25.142+0000] {processor.py:743} INFO - Processing file /home/airflow/.local/lib/python3.7/site-packages/airflow/example_dags/example_dag_decorator.py for tasks to queue
[2023-04-08T07:06:25.155+0000] {logging_mixin.py:137} INFO - [2023-04-08T07:06:25.155+0000] {dagbag.py:532} INFO - Filling up the DagBag from /home/airflow/.local/lib/python3.7/site-packages/airflow/example_dags/example_dag_decorator.py
[2023-04-08T07:06:25.424+0000] {logging_mixin.py:137} INFO - [2023-04-08T07:06:25.424+0000] {taskmixin.py:211} WARNING - Dependency <Task(_PythonDecoratedOperator): prepare_email>, send_email already registered for DAG: example_dag_decorator
[2023-04-08T07:06:25.433+0000] {logging_mixin.py:137} INFO - [2023-04-08T07:06:25.432+0000] {taskmixin.py:211} WARNING - Dependency <Task(EmailOperator): send_email>, prepare_email already registered for DAG: example_dag_decorator
[2023-04-08T07:06:25.652+0000] {processor.py:753} INFO - DAG(s) dict_keys(['example_dag_decorator']) retrieved from /home/airflow/.local/lib/python3.7/site-packages/airflow/example_dags/example_dag_decorator.py
[2023-04-08T07:06:26.400+0000] {logging_mixin.py:137} INFO - [2023-04-08T07:06:26.397+0000] {dag.py:2705} INFO - Sync 1 DAGs
[2023-04-08T07:06:26.834+0000] {logging_mixin.py:137} INFO - [2023-04-08T07:06:26.833+0000] {dag.py:3456} INFO - Setting next_dagrun for example_dag_decorator to None, run_after=None
[2023-04-08T07:06:27.433+0000] {processor.py:175} INFO - Processing /home/airflow/.local/lib/python3.7/site-packages/airflow/example_dags/example_dag_decorator.py took 2.340 seconds
[2023-04-08T07:07:02.858+0000] {processor.py:153} INFO - Started process (PID=48376) to work on /home/airflow/.local/lib/python3.7/site-packages/airflow/example_dags/example_dag_decorator.py
[2023-04-08T07:07:02.871+0000] {processor.py:743} INFO - Processing file /home/airflow/.local/lib/python3.7/site-packages/airflow/example_dags/example_dag_decorator.py for tasks to queue
[2023-04-08T07:07:02.880+0000] {logging_mixin.py:137} INFO - [2023-04-08T07:07:02.880+0000] {dagbag.py:532} INFO - Filling up the DagBag from /home/airflow/.local/lib/python3.7/site-packages/airflow/example_dags/example_dag_decorator.py
[2023-04-08T07:07:02.973+0000] {logging_mixin.py:137} INFO - [2023-04-08T07:07:02.973+0000] {taskmixin.py:211} WARNING - Dependency <Task(_PythonDecoratedOperator): prepare_email>, send_email already registered for DAG: example_dag_decorator
[2023-04-08T07:07:02.979+0000] {logging_mixin.py:137} INFO - [2023-04-08T07:07:02.979+0000] {taskmixin.py:211} WARNING - Dependency <Task(EmailOperator): send_email>, prepare_email already registered for DAG: example_dag_decorator
[2023-04-08T07:07:03.035+0000] {processor.py:753} INFO - DAG(s) dict_keys(['example_dag_decorator']) retrieved from /home/airflow/.local/lib/python3.7/site-packages/airflow/example_dags/example_dag_decorator.py
[2023-04-08T07:07:03.771+0000] {logging_mixin.py:137} INFO - [2023-04-08T07:07:03.736+0000] {dag.py:2705} INFO - Sync 1 DAGs
[2023-04-08T07:07:03.897+0000] {logging_mixin.py:137} INFO - [2023-04-08T07:07:03.897+0000] {dag.py:3456} INFO - Setting next_dagrun for example_dag_decorator to None, run_after=None
[2023-04-08T07:07:04.058+0000] {processor.py:175} INFO - Processing /home/airflow/.local/lib/python3.7/site-packages/airflow/example_dags/example_dag_decorator.py took 1.234 seconds
[2023-04-08T07:07:41.945+0000] {processor.py:153} INFO - Started process (PID=48432) to work on /home/airflow/.local/lib/python3.7/site-packages/airflow/example_dags/example_dag_decorator.py
[2023-04-08T07:07:42.035+0000] {processor.py:743} INFO - Processing file /home/airflow/.local/lib/python3.7/site-packages/airflow/example_dags/example_dag_decorator.py for tasks to queue
[2023-04-08T07:07:42.060+0000] {logging_mixin.py:137} INFO - [2023-04-08T07:07:42.059+0000] {dagbag.py:532} INFO - Filling up the DagBag from /home/airflow/.local/lib/python3.7/site-packages/airflow/example_dags/example_dag_decorator.py
[2023-04-08T07:07:42.330+0000] {logging_mixin.py:137} INFO - [2023-04-08T07:07:42.329+0000] {taskmixin.py:211} WARNING - Dependency <Task(_PythonDecoratedOperator): prepare_email>, send_email already registered for DAG: example_dag_decorator
[2023-04-08T07:07:42.338+0000] {logging_mixin.py:137} INFO - [2023-04-08T07:07:42.337+0000] {taskmixin.py:211} WARNING - Dependency <Task(EmailOperator): send_email>, prepare_email already registered for DAG: example_dag_decorator
[2023-04-08T07:07:42.592+0000] {processor.py:753} INFO - DAG(s) dict_keys(['example_dag_decorator']) retrieved from /home/airflow/.local/lib/python3.7/site-packages/airflow/example_dags/example_dag_decorator.py
[2023-04-08T07:07:42.855+0000] {logging_mixin.py:137} INFO - [2023-04-08T07:07:42.854+0000] {dag.py:2705} INFO - Sync 1 DAGs
[2023-04-08T07:07:42.987+0000] {logging_mixin.py:137} INFO - [2023-04-08T07:07:42.987+0000] {dag.py:3456} INFO - Setting next_dagrun for example_dag_decorator to None, run_after=None
[2023-04-08T07:07:43.073+0000] {processor.py:175} INFO - Processing /home/airflow/.local/lib/python3.7/site-packages/airflow/example_dags/example_dag_decorator.py took 1.185 seconds
[2023-04-08T07:08:15.201+0000] {processor.py:153} INFO - Started process (PID=48479) to work on /home/airflow/.local/lib/python3.7/site-packages/airflow/example_dags/example_dag_decorator.py
[2023-04-08T07:08:15.219+0000] {processor.py:743} INFO - Processing file /home/airflow/.local/lib/python3.7/site-packages/airflow/example_dags/example_dag_decorator.py for tasks to queue
[2023-04-08T07:08:15.259+0000] {logging_mixin.py:137} INFO - [2023-04-08T07:08:15.254+0000] {dagbag.py:532} INFO - Filling up the DagBag from /home/airflow/.local/lib/python3.7/site-packages/airflow/example_dags/example_dag_decorator.py
[2023-04-08T07:08:15.662+0000] {logging_mixin.py:137} INFO - [2023-04-08T07:08:15.637+0000] {taskmixin.py:211} WARNING - Dependency <Task(_PythonDecoratedOperator): prepare_email>, send_email already registered for DAG: example_dag_decorator
[2023-04-08T07:08:15.681+0000] {logging_mixin.py:137} INFO - [2023-04-08T07:08:15.681+0000] {taskmixin.py:211} WARNING - Dependency <Task(EmailOperator): send_email>, prepare_email already registered for DAG: example_dag_decorator
[2023-04-08T07:08:16.369+0000] {processor.py:753} INFO - DAG(s) dict_keys(['example_dag_decorator']) retrieved from /home/airflow/.local/lib/python3.7/site-packages/airflow/example_dags/example_dag_decorator.py
[2023-04-08T07:08:16.723+0000] {logging_mixin.py:137} INFO - [2023-04-08T07:08:16.722+0000] {dag.py:2705} INFO - Sync 1 DAGs
[2023-04-08T07:08:16.848+0000] {logging_mixin.py:137} INFO - [2023-04-08T07:08:16.848+0000] {dag.py:3456} INFO - Setting next_dagrun for example_dag_decorator to None, run_after=None
[2023-04-08T07:08:18.051+0000] {processor.py:175} INFO - Processing /home/airflow/.local/lib/python3.7/site-packages/airflow/example_dags/example_dag_decorator.py took 2.889 seconds
[2023-04-08T07:09:00.384+0000] {processor.py:153} INFO - Started process (PID=48529) to work on /home/airflow/.local/lib/python3.7/site-packages/airflow/example_dags/example_dag_decorator.py
[2023-04-08T07:09:00.397+0000] {processor.py:743} INFO - Processing file /home/airflow/.local/lib/python3.7/site-packages/airflow/example_dags/example_dag_decorator.py for tasks to queue
[2023-04-08T07:09:00.411+0000] {logging_mixin.py:137} INFO - [2023-04-08T07:09:00.411+0000] {dagbag.py:532} INFO - Filling up the DagBag from /home/airflow/.local/lib/python3.7/site-packages/airflow/example_dags/example_dag_decorator.py
[2023-04-08T07:09:00.513+0000] {logging_mixin.py:137} INFO - [2023-04-08T07:09:00.508+0000] {taskmixin.py:211} WARNING - Dependency <Task(_PythonDecoratedOperator): prepare_email>, send_email already registered for DAG: example_dag_decorator
[2023-04-08T07:09:00.525+0000] {logging_mixin.py:137} INFO - [2023-04-08T07:09:00.524+0000] {taskmixin.py:211} WARNING - Dependency <Task(EmailOperator): send_email>, prepare_email already registered for DAG: example_dag_decorator
[2023-04-08T07:09:00.580+0000] {processor.py:753} INFO - DAG(s) dict_keys(['example_dag_decorator']) retrieved from /home/airflow/.local/lib/python3.7/site-packages/airflow/example_dags/example_dag_decorator.py
[2023-04-08T07:09:00.791+0000] {logging_mixin.py:137} INFO - [2023-04-08T07:09:00.790+0000] {dag.py:2705} INFO - Sync 1 DAGs
[2023-04-08T07:09:00.949+0000] {logging_mixin.py:137} INFO - [2023-04-08T07:09:00.949+0000] {dag.py:3456} INFO - Setting next_dagrun for example_dag_decorator to None, run_after=None
[2023-04-08T07:09:01.308+0000] {processor.py:175} INFO - Processing /home/airflow/.local/lib/python3.7/site-packages/airflow/example_dags/example_dag_decorator.py took 0.976 seconds
[2023-04-08T07:09:32.574+0000] {processor.py:153} INFO - Started process (PID=48575) to work on /home/airflow/.local/lib/python3.7/site-packages/airflow/example_dags/example_dag_decorator.py
[2023-04-08T07:09:32.609+0000] {processor.py:743} INFO - Processing file /home/airflow/.local/lib/python3.7/site-packages/airflow/example_dags/example_dag_decorator.py for tasks to queue
[2023-04-08T07:09:32.681+0000] {logging_mixin.py:137} INFO - [2023-04-08T07:09:32.679+0000] {dagbag.py:532} INFO - Filling up the DagBag from /home/airflow/.local/lib/python3.7/site-packages/airflow/example_dags/example_dag_decorator.py
[2023-04-08T07:09:34.011+0000] {logging_mixin.py:137} INFO - [2023-04-08T07:09:33.987+0000] {taskmixin.py:211} WARNING - Dependency <Task(_PythonDecoratedOperator): prepare_email>, send_email already registered for DAG: example_dag_decorator
[2023-04-08T07:09:34.077+0000] {logging_mixin.py:137} INFO - [2023-04-08T07:09:34.075+0000] {taskmixin.py:211} WARNING - Dependency <Task(EmailOperator): send_email>, prepare_email already registered for DAG: example_dag_decorator
[2023-04-08T07:09:35.384+0000] {processor.py:753} INFO - DAG(s) dict_keys(['example_dag_decorator']) retrieved from /home/airflow/.local/lib/python3.7/site-packages/airflow/example_dags/example_dag_decorator.py
[2023-04-08T07:09:37.729+0000] {logging_mixin.py:137} INFO - [2023-04-08T07:09:37.727+0000] {dag.py:2705} INFO - Sync 1 DAGs
[2023-04-08T07:09:38.835+0000] {logging_mixin.py:137} INFO - [2023-04-08T07:09:38.829+0000] {dag.py:3456} INFO - Setting next_dagrun for example_dag_decorator to None, run_after=None
[2023-04-08T07:09:39.681+0000] {processor.py:175} INFO - Processing /home/airflow/.local/lib/python3.7/site-packages/airflow/example_dags/example_dag_decorator.py took 7.318 seconds
[2023-04-08T08:07:14.903+0000] {processor.py:153} INFO - Started process (PID=48630) to work on /home/airflow/.local/lib/python3.7/site-packages/airflow/example_dags/example_dag_decorator.py
[2023-04-08T08:07:14.921+0000] {processor.py:743} INFO - Processing file /home/airflow/.local/lib/python3.7/site-packages/airflow/example_dags/example_dag_decorator.py for tasks to queue
[2023-04-08T08:07:14.926+0000] {logging_mixin.py:137} INFO - [2023-04-08T08:07:14.925+0000] {dagbag.py:532} INFO - Filling up the DagBag from /home/airflow/.local/lib/python3.7/site-packages/airflow/example_dags/example_dag_decorator.py
[2023-04-08T08:07:15.076+0000] {logging_mixin.py:137} INFO - [2023-04-08T08:07:15.075+0000] {taskmixin.py:211} WARNING - Dependency <Task(_PythonDecoratedOperator): prepare_email>, send_email already registered for DAG: example_dag_decorator
[2023-04-08T08:07:15.095+0000] {logging_mixin.py:137} INFO - [2023-04-08T08:07:15.094+0000] {taskmixin.py:211} WARNING - Dependency <Task(EmailOperator): send_email>, prepare_email already registered for DAG: example_dag_decorator
[2023-04-08T08:07:15.260+0000] {processor.py:753} INFO - DAG(s) dict_keys(['example_dag_decorator']) retrieved from /home/airflow/.local/lib/python3.7/site-packages/airflow/example_dags/example_dag_decorator.py
[2023-04-08T08:07:16.428+0000] {logging_mixin.py:137} INFO - [2023-04-08T08:07:16.428+0000] {dag.py:2705} INFO - Sync 1 DAGs
[2023-04-08T08:07:16.764+0000] {logging_mixin.py:137} INFO - [2023-04-08T08:07:16.764+0000] {dag.py:3456} INFO - Setting next_dagrun for example_dag_decorator to None, run_after=None
[2023-04-08T08:07:17.084+0000] {processor.py:175} INFO - Processing /home/airflow/.local/lib/python3.7/site-packages/airflow/example_dags/example_dag_decorator.py took 2.229 seconds
[2023-04-08T08:07:53.974+0000] {processor.py:153} INFO - Started process (PID=48687) to work on /home/airflow/.local/lib/python3.7/site-packages/airflow/example_dags/example_dag_decorator.py
[2023-04-08T08:07:53.986+0000] {processor.py:743} INFO - Processing file /home/airflow/.local/lib/python3.7/site-packages/airflow/example_dags/example_dag_decorator.py for tasks to queue
[2023-04-08T08:07:53.990+0000] {logging_mixin.py:137} INFO - [2023-04-08T08:07:53.989+0000] {dagbag.py:532} INFO - Filling up the DagBag from /home/airflow/.local/lib/python3.7/site-packages/airflow/example_dags/example_dag_decorator.py
[2023-04-08T08:07:54.089+0000] {logging_mixin.py:137} INFO - [2023-04-08T08:07:54.088+0000] {taskmixin.py:211} WARNING - Dependency <Task(_PythonDecoratedOperator): prepare_email>, send_email already registered for DAG: example_dag_decorator
[2023-04-08T08:07:54.091+0000] {logging_mixin.py:137} INFO - [2023-04-08T08:07:54.091+0000] {taskmixin.py:211} WARNING - Dependency <Task(EmailOperator): send_email>, prepare_email already registered for DAG: example_dag_decorator
[2023-04-08T08:07:54.120+0000] {processor.py:753} INFO - DAG(s) dict_keys(['example_dag_decorator']) retrieved from /home/airflow/.local/lib/python3.7/site-packages/airflow/example_dags/example_dag_decorator.py
[2023-04-08T08:07:54.644+0000] {logging_mixin.py:137} INFO - [2023-04-08T08:07:54.643+0000] {dag.py:2705} INFO - Sync 1 DAGs
[2023-04-08T08:07:54.767+0000] {logging_mixin.py:137} INFO - [2023-04-08T08:07:54.766+0000] {dag.py:3456} INFO - Setting next_dagrun for example_dag_decorator to None, run_after=None
[2023-04-08T08:07:55.004+0000] {processor.py:175} INFO - Processing /home/airflow/.local/lib/python3.7/site-packages/airflow/example_dags/example_dag_decorator.py took 1.054 seconds
[2023-04-08T09:06:49.280+0000] {processor.py:153} INFO - Started process (PID=48749) to work on /home/airflow/.local/lib/python3.7/site-packages/airflow/example_dags/example_dag_decorator.py
[2023-04-08T09:06:49.374+0000] {processor.py:743} INFO - Processing file /home/airflow/.local/lib/python3.7/site-packages/airflow/example_dags/example_dag_decorator.py for tasks to queue
[2023-04-08T09:06:49.571+0000] {logging_mixin.py:137} INFO - [2023-04-08T09:06:49.478+0000] {dagbag.py:532} INFO - Filling up the DagBag from /home/airflow/.local/lib/python3.7/site-packages/airflow/example_dags/example_dag_decorator.py
[2023-04-08T09:06:51.847+0000] {logging_mixin.py:137} INFO - [2023-04-08T09:06:51.818+0000] {taskmixin.py:211} WARNING - Dependency <Task(_PythonDecoratedOperator): prepare_email>, send_email already registered for DAG: example_dag_decorator
[2023-04-08T09:06:51.927+0000] {logging_mixin.py:137} INFO - [2023-04-08T09:06:51.924+0000] {taskmixin.py:211} WARNING - Dependency <Task(EmailOperator): send_email>, prepare_email already registered for DAG: example_dag_decorator
[2023-04-08T09:06:53.350+0000] {processor.py:753} INFO - DAG(s) dict_keys(['example_dag_decorator']) retrieved from /home/airflow/.local/lib/python3.7/site-packages/airflow/example_dags/example_dag_decorator.py
[2023-04-08T09:06:57.715+0000] {logging_mixin.py:137} INFO - [2023-04-08T09:06:57.661+0000] {dag.py:2705} INFO - Sync 1 DAGs
[2023-04-08T09:07:01.555+0000] {logging_mixin.py:137} INFO - [2023-04-08T09:07:01.542+0000] {dag.py:3456} INFO - Setting next_dagrun for example_dag_decorator to None, run_after=None
[2023-04-08T09:07:02.509+0000] {processor.py:175} INFO - Processing /home/airflow/.local/lib/python3.7/site-packages/airflow/example_dags/example_dag_decorator.py took 13.685 seconds
[2023-04-08T10:09:36.105+0000] {processor.py:153} INFO - Started process (PID=48824) to work on /home/airflow/.local/lib/python3.7/site-packages/airflow/example_dags/example_dag_decorator.py
[2023-04-08T10:09:36.123+0000] {processor.py:743} INFO - Processing file /home/airflow/.local/lib/python3.7/site-packages/airflow/example_dags/example_dag_decorator.py for tasks to queue
[2023-04-08T10:09:36.152+0000] {logging_mixin.py:137} INFO - [2023-04-08T10:09:36.149+0000] {dagbag.py:532} INFO - Filling up the DagBag from /home/airflow/.local/lib/python3.7/site-packages/airflow/example_dags/example_dag_decorator.py
[2023-04-08T10:09:36.375+0000] {logging_mixin.py:137} INFO - [2023-04-08T10:09:36.374+0000] {taskmixin.py:211} WARNING - Dependency <Task(_PythonDecoratedOperator): prepare_email>, send_email already registered for DAG: example_dag_decorator
[2023-04-08T10:09:36.403+0000] {logging_mixin.py:137} INFO - [2023-04-08T10:09:36.402+0000] {taskmixin.py:211} WARNING - Dependency <Task(EmailOperator): send_email>, prepare_email already registered for DAG: example_dag_decorator
[2023-04-08T10:09:36.525+0000] {processor.py:753} INFO - DAG(s) dict_keys(['example_dag_decorator']) retrieved from /home/airflow/.local/lib/python3.7/site-packages/airflow/example_dags/example_dag_decorator.py
[2023-04-08T10:09:36.739+0000] {logging_mixin.py:137} INFO - [2023-04-08T10:09:36.739+0000] {dag.py:2705} INFO - Sync 1 DAGs
[2023-04-08T10:09:36.942+0000] {logging_mixin.py:137} INFO - [2023-04-08T10:09:36.941+0000] {dag.py:3456} INFO - Setting next_dagrun for example_dag_decorator to None, run_after=None
[2023-04-08T10:09:37.067+0000] {processor.py:175} INFO - Processing /home/airflow/.local/lib/python3.7/site-packages/airflow/example_dags/example_dag_decorator.py took 0.994 seconds
[2023-04-08T10:10:09.929+0000] {processor.py:153} INFO - Started process (PID=48873) to work on /home/airflow/.local/lib/python3.7/site-packages/airflow/example_dags/example_dag_decorator.py
[2023-04-08T10:10:09.936+0000] {processor.py:743} INFO - Processing file /home/airflow/.local/lib/python3.7/site-packages/airflow/example_dags/example_dag_decorator.py for tasks to queue
[2023-04-08T10:10:09.941+0000] {logging_mixin.py:137} INFO - [2023-04-08T10:10:09.941+0000] {dagbag.py:532} INFO - Filling up the DagBag from /home/airflow/.local/lib/python3.7/site-packages/airflow/example_dags/example_dag_decorator.py
[2023-04-08T10:10:10.250+0000] {logging_mixin.py:137} INFO - [2023-04-08T10:10:10.247+0000] {taskmixin.py:211} WARNING - Dependency <Task(_PythonDecoratedOperator): prepare_email>, send_email already registered for DAG: example_dag_decorator
[2023-04-08T10:10:10.258+0000] {logging_mixin.py:137} INFO - [2023-04-08T10:10:10.257+0000] {taskmixin.py:211} WARNING - Dependency <Task(EmailOperator): send_email>, prepare_email already registered for DAG: example_dag_decorator
[2023-04-08T10:10:10.416+0000] {processor.py:753} INFO - DAG(s) dict_keys(['example_dag_decorator']) retrieved from /home/airflow/.local/lib/python3.7/site-packages/airflow/example_dags/example_dag_decorator.py
[2023-04-08T10:10:11.658+0000] {logging_mixin.py:137} INFO - [2023-04-08T10:10:11.657+0000] {dag.py:2705} INFO - Sync 1 DAGs
[2023-04-08T10:10:12.199+0000] {logging_mixin.py:137} INFO - [2023-04-08T10:10:12.192+0000] {dag.py:3456} INFO - Setting next_dagrun for example_dag_decorator to None, run_after=None
[2023-04-08T10:10:12.606+0000] {processor.py:175} INFO - Processing /home/airflow/.local/lib/python3.7/site-packages/airflow/example_dags/example_dag_decorator.py took 2.692 seconds
[2023-04-08T10:10:43.618+0000] {processor.py:153} INFO - Started process (PID=48931) to work on /home/airflow/.local/lib/python3.7/site-packages/airflow/example_dags/example_dag_decorator.py
[2023-04-08T10:10:43.628+0000] {processor.py:743} INFO - Processing file /home/airflow/.local/lib/python3.7/site-packages/airflow/example_dags/example_dag_decorator.py for tasks to queue
[2023-04-08T10:10:43.633+0000] {logging_mixin.py:137} INFO - [2023-04-08T10:10:43.632+0000] {dagbag.py:532} INFO - Filling up the DagBag from /home/airflow/.local/lib/python3.7/site-packages/airflow/example_dags/example_dag_decorator.py
[2023-04-08T10:10:43.728+0000] {logging_mixin.py:137} INFO - [2023-04-08T10:10:43.727+0000] {taskmixin.py:211} WARNING - Dependency <Task(_PythonDecoratedOperator): prepare_email>, send_email already registered for DAG: example_dag_decorator
[2023-04-08T10:10:43.732+0000] {logging_mixin.py:137} INFO - [2023-04-08T10:10:43.732+0000] {taskmixin.py:211} WARNING - Dependency <Task(EmailOperator): send_email>, prepare_email already registered for DAG: example_dag_decorator
[2023-04-08T10:10:43.777+0000] {processor.py:753} INFO - DAG(s) dict_keys(['example_dag_decorator']) retrieved from /home/airflow/.local/lib/python3.7/site-packages/airflow/example_dags/example_dag_decorator.py
[2023-04-08T10:10:44.259+0000] {logging_mixin.py:137} INFO - [2023-04-08T10:10:44.259+0000] {dag.py:2705} INFO - Sync 1 DAGs
[2023-04-08T10:10:44.409+0000] {logging_mixin.py:137} INFO - [2023-04-08T10:10:44.409+0000] {dag.py:3456} INFO - Setting next_dagrun for example_dag_decorator to None, run_after=None
[2023-04-08T10:10:44.513+0000] {processor.py:175} INFO - Processing /home/airflow/.local/lib/python3.7/site-packages/airflow/example_dags/example_dag_decorator.py took 0.950 seconds
[2023-04-08T10:11:18.688+0000] {processor.py:153} INFO - Started process (PID=48976) to work on /home/airflow/.local/lib/python3.7/site-packages/airflow/example_dags/example_dag_decorator.py
[2023-04-08T10:11:18.724+0000] {processor.py:743} INFO - Processing file /home/airflow/.local/lib/python3.7/site-packages/airflow/example_dags/example_dag_decorator.py for tasks to queue
[2023-04-08T10:11:18.748+0000] {logging_mixin.py:137} INFO - [2023-04-08T10:11:18.748+0000] {dagbag.py:532} INFO - Filling up the DagBag from /home/airflow/.local/lib/python3.7/site-packages/airflow/example_dags/example_dag_decorator.py
[2023-04-08T10:11:19.094+0000] {logging_mixin.py:137} INFO - [2023-04-08T10:11:19.093+0000] {taskmixin.py:211} WARNING - Dependency <Task(_PythonDecoratedOperator): prepare_email>, send_email already registered for DAG: example_dag_decorator
[2023-04-08T10:11:19.108+0000] {logging_mixin.py:137} INFO - [2023-04-08T10:11:19.107+0000] {taskmixin.py:211} WARNING - Dependency <Task(EmailOperator): send_email>, prepare_email already registered for DAG: example_dag_decorator
[2023-04-08T10:11:19.284+0000] {processor.py:753} INFO - DAG(s) dict_keys(['example_dag_decorator']) retrieved from /home/airflow/.local/lib/python3.7/site-packages/airflow/example_dags/example_dag_decorator.py
[2023-04-08T10:11:20.864+0000] {logging_mixin.py:137} INFO - [2023-04-08T10:11:20.859+0000] {dag.py:2705} INFO - Sync 1 DAGs
[2023-04-08T10:11:22.377+0000] {logging_mixin.py:137} INFO - [2023-04-08T10:11:22.375+0000] {dag.py:3456} INFO - Setting next_dagrun for example_dag_decorator to None, run_after=None
[2023-04-08T10:11:22.713+0000] {processor.py:175} INFO - Processing /home/airflow/.local/lib/python3.7/site-packages/airflow/example_dags/example_dag_decorator.py took 4.062 seconds
[2023-04-08T10:12:02.954+0000] {processor.py:153} INFO - Started process (PID=49020) to work on /home/airflow/.local/lib/python3.7/site-packages/airflow/example_dags/example_dag_decorator.py
[2023-04-08T10:12:02.968+0000] {processor.py:743} INFO - Processing file /home/airflow/.local/lib/python3.7/site-packages/airflow/example_dags/example_dag_decorator.py for tasks to queue
[2023-04-08T10:12:02.991+0000] {logging_mixin.py:137} INFO - [2023-04-08T10:12:02.989+0000] {dagbag.py:532} INFO - Filling up the DagBag from /home/airflow/.local/lib/python3.7/site-packages/airflow/example_dags/example_dag_decorator.py
[2023-04-08T10:12:03.150+0000] {logging_mixin.py:137} INFO - [2023-04-08T10:12:03.150+0000] {taskmixin.py:211} WARNING - Dependency <Task(_PythonDecoratedOperator): prepare_email>, send_email already registered for DAG: example_dag_decorator
[2023-04-08T10:12:03.155+0000] {logging_mixin.py:137} INFO - [2023-04-08T10:12:03.154+0000] {taskmixin.py:211} WARNING - Dependency <Task(EmailOperator): send_email>, prepare_email already registered for DAG: example_dag_decorator
[2023-04-08T10:12:03.554+0000] {processor.py:753} INFO - DAG(s) dict_keys(['example_dag_decorator']) retrieved from /home/airflow/.local/lib/python3.7/site-packages/airflow/example_dags/example_dag_decorator.py
[2023-04-08T10:12:04.849+0000] {logging_mixin.py:137} INFO - [2023-04-08T10:12:04.847+0000] {dag.py:2705} INFO - Sync 1 DAGs
[2023-04-08T10:12:05.172+0000] {logging_mixin.py:137} INFO - [2023-04-08T10:12:05.171+0000] {dag.py:3456} INFO - Setting next_dagrun for example_dag_decorator to None, run_after=None
[2023-04-08T10:12:05.350+0000] {processor.py:175} INFO - Processing /home/airflow/.local/lib/python3.7/site-packages/airflow/example_dags/example_dag_decorator.py took 2.489 seconds
[2023-04-08T10:12:39.452+0000] {processor.py:153} INFO - Started process (PID=49070) to work on /home/airflow/.local/lib/python3.7/site-packages/airflow/example_dags/example_dag_decorator.py
[2023-04-08T10:12:39.473+0000] {processor.py:743} INFO - Processing file /home/airflow/.local/lib/python3.7/site-packages/airflow/example_dags/example_dag_decorator.py for tasks to queue
[2023-04-08T10:12:39.483+0000] {logging_mixin.py:137} INFO - [2023-04-08T10:12:39.482+0000] {dagbag.py:532} INFO - Filling up the DagBag from /home/airflow/.local/lib/python3.7/site-packages/airflow/example_dags/example_dag_decorator.py
[2023-04-08T10:12:39.756+0000] {logging_mixin.py:137} INFO - [2023-04-08T10:12:39.755+0000] {taskmixin.py:211} WARNING - Dependency <Task(_PythonDecoratedOperator): prepare_email>, send_email already registered for DAG: example_dag_decorator
[2023-04-08T10:12:39.794+0000] {logging_mixin.py:137} INFO - [2023-04-08T10:12:39.789+0000] {taskmixin.py:211} WARNING - Dependency <Task(EmailOperator): send_email>, prepare_email already registered for DAG: example_dag_decorator
[2023-04-08T10:12:39.985+0000] {processor.py:753} INFO - DAG(s) dict_keys(['example_dag_decorator']) retrieved from /home/airflow/.local/lib/python3.7/site-packages/airflow/example_dags/example_dag_decorator.py
[2023-04-08T10:12:40.903+0000] {logging_mixin.py:137} INFO - [2023-04-08T10:12:40.902+0000] {dag.py:2705} INFO - Sync 1 DAGs
[2023-04-08T10:12:41.078+0000] {logging_mixin.py:137} INFO - [2023-04-08T10:12:41.077+0000] {dag.py:3456} INFO - Setting next_dagrun for example_dag_decorator to None, run_after=None
[2023-04-08T10:12:41.226+0000] {processor.py:175} INFO - Processing /home/airflow/.local/lib/python3.7/site-packages/airflow/example_dags/example_dag_decorator.py took 1.799 seconds
[2023-04-08T10:13:28.241+0000] {processor.py:153} INFO - Started process (PID=49129) to work on /home/airflow/.local/lib/python3.7/site-packages/airflow/example_dags/example_dag_decorator.py
[2023-04-08T10:13:28.288+0000] {processor.py:743} INFO - Processing file /home/airflow/.local/lib/python3.7/site-packages/airflow/example_dags/example_dag_decorator.py for tasks to queue
[2023-04-08T10:13:28.323+0000] {logging_mixin.py:137} INFO - [2023-04-08T10:13:28.321+0000] {dagbag.py:532} INFO - Filling up the DagBag from /home/airflow/.local/lib/python3.7/site-packages/airflow/example_dags/example_dag_decorator.py
[2023-04-08T10:13:28.786+0000] {logging_mixin.py:137} INFO - [2023-04-08T10:13:28.785+0000] {taskmixin.py:211} WARNING - Dependency <Task(_PythonDecoratedOperator): prepare_email>, send_email already registered for DAG: example_dag_decorator
[2023-04-08T10:13:28.796+0000] {logging_mixin.py:137} INFO - [2023-04-08T10:13:28.795+0000] {taskmixin.py:211} WARNING - Dependency <Task(EmailOperator): send_email>, prepare_email already registered for DAG: example_dag_decorator
[2023-04-08T10:13:28.999+0000] {processor.py:753} INFO - DAG(s) dict_keys(['example_dag_decorator']) retrieved from /home/airflow/.local/lib/python3.7/site-packages/airflow/example_dags/example_dag_decorator.py
[2023-04-08T10:13:30.729+0000] {logging_mixin.py:137} INFO - [2023-04-08T10:13:30.708+0000] {dag.py:2705} INFO - Sync 1 DAGs
[2023-04-08T10:13:31.096+0000] {logging_mixin.py:137} INFO - [2023-04-08T10:13:31.094+0000] {dag.py:3456} INFO - Setting next_dagrun for example_dag_decorator to None, run_after=None
[2023-04-08T10:13:31.303+0000] {processor.py:175} INFO - Processing /home/airflow/.local/lib/python3.7/site-packages/airflow/example_dags/example_dag_decorator.py took 3.258 seconds
[2023-04-08T10:14:10.282+0000] {processor.py:153} INFO - Started process (PID=49174) to work on /home/airflow/.local/lib/python3.7/site-packages/airflow/example_dags/example_dag_decorator.py
[2023-04-08T10:14:10.301+0000] {processor.py:743} INFO - Processing file /home/airflow/.local/lib/python3.7/site-packages/airflow/example_dags/example_dag_decorator.py for tasks to queue
[2023-04-08T10:14:10.306+0000] {logging_mixin.py:137} INFO - [2023-04-08T10:14:10.305+0000] {dagbag.py:532} INFO - Filling up the DagBag from /home/airflow/.local/lib/python3.7/site-packages/airflow/example_dags/example_dag_decorator.py
[2023-04-08T10:14:10.406+0000] {logging_mixin.py:137} INFO - [2023-04-08T10:14:10.405+0000] {taskmixin.py:211} WARNING - Dependency <Task(_PythonDecoratedOperator): prepare_email>, send_email already registered for DAG: example_dag_decorator
[2023-04-08T10:14:10.409+0000] {logging_mixin.py:137} INFO - [2023-04-08T10:14:10.408+0000] {taskmixin.py:211} WARNING - Dependency <Task(EmailOperator): send_email>, prepare_email already registered for DAG: example_dag_decorator
[2023-04-08T10:14:10.456+0000] {processor.py:753} INFO - DAG(s) dict_keys(['example_dag_decorator']) retrieved from /home/airflow/.local/lib/python3.7/site-packages/airflow/example_dags/example_dag_decorator.py
[2023-04-08T10:14:11.675+0000] {logging_mixin.py:137} INFO - [2023-04-08T10:14:11.674+0000] {dag.py:2705} INFO - Sync 1 DAGs
[2023-04-08T10:14:12.353+0000] {logging_mixin.py:137} INFO - [2023-04-08T10:14:12.352+0000] {dag.py:3456} INFO - Setting next_dagrun for example_dag_decorator to None, run_after=None
[2023-04-08T10:14:12.474+0000] {processor.py:175} INFO - Processing /home/airflow/.local/lib/python3.7/site-packages/airflow/example_dags/example_dag_decorator.py took 2.214 seconds
[2023-04-08T10:14:58.570+0000] {processor.py:153} INFO - Started process (PID=49234) to work on /home/airflow/.local/lib/python3.7/site-packages/airflow/example_dags/example_dag_decorator.py
[2023-04-08T10:14:58.588+0000] {processor.py:743} INFO - Processing file /home/airflow/.local/lib/python3.7/site-packages/airflow/example_dags/example_dag_decorator.py for tasks to queue
[2023-04-08T10:14:58.600+0000] {logging_mixin.py:137} INFO - [2023-04-08T10:14:58.600+0000] {dagbag.py:532} INFO - Filling up the DagBag from /home/airflow/.local/lib/python3.7/site-packages/airflow/example_dags/example_dag_decorator.py
[2023-04-08T10:14:58.798+0000] {logging_mixin.py:137} INFO - [2023-04-08T10:14:58.795+0000] {taskmixin.py:211} WARNING - Dependency <Task(_PythonDecoratedOperator): prepare_email>, send_email already registered for DAG: example_dag_decorator
[2023-04-08T10:14:58.880+0000] {logging_mixin.py:137} INFO - [2023-04-08T10:14:58.878+0000] {taskmixin.py:211} WARNING - Dependency <Task(EmailOperator): send_email>, prepare_email already registered for DAG: example_dag_decorator
[2023-04-08T10:14:59.019+0000] {processor.py:753} INFO - DAG(s) dict_keys(['example_dag_decorator']) retrieved from /home/airflow/.local/lib/python3.7/site-packages/airflow/example_dags/example_dag_decorator.py
[2023-04-08T10:14:59.953+0000] {logging_mixin.py:137} INFO - [2023-04-08T10:14:59.952+0000] {dag.py:2705} INFO - Sync 1 DAGs
[2023-04-08T10:15:00.559+0000] {logging_mixin.py:137} INFO - [2023-04-08T10:15:00.558+0000] {dag.py:3456} INFO - Setting next_dagrun for example_dag_decorator to None, run_after=None
[2023-04-08T10:15:01.074+0000] {processor.py:175} INFO - Processing /home/airflow/.local/lib/python3.7/site-packages/airflow/example_dags/example_dag_decorator.py took 2.522 seconds
[2023-04-08T10:15:33.277+0000] {processor.py:153} INFO - Started process (PID=49284) to work on /home/airflow/.local/lib/python3.7/site-packages/airflow/example_dags/example_dag_decorator.py
[2023-04-08T10:15:33.289+0000] {processor.py:743} INFO - Processing file /home/airflow/.local/lib/python3.7/site-packages/airflow/example_dags/example_dag_decorator.py for tasks to queue
[2023-04-08T10:15:33.310+0000] {logging_mixin.py:137} INFO - [2023-04-08T10:15:33.310+0000] {dagbag.py:532} INFO - Filling up the DagBag from /home/airflow/.local/lib/python3.7/site-packages/airflow/example_dags/example_dag_decorator.py
[2023-04-08T10:15:33.841+0000] {logging_mixin.py:137} INFO - [2023-04-08T10:15:33.839+0000] {taskmixin.py:211} WARNING - Dependency <Task(_PythonDecoratedOperator): prepare_email>, send_email already registered for DAG: example_dag_decorator
[2023-04-08T10:15:33.847+0000] {logging_mixin.py:137} INFO - [2023-04-08T10:15:33.847+0000] {taskmixin.py:211} WARNING - Dependency <Task(EmailOperator): send_email>, prepare_email already registered for DAG: example_dag_decorator
[2023-04-08T10:15:33.934+0000] {processor.py:753} INFO - DAG(s) dict_keys(['example_dag_decorator']) retrieved from /home/airflow/.local/lib/python3.7/site-packages/airflow/example_dags/example_dag_decorator.py
[2023-04-08T10:15:34.435+0000] {logging_mixin.py:137} INFO - [2023-04-08T10:15:34.435+0000] {dag.py:2705} INFO - Sync 1 DAGs
[2023-04-08T10:15:34.662+0000] {logging_mixin.py:137} INFO - [2023-04-08T10:15:34.662+0000] {dag.py:3456} INFO - Setting next_dagrun for example_dag_decorator to None, run_after=None
[2023-04-08T10:15:34.858+0000] {processor.py:175} INFO - Processing /home/airflow/.local/lib/python3.7/site-packages/airflow/example_dags/example_dag_decorator.py took 1.676 seconds
[2023-04-08T10:16:08.663+0000] {processor.py:153} INFO - Started process (PID=49334) to work on /home/airflow/.local/lib/python3.7/site-packages/airflow/example_dags/example_dag_decorator.py
[2023-04-08T10:16:08.668+0000] {processor.py:743} INFO - Processing file /home/airflow/.local/lib/python3.7/site-packages/airflow/example_dags/example_dag_decorator.py for tasks to queue
[2023-04-08T10:16:08.673+0000] {logging_mixin.py:137} INFO - [2023-04-08T10:16:08.672+0000] {dagbag.py:532} INFO - Filling up the DagBag from /home/airflow/.local/lib/python3.7/site-packages/airflow/example_dags/example_dag_decorator.py
[2023-04-08T10:16:08.748+0000] {logging_mixin.py:137} INFO - [2023-04-08T10:16:08.748+0000] {taskmixin.py:211} WARNING - Dependency <Task(_PythonDecoratedOperator): prepare_email>, send_email already registered for DAG: example_dag_decorator
[2023-04-08T10:16:08.754+0000] {logging_mixin.py:137} INFO - [2023-04-08T10:16:08.753+0000] {taskmixin.py:211} WARNING - Dependency <Task(EmailOperator): send_email>, prepare_email already registered for DAG: example_dag_decorator
[2023-04-08T10:16:08.815+0000] {processor.py:753} INFO - DAG(s) dict_keys(['example_dag_decorator']) retrieved from /home/airflow/.local/lib/python3.7/site-packages/airflow/example_dags/example_dag_decorator.py
[2023-04-08T10:16:09.301+0000] {logging_mixin.py:137} INFO - [2023-04-08T10:16:09.301+0000] {dag.py:2705} INFO - Sync 1 DAGs
[2023-04-08T10:16:09.402+0000] {logging_mixin.py:137} INFO - [2023-04-08T10:16:09.402+0000] {dag.py:3456} INFO - Setting next_dagrun for example_dag_decorator to None, run_after=None
[2023-04-08T10:16:09.483+0000] {processor.py:175} INFO - Processing /home/airflow/.local/lib/python3.7/site-packages/airflow/example_dags/example_dag_decorator.py took 0.835 seconds
[2023-04-08T10:16:40.063+0000] {processor.py:153} INFO - Started process (PID=49391) to work on /home/airflow/.local/lib/python3.7/site-packages/airflow/example_dags/example_dag_decorator.py
[2023-04-08T10:16:40.068+0000] {processor.py:743} INFO - Processing file /home/airflow/.local/lib/python3.7/site-packages/airflow/example_dags/example_dag_decorator.py for tasks to queue
[2023-04-08T10:16:40.071+0000] {logging_mixin.py:137} INFO - [2023-04-08T10:16:40.071+0000] {dagbag.py:532} INFO - Filling up the DagBag from /home/airflow/.local/lib/python3.7/site-packages/airflow/example_dags/example_dag_decorator.py
[2023-04-08T10:16:40.122+0000] {logging_mixin.py:137} INFO - [2023-04-08T10:16:40.121+0000] {taskmixin.py:211} WARNING - Dependency <Task(_PythonDecoratedOperator): prepare_email>, send_email already registered for DAG: example_dag_decorator
[2023-04-08T10:16:40.125+0000] {logging_mixin.py:137} INFO - [2023-04-08T10:16:40.124+0000] {taskmixin.py:211} WARNING - Dependency <Task(EmailOperator): send_email>, prepare_email already registered for DAG: example_dag_decorator
[2023-04-08T10:16:40.151+0000] {processor.py:753} INFO - DAG(s) dict_keys(['example_dag_decorator']) retrieved from /home/airflow/.local/lib/python3.7/site-packages/airflow/example_dags/example_dag_decorator.py
[2023-04-08T10:16:40.369+0000] {logging_mixin.py:137} INFO - [2023-04-08T10:16:40.369+0000] {dag.py:2705} INFO - Sync 1 DAGs
[2023-04-08T10:16:40.467+0000] {logging_mixin.py:137} INFO - [2023-04-08T10:16:40.466+0000] {dag.py:3456} INFO - Setting next_dagrun for example_dag_decorator to None, run_after=None
[2023-04-08T10:16:40.546+0000] {processor.py:175} INFO - Processing /home/airflow/.local/lib/python3.7/site-packages/airflow/example_dags/example_dag_decorator.py took 0.495 seconds
[2023-04-08T10:17:11.557+0000] {processor.py:153} INFO - Started process (PID=49449) to work on /home/airflow/.local/lib/python3.7/site-packages/airflow/example_dags/example_dag_decorator.py
[2023-04-08T10:17:11.559+0000] {processor.py:743} INFO - Processing file /home/airflow/.local/lib/python3.7/site-packages/airflow/example_dags/example_dag_decorator.py for tasks to queue
[2023-04-08T10:17:11.562+0000] {logging_mixin.py:137} INFO - [2023-04-08T10:17:11.561+0000] {dagbag.py:532} INFO - Filling up the DagBag from /home/airflow/.local/lib/python3.7/site-packages/airflow/example_dags/example_dag_decorator.py
[2023-04-08T10:17:11.589+0000] {logging_mixin.py:137} INFO - [2023-04-08T10:17:11.589+0000] {taskmixin.py:211} WARNING - Dependency <Task(_PythonDecoratedOperator): prepare_email>, send_email already registered for DAG: example_dag_decorator
[2023-04-08T10:17:11.591+0000] {logging_mixin.py:137} INFO - [2023-04-08T10:17:11.591+0000] {taskmixin.py:211} WARNING - Dependency <Task(EmailOperator): send_email>, prepare_email already registered for DAG: example_dag_decorator
[2023-04-08T10:17:11.603+0000] {processor.py:753} INFO - DAG(s) dict_keys(['example_dag_decorator']) retrieved from /home/airflow/.local/lib/python3.7/site-packages/airflow/example_dags/example_dag_decorator.py
[2023-04-08T10:17:11.711+0000] {logging_mixin.py:137} INFO - [2023-04-08T10:17:11.710+0000] {dag.py:2705} INFO - Sync 1 DAGs
[2023-04-08T10:17:11.769+0000] {logging_mixin.py:137} INFO - [2023-04-08T10:17:11.769+0000] {dag.py:3456} INFO - Setting next_dagrun for example_dag_decorator to None, run_after=None
[2023-04-08T10:17:11.802+0000] {processor.py:175} INFO - Processing /home/airflow/.local/lib/python3.7/site-packages/airflow/example_dags/example_dag_decorator.py took 0.252 seconds
[2023-04-08T10:17:41.851+0000] {processor.py:153} INFO - Started process (PID=49500) to work on /home/airflow/.local/lib/python3.7/site-packages/airflow/example_dags/example_dag_decorator.py
[2023-04-08T10:17:41.854+0000] {processor.py:743} INFO - Processing file /home/airflow/.local/lib/python3.7/site-packages/airflow/example_dags/example_dag_decorator.py for tasks to queue
[2023-04-08T10:17:41.857+0000] {logging_mixin.py:137} INFO - [2023-04-08T10:17:41.856+0000] {dagbag.py:532} INFO - Filling up the DagBag from /home/airflow/.local/lib/python3.7/site-packages/airflow/example_dags/example_dag_decorator.py
[2023-04-08T10:17:41.885+0000] {logging_mixin.py:137} INFO - [2023-04-08T10:17:41.884+0000] {taskmixin.py:211} WARNING - Dependency <Task(_PythonDecoratedOperator): prepare_email>, send_email already registered for DAG: example_dag_decorator
[2023-04-08T10:17:41.887+0000] {logging_mixin.py:137} INFO - [2023-04-08T10:17:41.887+0000] {taskmixin.py:211} WARNING - Dependency <Task(EmailOperator): send_email>, prepare_email already registered for DAG: example_dag_decorator
[2023-04-08T10:17:41.901+0000] {processor.py:753} INFO - DAG(s) dict_keys(['example_dag_decorator']) retrieved from /home/airflow/.local/lib/python3.7/site-packages/airflow/example_dags/example_dag_decorator.py
[2023-04-08T10:17:42.010+0000] {logging_mixin.py:137} INFO - [2023-04-08T10:17:42.010+0000] {dag.py:2705} INFO - Sync 1 DAGs
[2023-04-08T10:17:42.050+0000] {logging_mixin.py:137} INFO - [2023-04-08T10:17:42.050+0000] {dag.py:3456} INFO - Setting next_dagrun for example_dag_decorator to None, run_after=None
[2023-04-08T10:17:42.083+0000] {processor.py:175} INFO - Processing /home/airflow/.local/lib/python3.7/site-packages/airflow/example_dags/example_dag_decorator.py took 0.241 seconds
[2023-04-08T10:18:12.213+0000] {processor.py:153} INFO - Started process (PID=49551) to work on /home/airflow/.local/lib/python3.7/site-packages/airflow/example_dags/example_dag_decorator.py
[2023-04-08T10:18:12.216+0000] {processor.py:743} INFO - Processing file /home/airflow/.local/lib/python3.7/site-packages/airflow/example_dags/example_dag_decorator.py for tasks to queue
[2023-04-08T10:18:12.218+0000] {logging_mixin.py:137} INFO - [2023-04-08T10:18:12.218+0000] {dagbag.py:532} INFO - Filling up the DagBag from /home/airflow/.local/lib/python3.7/site-packages/airflow/example_dags/example_dag_decorator.py
[2023-04-08T10:18:12.246+0000] {logging_mixin.py:137} INFO - [2023-04-08T10:18:12.245+0000] {taskmixin.py:211} WARNING - Dependency <Task(_PythonDecoratedOperator): prepare_email>, send_email already registered for DAG: example_dag_decorator
[2023-04-08T10:18:12.247+0000] {logging_mixin.py:137} INFO - [2023-04-08T10:18:12.247+0000] {taskmixin.py:211} WARNING - Dependency <Task(EmailOperator): send_email>, prepare_email already registered for DAG: example_dag_decorator
[2023-04-08T10:18:12.258+0000] {processor.py:753} INFO - DAG(s) dict_keys(['example_dag_decorator']) retrieved from /home/airflow/.local/lib/python3.7/site-packages/airflow/example_dags/example_dag_decorator.py
[2023-04-08T10:18:12.363+0000] {logging_mixin.py:137} INFO - [2023-04-08T10:18:12.362+0000] {dag.py:2705} INFO - Sync 1 DAGs
[2023-04-08T10:18:12.396+0000] {logging_mixin.py:137} INFO - [2023-04-08T10:18:12.396+0000] {dag.py:3456} INFO - Setting next_dagrun for example_dag_decorator to None, run_after=None
[2023-04-08T10:18:12.425+0000] {processor.py:175} INFO - Processing /home/airflow/.local/lib/python3.7/site-packages/airflow/example_dags/example_dag_decorator.py took 0.217 seconds
