[2023-04-08T07:06:58.387+0000] {processor.py:153} INFO - Started process (PID=48368) to work on /home/airflow/.local/lib/python3.7/site-packages/airflow/example_dags/example_branch_python_dop_operator_3.py
[2023-04-08T07:06:58.399+0000] {processor.py:743} INFO - Processing file /home/airflow/.local/lib/python3.7/site-packages/airflow/example_dags/example_branch_python_dop_operator_3.py for tasks to queue
[2023-04-08T07:06:58.424+0000] {logging_mixin.py:137} INFO - [2023-04-08T07:06:58.423+0000] {dagbag.py:532} INFO - Filling up the DagBag from /home/airflow/.local/lib/python3.7/site-packages/airflow/example_dags/example_branch_python_dop_operator_3.py
[2023-04-08T07:06:58.819+0000] {processor.py:753} INFO - DAG(s) dict_keys(['example_branch_dop_operator_v3']) retrieved from /home/airflow/.local/lib/python3.7/site-packages/airflow/example_dags/example_branch_python_dop_operator_3.py
[2023-04-08T07:06:59.579+0000] {logging_mixin.py:137} INFO - [2023-04-08T07:06:59.572+0000] {dag.py:2705} INFO - Sync 1 DAGs
[2023-04-08T07:06:59.924+0000] {logging_mixin.py:137} INFO - [2023-04-08T07:06:59.922+0000] {dag.py:3456} INFO - Setting next_dagrun for example_branch_dop_operator_v3 to 2023-04-08T07:05:00+00:00, run_after=2023-04-08T07:06:00+00:00
[2023-04-08T07:07:00.246+0000] {processor.py:175} INFO - Processing /home/airflow/.local/lib/python3.7/site-packages/airflow/example_dags/example_branch_python_dop_operator_3.py took 1.902 seconds
[2023-04-08T07:07:37.355+0000] {processor.py:153} INFO - Started process (PID=48420) to work on /home/airflow/.local/lib/python3.7/site-packages/airflow/example_dags/example_branch_python_dop_operator_3.py
[2023-04-08T07:07:37.373+0000] {processor.py:743} INFO - Processing file /home/airflow/.local/lib/python3.7/site-packages/airflow/example_dags/example_branch_python_dop_operator_3.py for tasks to queue
[2023-04-08T07:07:37.386+0000] {logging_mixin.py:137} INFO - [2023-04-08T07:07:37.386+0000] {dagbag.py:532} INFO - Filling up the DagBag from /home/airflow/.local/lib/python3.7/site-packages/airflow/example_dags/example_branch_python_dop_operator_3.py
[2023-04-08T07:07:37.814+0000] {processor.py:753} INFO - DAG(s) dict_keys(['example_branch_dop_operator_v3']) retrieved from /home/airflow/.local/lib/python3.7/site-packages/airflow/example_dags/example_branch_python_dop_operator_3.py
[2023-04-08T07:07:39.008+0000] {logging_mixin.py:137} INFO - [2023-04-08T07:07:39.006+0000] {dag.py:2705} INFO - Sync 1 DAGs
[2023-04-08T07:07:39.352+0000] {logging_mixin.py:137} INFO - [2023-04-08T07:07:39.352+0000] {dag.py:3456} INFO - Setting next_dagrun for example_branch_dop_operator_v3 to 2023-04-08T07:06:00+00:00, run_after=2023-04-08T07:07:00+00:00
[2023-04-08T07:07:39.523+0000] {processor.py:175} INFO - Processing /home/airflow/.local/lib/python3.7/site-packages/airflow/example_dags/example_branch_python_dop_operator_3.py took 2.336 seconds
[2023-04-08T07:08:14.661+0000] {processor.py:153} INFO - Started process (PID=48478) to work on /home/airflow/.local/lib/python3.7/site-packages/airflow/example_dags/example_branch_python_dop_operator_3.py
[2023-04-08T07:08:14.671+0000] {processor.py:743} INFO - Processing file /home/airflow/.local/lib/python3.7/site-packages/airflow/example_dags/example_branch_python_dop_operator_3.py for tasks to queue
[2023-04-08T07:08:14.682+0000] {logging_mixin.py:137} INFO - [2023-04-08T07:08:14.681+0000] {dagbag.py:532} INFO - Filling up the DagBag from /home/airflow/.local/lib/python3.7/site-packages/airflow/example_dags/example_branch_python_dop_operator_3.py
[2023-04-08T07:08:14.861+0000] {processor.py:753} INFO - DAG(s) dict_keys(['example_branch_dop_operator_v3']) retrieved from /home/airflow/.local/lib/python3.7/site-packages/airflow/example_dags/example_branch_python_dop_operator_3.py
[2023-04-08T07:08:15.124+0000] {logging_mixin.py:137} INFO - [2023-04-08T07:08:15.123+0000] {dag.py:2705} INFO - Sync 1 DAGs
[2023-04-08T07:08:15.291+0000] {logging_mixin.py:137} INFO - [2023-04-08T07:08:15.289+0000] {dag.py:3456} INFO - Setting next_dagrun for example_branch_dop_operator_v3 to 2023-04-08T07:07:00+00:00, run_after=2023-04-08T07:08:00+00:00
[2023-04-08T07:08:15.725+0000] {processor.py:175} INFO - Processing /home/airflow/.local/lib/python3.7/site-packages/airflow/example_dags/example_branch_python_dop_operator_3.py took 1.084 seconds
[2023-04-08T07:09:06.029+0000] {processor.py:153} INFO - Started process (PID=48540) to work on /home/airflow/.local/lib/python3.7/site-packages/airflow/example_dags/example_branch_python_dop_operator_3.py
[2023-04-08T07:09:06.043+0000] {processor.py:743} INFO - Processing file /home/airflow/.local/lib/python3.7/site-packages/airflow/example_dags/example_branch_python_dop_operator_3.py for tasks to queue
[2023-04-08T07:09:06.046+0000] {logging_mixin.py:137} INFO - [2023-04-08T07:09:06.046+0000] {dagbag.py:532} INFO - Filling up the DagBag from /home/airflow/.local/lib/python3.7/site-packages/airflow/example_dags/example_branch_python_dop_operator_3.py
[2023-04-08T07:09:06.110+0000] {processor.py:753} INFO - DAG(s) dict_keys(['example_branch_dop_operator_v3']) retrieved from /home/airflow/.local/lib/python3.7/site-packages/airflow/example_dags/example_branch_python_dop_operator_3.py
[2023-04-08T07:09:06.335+0000] {logging_mixin.py:137} INFO - [2023-04-08T07:09:06.335+0000] {dag.py:2705} INFO - Sync 1 DAGs
[2023-04-08T07:09:06.529+0000] {logging_mixin.py:137} INFO - [2023-04-08T07:09:06.528+0000] {dag.py:3456} INFO - Setting next_dagrun for example_branch_dop_operator_v3 to 2023-04-08T07:08:00+00:00, run_after=2023-04-08T07:09:00+00:00
[2023-04-08T07:09:06.689+0000] {processor.py:175} INFO - Processing /home/airflow/.local/lib/python3.7/site-packages/airflow/example_dags/example_branch_python_dop_operator_3.py took 0.686 seconds
[2023-04-08T08:07:36.357+0000] {processor.py:153} INFO - Started process (PID=48672) to work on /home/airflow/.local/lib/python3.7/site-packages/airflow/example_dags/example_branch_python_dop_operator_3.py
[2023-04-08T08:07:36.375+0000] {processor.py:743} INFO - Processing file /home/airflow/.local/lib/python3.7/site-packages/airflow/example_dags/example_branch_python_dop_operator_3.py for tasks to queue
[2023-04-08T08:07:36.388+0000] {logging_mixin.py:137} INFO - [2023-04-08T08:07:36.386+0000] {dagbag.py:532} INFO - Filling up the DagBag from /home/airflow/.local/lib/python3.7/site-packages/airflow/example_dags/example_branch_python_dop_operator_3.py
[2023-04-08T08:07:36.550+0000] {processor.py:753} INFO - DAG(s) dict_keys(['example_branch_dop_operator_v3']) retrieved from /home/airflow/.local/lib/python3.7/site-packages/airflow/example_dags/example_branch_python_dop_operator_3.py
[2023-04-08T08:07:36.706+0000] {logging_mixin.py:137} INFO - [2023-04-08T08:07:36.706+0000] {dag.py:2705} INFO - Sync 1 DAGs
[2023-04-08T08:07:37.154+0000] {logging_mixin.py:137} INFO - [2023-04-08T08:07:37.153+0000] {dag.py:3456} INFO - Setting next_dagrun for example_branch_dop_operator_v3 to 2023-04-08T08:06:00+00:00, run_after=2023-04-08T08:07:00+00:00
[2023-04-08T08:07:37.234+0000] {processor.py:175} INFO - Processing /home/airflow/.local/lib/python3.7/site-packages/airflow/example_dags/example_branch_python_dop_operator_3.py took 0.899 seconds
[2023-04-08T10:09:23.454+0000] {processor.py:153} INFO - Started process (PID=48805) to work on /home/airflow/.local/lib/python3.7/site-packages/airflow/example_dags/example_branch_python_dop_operator_3.py
[2023-04-08T10:09:23.509+0000] {processor.py:743} INFO - Processing file /home/airflow/.local/lib/python3.7/site-packages/airflow/example_dags/example_branch_python_dop_operator_3.py for tasks to queue
[2023-04-08T10:09:23.552+0000] {logging_mixin.py:137} INFO - [2023-04-08T10:09:23.539+0000] {dagbag.py:532} INFO - Filling up the DagBag from /home/airflow/.local/lib/python3.7/site-packages/airflow/example_dags/example_branch_python_dop_operator_3.py
[2023-04-08T10:09:23.773+0000] {processor.py:753} INFO - DAG(s) dict_keys(['example_branch_dop_operator_v3']) retrieved from /home/airflow/.local/lib/python3.7/site-packages/airflow/example_dags/example_branch_python_dop_operator_3.py
[2023-04-08T10:09:23.982+0000] {logging_mixin.py:137} INFO - [2023-04-08T10:09:23.982+0000] {dag.py:2705} INFO - Sync 1 DAGs
[2023-04-08T10:09:24.234+0000] {logging_mixin.py:137} INFO - [2023-04-08T10:09:24.234+0000] {dag.py:3456} INFO - Setting next_dagrun for example_branch_dop_operator_v3 to 2023-04-08T10:08:00+00:00, run_after=2023-04-08T10:09:00+00:00
[2023-04-08T10:09:24.655+0000] {processor.py:175} INFO - Processing /home/airflow/.local/lib/python3.7/site-packages/airflow/example_dags/example_branch_python_dop_operator_3.py took 1.172 seconds
[2023-04-08T10:10:05.959+0000] {processor.py:153} INFO - Started process (PID=48866) to work on /home/airflow/.local/lib/python3.7/site-packages/airflow/example_dags/example_branch_python_dop_operator_3.py
[2023-04-08T10:10:05.972+0000] {processor.py:743} INFO - Processing file /home/airflow/.local/lib/python3.7/site-packages/airflow/example_dags/example_branch_python_dop_operator_3.py for tasks to queue
[2023-04-08T10:10:05.982+0000] {logging_mixin.py:137} INFO - [2023-04-08T10:10:05.981+0000] {dagbag.py:532} INFO - Filling up the DagBag from /home/airflow/.local/lib/python3.7/site-packages/airflow/example_dags/example_branch_python_dop_operator_3.py
[2023-04-08T10:10:06.233+0000] {processor.py:753} INFO - DAG(s) dict_keys(['example_branch_dop_operator_v3']) retrieved from /home/airflow/.local/lib/python3.7/site-packages/airflow/example_dags/example_branch_python_dop_operator_3.py
[2023-04-08T10:10:06.711+0000] {logging_mixin.py:137} INFO - [2023-04-08T10:10:06.710+0000] {dag.py:2705} INFO - Sync 1 DAGs
[2023-04-08T10:10:07.118+0000] {logging_mixin.py:137} INFO - [2023-04-08T10:10:07.117+0000] {dag.py:3456} INFO - Setting next_dagrun for example_branch_dop_operator_v3 to 2023-04-08T10:09:00+00:00, run_after=2023-04-08T10:10:00+00:00
[2023-04-08T10:10:07.317+0000] {processor.py:175} INFO - Processing /home/airflow/.local/lib/python3.7/site-packages/airflow/example_dags/example_branch_python_dop_operator_3.py took 1.386 seconds
[2023-04-08T10:10:39.673+0000] {processor.py:153} INFO - Started process (PID=48924) to work on /home/airflow/.local/lib/python3.7/site-packages/airflow/example_dags/example_branch_python_dop_operator_3.py
[2023-04-08T10:10:39.682+0000] {processor.py:743} INFO - Processing file /home/airflow/.local/lib/python3.7/site-packages/airflow/example_dags/example_branch_python_dop_operator_3.py for tasks to queue
[2023-04-08T10:10:39.686+0000] {logging_mixin.py:137} INFO - [2023-04-08T10:10:39.685+0000] {dagbag.py:532} INFO - Filling up the DagBag from /home/airflow/.local/lib/python3.7/site-packages/airflow/example_dags/example_branch_python_dop_operator_3.py
[2023-04-08T10:10:39.823+0000] {processor.py:753} INFO - DAG(s) dict_keys(['example_branch_dop_operator_v3']) retrieved from /home/airflow/.local/lib/python3.7/site-packages/airflow/example_dags/example_branch_python_dop_operator_3.py
[2023-04-08T10:10:39.968+0000] {logging_mixin.py:137} INFO - [2023-04-08T10:10:39.968+0000] {dag.py:2705} INFO - Sync 1 DAGs
[2023-04-08T10:10:40.129+0000] {logging_mixin.py:137} INFO - [2023-04-08T10:10:40.129+0000] {dag.py:3456} INFO - Setting next_dagrun for example_branch_dop_operator_v3 to 2023-04-08T10:09:00+00:00, run_after=2023-04-08T10:10:00+00:00
[2023-04-08T10:10:40.277+0000] {processor.py:175} INFO - Processing /home/airflow/.local/lib/python3.7/site-packages/airflow/example_dags/example_branch_python_dop_operator_3.py took 0.620 seconds
[2023-04-08T10:11:26.427+0000] {processor.py:153} INFO - Started process (PID=48981) to work on /home/airflow/.local/lib/python3.7/site-packages/airflow/example_dags/example_branch_python_dop_operator_3.py
[2023-04-08T10:11:26.448+0000] {processor.py:743} INFO - Processing file /home/airflow/.local/lib/python3.7/site-packages/airflow/example_dags/example_branch_python_dop_operator_3.py for tasks to queue
[2023-04-08T10:11:26.461+0000] {logging_mixin.py:137} INFO - [2023-04-08T10:11:26.460+0000] {dagbag.py:532} INFO - Filling up the DagBag from /home/airflow/.local/lib/python3.7/site-packages/airflow/example_dags/example_branch_python_dop_operator_3.py
[2023-04-08T10:11:26.959+0000] {processor.py:753} INFO - DAG(s) dict_keys(['example_branch_dop_operator_v3']) retrieved from /home/airflow/.local/lib/python3.7/site-packages/airflow/example_dags/example_branch_python_dop_operator_3.py
[2023-04-08T10:11:28.014+0000] {logging_mixin.py:137} INFO - [2023-04-08T10:11:28.010+0000] {dag.py:2705} INFO - Sync 1 DAGs
[2023-04-08T10:11:28.645+0000] {logging_mixin.py:137} INFO - [2023-04-08T10:11:28.622+0000] {dag.py:3456} INFO - Setting next_dagrun for example_branch_dop_operator_v3 to 2023-04-08T10:10:00+00:00, run_after=2023-04-08T10:11:00+00:00
[2023-04-08T10:11:29.034+0000] {processor.py:175} INFO - Processing /home/airflow/.local/lib/python3.7/site-packages/airflow/example_dags/example_branch_python_dop_operator_3.py took 2.665 seconds
[2023-04-08T10:12:10.903+0000] {processor.py:153} INFO - Started process (PID=49039) to work on /home/airflow/.local/lib/python3.7/site-packages/airflow/example_dags/example_branch_python_dop_operator_3.py
[2023-04-08T10:12:10.910+0000] {processor.py:743} INFO - Processing file /home/airflow/.local/lib/python3.7/site-packages/airflow/example_dags/example_branch_python_dop_operator_3.py for tasks to queue
[2023-04-08T10:12:10.927+0000] {logging_mixin.py:137} INFO - [2023-04-08T10:12:10.925+0000] {dagbag.py:532} INFO - Filling up the DagBag from /home/airflow/.local/lib/python3.7/site-packages/airflow/example_dags/example_branch_python_dop_operator_3.py
[2023-04-08T10:12:11.057+0000] {processor.py:753} INFO - DAG(s) dict_keys(['example_branch_dop_operator_v3']) retrieved from /home/airflow/.local/lib/python3.7/site-packages/airflow/example_dags/example_branch_python_dop_operator_3.py
[2023-04-08T10:12:11.219+0000] {logging_mixin.py:137} INFO - [2023-04-08T10:12:11.219+0000] {dag.py:2705} INFO - Sync 1 DAGs
[2023-04-08T10:12:11.469+0000] {logging_mixin.py:137} INFO - [2023-04-08T10:12:11.469+0000] {dag.py:3456} INFO - Setting next_dagrun for example_branch_dop_operator_v3 to 2023-04-08T10:11:00+00:00, run_after=2023-04-08T10:12:00+00:00
[2023-04-08T10:12:11.583+0000] {processor.py:175} INFO - Processing /home/airflow/.local/lib/python3.7/site-packages/airflow/example_dags/example_branch_python_dop_operator_3.py took 0.705 seconds
[2023-04-08T10:12:58.360+0000] {processor.py:153} INFO - Started process (PID=49098) to work on /home/airflow/.local/lib/python3.7/site-packages/airflow/example_dags/example_branch_python_dop_operator_3.py
[2023-04-08T10:12:58.375+0000] {processor.py:743} INFO - Processing file /home/airflow/.local/lib/python3.7/site-packages/airflow/example_dags/example_branch_python_dop_operator_3.py for tasks to queue
[2023-04-08T10:12:58.392+0000] {logging_mixin.py:137} INFO - [2023-04-08T10:12:58.392+0000] {dagbag.py:532} INFO - Filling up the DagBag from /home/airflow/.local/lib/python3.7/site-packages/airflow/example_dags/example_branch_python_dop_operator_3.py
[2023-04-08T10:12:58.837+0000] {processor.py:753} INFO - DAG(s) dict_keys(['example_branch_dop_operator_v3']) retrieved from /home/airflow/.local/lib/python3.7/site-packages/airflow/example_dags/example_branch_python_dop_operator_3.py
[2023-04-08T10:12:59.188+0000] {logging_mixin.py:137} INFO - [2023-04-08T10:12:59.186+0000] {dag.py:2705} INFO - Sync 1 DAGs
[2023-04-08T10:12:59.502+0000] {logging_mixin.py:137} INFO - [2023-04-08T10:12:59.502+0000] {dag.py:3456} INFO - Setting next_dagrun for example_branch_dop_operator_v3 to 2023-04-08T10:11:00+00:00, run_after=2023-04-08T10:12:00+00:00
[2023-04-08T10:12:59.749+0000] {processor.py:175} INFO - Processing /home/airflow/.local/lib/python3.7/site-packages/airflow/example_dags/example_branch_python_dop_operator_3.py took 1.436 seconds
[2023-04-08T10:14:07.662+0000] {processor.py:153} INFO - Started process (PID=49168) to work on /home/airflow/.local/lib/python3.7/site-packages/airflow/example_dags/example_branch_python_dop_operator_3.py
[2023-04-08T10:14:07.682+0000] {processor.py:743} INFO - Processing file /home/airflow/.local/lib/python3.7/site-packages/airflow/example_dags/example_branch_python_dop_operator_3.py for tasks to queue
[2023-04-08T10:14:07.693+0000] {logging_mixin.py:137} INFO - [2023-04-08T10:14:07.692+0000] {dagbag.py:532} INFO - Filling up the DagBag from /home/airflow/.local/lib/python3.7/site-packages/airflow/example_dags/example_branch_python_dop_operator_3.py
[2023-04-08T10:14:07.979+0000] {processor.py:753} INFO - DAG(s) dict_keys(['example_branch_dop_operator_v3']) retrieved from /home/airflow/.local/lib/python3.7/site-packages/airflow/example_dags/example_branch_python_dop_operator_3.py
[2023-04-08T10:14:08.436+0000] {logging_mixin.py:137} INFO - [2023-04-08T10:14:08.436+0000] {dag.py:2705} INFO - Sync 1 DAGs
[2023-04-08T10:14:08.810+0000] {logging_mixin.py:137} INFO - [2023-04-08T10:14:08.810+0000] {dag.py:3456} INFO - Setting next_dagrun for example_branch_dop_operator_v3 to 2023-04-08T10:13:00+00:00, run_after=2023-04-08T10:14:00+00:00
[2023-04-08T10:14:09.033+0000] {processor.py:175} INFO - Processing /home/airflow/.local/lib/python3.7/site-packages/airflow/example_dags/example_branch_python_dop_operator_3.py took 1.421 seconds
[2023-04-08T10:15:14.076+0000] {processor.py:153} INFO - Started process (PID=49249) to work on /home/airflow/.local/lib/python3.7/site-packages/airflow/example_dags/example_branch_python_dop_operator_3.py
[2023-04-08T10:15:14.109+0000] {processor.py:743} INFO - Processing file /home/airflow/.local/lib/python3.7/site-packages/airflow/example_dags/example_branch_python_dop_operator_3.py for tasks to queue
[2023-04-08T10:15:14.133+0000] {logging_mixin.py:137} INFO - [2023-04-08T10:15:14.133+0000] {dagbag.py:532} INFO - Filling up the DagBag from /home/airflow/.local/lib/python3.7/site-packages/airflow/example_dags/example_branch_python_dop_operator_3.py
[2023-04-08T10:15:14.328+0000] {processor.py:753} INFO - DAG(s) dict_keys(['example_branch_dop_operator_v3']) retrieved from /home/airflow/.local/lib/python3.7/site-packages/airflow/example_dags/example_branch_python_dop_operator_3.py
[2023-04-08T10:15:14.514+0000] {logging_mixin.py:137} INFO - [2023-04-08T10:15:14.513+0000] {dag.py:2705} INFO - Sync 1 DAGs
[2023-04-08T10:15:14.691+0000] {logging_mixin.py:137} INFO - [2023-04-08T10:15:14.690+0000] {dag.py:3456} INFO - Setting next_dagrun for example_branch_dop_operator_v3 to 2023-04-08T10:14:00+00:00, run_after=2023-04-08T10:15:00+00:00
[2023-04-08T10:15:14.826+0000] {processor.py:175} INFO - Processing /home/airflow/.local/lib/python3.7/site-packages/airflow/example_dags/example_branch_python_dop_operator_3.py took 0.773 seconds
[2023-04-08T10:15:53.092+0000] {processor.py:153} INFO - Started process (PID=49307) to work on /home/airflow/.local/lib/python3.7/site-packages/airflow/example_dags/example_branch_python_dop_operator_3.py
[2023-04-08T10:15:53.097+0000] {processor.py:743} INFO - Processing file /home/airflow/.local/lib/python3.7/site-packages/airflow/example_dags/example_branch_python_dop_operator_3.py for tasks to queue
[2023-04-08T10:15:53.174+0000] {logging_mixin.py:137} INFO - [2023-04-08T10:15:53.138+0000] {dagbag.py:532} INFO - Filling up the DagBag from /home/airflow/.local/lib/python3.7/site-packages/airflow/example_dags/example_branch_python_dop_operator_3.py
[2023-04-08T10:15:53.643+0000] {processor.py:753} INFO - DAG(s) dict_keys(['example_branch_dop_operator_v3']) retrieved from /home/airflow/.local/lib/python3.7/site-packages/airflow/example_dags/example_branch_python_dop_operator_3.py
[2023-04-08T10:15:53.819+0000] {logging_mixin.py:137} INFO - [2023-04-08T10:15:53.818+0000] {dag.py:2705} INFO - Sync 1 DAGs
[2023-04-08T10:15:54.024+0000] {logging_mixin.py:137} INFO - [2023-04-08T10:15:54.023+0000] {dag.py:3456} INFO - Setting next_dagrun for example_branch_dop_operator_v3 to 2023-04-08T10:14:00+00:00, run_after=2023-04-08T10:15:00+00:00
[2023-04-08T10:15:54.126+0000] {processor.py:175} INFO - Processing /home/airflow/.local/lib/python3.7/site-packages/airflow/example_dags/example_branch_python_dop_operator_3.py took 1.055 seconds
[2023-04-08T10:16:24.686+0000] {processor.py:153} INFO - Started process (PID=49357) to work on /home/airflow/.local/lib/python3.7/site-packages/airflow/example_dags/example_branch_python_dop_operator_3.py
[2023-04-08T10:16:24.694+0000] {processor.py:743} INFO - Processing file /home/airflow/.local/lib/python3.7/site-packages/airflow/example_dags/example_branch_python_dop_operator_3.py for tasks to queue
[2023-04-08T10:16:24.700+0000] {logging_mixin.py:137} INFO - [2023-04-08T10:16:24.699+0000] {dagbag.py:532} INFO - Filling up the DagBag from /home/airflow/.local/lib/python3.7/site-packages/airflow/example_dags/example_branch_python_dop_operator_3.py
[2023-04-08T10:16:24.799+0000] {processor.py:753} INFO - DAG(s) dict_keys(['example_branch_dop_operator_v3']) retrieved from /home/airflow/.local/lib/python3.7/site-packages/airflow/example_dags/example_branch_python_dop_operator_3.py
[2023-04-08T10:16:24.979+0000] {logging_mixin.py:137} INFO - [2023-04-08T10:16:24.979+0000] {dag.py:2705} INFO - Sync 1 DAGs
[2023-04-08T10:16:25.168+0000] {logging_mixin.py:137} INFO - [2023-04-08T10:16:25.166+0000] {dag.py:3456} INFO - Setting next_dagrun for example_branch_dop_operator_v3 to 2023-04-08T10:15:00+00:00, run_after=2023-04-08T10:16:00+00:00
[2023-04-08T10:16:25.311+0000] {processor.py:175} INFO - Processing /home/airflow/.local/lib/python3.7/site-packages/airflow/example_dags/example_branch_python_dop_operator_3.py took 0.680 seconds
[2023-04-08T10:16:56.024+0000] {processor.py:153} INFO - Started process (PID=49424) to work on /home/airflow/.local/lib/python3.7/site-packages/airflow/example_dags/example_branch_python_dop_operator_3.py
[2023-04-08T10:16:56.029+0000] {processor.py:743} INFO - Processing file /home/airflow/.local/lib/python3.7/site-packages/airflow/example_dags/example_branch_python_dop_operator_3.py for tasks to queue
[2023-04-08T10:16:56.032+0000] {logging_mixin.py:137} INFO - [2023-04-08T10:16:56.032+0000] {dagbag.py:532} INFO - Filling up the DagBag from /home/airflow/.local/lib/python3.7/site-packages/airflow/example_dags/example_branch_python_dop_operator_3.py
[2023-04-08T10:16:56.083+0000] {processor.py:753} INFO - DAG(s) dict_keys(['example_branch_dop_operator_v3']) retrieved from /home/airflow/.local/lib/python3.7/site-packages/airflow/example_dags/example_branch_python_dop_operator_3.py
[2023-04-08T10:16:56.144+0000] {logging_mixin.py:137} INFO - [2023-04-08T10:16:56.144+0000] {dag.py:2705} INFO - Sync 1 DAGs
[2023-04-08T10:16:56.200+0000] {logging_mixin.py:137} INFO - [2023-04-08T10:16:56.199+0000] {dag.py:3456} INFO - Setting next_dagrun for example_branch_dop_operator_v3 to 2023-04-08T10:15:00+00:00, run_after=2023-04-08T10:16:00+00:00
[2023-04-08T10:16:56.249+0000] {processor.py:175} INFO - Processing /home/airflow/.local/lib/python3.7/site-packages/airflow/example_dags/example_branch_python_dop_operator_3.py took 0.233 seconds
[2023-04-08T10:17:26.495+0000] {processor.py:153} INFO - Started process (PID=49475) to work on /home/airflow/.local/lib/python3.7/site-packages/airflow/example_dags/example_branch_python_dop_operator_3.py
[2023-04-08T10:17:26.498+0000] {processor.py:743} INFO - Processing file /home/airflow/.local/lib/python3.7/site-packages/airflow/example_dags/example_branch_python_dop_operator_3.py for tasks to queue
[2023-04-08T10:17:26.500+0000] {logging_mixin.py:137} INFO - [2023-04-08T10:17:26.500+0000] {dagbag.py:532} INFO - Filling up the DagBag from /home/airflow/.local/lib/python3.7/site-packages/airflow/example_dags/example_branch_python_dop_operator_3.py
[2023-04-08T10:17:26.529+0000] {processor.py:753} INFO - DAG(s) dict_keys(['example_branch_dop_operator_v3']) retrieved from /home/airflow/.local/lib/python3.7/site-packages/airflow/example_dags/example_branch_python_dop_operator_3.py
[2023-04-08T10:17:26.566+0000] {logging_mixin.py:137} INFO - [2023-04-08T10:17:26.566+0000] {dag.py:2705} INFO - Sync 1 DAGs
[2023-04-08T10:17:26.609+0000] {logging_mixin.py:137} INFO - [2023-04-08T10:17:26.609+0000] {dag.py:3456} INFO - Setting next_dagrun for example_branch_dop_operator_v3 to 2023-04-08T10:16:00+00:00, run_after=2023-04-08T10:17:00+00:00
[2023-04-08T10:17:26.638+0000] {processor.py:175} INFO - Processing /home/airflow/.local/lib/python3.7/site-packages/airflow/example_dags/example_branch_python_dop_operator_3.py took 0.150 seconds
[2023-04-08T10:17:56.744+0000] {processor.py:153} INFO - Started process (PID=49526) to work on /home/airflow/.local/lib/python3.7/site-packages/airflow/example_dags/example_branch_python_dop_operator_3.py
[2023-04-08T10:17:56.746+0000] {processor.py:743} INFO - Processing file /home/airflow/.local/lib/python3.7/site-packages/airflow/example_dags/example_branch_python_dop_operator_3.py for tasks to queue
[2023-04-08T10:17:56.748+0000] {logging_mixin.py:137} INFO - [2023-04-08T10:17:56.748+0000] {dagbag.py:532} INFO - Filling up the DagBag from /home/airflow/.local/lib/python3.7/site-packages/airflow/example_dags/example_branch_python_dop_operator_3.py
[2023-04-08T10:17:56.777+0000] {processor.py:753} INFO - DAG(s) dict_keys(['example_branch_dop_operator_v3']) retrieved from /home/airflow/.local/lib/python3.7/site-packages/airflow/example_dags/example_branch_python_dop_operator_3.py
[2023-04-08T10:17:56.814+0000] {logging_mixin.py:137} INFO - [2023-04-08T10:17:56.814+0000] {dag.py:2705} INFO - Sync 1 DAGs
[2023-04-08T10:17:56.858+0000] {logging_mixin.py:137} INFO - [2023-04-08T10:17:56.857+0000] {dag.py:3456} INFO - Setting next_dagrun for example_branch_dop_operator_v3 to 2023-04-08T10:16:00+00:00, run_after=2023-04-08T10:17:00+00:00
[2023-04-08T10:17:56.885+0000] {processor.py:175} INFO - Processing /home/airflow/.local/lib/python3.7/site-packages/airflow/example_dags/example_branch_python_dop_operator_3.py took 0.147 seconds
[2023-04-08T10:18:27.121+0000] {processor.py:153} INFO - Started process (PID=49577) to work on /home/airflow/.local/lib/python3.7/site-packages/airflow/example_dags/example_branch_python_dop_operator_3.py
[2023-04-08T10:18:27.124+0000] {processor.py:743} INFO - Processing file /home/airflow/.local/lib/python3.7/site-packages/airflow/example_dags/example_branch_python_dop_operator_3.py for tasks to queue
[2023-04-08T10:18:27.126+0000] {logging_mixin.py:137} INFO - [2023-04-08T10:18:27.126+0000] {dagbag.py:532} INFO - Filling up the DagBag from /home/airflow/.local/lib/python3.7/site-packages/airflow/example_dags/example_branch_python_dop_operator_3.py
[2023-04-08T10:18:27.156+0000] {processor.py:753} INFO - DAG(s) dict_keys(['example_branch_dop_operator_v3']) retrieved from /home/airflow/.local/lib/python3.7/site-packages/airflow/example_dags/example_branch_python_dop_operator_3.py
[2023-04-08T10:18:27.194+0000] {logging_mixin.py:137} INFO - [2023-04-08T10:18:27.194+0000] {dag.py:2705} INFO - Sync 1 DAGs
[2023-04-08T10:18:27.235+0000] {logging_mixin.py:137} INFO - [2023-04-08T10:18:27.235+0000] {dag.py:3456} INFO - Setting next_dagrun for example_branch_dop_operator_v3 to 2023-04-08T10:17:00+00:00, run_after=2023-04-08T10:18:00+00:00
[2023-04-08T10:18:27.266+0000] {processor.py:175} INFO - Processing /home/airflow/.local/lib/python3.7/site-packages/airflow/example_dags/example_branch_python_dop_operator_3.py took 0.151 seconds
