[2023-04-08T07:06:38.850+0000] {processor.py:153} INFO - Started process (PID=48346) to work on /home/airflow/.local/lib/python3.7/site-packages/airflow/example_dags/example_datasets.py
[2023-04-08T07:06:38.870+0000] {processor.py:743} INFO - Processing file /home/airflow/.local/lib/python3.7/site-packages/airflow/example_dags/example_datasets.py for tasks to queue
[2023-04-08T07:06:38.887+0000] {logging_mixin.py:137} INFO - [2023-04-08T07:06:38.883+0000] {dagbag.py:532} INFO - Filling up the DagBag from /home/airflow/.local/lib/python3.7/site-packages/airflow/example_dags/example_datasets.py
[2023-04-08T07:06:38.980+0000] {processor.py:753} INFO - DAG(s) dict_keys(['dataset_consumes_unknown_never_scheduled', 'dataset_consumes_1', 'dataset_consumes_1_and_2', 'dataset_produces_1', 'dataset_produces_2', 'dataset_consumes_1_never_scheduled']) retrieved from /home/airflow/.local/lib/python3.7/site-packages/airflow/example_dags/example_datasets.py
[2023-04-08T07:06:39.542+0000] {logging_mixin.py:137} INFO - [2023-04-08T07:06:39.541+0000] {dag.py:2705} INFO - Sync 6 DAGs
[2023-04-08T07:06:40.071+0000] {logging_mixin.py:137} INFO - [2023-04-08T07:06:40.071+0000] {dag.py:3456} INFO - Setting next_dagrun for dataset_consumes_1 to None, run_after=None
[2023-04-08T07:06:40.090+0000] {logging_mixin.py:137} INFO - [2023-04-08T07:06:40.089+0000] {dag.py:3456} INFO - Setting next_dagrun for dataset_consumes_1_and_2 to None, run_after=None
[2023-04-08T07:06:40.110+0000] {logging_mixin.py:137} INFO - [2023-04-08T07:06:40.105+0000] {dag.py:3456} INFO - Setting next_dagrun for dataset_consumes_1_never_scheduled to None, run_after=None
[2023-04-08T07:06:40.124+0000] {logging_mixin.py:137} INFO - [2023-04-08T07:06:40.123+0000] {dag.py:3456} INFO - Setting next_dagrun for dataset_consumes_unknown_never_scheduled to None, run_after=None
[2023-04-08T07:06:40.148+0000] {logging_mixin.py:137} INFO - [2023-04-08T07:06:40.147+0000] {dag.py:3456} INFO - Setting next_dagrun for dataset_produces_1 to 2023-04-07T00:00:00+00:00, run_after=2023-04-08T00:00:00+00:00
[2023-04-08T07:06:40.170+0000] {logging_mixin.py:137} INFO - [2023-04-08T07:06:40.170+0000] {dag.py:3456} INFO - Setting next_dagrun for dataset_produces_2 to None, run_after=None
[2023-04-08T07:06:40.468+0000] {processor.py:175} INFO - Processing /home/airflow/.local/lib/python3.7/site-packages/airflow/example_dags/example_datasets.py took 1.676 seconds
[2023-04-08T07:07:20.269+0000] {processor.py:153} INFO - Started process (PID=48397) to work on /home/airflow/.local/lib/python3.7/site-packages/airflow/example_dags/example_datasets.py
[2023-04-08T07:07:20.300+0000] {processor.py:743} INFO - Processing file /home/airflow/.local/lib/python3.7/site-packages/airflow/example_dags/example_datasets.py for tasks to queue
[2023-04-08T07:07:20.317+0000] {logging_mixin.py:137} INFO - [2023-04-08T07:07:20.317+0000] {dagbag.py:532} INFO - Filling up the DagBag from /home/airflow/.local/lib/python3.7/site-packages/airflow/example_dags/example_datasets.py
[2023-04-08T07:07:20.368+0000] {processor.py:753} INFO - DAG(s) dict_keys(['dataset_produces_2', 'dataset_consumes_1_never_scheduled', 'dataset_consumes_1', 'dataset_produces_1', 'dataset_consumes_1_and_2', 'dataset_consumes_unknown_never_scheduled']) retrieved from /home/airflow/.local/lib/python3.7/site-packages/airflow/example_dags/example_datasets.py
[2023-04-08T07:07:20.651+0000] {logging_mixin.py:137} INFO - [2023-04-08T07:07:20.650+0000] {dag.py:2705} INFO - Sync 6 DAGs
[2023-04-08T07:07:20.822+0000] {logging_mixin.py:137} INFO - [2023-04-08T07:07:20.820+0000] {dag.py:3456} INFO - Setting next_dagrun for dataset_consumes_1 to None, run_after=None
[2023-04-08T07:07:20.836+0000] {logging_mixin.py:137} INFO - [2023-04-08T07:07:20.836+0000] {dag.py:3456} INFO - Setting next_dagrun for dataset_consumes_1_and_2 to None, run_after=None
[2023-04-08T07:07:20.870+0000] {logging_mixin.py:137} INFO - [2023-04-08T07:07:20.867+0000] {dag.py:3456} INFO - Setting next_dagrun for dataset_consumes_1_never_scheduled to None, run_after=None
[2023-04-08T07:07:20.921+0000] {logging_mixin.py:137} INFO - [2023-04-08T07:07:20.915+0000] {dag.py:3456} INFO - Setting next_dagrun for dataset_consumes_unknown_never_scheduled to None, run_after=None
[2023-04-08T07:07:20.947+0000] {logging_mixin.py:137} INFO - [2023-04-08T07:07:20.945+0000] {dag.py:3456} INFO - Setting next_dagrun for dataset_produces_1 to 2023-04-07T00:00:00+00:00, run_after=2023-04-08T00:00:00+00:00
[2023-04-08T07:07:20.960+0000] {logging_mixin.py:137} INFO - [2023-04-08T07:07:20.960+0000] {dag.py:3456} INFO - Setting next_dagrun for dataset_produces_2 to None, run_after=None
[2023-04-08T07:07:21.291+0000] {processor.py:175} INFO - Processing /home/airflow/.local/lib/python3.7/site-packages/airflow/example_dags/example_datasets.py took 1.048 seconds
[2023-04-08T07:07:57.029+0000] {processor.py:153} INFO - Started process (PID=48448) to work on /home/airflow/.local/lib/python3.7/site-packages/airflow/example_dags/example_datasets.py
[2023-04-08T07:07:57.040+0000] {processor.py:743} INFO - Processing file /home/airflow/.local/lib/python3.7/site-packages/airflow/example_dags/example_datasets.py for tasks to queue
[2023-04-08T07:07:57.050+0000] {logging_mixin.py:137} INFO - [2023-04-08T07:07:57.049+0000] {dagbag.py:532} INFO - Filling up the DagBag from /home/airflow/.local/lib/python3.7/site-packages/airflow/example_dags/example_datasets.py
[2023-04-08T07:07:57.130+0000] {processor.py:753} INFO - DAG(s) dict_keys(['dataset_produces_1', 'dataset_consumes_1_and_2', 'dataset_produces_2', 'dataset_consumes_1_never_scheduled', 'dataset_consumes_unknown_never_scheduled', 'dataset_consumes_1']) retrieved from /home/airflow/.local/lib/python3.7/site-packages/airflow/example_dags/example_datasets.py
[2023-04-08T07:07:57.331+0000] {logging_mixin.py:137} INFO - [2023-04-08T07:07:57.330+0000] {dag.py:2705} INFO - Sync 6 DAGs
[2023-04-08T07:07:57.450+0000] {logging_mixin.py:137} INFO - [2023-04-08T07:07:57.450+0000] {dag.py:3456} INFO - Setting next_dagrun for dataset_consumes_1 to None, run_after=None
[2023-04-08T07:07:57.480+0000] {logging_mixin.py:137} INFO - [2023-04-08T07:07:57.479+0000] {dag.py:3456} INFO - Setting next_dagrun for dataset_consumes_1_and_2 to None, run_after=None
[2023-04-08T07:07:57.488+0000] {logging_mixin.py:137} INFO - [2023-04-08T07:07:57.487+0000] {dag.py:3456} INFO - Setting next_dagrun for dataset_consumes_1_never_scheduled to None, run_after=None
[2023-04-08T07:07:57.497+0000] {logging_mixin.py:137} INFO - [2023-04-08T07:07:57.496+0000] {dag.py:3456} INFO - Setting next_dagrun for dataset_consumes_unknown_never_scheduled to None, run_after=None
[2023-04-08T07:07:57.509+0000] {logging_mixin.py:137} INFO - [2023-04-08T07:07:57.509+0000] {dag.py:3456} INFO - Setting next_dagrun for dataset_produces_1 to 2023-04-07T00:00:00+00:00, run_after=2023-04-08T00:00:00+00:00
[2023-04-08T07:07:57.520+0000] {logging_mixin.py:137} INFO - [2023-04-08T07:07:57.519+0000] {dag.py:3456} INFO - Setting next_dagrun for dataset_produces_2 to None, run_after=None
[2023-04-08T07:07:57.715+0000] {processor.py:175} INFO - Processing /home/airflow/.local/lib/python3.7/site-packages/airflow/example_dags/example_datasets.py took 0.713 seconds
[2023-04-08T07:08:42.571+0000] {processor.py:153} INFO - Started process (PID=48499) to work on /home/airflow/.local/lib/python3.7/site-packages/airflow/example_dags/example_datasets.py
[2023-04-08T07:08:42.606+0000] {processor.py:743} INFO - Processing file /home/airflow/.local/lib/python3.7/site-packages/airflow/example_dags/example_datasets.py for tasks to queue
[2023-04-08T07:08:42.623+0000] {logging_mixin.py:137} INFO - [2023-04-08T07:08:42.622+0000] {dagbag.py:532} INFO - Filling up the DagBag from /home/airflow/.local/lib/python3.7/site-packages/airflow/example_dags/example_datasets.py
[2023-04-08T07:08:42.743+0000] {processor.py:753} INFO - DAG(s) dict_keys(['dataset_produces_1', 'dataset_consumes_1_and_2', 'dataset_produces_2', 'dataset_consumes_unknown_never_scheduled', 'dataset_consumes_1', 'dataset_consumes_1_never_scheduled']) retrieved from /home/airflow/.local/lib/python3.7/site-packages/airflow/example_dags/example_datasets.py
[2023-04-08T07:08:42.971+0000] {logging_mixin.py:137} INFO - [2023-04-08T07:08:42.970+0000] {dag.py:2705} INFO - Sync 6 DAGs
[2023-04-08T07:08:43.206+0000] {logging_mixin.py:137} INFO - [2023-04-08T07:08:43.205+0000] {dag.py:3456} INFO - Setting next_dagrun for dataset_consumes_1 to None, run_after=None
[2023-04-08T07:08:43.231+0000] {logging_mixin.py:137} INFO - [2023-04-08T07:08:43.230+0000] {dag.py:3456} INFO - Setting next_dagrun for dataset_consumes_1_and_2 to None, run_after=None
[2023-04-08T07:08:43.247+0000] {logging_mixin.py:137} INFO - [2023-04-08T07:08:43.244+0000] {dag.py:3456} INFO - Setting next_dagrun for dataset_consumes_1_never_scheduled to None, run_after=None
[2023-04-08T07:08:43.257+0000] {logging_mixin.py:137} INFO - [2023-04-08T07:08:43.256+0000] {dag.py:3456} INFO - Setting next_dagrun for dataset_consumes_unknown_never_scheduled to None, run_after=None
[2023-04-08T07:08:43.311+0000] {logging_mixin.py:137} INFO - [2023-04-08T07:08:43.309+0000] {dag.py:3456} INFO - Setting next_dagrun for dataset_produces_1 to 2023-04-07T00:00:00+00:00, run_after=2023-04-08T00:00:00+00:00
[2023-04-08T07:08:43.329+0000] {logging_mixin.py:137} INFO - [2023-04-08T07:08:43.327+0000] {dag.py:3456} INFO - Setting next_dagrun for dataset_produces_2 to None, run_after=None
[2023-04-08T07:08:43.824+0000] {processor.py:175} INFO - Processing /home/airflow/.local/lib/python3.7/site-packages/airflow/example_dags/example_datasets.py took 1.280 seconds
[2023-04-08T07:09:15.458+0000] {processor.py:153} INFO - Started process (PID=48555) to work on /home/airflow/.local/lib/python3.7/site-packages/airflow/example_dags/example_datasets.py
[2023-04-08T07:09:15.472+0000] {processor.py:743} INFO - Processing file /home/airflow/.local/lib/python3.7/site-packages/airflow/example_dags/example_datasets.py for tasks to queue
[2023-04-08T07:09:15.477+0000] {logging_mixin.py:137} INFO - [2023-04-08T07:09:15.476+0000] {dagbag.py:532} INFO - Filling up the DagBag from /home/airflow/.local/lib/python3.7/site-packages/airflow/example_dags/example_datasets.py
[2023-04-08T07:09:15.627+0000] {processor.py:753} INFO - DAG(s) dict_keys(['dataset_consumes_unknown_never_scheduled', 'dataset_consumes_1_and_2', 'dataset_produces_1', 'dataset_consumes_1_never_scheduled', 'dataset_consumes_1', 'dataset_produces_2']) retrieved from /home/airflow/.local/lib/python3.7/site-packages/airflow/example_dags/example_datasets.py
[2023-04-08T07:09:16.135+0000] {logging_mixin.py:137} INFO - [2023-04-08T07:09:16.134+0000] {dag.py:2705} INFO - Sync 6 DAGs
[2023-04-08T07:09:16.414+0000] {logging_mixin.py:137} INFO - [2023-04-08T07:09:16.414+0000] {dag.py:3456} INFO - Setting next_dagrun for dataset_consumes_1 to None, run_after=None
[2023-04-08T07:09:16.437+0000] {logging_mixin.py:137} INFO - [2023-04-08T07:09:16.436+0000] {dag.py:3456} INFO - Setting next_dagrun for dataset_consumes_1_and_2 to None, run_after=None
[2023-04-08T07:09:16.460+0000] {logging_mixin.py:137} INFO - [2023-04-08T07:09:16.459+0000] {dag.py:3456} INFO - Setting next_dagrun for dataset_consumes_1_never_scheduled to None, run_after=None
[2023-04-08T07:09:16.478+0000] {logging_mixin.py:137} INFO - [2023-04-08T07:09:16.478+0000] {dag.py:3456} INFO - Setting next_dagrun for dataset_consumes_unknown_never_scheduled to None, run_after=None
[2023-04-08T07:09:16.519+0000] {logging_mixin.py:137} INFO - [2023-04-08T07:09:16.519+0000] {dag.py:3456} INFO - Setting next_dagrun for dataset_produces_1 to 2023-04-07T00:00:00+00:00, run_after=2023-04-08T00:00:00+00:00
[2023-04-08T07:09:16.534+0000] {logging_mixin.py:137} INFO - [2023-04-08T07:09:16.534+0000] {dag.py:3456} INFO - Setting next_dagrun for dataset_produces_2 to None, run_after=None
[2023-04-08T07:09:16.997+0000] {processor.py:175} INFO - Processing /home/airflow/.local/lib/python3.7/site-packages/airflow/example_dags/example_datasets.py took 1.564 seconds
[2023-04-08T08:07:26.300+0000] {processor.py:153} INFO - Started process (PID=48657) to work on /home/airflow/.local/lib/python3.7/site-packages/airflow/example_dags/example_datasets.py
[2023-04-08T08:07:26.356+0000] {processor.py:743} INFO - Processing file /home/airflow/.local/lib/python3.7/site-packages/airflow/example_dags/example_datasets.py for tasks to queue
[2023-04-08T08:07:26.445+0000] {logging_mixin.py:137} INFO - [2023-04-08T08:07:26.440+0000] {dagbag.py:532} INFO - Filling up the DagBag from /home/airflow/.local/lib/python3.7/site-packages/airflow/example_dags/example_datasets.py
[2023-04-08T08:07:26.805+0000] {processor.py:753} INFO - DAG(s) dict_keys(['dataset_consumes_unknown_never_scheduled', 'dataset_consumes_1_and_2', 'dataset_consumes_1_never_scheduled', 'dataset_consumes_1', 'dataset_produces_1', 'dataset_produces_2']) retrieved from /home/airflow/.local/lib/python3.7/site-packages/airflow/example_dags/example_datasets.py
[2023-04-08T08:07:27.237+0000] {logging_mixin.py:137} INFO - [2023-04-08T08:07:27.237+0000] {dag.py:2705} INFO - Sync 6 DAGs
[2023-04-08T08:07:27.517+0000] {logging_mixin.py:137} INFO - [2023-04-08T08:07:27.517+0000] {dag.py:3456} INFO - Setting next_dagrun for dataset_consumes_1 to None, run_after=None
[2023-04-08T08:07:27.562+0000] {logging_mixin.py:137} INFO - [2023-04-08T08:07:27.561+0000] {dag.py:3456} INFO - Setting next_dagrun for dataset_consumes_1_and_2 to None, run_after=None
[2023-04-08T08:07:27.604+0000] {logging_mixin.py:137} INFO - [2023-04-08T08:07:27.603+0000] {dag.py:3456} INFO - Setting next_dagrun for dataset_consumes_1_never_scheduled to None, run_after=None
[2023-04-08T08:07:27.628+0000] {logging_mixin.py:137} INFO - [2023-04-08T08:07:27.628+0000] {dag.py:3456} INFO - Setting next_dagrun for dataset_consumes_unknown_never_scheduled to None, run_after=None
[2023-04-08T08:07:27.703+0000] {logging_mixin.py:137} INFO - [2023-04-08T08:07:27.703+0000] {dag.py:3456} INFO - Setting next_dagrun for dataset_produces_1 to 2023-04-07T00:00:00+00:00, run_after=2023-04-08T00:00:00+00:00
[2023-04-08T08:07:27.717+0000] {logging_mixin.py:137} INFO - [2023-04-08T08:07:27.716+0000] {dag.py:3456} INFO - Setting next_dagrun for dataset_produces_2 to None, run_after=None
[2023-04-08T08:07:28.045+0000] {processor.py:175} INFO - Processing /home/airflow/.local/lib/python3.7/site-packages/airflow/example_dags/example_datasets.py took 2.030 seconds
[2023-04-08T10:04:12.789+0000] {processor.py:153} INFO - Started process (PID=48771) to work on /home/airflow/.local/lib/python3.7/site-packages/airflow/example_dags/example_datasets.py
[2023-04-08T10:04:12.846+0000] {processor.py:743} INFO - Processing file /home/airflow/.local/lib/python3.7/site-packages/airflow/example_dags/example_datasets.py for tasks to queue
[2023-04-08T10:04:12.886+0000] {logging_mixin.py:137} INFO - [2023-04-08T10:04:12.884+0000] {dagbag.py:532} INFO - Filling up the DagBag from /home/airflow/.local/lib/python3.7/site-packages/airflow/example_dags/example_datasets.py
[2023-04-08T10:04:15.374+0000] {processor.py:753} INFO - DAG(s) dict_keys(['dataset_consumes_1', 'dataset_consumes_unknown_never_scheduled', 'dataset_produces_2', 'dataset_consumes_1_and_2', 'dataset_produces_1', 'dataset_consumes_1_never_scheduled']) retrieved from /home/airflow/.local/lib/python3.7/site-packages/airflow/example_dags/example_datasets.py
[2023-04-08T10:04:19.354+0000] {logging_mixin.py:137} INFO - [2023-04-08T10:04:19.349+0000] {dag.py:2705} INFO - Sync 6 DAGs
[2023-04-08T10:04:25.696+0000] {logging_mixin.py:137} INFO - [2023-04-08T10:04:25.691+0000] {dag.py:3456} INFO - Setting next_dagrun for dataset_consumes_1 to None, run_after=None
[2023-04-08T10:04:26.322+0000] {logging_mixin.py:137} INFO - [2023-04-08T10:04:26.298+0000] {dag.py:3456} INFO - Setting next_dagrun for dataset_consumes_1_and_2 to None, run_after=None
[2023-04-08T10:04:26.709+0000] {logging_mixin.py:137} INFO - [2023-04-08T10:04:26.704+0000] {dag.py:3456} INFO - Setting next_dagrun for dataset_consumes_1_never_scheduled to None, run_after=None
[2023-04-08T10:04:26.874+0000] {logging_mixin.py:137} INFO - [2023-04-08T10:04:26.860+0000] {dag.py:3456} INFO - Setting next_dagrun for dataset_consumes_unknown_never_scheduled to None, run_after=None
[2023-04-08T10:04:28.603+0000] {logging_mixin.py:137} INFO - [2023-04-08T10:04:28.559+0000] {dag.py:3456} INFO - Setting next_dagrun for dataset_produces_1 to 2023-04-07T00:00:00+00:00, run_after=2023-04-08T00:00:00+00:00
[2023-04-08T10:04:28.926+0000] {logging_mixin.py:137} INFO - [2023-04-08T10:04:28.899+0000] {dag.py:3456} INFO - Setting next_dagrun for dataset_produces_2 to None, run_after=None
[2023-04-08T10:04:35.758+0000] {processor.py:175} INFO - Processing /home/airflow/.local/lib/python3.7/site-packages/airflow/example_dags/example_datasets.py took 23.952 seconds
[2023-04-08T10:09:52.630+0000] {processor.py:153} INFO - Started process (PID=48838) to work on /home/airflow/.local/lib/python3.7/site-packages/airflow/example_dags/example_datasets.py
[2023-04-08T10:09:52.653+0000] {processor.py:743} INFO - Processing file /home/airflow/.local/lib/python3.7/site-packages/airflow/example_dags/example_datasets.py for tasks to queue
[2023-04-08T10:09:52.656+0000] {logging_mixin.py:137} INFO - [2023-04-08T10:09:52.656+0000] {dagbag.py:532} INFO - Filling up the DagBag from /home/airflow/.local/lib/python3.7/site-packages/airflow/example_dags/example_datasets.py
[2023-04-08T10:09:52.726+0000] {processor.py:753} INFO - DAG(s) dict_keys(['dataset_produces_2', 'dataset_consumes_1_and_2', 'dataset_produces_1', 'dataset_consumes_1_never_scheduled', 'dataset_consumes_1', 'dataset_consumes_unknown_never_scheduled']) retrieved from /home/airflow/.local/lib/python3.7/site-packages/airflow/example_dags/example_datasets.py
[2023-04-08T10:09:53.001+0000] {logging_mixin.py:137} INFO - [2023-04-08T10:09:53.000+0000] {dag.py:2705} INFO - Sync 6 DAGs
[2023-04-08T10:09:53.147+0000] {logging_mixin.py:137} INFO - [2023-04-08T10:09:53.147+0000] {dag.py:3456} INFO - Setting next_dagrun for dataset_consumes_1 to None, run_after=None
[2023-04-08T10:09:53.165+0000] {logging_mixin.py:137} INFO - [2023-04-08T10:09:53.164+0000] {dag.py:3456} INFO - Setting next_dagrun for dataset_consumes_1_and_2 to None, run_after=None
[2023-04-08T10:09:53.173+0000] {logging_mixin.py:137} INFO - [2023-04-08T10:09:53.173+0000] {dag.py:3456} INFO - Setting next_dagrun for dataset_consumes_1_never_scheduled to None, run_after=None
[2023-04-08T10:09:53.179+0000] {logging_mixin.py:137} INFO - [2023-04-08T10:09:53.179+0000] {dag.py:3456} INFO - Setting next_dagrun for dataset_consumes_unknown_never_scheduled to None, run_after=None
[2023-04-08T10:09:53.198+0000] {logging_mixin.py:137} INFO - [2023-04-08T10:09:53.194+0000] {dag.py:3456} INFO - Setting next_dagrun for dataset_produces_1 to 2023-04-07T00:00:00+00:00, run_after=2023-04-08T00:00:00+00:00
[2023-04-08T10:09:53.207+0000] {logging_mixin.py:137} INFO - [2023-04-08T10:09:53.207+0000] {dag.py:3456} INFO - Setting next_dagrun for dataset_produces_2 to None, run_after=None
[2023-04-08T10:09:53.460+0000] {processor.py:175} INFO - Processing /home/airflow/.local/lib/python3.7/site-packages/airflow/example_dags/example_datasets.py took 0.855 seconds
[2023-04-08T10:10:25.915+0000] {processor.py:153} INFO - Started process (PID=48889) to work on /home/airflow/.local/lib/python3.7/site-packages/airflow/example_dags/example_datasets.py
[2023-04-08T10:10:25.931+0000] {processor.py:743} INFO - Processing file /home/airflow/.local/lib/python3.7/site-packages/airflow/example_dags/example_datasets.py for tasks to queue
[2023-04-08T10:10:25.942+0000] {logging_mixin.py:137} INFO - [2023-04-08T10:10:25.940+0000] {dagbag.py:532} INFO - Filling up the DagBag from /home/airflow/.local/lib/python3.7/site-packages/airflow/example_dags/example_datasets.py
[2023-04-08T10:10:26.068+0000] {processor.py:753} INFO - DAG(s) dict_keys(['dataset_consumes_unknown_never_scheduled', 'dataset_consumes_1_never_scheduled', 'dataset_consumes_1_and_2', 'dataset_consumes_1', 'dataset_produces_1', 'dataset_produces_2']) retrieved from /home/airflow/.local/lib/python3.7/site-packages/airflow/example_dags/example_datasets.py
[2023-04-08T10:10:26.642+0000] {logging_mixin.py:137} INFO - [2023-04-08T10:10:26.642+0000] {dag.py:2705} INFO - Sync 6 DAGs
[2023-04-08T10:10:26.850+0000] {logging_mixin.py:137} INFO - [2023-04-08T10:10:26.845+0000] {dag.py:3456} INFO - Setting next_dagrun for dataset_consumes_1 to None, run_after=None
[2023-04-08T10:10:26.960+0000] {logging_mixin.py:137} INFO - [2023-04-08T10:10:26.960+0000] {dag.py:3456} INFO - Setting next_dagrun for dataset_consumes_1_and_2 to None, run_after=None
[2023-04-08T10:10:26.975+0000] {logging_mixin.py:137} INFO - [2023-04-08T10:10:26.975+0000] {dag.py:3456} INFO - Setting next_dagrun for dataset_consumes_1_never_scheduled to None, run_after=None
[2023-04-08T10:10:26.995+0000] {logging_mixin.py:137} INFO - [2023-04-08T10:10:26.995+0000] {dag.py:3456} INFO - Setting next_dagrun for dataset_consumes_unknown_never_scheduled to None, run_after=None
[2023-04-08T10:10:27.016+0000] {logging_mixin.py:137} INFO - [2023-04-08T10:10:27.016+0000] {dag.py:3456} INFO - Setting next_dagrun for dataset_produces_1 to 2023-04-07T00:00:00+00:00, run_after=2023-04-08T00:00:00+00:00
[2023-04-08T10:10:27.031+0000] {logging_mixin.py:137} INFO - [2023-04-08T10:10:27.031+0000] {dag.py:3456} INFO - Setting next_dagrun for dataset_produces_2 to None, run_after=None
[2023-04-08T10:10:27.311+0000] {processor.py:175} INFO - Processing /home/airflow/.local/lib/python3.7/site-packages/airflow/example_dags/example_datasets.py took 1.472 seconds
[2023-04-08T10:11:02.025+0000] {processor.py:153} INFO - Started process (PID=48947) to work on /home/airflow/.local/lib/python3.7/site-packages/airflow/example_dags/example_datasets.py
[2023-04-08T10:11:02.038+0000] {processor.py:743} INFO - Processing file /home/airflow/.local/lib/python3.7/site-packages/airflow/example_dags/example_datasets.py for tasks to queue
[2023-04-08T10:11:02.045+0000] {logging_mixin.py:137} INFO - [2023-04-08T10:11:02.045+0000] {dagbag.py:532} INFO - Filling up the DagBag from /home/airflow/.local/lib/python3.7/site-packages/airflow/example_dags/example_datasets.py
[2023-04-08T10:11:02.261+0000] {processor.py:753} INFO - DAG(s) dict_keys(['dataset_consumes_1_and_2', 'dataset_consumes_1_never_scheduled', 'dataset_produces_2', 'dataset_produces_1', 'dataset_consumes_unknown_never_scheduled', 'dataset_consumes_1']) retrieved from /home/airflow/.local/lib/python3.7/site-packages/airflow/example_dags/example_datasets.py
[2023-04-08T10:11:02.798+0000] {logging_mixin.py:137} INFO - [2023-04-08T10:11:02.797+0000] {dag.py:2705} INFO - Sync 6 DAGs
[2023-04-08T10:11:03.025+0000] {logging_mixin.py:137} INFO - [2023-04-08T10:11:03.024+0000] {dag.py:3456} INFO - Setting next_dagrun for dataset_consumes_1 to None, run_after=None
[2023-04-08T10:11:03.071+0000] {logging_mixin.py:137} INFO - [2023-04-08T10:11:03.071+0000] {dag.py:3456} INFO - Setting next_dagrun for dataset_consumes_1_and_2 to None, run_after=None
[2023-04-08T10:11:03.125+0000] {logging_mixin.py:137} INFO - [2023-04-08T10:11:03.125+0000] {dag.py:3456} INFO - Setting next_dagrun for dataset_consumes_1_never_scheduled to None, run_after=None
[2023-04-08T10:11:03.142+0000] {logging_mixin.py:137} INFO - [2023-04-08T10:11:03.142+0000] {dag.py:3456} INFO - Setting next_dagrun for dataset_consumes_unknown_never_scheduled to None, run_after=None
[2023-04-08T10:11:03.173+0000] {logging_mixin.py:137} INFO - [2023-04-08T10:11:03.173+0000] {dag.py:3456} INFO - Setting next_dagrun for dataset_produces_1 to 2023-04-07T00:00:00+00:00, run_after=2023-04-08T00:00:00+00:00
[2023-04-08T10:11:03.198+0000] {logging_mixin.py:137} INFO - [2023-04-08T10:11:03.197+0000] {dag.py:3456} INFO - Setting next_dagrun for dataset_produces_2 to None, run_after=None
[2023-04-08T10:11:03.770+0000] {processor.py:175} INFO - Processing /home/airflow/.local/lib/python3.7/site-packages/airflow/example_dags/example_datasets.py took 1.816 seconds
[2023-04-08T10:11:55.720+0000] {processor.py:153} INFO - Started process (PID=49009) to work on /home/airflow/.local/lib/python3.7/site-packages/airflow/example_dags/example_datasets.py
[2023-04-08T10:11:55.757+0000] {processor.py:743} INFO - Processing file /home/airflow/.local/lib/python3.7/site-packages/airflow/example_dags/example_datasets.py for tasks to queue
[2023-04-08T10:11:55.772+0000] {logging_mixin.py:137} INFO - [2023-04-08T10:11:55.771+0000] {dagbag.py:532} INFO - Filling up the DagBag from /home/airflow/.local/lib/python3.7/site-packages/airflow/example_dags/example_datasets.py
[2023-04-08T10:11:55.934+0000] {processor.py:753} INFO - DAG(s) dict_keys(['dataset_consumes_1', 'dataset_consumes_1_never_scheduled', 'dataset_consumes_1_and_2', 'dataset_produces_1', 'dataset_consumes_unknown_never_scheduled', 'dataset_produces_2']) retrieved from /home/airflow/.local/lib/python3.7/site-packages/airflow/example_dags/example_datasets.py
[2023-04-08T10:11:56.609+0000] {logging_mixin.py:137} INFO - [2023-04-08T10:11:56.608+0000] {dag.py:2705} INFO - Sync 6 DAGs
[2023-04-08T10:11:57.127+0000] {logging_mixin.py:137} INFO - [2023-04-08T10:11:57.125+0000] {dag.py:3456} INFO - Setting next_dagrun for dataset_consumes_1 to None, run_after=None
[2023-04-08T10:11:57.149+0000] {logging_mixin.py:137} INFO - [2023-04-08T10:11:57.149+0000] {dag.py:3456} INFO - Setting next_dagrun for dataset_consumes_1_and_2 to None, run_after=None
[2023-04-08T10:11:57.169+0000] {logging_mixin.py:137} INFO - [2023-04-08T10:11:57.168+0000] {dag.py:3456} INFO - Setting next_dagrun for dataset_consumes_1_never_scheduled to None, run_after=None
[2023-04-08T10:11:57.181+0000] {logging_mixin.py:137} INFO - [2023-04-08T10:11:57.178+0000] {dag.py:3456} INFO - Setting next_dagrun for dataset_consumes_unknown_never_scheduled to None, run_after=None
[2023-04-08T10:11:57.224+0000] {logging_mixin.py:137} INFO - [2023-04-08T10:11:57.223+0000] {dag.py:3456} INFO - Setting next_dagrun for dataset_produces_1 to 2023-04-07T00:00:00+00:00, run_after=2023-04-08T00:00:00+00:00
[2023-04-08T10:11:57.234+0000] {logging_mixin.py:137} INFO - [2023-04-08T10:11:57.233+0000] {dag.py:3456} INFO - Setting next_dagrun for dataset_produces_2 to None, run_after=None
[2023-04-08T10:11:57.686+0000] {processor.py:175} INFO - Processing /home/airflow/.local/lib/python3.7/site-packages/airflow/example_dags/example_datasets.py took 2.032 seconds
[2023-04-08T10:12:31.376+0000] {processor.py:153} INFO - Started process (PID=49063) to work on /home/airflow/.local/lib/python3.7/site-packages/airflow/example_dags/example_datasets.py
[2023-04-08T10:12:31.394+0000] {processor.py:743} INFO - Processing file /home/airflow/.local/lib/python3.7/site-packages/airflow/example_dags/example_datasets.py for tasks to queue
[2023-04-08T10:12:31.413+0000] {logging_mixin.py:137} INFO - [2023-04-08T10:12:31.412+0000] {dagbag.py:532} INFO - Filling up the DagBag from /home/airflow/.local/lib/python3.7/site-packages/airflow/example_dags/example_datasets.py
[2023-04-08T10:12:31.475+0000] {processor.py:753} INFO - DAG(s) dict_keys(['dataset_produces_1', 'dataset_produces_2', 'dataset_consumes_unknown_never_scheduled', 'dataset_consumes_1_never_scheduled', 'dataset_consumes_1', 'dataset_consumes_1_and_2']) retrieved from /home/airflow/.local/lib/python3.7/site-packages/airflow/example_dags/example_datasets.py
[2023-04-08T10:12:31.766+0000] {logging_mixin.py:137} INFO - [2023-04-08T10:12:31.766+0000] {dag.py:2705} INFO - Sync 6 DAGs
[2023-04-08T10:12:31.918+0000] {logging_mixin.py:137} INFO - [2023-04-08T10:12:31.918+0000] {dag.py:3456} INFO - Setting next_dagrun for dataset_consumes_1 to None, run_after=None
[2023-04-08T10:12:31.938+0000] {logging_mixin.py:137} INFO - [2023-04-08T10:12:31.938+0000] {dag.py:3456} INFO - Setting next_dagrun for dataset_consumes_1_and_2 to None, run_after=None
[2023-04-08T10:12:31.980+0000] {logging_mixin.py:137} INFO - [2023-04-08T10:12:31.979+0000] {dag.py:3456} INFO - Setting next_dagrun for dataset_consumes_1_never_scheduled to None, run_after=None
[2023-04-08T10:12:31.985+0000] {logging_mixin.py:137} INFO - [2023-04-08T10:12:31.985+0000] {dag.py:3456} INFO - Setting next_dagrun for dataset_consumes_unknown_never_scheduled to None, run_after=None
[2023-04-08T10:12:31.996+0000] {logging_mixin.py:137} INFO - [2023-04-08T10:12:31.996+0000] {dag.py:3456} INFO - Setting next_dagrun for dataset_produces_1 to 2023-04-07T00:00:00+00:00, run_after=2023-04-08T00:00:00+00:00
[2023-04-08T10:12:32.008+0000] {logging_mixin.py:137} INFO - [2023-04-08T10:12:32.008+0000] {dag.py:3456} INFO - Setting next_dagrun for dataset_produces_2 to None, run_after=None
[2023-04-08T10:12:32.198+0000] {processor.py:175} INFO - Processing /home/airflow/.local/lib/python3.7/site-packages/airflow/example_dags/example_datasets.py took 0.844 seconds
[2023-04-08T10:13:12.988+0000] {processor.py:153} INFO - Started process (PID=49121) to work on /home/airflow/.local/lib/python3.7/site-packages/airflow/example_dags/example_datasets.py
[2023-04-08T10:13:12.999+0000] {processor.py:743} INFO - Processing file /home/airflow/.local/lib/python3.7/site-packages/airflow/example_dags/example_datasets.py for tasks to queue
[2023-04-08T10:13:13.012+0000] {logging_mixin.py:137} INFO - [2023-04-08T10:13:13.012+0000] {dagbag.py:532} INFO - Filling up the DagBag from /home/airflow/.local/lib/python3.7/site-packages/airflow/example_dags/example_datasets.py
[2023-04-08T10:13:13.809+0000] {processor.py:753} INFO - DAG(s) dict_keys(['dataset_consumes_1', 'dataset_produces_2', 'dataset_consumes_1_never_scheduled', 'dataset_consumes_1_and_2', 'dataset_consumes_unknown_never_scheduled', 'dataset_produces_1']) retrieved from /home/airflow/.local/lib/python3.7/site-packages/airflow/example_dags/example_datasets.py
[2023-04-08T10:13:15.412+0000] {logging_mixin.py:137} INFO - [2023-04-08T10:13:15.411+0000] {dag.py:2705} INFO - Sync 6 DAGs
[2023-04-08T10:13:15.714+0000] {logging_mixin.py:137} INFO - [2023-04-08T10:13:15.714+0000] {dag.py:3456} INFO - Setting next_dagrun for dataset_consumes_1 to None, run_after=None
[2023-04-08T10:13:15.759+0000] {logging_mixin.py:137} INFO - [2023-04-08T10:13:15.754+0000] {dag.py:3456} INFO - Setting next_dagrun for dataset_consumes_1_and_2 to None, run_after=None
[2023-04-08T10:13:15.782+0000] {logging_mixin.py:137} INFO - [2023-04-08T10:13:15.781+0000] {dag.py:3456} INFO - Setting next_dagrun for dataset_consumes_1_never_scheduled to None, run_after=None
[2023-04-08T10:13:15.831+0000] {logging_mixin.py:137} INFO - [2023-04-08T10:13:15.831+0000] {dag.py:3456} INFO - Setting next_dagrun for dataset_consumes_unknown_never_scheduled to None, run_after=None
[2023-04-08T10:13:15.842+0000] {logging_mixin.py:137} INFO - [2023-04-08T10:13:15.842+0000] {dag.py:3456} INFO - Setting next_dagrun for dataset_produces_1 to 2023-04-07T00:00:00+00:00, run_after=2023-04-08T00:00:00+00:00
[2023-04-08T10:13:15.864+0000] {logging_mixin.py:137} INFO - [2023-04-08T10:13:15.863+0000] {dag.py:3456} INFO - Setting next_dagrun for dataset_produces_2 to None, run_after=None
[2023-04-08T10:13:16.233+0000] {processor.py:175} INFO - Processing /home/airflow/.local/lib/python3.7/site-packages/airflow/example_dags/example_datasets.py took 3.263 seconds
[2023-04-08T10:14:02.220+0000] {processor.py:153} INFO - Started process (PID=49162) to work on /home/airflow/.local/lib/python3.7/site-packages/airflow/example_dags/example_datasets.py
[2023-04-08T10:14:02.238+0000] {processor.py:743} INFO - Processing file /home/airflow/.local/lib/python3.7/site-packages/airflow/example_dags/example_datasets.py for tasks to queue
[2023-04-08T10:14:02.248+0000] {logging_mixin.py:137} INFO - [2023-04-08T10:14:02.247+0000] {dagbag.py:532} INFO - Filling up the DagBag from /home/airflow/.local/lib/python3.7/site-packages/airflow/example_dags/example_datasets.py
[2023-04-08T10:14:02.471+0000] {processor.py:753} INFO - DAG(s) dict_keys(['dataset_produces_1', 'dataset_consumes_unknown_never_scheduled', 'dataset_produces_2', 'dataset_consumes_1', 'dataset_consumes_1_and_2', 'dataset_consumes_1_never_scheduled']) retrieved from /home/airflow/.local/lib/python3.7/site-packages/airflow/example_dags/example_datasets.py
[2023-04-08T10:14:02.890+0000] {logging_mixin.py:137} INFO - [2023-04-08T10:14:02.888+0000] {dag.py:2705} INFO - Sync 6 DAGs
[2023-04-08T10:14:03.258+0000] {logging_mixin.py:137} INFO - [2023-04-08T10:14:03.257+0000] {dag.py:3456} INFO - Setting next_dagrun for dataset_consumes_1 to None, run_after=None
[2023-04-08T10:14:03.293+0000] {logging_mixin.py:137} INFO - [2023-04-08T10:14:03.292+0000] {dag.py:3456} INFO - Setting next_dagrun for dataset_consumes_1_and_2 to None, run_after=None
[2023-04-08T10:14:03.302+0000] {logging_mixin.py:137} INFO - [2023-04-08T10:14:03.302+0000] {dag.py:3456} INFO - Setting next_dagrun for dataset_consumes_1_never_scheduled to None, run_after=None
[2023-04-08T10:14:03.321+0000] {logging_mixin.py:137} INFO - [2023-04-08T10:14:03.317+0000] {dag.py:3456} INFO - Setting next_dagrun for dataset_consumes_unknown_never_scheduled to None, run_after=None
[2023-04-08T10:14:03.348+0000] {logging_mixin.py:137} INFO - [2023-04-08T10:14:03.347+0000] {dag.py:3456} INFO - Setting next_dagrun for dataset_produces_1 to 2023-04-07T00:00:00+00:00, run_after=2023-04-08T00:00:00+00:00
[2023-04-08T10:14:03.359+0000] {logging_mixin.py:137} INFO - [2023-04-08T10:14:03.358+0000] {dag.py:3456} INFO - Setting next_dagrun for dataset_produces_2 to None, run_after=None
[2023-04-08T10:14:04.242+0000] {processor.py:175} INFO - Processing /home/airflow/.local/lib/python3.7/site-packages/airflow/example_dags/example_datasets.py took 2.055 seconds
[2023-04-08T10:14:51.087+0000] {processor.py:153} INFO - Started process (PID=49221) to work on /home/airflow/.local/lib/python3.7/site-packages/airflow/example_dags/example_datasets.py
[2023-04-08T10:14:51.131+0000] {processor.py:743} INFO - Processing file /home/airflow/.local/lib/python3.7/site-packages/airflow/example_dags/example_datasets.py for tasks to queue
[2023-04-08T10:14:51.138+0000] {logging_mixin.py:137} INFO - [2023-04-08T10:14:51.138+0000] {dagbag.py:532} INFO - Filling up the DagBag from /home/airflow/.local/lib/python3.7/site-packages/airflow/example_dags/example_datasets.py
[2023-04-08T10:14:51.376+0000] {processor.py:753} INFO - DAG(s) dict_keys(['dataset_consumes_1_and_2', 'dataset_consumes_unknown_never_scheduled', 'dataset_consumes_1', 'dataset_produces_1', 'dataset_produces_2', 'dataset_consumes_1_never_scheduled']) retrieved from /home/airflow/.local/lib/python3.7/site-packages/airflow/example_dags/example_datasets.py
[2023-04-08T10:14:51.704+0000] {logging_mixin.py:137} INFO - [2023-04-08T10:14:51.703+0000] {dag.py:2705} INFO - Sync 6 DAGs
[2023-04-08T10:14:51.820+0000] {logging_mixin.py:137} INFO - [2023-04-08T10:14:51.819+0000] {dag.py:3456} INFO - Setting next_dagrun for dataset_consumes_1 to None, run_after=None
[2023-04-08T10:14:51.834+0000] {logging_mixin.py:137} INFO - [2023-04-08T10:14:51.833+0000] {dag.py:3456} INFO - Setting next_dagrun for dataset_consumes_1_and_2 to None, run_after=None
[2023-04-08T10:14:51.841+0000] {logging_mixin.py:137} INFO - [2023-04-08T10:14:51.840+0000] {dag.py:3456} INFO - Setting next_dagrun for dataset_consumes_1_never_scheduled to None, run_after=None
[2023-04-08T10:14:51.847+0000] {logging_mixin.py:137} INFO - [2023-04-08T10:14:51.846+0000] {dag.py:3456} INFO - Setting next_dagrun for dataset_consumes_unknown_never_scheduled to None, run_after=None
[2023-04-08T10:14:51.876+0000] {logging_mixin.py:137} INFO - [2023-04-08T10:14:51.875+0000] {dag.py:3456} INFO - Setting next_dagrun for dataset_produces_1 to 2023-04-07T00:00:00+00:00, run_after=2023-04-08T00:00:00+00:00
[2023-04-08T10:14:51.891+0000] {logging_mixin.py:137} INFO - [2023-04-08T10:14:51.891+0000] {dag.py:3456} INFO - Setting next_dagrun for dataset_produces_2 to None, run_after=None
[2023-04-08T10:14:52.385+0000] {processor.py:175} INFO - Processing /home/airflow/.local/lib/python3.7/site-packages/airflow/example_dags/example_datasets.py took 1.337 seconds
[2023-04-08T10:15:28.336+0000] {processor.py:153} INFO - Started process (PID=49276) to work on /home/airflow/.local/lib/python3.7/site-packages/airflow/example_dags/example_datasets.py
[2023-04-08T10:15:28.347+0000] {processor.py:743} INFO - Processing file /home/airflow/.local/lib/python3.7/site-packages/airflow/example_dags/example_datasets.py for tasks to queue
[2023-04-08T10:15:28.356+0000] {logging_mixin.py:137} INFO - [2023-04-08T10:15:28.355+0000] {dagbag.py:532} INFO - Filling up the DagBag from /home/airflow/.local/lib/python3.7/site-packages/airflow/example_dags/example_datasets.py
[2023-04-08T10:15:28.569+0000] {processor.py:753} INFO - DAG(s) dict_keys(['dataset_produces_2', 'dataset_consumes_1_and_2', 'dataset_consumes_unknown_never_scheduled', 'dataset_consumes_1_never_scheduled', 'dataset_produces_1', 'dataset_consumes_1']) retrieved from /home/airflow/.local/lib/python3.7/site-packages/airflow/example_dags/example_datasets.py
[2023-04-08T10:15:29.095+0000] {logging_mixin.py:137} INFO - [2023-04-08T10:15:29.095+0000] {dag.py:2705} INFO - Sync 6 DAGs
[2023-04-08T10:15:29.405+0000] {logging_mixin.py:137} INFO - [2023-04-08T10:15:29.405+0000] {dag.py:3456} INFO - Setting next_dagrun for dataset_consumes_1 to None, run_after=None
[2023-04-08T10:15:29.509+0000] {logging_mixin.py:137} INFO - [2023-04-08T10:15:29.504+0000] {dag.py:3456} INFO - Setting next_dagrun for dataset_consumes_1_and_2 to None, run_after=None
[2023-04-08T10:15:29.532+0000] {logging_mixin.py:137} INFO - [2023-04-08T10:15:29.530+0000] {dag.py:3456} INFO - Setting next_dagrun for dataset_consumes_1_never_scheduled to None, run_after=None
[2023-04-08T10:15:29.545+0000] {logging_mixin.py:137} INFO - [2023-04-08T10:15:29.544+0000] {dag.py:3456} INFO - Setting next_dagrun for dataset_consumes_unknown_never_scheduled to None, run_after=None
[2023-04-08T10:15:29.569+0000] {logging_mixin.py:137} INFO - [2023-04-08T10:15:29.569+0000] {dag.py:3456} INFO - Setting next_dagrun for dataset_produces_1 to 2023-04-07T00:00:00+00:00, run_after=2023-04-08T00:00:00+00:00
[2023-04-08T10:15:29.602+0000] {logging_mixin.py:137} INFO - [2023-04-08T10:15:29.595+0000] {dag.py:3456} INFO - Setting next_dagrun for dataset_produces_2 to None, run_after=None
[2023-04-08T10:15:29.833+0000] {processor.py:175} INFO - Processing /home/airflow/.local/lib/python3.7/site-packages/airflow/example_dags/example_datasets.py took 1.516 seconds
[2023-04-08T10:16:04.521+0000] {processor.py:153} INFO - Started process (PID=49325) to work on /home/airflow/.local/lib/python3.7/site-packages/airflow/example_dags/example_datasets.py
[2023-04-08T10:16:04.527+0000] {processor.py:743} INFO - Processing file /home/airflow/.local/lib/python3.7/site-packages/airflow/example_dags/example_datasets.py for tasks to queue
[2023-04-08T10:16:04.533+0000] {logging_mixin.py:137} INFO - [2023-04-08T10:16:04.532+0000] {dagbag.py:532} INFO - Filling up the DagBag from /home/airflow/.local/lib/python3.7/site-packages/airflow/example_dags/example_datasets.py
[2023-04-08T10:16:04.627+0000] {processor.py:753} INFO - DAG(s) dict_keys(['dataset_consumes_1_never_scheduled', 'dataset_produces_2', 'dataset_consumes_unknown_never_scheduled', 'dataset_consumes_1_and_2', 'dataset_produces_1', 'dataset_consumes_1']) retrieved from /home/airflow/.local/lib/python3.7/site-packages/airflow/example_dags/example_datasets.py
[2023-04-08T10:16:04.986+0000] {logging_mixin.py:137} INFO - [2023-04-08T10:16:04.983+0000] {dag.py:2705} INFO - Sync 6 DAGs
[2023-04-08T10:16:05.114+0000] {logging_mixin.py:137} INFO - [2023-04-08T10:16:05.113+0000] {dag.py:3456} INFO - Setting next_dagrun for dataset_consumes_1 to None, run_after=None
[2023-04-08T10:16:05.149+0000] {logging_mixin.py:137} INFO - [2023-04-08T10:16:05.149+0000] {dag.py:3456} INFO - Setting next_dagrun for dataset_consumes_1_and_2 to None, run_after=None
[2023-04-08T10:16:05.218+0000] {logging_mixin.py:137} INFO - [2023-04-08T10:16:05.217+0000] {dag.py:3456} INFO - Setting next_dagrun for dataset_consumes_1_never_scheduled to None, run_after=None
[2023-04-08T10:16:05.588+0000] {logging_mixin.py:137} INFO - [2023-04-08T10:16:05.588+0000] {dag.py:3456} INFO - Setting next_dagrun for dataset_consumes_unknown_never_scheduled to None, run_after=None
[2023-04-08T10:16:05.617+0000] {logging_mixin.py:137} INFO - [2023-04-08T10:16:05.616+0000] {dag.py:3456} INFO - Setting next_dagrun for dataset_produces_1 to 2023-04-07T00:00:00+00:00, run_after=2023-04-08T00:00:00+00:00
[2023-04-08T10:16:05.625+0000] {logging_mixin.py:137} INFO - [2023-04-08T10:16:05.624+0000] {dag.py:3456} INFO - Setting next_dagrun for dataset_produces_2 to None, run_after=None
[2023-04-08T10:16:05.849+0000] {processor.py:175} INFO - Processing /home/airflow/.local/lib/python3.7/site-packages/airflow/example_dags/example_datasets.py took 1.353 seconds
[2023-04-08T10:16:36.357+0000] {processor.py:153} INFO - Started process (PID=49385) to work on /home/airflow/.local/lib/python3.7/site-packages/airflow/example_dags/example_datasets.py
[2023-04-08T10:16:36.365+0000] {processor.py:743} INFO - Processing file /home/airflow/.local/lib/python3.7/site-packages/airflow/example_dags/example_datasets.py for tasks to queue
[2023-04-08T10:16:36.368+0000] {logging_mixin.py:137} INFO - [2023-04-08T10:16:36.368+0000] {dagbag.py:532} INFO - Filling up the DagBag from /home/airflow/.local/lib/python3.7/site-packages/airflow/example_dags/example_datasets.py
[2023-04-08T10:16:36.417+0000] {processor.py:753} INFO - DAG(s) dict_keys(['dataset_consumes_unknown_never_scheduled', 'dataset_consumes_1', 'dataset_consumes_1_never_scheduled', 'dataset_produces_2', 'dataset_produces_1', 'dataset_consumes_1_and_2']) retrieved from /home/airflow/.local/lib/python3.7/site-packages/airflow/example_dags/example_datasets.py
[2023-04-08T10:16:36.645+0000] {logging_mixin.py:137} INFO - [2023-04-08T10:16:36.644+0000] {dag.py:2705} INFO - Sync 6 DAGs
[2023-04-08T10:16:36.754+0000] {logging_mixin.py:137} INFO - [2023-04-08T10:16:36.754+0000] {dag.py:3456} INFO - Setting next_dagrun for dataset_consumes_1 to None, run_after=None
[2023-04-08T10:16:36.763+0000] {logging_mixin.py:137} INFO - [2023-04-08T10:16:36.763+0000] {dag.py:3456} INFO - Setting next_dagrun for dataset_consumes_1_and_2 to None, run_after=None
[2023-04-08T10:16:36.767+0000] {logging_mixin.py:137} INFO - [2023-04-08T10:16:36.766+0000] {dag.py:3456} INFO - Setting next_dagrun for dataset_consumes_1_never_scheduled to None, run_after=None
[2023-04-08T10:16:36.774+0000] {logging_mixin.py:137} INFO - [2023-04-08T10:16:36.774+0000] {dag.py:3456} INFO - Setting next_dagrun for dataset_consumes_unknown_never_scheduled to None, run_after=None
[2023-04-08T10:16:36.784+0000] {logging_mixin.py:137} INFO - [2023-04-08T10:16:36.784+0000] {dag.py:3456} INFO - Setting next_dagrun for dataset_produces_1 to 2023-04-07T00:00:00+00:00, run_after=2023-04-08T00:00:00+00:00
[2023-04-08T10:16:36.797+0000] {logging_mixin.py:137} INFO - [2023-04-08T10:16:36.796+0000] {dag.py:3456} INFO - Setting next_dagrun for dataset_produces_2 to None, run_after=None
[2023-04-08T10:16:36.901+0000] {processor.py:175} INFO - Processing /home/airflow/.local/lib/python3.7/site-packages/airflow/example_dags/example_datasets.py took 0.560 seconds
[2023-04-08T10:17:07.089+0000] {processor.py:153} INFO - Started process (PID=49443) to work on /home/airflow/.local/lib/python3.7/site-packages/airflow/example_dags/example_datasets.py
[2023-04-08T10:17:07.091+0000] {processor.py:743} INFO - Processing file /home/airflow/.local/lib/python3.7/site-packages/airflow/example_dags/example_datasets.py for tasks to queue
[2023-04-08T10:17:07.093+0000] {logging_mixin.py:137} INFO - [2023-04-08T10:17:07.093+0000] {dagbag.py:532} INFO - Filling up the DagBag from /home/airflow/.local/lib/python3.7/site-packages/airflow/example_dags/example_datasets.py
[2023-04-08T10:17:07.105+0000] {processor.py:753} INFO - DAG(s) dict_keys(['dataset_produces_1', 'dataset_consumes_1', 'dataset_produces_2', 'dataset_consumes_1_never_scheduled', 'dataset_consumes_unknown_never_scheduled', 'dataset_consumes_1_and_2']) retrieved from /home/airflow/.local/lib/python3.7/site-packages/airflow/example_dags/example_datasets.py
[2023-04-08T10:17:07.158+0000] {logging_mixin.py:137} INFO - [2023-04-08T10:17:07.158+0000] {dag.py:2705} INFO - Sync 6 DAGs
[2023-04-08T10:17:07.190+0000] {logging_mixin.py:137} INFO - [2023-04-08T10:17:07.190+0000] {dag.py:3456} INFO - Setting next_dagrun for dataset_consumes_1 to None, run_after=None
[2023-04-08T10:17:07.196+0000] {logging_mixin.py:137} INFO - [2023-04-08T10:17:07.196+0000] {dag.py:3456} INFO - Setting next_dagrun for dataset_consumes_1_and_2 to None, run_after=None
[2023-04-08T10:17:07.199+0000] {logging_mixin.py:137} INFO - [2023-04-08T10:17:07.199+0000] {dag.py:3456} INFO - Setting next_dagrun for dataset_consumes_1_never_scheduled to None, run_after=None
[2023-04-08T10:17:07.202+0000] {logging_mixin.py:137} INFO - [2023-04-08T10:17:07.202+0000] {dag.py:3456} INFO - Setting next_dagrun for dataset_consumes_unknown_never_scheduled to None, run_after=None
[2023-04-08T10:17:07.206+0000] {logging_mixin.py:137} INFO - [2023-04-08T10:17:07.206+0000] {dag.py:3456} INFO - Setting next_dagrun for dataset_produces_1 to 2023-04-07T00:00:00+00:00, run_after=2023-04-08T00:00:00+00:00
[2023-04-08T10:17:07.209+0000] {logging_mixin.py:137} INFO - [2023-04-08T10:17:07.209+0000] {dag.py:3456} INFO - Setting next_dagrun for dataset_produces_2 to None, run_after=None
[2023-04-08T10:17:07.251+0000] {processor.py:175} INFO - Processing /home/airflow/.local/lib/python3.7/site-packages/airflow/example_dags/example_datasets.py took 0.168 seconds
[2023-04-08T10:17:37.417+0000] {processor.py:153} INFO - Started process (PID=49494) to work on /home/airflow/.local/lib/python3.7/site-packages/airflow/example_dags/example_datasets.py
[2023-04-08T10:17:37.419+0000] {processor.py:743} INFO - Processing file /home/airflow/.local/lib/python3.7/site-packages/airflow/example_dags/example_datasets.py for tasks to queue
[2023-04-08T10:17:37.421+0000] {logging_mixin.py:137} INFO - [2023-04-08T10:17:37.421+0000] {dagbag.py:532} INFO - Filling up the DagBag from /home/airflow/.local/lib/python3.7/site-packages/airflow/example_dags/example_datasets.py
[2023-04-08T10:17:37.436+0000] {processor.py:753} INFO - DAG(s) dict_keys(['dataset_consumes_1', 'dataset_produces_1', 'dataset_consumes_1_and_2', 'dataset_produces_2', 'dataset_consumes_unknown_never_scheduled', 'dataset_consumes_1_never_scheduled']) retrieved from /home/airflow/.local/lib/python3.7/site-packages/airflow/example_dags/example_datasets.py
[2023-04-08T10:17:37.496+0000] {logging_mixin.py:137} INFO - [2023-04-08T10:17:37.496+0000] {dag.py:2705} INFO - Sync 6 DAGs
[2023-04-08T10:17:37.530+0000] {logging_mixin.py:137} INFO - [2023-04-08T10:17:37.530+0000] {dag.py:3456} INFO - Setting next_dagrun for dataset_consumes_1 to None, run_after=None
[2023-04-08T10:17:37.537+0000] {logging_mixin.py:137} INFO - [2023-04-08T10:17:37.536+0000] {dag.py:3456} INFO - Setting next_dagrun for dataset_consumes_1_and_2 to None, run_after=None
[2023-04-08T10:17:37.540+0000] {logging_mixin.py:137} INFO - [2023-04-08T10:17:37.540+0000] {dag.py:3456} INFO - Setting next_dagrun for dataset_consumes_1_never_scheduled to None, run_after=None
[2023-04-08T10:17:37.544+0000] {logging_mixin.py:137} INFO - [2023-04-08T10:17:37.544+0000] {dag.py:3456} INFO - Setting next_dagrun for dataset_consumes_unknown_never_scheduled to None, run_after=None
[2023-04-08T10:17:37.549+0000] {logging_mixin.py:137} INFO - [2023-04-08T10:17:37.549+0000] {dag.py:3456} INFO - Setting next_dagrun for dataset_produces_1 to 2023-04-07T00:00:00+00:00, run_after=2023-04-08T00:00:00+00:00
[2023-04-08T10:17:37.551+0000] {logging_mixin.py:137} INFO - [2023-04-08T10:17:37.551+0000] {dag.py:3456} INFO - Setting next_dagrun for dataset_produces_2 to None, run_after=None
[2023-04-08T10:17:37.590+0000] {processor.py:175} INFO - Processing /home/airflow/.local/lib/python3.7/site-packages/airflow/example_dags/example_datasets.py took 0.181 seconds
[2023-04-08T10:18:07.633+0000] {processor.py:153} INFO - Started process (PID=49545) to work on /home/airflow/.local/lib/python3.7/site-packages/airflow/example_dags/example_datasets.py
[2023-04-08T10:18:07.635+0000] {processor.py:743} INFO - Processing file /home/airflow/.local/lib/python3.7/site-packages/airflow/example_dags/example_datasets.py for tasks to queue
[2023-04-08T10:18:07.637+0000] {logging_mixin.py:137} INFO - [2023-04-08T10:18:07.637+0000] {dagbag.py:532} INFO - Filling up the DagBag from /home/airflow/.local/lib/python3.7/site-packages/airflow/example_dags/example_datasets.py
[2023-04-08T10:18:07.653+0000] {processor.py:753} INFO - DAG(s) dict_keys(['dataset_produces_1', 'dataset_produces_2', 'dataset_consumes_1', 'dataset_consumes_1_and_2', 'dataset_consumes_1_never_scheduled', 'dataset_consumes_unknown_never_scheduled']) retrieved from /home/airflow/.local/lib/python3.7/site-packages/airflow/example_dags/example_datasets.py
[2023-04-08T10:18:07.711+0000] {logging_mixin.py:137} INFO - [2023-04-08T10:18:07.711+0000] {dag.py:2705} INFO - Sync 6 DAGs
[2023-04-08T10:18:07.747+0000] {logging_mixin.py:137} INFO - [2023-04-08T10:18:07.746+0000] {dag.py:3456} INFO - Setting next_dagrun for dataset_consumes_1 to None, run_after=None
[2023-04-08T10:18:07.753+0000] {logging_mixin.py:137} INFO - [2023-04-08T10:18:07.753+0000] {dag.py:3456} INFO - Setting next_dagrun for dataset_consumes_1_and_2 to None, run_after=None
[2023-04-08T10:18:07.755+0000] {logging_mixin.py:137} INFO - [2023-04-08T10:18:07.755+0000] {dag.py:3456} INFO - Setting next_dagrun for dataset_consumes_1_never_scheduled to None, run_after=None
[2023-04-08T10:18:07.758+0000] {logging_mixin.py:137} INFO - [2023-04-08T10:18:07.758+0000] {dag.py:3456} INFO - Setting next_dagrun for dataset_consumes_unknown_never_scheduled to None, run_after=None
[2023-04-08T10:18:07.763+0000] {logging_mixin.py:137} INFO - [2023-04-08T10:18:07.763+0000] {dag.py:3456} INFO - Setting next_dagrun for dataset_produces_1 to 2023-04-07T00:00:00+00:00, run_after=2023-04-08T00:00:00+00:00
[2023-04-08T10:18:07.765+0000] {logging_mixin.py:137} INFO - [2023-04-08T10:18:07.765+0000] {dag.py:3456} INFO - Setting next_dagrun for dataset_produces_2 to None, run_after=None
[2023-04-08T10:18:07.811+0000] {processor.py:175} INFO - Processing /home/airflow/.local/lib/python3.7/site-packages/airflow/example_dags/example_datasets.py took 0.184 seconds
