[2023-04-08T07:06:47.037+0000] {processor.py:153} INFO - Started process (PID=48358) to work on /home/airflow/.local/lib/python3.7/site-packages/airflow/example_dags/example_branch_labels.py
[2023-04-08T07:06:47.046+0000] {processor.py:743} INFO - Processing file /home/airflow/.local/lib/python3.7/site-packages/airflow/example_dags/example_branch_labels.py for tasks to queue
[2023-04-08T07:06:47.058+0000] {logging_mixin.py:137} INFO - [2023-04-08T07:06:47.055+0000] {dagbag.py:532} INFO - Filling up the DagBag from /home/airflow/.local/lib/python3.7/site-packages/airflow/example_dags/example_branch_labels.py
[2023-04-08T07:06:47.145+0000] {processor.py:753} INFO - DAG(s) dict_keys(['example_branch_labels']) retrieved from /home/airflow/.local/lib/python3.7/site-packages/airflow/example_dags/example_branch_labels.py
[2023-04-08T07:06:47.329+0000] {logging_mixin.py:137} INFO - [2023-04-08T07:06:47.328+0000] {dag.py:2705} INFO - Sync 1 DAGs
[2023-04-08T07:06:47.890+0000] {logging_mixin.py:137} INFO - [2023-04-08T07:06:47.877+0000] {dag.py:3456} INFO - Setting next_dagrun for example_branch_labels to 2023-04-07T00:00:00+00:00, run_after=2023-04-08T00:00:00+00:00
[2023-04-08T07:06:48.241+0000] {processor.py:175} INFO - Processing /home/airflow/.local/lib/python3.7/site-packages/airflow/example_dags/example_branch_labels.py took 1.236 seconds
[2023-04-08T07:07:28.487+0000] {processor.py:153} INFO - Started process (PID=48409) to work on /home/airflow/.local/lib/python3.7/site-packages/airflow/example_dags/example_branch_labels.py
[2023-04-08T07:07:28.496+0000] {processor.py:743} INFO - Processing file /home/airflow/.local/lib/python3.7/site-packages/airflow/example_dags/example_branch_labels.py for tasks to queue
[2023-04-08T07:07:28.520+0000] {logging_mixin.py:137} INFO - [2023-04-08T07:07:28.520+0000] {dagbag.py:532} INFO - Filling up the DagBag from /home/airflow/.local/lib/python3.7/site-packages/airflow/example_dags/example_branch_labels.py
[2023-04-08T07:07:28.576+0000] {processor.py:753} INFO - DAG(s) dict_keys(['example_branch_labels']) retrieved from /home/airflow/.local/lib/python3.7/site-packages/airflow/example_dags/example_branch_labels.py
[2023-04-08T07:07:28.686+0000] {logging_mixin.py:137} INFO - [2023-04-08T07:07:28.685+0000] {dag.py:2705} INFO - Sync 1 DAGs
[2023-04-08T07:07:29.093+0000] {logging_mixin.py:137} INFO - [2023-04-08T07:07:29.093+0000] {dag.py:3456} INFO - Setting next_dagrun for example_branch_labels to 2023-04-07T00:00:00+00:00, run_after=2023-04-08T00:00:00+00:00
[2023-04-08T07:07:29.481+0000] {processor.py:175} INFO - Processing /home/airflow/.local/lib/python3.7/site-packages/airflow/example_dags/example_branch_labels.py took 1.008 seconds
[2023-04-08T07:08:04.090+0000] {processor.py:153} INFO - Started process (PID=48460) to work on /home/airflow/.local/lib/python3.7/site-packages/airflow/example_dags/example_branch_labels.py
[2023-04-08T07:08:04.107+0000] {processor.py:743} INFO - Processing file /home/airflow/.local/lib/python3.7/site-packages/airflow/example_dags/example_branch_labels.py for tasks to queue
[2023-04-08T07:08:04.122+0000] {logging_mixin.py:137} INFO - [2023-04-08T07:08:04.120+0000] {dagbag.py:532} INFO - Filling up the DagBag from /home/airflow/.local/lib/python3.7/site-packages/airflow/example_dags/example_branch_labels.py
[2023-04-08T07:08:04.274+0000] {processor.py:753} INFO - DAG(s) dict_keys(['example_branch_labels']) retrieved from /home/airflow/.local/lib/python3.7/site-packages/airflow/example_dags/example_branch_labels.py
[2023-04-08T07:08:04.487+0000] {logging_mixin.py:137} INFO - [2023-04-08T07:08:04.487+0000] {dag.py:2705} INFO - Sync 1 DAGs
[2023-04-08T07:08:04.616+0000] {logging_mixin.py:137} INFO - [2023-04-08T07:08:04.605+0000] {dag.py:3456} INFO - Setting next_dagrun for example_branch_labels to 2023-04-07T00:00:00+00:00, run_after=2023-04-08T00:00:00+00:00
[2023-04-08T07:08:04.719+0000] {processor.py:175} INFO - Processing /home/airflow/.local/lib/python3.7/site-packages/airflow/example_dags/example_branch_labels.py took 0.667 seconds
[2023-04-08T07:08:55.652+0000] {processor.py:153} INFO - Started process (PID=48523) to work on /home/airflow/.local/lib/python3.7/site-packages/airflow/example_dags/example_branch_labels.py
[2023-04-08T07:08:55.700+0000] {processor.py:743} INFO - Processing file /home/airflow/.local/lib/python3.7/site-packages/airflow/example_dags/example_branch_labels.py for tasks to queue
[2023-04-08T07:08:55.717+0000] {logging_mixin.py:137} INFO - [2023-04-08T07:08:55.717+0000] {dagbag.py:532} INFO - Filling up the DagBag from /home/airflow/.local/lib/python3.7/site-packages/airflow/example_dags/example_branch_labels.py
[2023-04-08T07:08:55.781+0000] {processor.py:753} INFO - DAG(s) dict_keys(['example_branch_labels']) retrieved from /home/airflow/.local/lib/python3.7/site-packages/airflow/example_dags/example_branch_labels.py
[2023-04-08T07:08:55.934+0000] {logging_mixin.py:137} INFO - [2023-04-08T07:08:55.934+0000] {dag.py:2705} INFO - Sync 1 DAGs
[2023-04-08T07:08:56.235+0000] {logging_mixin.py:137} INFO - [2023-04-08T07:08:56.233+0000] {dag.py:3456} INFO - Setting next_dagrun for example_branch_labels to 2023-04-07T00:00:00+00:00, run_after=2023-04-08T00:00:00+00:00
[2023-04-08T07:08:56.548+0000] {processor.py:175} INFO - Processing /home/airflow/.local/lib/python3.7/site-packages/airflow/example_dags/example_branch_labels.py took 0.914 seconds
[2023-04-08T07:09:46.984+0000] {processor.py:153} INFO - Started process (PID=48579) to work on /home/airflow/.local/lib/python3.7/site-packages/airflow/example_dags/example_branch_labels.py
[2023-04-08T07:09:47.023+0000] {processor.py:743} INFO - Processing file /home/airflow/.local/lib/python3.7/site-packages/airflow/example_dags/example_branch_labels.py for tasks to queue
[2023-04-08T07:09:47.057+0000] {logging_mixin.py:137} INFO - [2023-04-08T07:09:47.054+0000] {dagbag.py:532} INFO - Filling up the DagBag from /home/airflow/.local/lib/python3.7/site-packages/airflow/example_dags/example_branch_labels.py
[2023-04-08T07:09:48.043+0000] {processor.py:753} INFO - DAG(s) dict_keys(['example_branch_labels']) retrieved from /home/airflow/.local/lib/python3.7/site-packages/airflow/example_dags/example_branch_labels.py
[2023-04-08T07:09:51.601+0000] {logging_mixin.py:137} INFO - [2023-04-08T07:09:51.577+0000] {dag.py:2705} INFO - Sync 1 DAGs
[2023-04-08T07:09:54.407+0000] {logging_mixin.py:137} INFO - [2023-04-08T07:09:54.402+0000] {dag.py:3456} INFO - Setting next_dagrun for example_branch_labels to 2023-04-07T00:00:00+00:00, run_after=2023-04-08T00:00:00+00:00
[2023-04-08T07:09:55.441+0000] {processor.py:175} INFO - Processing /home/airflow/.local/lib/python3.7/site-packages/airflow/example_dags/example_branch_labels.py took 8.955 seconds
[2023-04-08T08:07:34.330+0000] {processor.py:153} INFO - Started process (PID=48669) to work on /home/airflow/.local/lib/python3.7/site-packages/airflow/example_dags/example_branch_labels.py
[2023-04-08T08:07:34.348+0000] {processor.py:743} INFO - Processing file /home/airflow/.local/lib/python3.7/site-packages/airflow/example_dags/example_branch_labels.py for tasks to queue
[2023-04-08T08:07:34.364+0000] {logging_mixin.py:137} INFO - [2023-04-08T08:07:34.363+0000] {dagbag.py:532} INFO - Filling up the DagBag from /home/airflow/.local/lib/python3.7/site-packages/airflow/example_dags/example_branch_labels.py
[2023-04-08T08:07:34.405+0000] {processor.py:753} INFO - DAG(s) dict_keys(['example_branch_labels']) retrieved from /home/airflow/.local/lib/python3.7/site-packages/airflow/example_dags/example_branch_labels.py
[2023-04-08T08:07:34.576+0000] {logging_mixin.py:137} INFO - [2023-04-08T08:07:34.575+0000] {dag.py:2705} INFO - Sync 1 DAGs
[2023-04-08T08:07:34.687+0000] {logging_mixin.py:137} INFO - [2023-04-08T08:07:34.687+0000] {dag.py:3456} INFO - Setting next_dagrun for example_branch_labels to 2023-04-07T00:00:00+00:00, run_after=2023-04-08T00:00:00+00:00
[2023-04-08T08:07:34.788+0000] {processor.py:175} INFO - Processing /home/airflow/.local/lib/python3.7/site-packages/airflow/example_dags/example_branch_labels.py took 0.466 seconds
[2023-04-08T10:09:14.943+0000] {processor.py:153} INFO - Started process (PID=48799) to work on /home/airflow/.local/lib/python3.7/site-packages/airflow/example_dags/example_branch_labels.py
[2023-04-08T10:09:15.006+0000] {processor.py:743} INFO - Processing file /home/airflow/.local/lib/python3.7/site-packages/airflow/example_dags/example_branch_labels.py for tasks to queue
[2023-04-08T10:09:15.025+0000] {logging_mixin.py:137} INFO - [2023-04-08T10:09:15.022+0000] {dagbag.py:532} INFO - Filling up the DagBag from /home/airflow/.local/lib/python3.7/site-packages/airflow/example_dags/example_branch_labels.py
[2023-04-08T10:09:15.234+0000] {processor.py:753} INFO - DAG(s) dict_keys(['example_branch_labels']) retrieved from /home/airflow/.local/lib/python3.7/site-packages/airflow/example_dags/example_branch_labels.py
[2023-04-08T10:09:16.557+0000] {logging_mixin.py:137} INFO - [2023-04-08T10:09:16.556+0000] {dag.py:2705} INFO - Sync 1 DAGs
[2023-04-08T10:09:17.446+0000] {logging_mixin.py:137} INFO - [2023-04-08T10:09:17.443+0000] {dag.py:3456} INFO - Setting next_dagrun for example_branch_labels to 2023-04-07T00:00:00+00:00, run_after=2023-04-08T00:00:00+00:00
[2023-04-08T10:09:18.211+0000] {processor.py:175} INFO - Processing /home/airflow/.local/lib/python3.7/site-packages/airflow/example_dags/example_branch_labels.py took 3.556 seconds
[2023-04-08T10:09:58.974+0000] {processor.py:153} INFO - Started process (PID=48850) to work on /home/airflow/.local/lib/python3.7/site-packages/airflow/example_dags/example_branch_labels.py
[2023-04-08T10:09:58.978+0000] {processor.py:743} INFO - Processing file /home/airflow/.local/lib/python3.7/site-packages/airflow/example_dags/example_branch_labels.py for tasks to queue
[2023-04-08T10:09:58.983+0000] {logging_mixin.py:137} INFO - [2023-04-08T10:09:58.983+0000] {dagbag.py:532} INFO - Filling up the DagBag from /home/airflow/.local/lib/python3.7/site-packages/airflow/example_dags/example_branch_labels.py
[2023-04-08T10:09:59.052+0000] {processor.py:753} INFO - DAG(s) dict_keys(['example_branch_labels']) retrieved from /home/airflow/.local/lib/python3.7/site-packages/airflow/example_dags/example_branch_labels.py
[2023-04-08T10:09:59.257+0000] {logging_mixin.py:137} INFO - [2023-04-08T10:09:59.257+0000] {dag.py:2705} INFO - Sync 1 DAGs
[2023-04-08T10:09:59.426+0000] {logging_mixin.py:137} INFO - [2023-04-08T10:09:59.424+0000] {dag.py:3456} INFO - Setting next_dagrun for example_branch_labels to 2023-04-07T00:00:00+00:00, run_after=2023-04-08T00:00:00+00:00
[2023-04-08T10:09:59.561+0000] {processor.py:175} INFO - Processing /home/airflow/.local/lib/python3.7/site-packages/airflow/example_dags/example_branch_labels.py took 0.602 seconds
[2023-04-08T10:10:35.623+0000] {processor.py:153} INFO - Started process (PID=48909) to work on /home/airflow/.local/lib/python3.7/site-packages/airflow/example_dags/example_branch_labels.py
[2023-04-08T10:10:35.631+0000] {processor.py:743} INFO - Processing file /home/airflow/.local/lib/python3.7/site-packages/airflow/example_dags/example_branch_labels.py for tasks to queue
[2023-04-08T10:10:35.635+0000] {logging_mixin.py:137} INFO - [2023-04-08T10:10:35.635+0000] {dagbag.py:532} INFO - Filling up the DagBag from /home/airflow/.local/lib/python3.7/site-packages/airflow/example_dags/example_branch_labels.py
[2023-04-08T10:10:35.683+0000] {processor.py:753} INFO - DAG(s) dict_keys(['example_branch_labels']) retrieved from /home/airflow/.local/lib/python3.7/site-packages/airflow/example_dags/example_branch_labels.py
[2023-04-08T10:10:35.864+0000] {logging_mixin.py:137} INFO - [2023-04-08T10:10:35.863+0000] {dag.py:2705} INFO - Sync 1 DAGs
[2023-04-08T10:10:36.099+0000] {logging_mixin.py:137} INFO - [2023-04-08T10:10:36.098+0000] {dag.py:3456} INFO - Setting next_dagrun for example_branch_labels to 2023-04-07T00:00:00+00:00, run_after=2023-04-08T00:00:00+00:00
[2023-04-08T10:10:36.188+0000] {processor.py:175} INFO - Processing /home/airflow/.local/lib/python3.7/site-packages/airflow/example_dags/example_branch_labels.py took 0.587 seconds
[2023-04-08T10:11:14.741+0000] {processor.py:153} INFO - Started process (PID=48969) to work on /home/airflow/.local/lib/python3.7/site-packages/airflow/example_dags/example_branch_labels.py
[2023-04-08T10:11:14.749+0000] {processor.py:743} INFO - Processing file /home/airflow/.local/lib/python3.7/site-packages/airflow/example_dags/example_branch_labels.py for tasks to queue
[2023-04-08T10:11:14.758+0000] {logging_mixin.py:137} INFO - [2023-04-08T10:11:14.757+0000] {dagbag.py:532} INFO - Filling up the DagBag from /home/airflow/.local/lib/python3.7/site-packages/airflow/example_dags/example_branch_labels.py
[2023-04-08T10:11:14.833+0000] {processor.py:753} INFO - DAG(s) dict_keys(['example_branch_labels']) retrieved from /home/airflow/.local/lib/python3.7/site-packages/airflow/example_dags/example_branch_labels.py
[2023-04-08T10:11:15.026+0000] {logging_mixin.py:137} INFO - [2023-04-08T10:11:15.025+0000] {dag.py:2705} INFO - Sync 1 DAGs
[2023-04-08T10:11:15.365+0000] {logging_mixin.py:137} INFO - [2023-04-08T10:11:15.364+0000] {dag.py:3456} INFO - Setting next_dagrun for example_branch_labels to 2023-04-07T00:00:00+00:00, run_after=2023-04-08T00:00:00+00:00
[2023-04-08T10:11:15.513+0000] {processor.py:175} INFO - Processing /home/airflow/.local/lib/python3.7/site-packages/airflow/example_dags/example_branch_labels.py took 0.793 seconds
[2023-04-08T10:12:07.660+0000] {processor.py:153} INFO - Started process (PID=49027) to work on /home/airflow/.local/lib/python3.7/site-packages/airflow/example_dags/example_branch_labels.py
[2023-04-08T10:12:07.675+0000] {processor.py:743} INFO - Processing file /home/airflow/.local/lib/python3.7/site-packages/airflow/example_dags/example_branch_labels.py for tasks to queue
[2023-04-08T10:12:07.683+0000] {logging_mixin.py:137} INFO - [2023-04-08T10:12:07.682+0000] {dagbag.py:532} INFO - Filling up the DagBag from /home/airflow/.local/lib/python3.7/site-packages/airflow/example_dags/example_branch_labels.py
[2023-04-08T10:12:07.736+0000] {processor.py:753} INFO - DAG(s) dict_keys(['example_branch_labels']) retrieved from /home/airflow/.local/lib/python3.7/site-packages/airflow/example_dags/example_branch_labels.py
[2023-04-08T10:12:07.978+0000] {logging_mixin.py:137} INFO - [2023-04-08T10:12:07.978+0000] {dag.py:2705} INFO - Sync 1 DAGs
[2023-04-08T10:12:08.199+0000] {logging_mixin.py:137} INFO - [2023-04-08T10:12:08.194+0000] {dag.py:3456} INFO - Setting next_dagrun for example_branch_labels to 2023-04-07T00:00:00+00:00, run_after=2023-04-08T00:00:00+00:00
[2023-04-08T10:12:08.387+0000] {processor.py:175} INFO - Processing /home/airflow/.local/lib/python3.7/site-packages/airflow/example_dags/example_branch_labels.py took 0.750 seconds
[2023-04-08T10:12:52.692+0000] {processor.py:153} INFO - Started process (PID=49092) to work on /home/airflow/.local/lib/python3.7/site-packages/airflow/example_dags/example_branch_labels.py
[2023-04-08T10:12:52.714+0000] {processor.py:743} INFO - Processing file /home/airflow/.local/lib/python3.7/site-packages/airflow/example_dags/example_branch_labels.py for tasks to queue
[2023-04-08T10:12:52.732+0000] {logging_mixin.py:137} INFO - [2023-04-08T10:12:52.731+0000] {dagbag.py:532} INFO - Filling up the DagBag from /home/airflow/.local/lib/python3.7/site-packages/airflow/example_dags/example_branch_labels.py
[2023-04-08T10:12:52.878+0000] {processor.py:753} INFO - DAG(s) dict_keys(['example_branch_labels']) retrieved from /home/airflow/.local/lib/python3.7/site-packages/airflow/example_dags/example_branch_labels.py
[2023-04-08T10:12:53.461+0000] {logging_mixin.py:137} INFO - [2023-04-08T10:12:53.461+0000] {dag.py:2705} INFO - Sync 1 DAGs
[2023-04-08T10:12:53.773+0000] {logging_mixin.py:137} INFO - [2023-04-08T10:12:53.772+0000] {dag.py:3456} INFO - Setting next_dagrun for example_branch_labels to 2023-04-07T00:00:00+00:00, run_after=2023-04-08T00:00:00+00:00
[2023-04-08T10:12:54.319+0000] {processor.py:175} INFO - Processing /home/airflow/.local/lib/python3.7/site-packages/airflow/example_dags/example_branch_labels.py took 1.670 seconds
[2023-04-08T10:13:50.608+0000] {processor.py:153} INFO - Started process (PID=49151) to work on /home/airflow/.local/lib/python3.7/site-packages/airflow/example_dags/example_branch_labels.py
[2023-04-08T10:13:50.621+0000] {processor.py:743} INFO - Processing file /home/airflow/.local/lib/python3.7/site-packages/airflow/example_dags/example_branch_labels.py for tasks to queue
[2023-04-08T10:13:50.628+0000] {logging_mixin.py:137} INFO - [2023-04-08T10:13:50.627+0000] {dagbag.py:532} INFO - Filling up the DagBag from /home/airflow/.local/lib/python3.7/site-packages/airflow/example_dags/example_branch_labels.py
[2023-04-08T10:13:50.720+0000] {processor.py:753} INFO - DAG(s) dict_keys(['example_branch_labels']) retrieved from /home/airflow/.local/lib/python3.7/site-packages/airflow/example_dags/example_branch_labels.py
[2023-04-08T10:13:50.890+0000] {logging_mixin.py:137} INFO - [2023-04-08T10:13:50.890+0000] {dag.py:2705} INFO - Sync 1 DAGs
[2023-04-08T10:13:51.224+0000] {logging_mixin.py:137} INFO - [2023-04-08T10:13:51.224+0000] {dag.py:3456} INFO - Setting next_dagrun for example_branch_labels to 2023-04-07T00:00:00+00:00, run_after=2023-04-08T00:00:00+00:00
[2023-04-08T10:13:51.356+0000] {processor.py:175} INFO - Processing /home/airflow/.local/lib/python3.7/site-packages/airflow/example_dags/example_branch_labels.py took 0.804 seconds
[2023-04-08T10:14:53.055+0000] {processor.py:153} INFO - Started process (PID=49224) to work on /home/airflow/.local/lib/python3.7/site-packages/airflow/example_dags/example_branch_labels.py
[2023-04-08T10:14:53.101+0000] {processor.py:743} INFO - Processing file /home/airflow/.local/lib/python3.7/site-packages/airflow/example_dags/example_branch_labels.py for tasks to queue
[2023-04-08T10:14:53.118+0000] {logging_mixin.py:137} INFO - [2023-04-08T10:14:53.117+0000] {dagbag.py:532} INFO - Filling up the DagBag from /home/airflow/.local/lib/python3.7/site-packages/airflow/example_dags/example_branch_labels.py
[2023-04-08T10:14:53.244+0000] {processor.py:753} INFO - DAG(s) dict_keys(['example_branch_labels']) retrieved from /home/airflow/.local/lib/python3.7/site-packages/airflow/example_dags/example_branch_labels.py
[2023-04-08T10:14:53.676+0000] {logging_mixin.py:137} INFO - [2023-04-08T10:14:53.675+0000] {dag.py:2705} INFO - Sync 1 DAGs
[2023-04-08T10:14:53.902+0000] {logging_mixin.py:137} INFO - [2023-04-08T10:14:53.902+0000] {dag.py:3456} INFO - Setting next_dagrun for example_branch_labels to 2023-04-07T00:00:00+00:00, run_after=2023-04-08T00:00:00+00:00
[2023-04-08T10:14:54.092+0000] {processor.py:175} INFO - Processing /home/airflow/.local/lib/python3.7/site-packages/airflow/example_dags/example_branch_labels.py took 1.099 seconds
[2023-04-08T10:15:30.065+0000] {processor.py:153} INFO - Started process (PID=49279) to work on /home/airflow/.local/lib/python3.7/site-packages/airflow/example_dags/example_branch_labels.py
[2023-04-08T10:15:30.069+0000] {processor.py:743} INFO - Processing file /home/airflow/.local/lib/python3.7/site-packages/airflow/example_dags/example_branch_labels.py for tasks to queue
[2023-04-08T10:15:30.073+0000] {logging_mixin.py:137} INFO - [2023-04-08T10:15:30.072+0000] {dagbag.py:532} INFO - Filling up the DagBag from /home/airflow/.local/lib/python3.7/site-packages/airflow/example_dags/example_branch_labels.py
[2023-04-08T10:15:30.106+0000] {processor.py:753} INFO - DAG(s) dict_keys(['example_branch_labels']) retrieved from /home/airflow/.local/lib/python3.7/site-packages/airflow/example_dags/example_branch_labels.py
[2023-04-08T10:15:30.209+0000] {logging_mixin.py:137} INFO - [2023-04-08T10:15:30.208+0000] {dag.py:2705} INFO - Sync 1 DAGs
[2023-04-08T10:15:30.364+0000] {logging_mixin.py:137} INFO - [2023-04-08T10:15:30.364+0000] {dag.py:3456} INFO - Setting next_dagrun for example_branch_labels to 2023-04-07T00:00:00+00:00, run_after=2023-04-08T00:00:00+00:00
[2023-04-08T10:15:30.620+0000] {processor.py:175} INFO - Processing /home/airflow/.local/lib/python3.7/site-packages/airflow/example_dags/example_branch_labels.py took 0.566 seconds
[2023-04-08T10:16:05.993+0000] {processor.py:153} INFO - Started process (PID=49328) to work on /home/airflow/.local/lib/python3.7/site-packages/airflow/example_dags/example_branch_labels.py
[2023-04-08T10:16:06.004+0000] {processor.py:743} INFO - Processing file /home/airflow/.local/lib/python3.7/site-packages/airflow/example_dags/example_branch_labels.py for tasks to queue
[2023-04-08T10:16:06.010+0000] {logging_mixin.py:137} INFO - [2023-04-08T10:16:06.009+0000] {dagbag.py:532} INFO - Filling up the DagBag from /home/airflow/.local/lib/python3.7/site-packages/airflow/example_dags/example_branch_labels.py
[2023-04-08T10:16:06.073+0000] {processor.py:753} INFO - DAG(s) dict_keys(['example_branch_labels']) retrieved from /home/airflow/.local/lib/python3.7/site-packages/airflow/example_dags/example_branch_labels.py
[2023-04-08T10:16:06.234+0000] {logging_mixin.py:137} INFO - [2023-04-08T10:16:06.234+0000] {dag.py:2705} INFO - Sync 1 DAGs
[2023-04-08T10:16:06.367+0000] {logging_mixin.py:137} INFO - [2023-04-08T10:16:06.366+0000] {dag.py:3456} INFO - Setting next_dagrun for example_branch_labels to 2023-04-07T00:00:00+00:00, run_after=2023-04-08T00:00:00+00:00
[2023-04-08T10:16:06.519+0000] {processor.py:175} INFO - Processing /home/airflow/.local/lib/python3.7/site-packages/airflow/example_dags/example_branch_labels.py took 0.540 seconds
[2023-04-08T10:16:37.064+0000] {processor.py:153} INFO - Started process (PID=49387) to work on /home/airflow/.local/lib/python3.7/site-packages/airflow/example_dags/example_branch_labels.py
[2023-04-08T10:16:37.079+0000] {processor.py:743} INFO - Processing file /home/airflow/.local/lib/python3.7/site-packages/airflow/example_dags/example_branch_labels.py for tasks to queue
[2023-04-08T10:16:37.083+0000] {logging_mixin.py:137} INFO - [2023-04-08T10:16:37.083+0000] {dagbag.py:532} INFO - Filling up the DagBag from /home/airflow/.local/lib/python3.7/site-packages/airflow/example_dags/example_branch_labels.py
[2023-04-08T10:16:37.145+0000] {processor.py:753} INFO - DAG(s) dict_keys(['example_branch_labels']) retrieved from /home/airflow/.local/lib/python3.7/site-packages/airflow/example_dags/example_branch_labels.py
[2023-04-08T10:16:37.316+0000] {logging_mixin.py:137} INFO - [2023-04-08T10:16:37.316+0000] {dag.py:2705} INFO - Sync 1 DAGs
[2023-04-08T10:16:37.410+0000] {logging_mixin.py:137} INFO - [2023-04-08T10:16:37.409+0000] {dag.py:3456} INFO - Setting next_dagrun for example_branch_labels to 2023-04-07T00:00:00+00:00, run_after=2023-04-08T00:00:00+00:00
[2023-04-08T10:16:37.481+0000] {processor.py:175} INFO - Processing /home/airflow/.local/lib/python3.7/site-packages/airflow/example_dags/example_branch_labels.py took 0.454 seconds
[2023-04-08T10:17:08.111+0000] {processor.py:153} INFO - Started process (PID=49445) to work on /home/airflow/.local/lib/python3.7/site-packages/airflow/example_dags/example_branch_labels.py
[2023-04-08T10:17:08.114+0000] {processor.py:743} INFO - Processing file /home/airflow/.local/lib/python3.7/site-packages/airflow/example_dags/example_branch_labels.py for tasks to queue
[2023-04-08T10:17:08.116+0000] {logging_mixin.py:137} INFO - [2023-04-08T10:17:08.116+0000] {dagbag.py:532} INFO - Filling up the DagBag from /home/airflow/.local/lib/python3.7/site-packages/airflow/example_dags/example_branch_labels.py
[2023-04-08T10:17:08.128+0000] {processor.py:753} INFO - DAG(s) dict_keys(['example_branch_labels']) retrieved from /home/airflow/.local/lib/python3.7/site-packages/airflow/example_dags/example_branch_labels.py
[2023-04-08T10:17:08.176+0000] {logging_mixin.py:137} INFO - [2023-04-08T10:17:08.175+0000] {dag.py:2705} INFO - Sync 1 DAGs
[2023-04-08T10:17:08.220+0000] {logging_mixin.py:137} INFO - [2023-04-08T10:17:08.220+0000] {dag.py:3456} INFO - Setting next_dagrun for example_branch_labels to 2023-04-07T00:00:00+00:00, run_after=2023-04-08T00:00:00+00:00
[2023-04-08T10:17:08.250+0000] {processor.py:175} INFO - Processing /home/airflow/.local/lib/python3.7/site-packages/airflow/example_dags/example_branch_labels.py took 0.147 seconds
[2023-04-08T10:17:38.437+0000] {processor.py:153} INFO - Started process (PID=49496) to work on /home/airflow/.local/lib/python3.7/site-packages/airflow/example_dags/example_branch_labels.py
[2023-04-08T10:17:38.441+0000] {processor.py:743} INFO - Processing file /home/airflow/.local/lib/python3.7/site-packages/airflow/example_dags/example_branch_labels.py for tasks to queue
[2023-04-08T10:17:38.444+0000] {logging_mixin.py:137} INFO - [2023-04-08T10:17:38.444+0000] {dagbag.py:532} INFO - Filling up the DagBag from /home/airflow/.local/lib/python3.7/site-packages/airflow/example_dags/example_branch_labels.py
[2023-04-08T10:17:38.457+0000] {processor.py:753} INFO - DAG(s) dict_keys(['example_branch_labels']) retrieved from /home/airflow/.local/lib/python3.7/site-packages/airflow/example_dags/example_branch_labels.py
[2023-04-08T10:17:38.499+0000] {logging_mixin.py:137} INFO - [2023-04-08T10:17:38.498+0000] {dag.py:2705} INFO - Sync 1 DAGs
[2023-04-08T10:17:38.534+0000] {logging_mixin.py:137} INFO - [2023-04-08T10:17:38.534+0000] {dag.py:3456} INFO - Setting next_dagrun for example_branch_labels to 2023-04-07T00:00:00+00:00, run_after=2023-04-08T00:00:00+00:00
[2023-04-08T10:17:38.560+0000] {processor.py:175} INFO - Processing /home/airflow/.local/lib/python3.7/site-packages/airflow/example_dags/example_branch_labels.py took 0.130 seconds
[2023-04-08T10:18:08.657+0000] {processor.py:153} INFO - Started process (PID=49547) to work on /home/airflow/.local/lib/python3.7/site-packages/airflow/example_dags/example_branch_labels.py
[2023-04-08T10:18:08.660+0000] {processor.py:743} INFO - Processing file /home/airflow/.local/lib/python3.7/site-packages/airflow/example_dags/example_branch_labels.py for tasks to queue
[2023-04-08T10:18:08.662+0000] {logging_mixin.py:137} INFO - [2023-04-08T10:18:08.661+0000] {dagbag.py:532} INFO - Filling up the DagBag from /home/airflow/.local/lib/python3.7/site-packages/airflow/example_dags/example_branch_labels.py
[2023-04-08T10:18:08.673+0000] {processor.py:753} INFO - DAG(s) dict_keys(['example_branch_labels']) retrieved from /home/airflow/.local/lib/python3.7/site-packages/airflow/example_dags/example_branch_labels.py
[2023-04-08T10:18:08.714+0000] {logging_mixin.py:137} INFO - [2023-04-08T10:18:08.714+0000] {dag.py:2705} INFO - Sync 1 DAGs
[2023-04-08T10:18:08.751+0000] {logging_mixin.py:137} INFO - [2023-04-08T10:18:08.751+0000] {dag.py:3456} INFO - Setting next_dagrun for example_branch_labels to 2023-04-07T00:00:00+00:00, run_after=2023-04-08T00:00:00+00:00
[2023-04-08T10:18:08.776+0000] {processor.py:175} INFO - Processing /home/airflow/.local/lib/python3.7/site-packages/airflow/example_dags/example_branch_labels.py took 0.125 seconds
