[2023-04-08T07:06:27.464+0000] {processor.py:153} INFO - Started process (PID=48322) to work on /home/airflow/.local/lib/python3.7/site-packages/airflow/example_dags/example_nested_branch_dag.py
[2023-04-08T07:06:27.537+0000] {processor.py:743} INFO - Processing file /home/airflow/.local/lib/python3.7/site-packages/airflow/example_dags/example_nested_branch_dag.py for tasks to queue
[2023-04-08T07:06:27.547+0000] {logging_mixin.py:137} INFO - [2023-04-08T07:06:27.547+0000] {dagbag.py:532} INFO - Filling up the DagBag from /home/airflow/.local/lib/python3.7/site-packages/airflow/example_dags/example_nested_branch_dag.py
[2023-04-08T07:06:28.133+0000] {processor.py:753} INFO - DAG(s) dict_keys(['example_nested_branch_dag']) retrieved from /home/airflow/.local/lib/python3.7/site-packages/airflow/example_dags/example_nested_branch_dag.py
[2023-04-08T07:06:28.253+0000] {logging_mixin.py:137} INFO - [2023-04-08T07:06:28.252+0000] {dag.py:2705} INFO - Sync 1 DAGs
[2023-04-08T07:06:28.398+0000] {logging_mixin.py:137} INFO - [2023-04-08T07:06:28.397+0000] {dag.py:3456} INFO - Setting next_dagrun for example_nested_branch_dag to 2023-04-07T00:00:00+00:00, run_after=2023-04-08T00:00:00+00:00
[2023-04-08T07:06:28.548+0000] {processor.py:175} INFO - Processing /home/airflow/.local/lib/python3.7/site-packages/airflow/example_dags/example_nested_branch_dag.py took 1.617 seconds
[2023-04-08T07:07:05.081+0000] {processor.py:153} INFO - Started process (PID=48377) to work on /home/airflow/.local/lib/python3.7/site-packages/airflow/example_dags/example_nested_branch_dag.py
[2023-04-08T07:07:05.096+0000] {processor.py:743} INFO - Processing file /home/airflow/.local/lib/python3.7/site-packages/airflow/example_dags/example_nested_branch_dag.py for tasks to queue
[2023-04-08T07:07:05.128+0000] {logging_mixin.py:137} INFO - [2023-04-08T07:07:05.125+0000] {dagbag.py:532} INFO - Filling up the DagBag from /home/airflow/.local/lib/python3.7/site-packages/airflow/example_dags/example_nested_branch_dag.py
[2023-04-08T07:07:05.353+0000] {processor.py:753} INFO - DAG(s) dict_keys(['example_nested_branch_dag']) retrieved from /home/airflow/.local/lib/python3.7/site-packages/airflow/example_dags/example_nested_branch_dag.py
[2023-04-08T07:07:05.785+0000] {logging_mixin.py:137} INFO - [2023-04-08T07:07:05.777+0000] {dag.py:2705} INFO - Sync 1 DAGs
[2023-04-08T07:07:06.067+0000] {logging_mixin.py:137} INFO - [2023-04-08T07:07:06.066+0000] {dag.py:3456} INFO - Setting next_dagrun for example_nested_branch_dag to 2023-04-07T00:00:00+00:00, run_after=2023-04-08T00:00:00+00:00
[2023-04-08T07:07:06.272+0000] {processor.py:175} INFO - Processing /home/airflow/.local/lib/python3.7/site-packages/airflow/example_dags/example_nested_branch_dag.py took 1.294 seconds
[2023-04-08T07:07:42.161+0000] {processor.py:153} INFO - Started process (PID=48433) to work on /home/airflow/.local/lib/python3.7/site-packages/airflow/example_dags/example_nested_branch_dag.py
[2023-04-08T07:07:42.196+0000] {processor.py:743} INFO - Processing file /home/airflow/.local/lib/python3.7/site-packages/airflow/example_dags/example_nested_branch_dag.py for tasks to queue
[2023-04-08T07:07:42.208+0000] {logging_mixin.py:137} INFO - [2023-04-08T07:07:42.207+0000] {dagbag.py:532} INFO - Filling up the DagBag from /home/airflow/.local/lib/python3.7/site-packages/airflow/example_dags/example_nested_branch_dag.py
[2023-04-08T07:07:42.540+0000] {processor.py:753} INFO - DAG(s) dict_keys(['example_nested_branch_dag']) retrieved from /home/airflow/.local/lib/python3.7/site-packages/airflow/example_dags/example_nested_branch_dag.py
[2023-04-08T07:07:42.987+0000] {logging_mixin.py:137} INFO - [2023-04-08T07:07:42.986+0000] {dag.py:2705} INFO - Sync 1 DAGs
[2023-04-08T07:07:43.124+0000] {logging_mixin.py:137} INFO - [2023-04-08T07:07:43.123+0000] {dag.py:3456} INFO - Setting next_dagrun for example_nested_branch_dag to 2023-04-07T00:00:00+00:00, run_after=2023-04-08T00:00:00+00:00
[2023-04-08T07:07:43.287+0000] {processor.py:175} INFO - Processing /home/airflow/.local/lib/python3.7/site-packages/airflow/example_dags/example_nested_branch_dag.py took 1.215 seconds
[2023-04-08T07:08:16.603+0000] {processor.py:153} INFO - Started process (PID=48480) to work on /home/airflow/.local/lib/python3.7/site-packages/airflow/example_dags/example_nested_branch_dag.py
[2023-04-08T07:08:16.620+0000] {processor.py:743} INFO - Processing file /home/airflow/.local/lib/python3.7/site-packages/airflow/example_dags/example_nested_branch_dag.py for tasks to queue
[2023-04-08T07:08:16.626+0000] {logging_mixin.py:137} INFO - [2023-04-08T07:08:16.626+0000] {dagbag.py:532} INFO - Filling up the DagBag from /home/airflow/.local/lib/python3.7/site-packages/airflow/example_dags/example_nested_branch_dag.py
[2023-04-08T07:08:17.088+0000] {processor.py:753} INFO - DAG(s) dict_keys(['example_nested_branch_dag']) retrieved from /home/airflow/.local/lib/python3.7/site-packages/airflow/example_dags/example_nested_branch_dag.py
[2023-04-08T07:08:17.234+0000] {logging_mixin.py:137} INFO - [2023-04-08T07:08:17.234+0000] {dag.py:2705} INFO - Sync 1 DAGs
[2023-04-08T07:08:17.352+0000] {logging_mixin.py:137} INFO - [2023-04-08T07:08:17.351+0000] {dag.py:3456} INFO - Setting next_dagrun for example_nested_branch_dag to 2023-04-07T00:00:00+00:00, run_after=2023-04-08T00:00:00+00:00
[2023-04-08T07:08:17.963+0000] {processor.py:175} INFO - Processing /home/airflow/.local/lib/python3.7/site-packages/airflow/example_dags/example_nested_branch_dag.py took 1.381 seconds
[2023-04-08T07:09:00.440+0000] {processor.py:153} INFO - Started process (PID=48530) to work on /home/airflow/.local/lib/python3.7/site-packages/airflow/example_dags/example_nested_branch_dag.py
[2023-04-08T07:09:00.448+0000] {processor.py:743} INFO - Processing file /home/airflow/.local/lib/python3.7/site-packages/airflow/example_dags/example_nested_branch_dag.py for tasks to queue
[2023-04-08T07:09:00.452+0000] {logging_mixin.py:137} INFO - [2023-04-08T07:09:00.452+0000] {dagbag.py:532} INFO - Filling up the DagBag from /home/airflow/.local/lib/python3.7/site-packages/airflow/example_dags/example_nested_branch_dag.py
[2023-04-08T07:09:00.575+0000] {processor.py:753} INFO - DAG(s) dict_keys(['example_nested_branch_dag']) retrieved from /home/airflow/.local/lib/python3.7/site-packages/airflow/example_dags/example_nested_branch_dag.py
[2023-04-08T07:09:00.810+0000] {logging_mixin.py:137} INFO - [2023-04-08T07:09:00.810+0000] {dag.py:2705} INFO - Sync 1 DAGs
[2023-04-08T07:09:00.939+0000] {logging_mixin.py:137} INFO - [2023-04-08T07:09:00.938+0000] {dag.py:3456} INFO - Setting next_dagrun for example_nested_branch_dag to 2023-04-07T00:00:00+00:00, run_after=2023-04-08T00:00:00+00:00
[2023-04-08T07:09:01.305+0000] {processor.py:175} INFO - Processing /home/airflow/.local/lib/python3.7/site-packages/airflow/example_dags/example_nested_branch_dag.py took 0.922 seconds
[2023-04-08T08:07:15.064+0000] {processor.py:153} INFO - Started process (PID=48631) to work on /home/airflow/.local/lib/python3.7/site-packages/airflow/example_dags/example_nested_branch_dag.py
[2023-04-08T08:07:15.070+0000] {processor.py:743} INFO - Processing file /home/airflow/.local/lib/python3.7/site-packages/airflow/example_dags/example_nested_branch_dag.py for tasks to queue
[2023-04-08T08:07:15.076+0000] {logging_mixin.py:137} INFO - [2023-04-08T08:07:15.075+0000] {dagbag.py:532} INFO - Filling up the DagBag from /home/airflow/.local/lib/python3.7/site-packages/airflow/example_dags/example_nested_branch_dag.py
[2023-04-08T08:07:15.260+0000] {processor.py:753} INFO - DAG(s) dict_keys(['example_nested_branch_dag']) retrieved from /home/airflow/.local/lib/python3.7/site-packages/airflow/example_dags/example_nested_branch_dag.py
[2023-04-08T08:07:15.468+0000] {logging_mixin.py:137} INFO - [2023-04-08T08:07:15.467+0000] {dag.py:2705} INFO - Sync 1 DAGs
[2023-04-08T08:07:15.747+0000] {logging_mixin.py:137} INFO - [2023-04-08T08:07:15.745+0000] {dag.py:3456} INFO - Setting next_dagrun for example_nested_branch_dag to 2023-04-07T00:00:00+00:00, run_after=2023-04-08T00:00:00+00:00
[2023-04-08T08:07:16.075+0000] {processor.py:175} INFO - Processing /home/airflow/.local/lib/python3.7/site-packages/airflow/example_dags/example_nested_branch_dag.py took 1.040 seconds
[2023-04-08T08:07:54.274+0000] {processor.py:153} INFO - Started process (PID=48688) to work on /home/airflow/.local/lib/python3.7/site-packages/airflow/example_dags/example_nested_branch_dag.py
[2023-04-08T08:07:54.286+0000] {processor.py:743} INFO - Processing file /home/airflow/.local/lib/python3.7/site-packages/airflow/example_dags/example_nested_branch_dag.py for tasks to queue
[2023-04-08T08:07:54.290+0000] {logging_mixin.py:137} INFO - [2023-04-08T08:07:54.290+0000] {dagbag.py:532} INFO - Filling up the DagBag from /home/airflow/.local/lib/python3.7/site-packages/airflow/example_dags/example_nested_branch_dag.py
[2023-04-08T08:07:54.360+0000] {processor.py:753} INFO - DAG(s) dict_keys(['example_nested_branch_dag']) retrieved from /home/airflow/.local/lib/python3.7/site-packages/airflow/example_dags/example_nested_branch_dag.py
[2023-04-08T08:07:54.553+0000] {logging_mixin.py:137} INFO - [2023-04-08T08:07:54.552+0000] {dag.py:2705} INFO - Sync 1 DAGs
[2023-04-08T08:07:54.755+0000] {logging_mixin.py:137} INFO - [2023-04-08T08:07:54.754+0000] {dag.py:3456} INFO - Setting next_dagrun for example_nested_branch_dag to 2023-04-07T00:00:00+00:00, run_after=2023-04-08T00:00:00+00:00
[2023-04-08T08:07:54.918+0000] {processor.py:175} INFO - Processing /home/airflow/.local/lib/python3.7/site-packages/airflow/example_dags/example_nested_branch_dag.py took 0.670 seconds
[2023-04-08T09:06:52.622+0000] {processor.py:153} INFO - Started process (PID=48750) to work on /home/airflow/.local/lib/python3.7/site-packages/airflow/example_dags/example_nested_branch_dag.py
[2023-04-08T09:06:52.724+0000] {processor.py:743} INFO - Processing file /home/airflow/.local/lib/python3.7/site-packages/airflow/example_dags/example_nested_branch_dag.py for tasks to queue
[2023-04-08T09:06:52.780+0000] {logging_mixin.py:137} INFO - [2023-04-08T09:06:52.778+0000] {dagbag.py:532} INFO - Filling up the DagBag from /home/airflow/.local/lib/python3.7/site-packages/airflow/example_dags/example_nested_branch_dag.py
[2023-04-08T09:06:55.021+0000] {processor.py:753} INFO - DAG(s) dict_keys(['example_nested_branch_dag']) retrieved from /home/airflow/.local/lib/python3.7/site-packages/airflow/example_dags/example_nested_branch_dag.py
[2023-04-08T09:06:59.071+0000] {logging_mixin.py:137} INFO - [2023-04-08T09:06:59.069+0000] {dag.py:2705} INFO - Sync 1 DAGs
[2023-04-08T09:07:01.945+0000] {logging_mixin.py:137} INFO - [2023-04-08T09:07:01.940+0000] {dag.py:3456} INFO - Setting next_dagrun for example_nested_branch_dag to 2023-04-07T00:00:00+00:00, run_after=2023-04-08T00:00:00+00:00
[2023-04-08T09:07:02.973+0000] {processor.py:175} INFO - Processing /home/airflow/.local/lib/python3.7/site-packages/airflow/example_dags/example_nested_branch_dag.py took 10.725 seconds
[2023-04-08T10:09:37.525+0000] {processor.py:153} INFO - Started process (PID=48825) to work on /home/airflow/.local/lib/python3.7/site-packages/airflow/example_dags/example_nested_branch_dag.py
[2023-04-08T10:09:37.686+0000] {processor.py:743} INFO - Processing file /home/airflow/.local/lib/python3.7/site-packages/airflow/example_dags/example_nested_branch_dag.py for tasks to queue
[2023-04-08T10:09:37.711+0000] {logging_mixin.py:137} INFO - [2023-04-08T10:09:37.706+0000] {dagbag.py:532} INFO - Filling up the DagBag from /home/airflow/.local/lib/python3.7/site-packages/airflow/example_dags/example_nested_branch_dag.py
[2023-04-08T10:09:37.944+0000] {processor.py:753} INFO - DAG(s) dict_keys(['example_nested_branch_dag']) retrieved from /home/airflow/.local/lib/python3.7/site-packages/airflow/example_dags/example_nested_branch_dag.py
[2023-04-08T10:09:38.441+0000] {logging_mixin.py:137} INFO - [2023-04-08T10:09:38.440+0000] {dag.py:2705} INFO - Sync 1 DAGs
[2023-04-08T10:09:38.957+0000] {logging_mixin.py:137} INFO - [2023-04-08T10:09:38.938+0000] {dag.py:3456} INFO - Setting next_dagrun for example_nested_branch_dag to 2023-04-07T00:00:00+00:00, run_after=2023-04-08T00:00:00+00:00
[2023-04-08T10:09:39.530+0000] {processor.py:175} INFO - Processing /home/airflow/.local/lib/python3.7/site-packages/airflow/example_dags/example_nested_branch_dag.py took 2.294 seconds
[2023-04-08T10:10:10.245+0000] {processor.py:153} INFO - Started process (PID=48874) to work on /home/airflow/.local/lib/python3.7/site-packages/airflow/example_dags/example_nested_branch_dag.py
[2023-04-08T10:10:10.258+0000] {processor.py:743} INFO - Processing file /home/airflow/.local/lib/python3.7/site-packages/airflow/example_dags/example_nested_branch_dag.py for tasks to queue
[2023-04-08T10:10:10.263+0000] {logging_mixin.py:137} INFO - [2023-04-08T10:10:10.263+0000] {dagbag.py:532} INFO - Filling up the DagBag from /home/airflow/.local/lib/python3.7/site-packages/airflow/example_dags/example_nested_branch_dag.py
[2023-04-08T10:10:10.590+0000] {processor.py:753} INFO - DAG(s) dict_keys(['example_nested_branch_dag']) retrieved from /home/airflow/.local/lib/python3.7/site-packages/airflow/example_dags/example_nested_branch_dag.py
[2023-04-08T10:10:11.155+0000] {logging_mixin.py:137} INFO - [2023-04-08T10:10:11.152+0000] {dag.py:2705} INFO - Sync 1 DAGs
[2023-04-08T10:10:11.789+0000] {logging_mixin.py:137} INFO - [2023-04-08T10:10:11.785+0000] {dag.py:3456} INFO - Setting next_dagrun for example_nested_branch_dag to 2023-04-07T00:00:00+00:00, run_after=2023-04-08T00:00:00+00:00
[2023-04-08T10:10:12.306+0000] {processor.py:175} INFO - Processing /home/airflow/.local/lib/python3.7/site-packages/airflow/example_dags/example_nested_branch_dag.py took 2.098 seconds
[2023-04-08T10:10:43.596+0000] {processor.py:153} INFO - Started process (PID=48932) to work on /home/airflow/.local/lib/python3.7/site-packages/airflow/example_dags/example_nested_branch_dag.py
[2023-04-08T10:10:43.609+0000] {processor.py:743} INFO - Processing file /home/airflow/.local/lib/python3.7/site-packages/airflow/example_dags/example_nested_branch_dag.py for tasks to queue
[2023-04-08T10:10:43.615+0000] {logging_mixin.py:137} INFO - [2023-04-08T10:10:43.614+0000] {dagbag.py:532} INFO - Filling up the DagBag from /home/airflow/.local/lib/python3.7/site-packages/airflow/example_dags/example_nested_branch_dag.py
[2023-04-08T10:10:43.788+0000] {processor.py:753} INFO - DAG(s) dict_keys(['example_nested_branch_dag']) retrieved from /home/airflow/.local/lib/python3.7/site-packages/airflow/example_dags/example_nested_branch_dag.py
[2023-04-08T10:10:44.016+0000] {logging_mixin.py:137} INFO - [2023-04-08T10:10:44.016+0000] {dag.py:2705} INFO - Sync 1 DAGs
[2023-04-08T10:10:44.170+0000] {logging_mixin.py:137} INFO - [2023-04-08T10:10:44.170+0000] {dag.py:3456} INFO - Setting next_dagrun for example_nested_branch_dag to 2023-04-07T00:00:00+00:00, run_after=2023-04-08T00:00:00+00:00
[2023-04-08T10:10:44.263+0000] {processor.py:175} INFO - Processing /home/airflow/.local/lib/python3.7/site-packages/airflow/example_dags/example_nested_branch_dag.py took 0.689 seconds
[2023-04-08T10:11:19.478+0000] {processor.py:153} INFO - Started process (PID=48977) to work on /home/airflow/.local/lib/python3.7/site-packages/airflow/example_dags/example_nested_branch_dag.py
[2023-04-08T10:11:19.497+0000] {processor.py:743} INFO - Processing file /home/airflow/.local/lib/python3.7/site-packages/airflow/example_dags/example_nested_branch_dag.py for tasks to queue
[2023-04-08T10:11:19.508+0000] {logging_mixin.py:137} INFO - [2023-04-08T10:11:19.507+0000] {dagbag.py:532} INFO - Filling up the DagBag from /home/airflow/.local/lib/python3.7/site-packages/airflow/example_dags/example_nested_branch_dag.py
[2023-04-08T10:11:20.204+0000] {processor.py:753} INFO - DAG(s) dict_keys(['example_nested_branch_dag']) retrieved from /home/airflow/.local/lib/python3.7/site-packages/airflow/example_dags/example_nested_branch_dag.py
[2023-04-08T10:11:21.199+0000] {logging_mixin.py:137} INFO - [2023-04-08T10:11:21.197+0000] {dag.py:2705} INFO - Sync 1 DAGs
[2023-04-08T10:11:22.265+0000] {logging_mixin.py:137} INFO - [2023-04-08T10:11:22.256+0000] {dag.py:3456} INFO - Setting next_dagrun for example_nested_branch_dag to 2023-04-07T00:00:00+00:00, run_after=2023-04-08T00:00:00+00:00
[2023-04-08T10:11:22.733+0000] {processor.py:175} INFO - Processing /home/airflow/.local/lib/python3.7/site-packages/airflow/example_dags/example_nested_branch_dag.py took 3.292 seconds
[2023-04-08T10:12:03.881+0000] {processor.py:153} INFO - Started process (PID=49021) to work on /home/airflow/.local/lib/python3.7/site-packages/airflow/example_dags/example_nested_branch_dag.py
[2023-04-08T10:12:03.906+0000] {processor.py:743} INFO - Processing file /home/airflow/.local/lib/python3.7/site-packages/airflow/example_dags/example_nested_branch_dag.py for tasks to queue
[2023-04-08T10:12:03.912+0000] {logging_mixin.py:137} INFO - [2023-04-08T10:12:03.912+0000] {dagbag.py:532} INFO - Filling up the DagBag from /home/airflow/.local/lib/python3.7/site-packages/airflow/example_dags/example_nested_branch_dag.py
[2023-04-08T10:12:04.195+0000] {processor.py:753} INFO - DAG(s) dict_keys(['example_nested_branch_dag']) retrieved from /home/airflow/.local/lib/python3.7/site-packages/airflow/example_dags/example_nested_branch_dag.py
[2023-04-08T10:12:04.610+0000] {logging_mixin.py:137} INFO - [2023-04-08T10:12:04.609+0000] {dag.py:2705} INFO - Sync 1 DAGs
[2023-04-08T10:12:04.944+0000] {logging_mixin.py:137} INFO - [2023-04-08T10:12:04.943+0000] {dag.py:3456} INFO - Setting next_dagrun for example_nested_branch_dag to 2023-04-07T00:00:00+00:00, run_after=2023-04-08T00:00:00+00:00
[2023-04-08T10:12:05.135+0000] {processor.py:175} INFO - Processing /home/airflow/.local/lib/python3.7/site-packages/airflow/example_dags/example_nested_branch_dag.py took 1.296 seconds
[2023-04-08T10:12:40.368+0000] {processor.py:153} INFO - Started process (PID=49078) to work on /home/airflow/.local/lib/python3.7/site-packages/airflow/example_dags/example_nested_branch_dag.py
[2023-04-08T10:12:40.383+0000] {processor.py:743} INFO - Processing file /home/airflow/.local/lib/python3.7/site-packages/airflow/example_dags/example_nested_branch_dag.py for tasks to queue
[2023-04-08T10:12:40.400+0000] {logging_mixin.py:137} INFO - [2023-04-08T10:12:40.396+0000] {dagbag.py:532} INFO - Filling up the DagBag from /home/airflow/.local/lib/python3.7/site-packages/airflow/example_dags/example_nested_branch_dag.py
[2023-04-08T10:12:40.584+0000] {processor.py:753} INFO - DAG(s) dict_keys(['example_nested_branch_dag']) retrieved from /home/airflow/.local/lib/python3.7/site-packages/airflow/example_dags/example_nested_branch_dag.py
[2023-04-08T10:12:40.825+0000] {logging_mixin.py:137} INFO - [2023-04-08T10:12:40.825+0000] {dag.py:2705} INFO - Sync 1 DAGs
[2023-04-08T10:12:41.000+0000] {logging_mixin.py:137} INFO - [2023-04-08T10:12:40.999+0000] {dag.py:3456} INFO - Setting next_dagrun for example_nested_branch_dag to 2023-04-07T00:00:00+00:00, run_after=2023-04-08T00:00:00+00:00
[2023-04-08T10:12:41.216+0000] {processor.py:175} INFO - Processing /home/airflow/.local/lib/python3.7/site-packages/airflow/example_dags/example_nested_branch_dag.py took 0.964 seconds
[2023-04-08T10:13:31.941+0000] {processor.py:153} INFO - Started process (PID=49130) to work on /home/airflow/.local/lib/python3.7/site-packages/airflow/example_dags/example_nested_branch_dag.py
[2023-04-08T10:13:31.979+0000] {processor.py:743} INFO - Processing file /home/airflow/.local/lib/python3.7/site-packages/airflow/example_dags/example_nested_branch_dag.py for tasks to queue
[2023-04-08T10:13:32.002+0000] {logging_mixin.py:137} INFO - [2023-04-08T10:13:32.001+0000] {dagbag.py:532} INFO - Filling up the DagBag from /home/airflow/.local/lib/python3.7/site-packages/airflow/example_dags/example_nested_branch_dag.py
[2023-04-08T10:13:32.366+0000] {processor.py:753} INFO - DAG(s) dict_keys(['example_nested_branch_dag']) retrieved from /home/airflow/.local/lib/python3.7/site-packages/airflow/example_dags/example_nested_branch_dag.py
[2023-04-08T10:13:32.751+0000] {logging_mixin.py:137} INFO - [2023-04-08T10:13:32.748+0000] {dag.py:2705} INFO - Sync 1 DAGs
[2023-04-08T10:13:33.177+0000] {logging_mixin.py:137} INFO - [2023-04-08T10:13:33.177+0000] {dag.py:3456} INFO - Setting next_dagrun for example_nested_branch_dag to 2023-04-07T00:00:00+00:00, run_after=2023-04-08T00:00:00+00:00
[2023-04-08T10:13:33.399+0000] {processor.py:175} INFO - Processing /home/airflow/.local/lib/python3.7/site-packages/airflow/example_dags/example_nested_branch_dag.py took 1.500 seconds
[2023-04-08T10:14:10.825+0000] {processor.py:153} INFO - Started process (PID=49175) to work on /home/airflow/.local/lib/python3.7/site-packages/airflow/example_dags/example_nested_branch_dag.py
[2023-04-08T10:14:10.830+0000] {processor.py:743} INFO - Processing file /home/airflow/.local/lib/python3.7/site-packages/airflow/example_dags/example_nested_branch_dag.py for tasks to queue
[2023-04-08T10:14:10.845+0000] {logging_mixin.py:137} INFO - [2023-04-08T10:14:10.844+0000] {dagbag.py:532} INFO - Filling up the DagBag from /home/airflow/.local/lib/python3.7/site-packages/airflow/example_dags/example_nested_branch_dag.py
[2023-04-08T10:14:10.961+0000] {processor.py:753} INFO - DAG(s) dict_keys(['example_nested_branch_dag']) retrieved from /home/airflow/.local/lib/python3.7/site-packages/airflow/example_dags/example_nested_branch_dag.py
[2023-04-08T10:14:12.421+0000] {logging_mixin.py:137} INFO - [2023-04-08T10:14:12.420+0000] {dag.py:2705} INFO - Sync 1 DAGs
[2023-04-08T10:14:12.617+0000] {logging_mixin.py:137} INFO - [2023-04-08T10:14:12.616+0000] {dag.py:3456} INFO - Setting next_dagrun for example_nested_branch_dag to 2023-04-07T00:00:00+00:00, run_after=2023-04-08T00:00:00+00:00
[2023-04-08T10:14:12.793+0000] {processor.py:175} INFO - Processing /home/airflow/.local/lib/python3.7/site-packages/airflow/example_dags/example_nested_branch_dag.py took 1.984 seconds
[2023-04-08T10:15:00.364+0000] {processor.py:153} INFO - Started process (PID=49235) to work on /home/airflow/.local/lib/python3.7/site-packages/airflow/example_dags/example_nested_branch_dag.py
[2023-04-08T10:15:00.500+0000] {processor.py:743} INFO - Processing file /home/airflow/.local/lib/python3.7/site-packages/airflow/example_dags/example_nested_branch_dag.py for tasks to queue
[2023-04-08T10:15:00.515+0000] {logging_mixin.py:137} INFO - [2023-04-08T10:15:00.514+0000] {dagbag.py:532} INFO - Filling up the DagBag from /home/airflow/.local/lib/python3.7/site-packages/airflow/example_dags/example_nested_branch_dag.py
[2023-04-08T10:15:01.133+0000] {processor.py:753} INFO - DAG(s) dict_keys(['example_nested_branch_dag']) retrieved from /home/airflow/.local/lib/python3.7/site-packages/airflow/example_dags/example_nested_branch_dag.py
[2023-04-08T10:15:01.500+0000] {logging_mixin.py:137} INFO - [2023-04-08T10:15:01.489+0000] {dag.py:2705} INFO - Sync 1 DAGs
[2023-04-08T10:15:01.821+0000] {logging_mixin.py:137} INFO - [2023-04-08T10:15:01.798+0000] {dag.py:3456} INFO - Setting next_dagrun for example_nested_branch_dag to 2023-04-07T00:00:00+00:00, run_after=2023-04-08T00:00:00+00:00
[2023-04-08T10:15:02.543+0000] {processor.py:175} INFO - Processing /home/airflow/.local/lib/python3.7/site-packages/airflow/example_dags/example_nested_branch_dag.py took 2.203 seconds
[2023-04-08T10:15:36.729+0000] {processor.py:153} INFO - Started process (PID=49286) to work on /home/airflow/.local/lib/python3.7/site-packages/airflow/example_dags/example_nested_branch_dag.py
[2023-04-08T10:15:36.766+0000] {processor.py:743} INFO - Processing file /home/airflow/.local/lib/python3.7/site-packages/airflow/example_dags/example_nested_branch_dag.py for tasks to queue
[2023-04-08T10:15:36.802+0000] {logging_mixin.py:137} INFO - [2023-04-08T10:15:36.801+0000] {dagbag.py:532} INFO - Filling up the DagBag from /home/airflow/.local/lib/python3.7/site-packages/airflow/example_dags/example_nested_branch_dag.py
[2023-04-08T10:15:37.680+0000] {processor.py:753} INFO - DAG(s) dict_keys(['example_nested_branch_dag']) retrieved from /home/airflow/.local/lib/python3.7/site-packages/airflow/example_dags/example_nested_branch_dag.py
[2023-04-08T10:15:38.360+0000] {logging_mixin.py:137} INFO - [2023-04-08T10:15:38.356+0000] {dag.py:2705} INFO - Sync 1 DAGs
[2023-04-08T10:15:38.909+0000] {logging_mixin.py:137} INFO - [2023-04-08T10:15:38.909+0000] {dag.py:3456} INFO - Setting next_dagrun for example_nested_branch_dag to 2023-04-07T00:00:00+00:00, run_after=2023-04-08T00:00:00+00:00
[2023-04-08T10:15:39.390+0000] {processor.py:175} INFO - Processing /home/airflow/.local/lib/python3.7/site-packages/airflow/example_dags/example_nested_branch_dag.py took 2.725 seconds
[2023-04-08T10:16:10.562+0000] {processor.py:153} INFO - Started process (PID=49336) to work on /home/airflow/.local/lib/python3.7/site-packages/airflow/example_dags/example_nested_branch_dag.py
[2023-04-08T10:16:10.597+0000] {processor.py:743} INFO - Processing file /home/airflow/.local/lib/python3.7/site-packages/airflow/example_dags/example_nested_branch_dag.py for tasks to queue
[2023-04-08T10:16:10.604+0000] {logging_mixin.py:137} INFO - [2023-04-08T10:16:10.603+0000] {dagbag.py:532} INFO - Filling up the DagBag from /home/airflow/.local/lib/python3.7/site-packages/airflow/example_dags/example_nested_branch_dag.py
[2023-04-08T10:16:10.707+0000] {processor.py:753} INFO - DAG(s) dict_keys(['example_nested_branch_dag']) retrieved from /home/airflow/.local/lib/python3.7/site-packages/airflow/example_dags/example_nested_branch_dag.py
[2023-04-08T10:16:10.866+0000] {logging_mixin.py:137} INFO - [2023-04-08T10:16:10.865+0000] {dag.py:2705} INFO - Sync 1 DAGs
[2023-04-08T10:16:11.019+0000] {logging_mixin.py:137} INFO - [2023-04-08T10:16:11.018+0000] {dag.py:3456} INFO - Setting next_dagrun for example_nested_branch_dag to 2023-04-07T00:00:00+00:00, run_after=2023-04-08T00:00:00+00:00
[2023-04-08T10:16:11.108+0000] {processor.py:175} INFO - Processing /home/airflow/.local/lib/python3.7/site-packages/airflow/example_dags/example_nested_branch_dag.py took 0.572 seconds
[2023-04-08T10:16:41.362+0000] {processor.py:153} INFO - Started process (PID=49393) to work on /home/airflow/.local/lib/python3.7/site-packages/airflow/example_dags/example_nested_branch_dag.py
[2023-04-08T10:16:41.393+0000] {processor.py:743} INFO - Processing file /home/airflow/.local/lib/python3.7/site-packages/airflow/example_dags/example_nested_branch_dag.py for tasks to queue
[2023-04-08T10:16:41.396+0000] {logging_mixin.py:137} INFO - [2023-04-08T10:16:41.396+0000] {dagbag.py:532} INFO - Filling up the DagBag from /home/airflow/.local/lib/python3.7/site-packages/airflow/example_dags/example_nested_branch_dag.py
[2023-04-08T10:16:41.460+0000] {processor.py:753} INFO - DAG(s) dict_keys(['example_nested_branch_dag']) retrieved from /home/airflow/.local/lib/python3.7/site-packages/airflow/example_dags/example_nested_branch_dag.py
[2023-04-08T10:16:41.560+0000] {logging_mixin.py:137} INFO - [2023-04-08T10:16:41.559+0000] {dag.py:2705} INFO - Sync 1 DAGs
[2023-04-08T10:16:41.635+0000] {logging_mixin.py:137} INFO - [2023-04-08T10:16:41.635+0000] {dag.py:3456} INFO - Setting next_dagrun for example_nested_branch_dag to 2023-04-07T00:00:00+00:00, run_after=2023-04-08T00:00:00+00:00
[2023-04-08T10:16:41.699+0000] {processor.py:175} INFO - Processing /home/airflow/.local/lib/python3.7/site-packages/airflow/example_dags/example_nested_branch_dag.py took 0.396 seconds
[2023-04-08T10:17:11.778+0000] {processor.py:153} INFO - Started process (PID=49451) to work on /home/airflow/.local/lib/python3.7/site-packages/airflow/example_dags/example_nested_branch_dag.py
[2023-04-08T10:17:11.781+0000] {processor.py:743} INFO - Processing file /home/airflow/.local/lib/python3.7/site-packages/airflow/example_dags/example_nested_branch_dag.py for tasks to queue
[2023-04-08T10:17:11.784+0000] {logging_mixin.py:137} INFO - [2023-04-08T10:17:11.784+0000] {dagbag.py:532} INFO - Filling up the DagBag from /home/airflow/.local/lib/python3.7/site-packages/airflow/example_dags/example_nested_branch_dag.py
[2023-04-08T10:17:11.816+0000] {processor.py:753} INFO - DAG(s) dict_keys(['example_nested_branch_dag']) retrieved from /home/airflow/.local/lib/python3.7/site-packages/airflow/example_dags/example_nested_branch_dag.py
[2023-04-08T10:17:11.863+0000] {logging_mixin.py:137} INFO - [2023-04-08T10:17:11.863+0000] {dag.py:2705} INFO - Sync 1 DAGs
[2023-04-08T10:17:11.905+0000] {logging_mixin.py:137} INFO - [2023-04-08T10:17:11.905+0000] {dag.py:3456} INFO - Setting next_dagrun for example_nested_branch_dag to 2023-04-07T00:00:00+00:00, run_after=2023-04-08T00:00:00+00:00
[2023-04-08T10:17:11.936+0000] {processor.py:175} INFO - Processing /home/airflow/.local/lib/python3.7/site-packages/airflow/example_dags/example_nested_branch_dag.py took 0.164 seconds
[2023-04-08T10:17:42.059+0000] {processor.py:153} INFO - Started process (PID=49502) to work on /home/airflow/.local/lib/python3.7/site-packages/airflow/example_dags/example_nested_branch_dag.py
[2023-04-08T10:17:42.062+0000] {processor.py:743} INFO - Processing file /home/airflow/.local/lib/python3.7/site-packages/airflow/example_dags/example_nested_branch_dag.py for tasks to queue
[2023-04-08T10:17:42.065+0000] {logging_mixin.py:137} INFO - [2023-04-08T10:17:42.064+0000] {dagbag.py:532} INFO - Filling up the DagBag from /home/airflow/.local/lib/python3.7/site-packages/airflow/example_dags/example_nested_branch_dag.py
[2023-04-08T10:17:42.101+0000] {processor.py:753} INFO - DAG(s) dict_keys(['example_nested_branch_dag']) retrieved from /home/airflow/.local/lib/python3.7/site-packages/airflow/example_dags/example_nested_branch_dag.py
[2023-04-08T10:17:42.147+0000] {logging_mixin.py:137} INFO - [2023-04-08T10:17:42.146+0000] {dag.py:2705} INFO - Sync 1 DAGs
[2023-04-08T10:17:42.187+0000] {logging_mixin.py:137} INFO - [2023-04-08T10:17:42.186+0000] {dag.py:3456} INFO - Setting next_dagrun for example_nested_branch_dag to 2023-04-07T00:00:00+00:00, run_after=2023-04-08T00:00:00+00:00
[2023-04-08T10:17:42.216+0000] {processor.py:175} INFO - Processing /home/airflow/.local/lib/python3.7/site-packages/airflow/example_dags/example_nested_branch_dag.py took 0.163 seconds
[2023-04-08T10:18:12.409+0000] {processor.py:153} INFO - Started process (PID=49553) to work on /home/airflow/.local/lib/python3.7/site-packages/airflow/example_dags/example_nested_branch_dag.py
[2023-04-08T10:18:12.412+0000] {processor.py:743} INFO - Processing file /home/airflow/.local/lib/python3.7/site-packages/airflow/example_dags/example_nested_branch_dag.py for tasks to queue
[2023-04-08T10:18:12.414+0000] {logging_mixin.py:137} INFO - [2023-04-08T10:18:12.413+0000] {dagbag.py:532} INFO - Filling up the DagBag from /home/airflow/.local/lib/python3.7/site-packages/airflow/example_dags/example_nested_branch_dag.py
[2023-04-08T10:18:12.446+0000] {processor.py:753} INFO - DAG(s) dict_keys(['example_nested_branch_dag']) retrieved from /home/airflow/.local/lib/python3.7/site-packages/airflow/example_dags/example_nested_branch_dag.py
[2023-04-08T10:18:12.490+0000] {logging_mixin.py:137} INFO - [2023-04-08T10:18:12.490+0000] {dag.py:2705} INFO - Sync 1 DAGs
[2023-04-08T10:18:12.527+0000] {logging_mixin.py:137} INFO - [2023-04-08T10:18:12.527+0000] {dag.py:3456} INFO - Setting next_dagrun for example_nested_branch_dag to 2023-04-07T00:00:00+00:00, run_after=2023-04-08T00:00:00+00:00
[2023-04-08T10:18:12.554+0000] {processor.py:175} INFO - Processing /home/airflow/.local/lib/python3.7/site-packages/airflow/example_dags/example_nested_branch_dag.py took 0.151 seconds
