[2023-04-08T07:06:30.620+0000] {processor.py:153} INFO - Started process (PID=48330) to work on /home/airflow/.local/lib/python3.7/site-packages/airflow/example_dags/example_python_operator.py
[2023-04-08T07:06:30.631+0000] {processor.py:743} INFO - Processing file /home/airflow/.local/lib/python3.7/site-packages/airflow/example_dags/example_python_operator.py for tasks to queue
[2023-04-08T07:06:30.642+0000] {logging_mixin.py:137} INFO - [2023-04-08T07:06:30.639+0000] {dagbag.py:532} INFO - Filling up the DagBag from /home/airflow/.local/lib/python3.7/site-packages/airflow/example_dags/example_python_operator.py
[2023-04-08T07:06:31.074+0000] {logging_mixin.py:137} INFO - [2023-04-08T07:06:31.073+0000] {taskmixin.py:211} WARNING - Dependency <Task(_PythonDecoratedOperator): print_the_context>, log_sql_query already registered for DAG: example_python_operator
[2023-04-08T07:06:31.080+0000] {logging_mixin.py:137} INFO - [2023-04-08T07:06:31.080+0000] {taskmixin.py:211} WARNING - Dependency <Task(_PythonDecoratedOperator): log_sql_query>, print_the_context already registered for DAG: example_python_operator
[2023-04-08T07:06:31.093+0000] {logging_mixin.py:137} INFO - [2023-04-08T07:06:31.092+0000] {taskmixin.py:211} WARNING - Dependency <Task(_PythonDecoratedOperator): print_the_context>, log_sql_query already registered for DAG: example_python_operator
[2023-04-08T07:06:31.109+0000] {logging_mixin.py:137} INFO - [2023-04-08T07:06:31.108+0000] {taskmixin.py:211} WARNING - Dependency <Task(_PythonDecoratedOperator): log_sql_query>, print_the_context already registered for DAG: example_python_operator
[2023-04-08T07:06:31.224+0000] {logging_mixin.py:137} INFO - [2023-04-08T07:06:31.223+0000] {taskmixin.py:211} WARNING - Dependency <Task(_PythonDecoratedOperator): print_the_context>, log_sql_query already registered for DAG: example_python_operator
[2023-04-08T07:06:31.390+0000] {logging_mixin.py:137} INFO - [2023-04-08T07:06:31.296+0000] {taskmixin.py:211} WARNING - Dependency <Task(_PythonDecoratedOperator): log_sql_query>, print_the_context already registered for DAG: example_python_operator
[2023-04-08T07:06:31.431+0000] {logging_mixin.py:137} INFO - [2023-04-08T07:06:31.429+0000] {taskmixin.py:211} WARNING - Dependency <Task(_PythonDecoratedOperator): print_the_context>, log_sql_query already registered for DAG: example_python_operator
[2023-04-08T07:06:31.443+0000] {logging_mixin.py:137} INFO - [2023-04-08T07:06:31.443+0000] {taskmixin.py:211} WARNING - Dependency <Task(_PythonDecoratedOperator): log_sql_query>, print_the_context already registered for DAG: example_python_operator
[2023-04-08T07:06:31.581+0000] {processor.py:753} INFO - DAG(s) dict_keys(['example_python_operator']) retrieved from /home/airflow/.local/lib/python3.7/site-packages/airflow/example_dags/example_python_operator.py
[2023-04-08T07:06:32.238+0000] {logging_mixin.py:137} INFO - [2023-04-08T07:06:32.237+0000] {dag.py:2705} INFO - Sync 1 DAGs
[2023-04-08T07:06:32.349+0000] {logging_mixin.py:137} INFO - [2023-04-08T07:06:32.349+0000] {dag.py:3456} INFO - Setting next_dagrun for example_python_operator to None, run_after=None
[2023-04-08T07:06:32.721+0000] {processor.py:175} INFO - Processing /home/airflow/.local/lib/python3.7/site-packages/airflow/example_dags/example_python_operator.py took 2.301 seconds
[2023-04-08T07:07:12.834+0000] {processor.py:153} INFO - Started process (PID=48388) to work on /home/airflow/.local/lib/python3.7/site-packages/airflow/example_dags/example_python_operator.py
[2023-04-08T07:07:12.840+0000] {processor.py:743} INFO - Processing file /home/airflow/.local/lib/python3.7/site-packages/airflow/example_dags/example_python_operator.py for tasks to queue
[2023-04-08T07:07:12.850+0000] {logging_mixin.py:137} INFO - [2023-04-08T07:07:12.848+0000] {dagbag.py:532} INFO - Filling up the DagBag from /home/airflow/.local/lib/python3.7/site-packages/airflow/example_dags/example_python_operator.py
[2023-04-08T07:07:13.081+0000] {logging_mixin.py:137} INFO - [2023-04-08T07:07:13.079+0000] {taskmixin.py:211} WARNING - Dependency <Task(_PythonDecoratedOperator): print_the_context>, log_sql_query already registered for DAG: example_python_operator
[2023-04-08T07:07:13.091+0000] {logging_mixin.py:137} INFO - [2023-04-08T07:07:13.090+0000] {taskmixin.py:211} WARNING - Dependency <Task(_PythonDecoratedOperator): log_sql_query>, print_the_context already registered for DAG: example_python_operator
[2023-04-08T07:07:13.106+0000] {logging_mixin.py:137} INFO - [2023-04-08T07:07:13.105+0000] {taskmixin.py:211} WARNING - Dependency <Task(_PythonDecoratedOperator): print_the_context>, log_sql_query already registered for DAG: example_python_operator
[2023-04-08T07:07:13.114+0000] {logging_mixin.py:137} INFO - [2023-04-08T07:07:13.113+0000] {taskmixin.py:211} WARNING - Dependency <Task(_PythonDecoratedOperator): log_sql_query>, print_the_context already registered for DAG: example_python_operator
[2023-04-08T07:07:13.127+0000] {logging_mixin.py:137} INFO - [2023-04-08T07:07:13.127+0000] {taskmixin.py:211} WARNING - Dependency <Task(_PythonDecoratedOperator): print_the_context>, log_sql_query already registered for DAG: example_python_operator
[2023-04-08T07:07:13.135+0000] {logging_mixin.py:137} INFO - [2023-04-08T07:07:13.134+0000] {taskmixin.py:211} WARNING - Dependency <Task(_PythonDecoratedOperator): log_sql_query>, print_the_context already registered for DAG: example_python_operator
[2023-04-08T07:07:13.143+0000] {logging_mixin.py:137} INFO - [2023-04-08T07:07:13.142+0000] {taskmixin.py:211} WARNING - Dependency <Task(_PythonDecoratedOperator): print_the_context>, log_sql_query already registered for DAG: example_python_operator
[2023-04-08T07:07:13.151+0000] {logging_mixin.py:137} INFO - [2023-04-08T07:07:13.150+0000] {taskmixin.py:211} WARNING - Dependency <Task(_PythonDecoratedOperator): log_sql_query>, print_the_context already registered for DAG: example_python_operator
[2023-04-08T07:07:13.220+0000] {processor.py:753} INFO - DAG(s) dict_keys(['example_python_operator']) retrieved from /home/airflow/.local/lib/python3.7/site-packages/airflow/example_dags/example_python_operator.py
[2023-04-08T07:07:13.407+0000] {logging_mixin.py:137} INFO - [2023-04-08T07:07:13.407+0000] {dag.py:2705} INFO - Sync 1 DAGs
[2023-04-08T07:07:13.578+0000] {logging_mixin.py:137} INFO - [2023-04-08T07:07:13.577+0000] {dag.py:3456} INFO - Setting next_dagrun for example_python_operator to None, run_after=None
[2023-04-08T07:07:13.744+0000] {processor.py:175} INFO - Processing /home/airflow/.local/lib/python3.7/site-packages/airflow/example_dags/example_python_operator.py took 1.039 seconds
[2023-04-08T07:07:44.610+0000] {processor.py:153} INFO - Started process (PID=48437) to work on /home/airflow/.local/lib/python3.7/site-packages/airflow/example_dags/example_python_operator.py
[2023-04-08T07:07:44.626+0000] {processor.py:743} INFO - Processing file /home/airflow/.local/lib/python3.7/site-packages/airflow/example_dags/example_python_operator.py for tasks to queue
[2023-04-08T07:07:44.640+0000] {logging_mixin.py:137} INFO - [2023-04-08T07:07:44.640+0000] {dagbag.py:532} INFO - Filling up the DagBag from /home/airflow/.local/lib/python3.7/site-packages/airflow/example_dags/example_python_operator.py
[2023-04-08T07:07:44.830+0000] {logging_mixin.py:137} INFO - [2023-04-08T07:07:44.826+0000] {taskmixin.py:211} WARNING - Dependency <Task(_PythonDecoratedOperator): print_the_context>, log_sql_query already registered for DAG: example_python_operator
[2023-04-08T07:07:44.835+0000] {logging_mixin.py:137} INFO - [2023-04-08T07:07:44.835+0000] {taskmixin.py:211} WARNING - Dependency <Task(_PythonDecoratedOperator): log_sql_query>, print_the_context already registered for DAG: example_python_operator
[2023-04-08T07:07:44.856+0000] {logging_mixin.py:137} INFO - [2023-04-08T07:07:44.853+0000] {taskmixin.py:211} WARNING - Dependency <Task(_PythonDecoratedOperator): print_the_context>, log_sql_query already registered for DAG: example_python_operator
[2023-04-08T07:07:44.868+0000] {logging_mixin.py:137} INFO - [2023-04-08T07:07:44.866+0000] {taskmixin.py:211} WARNING - Dependency <Task(_PythonDecoratedOperator): log_sql_query>, print_the_context already registered for DAG: example_python_operator
[2023-04-08T07:07:44.882+0000] {logging_mixin.py:137} INFO - [2023-04-08T07:07:44.881+0000] {taskmixin.py:211} WARNING - Dependency <Task(_PythonDecoratedOperator): print_the_context>, log_sql_query already registered for DAG: example_python_operator
[2023-04-08T07:07:44.884+0000] {logging_mixin.py:137} INFO - [2023-04-08T07:07:44.884+0000] {taskmixin.py:211} WARNING - Dependency <Task(_PythonDecoratedOperator): log_sql_query>, print_the_context already registered for DAG: example_python_operator
[2023-04-08T07:07:44.887+0000] {logging_mixin.py:137} INFO - [2023-04-08T07:07:44.887+0000] {taskmixin.py:211} WARNING - Dependency <Task(_PythonDecoratedOperator): print_the_context>, log_sql_query already registered for DAG: example_python_operator
[2023-04-08T07:07:44.891+0000] {logging_mixin.py:137} INFO - [2023-04-08T07:07:44.891+0000] {taskmixin.py:211} WARNING - Dependency <Task(_PythonDecoratedOperator): log_sql_query>, print_the_context already registered for DAG: example_python_operator
[2023-04-08T07:07:44.903+0000] {processor.py:753} INFO - DAG(s) dict_keys(['example_python_operator']) retrieved from /home/airflow/.local/lib/python3.7/site-packages/airflow/example_dags/example_python_operator.py
[2023-04-08T07:07:45.089+0000] {logging_mixin.py:137} INFO - [2023-04-08T07:07:45.085+0000] {dag.py:2705} INFO - Sync 1 DAGs
[2023-04-08T07:07:45.408+0000] {logging_mixin.py:137} INFO - [2023-04-08T07:07:45.408+0000] {dag.py:3456} INFO - Setting next_dagrun for example_python_operator to None, run_after=None
[2023-04-08T07:07:45.530+0000] {processor.py:175} INFO - Processing /home/airflow/.local/lib/python3.7/site-packages/airflow/example_dags/example_python_operator.py took 0.954 seconds
[2023-04-08T07:08:21.244+0000] {processor.py:153} INFO - Started process (PID=48488) to work on /home/airflow/.local/lib/python3.7/site-packages/airflow/example_dags/example_python_operator.py
[2023-04-08T07:08:21.255+0000] {processor.py:743} INFO - Processing file /home/airflow/.local/lib/python3.7/site-packages/airflow/example_dags/example_python_operator.py for tasks to queue
[2023-04-08T07:08:21.269+0000] {logging_mixin.py:137} INFO - [2023-04-08T07:08:21.269+0000] {dagbag.py:532} INFO - Filling up the DagBag from /home/airflow/.local/lib/python3.7/site-packages/airflow/example_dags/example_python_operator.py
[2023-04-08T07:08:21.482+0000] {logging_mixin.py:137} INFO - [2023-04-08T07:08:21.481+0000] {taskmixin.py:211} WARNING - Dependency <Task(_PythonDecoratedOperator): print_the_context>, log_sql_query already registered for DAG: example_python_operator
[2023-04-08T07:08:21.487+0000] {logging_mixin.py:137} INFO - [2023-04-08T07:08:21.486+0000] {taskmixin.py:211} WARNING - Dependency <Task(_PythonDecoratedOperator): log_sql_query>, print_the_context already registered for DAG: example_python_operator
[2023-04-08T07:08:21.493+0000] {logging_mixin.py:137} INFO - [2023-04-08T07:08:21.492+0000] {taskmixin.py:211} WARNING - Dependency <Task(_PythonDecoratedOperator): print_the_context>, log_sql_query already registered for DAG: example_python_operator
[2023-04-08T07:08:21.510+0000] {logging_mixin.py:137} INFO - [2023-04-08T07:08:21.509+0000] {taskmixin.py:211} WARNING - Dependency <Task(_PythonDecoratedOperator): log_sql_query>, print_the_context already registered for DAG: example_python_operator
[2023-04-08T07:08:21.516+0000] {logging_mixin.py:137} INFO - [2023-04-08T07:08:21.515+0000] {taskmixin.py:211} WARNING - Dependency <Task(_PythonDecoratedOperator): print_the_context>, log_sql_query already registered for DAG: example_python_operator
[2023-04-08T07:08:21.522+0000] {logging_mixin.py:137} INFO - [2023-04-08T07:08:21.521+0000] {taskmixin.py:211} WARNING - Dependency <Task(_PythonDecoratedOperator): log_sql_query>, print_the_context already registered for DAG: example_python_operator
[2023-04-08T07:08:21.530+0000] {logging_mixin.py:137} INFO - [2023-04-08T07:08:21.527+0000] {taskmixin.py:211} WARNING - Dependency <Task(_PythonDecoratedOperator): print_the_context>, log_sql_query already registered for DAG: example_python_operator
[2023-04-08T07:08:21.536+0000] {logging_mixin.py:137} INFO - [2023-04-08T07:08:21.536+0000] {taskmixin.py:211} WARNING - Dependency <Task(_PythonDecoratedOperator): log_sql_query>, print_the_context already registered for DAG: example_python_operator
[2023-04-08T07:08:21.555+0000] {processor.py:753} INFO - DAG(s) dict_keys(['example_python_operator']) retrieved from /home/airflow/.local/lib/python3.7/site-packages/airflow/example_dags/example_python_operator.py
[2023-04-08T07:08:21.914+0000] {logging_mixin.py:137} INFO - [2023-04-08T07:08:21.911+0000] {dag.py:2705} INFO - Sync 1 DAGs
[2023-04-08T07:08:22.151+0000] {logging_mixin.py:137} INFO - [2023-04-08T07:08:22.148+0000] {dag.py:3456} INFO - Setting next_dagrun for example_python_operator to None, run_after=None
[2023-04-08T07:08:22.374+0000] {processor.py:175} INFO - Processing /home/airflow/.local/lib/python3.7/site-packages/airflow/example_dags/example_python_operator.py took 1.154 seconds
[2023-04-08T07:09:02.841+0000] {processor.py:153} INFO - Started process (PID=48534) to work on /home/airflow/.local/lib/python3.7/site-packages/airflow/example_dags/example_python_operator.py
[2023-04-08T07:09:02.850+0000] {processor.py:743} INFO - Processing file /home/airflow/.local/lib/python3.7/site-packages/airflow/example_dags/example_python_operator.py for tasks to queue
[2023-04-08T07:09:02.866+0000] {logging_mixin.py:137} INFO - [2023-04-08T07:09:02.865+0000] {dagbag.py:532} INFO - Filling up the DagBag from /home/airflow/.local/lib/python3.7/site-packages/airflow/example_dags/example_python_operator.py
[2023-04-08T07:09:02.943+0000] {logging_mixin.py:137} INFO - [2023-04-08T07:09:02.943+0000] {taskmixin.py:211} WARNING - Dependency <Task(_PythonDecoratedOperator): print_the_context>, log_sql_query already registered for DAG: example_python_operator
[2023-04-08T07:09:02.950+0000] {logging_mixin.py:137} INFO - [2023-04-08T07:09:02.949+0000] {taskmixin.py:211} WARNING - Dependency <Task(_PythonDecoratedOperator): log_sql_query>, print_the_context already registered for DAG: example_python_operator
[2023-04-08T07:09:02.967+0000] {logging_mixin.py:137} INFO - [2023-04-08T07:09:02.966+0000] {taskmixin.py:211} WARNING - Dependency <Task(_PythonDecoratedOperator): print_the_context>, log_sql_query already registered for DAG: example_python_operator
[2023-04-08T07:09:02.976+0000] {logging_mixin.py:137} INFO - [2023-04-08T07:09:02.975+0000] {taskmixin.py:211} WARNING - Dependency <Task(_PythonDecoratedOperator): log_sql_query>, print_the_context already registered for DAG: example_python_operator
[2023-04-08T07:09:02.982+0000] {logging_mixin.py:137} INFO - [2023-04-08T07:09:02.981+0000] {taskmixin.py:211} WARNING - Dependency <Task(_PythonDecoratedOperator): print_the_context>, log_sql_query already registered for DAG: example_python_operator
[2023-04-08T07:09:02.987+0000] {logging_mixin.py:137} INFO - [2023-04-08T07:09:02.986+0000] {taskmixin.py:211} WARNING - Dependency <Task(_PythonDecoratedOperator): log_sql_query>, print_the_context already registered for DAG: example_python_operator
[2023-04-08T07:09:02.995+0000] {logging_mixin.py:137} INFO - [2023-04-08T07:09:02.994+0000] {taskmixin.py:211} WARNING - Dependency <Task(_PythonDecoratedOperator): print_the_context>, log_sql_query already registered for DAG: example_python_operator
[2023-04-08T07:09:02.997+0000] {logging_mixin.py:137} INFO - [2023-04-08T07:09:02.997+0000] {taskmixin.py:211} WARNING - Dependency <Task(_PythonDecoratedOperator): log_sql_query>, print_the_context already registered for DAG: example_python_operator
[2023-04-08T07:09:03.033+0000] {processor.py:753} INFO - DAG(s) dict_keys(['example_python_operator']) retrieved from /home/airflow/.local/lib/python3.7/site-packages/airflow/example_dags/example_python_operator.py
[2023-04-08T07:09:03.111+0000] {logging_mixin.py:137} INFO - [2023-04-08T07:09:03.110+0000] {dag.py:2705} INFO - Sync 1 DAGs
[2023-04-08T07:09:03.238+0000] {logging_mixin.py:137} INFO - [2023-04-08T07:09:03.238+0000] {dag.py:3456} INFO - Setting next_dagrun for example_python_operator to None, run_after=None
[2023-04-08T07:09:03.321+0000] {processor.py:175} INFO - Processing /home/airflow/.local/lib/python3.7/site-packages/airflow/example_dags/example_python_operator.py took 0.492 seconds
[2023-04-08T08:07:18.190+0000] {processor.py:153} INFO - Started process (PID=48642) to work on /home/airflow/.local/lib/python3.7/site-packages/airflow/example_dags/example_python_operator.py
[2023-04-08T08:07:18.204+0000] {processor.py:743} INFO - Processing file /home/airflow/.local/lib/python3.7/site-packages/airflow/example_dags/example_python_operator.py for tasks to queue
[2023-04-08T08:07:18.225+0000] {logging_mixin.py:137} INFO - [2023-04-08T08:07:18.222+0000] {dagbag.py:532} INFO - Filling up the DagBag from /home/airflow/.local/lib/python3.7/site-packages/airflow/example_dags/example_python_operator.py
[2023-04-08T08:07:18.373+0000] {logging_mixin.py:137} INFO - [2023-04-08T08:07:18.373+0000] {taskmixin.py:211} WARNING - Dependency <Task(_PythonDecoratedOperator): print_the_context>, log_sql_query already registered for DAG: example_python_operator
[2023-04-08T08:07:18.377+0000] {logging_mixin.py:137} INFO - [2023-04-08T08:07:18.377+0000] {taskmixin.py:211} WARNING - Dependency <Task(_PythonDecoratedOperator): log_sql_query>, print_the_context already registered for DAG: example_python_operator
[2023-04-08T08:07:18.390+0000] {logging_mixin.py:137} INFO - [2023-04-08T08:07:18.390+0000] {taskmixin.py:211} WARNING - Dependency <Task(_PythonDecoratedOperator): print_the_context>, log_sql_query already registered for DAG: example_python_operator
[2023-04-08T08:07:18.401+0000] {logging_mixin.py:137} INFO - [2023-04-08T08:07:18.400+0000] {taskmixin.py:211} WARNING - Dependency <Task(_PythonDecoratedOperator): log_sql_query>, print_the_context already registered for DAG: example_python_operator
[2023-04-08T08:07:18.420+0000] {logging_mixin.py:137} INFO - [2023-04-08T08:07:18.419+0000] {taskmixin.py:211} WARNING - Dependency <Task(_PythonDecoratedOperator): print_the_context>, log_sql_query already registered for DAG: example_python_operator
[2023-04-08T08:07:18.426+0000] {logging_mixin.py:137} INFO - [2023-04-08T08:07:18.424+0000] {taskmixin.py:211} WARNING - Dependency <Task(_PythonDecoratedOperator): log_sql_query>, print_the_context already registered for DAG: example_python_operator
[2023-04-08T08:07:18.436+0000] {logging_mixin.py:137} INFO - [2023-04-08T08:07:18.435+0000] {taskmixin.py:211} WARNING - Dependency <Task(_PythonDecoratedOperator): print_the_context>, log_sql_query already registered for DAG: example_python_operator
[2023-04-08T08:07:18.444+0000] {logging_mixin.py:137} INFO - [2023-04-08T08:07:18.443+0000] {taskmixin.py:211} WARNING - Dependency <Task(_PythonDecoratedOperator): log_sql_query>, print_the_context already registered for DAG: example_python_operator
[2023-04-08T08:07:18.464+0000] {processor.py:753} INFO - DAG(s) dict_keys(['example_python_operator']) retrieved from /home/airflow/.local/lib/python3.7/site-packages/airflow/example_dags/example_python_operator.py
[2023-04-08T08:07:18.614+0000] {logging_mixin.py:137} INFO - [2023-04-08T08:07:18.614+0000] {dag.py:2705} INFO - Sync 1 DAGs
[2023-04-08T08:07:18.781+0000] {logging_mixin.py:137} INFO - [2023-04-08T08:07:18.781+0000] {dag.py:3456} INFO - Setting next_dagrun for example_python_operator to None, run_after=None
[2023-04-08T08:07:18.973+0000] {processor.py:175} INFO - Processing /home/airflow/.local/lib/python3.7/site-packages/airflow/example_dags/example_python_operator.py took 0.801 seconds
[2023-04-08T08:07:57.043+0000] {processor.py:153} INFO - Started process (PID=48699) to work on /home/airflow/.local/lib/python3.7/site-packages/airflow/example_dags/example_python_operator.py
[2023-04-08T08:07:57.052+0000] {processor.py:743} INFO - Processing file /home/airflow/.local/lib/python3.7/site-packages/airflow/example_dags/example_python_operator.py for tasks to queue
[2023-04-08T08:07:57.057+0000] {logging_mixin.py:137} INFO - [2023-04-08T08:07:57.056+0000] {dagbag.py:532} INFO - Filling up the DagBag from /home/airflow/.local/lib/python3.7/site-packages/airflow/example_dags/example_python_operator.py
[2023-04-08T09:04:01.550+0000] {logging_mixin.py:137} INFO - [2023-04-08T09:03:57.760+0000] {timeout.py:68} ERROR - Process timed out, PID: 48699
[2023-04-08T09:04:02.865+0000] {logging_mixin.py:137} INFO - [2023-04-08T09:04:01.925+0000] {dagbag.py:341} ERROR - Failed to import: /home/airflow/.local/lib/python3.7/site-packages/airflow/example_dags/example_python_operator.py
Traceback (most recent call last):
  File "/home/airflow/.local/lib/python3.7/site-packages/airflow/models/dagbag.py", line 337, in parse
    loader.exec_module(new_module)
  File "<frozen importlib._bootstrap_external>", line 728, in exec_module
  File "<frozen importlib._bootstrap>", line 219, in _call_with_frames_removed
  File "/home/airflow/.local/lib/python3.7/site-packages/airflow/example_dags/example_python_operator.py", line 34, in <module>
    from airflow.decorators import task
  File "/home/airflow/.local/lib/python3.7/site-packages/airflow/decorators/__init__.py", line 21, in <module>
    from airflow.decorators.base import TaskDecorator
  File "/home/airflow/.local/lib/python3.7/site-packages/airflow/decorators/base.py", line 155, in <module>
    class DecoratedOperator(BaseOperator):
  File "/home/airflow/.local/lib/python3.7/site-packages/airflow/models/baseoperator.py", line 421, in __new__
    new_cls.__init__ = cls._apply_defaults(new_cls.__init__)
  File "/home/airflow/.local/lib/python3.7/site-packages/airflow/models/baseoperator.py", line 332, in _apply_defaults
    sig_cache = signature(func)
  File "/usr/local/lib/python3.7/inspect.py", line 3081, in signature
    def signature(obj, *, follow_wrapped=True):
  File "/home/airflow/.local/lib/python3.7/site-packages/airflow/utils/timeout.py", line 69, in handle_timeout
    raise AirflowTaskTimeout(self.error_message)
airflow.exceptions.AirflowTaskTimeout: DagBag import timeout for /home/airflow/.local/lib/python3.7/site-packages/airflow/example_dags/example_python_operator.py after 30.0s.
Please take a look at these docs to improve your DAG import time:
* https://airflow.apache.org/docs/apache-airflow/2.5.3/best-practices.html#top-level-python-code
* https://airflow.apache.org/docs/apache-airflow/2.5.3/best-practices.html#reducing-dag-complexity, PID: 48699
[2023-04-08T09:04:03.556+0000] {processor.py:755} WARNING - No viable dags retrieved from /home/airflow/.local/lib/python3.7/site-packages/airflow/example_dags/example_python_operator.py
[2023-04-08T09:04:11.209+0000] {processor.py:175} INFO - Processing /home/airflow/.local/lib/python3.7/site-packages/airflow/example_dags/example_python_operator.py took 3373.480 seconds
[2023-04-08T09:07:26.607+0000] {processor.py:153} INFO - Started process (PID=48759) to work on /home/airflow/.local/lib/python3.7/site-packages/airflow/example_dags/example_python_operator.py
[2023-04-08T09:07:26.706+0000] {processor.py:743} INFO - Processing file /home/airflow/.local/lib/python3.7/site-packages/airflow/example_dags/example_python_operator.py for tasks to queue
[2023-04-08T09:07:26.723+0000] {logging_mixin.py:137} INFO - [2023-04-08T09:07:26.721+0000] {dagbag.py:532} INFO - Filling up the DagBag from /home/airflow/.local/lib/python3.7/site-packages/airflow/example_dags/example_python_operator.py
[2023-04-08T09:07:27.749+0000] {logging_mixin.py:137} INFO - [2023-04-08T09:07:27.746+0000] {taskmixin.py:211} WARNING - Dependency <Task(_PythonDecoratedOperator): print_the_context>, log_sql_query already registered for DAG: example_python_operator
[2023-04-08T09:07:27.768+0000] {logging_mixin.py:137} INFO - [2023-04-08T09:07:27.767+0000] {taskmixin.py:211} WARNING - Dependency <Task(_PythonDecoratedOperator): log_sql_query>, print_the_context already registered for DAG: example_python_operator
[2023-04-08T09:07:27.936+0000] {logging_mixin.py:137} INFO - [2023-04-08T09:07:27.901+0000] {taskmixin.py:211} WARNING - Dependency <Task(_PythonDecoratedOperator): print_the_context>, log_sql_query already registered for DAG: example_python_operator
[2023-04-08T09:07:27.971+0000] {logging_mixin.py:137} INFO - [2023-04-08T09:07:27.969+0000] {taskmixin.py:211} WARNING - Dependency <Task(_PythonDecoratedOperator): log_sql_query>, print_the_context already registered for DAG: example_python_operator
[2023-04-08T09:07:28.094+0000] {logging_mixin.py:137} INFO - [2023-04-08T09:07:28.093+0000] {taskmixin.py:211} WARNING - Dependency <Task(_PythonDecoratedOperator): print_the_context>, log_sql_query already registered for DAG: example_python_operator
[2023-04-08T09:07:28.148+0000] {logging_mixin.py:137} INFO - [2023-04-08T09:07:28.129+0000] {taskmixin.py:211} WARNING - Dependency <Task(_PythonDecoratedOperator): log_sql_query>, print_the_context already registered for DAG: example_python_operator
[2023-04-08T09:07:28.241+0000] {logging_mixin.py:137} INFO - [2023-04-08T09:07:28.240+0000] {taskmixin.py:211} WARNING - Dependency <Task(_PythonDecoratedOperator): print_the_context>, log_sql_query already registered for DAG: example_python_operator
[2023-04-08T09:07:28.265+0000] {logging_mixin.py:137} INFO - [2023-04-08T09:07:28.259+0000] {taskmixin.py:211} WARNING - Dependency <Task(_PythonDecoratedOperator): log_sql_query>, print_the_context already registered for DAG: example_python_operator
[2023-04-08T09:07:28.664+0000] {processor.py:753} INFO - DAG(s) dict_keys(['example_python_operator']) retrieved from /home/airflow/.local/lib/python3.7/site-packages/airflow/example_dags/example_python_operator.py
[2023-04-08T09:07:39.509+0000] {logging_mixin.py:137} INFO - [2023-04-08T09:07:39.487+0000] {dag.py:2705} INFO - Sync 1 DAGs
[2023-04-08T09:07:41.379+0000] {logging_mixin.py:137} INFO - [2023-04-08T09:07:41.361+0000] {dag.py:3456} INFO - Setting next_dagrun for example_python_operator to None, run_after=None
[2023-04-08T09:07:42.907+0000] {processor.py:175} INFO - Processing /home/airflow/.local/lib/python3.7/site-packages/airflow/example_dags/example_python_operator.py took 16.957 seconds
[2023-04-08T10:09:43.845+0000] {processor.py:153} INFO - Started process (PID=48829) to work on /home/airflow/.local/lib/python3.7/site-packages/airflow/example_dags/example_python_operator.py
[2023-04-08T10:09:43.885+0000] {processor.py:743} INFO - Processing file /home/airflow/.local/lib/python3.7/site-packages/airflow/example_dags/example_python_operator.py for tasks to queue
[2023-04-08T10:09:43.893+0000] {logging_mixin.py:137} INFO - [2023-04-08T10:09:43.892+0000] {dagbag.py:532} INFO - Filling up the DagBag from /home/airflow/.local/lib/python3.7/site-packages/airflow/example_dags/example_python_operator.py
[2023-04-08T10:09:44.111+0000] {logging_mixin.py:137} INFO - [2023-04-08T10:09:44.109+0000] {taskmixin.py:211} WARNING - Dependency <Task(_PythonDecoratedOperator): print_the_context>, log_sql_query already registered for DAG: example_python_operator
[2023-04-08T10:09:44.118+0000] {logging_mixin.py:137} INFO - [2023-04-08T10:09:44.118+0000] {taskmixin.py:211} WARNING - Dependency <Task(_PythonDecoratedOperator): log_sql_query>, print_the_context already registered for DAG: example_python_operator
[2023-04-08T10:09:44.127+0000] {logging_mixin.py:137} INFO - [2023-04-08T10:09:44.126+0000] {taskmixin.py:211} WARNING - Dependency <Task(_PythonDecoratedOperator): print_the_context>, log_sql_query already registered for DAG: example_python_operator
[2023-04-08T10:09:44.135+0000] {logging_mixin.py:137} INFO - [2023-04-08T10:09:44.134+0000] {taskmixin.py:211} WARNING - Dependency <Task(_PythonDecoratedOperator): log_sql_query>, print_the_context already registered for DAG: example_python_operator
[2023-04-08T10:09:44.141+0000] {logging_mixin.py:137} INFO - [2023-04-08T10:09:44.140+0000] {taskmixin.py:211} WARNING - Dependency <Task(_PythonDecoratedOperator): print_the_context>, log_sql_query already registered for DAG: example_python_operator
[2023-04-08T10:09:44.147+0000] {logging_mixin.py:137} INFO - [2023-04-08T10:09:44.145+0000] {taskmixin.py:211} WARNING - Dependency <Task(_PythonDecoratedOperator): log_sql_query>, print_the_context already registered for DAG: example_python_operator
[2023-04-08T10:09:44.196+0000] {logging_mixin.py:137} INFO - [2023-04-08T10:09:44.195+0000] {taskmixin.py:211} WARNING - Dependency <Task(_PythonDecoratedOperator): print_the_context>, log_sql_query already registered for DAG: example_python_operator
[2023-04-08T10:09:44.205+0000] {logging_mixin.py:137} INFO - [2023-04-08T10:09:44.205+0000] {taskmixin.py:211} WARNING - Dependency <Task(_PythonDecoratedOperator): log_sql_query>, print_the_context already registered for DAG: example_python_operator
[2023-04-08T10:09:44.223+0000] {processor.py:753} INFO - DAG(s) dict_keys(['example_python_operator']) retrieved from /home/airflow/.local/lib/python3.7/site-packages/airflow/example_dags/example_python_operator.py
[2023-04-08T10:09:44.540+0000] {logging_mixin.py:137} INFO - [2023-04-08T10:09:44.539+0000] {dag.py:2705} INFO - Sync 1 DAGs
[2023-04-08T10:09:44.720+0000] {logging_mixin.py:137} INFO - [2023-04-08T10:09:44.720+0000] {dag.py:3456} INFO - Setting next_dagrun for example_python_operator to None, run_after=None
[2023-04-08T10:09:44.844+0000] {processor.py:175} INFO - Processing /home/airflow/.local/lib/python3.7/site-packages/airflow/example_dags/example_python_operator.py took 1.037 seconds
[2023-04-08T10:10:15.541+0000] {processor.py:153} INFO - Started process (PID=48879) to work on /home/airflow/.local/lib/python3.7/site-packages/airflow/example_dags/example_python_operator.py
[2023-04-08T10:10:15.546+0000] {processor.py:743} INFO - Processing file /home/airflow/.local/lib/python3.7/site-packages/airflow/example_dags/example_python_operator.py for tasks to queue
[2023-04-08T10:10:15.550+0000] {logging_mixin.py:137} INFO - [2023-04-08T10:10:15.549+0000] {dagbag.py:532} INFO - Filling up the DagBag from /home/airflow/.local/lib/python3.7/site-packages/airflow/example_dags/example_python_operator.py
[2023-04-08T10:10:15.803+0000] {logging_mixin.py:137} INFO - [2023-04-08T10:10:15.799+0000] {taskmixin.py:211} WARNING - Dependency <Task(_PythonDecoratedOperator): print_the_context>, log_sql_query already registered for DAG: example_python_operator
[2023-04-08T10:10:15.806+0000] {logging_mixin.py:137} INFO - [2023-04-08T10:10:15.806+0000] {taskmixin.py:211} WARNING - Dependency <Task(_PythonDecoratedOperator): log_sql_query>, print_the_context already registered for DAG: example_python_operator
[2023-04-08T10:10:15.817+0000] {logging_mixin.py:137} INFO - [2023-04-08T10:10:15.815+0000] {taskmixin.py:211} WARNING - Dependency <Task(_PythonDecoratedOperator): print_the_context>, log_sql_query already registered for DAG: example_python_operator
[2023-04-08T10:10:15.822+0000] {logging_mixin.py:137} INFO - [2023-04-08T10:10:15.821+0000] {taskmixin.py:211} WARNING - Dependency <Task(_PythonDecoratedOperator): log_sql_query>, print_the_context already registered for DAG: example_python_operator
[2023-04-08T10:10:15.826+0000] {logging_mixin.py:137} INFO - [2023-04-08T10:10:15.825+0000] {taskmixin.py:211} WARNING - Dependency <Task(_PythonDecoratedOperator): print_the_context>, log_sql_query already registered for DAG: example_python_operator
[2023-04-08T10:10:15.828+0000] {logging_mixin.py:137} INFO - [2023-04-08T10:10:15.828+0000] {taskmixin.py:211} WARNING - Dependency <Task(_PythonDecoratedOperator): log_sql_query>, print_the_context already registered for DAG: example_python_operator
[2023-04-08T10:10:15.834+0000] {logging_mixin.py:137} INFO - [2023-04-08T10:10:15.833+0000] {taskmixin.py:211} WARNING - Dependency <Task(_PythonDecoratedOperator): print_the_context>, log_sql_query already registered for DAG: example_python_operator
[2023-04-08T10:10:15.841+0000] {logging_mixin.py:137} INFO - [2023-04-08T10:10:15.840+0000] {taskmixin.py:211} WARNING - Dependency <Task(_PythonDecoratedOperator): log_sql_query>, print_the_context already registered for DAG: example_python_operator
[2023-04-08T10:10:15.863+0000] {processor.py:753} INFO - DAG(s) dict_keys(['example_python_operator']) retrieved from /home/airflow/.local/lib/python3.7/site-packages/airflow/example_dags/example_python_operator.py
[2023-04-08T10:10:16.145+0000] {logging_mixin.py:137} INFO - [2023-04-08T10:10:16.144+0000] {dag.py:2705} INFO - Sync 1 DAGs
[2023-04-08T10:10:16.363+0000] {logging_mixin.py:137} INFO - [2023-04-08T10:10:16.362+0000] {dag.py:3456} INFO - Setting next_dagrun for example_python_operator to None, run_after=None
[2023-04-08T10:10:16.539+0000] {processor.py:175} INFO - Processing /home/airflow/.local/lib/python3.7/site-packages/airflow/example_dags/example_python_operator.py took 1.022 seconds
[2023-04-08T10:10:46.892+0000] {processor.py:153} INFO - Started process (PID=48936) to work on /home/airflow/.local/lib/python3.7/site-packages/airflow/example_dags/example_python_operator.py
[2023-04-08T10:10:46.911+0000] {processor.py:743} INFO - Processing file /home/airflow/.local/lib/python3.7/site-packages/airflow/example_dags/example_python_operator.py for tasks to queue
[2023-04-08T10:10:46.922+0000] {logging_mixin.py:137} INFO - [2023-04-08T10:10:46.921+0000] {dagbag.py:532} INFO - Filling up the DagBag from /home/airflow/.local/lib/python3.7/site-packages/airflow/example_dags/example_python_operator.py
[2023-04-08T10:10:47.275+0000] {logging_mixin.py:137} INFO - [2023-04-08T10:10:47.275+0000] {taskmixin.py:211} WARNING - Dependency <Task(_PythonDecoratedOperator): print_the_context>, log_sql_query already registered for DAG: example_python_operator
[2023-04-08T10:10:47.312+0000] {logging_mixin.py:137} INFO - [2023-04-08T10:10:47.311+0000] {taskmixin.py:211} WARNING - Dependency <Task(_PythonDecoratedOperator): log_sql_query>, print_the_context already registered for DAG: example_python_operator
[2023-04-08T10:10:47.350+0000] {logging_mixin.py:137} INFO - [2023-04-08T10:10:47.350+0000] {taskmixin.py:211} WARNING - Dependency <Task(_PythonDecoratedOperator): print_the_context>, log_sql_query already registered for DAG: example_python_operator
[2023-04-08T10:10:47.383+0000] {logging_mixin.py:137} INFO - [2023-04-08T10:10:47.382+0000] {taskmixin.py:211} WARNING - Dependency <Task(_PythonDecoratedOperator): log_sql_query>, print_the_context already registered for DAG: example_python_operator
[2023-04-08T10:10:47.406+0000] {logging_mixin.py:137} INFO - [2023-04-08T10:10:47.405+0000] {taskmixin.py:211} WARNING - Dependency <Task(_PythonDecoratedOperator): print_the_context>, log_sql_query already registered for DAG: example_python_operator
[2023-04-08T10:10:47.418+0000] {logging_mixin.py:137} INFO - [2023-04-08T10:10:47.417+0000] {taskmixin.py:211} WARNING - Dependency <Task(_PythonDecoratedOperator): log_sql_query>, print_the_context already registered for DAG: example_python_operator
[2023-04-08T10:10:47.426+0000] {logging_mixin.py:137} INFO - [2023-04-08T10:10:47.426+0000] {taskmixin.py:211} WARNING - Dependency <Task(_PythonDecoratedOperator): print_the_context>, log_sql_query already registered for DAG: example_python_operator
[2023-04-08T10:10:47.435+0000] {logging_mixin.py:137} INFO - [2023-04-08T10:10:47.435+0000] {taskmixin.py:211} WARNING - Dependency <Task(_PythonDecoratedOperator): log_sql_query>, print_the_context already registered for DAG: example_python_operator
[2023-04-08T10:10:47.492+0000] {processor.py:753} INFO - DAG(s) dict_keys(['example_python_operator']) retrieved from /home/airflow/.local/lib/python3.7/site-packages/airflow/example_dags/example_python_operator.py
[2023-04-08T10:10:47.830+0000] {logging_mixin.py:137} INFO - [2023-04-08T10:10:47.830+0000] {dag.py:2705} INFO - Sync 1 DAGs
[2023-04-08T10:10:48.037+0000] {logging_mixin.py:137} INFO - [2023-04-08T10:10:48.036+0000] {dag.py:3456} INFO - Setting next_dagrun for example_python_operator to None, run_after=None
[2023-04-08T10:10:48.177+0000] {processor.py:175} INFO - Processing /home/airflow/.local/lib/python3.7/site-packages/airflow/example_dags/example_python_operator.py took 1.329 seconds
[2023-04-08T10:11:32.143+0000] {processor.py:153} INFO - Started process (PID=48987) to work on /home/airflow/.local/lib/python3.7/site-packages/airflow/example_dags/example_python_operator.py
[2023-04-08T10:11:32.172+0000] {processor.py:743} INFO - Processing file /home/airflow/.local/lib/python3.7/site-packages/airflow/example_dags/example_python_operator.py for tasks to queue
[2023-04-08T10:11:32.190+0000] {logging_mixin.py:137} INFO - [2023-04-08T10:11:32.188+0000] {dagbag.py:532} INFO - Filling up the DagBag from /home/airflow/.local/lib/python3.7/site-packages/airflow/example_dags/example_python_operator.py
[2023-04-08T10:11:32.534+0000] {logging_mixin.py:137} INFO - [2023-04-08T10:11:32.533+0000] {taskmixin.py:211} WARNING - Dependency <Task(_PythonDecoratedOperator): print_the_context>, log_sql_query already registered for DAG: example_python_operator
[2023-04-08T10:11:32.540+0000] {logging_mixin.py:137} INFO - [2023-04-08T10:11:32.539+0000] {taskmixin.py:211} WARNING - Dependency <Task(_PythonDecoratedOperator): log_sql_query>, print_the_context already registered for DAG: example_python_operator
[2023-04-08T10:11:32.560+0000] {logging_mixin.py:137} INFO - [2023-04-08T10:11:32.559+0000] {taskmixin.py:211} WARNING - Dependency <Task(_PythonDecoratedOperator): print_the_context>, log_sql_query already registered for DAG: example_python_operator
[2023-04-08T10:11:32.580+0000] {logging_mixin.py:137} INFO - [2023-04-08T10:11:32.579+0000] {taskmixin.py:211} WARNING - Dependency <Task(_PythonDecoratedOperator): log_sql_query>, print_the_context already registered for DAG: example_python_operator
[2023-04-08T10:11:32.586+0000] {logging_mixin.py:137} INFO - [2023-04-08T10:11:32.585+0000] {taskmixin.py:211} WARNING - Dependency <Task(_PythonDecoratedOperator): print_the_context>, log_sql_query already registered for DAG: example_python_operator
[2023-04-08T10:11:32.596+0000] {logging_mixin.py:137} INFO - [2023-04-08T10:11:32.591+0000] {taskmixin.py:211} WARNING - Dependency <Task(_PythonDecoratedOperator): log_sql_query>, print_the_context already registered for DAG: example_python_operator
[2023-04-08T10:11:32.605+0000] {logging_mixin.py:137} INFO - [2023-04-08T10:11:32.604+0000] {taskmixin.py:211} WARNING - Dependency <Task(_PythonDecoratedOperator): print_the_context>, log_sql_query already registered for DAG: example_python_operator
[2023-04-08T10:11:32.610+0000] {logging_mixin.py:137} INFO - [2023-04-08T10:11:32.609+0000] {taskmixin.py:211} WARNING - Dependency <Task(_PythonDecoratedOperator): log_sql_query>, print_the_context already registered for DAG: example_python_operator
[2023-04-08T10:11:32.632+0000] {processor.py:753} INFO - DAG(s) dict_keys(['example_python_operator']) retrieved from /home/airflow/.local/lib/python3.7/site-packages/airflow/example_dags/example_python_operator.py
[2023-04-08T10:11:34.022+0000] {logging_mixin.py:137} INFO - [2023-04-08T10:11:34.021+0000] {dag.py:2705} INFO - Sync 1 DAGs
[2023-04-08T10:11:34.608+0000] {logging_mixin.py:137} INFO - [2023-04-08T10:11:34.601+0000] {dag.py:3456} INFO - Setting next_dagrun for example_python_operator to None, run_after=None
[2023-04-08T10:11:34.843+0000] {processor.py:175} INFO - Processing /home/airflow/.local/lib/python3.7/site-packages/airflow/example_dags/example_python_operator.py took 2.788 seconds
[2023-04-08T10:12:12.975+0000] {processor.py:153} INFO - Started process (PID=49045) to work on /home/airflow/.local/lib/python3.7/site-packages/airflow/example_dags/example_python_operator.py
[2023-04-08T10:12:12.981+0000] {processor.py:743} INFO - Processing file /home/airflow/.local/lib/python3.7/site-packages/airflow/example_dags/example_python_operator.py for tasks to queue
[2023-04-08T10:12:12.991+0000] {logging_mixin.py:137} INFO - [2023-04-08T10:12:12.990+0000] {dagbag.py:532} INFO - Filling up the DagBag from /home/airflow/.local/lib/python3.7/site-packages/airflow/example_dags/example_python_operator.py
[2023-04-08T10:12:13.115+0000] {logging_mixin.py:137} INFO - [2023-04-08T10:12:13.114+0000] {taskmixin.py:211} WARNING - Dependency <Task(_PythonDecoratedOperator): print_the_context>, log_sql_query already registered for DAG: example_python_operator
[2023-04-08T10:12:13.131+0000] {logging_mixin.py:137} INFO - [2023-04-08T10:12:13.124+0000] {taskmixin.py:211} WARNING - Dependency <Task(_PythonDecoratedOperator): log_sql_query>, print_the_context already registered for DAG: example_python_operator
[2023-04-08T10:12:13.155+0000] {logging_mixin.py:137} INFO - [2023-04-08T10:12:13.155+0000] {taskmixin.py:211} WARNING - Dependency <Task(_PythonDecoratedOperator): print_the_context>, log_sql_query already registered for DAG: example_python_operator
[2023-04-08T10:12:13.158+0000] {logging_mixin.py:137} INFO - [2023-04-08T10:12:13.158+0000] {taskmixin.py:211} WARNING - Dependency <Task(_PythonDecoratedOperator): log_sql_query>, print_the_context already registered for DAG: example_python_operator
[2023-04-08T10:12:13.161+0000] {logging_mixin.py:137} INFO - [2023-04-08T10:12:13.161+0000] {taskmixin.py:211} WARNING - Dependency <Task(_PythonDecoratedOperator): print_the_context>, log_sql_query already registered for DAG: example_python_operator
[2023-04-08T10:12:13.165+0000] {logging_mixin.py:137} INFO - [2023-04-08T10:12:13.165+0000] {taskmixin.py:211} WARNING - Dependency <Task(_PythonDecoratedOperator): log_sql_query>, print_the_context already registered for DAG: example_python_operator
[2023-04-08T10:12:13.169+0000] {logging_mixin.py:137} INFO - [2023-04-08T10:12:13.168+0000] {taskmixin.py:211} WARNING - Dependency <Task(_PythonDecoratedOperator): print_the_context>, log_sql_query already registered for DAG: example_python_operator
[2023-04-08T10:12:13.178+0000] {logging_mixin.py:137} INFO - [2023-04-08T10:12:13.175+0000] {taskmixin.py:211} WARNING - Dependency <Task(_PythonDecoratedOperator): log_sql_query>, print_the_context already registered for DAG: example_python_operator
[2023-04-08T10:12:13.214+0000] {processor.py:753} INFO - DAG(s) dict_keys(['example_python_operator']) retrieved from /home/airflow/.local/lib/python3.7/site-packages/airflow/example_dags/example_python_operator.py
[2023-04-08T10:12:13.423+0000] {logging_mixin.py:137} INFO - [2023-04-08T10:12:13.412+0000] {dag.py:2705} INFO - Sync 1 DAGs
[2023-04-08T10:12:13.654+0000] {logging_mixin.py:137} INFO - [2023-04-08T10:12:13.653+0000] {dag.py:3456} INFO - Setting next_dagrun for example_python_operator to None, run_after=None
[2023-04-08T10:12:13.812+0000] {processor.py:175} INFO - Processing /home/airflow/.local/lib/python3.7/site-packages/airflow/example_dags/example_python_operator.py took 0.855 seconds
[2023-04-08T10:12:46.237+0000] {processor.py:153} INFO - Started process (PID=49087) to work on /home/airflow/.local/lib/python3.7/site-packages/airflow/example_dags/example_python_operator.py
[2023-04-08T10:12:46.247+0000] {processor.py:743} INFO - Processing file /home/airflow/.local/lib/python3.7/site-packages/airflow/example_dags/example_python_operator.py for tasks to queue
[2023-04-08T10:12:46.251+0000] {logging_mixin.py:137} INFO - [2023-04-08T10:12:46.250+0000] {dagbag.py:532} INFO - Filling up the DagBag from /home/airflow/.local/lib/python3.7/site-packages/airflow/example_dags/example_python_operator.py
[2023-04-08T10:12:46.382+0000] {logging_mixin.py:137} INFO - [2023-04-08T10:12:46.380+0000] {taskmixin.py:211} WARNING - Dependency <Task(_PythonDecoratedOperator): print_the_context>, log_sql_query already registered for DAG: example_python_operator
[2023-04-08T10:12:46.397+0000] {logging_mixin.py:137} INFO - [2023-04-08T10:12:46.393+0000] {taskmixin.py:211} WARNING - Dependency <Task(_PythonDecoratedOperator): log_sql_query>, print_the_context already registered for DAG: example_python_operator
[2023-04-08T10:12:46.458+0000] {logging_mixin.py:137} INFO - [2023-04-08T10:12:46.426+0000] {taskmixin.py:211} WARNING - Dependency <Task(_PythonDecoratedOperator): print_the_context>, log_sql_query already registered for DAG: example_python_operator
[2023-04-08T10:12:46.463+0000] {logging_mixin.py:137} INFO - [2023-04-08T10:12:46.462+0000] {taskmixin.py:211} WARNING - Dependency <Task(_PythonDecoratedOperator): log_sql_query>, print_the_context already registered for DAG: example_python_operator
[2023-04-08T10:12:46.473+0000] {logging_mixin.py:137} INFO - [2023-04-08T10:12:46.472+0000] {taskmixin.py:211} WARNING - Dependency <Task(_PythonDecoratedOperator): print_the_context>, log_sql_query already registered for DAG: example_python_operator
[2023-04-08T10:12:46.479+0000] {logging_mixin.py:137} INFO - [2023-04-08T10:12:46.479+0000] {taskmixin.py:211} WARNING - Dependency <Task(_PythonDecoratedOperator): log_sql_query>, print_the_context already registered for DAG: example_python_operator
[2023-04-08T10:12:46.485+0000] {logging_mixin.py:137} INFO - [2023-04-08T10:12:46.485+0000] {taskmixin.py:211} WARNING - Dependency <Task(_PythonDecoratedOperator): print_the_context>, log_sql_query already registered for DAG: example_python_operator
[2023-04-08T10:12:46.489+0000] {logging_mixin.py:137} INFO - [2023-04-08T10:12:46.488+0000] {taskmixin.py:211} WARNING - Dependency <Task(_PythonDecoratedOperator): log_sql_query>, print_the_context already registered for DAG: example_python_operator
[2023-04-08T10:12:46.513+0000] {processor.py:753} INFO - DAG(s) dict_keys(['example_python_operator']) retrieved from /home/airflow/.local/lib/python3.7/site-packages/airflow/example_dags/example_python_operator.py
[2023-04-08T10:12:47.019+0000] {logging_mixin.py:137} INFO - [2023-04-08T10:12:47.014+0000] {dag.py:2705} INFO - Sync 1 DAGs
[2023-04-08T10:12:47.522+0000] {logging_mixin.py:137} INFO - [2023-04-08T10:12:47.506+0000] {dag.py:3456} INFO - Setting next_dagrun for example_python_operator to None, run_after=None
[2023-04-08T10:12:48.247+0000] {processor.py:175} INFO - Processing /home/airflow/.local/lib/python3.7/site-packages/airflow/example_dags/example_python_operator.py took 2.029 seconds
[2023-04-08T10:13:38.832+0000] {processor.py:153} INFO - Started process (PID=49134) to work on /home/airflow/.local/lib/python3.7/site-packages/airflow/example_dags/example_python_operator.py
[2023-04-08T10:13:38.846+0000] {processor.py:743} INFO - Processing file /home/airflow/.local/lib/python3.7/site-packages/airflow/example_dags/example_python_operator.py for tasks to queue
[2023-04-08T10:13:38.864+0000] {logging_mixin.py:137} INFO - [2023-04-08T10:13:38.863+0000] {dagbag.py:532} INFO - Filling up the DagBag from /home/airflow/.local/lib/python3.7/site-packages/airflow/example_dags/example_python_operator.py
[2023-04-08T10:13:39.136+0000] {logging_mixin.py:137} INFO - [2023-04-08T10:13:39.135+0000] {taskmixin.py:211} WARNING - Dependency <Task(_PythonDecoratedOperator): print_the_context>, log_sql_query already registered for DAG: example_python_operator
[2023-04-08T10:13:39.141+0000] {logging_mixin.py:137} INFO - [2023-04-08T10:13:39.140+0000] {taskmixin.py:211} WARNING - Dependency <Task(_PythonDecoratedOperator): log_sql_query>, print_the_context already registered for DAG: example_python_operator
[2023-04-08T10:13:39.149+0000] {logging_mixin.py:137} INFO - [2023-04-08T10:13:39.148+0000] {taskmixin.py:211} WARNING - Dependency <Task(_PythonDecoratedOperator): print_the_context>, log_sql_query already registered for DAG: example_python_operator
[2023-04-08T10:13:39.153+0000] {logging_mixin.py:137} INFO - [2023-04-08T10:13:39.152+0000] {taskmixin.py:211} WARNING - Dependency <Task(_PythonDecoratedOperator): log_sql_query>, print_the_context already registered for DAG: example_python_operator
[2023-04-08T10:13:39.160+0000] {logging_mixin.py:137} INFO - [2023-04-08T10:13:39.160+0000] {taskmixin.py:211} WARNING - Dependency <Task(_PythonDecoratedOperator): print_the_context>, log_sql_query already registered for DAG: example_python_operator
[2023-04-08T10:13:39.166+0000] {logging_mixin.py:137} INFO - [2023-04-08T10:13:39.162+0000] {taskmixin.py:211} WARNING - Dependency <Task(_PythonDecoratedOperator): log_sql_query>, print_the_context already registered for DAG: example_python_operator
[2023-04-08T10:13:39.192+0000] {logging_mixin.py:137} INFO - [2023-04-08T10:13:39.192+0000] {taskmixin.py:211} WARNING - Dependency <Task(_PythonDecoratedOperator): print_the_context>, log_sql_query already registered for DAG: example_python_operator
[2023-04-08T10:13:39.196+0000] {logging_mixin.py:137} INFO - [2023-04-08T10:13:39.195+0000] {taskmixin.py:211} WARNING - Dependency <Task(_PythonDecoratedOperator): log_sql_query>, print_the_context already registered for DAG: example_python_operator
[2023-04-08T10:13:39.208+0000] {processor.py:753} INFO - DAG(s) dict_keys(['example_python_operator']) retrieved from /home/airflow/.local/lib/python3.7/site-packages/airflow/example_dags/example_python_operator.py
[2023-04-08T10:13:39.335+0000] {logging_mixin.py:137} INFO - [2023-04-08T10:13:39.334+0000] {dag.py:2705} INFO - Sync 1 DAGs
[2023-04-08T10:13:39.498+0000] {logging_mixin.py:137} INFO - [2023-04-08T10:13:39.497+0000] {dag.py:3456} INFO - Setting next_dagrun for example_python_operator to None, run_after=None
[2023-04-08T10:13:39.612+0000] {processor.py:175} INFO - Processing /home/airflow/.local/lib/python3.7/site-packages/airflow/example_dags/example_python_operator.py took 0.835 seconds
[2023-04-08T10:14:14.771+0000] {processor.py:153} INFO - Started process (PID=49186) to work on /home/airflow/.local/lib/python3.7/site-packages/airflow/example_dags/example_python_operator.py
[2023-04-08T10:14:14.803+0000] {processor.py:743} INFO - Processing file /home/airflow/.local/lib/python3.7/site-packages/airflow/example_dags/example_python_operator.py for tasks to queue
[2023-04-08T10:14:14.809+0000] {logging_mixin.py:137} INFO - [2023-04-08T10:14:14.808+0000] {dagbag.py:532} INFO - Filling up the DagBag from /home/airflow/.local/lib/python3.7/site-packages/airflow/example_dags/example_python_operator.py
[2023-04-08T10:14:15.181+0000] {logging_mixin.py:137} INFO - [2023-04-08T10:14:15.180+0000] {taskmixin.py:211} WARNING - Dependency <Task(_PythonDecoratedOperator): print_the_context>, log_sql_query already registered for DAG: example_python_operator
[2023-04-08T10:14:15.194+0000] {logging_mixin.py:137} INFO - [2023-04-08T10:14:15.194+0000] {taskmixin.py:211} WARNING - Dependency <Task(_PythonDecoratedOperator): log_sql_query>, print_the_context already registered for DAG: example_python_operator
[2023-04-08T10:14:15.202+0000] {logging_mixin.py:137} INFO - [2023-04-08T10:14:15.201+0000] {taskmixin.py:211} WARNING - Dependency <Task(_PythonDecoratedOperator): print_the_context>, log_sql_query already registered for DAG: example_python_operator
[2023-04-08T10:14:15.205+0000] {logging_mixin.py:137} INFO - [2023-04-08T10:14:15.204+0000] {taskmixin.py:211} WARNING - Dependency <Task(_PythonDecoratedOperator): log_sql_query>, print_the_context already registered for DAG: example_python_operator
[2023-04-08T10:14:15.209+0000] {logging_mixin.py:137} INFO - [2023-04-08T10:14:15.209+0000] {taskmixin.py:211} WARNING - Dependency <Task(_PythonDecoratedOperator): print_the_context>, log_sql_query already registered for DAG: example_python_operator
[2023-04-08T10:14:15.212+0000] {logging_mixin.py:137} INFO - [2023-04-08T10:14:15.211+0000] {taskmixin.py:211} WARNING - Dependency <Task(_PythonDecoratedOperator): log_sql_query>, print_the_context already registered for DAG: example_python_operator
[2023-04-08T10:14:15.218+0000] {logging_mixin.py:137} INFO - [2023-04-08T10:14:15.217+0000] {taskmixin.py:211} WARNING - Dependency <Task(_PythonDecoratedOperator): print_the_context>, log_sql_query already registered for DAG: example_python_operator
[2023-04-08T10:14:15.222+0000] {logging_mixin.py:137} INFO - [2023-04-08T10:14:15.221+0000] {taskmixin.py:211} WARNING - Dependency <Task(_PythonDecoratedOperator): log_sql_query>, print_the_context already registered for DAG: example_python_operator
[2023-04-08T10:14:15.240+0000] {processor.py:753} INFO - DAG(s) dict_keys(['example_python_operator']) retrieved from /home/airflow/.local/lib/python3.7/site-packages/airflow/example_dags/example_python_operator.py
[2023-04-08T10:14:15.499+0000] {logging_mixin.py:137} INFO - [2023-04-08T10:14:15.498+0000] {dag.py:2705} INFO - Sync 1 DAGs
[2023-04-08T10:14:15.846+0000] {logging_mixin.py:137} INFO - [2023-04-08T10:14:15.816+0000] {dag.py:3456} INFO - Setting next_dagrun for example_python_operator to None, run_after=None
[2023-04-08T10:14:16.025+0000] {processor.py:175} INFO - Processing /home/airflow/.local/lib/python3.7/site-packages/airflow/example_dags/example_python_operator.py took 1.276 seconds
[2023-04-08T10:15:05.515+0000] {processor.py:153} INFO - Started process (PID=49239) to work on /home/airflow/.local/lib/python3.7/site-packages/airflow/example_dags/example_python_operator.py
[2023-04-08T10:15:05.560+0000] {processor.py:743} INFO - Processing file /home/airflow/.local/lib/python3.7/site-packages/airflow/example_dags/example_python_operator.py for tasks to queue
[2023-04-08T10:15:05.591+0000] {logging_mixin.py:137} INFO - [2023-04-08T10:15:05.590+0000] {dagbag.py:532} INFO - Filling up the DagBag from /home/airflow/.local/lib/python3.7/site-packages/airflow/example_dags/example_python_operator.py
[2023-04-08T10:15:05.848+0000] {logging_mixin.py:137} INFO - [2023-04-08T10:15:05.846+0000] {taskmixin.py:211} WARNING - Dependency <Task(_PythonDecoratedOperator): print_the_context>, log_sql_query already registered for DAG: example_python_operator
[2023-04-08T10:15:05.852+0000] {logging_mixin.py:137} INFO - [2023-04-08T10:15:05.851+0000] {taskmixin.py:211} WARNING - Dependency <Task(_PythonDecoratedOperator): log_sql_query>, print_the_context already registered for DAG: example_python_operator
[2023-04-08T10:15:05.864+0000] {logging_mixin.py:137} INFO - [2023-04-08T10:15:05.862+0000] {taskmixin.py:211} WARNING - Dependency <Task(_PythonDecoratedOperator): print_the_context>, log_sql_query already registered for DAG: example_python_operator
[2023-04-08T10:15:05.873+0000] {logging_mixin.py:137} INFO - [2023-04-08T10:15:05.871+0000] {taskmixin.py:211} WARNING - Dependency <Task(_PythonDecoratedOperator): log_sql_query>, print_the_context already registered for DAG: example_python_operator
[2023-04-08T10:15:05.887+0000] {logging_mixin.py:137} INFO - [2023-04-08T10:15:05.886+0000] {taskmixin.py:211} WARNING - Dependency <Task(_PythonDecoratedOperator): print_the_context>, log_sql_query already registered for DAG: example_python_operator
[2023-04-08T10:15:05.892+0000] {logging_mixin.py:137} INFO - [2023-04-08T10:15:05.890+0000] {taskmixin.py:211} WARNING - Dependency <Task(_PythonDecoratedOperator): log_sql_query>, print_the_context already registered for DAG: example_python_operator
[2023-04-08T10:15:05.905+0000] {logging_mixin.py:137} INFO - [2023-04-08T10:15:05.903+0000] {taskmixin.py:211} WARNING - Dependency <Task(_PythonDecoratedOperator): print_the_context>, log_sql_query already registered for DAG: example_python_operator
[2023-04-08T10:15:05.909+0000] {logging_mixin.py:137} INFO - [2023-04-08T10:15:05.909+0000] {taskmixin.py:211} WARNING - Dependency <Task(_PythonDecoratedOperator): log_sql_query>, print_the_context already registered for DAG: example_python_operator
[2023-04-08T10:15:05.946+0000] {processor.py:753} INFO - DAG(s) dict_keys(['example_python_operator']) retrieved from /home/airflow/.local/lib/python3.7/site-packages/airflow/example_dags/example_python_operator.py
[2023-04-08T10:15:06.603+0000] {logging_mixin.py:137} INFO - [2023-04-08T10:15:06.532+0000] {dag.py:2705} INFO - Sync 1 DAGs
[2023-04-08T10:15:07.140+0000] {logging_mixin.py:137} INFO - [2023-04-08T10:15:07.127+0000] {dag.py:3456} INFO - Setting next_dagrun for example_python_operator to None, run_after=None
[2023-04-08T10:15:07.731+0000] {processor.py:175} INFO - Processing /home/airflow/.local/lib/python3.7/site-packages/airflow/example_dags/example_python_operator.py took 2.260 seconds
[2023-04-08T10:15:42.632+0000] {processor.py:153} INFO - Started process (PID=49290) to work on /home/airflow/.local/lib/python3.7/site-packages/airflow/example_dags/example_python_operator.py
[2023-04-08T10:15:42.638+0000] {processor.py:743} INFO - Processing file /home/airflow/.local/lib/python3.7/site-packages/airflow/example_dags/example_python_operator.py for tasks to queue
[2023-04-08T10:15:42.644+0000] {logging_mixin.py:137} INFO - [2023-04-08T10:15:42.643+0000] {dagbag.py:532} INFO - Filling up the DagBag from /home/airflow/.local/lib/python3.7/site-packages/airflow/example_dags/example_python_operator.py
[2023-04-08T10:15:42.930+0000] {logging_mixin.py:137} INFO - [2023-04-08T10:15:42.929+0000] {taskmixin.py:211} WARNING - Dependency <Task(_PythonDecoratedOperator): print_the_context>, log_sql_query already registered for DAG: example_python_operator
[2023-04-08T10:15:42.945+0000] {logging_mixin.py:137} INFO - [2023-04-08T10:15:42.945+0000] {taskmixin.py:211} WARNING - Dependency <Task(_PythonDecoratedOperator): log_sql_query>, print_the_context already registered for DAG: example_python_operator
[2023-04-08T10:15:42.954+0000] {logging_mixin.py:137} INFO - [2023-04-08T10:15:42.954+0000] {taskmixin.py:211} WARNING - Dependency <Task(_PythonDecoratedOperator): print_the_context>, log_sql_query already registered for DAG: example_python_operator
[2023-04-08T10:15:42.959+0000] {logging_mixin.py:137} INFO - [2023-04-08T10:15:42.958+0000] {taskmixin.py:211} WARNING - Dependency <Task(_PythonDecoratedOperator): log_sql_query>, print_the_context already registered for DAG: example_python_operator
[2023-04-08T10:15:42.975+0000] {logging_mixin.py:137} INFO - [2023-04-08T10:15:42.975+0000] {taskmixin.py:211} WARNING - Dependency <Task(_PythonDecoratedOperator): print_the_context>, log_sql_query already registered for DAG: example_python_operator
[2023-04-08T10:15:43.000+0000] {logging_mixin.py:137} INFO - [2023-04-08T10:15:42.988+0000] {taskmixin.py:211} WARNING - Dependency <Task(_PythonDecoratedOperator): log_sql_query>, print_the_context already registered for DAG: example_python_operator
[2023-04-08T10:15:43.038+0000] {logging_mixin.py:137} INFO - [2023-04-08T10:15:43.032+0000] {taskmixin.py:211} WARNING - Dependency <Task(_PythonDecoratedOperator): print_the_context>, log_sql_query already registered for DAG: example_python_operator
[2023-04-08T10:15:43.075+0000] {logging_mixin.py:137} INFO - [2023-04-08T10:15:43.074+0000] {taskmixin.py:211} WARNING - Dependency <Task(_PythonDecoratedOperator): log_sql_query>, print_the_context already registered for DAG: example_python_operator
[2023-04-08T10:15:43.111+0000] {processor.py:753} INFO - DAG(s) dict_keys(['example_python_operator']) retrieved from /home/airflow/.local/lib/python3.7/site-packages/airflow/example_dags/example_python_operator.py
[2023-04-08T10:15:43.396+0000] {logging_mixin.py:137} INFO - [2023-04-08T10:15:43.394+0000] {dag.py:2705} INFO - Sync 1 DAGs
[2023-04-08T10:15:43.969+0000] {logging_mixin.py:137} INFO - [2023-04-08T10:15:43.968+0000] {dag.py:3456} INFO - Setting next_dagrun for example_python_operator to None, run_after=None
[2023-04-08T10:15:44.153+0000] {processor.py:175} INFO - Processing /home/airflow/.local/lib/python3.7/site-packages/airflow/example_dags/example_python_operator.py took 1.573 seconds
[2023-04-08T10:16:14.469+0000] {processor.py:153} INFO - Started process (PID=49341) to work on /home/airflow/.local/lib/python3.7/site-packages/airflow/example_dags/example_python_operator.py
[2023-04-08T10:16:14.476+0000] {processor.py:743} INFO - Processing file /home/airflow/.local/lib/python3.7/site-packages/airflow/example_dags/example_python_operator.py for tasks to queue
[2023-04-08T10:16:14.483+0000] {logging_mixin.py:137} INFO - [2023-04-08T10:16:14.483+0000] {dagbag.py:532} INFO - Filling up the DagBag from /home/airflow/.local/lib/python3.7/site-packages/airflow/example_dags/example_python_operator.py
[2023-04-08T10:16:14.538+0000] {logging_mixin.py:137} INFO - [2023-04-08T10:16:14.538+0000] {taskmixin.py:211} WARNING - Dependency <Task(_PythonDecoratedOperator): print_the_context>, log_sql_query already registered for DAG: example_python_operator
[2023-04-08T10:16:14.542+0000] {logging_mixin.py:137} INFO - [2023-04-08T10:16:14.541+0000] {taskmixin.py:211} WARNING - Dependency <Task(_PythonDecoratedOperator): log_sql_query>, print_the_context already registered for DAG: example_python_operator
[2023-04-08T10:16:14.548+0000] {logging_mixin.py:137} INFO - [2023-04-08T10:16:14.547+0000] {taskmixin.py:211} WARNING - Dependency <Task(_PythonDecoratedOperator): print_the_context>, log_sql_query already registered for DAG: example_python_operator
[2023-04-08T10:16:14.551+0000] {logging_mixin.py:137} INFO - [2023-04-08T10:16:14.550+0000] {taskmixin.py:211} WARNING - Dependency <Task(_PythonDecoratedOperator): log_sql_query>, print_the_context already registered for DAG: example_python_operator
[2023-04-08T10:16:14.578+0000] {logging_mixin.py:137} INFO - [2023-04-08T10:16:14.577+0000] {taskmixin.py:211} WARNING - Dependency <Task(_PythonDecoratedOperator): print_the_context>, log_sql_query already registered for DAG: example_python_operator
[2023-04-08T10:16:14.597+0000] {logging_mixin.py:137} INFO - [2023-04-08T10:16:14.596+0000] {taskmixin.py:211} WARNING - Dependency <Task(_PythonDecoratedOperator): log_sql_query>, print_the_context already registered for DAG: example_python_operator
[2023-04-08T10:16:14.625+0000] {logging_mixin.py:137} INFO - [2023-04-08T10:16:14.623+0000] {taskmixin.py:211} WARNING - Dependency <Task(_PythonDecoratedOperator): print_the_context>, log_sql_query already registered for DAG: example_python_operator
[2023-04-08T10:16:14.629+0000] {logging_mixin.py:137} INFO - [2023-04-08T10:16:14.628+0000] {taskmixin.py:211} WARNING - Dependency <Task(_PythonDecoratedOperator): log_sql_query>, print_the_context already registered for DAG: example_python_operator
[2023-04-08T10:16:14.670+0000] {processor.py:753} INFO - DAG(s) dict_keys(['example_python_operator']) retrieved from /home/airflow/.local/lib/python3.7/site-packages/airflow/example_dags/example_python_operator.py
[2023-04-08T10:16:14.983+0000] {logging_mixin.py:137} INFO - [2023-04-08T10:16:14.981+0000] {dag.py:2705} INFO - Sync 1 DAGs
[2023-04-08T10:16:15.303+0000] {logging_mixin.py:137} INFO - [2023-04-08T10:16:15.303+0000] {dag.py:3456} INFO - Setting next_dagrun for example_python_operator to None, run_after=None
[2023-04-08T10:16:15.537+0000] {processor.py:175} INFO - Processing /home/airflow/.local/lib/python3.7/site-packages/airflow/example_dags/example_python_operator.py took 1.076 seconds
[2023-04-08T10:16:45.912+0000] {processor.py:153} INFO - Started process (PID=49408) to work on /home/airflow/.local/lib/python3.7/site-packages/airflow/example_dags/example_python_operator.py
[2023-04-08T10:16:45.916+0000] {processor.py:743} INFO - Processing file /home/airflow/.local/lib/python3.7/site-packages/airflow/example_dags/example_python_operator.py for tasks to queue
[2023-04-08T10:16:45.922+0000] {logging_mixin.py:137} INFO - [2023-04-08T10:16:45.921+0000] {dagbag.py:532} INFO - Filling up the DagBag from /home/airflow/.local/lib/python3.7/site-packages/airflow/example_dags/example_python_operator.py
[2023-04-08T10:16:45.968+0000] {logging_mixin.py:137} INFO - [2023-04-08T10:16:45.968+0000] {taskmixin.py:211} WARNING - Dependency <Task(_PythonDecoratedOperator): print_the_context>, log_sql_query already registered for DAG: example_python_operator
[2023-04-08T10:16:45.970+0000] {logging_mixin.py:137} INFO - [2023-04-08T10:16:45.970+0000] {taskmixin.py:211} WARNING - Dependency <Task(_PythonDecoratedOperator): log_sql_query>, print_the_context already registered for DAG: example_python_operator
[2023-04-08T10:16:45.974+0000] {logging_mixin.py:137} INFO - [2023-04-08T10:16:45.974+0000] {taskmixin.py:211} WARNING - Dependency <Task(_PythonDecoratedOperator): print_the_context>, log_sql_query already registered for DAG: example_python_operator
[2023-04-08T10:16:45.977+0000] {logging_mixin.py:137} INFO - [2023-04-08T10:16:45.977+0000] {taskmixin.py:211} WARNING - Dependency <Task(_PythonDecoratedOperator): log_sql_query>, print_the_context already registered for DAG: example_python_operator
[2023-04-08T10:16:45.981+0000] {logging_mixin.py:137} INFO - [2023-04-08T10:16:45.980+0000] {taskmixin.py:211} WARNING - Dependency <Task(_PythonDecoratedOperator): print_the_context>, log_sql_query already registered for DAG: example_python_operator
[2023-04-08T10:16:45.994+0000] {logging_mixin.py:137} INFO - [2023-04-08T10:16:45.994+0000] {taskmixin.py:211} WARNING - Dependency <Task(_PythonDecoratedOperator): log_sql_query>, print_the_context already registered for DAG: example_python_operator
[2023-04-08T10:16:46.001+0000] {logging_mixin.py:137} INFO - [2023-04-08T10:16:46.000+0000] {taskmixin.py:211} WARNING - Dependency <Task(_PythonDecoratedOperator): print_the_context>, log_sql_query already registered for DAG: example_python_operator
[2023-04-08T10:16:46.006+0000] {logging_mixin.py:137} INFO - [2023-04-08T10:16:46.005+0000] {taskmixin.py:211} WARNING - Dependency <Task(_PythonDecoratedOperator): log_sql_query>, print_the_context already registered for DAG: example_python_operator
[2023-04-08T10:16:46.015+0000] {processor.py:753} INFO - DAG(s) dict_keys(['example_python_operator']) retrieved from /home/airflow/.local/lib/python3.7/site-packages/airflow/example_dags/example_python_operator.py
[2023-04-08T10:16:46.107+0000] {logging_mixin.py:137} INFO - [2023-04-08T10:16:46.106+0000] {dag.py:2705} INFO - Sync 1 DAGs
[2023-04-08T10:16:46.169+0000] {logging_mixin.py:137} INFO - [2023-04-08T10:16:46.168+0000] {dag.py:3456} INFO - Setting next_dagrun for example_python_operator to None, run_after=None
[2023-04-08T10:16:46.214+0000] {processor.py:175} INFO - Processing /home/airflow/.local/lib/python3.7/site-packages/airflow/example_dags/example_python_operator.py took 0.317 seconds
[2023-04-08T10:17:16.656+0000] {processor.py:153} INFO - Started process (PID=49458) to work on /home/airflow/.local/lib/python3.7/site-packages/airflow/example_dags/example_python_operator.py
[2023-04-08T10:17:16.658+0000] {processor.py:743} INFO - Processing file /home/airflow/.local/lib/python3.7/site-packages/airflow/example_dags/example_python_operator.py for tasks to queue
[2023-04-08T10:17:16.660+0000] {logging_mixin.py:137} INFO - [2023-04-08T10:17:16.660+0000] {dagbag.py:532} INFO - Filling up the DagBag from /home/airflow/.local/lib/python3.7/site-packages/airflow/example_dags/example_python_operator.py
[2023-04-08T10:17:16.688+0000] {logging_mixin.py:137} INFO - [2023-04-08T10:17:16.688+0000] {taskmixin.py:211} WARNING - Dependency <Task(_PythonDecoratedOperator): print_the_context>, log_sql_query already registered for DAG: example_python_operator
[2023-04-08T10:17:16.690+0000] {logging_mixin.py:137} INFO - [2023-04-08T10:17:16.690+0000] {taskmixin.py:211} WARNING - Dependency <Task(_PythonDecoratedOperator): log_sql_query>, print_the_context already registered for DAG: example_python_operator
[2023-04-08T10:17:16.692+0000] {logging_mixin.py:137} INFO - [2023-04-08T10:17:16.692+0000] {taskmixin.py:211} WARNING - Dependency <Task(_PythonDecoratedOperator): print_the_context>, log_sql_query already registered for DAG: example_python_operator
[2023-04-08T10:17:16.693+0000] {logging_mixin.py:137} INFO - [2023-04-08T10:17:16.693+0000] {taskmixin.py:211} WARNING - Dependency <Task(_PythonDecoratedOperator): log_sql_query>, print_the_context already registered for DAG: example_python_operator
[2023-04-08T10:17:16.696+0000] {logging_mixin.py:137} INFO - [2023-04-08T10:17:16.696+0000] {taskmixin.py:211} WARNING - Dependency <Task(_PythonDecoratedOperator): print_the_context>, log_sql_query already registered for DAG: example_python_operator
[2023-04-08T10:17:16.697+0000] {logging_mixin.py:137} INFO - [2023-04-08T10:17:16.697+0000] {taskmixin.py:211} WARNING - Dependency <Task(_PythonDecoratedOperator): log_sql_query>, print_the_context already registered for DAG: example_python_operator
[2023-04-08T10:17:16.699+0000] {logging_mixin.py:137} INFO - [2023-04-08T10:17:16.699+0000] {taskmixin.py:211} WARNING - Dependency <Task(_PythonDecoratedOperator): print_the_context>, log_sql_query already registered for DAG: example_python_operator
[2023-04-08T10:17:16.700+0000] {logging_mixin.py:137} INFO - [2023-04-08T10:17:16.700+0000] {taskmixin.py:211} WARNING - Dependency <Task(_PythonDecoratedOperator): log_sql_query>, print_the_context already registered for DAG: example_python_operator
[2023-04-08T10:17:16.705+0000] {processor.py:753} INFO - DAG(s) dict_keys(['example_python_operator']) retrieved from /home/airflow/.local/lib/python3.7/site-packages/airflow/example_dags/example_python_operator.py
[2023-04-08T10:17:16.752+0000] {logging_mixin.py:137} INFO - [2023-04-08T10:17:16.752+0000] {dag.py:2705} INFO - Sync 1 DAGs
[2023-04-08T10:17:16.795+0000] {logging_mixin.py:137} INFO - [2023-04-08T10:17:16.795+0000] {dag.py:3456} INFO - Setting next_dagrun for example_python_operator to None, run_after=None
[2023-04-08T10:17:16.826+0000] {processor.py:175} INFO - Processing /home/airflow/.local/lib/python3.7/site-packages/airflow/example_dags/example_python_operator.py took 0.176 seconds
[2023-04-08T10:17:46.923+0000] {processor.py:153} INFO - Started process (PID=49509) to work on /home/airflow/.local/lib/python3.7/site-packages/airflow/example_dags/example_python_operator.py
[2023-04-08T10:17:46.926+0000] {processor.py:743} INFO - Processing file /home/airflow/.local/lib/python3.7/site-packages/airflow/example_dags/example_python_operator.py for tasks to queue
[2023-04-08T10:17:46.928+0000] {logging_mixin.py:137} INFO - [2023-04-08T10:17:46.928+0000] {dagbag.py:532} INFO - Filling up the DagBag from /home/airflow/.local/lib/python3.7/site-packages/airflow/example_dags/example_python_operator.py
[2023-04-08T10:17:46.962+0000] {logging_mixin.py:137} INFO - [2023-04-08T10:17:46.962+0000] {taskmixin.py:211} WARNING - Dependency <Task(_PythonDecoratedOperator): print_the_context>, log_sql_query already registered for DAG: example_python_operator
[2023-04-08T10:17:46.964+0000] {logging_mixin.py:137} INFO - [2023-04-08T10:17:46.964+0000] {taskmixin.py:211} WARNING - Dependency <Task(_PythonDecoratedOperator): log_sql_query>, print_the_context already registered for DAG: example_python_operator
[2023-04-08T10:17:46.966+0000] {logging_mixin.py:137} INFO - [2023-04-08T10:17:46.966+0000] {taskmixin.py:211} WARNING - Dependency <Task(_PythonDecoratedOperator): print_the_context>, log_sql_query already registered for DAG: example_python_operator
[2023-04-08T10:17:46.968+0000] {logging_mixin.py:137} INFO - [2023-04-08T10:17:46.968+0000] {taskmixin.py:211} WARNING - Dependency <Task(_PythonDecoratedOperator): log_sql_query>, print_the_context already registered for DAG: example_python_operator
[2023-04-08T10:17:46.970+0000] {logging_mixin.py:137} INFO - [2023-04-08T10:17:46.970+0000] {taskmixin.py:211} WARNING - Dependency <Task(_PythonDecoratedOperator): print_the_context>, log_sql_query already registered for DAG: example_python_operator
[2023-04-08T10:17:46.972+0000] {logging_mixin.py:137} INFO - [2023-04-08T10:17:46.971+0000] {taskmixin.py:211} WARNING - Dependency <Task(_PythonDecoratedOperator): log_sql_query>, print_the_context already registered for DAG: example_python_operator
[2023-04-08T10:17:46.974+0000] {logging_mixin.py:137} INFO - [2023-04-08T10:17:46.974+0000] {taskmixin.py:211} WARNING - Dependency <Task(_PythonDecoratedOperator): print_the_context>, log_sql_query already registered for DAG: example_python_operator
[2023-04-08T10:17:46.975+0000] {logging_mixin.py:137} INFO - [2023-04-08T10:17:46.975+0000] {taskmixin.py:211} WARNING - Dependency <Task(_PythonDecoratedOperator): log_sql_query>, print_the_context already registered for DAG: example_python_operator
[2023-04-08T10:17:46.980+0000] {processor.py:753} INFO - DAG(s) dict_keys(['example_python_operator']) retrieved from /home/airflow/.local/lib/python3.7/site-packages/airflow/example_dags/example_python_operator.py
[2023-04-08T10:17:47.028+0000] {logging_mixin.py:137} INFO - [2023-04-08T10:17:47.028+0000] {dag.py:2705} INFO - Sync 1 DAGs
[2023-04-08T10:17:47.068+0000] {logging_mixin.py:137} INFO - [2023-04-08T10:17:47.068+0000] {dag.py:3456} INFO - Setting next_dagrun for example_python_operator to None, run_after=None
[2023-04-08T10:17:47.101+0000] {processor.py:175} INFO - Processing /home/airflow/.local/lib/python3.7/site-packages/airflow/example_dags/example_python_operator.py took 0.185 seconds
[2023-04-08T10:18:17.294+0000] {processor.py:153} INFO - Started process (PID=49560) to work on /home/airflow/.local/lib/python3.7/site-packages/airflow/example_dags/example_python_operator.py
[2023-04-08T10:18:17.296+0000] {processor.py:743} INFO - Processing file /home/airflow/.local/lib/python3.7/site-packages/airflow/example_dags/example_python_operator.py for tasks to queue
[2023-04-08T10:18:17.299+0000] {logging_mixin.py:137} INFO - [2023-04-08T10:18:17.299+0000] {dagbag.py:532} INFO - Filling up the DagBag from /home/airflow/.local/lib/python3.7/site-packages/airflow/example_dags/example_python_operator.py
[2023-04-08T10:18:17.332+0000] {logging_mixin.py:137} INFO - [2023-04-08T10:18:17.332+0000] {taskmixin.py:211} WARNING - Dependency <Task(_PythonDecoratedOperator): print_the_context>, log_sql_query already registered for DAG: example_python_operator
[2023-04-08T10:18:17.333+0000] {logging_mixin.py:137} INFO - [2023-04-08T10:18:17.333+0000] {taskmixin.py:211} WARNING - Dependency <Task(_PythonDecoratedOperator): log_sql_query>, print_the_context already registered for DAG: example_python_operator
[2023-04-08T10:18:17.336+0000] {logging_mixin.py:137} INFO - [2023-04-08T10:18:17.336+0000] {taskmixin.py:211} WARNING - Dependency <Task(_PythonDecoratedOperator): print_the_context>, log_sql_query already registered for DAG: example_python_operator
[2023-04-08T10:18:17.338+0000] {logging_mixin.py:137} INFO - [2023-04-08T10:18:17.337+0000] {taskmixin.py:211} WARNING - Dependency <Task(_PythonDecoratedOperator): log_sql_query>, print_the_context already registered for DAG: example_python_operator
[2023-04-08T10:18:17.341+0000] {logging_mixin.py:137} INFO - [2023-04-08T10:18:17.340+0000] {taskmixin.py:211} WARNING - Dependency <Task(_PythonDecoratedOperator): print_the_context>, log_sql_query already registered for DAG: example_python_operator
[2023-04-08T10:18:17.343+0000] {logging_mixin.py:137} INFO - [2023-04-08T10:18:17.343+0000] {taskmixin.py:211} WARNING - Dependency <Task(_PythonDecoratedOperator): log_sql_query>, print_the_context already registered for DAG: example_python_operator
[2023-04-08T10:18:17.346+0000] {logging_mixin.py:137} INFO - [2023-04-08T10:18:17.345+0000] {taskmixin.py:211} WARNING - Dependency <Task(_PythonDecoratedOperator): print_the_context>, log_sql_query already registered for DAG: example_python_operator
[2023-04-08T10:18:17.347+0000] {logging_mixin.py:137} INFO - [2023-04-08T10:18:17.347+0000] {taskmixin.py:211} WARNING - Dependency <Task(_PythonDecoratedOperator): log_sql_query>, print_the_context already registered for DAG: example_python_operator
[2023-04-08T10:18:17.353+0000] {processor.py:753} INFO - DAG(s) dict_keys(['example_python_operator']) retrieved from /home/airflow/.local/lib/python3.7/site-packages/airflow/example_dags/example_python_operator.py
[2023-04-08T10:18:17.395+0000] {logging_mixin.py:137} INFO - [2023-04-08T10:18:17.394+0000] {dag.py:2705} INFO - Sync 1 DAGs
[2023-04-08T10:18:17.430+0000] {logging_mixin.py:137} INFO - [2023-04-08T10:18:17.430+0000] {dag.py:3456} INFO - Setting next_dagrun for example_python_operator to None, run_after=None
[2023-04-08T10:18:17.461+0000] {processor.py:175} INFO - Processing /home/airflow/.local/lib/python3.7/site-packages/airflow/example_dags/example_python_operator.py took 0.176 seconds
