[2023-04-08T07:06:48.580+0000] {processor.py:153} INFO - Started process (PID=48359) to work on /home/airflow/.local/lib/python3.7/site-packages/airflow/example_dags/example_subdag_operator.py
[2023-04-08T07:06:48.601+0000] {processor.py:743} INFO - Processing file /home/airflow/.local/lib/python3.7/site-packages/airflow/example_dags/example_subdag_operator.py for tasks to queue
[2023-04-08T07:06:48.617+0000] {logging_mixin.py:137} INFO - [2023-04-08T07:06:48.613+0000] {dagbag.py:532} INFO - Filling up the DagBag from /home/airflow/.local/lib/python3.7/site-packages/airflow/example_dags/example_subdag_operator.py
[2023-04-08T07:06:48.951+0000] {processor.py:753} INFO - DAG(s) dict_keys(['example_subdag_operator.section-1', 'example_subdag_operator.section-2', 'example_subdag_operator']) retrieved from /home/airflow/.local/lib/python3.7/site-packages/airflow/example_dags/example_subdag_operator.py
[2023-04-08T07:06:49.212+0000] {logging_mixin.py:137} INFO - [2023-04-08T07:06:49.212+0000] {dag.py:2705} INFO - Sync 3 DAGs
[2023-04-08T07:06:49.704+0000] {logging_mixin.py:137} INFO - [2023-04-08T07:06:49.703+0000] {dag.py:3456} INFO - Setting next_dagrun for example_subdag_operator to 2022-01-01T00:00:00+00:00, run_after=2022-01-01T00:00:00+00:00
[2023-04-08T07:06:49.866+0000] {logging_mixin.py:137} INFO - [2023-04-08T07:06:49.864+0000] {dag.py:3456} INFO - Setting next_dagrun for example_subdag_operator.section-1 to None, run_after=None
[2023-04-08T07:06:49.885+0000] {logging_mixin.py:137} INFO - [2023-04-08T07:06:49.884+0000] {dag.py:3456} INFO - Setting next_dagrun for example_subdag_operator.section-2 to None, run_after=None
[2023-04-08T07:06:49.949+0000] {logging_mixin.py:137} INFO - [2023-04-08T07:06:49.949+0000] {dag.py:2705} INFO - Sync 2 DAGs
[2023-04-08T07:06:50.064+0000] {logging_mixin.py:137} INFO - [2023-04-08T07:06:50.063+0000] {dag.py:3456} INFO - Setting next_dagrun for example_subdag_operator.section-1 to None, run_after=None
[2023-04-08T07:06:50.071+0000] {logging_mixin.py:137} INFO - [2023-04-08T07:06:50.070+0000] {dag.py:3456} INFO - Setting next_dagrun for example_subdag_operator.section-2 to None, run_after=None
[2023-04-08T07:06:50.190+0000] {processor.py:175} INFO - Processing /home/airflow/.local/lib/python3.7/site-packages/airflow/example_dags/example_subdag_operator.py took 1.631 seconds
[2023-04-08T07:07:30.139+0000] {processor.py:153} INFO - Started process (PID=48410) to work on /home/airflow/.local/lib/python3.7/site-packages/airflow/example_dags/example_subdag_operator.py
[2023-04-08T07:07:30.151+0000] {processor.py:743} INFO - Processing file /home/airflow/.local/lib/python3.7/site-packages/airflow/example_dags/example_subdag_operator.py for tasks to queue
[2023-04-08T07:07:30.179+0000] {logging_mixin.py:137} INFO - [2023-04-08T07:07:30.178+0000] {dagbag.py:532} INFO - Filling up the DagBag from /home/airflow/.local/lib/python3.7/site-packages/airflow/example_dags/example_subdag_operator.py
[2023-04-08T07:07:30.878+0000] {processor.py:753} INFO - DAG(s) dict_keys(['example_subdag_operator.section-1', 'example_subdag_operator.section-2', 'example_subdag_operator']) retrieved from /home/airflow/.local/lib/python3.7/site-packages/airflow/example_dags/example_subdag_operator.py
[2023-04-08T07:07:31.527+0000] {logging_mixin.py:137} INFO - [2023-04-08T07:07:31.526+0000] {dag.py:2705} INFO - Sync 3 DAGs
[2023-04-08T07:07:31.943+0000] {logging_mixin.py:137} INFO - [2023-04-08T07:07:31.942+0000] {dag.py:3456} INFO - Setting next_dagrun for example_subdag_operator to 2022-01-01T00:00:00+00:00, run_after=2022-01-01T00:00:00+00:00
[2023-04-08T07:07:32.117+0000] {logging_mixin.py:137} INFO - [2023-04-08T07:07:32.117+0000] {dag.py:3456} INFO - Setting next_dagrun for example_subdag_operator.section-1 to None, run_after=None
[2023-04-08T07:07:32.129+0000] {logging_mixin.py:137} INFO - [2023-04-08T07:07:32.128+0000] {dag.py:3456} INFO - Setting next_dagrun for example_subdag_operator.section-2 to None, run_after=None
[2023-04-08T07:07:32.173+0000] {logging_mixin.py:137} INFO - [2023-04-08T07:07:32.173+0000] {dag.py:2705} INFO - Sync 2 DAGs
[2023-04-08T07:07:32.283+0000] {logging_mixin.py:137} INFO - [2023-04-08T07:07:32.282+0000] {dag.py:3456} INFO - Setting next_dagrun for example_subdag_operator.section-1 to None, run_after=None
[2023-04-08T07:07:32.304+0000] {logging_mixin.py:137} INFO - [2023-04-08T07:07:32.304+0000] {dag.py:3456} INFO - Setting next_dagrun for example_subdag_operator.section-2 to None, run_after=None
[2023-04-08T07:07:32.414+0000] {processor.py:175} INFO - Processing /home/airflow/.local/lib/python3.7/site-packages/airflow/example_dags/example_subdag_operator.py took 2.315 seconds
[2023-04-08T07:08:04.549+0000] {processor.py:153} INFO - Started process (PID=48461) to work on /home/airflow/.local/lib/python3.7/site-packages/airflow/example_dags/example_subdag_operator.py
[2023-04-08T07:08:04.558+0000] {processor.py:743} INFO - Processing file /home/airflow/.local/lib/python3.7/site-packages/airflow/example_dags/example_subdag_operator.py for tasks to queue
[2023-04-08T07:08:04.567+0000] {logging_mixin.py:137} INFO - [2023-04-08T07:08:04.565+0000] {dagbag.py:532} INFO - Filling up the DagBag from /home/airflow/.local/lib/python3.7/site-packages/airflow/example_dags/example_subdag_operator.py
[2023-04-08T07:08:04.774+0000] {processor.py:753} INFO - DAG(s) dict_keys(['example_subdag_operator.section-1', 'example_subdag_operator.section-2', 'example_subdag_operator']) retrieved from /home/airflow/.local/lib/python3.7/site-packages/airflow/example_dags/example_subdag_operator.py
[2023-04-08T07:08:04.968+0000] {logging_mixin.py:137} INFO - [2023-04-08T07:08:04.967+0000] {dag.py:2705} INFO - Sync 3 DAGs
[2023-04-08T07:08:05.185+0000] {logging_mixin.py:137} INFO - [2023-04-08T07:08:05.184+0000] {dag.py:3456} INFO - Setting next_dagrun for example_subdag_operator to 2022-01-01T00:00:00+00:00, run_after=2022-01-01T00:00:00+00:00
[2023-04-08T07:08:05.301+0000] {logging_mixin.py:137} INFO - [2023-04-08T07:08:05.300+0000] {dag.py:3456} INFO - Setting next_dagrun for example_subdag_operator.section-1 to None, run_after=None
[2023-04-08T07:08:05.321+0000] {logging_mixin.py:137} INFO - [2023-04-08T07:08:05.321+0000] {dag.py:3456} INFO - Setting next_dagrun for example_subdag_operator.section-2 to None, run_after=None
[2023-04-08T07:08:05.422+0000] {logging_mixin.py:137} INFO - [2023-04-08T07:08:05.421+0000] {dag.py:2705} INFO - Sync 2 DAGs
[2023-04-08T07:08:05.465+0000] {logging_mixin.py:137} INFO - [2023-04-08T07:08:05.464+0000] {dag.py:3456} INFO - Setting next_dagrun for example_subdag_operator.section-1 to None, run_after=None
[2023-04-08T07:08:05.471+0000] {logging_mixin.py:137} INFO - [2023-04-08T07:08:05.471+0000] {dag.py:3456} INFO - Setting next_dagrun for example_subdag_operator.section-2 to None, run_after=None
[2023-04-08T07:08:06.322+0000] {processor.py:175} INFO - Processing /home/airflow/.local/lib/python3.7/site-packages/airflow/example_dags/example_subdag_operator.py took 1.786 seconds
[2023-04-08T07:08:57.208+0000] {processor.py:153} INFO - Started process (PID=48524) to work on /home/airflow/.local/lib/python3.7/site-packages/airflow/example_dags/example_subdag_operator.py
[2023-04-08T07:08:57.219+0000] {processor.py:743} INFO - Processing file /home/airflow/.local/lib/python3.7/site-packages/airflow/example_dags/example_subdag_operator.py for tasks to queue
[2023-04-08T07:08:57.229+0000] {logging_mixin.py:137} INFO - [2023-04-08T07:08:57.228+0000] {dagbag.py:532} INFO - Filling up the DagBag from /home/airflow/.local/lib/python3.7/site-packages/airflow/example_dags/example_subdag_operator.py
[2023-04-08T07:08:57.500+0000] {processor.py:753} INFO - DAG(s) dict_keys(['example_subdag_operator.section-1', 'example_subdag_operator.section-2', 'example_subdag_operator']) retrieved from /home/airflow/.local/lib/python3.7/site-packages/airflow/example_dags/example_subdag_operator.py
[2023-04-08T07:08:57.643+0000] {logging_mixin.py:137} INFO - [2023-04-08T07:08:57.642+0000] {dag.py:2705} INFO - Sync 3 DAGs
[2023-04-08T07:08:58.098+0000] {logging_mixin.py:137} INFO - [2023-04-08T07:08:58.098+0000] {dag.py:3456} INFO - Setting next_dagrun for example_subdag_operator to 2022-01-01T00:00:00+00:00, run_after=2022-01-01T00:00:00+00:00
[2023-04-08T07:08:58.143+0000] {logging_mixin.py:137} INFO - [2023-04-08T07:08:58.143+0000] {dag.py:3456} INFO - Setting next_dagrun for example_subdag_operator.section-1 to None, run_after=None
[2023-04-08T07:08:58.161+0000] {logging_mixin.py:137} INFO - [2023-04-08T07:08:58.161+0000] {dag.py:3456} INFO - Setting next_dagrun for example_subdag_operator.section-2 to None, run_after=None
[2023-04-08T07:08:58.186+0000] {logging_mixin.py:137} INFO - [2023-04-08T07:08:58.186+0000] {dag.py:2705} INFO - Sync 2 DAGs
[2023-04-08T07:08:58.208+0000] {logging_mixin.py:137} INFO - [2023-04-08T07:08:58.208+0000] {dag.py:3456} INFO - Setting next_dagrun for example_subdag_operator.section-1 to None, run_after=None
[2023-04-08T07:08:58.217+0000] {logging_mixin.py:137} INFO - [2023-04-08T07:08:58.217+0000] {dag.py:3456} INFO - Setting next_dagrun for example_subdag_operator.section-2 to None, run_after=None
[2023-04-08T07:08:58.252+0000] {processor.py:175} INFO - Processing /home/airflow/.local/lib/python3.7/site-packages/airflow/example_dags/example_subdag_operator.py took 1.100 seconds
[2023-04-08T07:09:52.717+0000] {processor.py:153} INFO - Started process (PID=48586) to work on /home/airflow/.local/lib/python3.7/site-packages/airflow/example_dags/example_subdag_operator.py
[2023-04-08T07:09:52.821+0000] {processor.py:743} INFO - Processing file /home/airflow/.local/lib/python3.7/site-packages/airflow/example_dags/example_subdag_operator.py for tasks to queue
[2023-04-08T07:09:53.010+0000] {logging_mixin.py:137} INFO - [2023-04-08T07:09:52.970+0000] {dagbag.py:532} INFO - Filling up the DagBag from /home/airflow/.local/lib/python3.7/site-packages/airflow/example_dags/example_subdag_operator.py
[2023-04-08T07:09:54.917+0000] {processor.py:753} INFO - DAG(s) dict_keys(['example_subdag_operator.section-1', 'example_subdag_operator.section-2', 'example_subdag_operator']) retrieved from /home/airflow/.local/lib/python3.7/site-packages/airflow/example_dags/example_subdag_operator.py
[2023-04-08T07:09:55.688+0000] {logging_mixin.py:137} INFO - [2023-04-08T07:09:55.686+0000] {dag.py:2705} INFO - Sync 3 DAGs
[2023-04-08T07:09:57.212+0000] {logging_mixin.py:137} INFO - [2023-04-08T07:09:57.208+0000] {dag.py:3456} INFO - Setting next_dagrun for example_subdag_operator to 2022-01-01T00:00:00+00:00, run_after=2022-01-01T00:00:00+00:00
[2023-04-08T07:09:57.336+0000] {logging_mixin.py:137} INFO - [2023-04-08T07:09:57.335+0000] {dag.py:3456} INFO - Setting next_dagrun for example_subdag_operator.section-1 to None, run_after=None
[2023-04-08T07:09:57.439+0000] {logging_mixin.py:137} INFO - [2023-04-08T07:09:57.437+0000] {dag.py:3456} INFO - Setting next_dagrun for example_subdag_operator.section-2 to None, run_after=None
[2023-04-08T07:09:57.777+0000] {logging_mixin.py:137} INFO - [2023-04-08T07:09:57.772+0000] {dag.py:2705} INFO - Sync 2 DAGs
[2023-04-08T07:09:58.111+0000] {logging_mixin.py:137} INFO - [2023-04-08T07:09:58.110+0000] {dag.py:3456} INFO - Setting next_dagrun for example_subdag_operator.section-1 to None, run_after=None
[2023-04-08T07:09:58.181+0000] {logging_mixin.py:137} INFO - [2023-04-08T07:09:58.178+0000] {dag.py:3456} INFO - Setting next_dagrun for example_subdag_operator.section-2 to None, run_after=None
[2023-04-08T07:10:01.707+0000] {processor.py:175} INFO - Processing /home/airflow/.local/lib/python3.7/site-packages/airflow/example_dags/example_subdag_operator.py took 9.670 seconds
[2023-04-08T08:07:34.663+0000] {processor.py:153} INFO - Started process (PID=48670) to work on /home/airflow/.local/lib/python3.7/site-packages/airflow/example_dags/example_subdag_operator.py
[2023-04-08T08:07:34.672+0000] {processor.py:743} INFO - Processing file /home/airflow/.local/lib/python3.7/site-packages/airflow/example_dags/example_subdag_operator.py for tasks to queue
[2023-04-08T08:07:34.682+0000] {logging_mixin.py:137} INFO - [2023-04-08T08:07:34.681+0000] {dagbag.py:532} INFO - Filling up the DagBag from /home/airflow/.local/lib/python3.7/site-packages/airflow/example_dags/example_subdag_operator.py
[2023-04-08T08:07:34.853+0000] {processor.py:753} INFO - DAG(s) dict_keys(['example_subdag_operator.section-1', 'example_subdag_operator.section-2', 'example_subdag_operator']) retrieved from /home/airflow/.local/lib/python3.7/site-packages/airflow/example_dags/example_subdag_operator.py
[2023-04-08T08:07:35.007+0000] {logging_mixin.py:137} INFO - [2023-04-08T08:07:35.007+0000] {dag.py:2705} INFO - Sync 3 DAGs
[2023-04-08T08:07:35.234+0000] {logging_mixin.py:137} INFO - [2023-04-08T08:07:35.229+0000] {dag.py:3456} INFO - Setting next_dagrun for example_subdag_operator to 2022-01-01T00:00:00+00:00, run_after=2022-01-01T00:00:00+00:00
[2023-04-08T08:07:35.260+0000] {logging_mixin.py:137} INFO - [2023-04-08T08:07:35.260+0000] {dag.py:3456} INFO - Setting next_dagrun for example_subdag_operator.section-1 to None, run_after=None
[2023-04-08T08:07:35.301+0000] {logging_mixin.py:137} INFO - [2023-04-08T08:07:35.301+0000] {dag.py:3456} INFO - Setting next_dagrun for example_subdag_operator.section-2 to None, run_after=None
[2023-04-08T08:07:35.410+0000] {logging_mixin.py:137} INFO - [2023-04-08T08:07:35.405+0000] {dag.py:2705} INFO - Sync 2 DAGs
[2023-04-08T08:07:35.434+0000] {logging_mixin.py:137} INFO - [2023-04-08T08:07:35.434+0000] {dag.py:3456} INFO - Setting next_dagrun for example_subdag_operator.section-1 to None, run_after=None
[2023-04-08T08:07:35.441+0000] {logging_mixin.py:137} INFO - [2023-04-08T08:07:35.440+0000] {dag.py:3456} INFO - Setting next_dagrun for example_subdag_operator.section-2 to None, run_after=None
[2023-04-08T08:07:35.585+0000] {processor.py:175} INFO - Processing /home/airflow/.local/lib/python3.7/site-packages/airflow/example_dags/example_subdag_operator.py took 0.930 seconds
[2023-04-08T10:09:19.115+0000] {processor.py:153} INFO - Started process (PID=48800) to work on /home/airflow/.local/lib/python3.7/site-packages/airflow/example_dags/example_subdag_operator.py
[2023-04-08T10:09:19.127+0000] {processor.py:743} INFO - Processing file /home/airflow/.local/lib/python3.7/site-packages/airflow/example_dags/example_subdag_operator.py for tasks to queue
[2023-04-08T10:09:19.170+0000] {logging_mixin.py:137} INFO - [2023-04-08T10:09:19.169+0000] {dagbag.py:532} INFO - Filling up the DagBag from /home/airflow/.local/lib/python3.7/site-packages/airflow/example_dags/example_subdag_operator.py
[2023-04-08T10:09:19.756+0000] {processor.py:753} INFO - DAG(s) dict_keys(['example_subdag_operator.section-1', 'example_subdag_operator.section-2', 'example_subdag_operator']) retrieved from /home/airflow/.local/lib/python3.7/site-packages/airflow/example_dags/example_subdag_operator.py
[2023-04-08T10:09:20.076+0000] {logging_mixin.py:137} INFO - [2023-04-08T10:09:20.075+0000] {dag.py:2705} INFO - Sync 3 DAGs
[2023-04-08T10:09:20.439+0000] {logging_mixin.py:137} INFO - [2023-04-08T10:09:20.438+0000] {dag.py:3456} INFO - Setting next_dagrun for example_subdag_operator to 2022-01-01T00:00:00+00:00, run_after=2022-01-01T00:00:00+00:00
[2023-04-08T10:09:20.474+0000] {logging_mixin.py:137} INFO - [2023-04-08T10:09:20.474+0000] {dag.py:3456} INFO - Setting next_dagrun for example_subdag_operator.section-1 to None, run_after=None
[2023-04-08T10:09:20.486+0000] {logging_mixin.py:137} INFO - [2023-04-08T10:09:20.486+0000] {dag.py:3456} INFO - Setting next_dagrun for example_subdag_operator.section-2 to None, run_after=None
[2023-04-08T10:09:20.542+0000] {logging_mixin.py:137} INFO - [2023-04-08T10:09:20.541+0000] {dag.py:2705} INFO - Sync 2 DAGs
[2023-04-08T10:09:20.587+0000] {logging_mixin.py:137} INFO - [2023-04-08T10:09:20.587+0000] {dag.py:3456} INFO - Setting next_dagrun for example_subdag_operator.section-1 to None, run_after=None
[2023-04-08T10:09:20.594+0000] {logging_mixin.py:137} INFO - [2023-04-08T10:09:20.594+0000] {dag.py:3456} INFO - Setting next_dagrun for example_subdag_operator.section-2 to None, run_after=None
[2023-04-08T10:09:20.671+0000] {processor.py:175} INFO - Processing /home/airflow/.local/lib/python3.7/site-packages/airflow/example_dags/example_subdag_operator.py took 1.606 seconds
[2023-04-08T10:09:59.306+0000] {processor.py:153} INFO - Started process (PID=48851) to work on /home/airflow/.local/lib/python3.7/site-packages/airflow/example_dags/example_subdag_operator.py
[2023-04-08T10:09:59.312+0000] {processor.py:743} INFO - Processing file /home/airflow/.local/lib/python3.7/site-packages/airflow/example_dags/example_subdag_operator.py for tasks to queue
[2023-04-08T10:09:59.324+0000] {logging_mixin.py:137} INFO - [2023-04-08T10:09:59.323+0000] {dagbag.py:532} INFO - Filling up the DagBag from /home/airflow/.local/lib/python3.7/site-packages/airflow/example_dags/example_subdag_operator.py
[2023-04-08T10:09:59.588+0000] {processor.py:753} INFO - DAG(s) dict_keys(['example_subdag_operator.section-1', 'example_subdag_operator.section-2', 'example_subdag_operator']) retrieved from /home/airflow/.local/lib/python3.7/site-packages/airflow/example_dags/example_subdag_operator.py
[2023-04-08T10:09:59.684+0000] {logging_mixin.py:137} INFO - [2023-04-08T10:09:59.684+0000] {dag.py:2705} INFO - Sync 3 DAGs
[2023-04-08T10:09:59.967+0000] {logging_mixin.py:137} INFO - [2023-04-08T10:09:59.966+0000] {dag.py:3456} INFO - Setting next_dagrun for example_subdag_operator to 2022-01-01T00:00:00+00:00, run_after=2022-01-01T00:00:00+00:00
[2023-04-08T10:10:00.002+0000] {logging_mixin.py:137} INFO - [2023-04-08T10:10:00.001+0000] {dag.py:3456} INFO - Setting next_dagrun for example_subdag_operator.section-1 to None, run_after=None
[2023-04-08T10:10:00.041+0000] {logging_mixin.py:137} INFO - [2023-04-08T10:10:00.041+0000] {dag.py:3456} INFO - Setting next_dagrun for example_subdag_operator.section-2 to None, run_after=None
[2023-04-08T10:10:00.251+0000] {logging_mixin.py:137} INFO - [2023-04-08T10:10:00.246+0000] {dag.py:2705} INFO - Sync 2 DAGs
[2023-04-08T10:10:00.361+0000] {logging_mixin.py:137} INFO - [2023-04-08T10:10:00.357+0000] {dag.py:3456} INFO - Setting next_dagrun for example_subdag_operator.section-1 to None, run_after=None
[2023-04-08T10:10:00.387+0000] {logging_mixin.py:137} INFO - [2023-04-08T10:10:00.387+0000] {dag.py:3456} INFO - Setting next_dagrun for example_subdag_operator.section-2 to None, run_after=None
[2023-04-08T10:10:00.527+0000] {processor.py:175} INFO - Processing /home/airflow/.local/lib/python3.7/site-packages/airflow/example_dags/example_subdag_operator.py took 1.243 seconds
[2023-04-08T10:10:36.078+0000] {processor.py:153} INFO - Started process (PID=48910) to work on /home/airflow/.local/lib/python3.7/site-packages/airflow/example_dags/example_subdag_operator.py
[2023-04-08T10:10:36.084+0000] {processor.py:743} INFO - Processing file /home/airflow/.local/lib/python3.7/site-packages/airflow/example_dags/example_subdag_operator.py for tasks to queue
[2023-04-08T10:10:36.094+0000] {logging_mixin.py:137} INFO - [2023-04-08T10:10:36.094+0000] {dagbag.py:532} INFO - Filling up the DagBag from /home/airflow/.local/lib/python3.7/site-packages/airflow/example_dags/example_subdag_operator.py
[2023-04-08T10:10:36.311+0000] {processor.py:753} INFO - DAG(s) dict_keys(['example_subdag_operator.section-1', 'example_subdag_operator.section-2', 'example_subdag_operator']) retrieved from /home/airflow/.local/lib/python3.7/site-packages/airflow/example_dags/example_subdag_operator.py
[2023-04-08T10:10:36.528+0000] {logging_mixin.py:137} INFO - [2023-04-08T10:10:36.528+0000] {dag.py:2705} INFO - Sync 3 DAGs
[2023-04-08T10:10:36.689+0000] {logging_mixin.py:137} INFO - [2023-04-08T10:10:36.679+0000] {dag.py:3456} INFO - Setting next_dagrun for example_subdag_operator to 2022-01-01T00:00:00+00:00, run_after=2022-01-01T00:00:00+00:00
[2023-04-08T10:10:36.724+0000] {logging_mixin.py:137} INFO - [2023-04-08T10:10:36.724+0000] {dag.py:3456} INFO - Setting next_dagrun for example_subdag_operator.section-1 to None, run_after=None
[2023-04-08T10:10:36.739+0000] {logging_mixin.py:137} INFO - [2023-04-08T10:10:36.738+0000] {dag.py:3456} INFO - Setting next_dagrun for example_subdag_operator.section-2 to None, run_after=None
[2023-04-08T10:10:36.785+0000] {logging_mixin.py:137} INFO - [2023-04-08T10:10:36.784+0000] {dag.py:2705} INFO - Sync 2 DAGs
[2023-04-08T10:10:36.816+0000] {logging_mixin.py:137} INFO - [2023-04-08T10:10:36.815+0000] {dag.py:3456} INFO - Setting next_dagrun for example_subdag_operator.section-1 to None, run_after=None
[2023-04-08T10:10:36.862+0000] {logging_mixin.py:137} INFO - [2023-04-08T10:10:36.857+0000] {dag.py:3456} INFO - Setting next_dagrun for example_subdag_operator.section-2 to None, run_after=None
[2023-04-08T10:10:36.935+0000] {processor.py:175} INFO - Processing /home/airflow/.local/lib/python3.7/site-packages/airflow/example_dags/example_subdag_operator.py took 0.879 seconds
[2023-04-08T10:11:15.546+0000] {processor.py:153} INFO - Started process (PID=48970) to work on /home/airflow/.local/lib/python3.7/site-packages/airflow/example_dags/example_subdag_operator.py
[2023-04-08T10:11:15.567+0000] {processor.py:743} INFO - Processing file /home/airflow/.local/lib/python3.7/site-packages/airflow/example_dags/example_subdag_operator.py for tasks to queue
[2023-04-08T10:11:15.589+0000] {logging_mixin.py:137} INFO - [2023-04-08T10:11:15.588+0000] {dagbag.py:532} INFO - Filling up the DagBag from /home/airflow/.local/lib/python3.7/site-packages/airflow/example_dags/example_subdag_operator.py
[2023-04-08T10:11:15.871+0000] {processor.py:753} INFO - DAG(s) dict_keys(['example_subdag_operator.section-1', 'example_subdag_operator.section-2', 'example_subdag_operator']) retrieved from /home/airflow/.local/lib/python3.7/site-packages/airflow/example_dags/example_subdag_operator.py
[2023-04-08T10:11:16.006+0000] {logging_mixin.py:137} INFO - [2023-04-08T10:11:16.004+0000] {dag.py:2705} INFO - Sync 3 DAGs
[2023-04-08T10:11:16.230+0000] {logging_mixin.py:137} INFO - [2023-04-08T10:11:16.230+0000] {dag.py:3456} INFO - Setting next_dagrun for example_subdag_operator to 2022-01-01T00:00:00+00:00, run_after=2022-01-01T00:00:00+00:00
[2023-04-08T10:11:16.260+0000] {logging_mixin.py:137} INFO - [2023-04-08T10:11:16.260+0000] {dag.py:3456} INFO - Setting next_dagrun for example_subdag_operator.section-1 to None, run_after=None
[2023-04-08T10:11:16.276+0000] {logging_mixin.py:137} INFO - [2023-04-08T10:11:16.275+0000] {dag.py:3456} INFO - Setting next_dagrun for example_subdag_operator.section-2 to None, run_after=None
[2023-04-08T10:11:16.315+0000] {logging_mixin.py:137} INFO - [2023-04-08T10:11:16.314+0000] {dag.py:2705} INFO - Sync 2 DAGs
[2023-04-08T10:11:16.359+0000] {logging_mixin.py:137} INFO - [2023-04-08T10:11:16.358+0000] {dag.py:3456} INFO - Setting next_dagrun for example_subdag_operator.section-1 to None, run_after=None
[2023-04-08T10:11:16.377+0000] {logging_mixin.py:137} INFO - [2023-04-08T10:11:16.376+0000] {dag.py:3456} INFO - Setting next_dagrun for example_subdag_operator.section-2 to None, run_after=None
[2023-04-08T10:11:16.440+0000] {processor.py:175} INFO - Processing /home/airflow/.local/lib/python3.7/site-packages/airflow/example_dags/example_subdag_operator.py took 0.958 seconds
[2023-04-08T10:12:08.357+0000] {processor.py:153} INFO - Started process (PID=49028) to work on /home/airflow/.local/lib/python3.7/site-packages/airflow/example_dags/example_subdag_operator.py
[2023-04-08T10:12:08.368+0000] {processor.py:743} INFO - Processing file /home/airflow/.local/lib/python3.7/site-packages/airflow/example_dags/example_subdag_operator.py for tasks to queue
[2023-04-08T10:12:08.373+0000] {logging_mixin.py:137} INFO - [2023-04-08T10:12:08.373+0000] {dagbag.py:532} INFO - Filling up the DagBag from /home/airflow/.local/lib/python3.7/site-packages/airflow/example_dags/example_subdag_operator.py
[2023-04-08T10:12:08.549+0000] {processor.py:753} INFO - DAG(s) dict_keys(['example_subdag_operator.section-1', 'example_subdag_operator.section-2', 'example_subdag_operator']) retrieved from /home/airflow/.local/lib/python3.7/site-packages/airflow/example_dags/example_subdag_operator.py
[2023-04-08T10:12:08.781+0000] {logging_mixin.py:137} INFO - [2023-04-08T10:12:08.781+0000] {dag.py:2705} INFO - Sync 3 DAGs
[2023-04-08T10:12:09.069+0000] {logging_mixin.py:137} INFO - [2023-04-08T10:12:09.068+0000] {dag.py:3456} INFO - Setting next_dagrun for example_subdag_operator to 2022-01-01T00:00:00+00:00, run_after=2022-01-01T00:00:00+00:00
[2023-04-08T10:12:09.117+0000] {logging_mixin.py:137} INFO - [2023-04-08T10:12:09.116+0000] {dag.py:3456} INFO - Setting next_dagrun for example_subdag_operator.section-1 to None, run_after=None
[2023-04-08T10:12:09.133+0000] {logging_mixin.py:137} INFO - [2023-04-08T10:12:09.132+0000] {dag.py:3456} INFO - Setting next_dagrun for example_subdag_operator.section-2 to None, run_after=None
[2023-04-08T10:12:09.203+0000] {logging_mixin.py:137} INFO - [2023-04-08T10:12:09.203+0000] {dag.py:2705} INFO - Sync 2 DAGs
[2023-04-08T10:12:09.241+0000] {logging_mixin.py:137} INFO - [2023-04-08T10:12:09.240+0000] {dag.py:3456} INFO - Setting next_dagrun for example_subdag_operator.section-1 to None, run_after=None
[2023-04-08T10:12:09.247+0000] {logging_mixin.py:137} INFO - [2023-04-08T10:12:09.244+0000] {dag.py:3456} INFO - Setting next_dagrun for example_subdag_operator.section-2 to None, run_after=None
[2023-04-08T10:12:09.359+0000] {processor.py:175} INFO - Processing /home/airflow/.local/lib/python3.7/site-packages/airflow/example_dags/example_subdag_operator.py took 1.036 seconds
[2023-04-08T10:12:53.754+0000] {processor.py:153} INFO - Started process (PID=49093) to work on /home/airflow/.local/lib/python3.7/site-packages/airflow/example_dags/example_subdag_operator.py
[2023-04-08T10:12:53.799+0000] {processor.py:743} INFO - Processing file /home/airflow/.local/lib/python3.7/site-packages/airflow/example_dags/example_subdag_operator.py for tasks to queue
[2023-04-08T10:12:53.819+0000] {logging_mixin.py:137} INFO - [2023-04-08T10:12:53.817+0000] {dagbag.py:532} INFO - Filling up the DagBag from /home/airflow/.local/lib/python3.7/site-packages/airflow/example_dags/example_subdag_operator.py
[2023-04-08T10:12:54.032+0000] {processor.py:753} INFO - DAG(s) dict_keys(['example_subdag_operator.section-1', 'example_subdag_operator.section-2', 'example_subdag_operator']) retrieved from /home/airflow/.local/lib/python3.7/site-packages/airflow/example_dags/example_subdag_operator.py
[2023-04-08T10:12:54.183+0000] {logging_mixin.py:137} INFO - [2023-04-08T10:12:54.182+0000] {dag.py:2705} INFO - Sync 3 DAGs
[2023-04-08T10:12:54.743+0000] {logging_mixin.py:137} INFO - [2023-04-08T10:12:54.723+0000] {dag.py:3456} INFO - Setting next_dagrun for example_subdag_operator to 2022-01-01T00:00:00+00:00, run_after=2022-01-01T00:00:00+00:00
[2023-04-08T10:12:54.925+0000] {logging_mixin.py:137} INFO - [2023-04-08T10:12:54.924+0000] {dag.py:3456} INFO - Setting next_dagrun for example_subdag_operator.section-1 to None, run_after=None
[2023-04-08T10:12:54.972+0000] {logging_mixin.py:137} INFO - [2023-04-08T10:12:54.972+0000] {dag.py:3456} INFO - Setting next_dagrun for example_subdag_operator.section-2 to None, run_after=None
[2023-04-08T10:12:55.139+0000] {logging_mixin.py:137} INFO - [2023-04-08T10:12:55.139+0000] {dag.py:2705} INFO - Sync 2 DAGs
[2023-04-08T10:12:55.251+0000] {logging_mixin.py:137} INFO - [2023-04-08T10:12:55.250+0000] {dag.py:3456} INFO - Setting next_dagrun for example_subdag_operator.section-1 to None, run_after=None
[2023-04-08T10:12:55.254+0000] {logging_mixin.py:137} INFO - [2023-04-08T10:12:55.254+0000] {dag.py:3456} INFO - Setting next_dagrun for example_subdag_operator.section-2 to None, run_after=None
[2023-04-08T10:12:55.375+0000] {processor.py:175} INFO - Processing /home/airflow/.local/lib/python3.7/site-packages/airflow/example_dags/example_subdag_operator.py took 1.649 seconds
[2023-04-08T10:14:02.521+0000] {processor.py:153} INFO - Started process (PID=49163) to work on /home/airflow/.local/lib/python3.7/site-packages/airflow/example_dags/example_subdag_operator.py
[2023-04-08T10:14:02.529+0000] {processor.py:743} INFO - Processing file /home/airflow/.local/lib/python3.7/site-packages/airflow/example_dags/example_subdag_operator.py for tasks to queue
[2023-04-08T10:14:02.553+0000] {logging_mixin.py:137} INFO - [2023-04-08T10:14:02.552+0000] {dagbag.py:532} INFO - Filling up the DagBag from /home/airflow/.local/lib/python3.7/site-packages/airflow/example_dags/example_subdag_operator.py
[2023-04-08T10:14:02.935+0000] {processor.py:753} INFO - DAG(s) dict_keys(['example_subdag_operator.section-1', 'example_subdag_operator.section-2', 'example_subdag_operator']) retrieved from /home/airflow/.local/lib/python3.7/site-packages/airflow/example_dags/example_subdag_operator.py
[2023-04-08T10:14:03.056+0000] {logging_mixin.py:137} INFO - [2023-04-08T10:14:03.056+0000] {dag.py:2705} INFO - Sync 3 DAGs
[2023-04-08T10:14:03.337+0000] {logging_mixin.py:137} INFO - [2023-04-08T10:14:03.336+0000] {dag.py:3456} INFO - Setting next_dagrun for example_subdag_operator to 2022-01-01T00:00:00+00:00, run_after=2022-01-01T00:00:00+00:00
[2023-04-08T10:14:03.446+0000] {logging_mixin.py:137} INFO - [2023-04-08T10:14:03.439+0000] {dag.py:3456} INFO - Setting next_dagrun for example_subdag_operator.section-1 to None, run_after=None
[2023-04-08T10:14:03.508+0000] {logging_mixin.py:137} INFO - [2023-04-08T10:14:03.508+0000] {dag.py:3456} INFO - Setting next_dagrun for example_subdag_operator.section-2 to None, run_after=None
[2023-04-08T10:14:03.585+0000] {logging_mixin.py:137} INFO - [2023-04-08T10:14:03.585+0000] {dag.py:2705} INFO - Sync 2 DAGs
[2023-04-08T10:14:03.652+0000] {logging_mixin.py:137} INFO - [2023-04-08T10:14:03.651+0000] {dag.py:3456} INFO - Setting next_dagrun for example_subdag_operator.section-1 to None, run_after=None
[2023-04-08T10:14:03.661+0000] {logging_mixin.py:137} INFO - [2023-04-08T10:14:03.659+0000] {dag.py:3456} INFO - Setting next_dagrun for example_subdag_operator.section-2 to None, run_after=None
[2023-04-08T10:14:04.212+0000] {processor.py:175} INFO - Processing /home/airflow/.local/lib/python3.7/site-packages/airflow/example_dags/example_subdag_operator.py took 1.703 seconds
[2023-04-08T10:14:54.314+0000] {processor.py:153} INFO - Started process (PID=49229) to work on /home/airflow/.local/lib/python3.7/site-packages/airflow/example_dags/example_subdag_operator.py
[2023-04-08T10:14:54.325+0000] {processor.py:743} INFO - Processing file /home/airflow/.local/lib/python3.7/site-packages/airflow/example_dags/example_subdag_operator.py for tasks to queue
[2023-04-08T10:14:54.339+0000] {logging_mixin.py:137} INFO - [2023-04-08T10:14:54.338+0000] {dagbag.py:532} INFO - Filling up the DagBag from /home/airflow/.local/lib/python3.7/site-packages/airflow/example_dags/example_subdag_operator.py
[2023-04-08T10:14:54.582+0000] {processor.py:753} INFO - DAG(s) dict_keys(['example_subdag_operator.section-1', 'example_subdag_operator.section-2', 'example_subdag_operator']) retrieved from /home/airflow/.local/lib/python3.7/site-packages/airflow/example_dags/example_subdag_operator.py
[2023-04-08T10:14:54.887+0000] {logging_mixin.py:137} INFO - [2023-04-08T10:14:54.886+0000] {dag.py:2705} INFO - Sync 3 DAGs
[2023-04-08T10:14:55.223+0000] {logging_mixin.py:137} INFO - [2023-04-08T10:14:55.222+0000] {dag.py:3456} INFO - Setting next_dagrun for example_subdag_operator to 2022-01-01T00:00:00+00:00, run_after=2022-01-01T00:00:00+00:00
[2023-04-08T10:14:55.288+0000] {logging_mixin.py:137} INFO - [2023-04-08T10:14:55.288+0000] {dag.py:3456} INFO - Setting next_dagrun for example_subdag_operator.section-1 to None, run_after=None
[2023-04-08T10:14:55.300+0000] {logging_mixin.py:137} INFO - [2023-04-08T10:14:55.299+0000] {dag.py:3456} INFO - Setting next_dagrun for example_subdag_operator.section-2 to None, run_after=None
[2023-04-08T10:14:55.396+0000] {logging_mixin.py:137} INFO - [2023-04-08T10:14:55.396+0000] {dag.py:2705} INFO - Sync 2 DAGs
[2023-04-08T10:14:55.468+0000] {logging_mixin.py:137} INFO - [2023-04-08T10:14:55.466+0000] {dag.py:3456} INFO - Setting next_dagrun for example_subdag_operator.section-1 to None, run_after=None
[2023-04-08T10:14:55.496+0000] {logging_mixin.py:137} INFO - [2023-04-08T10:14:55.495+0000] {dag.py:3456} INFO - Setting next_dagrun for example_subdag_operator.section-2 to None, run_after=None
[2023-04-08T10:14:55.609+0000] {processor.py:175} INFO - Processing /home/airflow/.local/lib/python3.7/site-packages/airflow/example_dags/example_subdag_operator.py took 1.389 seconds
[2023-04-08T10:15:30.816+0000] {processor.py:153} INFO - Started process (PID=49280) to work on /home/airflow/.local/lib/python3.7/site-packages/airflow/example_dags/example_subdag_operator.py
[2023-04-08T10:15:30.829+0000] {processor.py:743} INFO - Processing file /home/airflow/.local/lib/python3.7/site-packages/airflow/example_dags/example_subdag_operator.py for tasks to queue
[2023-04-08T10:15:30.843+0000] {logging_mixin.py:137} INFO - [2023-04-08T10:15:30.843+0000] {dagbag.py:532} INFO - Filling up the DagBag from /home/airflow/.local/lib/python3.7/site-packages/airflow/example_dags/example_subdag_operator.py
[2023-04-08T10:15:31.086+0000] {processor.py:753} INFO - DAG(s) dict_keys(['example_subdag_operator.section-1', 'example_subdag_operator.section-2', 'example_subdag_operator']) retrieved from /home/airflow/.local/lib/python3.7/site-packages/airflow/example_dags/example_subdag_operator.py
[2023-04-08T10:15:31.156+0000] {logging_mixin.py:137} INFO - [2023-04-08T10:15:31.155+0000] {dag.py:2705} INFO - Sync 3 DAGs
[2023-04-08T10:15:31.262+0000] {logging_mixin.py:137} INFO - [2023-04-08T10:15:31.262+0000] {dag.py:3456} INFO - Setting next_dagrun for example_subdag_operator to 2022-01-01T00:00:00+00:00, run_after=2022-01-01T00:00:00+00:00
[2023-04-08T10:15:31.277+0000] {logging_mixin.py:137} INFO - [2023-04-08T10:15:31.276+0000] {dag.py:3456} INFO - Setting next_dagrun for example_subdag_operator.section-1 to None, run_after=None
[2023-04-08T10:15:31.282+0000] {logging_mixin.py:137} INFO - [2023-04-08T10:15:31.281+0000] {dag.py:3456} INFO - Setting next_dagrun for example_subdag_operator.section-2 to None, run_after=None
[2023-04-08T10:15:31.315+0000] {logging_mixin.py:137} INFO - [2023-04-08T10:15:31.314+0000] {dag.py:2705} INFO - Sync 2 DAGs
[2023-04-08T10:15:31.349+0000] {logging_mixin.py:137} INFO - [2023-04-08T10:15:31.348+0000] {dag.py:3456} INFO - Setting next_dagrun for example_subdag_operator.section-1 to None, run_after=None
[2023-04-08T10:15:31.353+0000] {logging_mixin.py:137} INFO - [2023-04-08T10:15:31.353+0000] {dag.py:3456} INFO - Setting next_dagrun for example_subdag_operator.section-2 to None, run_after=None
[2023-04-08T10:15:31.449+0000] {processor.py:175} INFO - Processing /home/airflow/.local/lib/python3.7/site-packages/airflow/example_dags/example_subdag_operator.py took 0.661 seconds
[2023-04-08T10:16:06.673+0000] {processor.py:153} INFO - Started process (PID=49329) to work on /home/airflow/.local/lib/python3.7/site-packages/airflow/example_dags/example_subdag_operator.py
[2023-04-08T10:16:06.680+0000] {processor.py:743} INFO - Processing file /home/airflow/.local/lib/python3.7/site-packages/airflow/example_dags/example_subdag_operator.py for tasks to queue
[2023-04-08T10:16:06.688+0000] {logging_mixin.py:137} INFO - [2023-04-08T10:16:06.688+0000] {dagbag.py:532} INFO - Filling up the DagBag from /home/airflow/.local/lib/python3.7/site-packages/airflow/example_dags/example_subdag_operator.py
[2023-04-08T10:16:06.787+0000] {processor.py:753} INFO - DAG(s) dict_keys(['example_subdag_operator.section-1', 'example_subdag_operator.section-2', 'example_subdag_operator']) retrieved from /home/airflow/.local/lib/python3.7/site-packages/airflow/example_dags/example_subdag_operator.py
[2023-04-08T10:16:06.857+0000] {logging_mixin.py:137} INFO - [2023-04-08T10:16:06.856+0000] {dag.py:2705} INFO - Sync 3 DAGs
[2023-04-08T10:16:07.049+0000] {logging_mixin.py:137} INFO - [2023-04-08T10:16:07.047+0000] {dag.py:3456} INFO - Setting next_dagrun for example_subdag_operator to 2022-01-01T00:00:00+00:00, run_after=2022-01-01T00:00:00+00:00
[2023-04-08T10:16:07.099+0000] {logging_mixin.py:137} INFO - [2023-04-08T10:16:07.093+0000] {dag.py:3456} INFO - Setting next_dagrun for example_subdag_operator.section-1 to None, run_after=None
[2023-04-08T10:16:07.116+0000] {logging_mixin.py:137} INFO - [2023-04-08T10:16:07.116+0000] {dag.py:3456} INFO - Setting next_dagrun for example_subdag_operator.section-2 to None, run_after=None
[2023-04-08T10:16:07.201+0000] {logging_mixin.py:137} INFO - [2023-04-08T10:16:07.201+0000] {dag.py:2705} INFO - Sync 2 DAGs
[2023-04-08T10:16:07.252+0000] {logging_mixin.py:137} INFO - [2023-04-08T10:16:07.252+0000] {dag.py:3456} INFO - Setting next_dagrun for example_subdag_operator.section-1 to None, run_after=None
[2023-04-08T10:16:07.255+0000] {logging_mixin.py:137} INFO - [2023-04-08T10:16:07.254+0000] {dag.py:3456} INFO - Setting next_dagrun for example_subdag_operator.section-2 to None, run_after=None
[2023-04-08T10:16:07.336+0000] {processor.py:175} INFO - Processing /home/airflow/.local/lib/python3.7/site-packages/airflow/example_dags/example_subdag_operator.py took 0.705 seconds
[2023-04-08T10:16:37.490+0000] {processor.py:153} INFO - Started process (PID=49388) to work on /home/airflow/.local/lib/python3.7/site-packages/airflow/example_dags/example_subdag_operator.py
[2023-04-08T10:16:37.502+0000] {processor.py:743} INFO - Processing file /home/airflow/.local/lib/python3.7/site-packages/airflow/example_dags/example_subdag_operator.py for tasks to queue
[2023-04-08T10:16:37.507+0000] {logging_mixin.py:137} INFO - [2023-04-08T10:16:37.506+0000] {dagbag.py:532} INFO - Filling up the DagBag from /home/airflow/.local/lib/python3.7/site-packages/airflow/example_dags/example_subdag_operator.py
[2023-04-08T10:16:37.608+0000] {processor.py:753} INFO - DAG(s) dict_keys(['example_subdag_operator.section-1', 'example_subdag_operator.section-2', 'example_subdag_operator']) retrieved from /home/airflow/.local/lib/python3.7/site-packages/airflow/example_dags/example_subdag_operator.py
[2023-04-08T10:16:37.700+0000] {logging_mixin.py:137} INFO - [2023-04-08T10:16:37.700+0000] {dag.py:2705} INFO - Sync 3 DAGs
[2023-04-08T10:16:37.792+0000] {logging_mixin.py:137} INFO - [2023-04-08T10:16:37.791+0000] {dag.py:3456} INFO - Setting next_dagrun for example_subdag_operator to 2022-01-01T00:00:00+00:00, run_after=2022-01-01T00:00:00+00:00
[2023-04-08T10:16:37.808+0000] {logging_mixin.py:137} INFO - [2023-04-08T10:16:37.807+0000] {dag.py:3456} INFO - Setting next_dagrun for example_subdag_operator.section-1 to None, run_after=None
[2023-04-08T10:16:37.812+0000] {logging_mixin.py:137} INFO - [2023-04-08T10:16:37.811+0000] {dag.py:3456} INFO - Setting next_dagrun for example_subdag_operator.section-2 to None, run_after=None
[2023-04-08T10:16:37.836+0000] {logging_mixin.py:137} INFO - [2023-04-08T10:16:37.836+0000] {dag.py:2705} INFO - Sync 2 DAGs
[2023-04-08T10:16:37.859+0000] {logging_mixin.py:137} INFO - [2023-04-08T10:16:37.859+0000] {dag.py:3456} INFO - Setting next_dagrun for example_subdag_operator.section-1 to None, run_after=None
[2023-04-08T10:16:37.862+0000] {logging_mixin.py:137} INFO - [2023-04-08T10:16:37.862+0000] {dag.py:3456} INFO - Setting next_dagrun for example_subdag_operator.section-2 to None, run_after=None
[2023-04-08T10:16:37.903+0000] {processor.py:175} INFO - Processing /home/airflow/.local/lib/python3.7/site-packages/airflow/example_dags/example_subdag_operator.py took 0.426 seconds
[2023-04-08T10:17:08.298+0000] {processor.py:153} INFO - Started process (PID=49446) to work on /home/airflow/.local/lib/python3.7/site-packages/airflow/example_dags/example_subdag_operator.py
[2023-04-08T10:17:08.301+0000] {processor.py:743} INFO - Processing file /home/airflow/.local/lib/python3.7/site-packages/airflow/example_dags/example_subdag_operator.py for tasks to queue
[2023-04-08T10:17:08.303+0000] {logging_mixin.py:137} INFO - [2023-04-08T10:17:08.303+0000] {dagbag.py:532} INFO - Filling up the DagBag from /home/airflow/.local/lib/python3.7/site-packages/airflow/example_dags/example_subdag_operator.py
[2023-04-08T10:17:08.344+0000] {processor.py:753} INFO - DAG(s) dict_keys(['example_subdag_operator.section-1', 'example_subdag_operator.section-2', 'example_subdag_operator']) retrieved from /home/airflow/.local/lib/python3.7/site-packages/airflow/example_dags/example_subdag_operator.py
[2023-04-08T10:17:08.374+0000] {logging_mixin.py:137} INFO - [2023-04-08T10:17:08.374+0000] {dag.py:2705} INFO - Sync 3 DAGs
[2023-04-08T10:17:08.413+0000] {logging_mixin.py:137} INFO - [2023-04-08T10:17:08.413+0000] {dag.py:3456} INFO - Setting next_dagrun for example_subdag_operator to 2022-01-01T00:00:00+00:00, run_after=2022-01-01T00:00:00+00:00
[2023-04-08T10:17:08.420+0000] {logging_mixin.py:137} INFO - [2023-04-08T10:17:08.420+0000] {dag.py:3456} INFO - Setting next_dagrun for example_subdag_operator.section-1 to None, run_after=None
[2023-04-08T10:17:08.423+0000] {logging_mixin.py:137} INFO - [2023-04-08T10:17:08.423+0000] {dag.py:3456} INFO - Setting next_dagrun for example_subdag_operator.section-2 to None, run_after=None
[2023-04-08T10:17:08.437+0000] {logging_mixin.py:137} INFO - [2023-04-08T10:17:08.436+0000] {dag.py:2705} INFO - Sync 2 DAGs
[2023-04-08T10:17:08.447+0000] {logging_mixin.py:137} INFO - [2023-04-08T10:17:08.446+0000] {dag.py:3456} INFO - Setting next_dagrun for example_subdag_operator.section-1 to None, run_after=None
[2023-04-08T10:17:08.448+0000] {logging_mixin.py:137} INFO - [2023-04-08T10:17:08.448+0000] {dag.py:3456} INFO - Setting next_dagrun for example_subdag_operator.section-2 to None, run_after=None
[2023-04-08T10:17:08.466+0000] {processor.py:175} INFO - Processing /home/airflow/.local/lib/python3.7/site-packages/airflow/example_dags/example_subdag_operator.py took 0.174 seconds
[2023-04-08T10:17:38.607+0000] {processor.py:153} INFO - Started process (PID=49497) to work on /home/airflow/.local/lib/python3.7/site-packages/airflow/example_dags/example_subdag_operator.py
[2023-04-08T10:17:38.609+0000] {processor.py:743} INFO - Processing file /home/airflow/.local/lib/python3.7/site-packages/airflow/example_dags/example_subdag_operator.py for tasks to queue
[2023-04-08T10:17:38.611+0000] {logging_mixin.py:137} INFO - [2023-04-08T10:17:38.610+0000] {dagbag.py:532} INFO - Filling up the DagBag from /home/airflow/.local/lib/python3.7/site-packages/airflow/example_dags/example_subdag_operator.py
[2023-04-08T10:17:38.647+0000] {processor.py:753} INFO - DAG(s) dict_keys(['example_subdag_operator.section-1', 'example_subdag_operator.section-2', 'example_subdag_operator']) retrieved from /home/airflow/.local/lib/python3.7/site-packages/airflow/example_dags/example_subdag_operator.py
[2023-04-08T10:17:38.675+0000] {logging_mixin.py:137} INFO - [2023-04-08T10:17:38.675+0000] {dag.py:2705} INFO - Sync 3 DAGs
[2023-04-08T10:17:38.709+0000] {logging_mixin.py:137} INFO - [2023-04-08T10:17:38.709+0000] {dag.py:3456} INFO - Setting next_dagrun for example_subdag_operator to 2022-01-01T00:00:00+00:00, run_after=2022-01-01T00:00:00+00:00
[2023-04-08T10:17:38.715+0000] {logging_mixin.py:137} INFO - [2023-04-08T10:17:38.714+0000] {dag.py:3456} INFO - Setting next_dagrun for example_subdag_operator.section-1 to None, run_after=None
[2023-04-08T10:17:38.717+0000] {logging_mixin.py:137} INFO - [2023-04-08T10:17:38.717+0000] {dag.py:3456} INFO - Setting next_dagrun for example_subdag_operator.section-2 to None, run_after=None
[2023-04-08T10:17:38.727+0000] {logging_mixin.py:137} INFO - [2023-04-08T10:17:38.727+0000] {dag.py:2705} INFO - Sync 2 DAGs
[2023-04-08T10:17:38.735+0000] {logging_mixin.py:137} INFO - [2023-04-08T10:17:38.735+0000] {dag.py:3456} INFO - Setting next_dagrun for example_subdag_operator.section-1 to None, run_after=None
[2023-04-08T10:17:38.737+0000] {logging_mixin.py:137} INFO - [2023-04-08T10:17:38.737+0000] {dag.py:3456} INFO - Setting next_dagrun for example_subdag_operator.section-2 to None, run_after=None
[2023-04-08T10:17:38.753+0000] {processor.py:175} INFO - Processing /home/airflow/.local/lib/python3.7/site-packages/airflow/example_dags/example_subdag_operator.py took 0.151 seconds
[2023-04-08T10:18:08.820+0000] {processor.py:153} INFO - Started process (PID=49548) to work on /home/airflow/.local/lib/python3.7/site-packages/airflow/example_dags/example_subdag_operator.py
[2023-04-08T10:18:08.823+0000] {processor.py:743} INFO - Processing file /home/airflow/.local/lib/python3.7/site-packages/airflow/example_dags/example_subdag_operator.py for tasks to queue
[2023-04-08T10:18:08.825+0000] {logging_mixin.py:137} INFO - [2023-04-08T10:18:08.825+0000] {dagbag.py:532} INFO - Filling up the DagBag from /home/airflow/.local/lib/python3.7/site-packages/airflow/example_dags/example_subdag_operator.py
[2023-04-08T10:18:08.866+0000] {processor.py:753} INFO - DAG(s) dict_keys(['example_subdag_operator.section-1', 'example_subdag_operator.section-2', 'example_subdag_operator']) retrieved from /home/airflow/.local/lib/python3.7/site-packages/airflow/example_dags/example_subdag_operator.py
[2023-04-08T10:18:08.894+0000] {logging_mixin.py:137} INFO - [2023-04-08T10:18:08.894+0000] {dag.py:2705} INFO - Sync 3 DAGs
[2023-04-08T10:18:08.927+0000] {logging_mixin.py:137} INFO - [2023-04-08T10:18:08.927+0000] {dag.py:3456} INFO - Setting next_dagrun for example_subdag_operator to 2022-01-01T00:00:00+00:00, run_after=2022-01-01T00:00:00+00:00
[2023-04-08T10:18:08.933+0000] {logging_mixin.py:137} INFO - [2023-04-08T10:18:08.932+0000] {dag.py:3456} INFO - Setting next_dagrun for example_subdag_operator.section-1 to None, run_after=None
[2023-04-08T10:18:08.936+0000] {logging_mixin.py:137} INFO - [2023-04-08T10:18:08.936+0000] {dag.py:3456} INFO - Setting next_dagrun for example_subdag_operator.section-2 to None, run_after=None
[2023-04-08T10:18:08.948+0000] {logging_mixin.py:137} INFO - [2023-04-08T10:18:08.947+0000] {dag.py:2705} INFO - Sync 2 DAGs
[2023-04-08T10:18:08.957+0000] {logging_mixin.py:137} INFO - [2023-04-08T10:18:08.956+0000] {dag.py:3456} INFO - Setting next_dagrun for example_subdag_operator.section-1 to None, run_after=None
[2023-04-08T10:18:08.958+0000] {logging_mixin.py:137} INFO - [2023-04-08T10:18:08.958+0000] {dag.py:3456} INFO - Setting next_dagrun for example_subdag_operator.section-2 to None, run_after=None
[2023-04-08T10:18:08.974+0000] {processor.py:175} INFO - Processing /home/airflow/.local/lib/python3.7/site-packages/airflow/example_dags/example_subdag_operator.py took 0.159 seconds
