[2023-04-08T07:06:40.716+0000] {processor.py:153} INFO - Started process (PID=48348) to work on /home/airflow/.local/lib/python3.7/site-packages/airflow/example_dags/example_branch_day_of_week_operator.py
[2023-04-08T07:06:40.729+0000] {processor.py:743} INFO - Processing file /home/airflow/.local/lib/python3.7/site-packages/airflow/example_dags/example_branch_day_of_week_operator.py for tasks to queue
[2023-04-08T07:06:40.740+0000] {logging_mixin.py:137} INFO - [2023-04-08T07:06:40.738+0000] {dagbag.py:532} INFO - Filling up the DagBag from /home/airflow/.local/lib/python3.7/site-packages/airflow/example_dags/example_branch_day_of_week_operator.py
[2023-04-08T07:06:40.847+0000] {processor.py:753} INFO - DAG(s) dict_keys(['example_weekday_branch_operator']) retrieved from /home/airflow/.local/lib/python3.7/site-packages/airflow/example_dags/example_branch_day_of_week_operator.py
[2023-04-08T07:06:41.163+0000] {logging_mixin.py:137} INFO - [2023-04-08T07:06:41.152+0000] {dag.py:2705} INFO - Sync 1 DAGs
[2023-04-08T07:06:41.365+0000] {logging_mixin.py:137} INFO - [2023-04-08T07:06:41.364+0000] {dag.py:3456} INFO - Setting next_dagrun for example_weekday_branch_operator to 2023-04-07T00:00:00+00:00, run_after=2023-04-08T00:00:00+00:00
[2023-04-08T07:06:41.469+0000] {processor.py:175} INFO - Processing /home/airflow/.local/lib/python3.7/site-packages/airflow/example_dags/example_branch_day_of_week_operator.py took 0.791 seconds
[2023-04-08T07:07:21.812+0000] {processor.py:153} INFO - Started process (PID=48399) to work on /home/airflow/.local/lib/python3.7/site-packages/airflow/example_dags/example_branch_day_of_week_operator.py
[2023-04-08T07:07:21.826+0000] {processor.py:743} INFO - Processing file /home/airflow/.local/lib/python3.7/site-packages/airflow/example_dags/example_branch_day_of_week_operator.py for tasks to queue
[2023-04-08T07:07:21.837+0000] {logging_mixin.py:137} INFO - [2023-04-08T07:07:21.836+0000] {dagbag.py:532} INFO - Filling up the DagBag from /home/airflow/.local/lib/python3.7/site-packages/airflow/example_dags/example_branch_day_of_week_operator.py
[2023-04-08T07:07:22.022+0000] {processor.py:753} INFO - DAG(s) dict_keys(['example_weekday_branch_operator']) retrieved from /home/airflow/.local/lib/python3.7/site-packages/airflow/example_dags/example_branch_day_of_week_operator.py
[2023-04-08T07:07:22.192+0000] {logging_mixin.py:137} INFO - [2023-04-08T07:07:22.191+0000] {dag.py:2705} INFO - Sync 1 DAGs
[2023-04-08T07:07:22.326+0000] {logging_mixin.py:137} INFO - [2023-04-08T07:07:22.326+0000] {dag.py:3456} INFO - Setting next_dagrun for example_weekday_branch_operator to 2023-04-07T00:00:00+00:00, run_after=2023-04-08T00:00:00+00:00
[2023-04-08T07:07:22.517+0000] {processor.py:175} INFO - Processing /home/airflow/.local/lib/python3.7/site-packages/airflow/example_dags/example_branch_day_of_week_operator.py took 0.746 seconds
[2023-04-08T07:07:57.951+0000] {processor.py:153} INFO - Started process (PID=48450) to work on /home/airflow/.local/lib/python3.7/site-packages/airflow/example_dags/example_branch_day_of_week_operator.py
[2023-04-08T07:07:57.961+0000] {processor.py:743} INFO - Processing file /home/airflow/.local/lib/python3.7/site-packages/airflow/example_dags/example_branch_day_of_week_operator.py for tasks to queue
[2023-04-08T07:07:57.967+0000] {logging_mixin.py:137} INFO - [2023-04-08T07:07:57.967+0000] {dagbag.py:532} INFO - Filling up the DagBag from /home/airflow/.local/lib/python3.7/site-packages/airflow/example_dags/example_branch_day_of_week_operator.py
[2023-04-08T07:07:58.021+0000] {processor.py:753} INFO - DAG(s) dict_keys(['example_weekday_branch_operator']) retrieved from /home/airflow/.local/lib/python3.7/site-packages/airflow/example_dags/example_branch_day_of_week_operator.py
[2023-04-08T07:07:58.602+0000] {logging_mixin.py:137} INFO - [2023-04-08T07:07:58.602+0000] {dag.py:2705} INFO - Sync 1 DAGs
[2023-04-08T07:07:58.734+0000] {logging_mixin.py:137} INFO - [2023-04-08T07:07:58.730+0000] {dag.py:3456} INFO - Setting next_dagrun for example_weekday_branch_operator to 2023-04-07T00:00:00+00:00, run_after=2023-04-08T00:00:00+00:00
[2023-04-08T07:07:58.884+0000] {processor.py:175} INFO - Processing /home/airflow/.local/lib/python3.7/site-packages/airflow/example_dags/example_branch_day_of_week_operator.py took 0.954 seconds
[2023-04-08T07:08:44.234+0000] {processor.py:153} INFO - Started process (PID=48508) to work on /home/airflow/.local/lib/python3.7/site-packages/airflow/example_dags/example_branch_day_of_week_operator.py
[2023-04-08T07:08:44.245+0000] {processor.py:743} INFO - Processing file /home/airflow/.local/lib/python3.7/site-packages/airflow/example_dags/example_branch_day_of_week_operator.py for tasks to queue
[2023-04-08T07:08:44.251+0000] {logging_mixin.py:137} INFO - [2023-04-08T07:08:44.251+0000] {dagbag.py:532} INFO - Filling up the DagBag from /home/airflow/.local/lib/python3.7/site-packages/airflow/example_dags/example_branch_day_of_week_operator.py
[2023-04-08T07:08:44.308+0000] {processor.py:753} INFO - DAG(s) dict_keys(['example_weekday_branch_operator']) retrieved from /home/airflow/.local/lib/python3.7/site-packages/airflow/example_dags/example_branch_day_of_week_operator.py
[2023-04-08T07:08:44.441+0000] {logging_mixin.py:137} INFO - [2023-04-08T07:08:44.441+0000] {dag.py:2705} INFO - Sync 1 DAGs
[2023-04-08T07:08:44.545+0000] {logging_mixin.py:137} INFO - [2023-04-08T07:08:44.545+0000] {dag.py:3456} INFO - Setting next_dagrun for example_weekday_branch_operator to 2023-04-07T00:00:00+00:00, run_after=2023-04-08T00:00:00+00:00
[2023-04-08T07:08:44.622+0000] {processor.py:175} INFO - Processing /home/airflow/.local/lib/python3.7/site-packages/airflow/example_dags/example_branch_day_of_week_operator.py took 0.431 seconds
[2023-04-08T07:09:17.834+0000] {processor.py:153} INFO - Started process (PID=48563) to work on /home/airflow/.local/lib/python3.7/site-packages/airflow/example_dags/example_branch_day_of_week_operator.py
[2023-04-08T07:09:17.839+0000] {processor.py:743} INFO - Processing file /home/airflow/.local/lib/python3.7/site-packages/airflow/example_dags/example_branch_day_of_week_operator.py for tasks to queue
[2023-04-08T07:09:17.851+0000] {logging_mixin.py:137} INFO - [2023-04-08T07:09:17.849+0000] {dagbag.py:532} INFO - Filling up the DagBag from /home/airflow/.local/lib/python3.7/site-packages/airflow/example_dags/example_branch_day_of_week_operator.py
[2023-04-08T07:09:17.927+0000] {processor.py:753} INFO - DAG(s) dict_keys(['example_weekday_branch_operator']) retrieved from /home/airflow/.local/lib/python3.7/site-packages/airflow/example_dags/example_branch_day_of_week_operator.py
[2023-04-08T07:09:18.170+0000] {logging_mixin.py:137} INFO - [2023-04-08T07:09:18.161+0000] {dag.py:2705} INFO - Sync 1 DAGs
[2023-04-08T07:09:18.375+0000] {logging_mixin.py:137} INFO - [2023-04-08T07:09:18.375+0000] {dag.py:3456} INFO - Setting next_dagrun for example_weekday_branch_operator to 2023-04-07T00:00:00+00:00, run_after=2023-04-08T00:00:00+00:00
[2023-04-08T07:09:18.521+0000] {processor.py:175} INFO - Processing /home/airflow/.local/lib/python3.7/site-packages/airflow/example_dags/example_branch_day_of_week_operator.py took 0.751 seconds
[2023-04-08T08:07:28.199+0000] {processor.py:153} INFO - Started process (PID=48659) to work on /home/airflow/.local/lib/python3.7/site-packages/airflow/example_dags/example_branch_day_of_week_operator.py
[2023-04-08T08:07:28.209+0000] {processor.py:743} INFO - Processing file /home/airflow/.local/lib/python3.7/site-packages/airflow/example_dags/example_branch_day_of_week_operator.py for tasks to queue
[2023-04-08T08:07:28.214+0000] {logging_mixin.py:137} INFO - [2023-04-08T08:07:28.213+0000] {dagbag.py:532} INFO - Filling up the DagBag from /home/airflow/.local/lib/python3.7/site-packages/airflow/example_dags/example_branch_day_of_week_operator.py
[2023-04-08T08:07:28.267+0000] {processor.py:753} INFO - DAG(s) dict_keys(['example_weekday_branch_operator']) retrieved from /home/airflow/.local/lib/python3.7/site-packages/airflow/example_dags/example_branch_day_of_week_operator.py
[2023-04-08T08:07:28.865+0000] {logging_mixin.py:137} INFO - [2023-04-08T08:07:28.865+0000] {dag.py:2705} INFO - Sync 1 DAGs
[2023-04-08T08:07:29.262+0000] {logging_mixin.py:137} INFO - [2023-04-08T08:07:29.262+0000] {dag.py:3456} INFO - Setting next_dagrun for example_weekday_branch_operator to 2023-04-07T00:00:00+00:00, run_after=2023-04-08T00:00:00+00:00
[2023-04-08T08:07:29.499+0000] {processor.py:175} INFO - Processing /home/airflow/.local/lib/python3.7/site-packages/airflow/example_dags/example_branch_day_of_week_operator.py took 1.312 seconds
[2023-04-08T10:04:39.609+0000] {processor.py:153} INFO - Started process (PID=48778) to work on /home/airflow/.local/lib/python3.7/site-packages/airflow/example_dags/example_branch_day_of_week_operator.py
[2023-04-08T10:04:39.937+0000] {processor.py:743} INFO - Processing file /home/airflow/.local/lib/python3.7/site-packages/airflow/example_dags/example_branch_day_of_week_operator.py for tasks to queue
[2023-04-08T10:04:40.153+0000] {logging_mixin.py:137} INFO - [2023-04-08T10:04:40.150+0000] {dagbag.py:532} INFO - Filling up the DagBag from /home/airflow/.local/lib/python3.7/site-packages/airflow/example_dags/example_branch_day_of_week_operator.py
[2023-04-08T10:04:43.374+0000] {processor.py:753} INFO - DAG(s) dict_keys(['example_weekday_branch_operator']) retrieved from /home/airflow/.local/lib/python3.7/site-packages/airflow/example_dags/example_branch_day_of_week_operator.py
[2023-04-08T10:04:48.022+0000] {logging_mixin.py:137} INFO - [2023-04-08T10:04:48.017+0000] {dag.py:2705} INFO - Sync 1 DAGs
[2023-04-08T10:04:52.643+0000] {logging_mixin.py:137} INFO - [2023-04-08T10:04:52.637+0000] {dag.py:3456} INFO - Setting next_dagrun for example_weekday_branch_operator to 2023-04-07T00:00:00+00:00, run_after=2023-04-08T00:00:00+00:00
[2023-04-08T10:04:55.103+0000] {processor.py:175} INFO - Processing /home/airflow/.local/lib/python3.7/site-packages/airflow/example_dags/example_branch_day_of_week_operator.py took 16.065 seconds
[2023-04-08T10:09:53.650+0000] {processor.py:153} INFO - Started process (PID=48840) to work on /home/airflow/.local/lib/python3.7/site-packages/airflow/example_dags/example_branch_day_of_week_operator.py
[2023-04-08T10:09:53.665+0000] {processor.py:743} INFO - Processing file /home/airflow/.local/lib/python3.7/site-packages/airflow/example_dags/example_branch_day_of_week_operator.py for tasks to queue
[2023-04-08T10:09:53.681+0000] {logging_mixin.py:137} INFO - [2023-04-08T10:09:53.675+0000] {dagbag.py:532} INFO - Filling up the DagBag from /home/airflow/.local/lib/python3.7/site-packages/airflow/example_dags/example_branch_day_of_week_operator.py
[2023-04-08T10:09:53.780+0000] {processor.py:753} INFO - DAG(s) dict_keys(['example_weekday_branch_operator']) retrieved from /home/airflow/.local/lib/python3.7/site-packages/airflow/example_dags/example_branch_day_of_week_operator.py
[2023-04-08T10:09:54.069+0000] {logging_mixin.py:137} INFO - [2023-04-08T10:09:54.069+0000] {dag.py:2705} INFO - Sync 1 DAGs
[2023-04-08T10:09:54.576+0000] {logging_mixin.py:137} INFO - [2023-04-08T10:09:54.575+0000] {dag.py:3456} INFO - Setting next_dagrun for example_weekday_branch_operator to 2023-04-07T00:00:00+00:00, run_after=2023-04-08T00:00:00+00:00
[2023-04-08T10:09:54.730+0000] {processor.py:175} INFO - Processing /home/airflow/.local/lib/python3.7/site-packages/airflow/example_dags/example_branch_day_of_week_operator.py took 1.119 seconds
[2023-04-08T10:10:27.772+0000] {processor.py:153} INFO - Started process (PID=48891) to work on /home/airflow/.local/lib/python3.7/site-packages/airflow/example_dags/example_branch_day_of_week_operator.py
[2023-04-08T10:10:27.811+0000] {processor.py:743} INFO - Processing file /home/airflow/.local/lib/python3.7/site-packages/airflow/example_dags/example_branch_day_of_week_operator.py for tasks to queue
[2023-04-08T10:10:27.817+0000] {logging_mixin.py:137} INFO - [2023-04-08T10:10:27.816+0000] {dagbag.py:532} INFO - Filling up the DagBag from /home/airflow/.local/lib/python3.7/site-packages/airflow/example_dags/example_branch_day_of_week_operator.py
[2023-04-08T10:10:27.958+0000] {processor.py:753} INFO - DAG(s) dict_keys(['example_weekday_branch_operator']) retrieved from /home/airflow/.local/lib/python3.7/site-packages/airflow/example_dags/example_branch_day_of_week_operator.py
[2023-04-08T10:10:28.201+0000] {logging_mixin.py:137} INFO - [2023-04-08T10:10:28.190+0000] {dag.py:2705} INFO - Sync 1 DAGs
[2023-04-08T10:10:28.475+0000] {logging_mixin.py:137} INFO - [2023-04-08T10:10:28.474+0000] {dag.py:3456} INFO - Setting next_dagrun for example_weekday_branch_operator to 2023-04-07T00:00:00+00:00, run_after=2023-04-08T00:00:00+00:00
[2023-04-08T10:10:28.801+0000] {processor.py:175} INFO - Processing /home/airflow/.local/lib/python3.7/site-packages/airflow/example_dags/example_branch_day_of_week_operator.py took 1.137 seconds
[2023-04-08T10:11:04.355+0000] {processor.py:153} INFO - Started process (PID=48949) to work on /home/airflow/.local/lib/python3.7/site-packages/airflow/example_dags/example_branch_day_of_week_operator.py
[2023-04-08T10:11:04.373+0000] {processor.py:743} INFO - Processing file /home/airflow/.local/lib/python3.7/site-packages/airflow/example_dags/example_branch_day_of_week_operator.py for tasks to queue
[2023-04-08T10:11:04.379+0000] {logging_mixin.py:137} INFO - [2023-04-08T10:11:04.379+0000] {dagbag.py:532} INFO - Filling up the DagBag from /home/airflow/.local/lib/python3.7/site-packages/airflow/example_dags/example_branch_day_of_week_operator.py
[2023-04-08T10:11:04.491+0000] {processor.py:753} INFO - DAG(s) dict_keys(['example_weekday_branch_operator']) retrieved from /home/airflow/.local/lib/python3.7/site-packages/airflow/example_dags/example_branch_day_of_week_operator.py
[2023-04-08T10:11:05.064+0000] {logging_mixin.py:137} INFO - [2023-04-08T10:11:05.063+0000] {dag.py:2705} INFO - Sync 1 DAGs
[2023-04-08T10:11:05.689+0000] {logging_mixin.py:137} INFO - [2023-04-08T10:11:05.688+0000] {dag.py:3456} INFO - Setting next_dagrun for example_weekday_branch_operator to 2023-04-07T00:00:00+00:00, run_after=2023-04-08T00:00:00+00:00
[2023-04-08T10:11:06.749+0000] {processor.py:175} INFO - Processing /home/airflow/.local/lib/python3.7/site-packages/airflow/example_dags/example_branch_day_of_week_operator.py took 2.424 seconds
[2023-04-08T10:11:57.726+0000] {processor.py:153} INFO - Started process (PID=49011) to work on /home/airflow/.local/lib/python3.7/site-packages/airflow/example_dags/example_branch_day_of_week_operator.py
[2023-04-08T10:11:57.751+0000] {processor.py:743} INFO - Processing file /home/airflow/.local/lib/python3.7/site-packages/airflow/example_dags/example_branch_day_of_week_operator.py for tasks to queue
[2023-04-08T10:11:57.763+0000] {logging_mixin.py:137} INFO - [2023-04-08T10:11:57.763+0000] {dagbag.py:532} INFO - Filling up the DagBag from /home/airflow/.local/lib/python3.7/site-packages/airflow/example_dags/example_branch_day_of_week_operator.py
[2023-04-08T10:11:57.837+0000] {processor.py:753} INFO - DAG(s) dict_keys(['example_weekday_branch_operator']) retrieved from /home/airflow/.local/lib/python3.7/site-packages/airflow/example_dags/example_branch_day_of_week_operator.py
[2023-04-08T10:11:58.163+0000] {logging_mixin.py:137} INFO - [2023-04-08T10:11:58.163+0000] {dag.py:2705} INFO - Sync 1 DAGs
[2023-04-08T10:11:58.396+0000] {logging_mixin.py:137} INFO - [2023-04-08T10:11:58.394+0000] {dag.py:3456} INFO - Setting next_dagrun for example_weekday_branch_operator to 2023-04-07T00:00:00+00:00, run_after=2023-04-08T00:00:00+00:00
[2023-04-08T10:11:58.519+0000] {processor.py:175} INFO - Processing /home/airflow/.local/lib/python3.7/site-packages/airflow/example_dags/example_branch_day_of_week_operator.py took 0.877 seconds
[2023-04-08T10:12:34.458+0000] {processor.py:153} INFO - Started process (PID=49065) to work on /home/airflow/.local/lib/python3.7/site-packages/airflow/example_dags/example_branch_day_of_week_operator.py
[2023-04-08T10:12:34.474+0000] {processor.py:743} INFO - Processing file /home/airflow/.local/lib/python3.7/site-packages/airflow/example_dags/example_branch_day_of_week_operator.py for tasks to queue
[2023-04-08T10:12:34.485+0000] {logging_mixin.py:137} INFO - [2023-04-08T10:12:34.484+0000] {dagbag.py:532} INFO - Filling up the DagBag from /home/airflow/.local/lib/python3.7/site-packages/airflow/example_dags/example_branch_day_of_week_operator.py
[2023-04-08T10:12:34.567+0000] {processor.py:753} INFO - DAG(s) dict_keys(['example_weekday_branch_operator']) retrieved from /home/airflow/.local/lib/python3.7/site-packages/airflow/example_dags/example_branch_day_of_week_operator.py
[2023-04-08T10:12:34.738+0000] {logging_mixin.py:137} INFO - [2023-04-08T10:12:34.737+0000] {dag.py:2705} INFO - Sync 1 DAGs
[2023-04-08T10:12:34.949+0000] {logging_mixin.py:137} INFO - [2023-04-08T10:12:34.949+0000] {dag.py:3456} INFO - Setting next_dagrun for example_weekday_branch_operator to 2023-04-07T00:00:00+00:00, run_after=2023-04-08T00:00:00+00:00
[2023-04-08T10:12:35.105+0000] {processor.py:175} INFO - Processing /home/airflow/.local/lib/python3.7/site-packages/airflow/example_dags/example_branch_day_of_week_operator.py took 0.665 seconds
[2023-04-08T10:13:17.251+0000] {processor.py:153} INFO - Started process (PID=49123) to work on /home/airflow/.local/lib/python3.7/site-packages/airflow/example_dags/example_branch_day_of_week_operator.py
[2023-04-08T10:13:17.278+0000] {processor.py:743} INFO - Processing file /home/airflow/.local/lib/python3.7/site-packages/airflow/example_dags/example_branch_day_of_week_operator.py for tasks to queue
[2023-04-08T10:13:17.297+0000] {logging_mixin.py:137} INFO - [2023-04-08T10:13:17.295+0000] {dagbag.py:532} INFO - Filling up the DagBag from /home/airflow/.local/lib/python3.7/site-packages/airflow/example_dags/example_branch_day_of_week_operator.py
[2023-04-08T10:13:17.681+0000] {processor.py:753} INFO - DAG(s) dict_keys(['example_weekday_branch_operator']) retrieved from /home/airflow/.local/lib/python3.7/site-packages/airflow/example_dags/example_branch_day_of_week_operator.py
[2023-04-08T10:13:18.488+0000] {logging_mixin.py:137} INFO - [2023-04-08T10:13:18.486+0000] {dag.py:2705} INFO - Sync 1 DAGs
[2023-04-08T10:13:19.265+0000] {logging_mixin.py:137} INFO - [2023-04-08T10:13:19.258+0000] {dag.py:3456} INFO - Setting next_dagrun for example_weekday_branch_operator to 2023-04-07T00:00:00+00:00, run_after=2023-04-08T00:00:00+00:00
[2023-04-08T10:13:19.886+0000] {processor.py:175} INFO - Processing /home/airflow/.local/lib/python3.7/site-packages/airflow/example_dags/example_branch_day_of_week_operator.py took 2.748 seconds
[2023-04-08T10:14:17.032+0000] {processor.py:153} INFO - Started process (PID=49189) to work on /home/airflow/.local/lib/python3.7/site-packages/airflow/example_dags/example_branch_day_of_week_operator.py
[2023-04-08T10:14:17.048+0000] {processor.py:743} INFO - Processing file /home/airflow/.local/lib/python3.7/site-packages/airflow/example_dags/example_branch_day_of_week_operator.py for tasks to queue
[2023-04-08T10:14:17.051+0000] {logging_mixin.py:137} INFO - [2023-04-08T10:14:17.051+0000] {dagbag.py:532} INFO - Filling up the DagBag from /home/airflow/.local/lib/python3.7/site-packages/airflow/example_dags/example_branch_day_of_week_operator.py
[2023-04-08T10:14:17.107+0000] {processor.py:753} INFO - DAG(s) dict_keys(['example_weekday_branch_operator']) retrieved from /home/airflow/.local/lib/python3.7/site-packages/airflow/example_dags/example_branch_day_of_week_operator.py
[2023-04-08T10:14:17.277+0000] {logging_mixin.py:137} INFO - [2023-04-08T10:14:17.277+0000] {dag.py:2705} INFO - Sync 1 DAGs
[2023-04-08T10:14:17.503+0000] {logging_mixin.py:137} INFO - [2023-04-08T10:14:17.503+0000] {dag.py:3456} INFO - Setting next_dagrun for example_weekday_branch_operator to 2023-04-07T00:00:00+00:00, run_after=2023-04-08T00:00:00+00:00
[2023-04-08T10:14:17.659+0000] {processor.py:175} INFO - Processing /home/airflow/.local/lib/python3.7/site-packages/airflow/example_dags/example_branch_day_of_week_operator.py took 0.650 seconds
[2023-04-08T10:15:09.950+0000] {processor.py:153} INFO - Started process (PID=49243) to work on /home/airflow/.local/lib/python3.7/site-packages/airflow/example_dags/example_branch_day_of_week_operator.py
[2023-04-08T10:15:09.957+0000] {processor.py:743} INFO - Processing file /home/airflow/.local/lib/python3.7/site-packages/airflow/example_dags/example_branch_day_of_week_operator.py for tasks to queue
[2023-04-08T10:15:09.985+0000] {logging_mixin.py:137} INFO - [2023-04-08T10:15:09.985+0000] {dagbag.py:532} INFO - Filling up the DagBag from /home/airflow/.local/lib/python3.7/site-packages/airflow/example_dags/example_branch_day_of_week_operator.py
[2023-04-08T10:15:10.047+0000] {processor.py:753} INFO - DAG(s) dict_keys(['example_weekday_branch_operator']) retrieved from /home/airflow/.local/lib/python3.7/site-packages/airflow/example_dags/example_branch_day_of_week_operator.py
[2023-04-08T10:15:10.206+0000] {logging_mixin.py:137} INFO - [2023-04-08T10:15:10.201+0000] {dag.py:2705} INFO - Sync 1 DAGs
[2023-04-08T10:15:10.686+0000] {logging_mixin.py:137} INFO - [2023-04-08T10:15:10.686+0000] {dag.py:3456} INFO - Setting next_dagrun for example_weekday_branch_operator to 2023-04-07T00:00:00+00:00, run_after=2023-04-08T00:00:00+00:00
[2023-04-08T10:15:11.155+0000] {processor.py:175} INFO - Processing /home/airflow/.local/lib/python3.7/site-packages/airflow/example_dags/example_branch_day_of_week_operator.py took 1.265 seconds
[2023-04-08T10:15:46.488+0000] {processor.py:153} INFO - Started process (PID=49294) to work on /home/airflow/.local/lib/python3.7/site-packages/airflow/example_dags/example_branch_day_of_week_operator.py
[2023-04-08T10:15:46.551+0000] {processor.py:743} INFO - Processing file /home/airflow/.local/lib/python3.7/site-packages/airflow/example_dags/example_branch_day_of_week_operator.py for tasks to queue
[2023-04-08T10:15:46.586+0000] {logging_mixin.py:137} INFO - [2023-04-08T10:15:46.584+0000] {dagbag.py:532} INFO - Filling up the DagBag from /home/airflow/.local/lib/python3.7/site-packages/airflow/example_dags/example_branch_day_of_week_operator.py
[2023-04-08T10:15:46.975+0000] {processor.py:753} INFO - DAG(s) dict_keys(['example_weekday_branch_operator']) retrieved from /home/airflow/.local/lib/python3.7/site-packages/airflow/example_dags/example_branch_day_of_week_operator.py
[2023-04-08T10:15:48.014+0000] {logging_mixin.py:137} INFO - [2023-04-08T10:15:48.013+0000] {dag.py:2705} INFO - Sync 1 DAGs
[2023-04-08T10:15:48.781+0000] {logging_mixin.py:137} INFO - [2023-04-08T10:15:48.780+0000] {dag.py:3456} INFO - Setting next_dagrun for example_weekday_branch_operator to 2023-04-07T00:00:00+00:00, run_after=2023-04-08T00:00:00+00:00
[2023-04-08T10:15:49.251+0000] {processor.py:175} INFO - Processing /home/airflow/.local/lib/python3.7/site-packages/airflow/example_dags/example_branch_day_of_week_operator.py took 2.831 seconds
[2023-04-08T10:16:20.917+0000] {processor.py:153} INFO - Started process (PID=49345) to work on /home/airflow/.local/lib/python3.7/site-packages/airflow/example_dags/example_branch_day_of_week_operator.py
[2023-04-08T10:16:20.928+0000] {processor.py:743} INFO - Processing file /home/airflow/.local/lib/python3.7/site-packages/airflow/example_dags/example_branch_day_of_week_operator.py for tasks to queue
[2023-04-08T10:16:20.965+0000] {logging_mixin.py:137} INFO - [2023-04-08T10:16:20.964+0000] {dagbag.py:532} INFO - Filling up the DagBag from /home/airflow/.local/lib/python3.7/site-packages/airflow/example_dags/example_branch_day_of_week_operator.py
[2023-04-08T10:16:21.075+0000] {processor.py:753} INFO - DAG(s) dict_keys(['example_weekday_branch_operator']) retrieved from /home/airflow/.local/lib/python3.7/site-packages/airflow/example_dags/example_branch_day_of_week_operator.py
[2023-04-08T10:16:21.505+0000] {logging_mixin.py:137} INFO - [2023-04-08T10:16:21.504+0000] {dag.py:2705} INFO - Sync 1 DAGs
[2023-04-08T10:16:21.907+0000] {logging_mixin.py:137} INFO - [2023-04-08T10:16:21.907+0000] {dag.py:3456} INFO - Setting next_dagrun for example_weekday_branch_operator to 2023-04-07T00:00:00+00:00, run_after=2023-04-08T00:00:00+00:00
[2023-04-08T10:16:22.118+0000] {processor.py:175} INFO - Processing /home/airflow/.local/lib/python3.7/site-packages/airflow/example_dags/example_branch_day_of_week_operator.py took 1.248 seconds
[2023-04-08T10:16:52.375+0000] {processor.py:153} INFO - Started process (PID=49418) to work on /home/airflow/.local/lib/python3.7/site-packages/airflow/example_dags/example_branch_day_of_week_operator.py
[2023-04-08T10:16:52.379+0000] {processor.py:743} INFO - Processing file /home/airflow/.local/lib/python3.7/site-packages/airflow/example_dags/example_branch_day_of_week_operator.py for tasks to queue
[2023-04-08T10:16:52.385+0000] {logging_mixin.py:137} INFO - [2023-04-08T10:16:52.384+0000] {dagbag.py:532} INFO - Filling up the DagBag from /home/airflow/.local/lib/python3.7/site-packages/airflow/example_dags/example_branch_day_of_week_operator.py
[2023-04-08T10:16:52.409+0000] {processor.py:753} INFO - DAG(s) dict_keys(['example_weekday_branch_operator']) retrieved from /home/airflow/.local/lib/python3.7/site-packages/airflow/example_dags/example_branch_day_of_week_operator.py
[2023-04-08T10:16:52.461+0000] {logging_mixin.py:137} INFO - [2023-04-08T10:16:52.461+0000] {dag.py:2705} INFO - Sync 1 DAGs
[2023-04-08T10:16:52.509+0000] {logging_mixin.py:137} INFO - [2023-04-08T10:16:52.508+0000] {dag.py:3456} INFO - Setting next_dagrun for example_weekday_branch_operator to 2023-04-07T00:00:00+00:00, run_after=2023-04-08T00:00:00+00:00
[2023-04-08T10:16:52.547+0000] {processor.py:175} INFO - Processing /home/airflow/.local/lib/python3.7/site-packages/airflow/example_dags/example_branch_day_of_week_operator.py took 0.179 seconds
[2023-04-08T10:17:22.929+0000] {processor.py:153} INFO - Started process (PID=49469) to work on /home/airflow/.local/lib/python3.7/site-packages/airflow/example_dags/example_branch_day_of_week_operator.py
[2023-04-08T10:17:22.937+0000] {processor.py:743} INFO - Processing file /home/airflow/.local/lib/python3.7/site-packages/airflow/example_dags/example_branch_day_of_week_operator.py for tasks to queue
[2023-04-08T10:17:22.940+0000] {logging_mixin.py:137} INFO - [2023-04-08T10:17:22.939+0000] {dagbag.py:532} INFO - Filling up the DagBag from /home/airflow/.local/lib/python3.7/site-packages/airflow/example_dags/example_branch_day_of_week_operator.py
[2023-04-08T10:17:22.955+0000] {processor.py:753} INFO - DAG(s) dict_keys(['example_weekday_branch_operator']) retrieved from /home/airflow/.local/lib/python3.7/site-packages/airflow/example_dags/example_branch_day_of_week_operator.py
[2023-04-08T10:17:22.993+0000] {logging_mixin.py:137} INFO - [2023-04-08T10:17:22.993+0000] {dag.py:2705} INFO - Sync 1 DAGs
[2023-04-08T10:17:23.032+0000] {logging_mixin.py:137} INFO - [2023-04-08T10:17:23.031+0000] {dag.py:3456} INFO - Setting next_dagrun for example_weekday_branch_operator to 2023-04-07T00:00:00+00:00, run_after=2023-04-08T00:00:00+00:00
[2023-04-08T10:17:23.064+0000] {processor.py:175} INFO - Processing /home/airflow/.local/lib/python3.7/site-packages/airflow/example_dags/example_branch_day_of_week_operator.py took 0.141 seconds
[2023-04-08T10:17:53.196+0000] {processor.py:153} INFO - Started process (PID=49520) to work on /home/airflow/.local/lib/python3.7/site-packages/airflow/example_dags/example_branch_day_of_week_operator.py
[2023-04-08T10:17:53.200+0000] {processor.py:743} INFO - Processing file /home/airflow/.local/lib/python3.7/site-packages/airflow/example_dags/example_branch_day_of_week_operator.py for tasks to queue
[2023-04-08T10:17:53.202+0000] {logging_mixin.py:137} INFO - [2023-04-08T10:17:53.202+0000] {dagbag.py:532} INFO - Filling up the DagBag from /home/airflow/.local/lib/python3.7/site-packages/airflow/example_dags/example_branch_day_of_week_operator.py
[2023-04-08T10:17:53.218+0000] {processor.py:753} INFO - DAG(s) dict_keys(['example_weekday_branch_operator']) retrieved from /home/airflow/.local/lib/python3.7/site-packages/airflow/example_dags/example_branch_day_of_week_operator.py
[2023-04-08T10:17:53.257+0000] {logging_mixin.py:137} INFO - [2023-04-08T10:17:53.257+0000] {dag.py:2705} INFO - Sync 1 DAGs
[2023-04-08T10:17:53.294+0000] {logging_mixin.py:137} INFO - [2023-04-08T10:17:53.294+0000] {dag.py:3456} INFO - Setting next_dagrun for example_weekday_branch_operator to 2023-04-07T00:00:00+00:00, run_after=2023-04-08T00:00:00+00:00
[2023-04-08T10:17:53.322+0000] {processor.py:175} INFO - Processing /home/airflow/.local/lib/python3.7/site-packages/airflow/example_dags/example_branch_day_of_week_operator.py took 0.131 seconds
[2023-04-08T10:18:23.553+0000] {processor.py:153} INFO - Started process (PID=49571) to work on /home/airflow/.local/lib/python3.7/site-packages/airflow/example_dags/example_branch_day_of_week_operator.py
[2023-04-08T10:18:23.556+0000] {processor.py:743} INFO - Processing file /home/airflow/.local/lib/python3.7/site-packages/airflow/example_dags/example_branch_day_of_week_operator.py for tasks to queue
[2023-04-08T10:18:23.558+0000] {logging_mixin.py:137} INFO - [2023-04-08T10:18:23.558+0000] {dagbag.py:532} INFO - Filling up the DagBag from /home/airflow/.local/lib/python3.7/site-packages/airflow/example_dags/example_branch_day_of_week_operator.py
[2023-04-08T10:18:23.574+0000] {processor.py:753} INFO - DAG(s) dict_keys(['example_weekday_branch_operator']) retrieved from /home/airflow/.local/lib/python3.7/site-packages/airflow/example_dags/example_branch_day_of_week_operator.py
[2023-04-08T10:18:23.614+0000] {logging_mixin.py:137} INFO - [2023-04-08T10:18:23.614+0000] {dag.py:2705} INFO - Sync 1 DAGs
[2023-04-08T10:18:23.654+0000] {logging_mixin.py:137} INFO - [2023-04-08T10:18:23.653+0000] {dag.py:3456} INFO - Setting next_dagrun for example_weekday_branch_operator to 2023-04-07T00:00:00+00:00, run_after=2023-04-08T00:00:00+00:00
[2023-04-08T10:18:23.679+0000] {processor.py:175} INFO - Processing /home/airflow/.local/lib/python3.7/site-packages/airflow/example_dags/example_branch_day_of_week_operator.py took 0.132 seconds
