[2023-04-08T07:06:44.960+0000] {processor.py:153} INFO - Started process (PID=48355) to work on /home/airflow/.local/lib/python3.7/site-packages/airflow/example_dags/example_trigger_controller_dag.py
[2023-04-08T07:06:44.973+0000] {processor.py:743} INFO - Processing file /home/airflow/.local/lib/python3.7/site-packages/airflow/example_dags/example_trigger_controller_dag.py for tasks to queue
[2023-04-08T07:06:44.986+0000] {logging_mixin.py:137} INFO - [2023-04-08T07:06:44.984+0000] {dagbag.py:532} INFO - Filling up the DagBag from /home/airflow/.local/lib/python3.7/site-packages/airflow/example_dags/example_trigger_controller_dag.py
[2023-04-08T07:06:45.080+0000] {processor.py:753} INFO - DAG(s) dict_keys(['example_trigger_controller_dag']) retrieved from /home/airflow/.local/lib/python3.7/site-packages/airflow/example_dags/example_trigger_controller_dag.py
[2023-04-08T07:06:45.324+0000] {logging_mixin.py:137} INFO - [2023-04-08T07:06:45.321+0000] {dag.py:2705} INFO - Sync 1 DAGs
[2023-04-08T07:06:45.621+0000] {logging_mixin.py:137} INFO - [2023-04-08T07:06:45.620+0000] {dag.py:3456} INFO - Setting next_dagrun for example_trigger_controller_dag to 2021-01-01T00:00:00+00:00, run_after=2021-01-01T00:00:00+00:00
[2023-04-08T07:06:45.912+0000] {processor.py:175} INFO - Processing /home/airflow/.local/lib/python3.7/site-packages/airflow/example_dags/example_trigger_controller_dag.py took 0.976 seconds
[2023-04-08T07:07:27.230+0000] {processor.py:153} INFO - Started process (PID=48406) to work on /home/airflow/.local/lib/python3.7/site-packages/airflow/example_dags/example_trigger_controller_dag.py
[2023-04-08T07:07:27.242+0000] {processor.py:743} INFO - Processing file /home/airflow/.local/lib/python3.7/site-packages/airflow/example_dags/example_trigger_controller_dag.py for tasks to queue
[2023-04-08T07:07:27.248+0000] {logging_mixin.py:137} INFO - [2023-04-08T07:07:27.248+0000] {dagbag.py:532} INFO - Filling up the DagBag from /home/airflow/.local/lib/python3.7/site-packages/airflow/example_dags/example_trigger_controller_dag.py
[2023-04-08T07:07:27.286+0000] {processor.py:753} INFO - DAG(s) dict_keys(['example_trigger_controller_dag']) retrieved from /home/airflow/.local/lib/python3.7/site-packages/airflow/example_dags/example_trigger_controller_dag.py
[2023-04-08T07:07:27.515+0000] {logging_mixin.py:137} INFO - [2023-04-08T07:07:27.515+0000] {dag.py:2705} INFO - Sync 1 DAGs
[2023-04-08T07:07:28.047+0000] {logging_mixin.py:137} INFO - [2023-04-08T07:07:28.046+0000] {dag.py:3456} INFO - Setting next_dagrun for example_trigger_controller_dag to 2021-01-01T00:00:00+00:00, run_after=2021-01-01T00:00:00+00:00
[2023-04-08T07:07:28.227+0000] {processor.py:175} INFO - Processing /home/airflow/.local/lib/python3.7/site-packages/airflow/example_dags/example_trigger_controller_dag.py took 1.029 seconds
[2023-04-08T07:08:02.713+0000] {processor.py:153} INFO - Started process (PID=48457) to work on /home/airflow/.local/lib/python3.7/site-packages/airflow/example_dags/example_trigger_controller_dag.py
[2023-04-08T07:08:02.731+0000] {processor.py:743} INFO - Processing file /home/airflow/.local/lib/python3.7/site-packages/airflow/example_dags/example_trigger_controller_dag.py for tasks to queue
[2023-04-08T07:08:02.740+0000] {logging_mixin.py:137} INFO - [2023-04-08T07:08:02.739+0000] {dagbag.py:532} INFO - Filling up the DagBag from /home/airflow/.local/lib/python3.7/site-packages/airflow/example_dags/example_trigger_controller_dag.py
[2023-04-08T07:08:02.773+0000] {processor.py:753} INFO - DAG(s) dict_keys(['example_trigger_controller_dag']) retrieved from /home/airflow/.local/lib/python3.7/site-packages/airflow/example_dags/example_trigger_controller_dag.py
[2023-04-08T07:08:02.913+0000] {logging_mixin.py:137} INFO - [2023-04-08T07:08:02.913+0000] {dag.py:2705} INFO - Sync 1 DAGs
[2023-04-08T07:08:03.018+0000] {logging_mixin.py:137} INFO - [2023-04-08T07:08:03.018+0000] {dag.py:3456} INFO - Setting next_dagrun for example_trigger_controller_dag to 2021-01-01T00:00:00+00:00, run_after=2021-01-01T00:00:00+00:00
[2023-04-08T07:08:03.140+0000] {processor.py:175} INFO - Processing /home/airflow/.local/lib/python3.7/site-packages/airflow/example_dags/example_trigger_controller_dag.py took 0.465 seconds
[2023-04-08T07:08:53.734+0000] {processor.py:153} INFO - Started process (PID=48520) to work on /home/airflow/.local/lib/python3.7/site-packages/airflow/example_dags/example_trigger_controller_dag.py
[2023-04-08T07:08:53.764+0000] {processor.py:743} INFO - Processing file /home/airflow/.local/lib/python3.7/site-packages/airflow/example_dags/example_trigger_controller_dag.py for tasks to queue
[2023-04-08T07:08:53.771+0000] {logging_mixin.py:137} INFO - [2023-04-08T07:08:53.771+0000] {dagbag.py:532} INFO - Filling up the DagBag from /home/airflow/.local/lib/python3.7/site-packages/airflow/example_dags/example_trigger_controller_dag.py
[2023-04-08T07:08:53.886+0000] {processor.py:753} INFO - DAG(s) dict_keys(['example_trigger_controller_dag']) retrieved from /home/airflow/.local/lib/python3.7/site-packages/airflow/example_dags/example_trigger_controller_dag.py
[2023-04-08T07:08:54.040+0000] {logging_mixin.py:137} INFO - [2023-04-08T07:08:54.040+0000] {dag.py:2705} INFO - Sync 1 DAGs
[2023-04-08T07:08:54.498+0000] {logging_mixin.py:137} INFO - [2023-04-08T07:08:54.497+0000] {dag.py:3456} INFO - Setting next_dagrun for example_trigger_controller_dag to 2021-01-01T00:00:00+00:00, run_after=2021-01-01T00:00:00+00:00
[2023-04-08T07:08:54.846+0000] {processor.py:175} INFO - Processing /home/airflow/.local/lib/python3.7/site-packages/airflow/example_dags/example_trigger_controller_dag.py took 1.179 seconds
[2023-04-08T07:09:40.158+0000] {processor.py:153} INFO - Started process (PID=48576) to work on /home/airflow/.local/lib/python3.7/site-packages/airflow/example_dags/example_trigger_controller_dag.py
[2023-04-08T07:09:40.212+0000] {processor.py:743} INFO - Processing file /home/airflow/.local/lib/python3.7/site-packages/airflow/example_dags/example_trigger_controller_dag.py for tasks to queue
[2023-04-08T07:09:40.253+0000] {logging_mixin.py:137} INFO - [2023-04-08T07:09:40.251+0000] {dagbag.py:532} INFO - Filling up the DagBag from /home/airflow/.local/lib/python3.7/site-packages/airflow/example_dags/example_trigger_controller_dag.py
[2023-04-08T07:09:40.505+0000] {processor.py:753} INFO - DAG(s) dict_keys(['example_trigger_controller_dag']) retrieved from /home/airflow/.local/lib/python3.7/site-packages/airflow/example_dags/example_trigger_controller_dag.py
[2023-04-08T07:09:42.340+0000] {logging_mixin.py:137} INFO - [2023-04-08T07:09:42.324+0000] {dag.py:2705} INFO - Sync 1 DAGs
[2023-04-08T07:09:43.531+0000] {logging_mixin.py:137} INFO - [2023-04-08T07:09:43.519+0000] {dag.py:3456} INFO - Setting next_dagrun for example_trigger_controller_dag to 2021-01-01T00:00:00+00:00, run_after=2021-01-01T00:00:00+00:00
[2023-04-08T07:09:44.423+0000] {processor.py:175} INFO - Processing /home/airflow/.local/lib/python3.7/site-packages/airflow/example_dags/example_trigger_controller_dag.py took 4.431 seconds
[2023-04-08T08:07:32.804+0000] {processor.py:153} INFO - Started process (PID=48666) to work on /home/airflow/.local/lib/python3.7/site-packages/airflow/example_dags/example_trigger_controller_dag.py
[2023-04-08T08:07:32.813+0000] {processor.py:743} INFO - Processing file /home/airflow/.local/lib/python3.7/site-packages/airflow/example_dags/example_trigger_controller_dag.py for tasks to queue
[2023-04-08T08:07:32.818+0000] {logging_mixin.py:137} INFO - [2023-04-08T08:07:32.817+0000] {dagbag.py:532} INFO - Filling up the DagBag from /home/airflow/.local/lib/python3.7/site-packages/airflow/example_dags/example_trigger_controller_dag.py
[2023-04-08T08:07:32.859+0000] {processor.py:753} INFO - DAG(s) dict_keys(['example_trigger_controller_dag']) retrieved from /home/airflow/.local/lib/python3.7/site-packages/airflow/example_dags/example_trigger_controller_dag.py
[2023-04-08T08:07:33.225+0000] {logging_mixin.py:137} INFO - [2023-04-08T08:07:33.225+0000] {dag.py:2705} INFO - Sync 1 DAGs
[2023-04-08T08:07:33.460+0000] {logging_mixin.py:137} INFO - [2023-04-08T08:07:33.394+0000] {dag.py:3456} INFO - Setting next_dagrun for example_trigger_controller_dag to 2021-01-01T00:00:00+00:00, run_after=2021-01-01T00:00:00+00:00
[2023-04-08T08:07:33.556+0000] {processor.py:175} INFO - Processing /home/airflow/.local/lib/python3.7/site-packages/airflow/example_dags/example_trigger_controller_dag.py took 0.773 seconds
[2023-04-08T10:09:11.588+0000] {processor.py:153} INFO - Started process (PID=48796) to work on /home/airflow/.local/lib/python3.7/site-packages/airflow/example_dags/example_trigger_controller_dag.py
[2023-04-08T10:09:11.604+0000] {processor.py:743} INFO - Processing file /home/airflow/.local/lib/python3.7/site-packages/airflow/example_dags/example_trigger_controller_dag.py for tasks to queue
[2023-04-08T10:09:11.620+0000] {logging_mixin.py:137} INFO - [2023-04-08T10:09:11.620+0000] {dagbag.py:532} INFO - Filling up the DagBag from /home/airflow/.local/lib/python3.7/site-packages/airflow/example_dags/example_trigger_controller_dag.py
[2023-04-08T10:09:11.760+0000] {processor.py:753} INFO - DAG(s) dict_keys(['example_trigger_controller_dag']) retrieved from /home/airflow/.local/lib/python3.7/site-packages/airflow/example_dags/example_trigger_controller_dag.py
[2023-04-08T10:09:12.403+0000] {logging_mixin.py:137} INFO - [2023-04-08T10:09:12.400+0000] {dag.py:2705} INFO - Sync 1 DAGs
[2023-04-08T10:09:13.107+0000] {logging_mixin.py:137} INFO - [2023-04-08T10:09:13.106+0000] {dag.py:3456} INFO - Setting next_dagrun for example_trigger_controller_dag to 2021-01-01T00:00:00+00:00, run_after=2021-01-01T00:00:00+00:00
[2023-04-08T10:09:13.659+0000] {processor.py:175} INFO - Processing /home/airflow/.local/lib/python3.7/site-packages/airflow/example_dags/example_trigger_controller_dag.py took 2.140 seconds
[2023-04-08T10:09:57.437+0000] {processor.py:153} INFO - Started process (PID=48847) to work on /home/airflow/.local/lib/python3.7/site-packages/airflow/example_dags/example_trigger_controller_dag.py
[2023-04-08T10:09:57.450+0000] {processor.py:743} INFO - Processing file /home/airflow/.local/lib/python3.7/site-packages/airflow/example_dags/example_trigger_controller_dag.py for tasks to queue
[2023-04-08T10:09:57.457+0000] {logging_mixin.py:137} INFO - [2023-04-08T10:09:57.456+0000] {dagbag.py:532} INFO - Filling up the DagBag from /home/airflow/.local/lib/python3.7/site-packages/airflow/example_dags/example_trigger_controller_dag.py
[2023-04-08T10:09:57.539+0000] {processor.py:753} INFO - DAG(s) dict_keys(['example_trigger_controller_dag']) retrieved from /home/airflow/.local/lib/python3.7/site-packages/airflow/example_dags/example_trigger_controller_dag.py
[2023-04-08T10:09:57.774+0000] {logging_mixin.py:137} INFO - [2023-04-08T10:09:57.773+0000] {dag.py:2705} INFO - Sync 1 DAGs
[2023-04-08T10:09:57.953+0000] {logging_mixin.py:137} INFO - [2023-04-08T10:09:57.953+0000] {dag.py:3456} INFO - Setting next_dagrun for example_trigger_controller_dag to 2021-01-01T00:00:00+00:00, run_after=2021-01-01T00:00:00+00:00
[2023-04-08T10:09:58.166+0000] {processor.py:175} INFO - Processing /home/airflow/.local/lib/python3.7/site-packages/airflow/example_dags/example_trigger_controller_dag.py took 0.756 seconds
[2023-04-08T10:10:33.158+0000] {processor.py:153} INFO - Started process (PID=48898) to work on /home/airflow/.local/lib/python3.7/site-packages/airflow/example_dags/example_trigger_controller_dag.py
[2023-04-08T10:10:33.199+0000] {processor.py:743} INFO - Processing file /home/airflow/.local/lib/python3.7/site-packages/airflow/example_dags/example_trigger_controller_dag.py for tasks to queue
[2023-04-08T10:10:33.219+0000] {logging_mixin.py:137} INFO - [2023-04-08T10:10:33.213+0000] {dagbag.py:532} INFO - Filling up the DagBag from /home/airflow/.local/lib/python3.7/site-packages/airflow/example_dags/example_trigger_controller_dag.py
[2023-04-08T10:10:33.280+0000] {processor.py:753} INFO - DAG(s) dict_keys(['example_trigger_controller_dag']) retrieved from /home/airflow/.local/lib/python3.7/site-packages/airflow/example_dags/example_trigger_controller_dag.py
[2023-04-08T10:10:33.703+0000] {logging_mixin.py:137} INFO - [2023-04-08T10:10:33.703+0000] {dag.py:2705} INFO - Sync 1 DAGs
[2023-04-08T10:10:34.101+0000] {logging_mixin.py:137} INFO - [2023-04-08T10:10:34.034+0000] {dag.py:3456} INFO - Setting next_dagrun for example_trigger_controller_dag to 2021-01-01T00:00:00+00:00, run_after=2021-01-01T00:00:00+00:00
[2023-04-08T10:10:34.837+0000] {processor.py:175} INFO - Processing /home/airflow/.local/lib/python3.7/site-packages/airflow/example_dags/example_trigger_controller_dag.py took 1.812 seconds
[2023-04-08T10:11:13.655+0000] {processor.py:153} INFO - Started process (PID=48966) to work on /home/airflow/.local/lib/python3.7/site-packages/airflow/example_dags/example_trigger_controller_dag.py
[2023-04-08T10:11:13.669+0000] {processor.py:743} INFO - Processing file /home/airflow/.local/lib/python3.7/site-packages/airflow/example_dags/example_trigger_controller_dag.py for tasks to queue
[2023-04-08T10:11:13.689+0000] {logging_mixin.py:137} INFO - [2023-04-08T10:11:13.689+0000] {dagbag.py:532} INFO - Filling up the DagBag from /home/airflow/.local/lib/python3.7/site-packages/airflow/example_dags/example_trigger_controller_dag.py
[2023-04-08T10:11:13.763+0000] {processor.py:753} INFO - DAG(s) dict_keys(['example_trigger_controller_dag']) retrieved from /home/airflow/.local/lib/python3.7/site-packages/airflow/example_dags/example_trigger_controller_dag.py
[2023-04-08T10:11:14.093+0000] {logging_mixin.py:137} INFO - [2023-04-08T10:11:14.093+0000] {dag.py:2705} INFO - Sync 1 DAGs
[2023-04-08T10:11:14.229+0000] {logging_mixin.py:137} INFO - [2023-04-08T10:11:14.228+0000] {dag.py:3456} INFO - Setting next_dagrun for example_trigger_controller_dag to 2021-01-01T00:00:00+00:00, run_after=2021-01-01T00:00:00+00:00
[2023-04-08T10:11:14.368+0000] {processor.py:175} INFO - Processing /home/airflow/.local/lib/python3.7/site-packages/airflow/example_dags/example_trigger_controller_dag.py took 0.767 seconds
[2023-04-08T10:12:06.200+0000] {processor.py:153} INFO - Started process (PID=49024) to work on /home/airflow/.local/lib/python3.7/site-packages/airflow/example_dags/example_trigger_controller_dag.py
[2023-04-08T10:12:06.208+0000] {processor.py:743} INFO - Processing file /home/airflow/.local/lib/python3.7/site-packages/airflow/example_dags/example_trigger_controller_dag.py for tasks to queue
[2023-04-08T10:12:06.213+0000] {logging_mixin.py:137} INFO - [2023-04-08T10:12:06.213+0000] {dagbag.py:532} INFO - Filling up the DagBag from /home/airflow/.local/lib/python3.7/site-packages/airflow/example_dags/example_trigger_controller_dag.py
[2023-04-08T10:12:06.268+0000] {processor.py:753} INFO - DAG(s) dict_keys(['example_trigger_controller_dag']) retrieved from /home/airflow/.local/lib/python3.7/site-packages/airflow/example_dags/example_trigger_controller_dag.py
[2023-04-08T10:12:06.527+0000] {logging_mixin.py:137} INFO - [2023-04-08T10:12:06.526+0000] {dag.py:2705} INFO - Sync 1 DAGs
[2023-04-08T10:12:06.778+0000] {logging_mixin.py:137} INFO - [2023-04-08T10:12:06.777+0000] {dag.py:3456} INFO - Setting next_dagrun for example_trigger_controller_dag to 2021-01-01T00:00:00+00:00, run_after=2021-01-01T00:00:00+00:00
[2023-04-08T10:12:06.953+0000] {processor.py:175} INFO - Processing /home/airflow/.local/lib/python3.7/site-packages/airflow/example_dags/example_trigger_controller_dag.py took 0.797 seconds
[2023-04-08T10:12:45.238+0000] {processor.py:153} INFO - Started process (PID=49085) to work on /home/airflow/.local/lib/python3.7/site-packages/airflow/example_dags/example_trigger_controller_dag.py
[2023-04-08T10:12:45.253+0000] {processor.py:743} INFO - Processing file /home/airflow/.local/lib/python3.7/site-packages/airflow/example_dags/example_trigger_controller_dag.py for tasks to queue
[2023-04-08T10:12:45.264+0000] {logging_mixin.py:137} INFO - [2023-04-08T10:12:45.263+0000] {dagbag.py:532} INFO - Filling up the DagBag from /home/airflow/.local/lib/python3.7/site-packages/airflow/example_dags/example_trigger_controller_dag.py
[2023-04-08T10:12:45.297+0000] {processor.py:753} INFO - DAG(s) dict_keys(['example_trigger_controller_dag']) retrieved from /home/airflow/.local/lib/python3.7/site-packages/airflow/example_dags/example_trigger_controller_dag.py
[2023-04-08T10:12:45.494+0000] {logging_mixin.py:137} INFO - [2023-04-08T10:12:45.494+0000] {dag.py:2705} INFO - Sync 1 DAGs
[2023-04-08T10:12:45.729+0000] {logging_mixin.py:137} INFO - [2023-04-08T10:12:45.728+0000] {dag.py:3456} INFO - Setting next_dagrun for example_trigger_controller_dag to 2021-01-01T00:00:00+00:00, run_after=2021-01-01T00:00:00+00:00
[2023-04-08T10:12:45.924+0000] {processor.py:175} INFO - Processing /home/airflow/.local/lib/python3.7/site-packages/airflow/example_dags/example_trigger_controller_dag.py took 0.726 seconds
[2023-04-08T10:13:45.536+0000] {processor.py:153} INFO - Started process (PID=49148) to work on /home/airflow/.local/lib/python3.7/site-packages/airflow/example_dags/example_trigger_controller_dag.py
[2023-04-08T10:13:45.593+0000] {processor.py:743} INFO - Processing file /home/airflow/.local/lib/python3.7/site-packages/airflow/example_dags/example_trigger_controller_dag.py for tasks to queue
[2023-04-08T10:13:45.714+0000] {logging_mixin.py:137} INFO - [2023-04-08T10:13:45.712+0000] {dagbag.py:532} INFO - Filling up the DagBag from /home/airflow/.local/lib/python3.7/site-packages/airflow/example_dags/example_trigger_controller_dag.py
[2023-04-08T10:13:45.784+0000] {processor.py:753} INFO - DAG(s) dict_keys(['example_trigger_controller_dag']) retrieved from /home/airflow/.local/lib/python3.7/site-packages/airflow/example_dags/example_trigger_controller_dag.py
[2023-04-08T10:13:46.378+0000] {logging_mixin.py:137} INFO - [2023-04-08T10:13:46.377+0000] {dag.py:2705} INFO - Sync 1 DAGs
[2023-04-08T10:13:47.393+0000] {logging_mixin.py:137} INFO - [2023-04-08T10:13:47.390+0000] {dag.py:3456} INFO - Setting next_dagrun for example_trigger_controller_dag to 2021-01-01T00:00:00+00:00, run_after=2021-01-01T00:00:00+00:00
[2023-04-08T10:13:47.659+0000] {processor.py:175} INFO - Processing /home/airflow/.local/lib/python3.7/site-packages/airflow/example_dags/example_trigger_controller_dag.py took 2.233 seconds
[2023-04-08T10:14:37.541+0000] {processor.py:153} INFO - Started process (PID=49203) to work on /home/airflow/.local/lib/python3.7/site-packages/airflow/example_dags/example_trigger_controller_dag.py
[2023-04-08T10:14:37.553+0000] {processor.py:743} INFO - Processing file /home/airflow/.local/lib/python3.7/site-packages/airflow/example_dags/example_trigger_controller_dag.py for tasks to queue
[2023-04-08T10:14:37.566+0000] {logging_mixin.py:137} INFO - [2023-04-08T10:14:37.564+0000] {dagbag.py:532} INFO - Filling up the DagBag from /home/airflow/.local/lib/python3.7/site-packages/airflow/example_dags/example_trigger_controller_dag.py
[2023-04-08T10:14:37.635+0000] {processor.py:753} INFO - DAG(s) dict_keys(['example_trigger_controller_dag']) retrieved from /home/airflow/.local/lib/python3.7/site-packages/airflow/example_dags/example_trigger_controller_dag.py
[2023-04-08T10:14:37.930+0000] {logging_mixin.py:137} INFO - [2023-04-08T10:14:37.929+0000] {dag.py:2705} INFO - Sync 1 DAGs
[2023-04-08T10:14:38.113+0000] {logging_mixin.py:137} INFO - [2023-04-08T10:14:38.111+0000] {dag.py:3456} INFO - Setting next_dagrun for example_trigger_controller_dag to 2021-01-01T00:00:00+00:00, run_after=2021-01-01T00:00:00+00:00
[2023-04-08T10:14:38.335+0000] {processor.py:175} INFO - Processing /home/airflow/.local/lib/python3.7/site-packages/airflow/example_dags/example_trigger_controller_dag.py took 0.883 seconds
[2023-04-08T10:15:19.878+0000] {processor.py:153} INFO - Started process (PID=49266) to work on /home/airflow/.local/lib/python3.7/site-packages/airflow/example_dags/example_trigger_controller_dag.py
[2023-04-08T10:15:19.897+0000] {processor.py:743} INFO - Processing file /home/airflow/.local/lib/python3.7/site-packages/airflow/example_dags/example_trigger_controller_dag.py for tasks to queue
[2023-04-08T10:15:19.911+0000] {logging_mixin.py:137} INFO - [2023-04-08T10:15:19.910+0000] {dagbag.py:532} INFO - Filling up the DagBag from /home/airflow/.local/lib/python3.7/site-packages/airflow/example_dags/example_trigger_controller_dag.py
[2023-04-08T10:15:20.076+0000] {processor.py:753} INFO - DAG(s) dict_keys(['example_trigger_controller_dag']) retrieved from /home/airflow/.local/lib/python3.7/site-packages/airflow/example_dags/example_trigger_controller_dag.py
[2023-04-08T10:15:20.641+0000] {logging_mixin.py:137} INFO - [2023-04-08T10:15:20.621+0000] {dag.py:2705} INFO - Sync 1 DAGs
[2023-04-08T10:15:21.020+0000] {logging_mixin.py:137} INFO - [2023-04-08T10:15:21.014+0000] {dag.py:3456} INFO - Setting next_dagrun for example_trigger_controller_dag to 2021-01-01T00:00:00+00:00, run_after=2021-01-01T00:00:00+00:00
[2023-04-08T10:15:21.279+0000] {processor.py:175} INFO - Processing /home/airflow/.local/lib/python3.7/site-packages/airflow/example_dags/example_trigger_controller_dag.py took 1.478 seconds
[2023-04-08T10:16:02.097+0000] {processor.py:153} INFO - Started process (PID=49319) to work on /home/airflow/.local/lib/python3.7/site-packages/airflow/example_dags/example_trigger_controller_dag.py
[2023-04-08T10:16:02.108+0000] {processor.py:743} INFO - Processing file /home/airflow/.local/lib/python3.7/site-packages/airflow/example_dags/example_trigger_controller_dag.py for tasks to queue
[2023-04-08T10:16:02.115+0000] {logging_mixin.py:137} INFO - [2023-04-08T10:16:02.115+0000] {dagbag.py:532} INFO - Filling up the DagBag from /home/airflow/.local/lib/python3.7/site-packages/airflow/example_dags/example_trigger_controller_dag.py
[2023-04-08T10:16:02.146+0000] {processor.py:753} INFO - DAG(s) dict_keys(['example_trigger_controller_dag']) retrieved from /home/airflow/.local/lib/python3.7/site-packages/airflow/example_dags/example_trigger_controller_dag.py
[2023-04-08T10:16:02.294+0000] {logging_mixin.py:137} INFO - [2023-04-08T10:16:02.294+0000] {dag.py:2705} INFO - Sync 1 DAGs
[2023-04-08T10:16:02.405+0000] {logging_mixin.py:137} INFO - [2023-04-08T10:16:02.405+0000] {dag.py:3456} INFO - Setting next_dagrun for example_trigger_controller_dag to 2021-01-01T00:00:00+00:00, run_after=2021-01-01T00:00:00+00:00
[2023-04-08T10:16:02.497+0000] {processor.py:175} INFO - Processing /home/airflow/.local/lib/python3.7/site-packages/airflow/example_dags/example_trigger_controller_dag.py took 0.427 seconds
[2023-04-08T10:16:32.842+0000] {processor.py:153} INFO - Started process (PID=49373) to work on /home/airflow/.local/lib/python3.7/site-packages/airflow/example_dags/example_trigger_controller_dag.py
[2023-04-08T10:16:32.849+0000] {processor.py:743} INFO - Processing file /home/airflow/.local/lib/python3.7/site-packages/airflow/example_dags/example_trigger_controller_dag.py for tasks to queue
[2023-04-08T10:16:32.854+0000] {logging_mixin.py:137} INFO - [2023-04-08T10:16:32.854+0000] {dagbag.py:532} INFO - Filling up the DagBag from /home/airflow/.local/lib/python3.7/site-packages/airflow/example_dags/example_trigger_controller_dag.py
[2023-04-08T10:16:32.884+0000] {processor.py:753} INFO - DAG(s) dict_keys(['example_trigger_controller_dag']) retrieved from /home/airflow/.local/lib/python3.7/site-packages/airflow/example_dags/example_trigger_controller_dag.py
[2023-04-08T10:16:33.007+0000] {logging_mixin.py:137} INFO - [2023-04-08T10:16:33.007+0000] {dag.py:2705} INFO - Sync 1 DAGs
[2023-04-08T10:16:33.113+0000] {logging_mixin.py:137} INFO - [2023-04-08T10:16:33.113+0000] {dag.py:3456} INFO - Setting next_dagrun for example_trigger_controller_dag to 2021-01-01T00:00:00+00:00, run_after=2021-01-01T00:00:00+00:00
[2023-04-08T10:16:33.207+0000] {processor.py:175} INFO - Processing /home/airflow/.local/lib/python3.7/site-packages/airflow/example_dags/example_trigger_controller_dag.py took 0.392 seconds
[2023-04-08T10:17:03.323+0000] {processor.py:153} INFO - Started process (PID=49435) to work on /home/airflow/.local/lib/python3.7/site-packages/airflow/example_dags/example_trigger_controller_dag.py
[2023-04-08T10:17:03.325+0000] {processor.py:743} INFO - Processing file /home/airflow/.local/lib/python3.7/site-packages/airflow/example_dags/example_trigger_controller_dag.py for tasks to queue
[2023-04-08T10:17:03.327+0000] {logging_mixin.py:137} INFO - [2023-04-08T10:17:03.327+0000] {dagbag.py:532} INFO - Filling up the DagBag from /home/airflow/.local/lib/python3.7/site-packages/airflow/example_dags/example_trigger_controller_dag.py
[2023-04-08T10:17:03.336+0000] {processor.py:753} INFO - DAG(s) dict_keys(['example_trigger_controller_dag']) retrieved from /home/airflow/.local/lib/python3.7/site-packages/airflow/example_dags/example_trigger_controller_dag.py
[2023-04-08T10:17:03.373+0000] {logging_mixin.py:137} INFO - [2023-04-08T10:17:03.372+0000] {dag.py:2705} INFO - Sync 1 DAGs
[2023-04-08T10:17:03.403+0000] {logging_mixin.py:137} INFO - [2023-04-08T10:17:03.403+0000] {dag.py:3456} INFO - Setting next_dagrun for example_trigger_controller_dag to 2021-01-01T00:00:00+00:00, run_after=2021-01-01T00:00:00+00:00
[2023-04-08T10:17:03.426+0000] {processor.py:175} INFO - Processing /home/airflow/.local/lib/python3.7/site-packages/airflow/example_dags/example_trigger_controller_dag.py took 0.108 seconds
[2023-04-08T10:17:33.572+0000] {processor.py:153} INFO - Started process (PID=49486) to work on /home/airflow/.local/lib/python3.7/site-packages/airflow/example_dags/example_trigger_controller_dag.py
[2023-04-08T10:17:33.575+0000] {processor.py:743} INFO - Processing file /home/airflow/.local/lib/python3.7/site-packages/airflow/example_dags/example_trigger_controller_dag.py for tasks to queue
[2023-04-08T10:17:33.578+0000] {logging_mixin.py:137} INFO - [2023-04-08T10:17:33.578+0000] {dagbag.py:532} INFO - Filling up the DagBag from /home/airflow/.local/lib/python3.7/site-packages/airflow/example_dags/example_trigger_controller_dag.py
[2023-04-08T10:17:33.595+0000] {processor.py:753} INFO - DAG(s) dict_keys(['example_trigger_controller_dag']) retrieved from /home/airflow/.local/lib/python3.7/site-packages/airflow/example_dags/example_trigger_controller_dag.py
[2023-04-08T10:17:33.649+0000] {logging_mixin.py:137} INFO - [2023-04-08T10:17:33.649+0000] {dag.py:2705} INFO - Sync 1 DAGs
[2023-04-08T10:17:33.703+0000] {logging_mixin.py:137} INFO - [2023-04-08T10:17:33.703+0000] {dag.py:3456} INFO - Setting next_dagrun for example_trigger_controller_dag to 2021-01-01T00:00:00+00:00, run_after=2021-01-01T00:00:00+00:00
[2023-04-08T10:17:33.744+0000] {processor.py:175} INFO - Processing /home/airflow/.local/lib/python3.7/site-packages/airflow/example_dags/example_trigger_controller_dag.py took 0.181 seconds
[2023-04-08T10:18:03.927+0000] {processor.py:153} INFO - Started process (PID=49537) to work on /home/airflow/.local/lib/python3.7/site-packages/airflow/example_dags/example_trigger_controller_dag.py
[2023-04-08T10:18:03.930+0000] {processor.py:743} INFO - Processing file /home/airflow/.local/lib/python3.7/site-packages/airflow/example_dags/example_trigger_controller_dag.py for tasks to queue
[2023-04-08T10:18:03.932+0000] {logging_mixin.py:137} INFO - [2023-04-08T10:18:03.932+0000] {dagbag.py:532} INFO - Filling up the DagBag from /home/airflow/.local/lib/python3.7/site-packages/airflow/example_dags/example_trigger_controller_dag.py
[2023-04-08T10:18:03.943+0000] {processor.py:753} INFO - DAG(s) dict_keys(['example_trigger_controller_dag']) retrieved from /home/airflow/.local/lib/python3.7/site-packages/airflow/example_dags/example_trigger_controller_dag.py
[2023-04-08T10:18:03.982+0000] {logging_mixin.py:137} INFO - [2023-04-08T10:18:03.982+0000] {dag.py:2705} INFO - Sync 1 DAGs
[2023-04-08T10:18:04.018+0000] {logging_mixin.py:137} INFO - [2023-04-08T10:18:04.018+0000] {dag.py:3456} INFO - Setting next_dagrun for example_trigger_controller_dag to 2021-01-01T00:00:00+00:00, run_after=2021-01-01T00:00:00+00:00
[2023-04-08T10:18:04.049+0000] {processor.py:175} INFO - Processing /home/airflow/.local/lib/python3.7/site-packages/airflow/example_dags/example_trigger_controller_dag.py took 0.127 seconds
[2023-04-08T10:18:34.219+0000] {processor.py:153} INFO - Started process (PID=49588) to work on /home/airflow/.local/lib/python3.7/site-packages/airflow/example_dags/example_trigger_controller_dag.py
[2023-04-08T10:18:34.222+0000] {processor.py:743} INFO - Processing file /home/airflow/.local/lib/python3.7/site-packages/airflow/example_dags/example_trigger_controller_dag.py for tasks to queue
[2023-04-08T10:18:34.226+0000] {logging_mixin.py:137} INFO - [2023-04-08T10:18:34.226+0000] {dagbag.py:532} INFO - Filling up the DagBag from /home/airflow/.local/lib/python3.7/site-packages/airflow/example_dags/example_trigger_controller_dag.py
[2023-04-08T10:18:34.238+0000] {processor.py:753} INFO - DAG(s) dict_keys(['example_trigger_controller_dag']) retrieved from /home/airflow/.local/lib/python3.7/site-packages/airflow/example_dags/example_trigger_controller_dag.py
[2023-04-08T10:18:34.275+0000] {logging_mixin.py:137} INFO - [2023-04-08T10:18:34.275+0000] {dag.py:2705} INFO - Sync 1 DAGs
[2023-04-08T10:18:34.314+0000] {logging_mixin.py:137} INFO - [2023-04-08T10:18:34.314+0000] {dag.py:3456} INFO - Setting next_dagrun for example_trigger_controller_dag to 2021-01-01T00:00:00+00:00, run_after=2021-01-01T00:00:00+00:00
[2023-04-08T10:18:34.342+0000] {processor.py:175} INFO - Processing /home/airflow/.local/lib/python3.7/site-packages/airflow/example_dags/example_trigger_controller_dag.py took 0.130 seconds
