[2023-04-08T07:06:36.639+0000] {processor.py:153} INFO - Started process (PID=48344) to work on /home/airflow/.local/lib/python3.7/site-packages/airflow/example_dags/example_local_kubernetes_executor.py
[2023-04-08T07:06:36.677+0000] {processor.py:743} INFO - Processing file /home/airflow/.local/lib/python3.7/site-packages/airflow/example_dags/example_local_kubernetes_executor.py for tasks to queue
[2023-04-08T07:06:36.691+0000] {logging_mixin.py:137} INFO - [2023-04-08T07:06:36.690+0000] {dagbag.py:532} INFO - Filling up the DagBag from /home/airflow/.local/lib/python3.7/site-packages/airflow/example_dags/example_local_kubernetes_executor.py
[2023-04-08T07:06:37.166+0000] {processor.py:753} INFO - DAG(s) dict_keys(['example_local_kubernetes_executor']) retrieved from /home/airflow/.local/lib/python3.7/site-packages/airflow/example_dags/example_local_kubernetes_executor.py
[2023-04-08T07:06:37.936+0000] {logging_mixin.py:137} INFO - [2023-04-08T07:06:37.934+0000] {dag.py:2705} INFO - Sync 1 DAGs
[2023-04-08T07:06:38.344+0000] {logging_mixin.py:137} INFO - [2023-04-08T07:06:38.343+0000] {dag.py:3456} INFO - Setting next_dagrun for example_local_kubernetes_executor to None, run_after=None
[2023-04-08T07:06:38.483+0000] {processor.py:175} INFO - Processing /home/airflow/.local/lib/python3.7/site-packages/airflow/example_dags/example_local_kubernetes_executor.py took 1.892 seconds
[2023-04-08T07:07:18.454+0000] {processor.py:153} INFO - Started process (PID=48395) to work on /home/airflow/.local/lib/python3.7/site-packages/airflow/example_dags/example_local_kubernetes_executor.py
[2023-04-08T07:07:18.696+0000] {processor.py:743} INFO - Processing file /home/airflow/.local/lib/python3.7/site-packages/airflow/example_dags/example_local_kubernetes_executor.py for tasks to queue
[2023-04-08T07:07:18.719+0000] {logging_mixin.py:137} INFO - [2023-04-08T07:07:18.716+0000] {dagbag.py:532} INFO - Filling up the DagBag from /home/airflow/.local/lib/python3.7/site-packages/airflow/example_dags/example_local_kubernetes_executor.py
[2023-04-08T07:07:19.481+0000] {processor.py:753} INFO - DAG(s) dict_keys(['example_local_kubernetes_executor']) retrieved from /home/airflow/.local/lib/python3.7/site-packages/airflow/example_dags/example_local_kubernetes_executor.py
[2023-04-08T07:07:19.787+0000] {logging_mixin.py:137} INFO - [2023-04-08T07:07:19.787+0000] {dag.py:2705} INFO - Sync 1 DAGs
[2023-04-08T07:07:19.978+0000] {logging_mixin.py:137} INFO - [2023-04-08T07:07:19.978+0000] {dag.py:3456} INFO - Setting next_dagrun for example_local_kubernetes_executor to None, run_after=None
[2023-04-08T07:07:20.102+0000] {processor.py:175} INFO - Processing /home/airflow/.local/lib/python3.7/site-packages/airflow/example_dags/example_local_kubernetes_executor.py took 1.744 seconds
[2023-04-08T07:07:56.185+0000] {processor.py:153} INFO - Started process (PID=48446) to work on /home/airflow/.local/lib/python3.7/site-packages/airflow/example_dags/example_local_kubernetes_executor.py
[2023-04-08T07:07:56.192+0000] {processor.py:743} INFO - Processing file /home/airflow/.local/lib/python3.7/site-packages/airflow/example_dags/example_local_kubernetes_executor.py for tasks to queue
[2023-04-08T07:07:56.201+0000] {logging_mixin.py:137} INFO - [2023-04-08T07:07:56.201+0000] {dagbag.py:532} INFO - Filling up the DagBag from /home/airflow/.local/lib/python3.7/site-packages/airflow/example_dags/example_local_kubernetes_executor.py
[2023-04-08T07:07:56.380+0000] {processor.py:753} INFO - DAG(s) dict_keys(['example_local_kubernetes_executor']) retrieved from /home/airflow/.local/lib/python3.7/site-packages/airflow/example_dags/example_local_kubernetes_executor.py
[2023-04-08T07:07:56.529+0000] {logging_mixin.py:137} INFO - [2023-04-08T07:07:56.529+0000] {dag.py:2705} INFO - Sync 1 DAGs
[2023-04-08T07:07:56.624+0000] {logging_mixin.py:137} INFO - [2023-04-08T07:07:56.623+0000] {dag.py:3456} INFO - Setting next_dagrun for example_local_kubernetes_executor to None, run_after=None
[2023-04-08T07:07:56.811+0000] {processor.py:175} INFO - Processing /home/airflow/.local/lib/python3.7/site-packages/airflow/example_dags/example_local_kubernetes_executor.py took 0.663 seconds
[2023-04-08T07:08:33.055+0000] {processor.py:153} INFO - Started process (PID=48497) to work on /home/airflow/.local/lib/python3.7/site-packages/airflow/example_dags/example_local_kubernetes_executor.py
[2023-04-08T07:08:33.075+0000] {processor.py:743} INFO - Processing file /home/airflow/.local/lib/python3.7/site-packages/airflow/example_dags/example_local_kubernetes_executor.py for tasks to queue
[2023-04-08T07:08:33.090+0000] {logging_mixin.py:137} INFO - [2023-04-08T07:08:33.090+0000] {dagbag.py:532} INFO - Filling up the DagBag from /home/airflow/.local/lib/python3.7/site-packages/airflow/example_dags/example_local_kubernetes_executor.py
[2023-04-08T07:08:33.281+0000] {processor.py:753} INFO - DAG(s) dict_keys(['example_local_kubernetes_executor']) retrieved from /home/airflow/.local/lib/python3.7/site-packages/airflow/example_dags/example_local_kubernetes_executor.py
[2023-04-08T07:08:34.209+0000] {logging_mixin.py:137} INFO - [2023-04-08T07:08:34.201+0000] {dag.py:2705} INFO - Sync 1 DAGs
[2023-04-08T07:08:35.516+0000] {logging_mixin.py:137} INFO - [2023-04-08T07:08:35.482+0000] {dag.py:3456} INFO - Setting next_dagrun for example_local_kubernetes_executor to None, run_after=None
[2023-04-08T07:08:38.747+0000] {processor.py:175} INFO - Processing /home/airflow/.local/lib/python3.7/site-packages/airflow/example_dags/example_local_kubernetes_executor.py took 5.718 seconds
[2023-04-08T07:09:09.928+0000] {processor.py:153} INFO - Started process (PID=48550) to work on /home/airflow/.local/lib/python3.7/site-packages/airflow/example_dags/example_local_kubernetes_executor.py
[2023-04-08T07:09:09.934+0000] {processor.py:743} INFO - Processing file /home/airflow/.local/lib/python3.7/site-packages/airflow/example_dags/example_local_kubernetes_executor.py for tasks to queue
[2023-04-08T07:09:09.938+0000] {logging_mixin.py:137} INFO - [2023-04-08T07:09:09.937+0000] {dagbag.py:532} INFO - Filling up the DagBag from /home/airflow/.local/lib/python3.7/site-packages/airflow/example_dags/example_local_kubernetes_executor.py
[2023-04-08T07:09:10.072+0000] {processor.py:753} INFO - DAG(s) dict_keys(['example_local_kubernetes_executor']) retrieved from /home/airflow/.local/lib/python3.7/site-packages/airflow/example_dags/example_local_kubernetes_executor.py
[2023-04-08T07:09:10.410+0000] {logging_mixin.py:137} INFO - [2023-04-08T07:09:10.409+0000] {dag.py:2705} INFO - Sync 1 DAGs
[2023-04-08T07:09:10.631+0000] {logging_mixin.py:137} INFO - [2023-04-08T07:09:10.629+0000] {dag.py:3456} INFO - Setting next_dagrun for example_local_kubernetes_executor to None, run_after=None
[2023-04-08T07:09:10.761+0000] {processor.py:175} INFO - Processing /home/airflow/.local/lib/python3.7/site-packages/airflow/example_dags/example_local_kubernetes_executor.py took 0.894 seconds
[2023-04-08T08:07:24.807+0000] {processor.py:153} INFO - Started process (PID=48655) to work on /home/airflow/.local/lib/python3.7/site-packages/airflow/example_dags/example_local_kubernetes_executor.py
[2023-04-08T08:07:24.819+0000] {processor.py:743} INFO - Processing file /home/airflow/.local/lib/python3.7/site-packages/airflow/example_dags/example_local_kubernetes_executor.py for tasks to queue
[2023-04-08T08:07:24.823+0000] {logging_mixin.py:137} INFO - [2023-04-08T08:07:24.822+0000] {dagbag.py:532} INFO - Filling up the DagBag from /home/airflow/.local/lib/python3.7/site-packages/airflow/example_dags/example_local_kubernetes_executor.py
[2023-04-08T08:07:25.107+0000] {processor.py:753} INFO - DAG(s) dict_keys(['example_local_kubernetes_executor']) retrieved from /home/airflow/.local/lib/python3.7/site-packages/airflow/example_dags/example_local_kubernetes_executor.py
[2023-04-08T08:07:25.453+0000] {logging_mixin.py:137} INFO - [2023-04-08T08:07:25.453+0000] {dag.py:2705} INFO - Sync 1 DAGs
[2023-04-08T08:07:25.608+0000] {logging_mixin.py:137} INFO - [2023-04-08T08:07:25.608+0000] {dag.py:3456} INFO - Setting next_dagrun for example_local_kubernetes_executor to None, run_after=None
[2023-04-08T08:07:25.717+0000] {processor.py:175} INFO - Processing /home/airflow/.local/lib/python3.7/site-packages/airflow/example_dags/example_local_kubernetes_executor.py took 0.942 seconds
[2023-04-08T09:05:36.511+0000] {processor.py:153} INFO - Started process (PID=48729) to work on /home/airflow/.local/lib/python3.7/site-packages/airflow/example_dags/example_local_kubernetes_executor.py
[2023-04-08T09:05:36.658+0000] {processor.py:743} INFO - Processing file /home/airflow/.local/lib/python3.7/site-packages/airflow/example_dags/example_local_kubernetes_executor.py for tasks to queue
[2023-04-08T09:05:36.856+0000] {logging_mixin.py:137} INFO - [2023-04-08T09:05:36.834+0000] {dagbag.py:532} INFO - Filling up the DagBag from /home/airflow/.local/lib/python3.7/site-packages/airflow/example_dags/example_local_kubernetes_executor.py
[2023-04-08T09:05:41.885+0000] {processor.py:753} INFO - DAG(s) dict_keys(['example_local_kubernetes_executor']) retrieved from /home/airflow/.local/lib/python3.7/site-packages/airflow/example_dags/example_local_kubernetes_executor.py
[2023-04-08T09:05:47.869+0000] {logging_mixin.py:137} INFO - [2023-04-08T09:05:47.746+0000] {dag.py:2705} INFO - Sync 1 DAGs
[2023-04-08T09:05:53.730+0000] {logging_mixin.py:137} INFO - [2023-04-08T09:05:53.726+0000] {dag.py:3456} INFO - Setting next_dagrun for example_local_kubernetes_executor to None, run_after=None
[2023-04-08T09:06:04.047+0000] {processor.py:175} INFO - Processing /home/airflow/.local/lib/python3.7/site-packages/airflow/example_dags/example_local_kubernetes_executor.py took 28.332 seconds
[2023-04-08T10:09:51.231+0000] {processor.py:153} INFO - Started process (PID=48836) to work on /home/airflow/.local/lib/python3.7/site-packages/airflow/example_dags/example_local_kubernetes_executor.py
[2023-04-08T10:09:51.247+0000] {processor.py:743} INFO - Processing file /home/airflow/.local/lib/python3.7/site-packages/airflow/example_dags/example_local_kubernetes_executor.py for tasks to queue
[2023-04-08T10:09:51.255+0000] {logging_mixin.py:137} INFO - [2023-04-08T10:09:51.251+0000] {dagbag.py:532} INFO - Filling up the DagBag from /home/airflow/.local/lib/python3.7/site-packages/airflow/example_dags/example_local_kubernetes_executor.py
[2023-04-08T10:09:51.634+0000] {processor.py:753} INFO - DAG(s) dict_keys(['example_local_kubernetes_executor']) retrieved from /home/airflow/.local/lib/python3.7/site-packages/airflow/example_dags/example_local_kubernetes_executor.py
[2023-04-08T10:09:51.914+0000] {logging_mixin.py:137} INFO - [2023-04-08T10:09:51.913+0000] {dag.py:2705} INFO - Sync 1 DAGs
[2023-04-08T10:09:52.062+0000] {logging_mixin.py:137} INFO - [2023-04-08T10:09:52.059+0000] {dag.py:3456} INFO - Setting next_dagrun for example_local_kubernetes_executor to None, run_after=None
[2023-04-08T10:09:52.285+0000] {processor.py:175} INFO - Processing /home/airflow/.local/lib/python3.7/site-packages/airflow/example_dags/example_local_kubernetes_executor.py took 1.095 seconds
[2023-04-08T10:10:24.818+0000] {processor.py:153} INFO - Started process (PID=48887) to work on /home/airflow/.local/lib/python3.7/site-packages/airflow/example_dags/example_local_kubernetes_executor.py
[2023-04-08T10:10:24.824+0000] {processor.py:743} INFO - Processing file /home/airflow/.local/lib/python3.7/site-packages/airflow/example_dags/example_local_kubernetes_executor.py for tasks to queue
[2023-04-08T10:10:24.828+0000] {logging_mixin.py:137} INFO - [2023-04-08T10:10:24.828+0000] {dagbag.py:532} INFO - Filling up the DagBag from /home/airflow/.local/lib/python3.7/site-packages/airflow/example_dags/example_local_kubernetes_executor.py
[2023-04-08T10:10:24.949+0000] {processor.py:753} INFO - DAG(s) dict_keys(['example_local_kubernetes_executor']) retrieved from /home/airflow/.local/lib/python3.7/site-packages/airflow/example_dags/example_local_kubernetes_executor.py
[2023-04-08T10:10:25.231+0000] {logging_mixin.py:137} INFO - [2023-04-08T10:10:25.230+0000] {dag.py:2705} INFO - Sync 1 DAGs
[2023-04-08T10:10:25.415+0000] {logging_mixin.py:137} INFO - [2023-04-08T10:10:25.415+0000] {dag.py:3456} INFO - Setting next_dagrun for example_local_kubernetes_executor to None, run_after=None
[2023-04-08T10:10:25.549+0000] {processor.py:175} INFO - Processing /home/airflow/.local/lib/python3.7/site-packages/airflow/example_dags/example_local_kubernetes_executor.py took 0.769 seconds
[2023-04-08T10:11:00.317+0000] {processor.py:153} INFO - Started process (PID=48945) to work on /home/airflow/.local/lib/python3.7/site-packages/airflow/example_dags/example_local_kubernetes_executor.py
[2023-04-08T10:11:00.331+0000] {processor.py:743} INFO - Processing file /home/airflow/.local/lib/python3.7/site-packages/airflow/example_dags/example_local_kubernetes_executor.py for tasks to queue
[2023-04-08T10:11:00.376+0000] {logging_mixin.py:137} INFO - [2023-04-08T10:11:00.376+0000] {dagbag.py:532} INFO - Filling up the DagBag from /home/airflow/.local/lib/python3.7/site-packages/airflow/example_dags/example_local_kubernetes_executor.py
[2023-04-08T10:11:00.713+0000] {processor.py:753} INFO - DAG(s) dict_keys(['example_local_kubernetes_executor']) retrieved from /home/airflow/.local/lib/python3.7/site-packages/airflow/example_dags/example_local_kubernetes_executor.py
[2023-04-08T10:11:01.028+0000] {logging_mixin.py:137} INFO - [2023-04-08T10:11:01.026+0000] {dag.py:2705} INFO - Sync 1 DAGs
[2023-04-08T10:11:01.454+0000] {logging_mixin.py:137} INFO - [2023-04-08T10:11:01.454+0000] {dag.py:3456} INFO - Setting next_dagrun for example_local_kubernetes_executor to None, run_after=None
[2023-04-08T10:11:01.658+0000] {processor.py:175} INFO - Processing /home/airflow/.local/lib/python3.7/site-packages/airflow/example_dags/example_local_kubernetes_executor.py took 1.380 seconds
[2023-04-08T10:11:53.509+0000] {processor.py:153} INFO - Started process (PID=49007) to work on /home/airflow/.local/lib/python3.7/site-packages/airflow/example_dags/example_local_kubernetes_executor.py
[2023-04-08T10:11:53.534+0000] {processor.py:743} INFO - Processing file /home/airflow/.local/lib/python3.7/site-packages/airflow/example_dags/example_local_kubernetes_executor.py for tasks to queue
[2023-04-08T10:11:53.542+0000] {logging_mixin.py:137} INFO - [2023-04-08T10:11:53.540+0000] {dagbag.py:532} INFO - Filling up the DagBag from /home/airflow/.local/lib/python3.7/site-packages/airflow/example_dags/example_local_kubernetes_executor.py
[2023-04-08T10:11:53.904+0000] {processor.py:753} INFO - DAG(s) dict_keys(['example_local_kubernetes_executor']) retrieved from /home/airflow/.local/lib/python3.7/site-packages/airflow/example_dags/example_local_kubernetes_executor.py
[2023-04-08T10:11:54.195+0000] {logging_mixin.py:137} INFO - [2023-04-08T10:11:54.195+0000] {dag.py:2705} INFO - Sync 1 DAGs
[2023-04-08T10:11:54.356+0000] {logging_mixin.py:137} INFO - [2023-04-08T10:11:54.356+0000] {dag.py:3456} INFO - Setting next_dagrun for example_local_kubernetes_executor to None, run_after=None
[2023-04-08T10:11:54.546+0000] {processor.py:175} INFO - Processing /home/airflow/.local/lib/python3.7/site-packages/airflow/example_dags/example_local_kubernetes_executor.py took 1.078 seconds
[2023-04-08T10:12:25.400+0000] {processor.py:153} INFO - Started process (PID=49059) to work on /home/airflow/.local/lib/python3.7/site-packages/airflow/example_dags/example_local_kubernetes_executor.py
[2023-04-08T10:12:25.407+0000] {processor.py:743} INFO - Processing file /home/airflow/.local/lib/python3.7/site-packages/airflow/example_dags/example_local_kubernetes_executor.py for tasks to queue
[2023-04-08T10:12:25.413+0000] {logging_mixin.py:137} INFO - [2023-04-08T10:12:25.411+0000] {dagbag.py:532} INFO - Filling up the DagBag from /home/airflow/.local/lib/python3.7/site-packages/airflow/example_dags/example_local_kubernetes_executor.py
[2023-04-08T10:12:25.692+0000] {processor.py:753} INFO - DAG(s) dict_keys(['example_local_kubernetes_executor']) retrieved from /home/airflow/.local/lib/python3.7/site-packages/airflow/example_dags/example_local_kubernetes_executor.py
[2023-04-08T10:12:26.055+0000] {logging_mixin.py:137} INFO - [2023-04-08T10:12:26.039+0000] {dag.py:2705} INFO - Sync 1 DAGs
[2023-04-08T10:12:26.342+0000] {logging_mixin.py:137} INFO - [2023-04-08T10:12:26.339+0000] {dag.py:3456} INFO - Setting next_dagrun for example_local_kubernetes_executor to None, run_after=None
[2023-04-08T10:12:27.449+0000] {processor.py:175} INFO - Processing /home/airflow/.local/lib/python3.7/site-packages/airflow/example_dags/example_local_kubernetes_executor.py took 2.068 seconds
[2023-04-08T10:13:08.560+0000] {processor.py:153} INFO - Started process (PID=49110) to work on /home/airflow/.local/lib/python3.7/site-packages/airflow/example_dags/example_local_kubernetes_executor.py
[2023-04-08T10:13:08.570+0000] {processor.py:743} INFO - Processing file /home/airflow/.local/lib/python3.7/site-packages/airflow/example_dags/example_local_kubernetes_executor.py for tasks to queue
[2023-04-08T10:13:08.576+0000] {logging_mixin.py:137} INFO - [2023-04-08T10:13:08.575+0000] {dagbag.py:532} INFO - Filling up the DagBag from /home/airflow/.local/lib/python3.7/site-packages/airflow/example_dags/example_local_kubernetes_executor.py
[2023-04-08T10:13:08.965+0000] {processor.py:753} INFO - DAG(s) dict_keys(['example_local_kubernetes_executor']) retrieved from /home/airflow/.local/lib/python3.7/site-packages/airflow/example_dags/example_local_kubernetes_executor.py
[2023-04-08T10:13:09.462+0000] {logging_mixin.py:137} INFO - [2023-04-08T10:13:09.461+0000] {dag.py:2705} INFO - Sync 1 DAGs
[2023-04-08T10:13:10.173+0000] {logging_mixin.py:137} INFO - [2023-04-08T10:13:10.167+0000] {dag.py:3456} INFO - Setting next_dagrun for example_local_kubernetes_executor to None, run_after=None
[2023-04-08T10:13:10.934+0000] {processor.py:175} INFO - Processing /home/airflow/.local/lib/python3.7/site-packages/airflow/example_dags/example_local_kubernetes_executor.py took 2.406 seconds
[2023-04-08T10:14:00.793+0000] {processor.py:153} INFO - Started process (PID=49160) to work on /home/airflow/.local/lib/python3.7/site-packages/airflow/example_dags/example_local_kubernetes_executor.py
[2023-04-08T10:14:00.802+0000] {processor.py:743} INFO - Processing file /home/airflow/.local/lib/python3.7/site-packages/airflow/example_dags/example_local_kubernetes_executor.py for tasks to queue
[2023-04-08T10:14:00.810+0000] {logging_mixin.py:137} INFO - [2023-04-08T10:14:00.806+0000] {dagbag.py:532} INFO - Filling up the DagBag from /home/airflow/.local/lib/python3.7/site-packages/airflow/example_dags/example_local_kubernetes_executor.py
[2023-04-08T10:14:01.398+0000] {processor.py:753} INFO - DAG(s) dict_keys(['example_local_kubernetes_executor']) retrieved from /home/airflow/.local/lib/python3.7/site-packages/airflow/example_dags/example_local_kubernetes_executor.py
[2023-04-08T10:14:01.705+0000] {logging_mixin.py:137} INFO - [2023-04-08T10:14:01.704+0000] {dag.py:2705} INFO - Sync 1 DAGs
[2023-04-08T10:14:01.838+0000] {logging_mixin.py:137} INFO - [2023-04-08T10:14:01.838+0000] {dag.py:3456} INFO - Setting next_dagrun for example_local_kubernetes_executor to None, run_after=None
[2023-04-08T10:14:01.948+0000] {processor.py:175} INFO - Processing /home/airflow/.local/lib/python3.7/site-packages/airflow/example_dags/example_local_kubernetes_executor.py took 1.323 seconds
[2023-04-08T10:14:48.592+0000] {processor.py:153} INFO - Started process (PID=49219) to work on /home/airflow/.local/lib/python3.7/site-packages/airflow/example_dags/example_local_kubernetes_executor.py
[2023-04-08T10:14:48.602+0000] {processor.py:743} INFO - Processing file /home/airflow/.local/lib/python3.7/site-packages/airflow/example_dags/example_local_kubernetes_executor.py for tasks to queue
[2023-04-08T10:14:48.612+0000] {logging_mixin.py:137} INFO - [2023-04-08T10:14:48.611+0000] {dagbag.py:532} INFO - Filling up the DagBag from /home/airflow/.local/lib/python3.7/site-packages/airflow/example_dags/example_local_kubernetes_executor.py
[2023-04-08T10:14:48.866+0000] {processor.py:753} INFO - DAG(s) dict_keys(['example_local_kubernetes_executor']) retrieved from /home/airflow/.local/lib/python3.7/site-packages/airflow/example_dags/example_local_kubernetes_executor.py
[2023-04-08T10:14:49.681+0000] {logging_mixin.py:137} INFO - [2023-04-08T10:14:49.680+0000] {dag.py:2705} INFO - Sync 1 DAGs
[2023-04-08T10:14:50.171+0000] {logging_mixin.py:137} INFO - [2023-04-08T10:14:50.169+0000] {dag.py:3456} INFO - Setting next_dagrun for example_local_kubernetes_executor to None, run_after=None
[2023-04-08T10:14:50.427+0000] {processor.py:175} INFO - Processing /home/airflow/.local/lib/python3.7/site-packages/airflow/example_dags/example_local_kubernetes_executor.py took 1.891 seconds
[2023-04-08T10:15:27.216+0000] {processor.py:153} INFO - Started process (PID=49274) to work on /home/airflow/.local/lib/python3.7/site-packages/airflow/example_dags/example_local_kubernetes_executor.py
[2023-04-08T10:15:27.223+0000] {processor.py:743} INFO - Processing file /home/airflow/.local/lib/python3.7/site-packages/airflow/example_dags/example_local_kubernetes_executor.py for tasks to queue
[2023-04-08T10:15:27.227+0000] {logging_mixin.py:137} INFO - [2023-04-08T10:15:27.226+0000] {dagbag.py:532} INFO - Filling up the DagBag from /home/airflow/.local/lib/python3.7/site-packages/airflow/example_dags/example_local_kubernetes_executor.py
[2023-04-08T10:15:27.288+0000] {processor.py:753} INFO - DAG(s) dict_keys(['example_local_kubernetes_executor']) retrieved from /home/airflow/.local/lib/python3.7/site-packages/airflow/example_dags/example_local_kubernetes_executor.py
[2023-04-08T10:15:27.464+0000] {logging_mixin.py:137} INFO - [2023-04-08T10:15:27.462+0000] {dag.py:2705} INFO - Sync 1 DAGs
[2023-04-08T10:15:27.870+0000] {logging_mixin.py:137} INFO - [2023-04-08T10:15:27.870+0000] {dag.py:3456} INFO - Setting next_dagrun for example_local_kubernetes_executor to None, run_after=None
[2023-04-08T10:15:28.057+0000] {processor.py:175} INFO - Processing /home/airflow/.local/lib/python3.7/site-packages/airflow/example_dags/example_local_kubernetes_executor.py took 0.854 seconds
[2023-04-08T10:16:03.571+0000] {processor.py:153} INFO - Started process (PID=49323) to work on /home/airflow/.local/lib/python3.7/site-packages/airflow/example_dags/example_local_kubernetes_executor.py
[2023-04-08T10:16:03.594+0000] {processor.py:743} INFO - Processing file /home/airflow/.local/lib/python3.7/site-packages/airflow/example_dags/example_local_kubernetes_executor.py for tasks to queue
[2023-04-08T10:16:03.615+0000] {logging_mixin.py:137} INFO - [2023-04-08T10:16:03.614+0000] {dagbag.py:532} INFO - Filling up the DagBag from /home/airflow/.local/lib/python3.7/site-packages/airflow/example_dags/example_local_kubernetes_executor.py
[2023-04-08T10:16:03.896+0000] {processor.py:753} INFO - DAG(s) dict_keys(['example_local_kubernetes_executor']) retrieved from /home/airflow/.local/lib/python3.7/site-packages/airflow/example_dags/example_local_kubernetes_executor.py
[2023-04-08T10:16:04.112+0000] {logging_mixin.py:137} INFO - [2023-04-08T10:16:04.112+0000] {dag.py:2705} INFO - Sync 1 DAGs
[2023-04-08T10:16:04.235+0000] {logging_mixin.py:137} INFO - [2023-04-08T10:16:04.234+0000] {dag.py:3456} INFO - Setting next_dagrun for example_local_kubernetes_executor to None, run_after=None
[2023-04-08T10:16:04.354+0000] {processor.py:175} INFO - Processing /home/airflow/.local/lib/python3.7/site-packages/airflow/example_dags/example_local_kubernetes_executor.py took 0.885 seconds
[2023-04-08T10:16:34.595+0000] {processor.py:153} INFO - Started process (PID=49377) to work on /home/airflow/.local/lib/python3.7/site-packages/airflow/example_dags/example_local_kubernetes_executor.py
[2023-04-08T10:16:34.602+0000] {processor.py:743} INFO - Processing file /home/airflow/.local/lib/python3.7/site-packages/airflow/example_dags/example_local_kubernetes_executor.py for tasks to queue
[2023-04-08T10:16:34.611+0000] {logging_mixin.py:137} INFO - [2023-04-08T10:16:34.610+0000] {dagbag.py:532} INFO - Filling up the DagBag from /home/airflow/.local/lib/python3.7/site-packages/airflow/example_dags/example_local_kubernetes_executor.py
[2023-04-08T10:16:34.681+0000] {processor.py:753} INFO - DAG(s) dict_keys(['example_local_kubernetes_executor']) retrieved from /home/airflow/.local/lib/python3.7/site-packages/airflow/example_dags/example_local_kubernetes_executor.py
[2023-04-08T10:16:34.765+0000] {logging_mixin.py:137} INFO - [2023-04-08T10:16:34.765+0000] {dag.py:2705} INFO - Sync 1 DAGs
[2023-04-08T10:16:34.902+0000] {logging_mixin.py:137} INFO - [2023-04-08T10:16:34.902+0000] {dag.py:3456} INFO - Setting next_dagrun for example_local_kubernetes_executor to None, run_after=None
[2023-04-08T10:16:35.004+0000] {processor.py:175} INFO - Processing /home/airflow/.local/lib/python3.7/site-packages/airflow/example_dags/example_local_kubernetes_executor.py took 0.429 seconds
[2023-04-08T10:17:05.724+0000] {processor.py:153} INFO - Started process (PID=49440) to work on /home/airflow/.local/lib/python3.7/site-packages/airflow/example_dags/example_local_kubernetes_executor.py
[2023-04-08T10:17:05.728+0000] {processor.py:743} INFO - Processing file /home/airflow/.local/lib/python3.7/site-packages/airflow/example_dags/example_local_kubernetes_executor.py for tasks to queue
[2023-04-08T10:17:05.732+0000] {logging_mixin.py:137} INFO - [2023-04-08T10:17:05.731+0000] {dagbag.py:532} INFO - Filling up the DagBag from /home/airflow/.local/lib/python3.7/site-packages/airflow/example_dags/example_local_kubernetes_executor.py
[2023-04-08T10:17:05.764+0000] {processor.py:753} INFO - DAG(s) dict_keys(['example_local_kubernetes_executor']) retrieved from /home/airflow/.local/lib/python3.7/site-packages/airflow/example_dags/example_local_kubernetes_executor.py
[2023-04-08T10:17:05.809+0000] {logging_mixin.py:137} INFO - [2023-04-08T10:17:05.809+0000] {dag.py:2705} INFO - Sync 1 DAGs
[2023-04-08T10:17:05.851+0000] {logging_mixin.py:137} INFO - [2023-04-08T10:17:05.851+0000] {dag.py:3456} INFO - Setting next_dagrun for example_local_kubernetes_executor to None, run_after=None
[2023-04-08T10:17:05.885+0000] {processor.py:175} INFO - Processing /home/airflow/.local/lib/python3.7/site-packages/airflow/example_dags/example_local_kubernetes_executor.py took 0.167 seconds
[2023-04-08T10:17:36.061+0000] {processor.py:153} INFO - Started process (PID=49491) to work on /home/airflow/.local/lib/python3.7/site-packages/airflow/example_dags/example_local_kubernetes_executor.py
[2023-04-08T10:17:36.066+0000] {processor.py:743} INFO - Processing file /home/airflow/.local/lib/python3.7/site-packages/airflow/example_dags/example_local_kubernetes_executor.py for tasks to queue
[2023-04-08T10:17:36.068+0000] {logging_mixin.py:137} INFO - [2023-04-08T10:17:36.068+0000] {dagbag.py:532} INFO - Filling up the DagBag from /home/airflow/.local/lib/python3.7/site-packages/airflow/example_dags/example_local_kubernetes_executor.py
[2023-04-08T10:17:36.098+0000] {processor.py:753} INFO - DAG(s) dict_keys(['example_local_kubernetes_executor']) retrieved from /home/airflow/.local/lib/python3.7/site-packages/airflow/example_dags/example_local_kubernetes_executor.py
[2023-04-08T10:17:36.135+0000] {logging_mixin.py:137} INFO - [2023-04-08T10:17:36.135+0000] {dag.py:2705} INFO - Sync 1 DAGs
[2023-04-08T10:17:36.168+0000] {logging_mixin.py:137} INFO - [2023-04-08T10:17:36.168+0000] {dag.py:3456} INFO - Setting next_dagrun for example_local_kubernetes_executor to None, run_after=None
[2023-04-08T10:17:36.194+0000] {processor.py:175} INFO - Processing /home/airflow/.local/lib/python3.7/site-packages/airflow/example_dags/example_local_kubernetes_executor.py took 0.139 seconds
[2023-04-08T10:18:06.285+0000] {processor.py:153} INFO - Started process (PID=49542) to work on /home/airflow/.local/lib/python3.7/site-packages/airflow/example_dags/example_local_kubernetes_executor.py
[2023-04-08T10:18:06.288+0000] {processor.py:743} INFO - Processing file /home/airflow/.local/lib/python3.7/site-packages/airflow/example_dags/example_local_kubernetes_executor.py for tasks to queue
[2023-04-08T10:18:06.290+0000] {logging_mixin.py:137} INFO - [2023-04-08T10:18:06.290+0000] {dagbag.py:532} INFO - Filling up the DagBag from /home/airflow/.local/lib/python3.7/site-packages/airflow/example_dags/example_local_kubernetes_executor.py
[2023-04-08T10:18:06.315+0000] {processor.py:753} INFO - DAG(s) dict_keys(['example_local_kubernetes_executor']) retrieved from /home/airflow/.local/lib/python3.7/site-packages/airflow/example_dags/example_local_kubernetes_executor.py
[2023-04-08T10:18:06.355+0000] {logging_mixin.py:137} INFO - [2023-04-08T10:18:06.355+0000] {dag.py:2705} INFO - Sync 1 DAGs
[2023-04-08T10:18:06.389+0000] {logging_mixin.py:137} INFO - [2023-04-08T10:18:06.389+0000] {dag.py:3456} INFO - Setting next_dagrun for example_local_kubernetes_executor to None, run_after=None
[2023-04-08T10:18:06.415+0000] {processor.py:175} INFO - Processing /home/airflow/.local/lib/python3.7/site-packages/airflow/example_dags/example_local_kubernetes_executor.py took 0.137 seconds
