[2023-04-08T07:06:36.246+0000] {processor.py:153} INFO - Started process (PID=48336) to work on /home/airflow/.local/lib/python3.7/site-packages/airflow/example_dags/example_task_group_decorator.py
[2023-04-08T07:06:36.253+0000] {processor.py:743} INFO - Processing file /home/airflow/.local/lib/python3.7/site-packages/airflow/example_dags/example_task_group_decorator.py for tasks to queue
[2023-04-08T07:06:36.272+0000] {logging_mixin.py:137} INFO - [2023-04-08T07:06:36.271+0000] {dagbag.py:532} INFO - Filling up the DagBag from /home/airflow/.local/lib/python3.7/site-packages/airflow/example_dags/example_task_group_decorator.py
[2023-04-08T07:06:36.667+0000] {processor.py:753} INFO - DAG(s) dict_keys(['example_task_group_decorator']) retrieved from /home/airflow/.local/lib/python3.7/site-packages/airflow/example_dags/example_task_group_decorator.py
[2023-04-08T07:06:37.013+0000] {logging_mixin.py:137} INFO - [2023-04-08T07:06:37.013+0000] {dag.py:2705} INFO - Sync 1 DAGs
[2023-04-08T07:06:37.191+0000] {logging_mixin.py:137} INFO - [2023-04-08T07:06:37.191+0000] {dag.py:3456} INFO - Setting next_dagrun for example_task_group_decorator to 2023-04-07T07:06:37.190737+00:00, run_after=2023-04-08T07:06:37.190737+00:00
[2023-04-08T07:06:37.371+0000] {processor.py:175} INFO - Processing /home/airflow/.local/lib/python3.7/site-packages/airflow/example_dags/example_task_group_decorator.py took 1.145 seconds
[2023-04-08T07:07:15.890+0000] {processor.py:153} INFO - Started process (PID=48394) to work on /home/airflow/.local/lib/python3.7/site-packages/airflow/example_dags/example_task_group_decorator.py
[2023-04-08T07:07:15.989+0000] {processor.py:743} INFO - Processing file /home/airflow/.local/lib/python3.7/site-packages/airflow/example_dags/example_task_group_decorator.py for tasks to queue
[2023-04-08T07:07:15.996+0000] {logging_mixin.py:137} INFO - [2023-04-08T07:07:15.995+0000] {dagbag.py:532} INFO - Filling up the DagBag from /home/airflow/.local/lib/python3.7/site-packages/airflow/example_dags/example_task_group_decorator.py
[2023-04-08T07:07:16.335+0000] {processor.py:753} INFO - DAG(s) dict_keys(['example_task_group_decorator']) retrieved from /home/airflow/.local/lib/python3.7/site-packages/airflow/example_dags/example_task_group_decorator.py
[2023-04-08T07:07:16.562+0000] {logging_mixin.py:137} INFO - [2023-04-08T07:07:16.559+0000] {dag.py:2705} INFO - Sync 1 DAGs
[2023-04-08T07:07:16.885+0000] {logging_mixin.py:137} INFO - [2023-04-08T07:07:16.884+0000] {dag.py:3456} INFO - Setting next_dagrun for example_task_group_decorator to 2023-04-07T07:07:16.883252+00:00, run_after=2023-04-08T07:07:16.883252+00:00
[2023-04-08T07:07:17.676+0000] {processor.py:175} INFO - Processing /home/airflow/.local/lib/python3.7/site-packages/airflow/example_dags/example_task_group_decorator.py took 1.909 seconds
[2023-04-08T07:07:54.671+0000] {processor.py:153} INFO - Started process (PID=48445) to work on /home/airflow/.local/lib/python3.7/site-packages/airflow/example_dags/example_task_group_decorator.py
[2023-04-08T07:07:54.682+0000] {processor.py:743} INFO - Processing file /home/airflow/.local/lib/python3.7/site-packages/airflow/example_dags/example_task_group_decorator.py for tasks to queue
[2023-04-08T07:07:54.687+0000] {logging_mixin.py:137} INFO - [2023-04-08T07:07:54.686+0000] {dagbag.py:532} INFO - Filling up the DagBag from /home/airflow/.local/lib/python3.7/site-packages/airflow/example_dags/example_task_group_decorator.py
[2023-04-08T07:07:55.263+0000] {processor.py:753} INFO - DAG(s) dict_keys(['example_task_group_decorator']) retrieved from /home/airflow/.local/lib/python3.7/site-packages/airflow/example_dags/example_task_group_decorator.py
[2023-04-08T07:07:55.739+0000] {logging_mixin.py:137} INFO - [2023-04-08T07:07:55.738+0000] {dag.py:2705} INFO - Sync 1 DAGs
[2023-04-08T07:07:55.930+0000] {logging_mixin.py:137} INFO - [2023-04-08T07:07:55.929+0000] {dag.py:3456} INFO - Setting next_dagrun for example_task_group_decorator to 2023-04-07T07:07:55.928934+00:00, run_after=2023-04-08T07:07:55.928934+00:00
[2023-04-08T07:07:56.034+0000] {processor.py:175} INFO - Processing /home/airflow/.local/lib/python3.7/site-packages/airflow/example_dags/example_task_group_decorator.py took 1.396 seconds
[2023-04-08T07:08:30.560+0000] {processor.py:153} INFO - Started process (PID=48496) to work on /home/airflow/.local/lib/python3.7/site-packages/airflow/example_dags/example_task_group_decorator.py
[2023-04-08T07:08:30.568+0000] {processor.py:743} INFO - Processing file /home/airflow/.local/lib/python3.7/site-packages/airflow/example_dags/example_task_group_decorator.py for tasks to queue
[2023-04-08T07:08:30.577+0000] {logging_mixin.py:137} INFO - [2023-04-08T07:08:30.576+0000] {dagbag.py:532} INFO - Filling up the DagBag from /home/airflow/.local/lib/python3.7/site-packages/airflow/example_dags/example_task_group_decorator.py
[2023-04-08T07:08:30.879+0000] {processor.py:753} INFO - DAG(s) dict_keys(['example_task_group_decorator']) retrieved from /home/airflow/.local/lib/python3.7/site-packages/airflow/example_dags/example_task_group_decorator.py
[2023-04-08T07:08:31.195+0000] {logging_mixin.py:137} INFO - [2023-04-08T07:08:31.195+0000] {dag.py:2705} INFO - Sync 1 DAGs
[2023-04-08T07:08:32.156+0000] {logging_mixin.py:137} INFO - [2023-04-08T07:08:32.153+0000] {dag.py:3456} INFO - Setting next_dagrun for example_task_group_decorator to 2023-04-07T07:08:32.149938+00:00, run_after=2023-04-08T07:08:32.149938+00:00
[2023-04-08T07:08:32.559+0000] {processor.py:175} INFO - Processing /home/airflow/.local/lib/python3.7/site-packages/airflow/example_dags/example_task_group_decorator.py took 2.017 seconds
[2023-04-08T07:09:07.643+0000] {processor.py:153} INFO - Started process (PID=48549) to work on /home/airflow/.local/lib/python3.7/site-packages/airflow/example_dags/example_task_group_decorator.py
[2023-04-08T07:09:07.649+0000] {processor.py:743} INFO - Processing file /home/airflow/.local/lib/python3.7/site-packages/airflow/example_dags/example_task_group_decorator.py for tasks to queue
[2023-04-08T07:09:07.658+0000] {logging_mixin.py:137} INFO - [2023-04-08T07:09:07.657+0000] {dagbag.py:532} INFO - Filling up the DagBag from /home/airflow/.local/lib/python3.7/site-packages/airflow/example_dags/example_task_group_decorator.py
[2023-04-08T07:09:07.799+0000] {processor.py:753} INFO - DAG(s) dict_keys(['example_task_group_decorator']) retrieved from /home/airflow/.local/lib/python3.7/site-packages/airflow/example_dags/example_task_group_decorator.py
[2023-04-08T07:09:07.944+0000] {logging_mixin.py:137} INFO - [2023-04-08T07:09:07.943+0000] {dag.py:2705} INFO - Sync 1 DAGs
[2023-04-08T07:09:08.040+0000] {logging_mixin.py:137} INFO - [2023-04-08T07:09:08.040+0000] {dag.py:3456} INFO - Setting next_dagrun for example_task_group_decorator to 2023-04-07T07:09:08.039775+00:00, run_after=2023-04-08T07:09:08.039775+00:00
[2023-04-08T07:09:08.136+0000] {processor.py:175} INFO - Processing /home/airflow/.local/lib/python3.7/site-packages/airflow/example_dags/example_task_group_decorator.py took 0.521 seconds
[2023-04-08T08:07:24.478+0000] {processor.py:153} INFO - Started process (PID=48654) to work on /home/airflow/.local/lib/python3.7/site-packages/airflow/example_dags/example_task_group_decorator.py
[2023-04-08T08:07:24.521+0000] {processor.py:743} INFO - Processing file /home/airflow/.local/lib/python3.7/site-packages/airflow/example_dags/example_task_group_decorator.py for tasks to queue
[2023-04-08T08:07:24.539+0000] {logging_mixin.py:137} INFO - [2023-04-08T08:07:24.539+0000] {dagbag.py:532} INFO - Filling up the DagBag from /home/airflow/.local/lib/python3.7/site-packages/airflow/example_dags/example_task_group_decorator.py
[2023-04-08T08:07:24.905+0000] {processor.py:753} INFO - DAG(s) dict_keys(['example_task_group_decorator']) retrieved from /home/airflow/.local/lib/python3.7/site-packages/airflow/example_dags/example_task_group_decorator.py
[2023-04-08T08:07:25.175+0000] {logging_mixin.py:137} INFO - [2023-04-08T08:07:25.174+0000] {dag.py:2705} INFO - Sync 1 DAGs
[2023-04-08T08:07:25.454+0000] {logging_mixin.py:137} INFO - [2023-04-08T08:07:25.454+0000] {dag.py:3456} INFO - Setting next_dagrun for example_task_group_decorator to 2023-04-07T08:07:25.453055+00:00, run_after=2023-04-08T08:07:25.453055+00:00
[2023-04-08T08:07:25.656+0000] {processor.py:175} INFO - Processing /home/airflow/.local/lib/python3.7/site-packages/airflow/example_dags/example_task_group_decorator.py took 1.234 seconds
[2023-04-08T09:05:16.018+0000] {processor.py:153} INFO - Started process (PID=48720) to work on /home/airflow/.local/lib/python3.7/site-packages/airflow/example_dags/example_task_group_decorator.py
[2023-04-08T09:05:16.239+0000] {processor.py:743} INFO - Processing file /home/airflow/.local/lib/python3.7/site-packages/airflow/example_dags/example_task_group_decorator.py for tasks to queue
[2023-04-08T09:05:16.344+0000] {logging_mixin.py:137} INFO - [2023-04-08T09:05:16.310+0000] {dagbag.py:532} INFO - Filling up the DagBag from /home/airflow/.local/lib/python3.7/site-packages/airflow/example_dags/example_task_group_decorator.py
[2023-04-08T09:05:25.358+0000] {processor.py:753} INFO - DAG(s) dict_keys(['example_task_group_decorator']) retrieved from /home/airflow/.local/lib/python3.7/site-packages/airflow/example_dags/example_task_group_decorator.py
[2023-04-08T09:05:32.987+0000] {logging_mixin.py:137} INFO - [2023-04-08T09:05:32.968+0000] {dag.py:2705} INFO - Sync 1 DAGs
[2023-04-08T09:05:37.040+0000] {logging_mixin.py:137} INFO - [2023-04-08T09:05:37.035+0000] {dag.py:3456} INFO - Setting next_dagrun for example_task_group_decorator to 2023-04-07T09:05:36.984708+00:00, run_after=2023-04-08T09:05:36.984708+00:00
[2023-04-08T09:05:39.415+0000] {processor.py:175} INFO - Processing /home/airflow/.local/lib/python3.7/site-packages/airflow/example_dags/example_task_group_decorator.py took 24.075 seconds
[2023-04-08T10:09:50.274+0000] {processor.py:153} INFO - Started process (PID=48835) to work on /home/airflow/.local/lib/python3.7/site-packages/airflow/example_dags/example_task_group_decorator.py
[2023-04-08T10:09:50.291+0000] {processor.py:743} INFO - Processing file /home/airflow/.local/lib/python3.7/site-packages/airflow/example_dags/example_task_group_decorator.py for tasks to queue
[2023-04-08T10:09:50.303+0000] {logging_mixin.py:137} INFO - [2023-04-08T10:09:50.302+0000] {dagbag.py:532} INFO - Filling up the DagBag from /home/airflow/.local/lib/python3.7/site-packages/airflow/example_dags/example_task_group_decorator.py
[2023-04-08T10:09:50.491+0000] {processor.py:753} INFO - DAG(s) dict_keys(['example_task_group_decorator']) retrieved from /home/airflow/.local/lib/python3.7/site-packages/airflow/example_dags/example_task_group_decorator.py
[2023-04-08T10:09:51.016+0000] {logging_mixin.py:137} INFO - [2023-04-08T10:09:51.011+0000] {dag.py:2705} INFO - Sync 1 DAGs
[2023-04-08T10:09:51.305+0000] {logging_mixin.py:137} INFO - [2023-04-08T10:09:51.304+0000] {dag.py:3456} INFO - Setting next_dagrun for example_task_group_decorator to 2023-04-07T10:09:51.303061+00:00, run_after=2023-04-08T10:09:51.303061+00:00
[2023-04-08T10:09:51.422+0000] {processor.py:175} INFO - Processing /home/airflow/.local/lib/python3.7/site-packages/airflow/example_dags/example_task_group_decorator.py took 1.173 seconds
[2023-04-08T10:10:24.091+0000] {processor.py:153} INFO - Started process (PID=48886) to work on /home/airflow/.local/lib/python3.7/site-packages/airflow/example_dags/example_task_group_decorator.py
[2023-04-08T10:10:24.096+0000] {processor.py:743} INFO - Processing file /home/airflow/.local/lib/python3.7/site-packages/airflow/example_dags/example_task_group_decorator.py for tasks to queue
[2023-04-08T10:10:24.103+0000] {logging_mixin.py:137} INFO - [2023-04-08T10:10:24.102+0000] {dagbag.py:532} INFO - Filling up the DagBag from /home/airflow/.local/lib/python3.7/site-packages/airflow/example_dags/example_task_group_decorator.py
[2023-04-08T10:10:24.296+0000] {processor.py:753} INFO - DAG(s) dict_keys(['example_task_group_decorator']) retrieved from /home/airflow/.local/lib/python3.7/site-packages/airflow/example_dags/example_task_group_decorator.py
[2023-04-08T10:10:24.517+0000] {logging_mixin.py:137} INFO - [2023-04-08T10:10:24.517+0000] {dag.py:2705} INFO - Sync 1 DAGs
[2023-04-08T10:10:24.659+0000] {logging_mixin.py:137} INFO - [2023-04-08T10:10:24.658+0000] {dag.py:3456} INFO - Setting next_dagrun for example_task_group_decorator to 2023-04-07T10:10:24.658211+00:00, run_after=2023-04-08T10:10:24.658211+00:00
[2023-04-08T10:10:24.748+0000] {processor.py:175} INFO - Processing /home/airflow/.local/lib/python3.7/site-packages/airflow/example_dags/example_task_group_decorator.py took 0.697 seconds
[2023-04-08T10:10:58.652+0000] {processor.py:153} INFO - Started process (PID=48944) to work on /home/airflow/.local/lib/python3.7/site-packages/airflow/example_dags/example_task_group_decorator.py
[2023-04-08T10:10:58.672+0000] {processor.py:743} INFO - Processing file /home/airflow/.local/lib/python3.7/site-packages/airflow/example_dags/example_task_group_decorator.py for tasks to queue
[2023-04-08T10:10:58.686+0000] {logging_mixin.py:137} INFO - [2023-04-08T10:10:58.684+0000] {dagbag.py:532} INFO - Filling up the DagBag from /home/airflow/.local/lib/python3.7/site-packages/airflow/example_dags/example_task_group_decorator.py
[2023-04-08T10:10:59.190+0000] {processor.py:753} INFO - DAG(s) dict_keys(['example_task_group_decorator']) retrieved from /home/airflow/.local/lib/python3.7/site-packages/airflow/example_dags/example_task_group_decorator.py
[2023-04-08T10:10:59.541+0000] {logging_mixin.py:137} INFO - [2023-04-08T10:10:59.540+0000] {dag.py:2705} INFO - Sync 1 DAGs
[2023-04-08T10:10:59.835+0000] {logging_mixin.py:137} INFO - [2023-04-08T10:10:59.835+0000] {dag.py:3456} INFO - Setting next_dagrun for example_task_group_decorator to 2023-04-07T10:10:59.834147+00:00, run_after=2023-04-08T10:10:59.834147+00:00
[2023-04-08T10:10:59.999+0000] {processor.py:175} INFO - Processing /home/airflow/.local/lib/python3.7/site-packages/airflow/example_dags/example_task_group_decorator.py took 1.382 seconds
[2023-04-08T10:11:39.740+0000] {processor.py:153} INFO - Started process (PID=49001) to work on /home/airflow/.local/lib/python3.7/site-packages/airflow/example_dags/example_task_group_decorator.py
[2023-04-08T10:11:39.780+0000] {processor.py:743} INFO - Processing file /home/airflow/.local/lib/python3.7/site-packages/airflow/example_dags/example_task_group_decorator.py for tasks to queue
[2023-04-08T10:11:39.789+0000] {logging_mixin.py:137} INFO - [2023-04-08T10:11:39.788+0000] {dagbag.py:532} INFO - Filling up the DagBag from /home/airflow/.local/lib/python3.7/site-packages/airflow/example_dags/example_task_group_decorator.py
[2023-04-08T10:11:42.123+0000] {processor.py:753} INFO - DAG(s) dict_keys(['example_task_group_decorator']) retrieved from /home/airflow/.local/lib/python3.7/site-packages/airflow/example_dags/example_task_group_decorator.py
[2023-04-08T10:11:42.952+0000] {logging_mixin.py:137} INFO - [2023-04-08T10:11:42.948+0000] {dag.py:2705} INFO - Sync 1 DAGs
[2023-04-08T10:11:43.264+0000] {logging_mixin.py:137} INFO - [2023-04-08T10:11:43.263+0000] {dag.py:3456} INFO - Setting next_dagrun for example_task_group_decorator to 2023-04-07T10:11:43.262962+00:00, run_after=2023-04-08T10:11:43.262962+00:00
[2023-04-08T10:11:43.412+0000] {processor.py:175} INFO - Processing /home/airflow/.local/lib/python3.7/site-packages/airflow/example_dags/example_task_group_decorator.py took 3.692 seconds
[2023-04-08T10:12:16.906+0000] {processor.py:153} INFO - Started process (PID=49051) to work on /home/airflow/.local/lib/python3.7/site-packages/airflow/example_dags/example_task_group_decorator.py
[2023-04-08T10:12:16.911+0000] {processor.py:743} INFO - Processing file /home/airflow/.local/lib/python3.7/site-packages/airflow/example_dags/example_task_group_decorator.py for tasks to queue
[2023-04-08T10:12:16.922+0000] {logging_mixin.py:137} INFO - [2023-04-08T10:12:16.921+0000] {dagbag.py:532} INFO - Filling up the DagBag from /home/airflow/.local/lib/python3.7/site-packages/airflow/example_dags/example_task_group_decorator.py
[2023-04-08T10:12:17.018+0000] {processor.py:753} INFO - DAG(s) dict_keys(['example_task_group_decorator']) retrieved from /home/airflow/.local/lib/python3.7/site-packages/airflow/example_dags/example_task_group_decorator.py
[2023-04-08T10:12:17.229+0000] {logging_mixin.py:137} INFO - [2023-04-08T10:12:17.228+0000] {dag.py:2705} INFO - Sync 1 DAGs
[2023-04-08T10:12:17.417+0000] {logging_mixin.py:137} INFO - [2023-04-08T10:12:17.416+0000] {dag.py:3456} INFO - Setting next_dagrun for example_task_group_decorator to 2023-04-07T10:12:17.416496+00:00, run_after=2023-04-08T10:12:17.416496+00:00
[2023-04-08T10:12:17.632+0000] {processor.py:175} INFO - Processing /home/airflow/.local/lib/python3.7/site-packages/airflow/example_dags/example_task_group_decorator.py took 0.744 seconds
[2023-04-08T10:13:07.455+0000] {processor.py:153} INFO - Started process (PID=49109) to work on /home/airflow/.local/lib/python3.7/site-packages/airflow/example_dags/example_task_group_decorator.py
[2023-04-08T10:13:07.464+0000] {processor.py:743} INFO - Processing file /home/airflow/.local/lib/python3.7/site-packages/airflow/example_dags/example_task_group_decorator.py for tasks to queue
[2023-04-08T10:13:07.468+0000] {logging_mixin.py:137} INFO - [2023-04-08T10:13:07.468+0000] {dagbag.py:532} INFO - Filling up the DagBag from /home/airflow/.local/lib/python3.7/site-packages/airflow/example_dags/example_task_group_decorator.py
[2023-04-08T10:13:07.622+0000] {processor.py:753} INFO - DAG(s) dict_keys(['example_task_group_decorator']) retrieved from /home/airflow/.local/lib/python3.7/site-packages/airflow/example_dags/example_task_group_decorator.py
[2023-04-08T10:13:08.059+0000] {logging_mixin.py:137} INFO - [2023-04-08T10:13:08.059+0000] {dag.py:2705} INFO - Sync 1 DAGs
[2023-04-08T10:13:08.380+0000] {logging_mixin.py:137} INFO - [2023-04-08T10:13:08.379+0000] {dag.py:3456} INFO - Setting next_dagrun for example_task_group_decorator to 2023-04-07T10:13:08.378895+00:00, run_after=2023-04-08T10:13:08.378895+00:00
[2023-04-08T10:13:08.589+0000] {processor.py:175} INFO - Processing /home/airflow/.local/lib/python3.7/site-packages/airflow/example_dags/example_task_group_decorator.py took 1.158 seconds
[2023-04-08T10:13:59.818+0000] {processor.py:153} INFO - Started process (PID=49159) to work on /home/airflow/.local/lib/python3.7/site-packages/airflow/example_dags/example_task_group_decorator.py
[2023-04-08T10:13:59.826+0000] {processor.py:743} INFO - Processing file /home/airflow/.local/lib/python3.7/site-packages/airflow/example_dags/example_task_group_decorator.py for tasks to queue
[2023-04-08T10:13:59.841+0000] {logging_mixin.py:137} INFO - [2023-04-08T10:13:59.836+0000] {dagbag.py:532} INFO - Filling up the DagBag from /home/airflow/.local/lib/python3.7/site-packages/airflow/example_dags/example_task_group_decorator.py
[2023-04-08T10:14:00.018+0000] {processor.py:753} INFO - DAG(s) dict_keys(['example_task_group_decorator']) retrieved from /home/airflow/.local/lib/python3.7/site-packages/airflow/example_dags/example_task_group_decorator.py
[2023-04-08T10:14:00.723+0000] {logging_mixin.py:137} INFO - [2023-04-08T10:14:00.717+0000] {dag.py:2705} INFO - Sync 1 DAGs
[2023-04-08T10:14:01.025+0000] {logging_mixin.py:137} INFO - [2023-04-08T10:14:01.025+0000] {dag.py:3456} INFO - Setting next_dagrun for example_task_group_decorator to 2023-04-07T10:14:01.022640+00:00, run_after=2023-04-08T10:14:01.022640+00:00
[2023-04-08T10:14:01.315+0000] {processor.py:175} INFO - Processing /home/airflow/.local/lib/python3.7/site-packages/airflow/example_dags/example_task_group_decorator.py took 1.530 seconds
[2023-04-08T10:14:47.540+0000] {processor.py:153} INFO - Started process (PID=49218) to work on /home/airflow/.local/lib/python3.7/site-packages/airflow/example_dags/example_task_group_decorator.py
[2023-04-08T10:14:47.549+0000] {processor.py:743} INFO - Processing file /home/airflow/.local/lib/python3.7/site-packages/airflow/example_dags/example_task_group_decorator.py for tasks to queue
[2023-04-08T10:14:47.568+0000] {logging_mixin.py:137} INFO - [2023-04-08T10:14:47.567+0000] {dagbag.py:532} INFO - Filling up the DagBag from /home/airflow/.local/lib/python3.7/site-packages/airflow/example_dags/example_task_group_decorator.py
[2023-04-08T10:14:47.844+0000] {processor.py:753} INFO - DAG(s) dict_keys(['example_task_group_decorator']) retrieved from /home/airflow/.local/lib/python3.7/site-packages/airflow/example_dags/example_task_group_decorator.py
[2023-04-08T10:14:48.107+0000] {logging_mixin.py:137} INFO - [2023-04-08T10:14:48.106+0000] {dag.py:2705} INFO - Sync 1 DAGs
[2023-04-08T10:14:48.663+0000] {logging_mixin.py:137} INFO - [2023-04-08T10:14:48.663+0000] {dag.py:3456} INFO - Setting next_dagrun for example_task_group_decorator to 2023-04-07T10:14:48.662414+00:00, run_after=2023-04-08T10:14:48.662414+00:00
[2023-04-08T10:14:48.856+0000] {processor.py:175} INFO - Processing /home/airflow/.local/lib/python3.7/site-packages/airflow/example_dags/example_task_group_decorator.py took 1.342 seconds
[2023-04-08T10:15:26.668+0000] {processor.py:153} INFO - Started process (PID=49273) to work on /home/airflow/.local/lib/python3.7/site-packages/airflow/example_dags/example_task_group_decorator.py
[2023-04-08T10:15:26.675+0000] {processor.py:743} INFO - Processing file /home/airflow/.local/lib/python3.7/site-packages/airflow/example_dags/example_task_group_decorator.py for tasks to queue
[2023-04-08T10:15:26.685+0000] {logging_mixin.py:137} INFO - [2023-04-08T10:15:26.683+0000] {dagbag.py:532} INFO - Filling up the DagBag from /home/airflow/.local/lib/python3.7/site-packages/airflow/example_dags/example_task_group_decorator.py
[2023-04-08T10:15:26.888+0000] {processor.py:753} INFO - DAG(s) dict_keys(['example_task_group_decorator']) retrieved from /home/airflow/.local/lib/python3.7/site-packages/airflow/example_dags/example_task_group_decorator.py
[2023-04-08T10:15:27.078+0000] {logging_mixin.py:137} INFO - [2023-04-08T10:15:27.078+0000] {dag.py:2705} INFO - Sync 1 DAGs
[2023-04-08T10:15:27.257+0000] {logging_mixin.py:137} INFO - [2023-04-08T10:15:27.257+0000] {dag.py:3456} INFO - Setting next_dagrun for example_task_group_decorator to 2023-04-07T10:15:27.255939+00:00, run_after=2023-04-08T10:15:27.255939+00:00
[2023-04-08T10:15:27.378+0000] {processor.py:175} INFO - Processing /home/airflow/.local/lib/python3.7/site-packages/airflow/example_dags/example_task_group_decorator.py took 0.742 seconds
[2023-04-08T10:16:02.856+0000] {processor.py:153} INFO - Started process (PID=49322) to work on /home/airflow/.local/lib/python3.7/site-packages/airflow/example_dags/example_task_group_decorator.py
[2023-04-08T10:16:02.862+0000] {processor.py:743} INFO - Processing file /home/airflow/.local/lib/python3.7/site-packages/airflow/example_dags/example_task_group_decorator.py for tasks to queue
[2023-04-08T10:16:02.867+0000] {logging_mixin.py:137} INFO - [2023-04-08T10:16:02.867+0000] {dagbag.py:532} INFO - Filling up the DagBag from /home/airflow/.local/lib/python3.7/site-packages/airflow/example_dags/example_task_group_decorator.py
[2023-04-08T10:16:03.165+0000] {processor.py:753} INFO - DAG(s) dict_keys(['example_task_group_decorator']) retrieved from /home/airflow/.local/lib/python3.7/site-packages/airflow/example_dags/example_task_group_decorator.py
[2023-04-08T10:16:03.356+0000] {logging_mixin.py:137} INFO - [2023-04-08T10:16:03.350+0000] {dag.py:2705} INFO - Sync 1 DAGs
[2023-04-08T10:16:03.664+0000] {logging_mixin.py:137} INFO - [2023-04-08T10:16:03.664+0000] {dag.py:3456} INFO - Setting next_dagrun for example_task_group_decorator to 2023-04-07T10:16:03.663288+00:00, run_after=2023-04-08T10:16:03.663288+00:00
[2023-04-08T10:16:03.873+0000] {processor.py:175} INFO - Processing /home/airflow/.local/lib/python3.7/site-packages/airflow/example_dags/example_task_group_decorator.py took 1.045 seconds
[2023-04-08T10:16:34.517+0000] {processor.py:153} INFO - Started process (PID=49376) to work on /home/airflow/.local/lib/python3.7/site-packages/airflow/example_dags/example_task_group_decorator.py
[2023-04-08T10:16:34.523+0000] {processor.py:743} INFO - Processing file /home/airflow/.local/lib/python3.7/site-packages/airflow/example_dags/example_task_group_decorator.py for tasks to queue
[2023-04-08T10:16:34.531+0000] {logging_mixin.py:137} INFO - [2023-04-08T10:16:34.529+0000] {dagbag.py:532} INFO - Filling up the DagBag from /home/airflow/.local/lib/python3.7/site-packages/airflow/example_dags/example_task_group_decorator.py
[2023-04-08T10:16:34.726+0000] {processor.py:753} INFO - DAG(s) dict_keys(['example_task_group_decorator']) retrieved from /home/airflow/.local/lib/python3.7/site-packages/airflow/example_dags/example_task_group_decorator.py
[2023-04-08T10:16:34.870+0000] {logging_mixin.py:137} INFO - [2023-04-08T10:16:34.870+0000] {dag.py:2705} INFO - Sync 1 DAGs
[2023-04-08T10:16:34.965+0000] {logging_mixin.py:137} INFO - [2023-04-08T10:16:34.964+0000] {dag.py:3456} INFO - Setting next_dagrun for example_task_group_decorator to 2023-04-07T10:16:34.962957+00:00, run_after=2023-04-08T10:16:34.962957+00:00
[2023-04-08T10:16:35.143+0000] {processor.py:175} INFO - Processing /home/airflow/.local/lib/python3.7/site-packages/airflow/example_dags/example_task_group_decorator.py took 0.639 seconds
[2023-04-08T10:17:05.716+0000] {processor.py:153} INFO - Started process (PID=49439) to work on /home/airflow/.local/lib/python3.7/site-packages/airflow/example_dags/example_task_group_decorator.py
[2023-04-08T10:17:05.719+0000] {processor.py:743} INFO - Processing file /home/airflow/.local/lib/python3.7/site-packages/airflow/example_dags/example_task_group_decorator.py for tasks to queue
[2023-04-08T10:17:05.722+0000] {logging_mixin.py:137} INFO - [2023-04-08T10:17:05.721+0000] {dagbag.py:532} INFO - Filling up the DagBag from /home/airflow/.local/lib/python3.7/site-packages/airflow/example_dags/example_task_group_decorator.py
[2023-04-08T10:17:05.762+0000] {processor.py:753} INFO - DAG(s) dict_keys(['example_task_group_decorator']) retrieved from /home/airflow/.local/lib/python3.7/site-packages/airflow/example_dags/example_task_group_decorator.py
[2023-04-08T10:17:05.814+0000] {logging_mixin.py:137} INFO - [2023-04-08T10:17:05.814+0000] {dag.py:2705} INFO - Sync 1 DAGs
[2023-04-08T10:17:05.856+0000] {logging_mixin.py:137} INFO - [2023-04-08T10:17:05.855+0000] {dag.py:3456} INFO - Setting next_dagrun for example_task_group_decorator to 2023-04-07T10:17:05.855531+00:00, run_after=2023-04-08T10:17:05.855531+00:00
[2023-04-08T10:17:05.892+0000] {processor.py:175} INFO - Processing /home/airflow/.local/lib/python3.7/site-packages/airflow/example_dags/example_task_group_decorator.py took 0.183 seconds
[2023-04-08T10:17:36.053+0000] {processor.py:153} INFO - Started process (PID=49490) to work on /home/airflow/.local/lib/python3.7/site-packages/airflow/example_dags/example_task_group_decorator.py
[2023-04-08T10:17:36.056+0000] {processor.py:743} INFO - Processing file /home/airflow/.local/lib/python3.7/site-packages/airflow/example_dags/example_task_group_decorator.py for tasks to queue
[2023-04-08T10:17:36.058+0000] {logging_mixin.py:137} INFO - [2023-04-08T10:17:36.057+0000] {dagbag.py:532} INFO - Filling up the DagBag from /home/airflow/.local/lib/python3.7/site-packages/airflow/example_dags/example_task_group_decorator.py
[2023-04-08T10:17:36.094+0000] {processor.py:753} INFO - DAG(s) dict_keys(['example_task_group_decorator']) retrieved from /home/airflow/.local/lib/python3.7/site-packages/airflow/example_dags/example_task_group_decorator.py
[2023-04-08T10:17:36.138+0000] {logging_mixin.py:137} INFO - [2023-04-08T10:17:36.138+0000] {dag.py:2705} INFO - Sync 1 DAGs
[2023-04-08T10:17:36.170+0000] {logging_mixin.py:137} INFO - [2023-04-08T10:17:36.170+0000] {dag.py:3456} INFO - Setting next_dagrun for example_task_group_decorator to 2023-04-07T10:17:36.170324+00:00, run_after=2023-04-08T10:17:36.170324+00:00
[2023-04-08T10:17:36.198+0000] {processor.py:175} INFO - Processing /home/airflow/.local/lib/python3.7/site-packages/airflow/example_dags/example_task_group_decorator.py took 0.150 seconds
[2023-04-08T10:18:06.279+0000] {processor.py:153} INFO - Started process (PID=49541) to work on /home/airflow/.local/lib/python3.7/site-packages/airflow/example_dags/example_task_group_decorator.py
[2023-04-08T10:18:06.281+0000] {processor.py:743} INFO - Processing file /home/airflow/.local/lib/python3.7/site-packages/airflow/example_dags/example_task_group_decorator.py for tasks to queue
[2023-04-08T10:18:06.283+0000] {logging_mixin.py:137} INFO - [2023-04-08T10:18:06.283+0000] {dagbag.py:532} INFO - Filling up the DagBag from /home/airflow/.local/lib/python3.7/site-packages/airflow/example_dags/example_task_group_decorator.py
[2023-04-08T10:18:06.315+0000] {processor.py:753} INFO - DAG(s) dict_keys(['example_task_group_decorator']) retrieved from /home/airflow/.local/lib/python3.7/site-packages/airflow/example_dags/example_task_group_decorator.py
[2023-04-08T10:18:06.358+0000] {logging_mixin.py:137} INFO - [2023-04-08T10:18:06.358+0000] {dag.py:2705} INFO - Sync 1 DAGs
[2023-04-08T10:18:06.392+0000] {logging_mixin.py:137} INFO - [2023-04-08T10:18:06.392+0000] {dag.py:3456} INFO - Setting next_dagrun for example_task_group_decorator to 2023-04-07T10:18:06.392271+00:00, run_after=2023-04-08T10:18:06.392271+00:00
[2023-04-08T10:18:06.417+0000] {processor.py:175} INFO - Processing /home/airflow/.local/lib/python3.7/site-packages/airflow/example_dags/example_task_group_decorator.py took 0.145 seconds
