[2023-04-08T07:06:39.828+0000] {processor.py:153} INFO - Started process (PID=48347) to work on /home/airflow/.local/lib/python3.7/site-packages/airflow/example_dags/tutorial_taskflow_api.py
[2023-04-08T07:06:39.835+0000] {processor.py:743} INFO - Processing file /home/airflow/.local/lib/python3.7/site-packages/airflow/example_dags/tutorial_taskflow_api.py for tasks to queue
[2023-04-08T07:06:39.845+0000] {logging_mixin.py:137} INFO - [2023-04-08T07:06:39.842+0000] {dagbag.py:532} INFO - Filling up the DagBag from /home/airflow/.local/lib/python3.7/site-packages/airflow/example_dags/tutorial_taskflow_api.py
[2023-04-08T07:06:40.041+0000] {processor.py:753} INFO - DAG(s) dict_keys(['tutorial_taskflow_api']) retrieved from /home/airflow/.local/lib/python3.7/site-packages/airflow/example_dags/tutorial_taskflow_api.py
[2023-04-08T07:06:40.278+0000] {logging_mixin.py:137} INFO - [2023-04-08T07:06:40.277+0000] {dag.py:2705} INFO - Sync 1 DAGs
[2023-04-08T07:06:40.480+0000] {logging_mixin.py:137} INFO - [2023-04-08T07:06:40.480+0000] {dag.py:3456} INFO - Setting next_dagrun for tutorial_taskflow_api to None, run_after=None
[2023-04-08T07:06:40.623+0000] {processor.py:175} INFO - Processing /home/airflow/.local/lib/python3.7/site-packages/airflow/example_dags/tutorial_taskflow_api.py took 0.896 seconds
[2023-04-08T07:07:20.381+0000] {processor.py:153} INFO - Started process (PID=48398) to work on /home/airflow/.local/lib/python3.7/site-packages/airflow/example_dags/tutorial_taskflow_api.py
[2023-04-08T07:07:20.451+0000] {processor.py:743} INFO - Processing file /home/airflow/.local/lib/python3.7/site-packages/airflow/example_dags/tutorial_taskflow_api.py for tasks to queue
[2023-04-08T07:07:20.461+0000] {logging_mixin.py:137} INFO - [2023-04-08T07:07:20.461+0000] {dagbag.py:532} INFO - Filling up the DagBag from /home/airflow/.local/lib/python3.7/site-packages/airflow/example_dags/tutorial_taskflow_api.py
[2023-04-08T07:07:20.636+0000] {processor.py:753} INFO - DAG(s) dict_keys(['tutorial_taskflow_api']) retrieved from /home/airflow/.local/lib/python3.7/site-packages/airflow/example_dags/tutorial_taskflow_api.py
[2023-04-08T07:07:20.996+0000] {logging_mixin.py:137} INFO - [2023-04-08T07:07:20.993+0000] {dag.py:2705} INFO - Sync 1 DAGs
[2023-04-08T07:07:21.339+0000] {logging_mixin.py:137} INFO - [2023-04-08T07:07:21.339+0000] {dag.py:3456} INFO - Setting next_dagrun for tutorial_taskflow_api to None, run_after=None
[2023-04-08T07:07:21.596+0000] {processor.py:175} INFO - Processing /home/airflow/.local/lib/python3.7/site-packages/airflow/example_dags/tutorial_taskflow_api.py took 1.221 seconds
[2023-04-08T07:07:57.531+0000] {processor.py:153} INFO - Started process (PID=48449) to work on /home/airflow/.local/lib/python3.7/site-packages/airflow/example_dags/tutorial_taskflow_api.py
[2023-04-08T07:07:57.540+0000] {processor.py:743} INFO - Processing file /home/airflow/.local/lib/python3.7/site-packages/airflow/example_dags/tutorial_taskflow_api.py for tasks to queue
[2023-04-08T07:07:57.548+0000] {logging_mixin.py:137} INFO - [2023-04-08T07:07:57.548+0000] {dagbag.py:532} INFO - Filling up the DagBag from /home/airflow/.local/lib/python3.7/site-packages/airflow/example_dags/tutorial_taskflow_api.py
[2023-04-08T07:07:57.727+0000] {processor.py:753} INFO - DAG(s) dict_keys(['tutorial_taskflow_api']) retrieved from /home/airflow/.local/lib/python3.7/site-packages/airflow/example_dags/tutorial_taskflow_api.py
[2023-04-08T07:07:57.886+0000] {logging_mixin.py:137} INFO - [2023-04-08T07:07:57.886+0000] {dag.py:2705} INFO - Sync 1 DAGs
[2023-04-08T07:07:58.314+0000] {logging_mixin.py:137} INFO - [2023-04-08T07:07:58.312+0000] {dag.py:3456} INFO - Setting next_dagrun for tutorial_taskflow_api to None, run_after=None
[2023-04-08T07:07:58.596+0000] {processor.py:175} INFO - Processing /home/airflow/.local/lib/python3.7/site-packages/airflow/example_dags/tutorial_taskflow_api.py took 1.117 seconds
[2023-04-08T07:08:42.737+0000] {processor.py:153} INFO - Started process (PID=48500) to work on /home/airflow/.local/lib/python3.7/site-packages/airflow/example_dags/tutorial_taskflow_api.py
[2023-04-08T07:08:42.777+0000] {processor.py:743} INFO - Processing file /home/airflow/.local/lib/python3.7/site-packages/airflow/example_dags/tutorial_taskflow_api.py for tasks to queue
[2023-04-08T07:08:42.784+0000] {logging_mixin.py:137} INFO - [2023-04-08T07:08:42.784+0000] {dagbag.py:532} INFO - Filling up the DagBag from /home/airflow/.local/lib/python3.7/site-packages/airflow/example_dags/tutorial_taskflow_api.py
[2023-04-08T07:08:42.876+0000] {processor.py:753} INFO - DAG(s) dict_keys(['tutorial_taskflow_api']) retrieved from /home/airflow/.local/lib/python3.7/site-packages/airflow/example_dags/tutorial_taskflow_api.py
[2023-04-08T07:08:43.287+0000] {logging_mixin.py:137} INFO - [2023-04-08T07:08:43.286+0000] {dag.py:2705} INFO - Sync 1 DAGs
[2023-04-08T07:08:43.653+0000] {logging_mixin.py:137} INFO - [2023-04-08T07:08:43.652+0000] {dag.py:3456} INFO - Setting next_dagrun for tutorial_taskflow_api to None, run_after=None
[2023-04-08T07:08:43.826+0000] {processor.py:175} INFO - Processing /home/airflow/.local/lib/python3.7/site-packages/airflow/example_dags/tutorial_taskflow_api.py took 1.096 seconds
[2023-04-08T07:09:14.145+0000] {processor.py:153} INFO - Started process (PID=48554) to work on /home/airflow/.local/lib/python3.7/site-packages/airflow/example_dags/tutorial_taskflow_api.py
[2023-04-08T07:09:14.156+0000] {processor.py:743} INFO - Processing file /home/airflow/.local/lib/python3.7/site-packages/airflow/example_dags/tutorial_taskflow_api.py for tasks to queue
[2023-04-08T07:09:14.175+0000] {logging_mixin.py:137} INFO - [2023-04-08T07:09:14.174+0000] {dagbag.py:532} INFO - Filling up the DagBag from /home/airflow/.local/lib/python3.7/site-packages/airflow/example_dags/tutorial_taskflow_api.py
[2023-04-08T07:09:14.322+0000] {processor.py:753} INFO - DAG(s) dict_keys(['tutorial_taskflow_api']) retrieved from /home/airflow/.local/lib/python3.7/site-packages/airflow/example_dags/tutorial_taskflow_api.py
[2023-04-08T07:09:14.554+0000] {logging_mixin.py:137} INFO - [2023-04-08T07:09:14.554+0000] {dag.py:2705} INFO - Sync 1 DAGs
[2023-04-08T07:09:14.838+0000] {logging_mixin.py:137} INFO - [2023-04-08T07:09:14.837+0000] {dag.py:3456} INFO - Setting next_dagrun for tutorial_taskflow_api to None, run_after=None
[2023-04-08T07:09:14.989+0000] {processor.py:175} INFO - Processing /home/airflow/.local/lib/python3.7/site-packages/airflow/example_dags/tutorial_taskflow_api.py took 0.872 seconds
[2023-04-08T08:07:27.897+0000] {processor.py:153} INFO - Started process (PID=48658) to work on /home/airflow/.local/lib/python3.7/site-packages/airflow/example_dags/tutorial_taskflow_api.py
[2023-04-08T08:07:27.914+0000] {processor.py:743} INFO - Processing file /home/airflow/.local/lib/python3.7/site-packages/airflow/example_dags/tutorial_taskflow_api.py for tasks to queue
[2023-04-08T08:07:27.921+0000] {logging_mixin.py:137} INFO - [2023-04-08T08:07:27.921+0000] {dagbag.py:532} INFO - Filling up the DagBag from /home/airflow/.local/lib/python3.7/site-packages/airflow/example_dags/tutorial_taskflow_api.py
[2023-04-08T08:07:28.042+0000] {processor.py:753} INFO - DAG(s) dict_keys(['tutorial_taskflow_api']) retrieved from /home/airflow/.local/lib/python3.7/site-packages/airflow/example_dags/tutorial_taskflow_api.py
[2023-04-08T08:07:28.174+0000] {logging_mixin.py:137} INFO - [2023-04-08T08:07:28.174+0000] {dag.py:2705} INFO - Sync 1 DAGs
[2023-04-08T08:07:28.305+0000] {logging_mixin.py:137} INFO - [2023-04-08T08:07:28.305+0000] {dag.py:3456} INFO - Setting next_dagrun for tutorial_taskflow_api to None, run_after=None
[2023-04-08T08:07:28.903+0000] {processor.py:175} INFO - Processing /home/airflow/.local/lib/python3.7/site-packages/airflow/example_dags/tutorial_taskflow_api.py took 1.032 seconds
[2023-04-08T10:04:29.082+0000] {processor.py:153} INFO - Started process (PID=48772) to work on /home/airflow/.local/lib/python3.7/site-packages/airflow/example_dags/tutorial_taskflow_api.py
[2023-04-08T10:04:29.228+0000] {processor.py:743} INFO - Processing file /home/airflow/.local/lib/python3.7/site-packages/airflow/example_dags/tutorial_taskflow_api.py for tasks to queue
[2023-04-08T10:04:29.324+0000] {logging_mixin.py:137} INFO - [2023-04-08T10:04:29.322+0000] {dagbag.py:532} INFO - Filling up the DagBag from /home/airflow/.local/lib/python3.7/site-packages/airflow/example_dags/tutorial_taskflow_api.py
[2023-04-08T10:04:33.149+0000] {processor.py:753} INFO - DAG(s) dict_keys(['tutorial_taskflow_api']) retrieved from /home/airflow/.local/lib/python3.7/site-packages/airflow/example_dags/tutorial_taskflow_api.py
[2023-04-08T10:04:39.722+0000] {logging_mixin.py:137} INFO - [2023-04-08T10:04:39.703+0000] {dag.py:2705} INFO - Sync 1 DAGs
[2023-04-08T10:04:46.261+0000] {logging_mixin.py:137} INFO - [2023-04-08T10:04:46.253+0000] {dag.py:3456} INFO - Setting next_dagrun for tutorial_taskflow_api to None, run_after=None
[2023-04-08T10:04:47.907+0000] {processor.py:175} INFO - Processing /home/airflow/.local/lib/python3.7/site-packages/airflow/example_dags/tutorial_taskflow_api.py took 20.184 seconds
[2023-04-08T10:09:53.304+0000] {processor.py:153} INFO - Started process (PID=48839) to work on /home/airflow/.local/lib/python3.7/site-packages/airflow/example_dags/tutorial_taskflow_api.py
[2023-04-08T10:09:53.309+0000] {processor.py:743} INFO - Processing file /home/airflow/.local/lib/python3.7/site-packages/airflow/example_dags/tutorial_taskflow_api.py for tasks to queue
[2023-04-08T10:09:53.314+0000] {logging_mixin.py:137} INFO - [2023-04-08T10:09:53.314+0000] {dagbag.py:532} INFO - Filling up the DagBag from /home/airflow/.local/lib/python3.7/site-packages/airflow/example_dags/tutorial_taskflow_api.py
[2023-04-08T10:09:53.458+0000] {processor.py:753} INFO - DAG(s) dict_keys(['tutorial_taskflow_api']) retrieved from /home/airflow/.local/lib/python3.7/site-packages/airflow/example_dags/tutorial_taskflow_api.py
[2023-04-08T10:09:53.591+0000] {logging_mixin.py:137} INFO - [2023-04-08T10:09:53.590+0000] {dag.py:2705} INFO - Sync 1 DAGs
[2023-04-08T10:09:53.720+0000] {logging_mixin.py:137} INFO - [2023-04-08T10:09:53.720+0000] {dag.py:3456} INFO - Setting next_dagrun for tutorial_taskflow_api to None, run_after=None
[2023-04-08T10:09:53.807+0000] {processor.py:175} INFO - Processing /home/airflow/.local/lib/python3.7/site-packages/airflow/example_dags/tutorial_taskflow_api.py took 0.541 seconds
[2023-04-08T10:10:26.354+0000] {processor.py:153} INFO - Started process (PID=48890) to work on /home/airflow/.local/lib/python3.7/site-packages/airflow/example_dags/tutorial_taskflow_api.py
[2023-04-08T10:10:26.362+0000] {processor.py:743} INFO - Processing file /home/airflow/.local/lib/python3.7/site-packages/airflow/example_dags/tutorial_taskflow_api.py for tasks to queue
[2023-04-08T10:10:26.374+0000] {logging_mixin.py:137} INFO - [2023-04-08T10:10:26.373+0000] {dagbag.py:532} INFO - Filling up the DagBag from /home/airflow/.local/lib/python3.7/site-packages/airflow/example_dags/tutorial_taskflow_api.py
[2023-04-08T10:10:26.635+0000] {processor.py:753} INFO - DAG(s) dict_keys(['tutorial_taskflow_api']) retrieved from /home/airflow/.local/lib/python3.7/site-packages/airflow/example_dags/tutorial_taskflow_api.py
[2023-04-08T10:10:26.994+0000] {logging_mixin.py:137} INFO - [2023-04-08T10:10:26.993+0000] {dag.py:2705} INFO - Sync 1 DAGs
[2023-04-08T10:10:27.204+0000] {logging_mixin.py:137} INFO - [2023-04-08T10:10:27.203+0000] {dag.py:3456} INFO - Setting next_dagrun for tutorial_taskflow_api to None, run_after=None
[2023-04-08T10:10:27.417+0000] {processor.py:175} INFO - Processing /home/airflow/.local/lib/python3.7/site-packages/airflow/example_dags/tutorial_taskflow_api.py took 1.132 seconds
[2023-04-08T10:11:02.563+0000] {processor.py:153} INFO - Started process (PID=48948) to work on /home/airflow/.local/lib/python3.7/site-packages/airflow/example_dags/tutorial_taskflow_api.py
[2023-04-08T10:11:02.574+0000] {processor.py:743} INFO - Processing file /home/airflow/.local/lib/python3.7/site-packages/airflow/example_dags/tutorial_taskflow_api.py for tasks to queue
[2023-04-08T10:11:02.585+0000] {logging_mixin.py:137} INFO - [2023-04-08T10:11:02.583+0000] {dagbag.py:532} INFO - Filling up the DagBag from /home/airflow/.local/lib/python3.7/site-packages/airflow/example_dags/tutorial_taskflow_api.py
[2023-04-08T10:11:02.788+0000] {processor.py:753} INFO - DAG(s) dict_keys(['tutorial_taskflow_api']) retrieved from /home/airflow/.local/lib/python3.7/site-packages/airflow/example_dags/tutorial_taskflow_api.py
[2023-04-08T10:11:03.088+0000] {logging_mixin.py:137} INFO - [2023-04-08T10:11:03.087+0000] {dag.py:2705} INFO - Sync 1 DAGs
[2023-04-08T10:11:03.261+0000] {logging_mixin.py:137} INFO - [2023-04-08T10:11:03.260+0000] {dag.py:3456} INFO - Setting next_dagrun for tutorial_taskflow_api to None, run_after=None
[2023-04-08T10:11:03.431+0000] {processor.py:175} INFO - Processing /home/airflow/.local/lib/python3.7/site-packages/airflow/example_dags/tutorial_taskflow_api.py took 0.892 seconds
[2023-04-08T10:11:56.448+0000] {processor.py:153} INFO - Started process (PID=49010) to work on /home/airflow/.local/lib/python3.7/site-packages/airflow/example_dags/tutorial_taskflow_api.py
[2023-04-08T10:11:56.454+0000] {processor.py:743} INFO - Processing file /home/airflow/.local/lib/python3.7/site-packages/airflow/example_dags/tutorial_taskflow_api.py for tasks to queue
[2023-04-08T10:11:56.465+0000] {logging_mixin.py:137} INFO - [2023-04-08T10:11:56.464+0000] {dagbag.py:532} INFO - Filling up the DagBag from /home/airflow/.local/lib/python3.7/site-packages/airflow/example_dags/tutorial_taskflow_api.py
[2023-04-08T10:11:56.727+0000] {processor.py:753} INFO - DAG(s) dict_keys(['tutorial_taskflow_api']) retrieved from /home/airflow/.local/lib/python3.7/site-packages/airflow/example_dags/tutorial_taskflow_api.py
[2023-04-08T10:11:56.931+0000] {logging_mixin.py:137} INFO - [2023-04-08T10:11:56.930+0000] {dag.py:2705} INFO - Sync 1 DAGs
[2023-04-08T10:11:57.177+0000] {logging_mixin.py:137} INFO - [2023-04-08T10:11:57.174+0000] {dag.py:3456} INFO - Setting next_dagrun for tutorial_taskflow_api to None, run_after=None
[2023-04-08T10:11:57.351+0000] {processor.py:175} INFO - Processing /home/airflow/.local/lib/python3.7/site-packages/airflow/example_dags/tutorial_taskflow_api.py took 0.921 seconds
[2023-04-08T10:12:32.398+0000] {processor.py:153} INFO - Started process (PID=49064) to work on /home/airflow/.local/lib/python3.7/site-packages/airflow/example_dags/tutorial_taskflow_api.py
[2023-04-08T10:12:32.449+0000] {processor.py:743} INFO - Processing file /home/airflow/.local/lib/python3.7/site-packages/airflow/example_dags/tutorial_taskflow_api.py for tasks to queue
[2023-04-08T10:12:32.460+0000] {logging_mixin.py:137} INFO - [2023-04-08T10:12:32.460+0000] {dagbag.py:532} INFO - Filling up the DagBag from /home/airflow/.local/lib/python3.7/site-packages/airflow/example_dags/tutorial_taskflow_api.py
[2023-04-08T10:12:32.546+0000] {processor.py:753} INFO - DAG(s) dict_keys(['tutorial_taskflow_api']) retrieved from /home/airflow/.local/lib/python3.7/site-packages/airflow/example_dags/tutorial_taskflow_api.py
[2023-04-08T10:12:32.811+0000] {logging_mixin.py:137} INFO - [2023-04-08T10:12:32.810+0000] {dag.py:2705} INFO - Sync 1 DAGs
[2023-04-08T10:12:33.477+0000] {logging_mixin.py:137} INFO - [2023-04-08T10:12:33.475+0000] {dag.py:3456} INFO - Setting next_dagrun for tutorial_taskflow_api to None, run_after=None
[2023-04-08T10:12:33.825+0000] {processor.py:175} INFO - Processing /home/airflow/.local/lib/python3.7/site-packages/airflow/example_dags/tutorial_taskflow_api.py took 1.453 seconds
[2023-04-08T10:13:16.631+0000] {processor.py:153} INFO - Started process (PID=49122) to work on /home/airflow/.local/lib/python3.7/site-packages/airflow/example_dags/tutorial_taskflow_api.py
[2023-04-08T10:13:16.677+0000] {processor.py:743} INFO - Processing file /home/airflow/.local/lib/python3.7/site-packages/airflow/example_dags/tutorial_taskflow_api.py for tasks to queue
[2023-04-08T10:13:16.718+0000] {logging_mixin.py:137} INFO - [2023-04-08T10:13:16.717+0000] {dagbag.py:532} INFO - Filling up the DagBag from /home/airflow/.local/lib/python3.7/site-packages/airflow/example_dags/tutorial_taskflow_api.py
[2023-04-08T10:13:17.474+0000] {processor.py:753} INFO - DAG(s) dict_keys(['tutorial_taskflow_api']) retrieved from /home/airflow/.local/lib/python3.7/site-packages/airflow/example_dags/tutorial_taskflow_api.py
[2023-04-08T10:13:18.757+0000] {logging_mixin.py:137} INFO - [2023-04-08T10:13:18.746+0000] {dag.py:2705} INFO - Sync 1 DAGs
[2023-04-08T10:13:19.783+0000] {logging_mixin.py:137} INFO - [2023-04-08T10:13:19.777+0000] {dag.py:3456} INFO - Setting next_dagrun for tutorial_taskflow_api to None, run_after=None
[2023-04-08T10:13:20.216+0000] {processor.py:175} INFO - Processing /home/airflow/.local/lib/python3.7/site-packages/airflow/example_dags/tutorial_taskflow_api.py took 3.837 seconds
[2023-04-08T10:14:16.441+0000] {processor.py:153} INFO - Started process (PID=49188) to work on /home/airflow/.local/lib/python3.7/site-packages/airflow/example_dags/tutorial_taskflow_api.py
[2023-04-08T10:14:16.448+0000] {processor.py:743} INFO - Processing file /home/airflow/.local/lib/python3.7/site-packages/airflow/example_dags/tutorial_taskflow_api.py for tasks to queue
[2023-04-08T10:14:16.454+0000] {logging_mixin.py:137} INFO - [2023-04-08T10:14:16.453+0000] {dagbag.py:532} INFO - Filling up the DagBag from /home/airflow/.local/lib/python3.7/site-packages/airflow/example_dags/tutorial_taskflow_api.py
[2023-04-08T10:14:16.547+0000] {processor.py:753} INFO - DAG(s) dict_keys(['tutorial_taskflow_api']) retrieved from /home/airflow/.local/lib/python3.7/site-packages/airflow/example_dags/tutorial_taskflow_api.py
[2023-04-08T10:14:16.656+0000] {logging_mixin.py:137} INFO - [2023-04-08T10:14:16.655+0000] {dag.py:2705} INFO - Sync 1 DAGs
[2023-04-08T10:14:16.807+0000] {logging_mixin.py:137} INFO - [2023-04-08T10:14:16.807+0000] {dag.py:3456} INFO - Setting next_dagrun for tutorial_taskflow_api to None, run_after=None
[2023-04-08T10:14:16.899+0000] {processor.py:175} INFO - Processing /home/airflow/.local/lib/python3.7/site-packages/airflow/example_dags/tutorial_taskflow_api.py took 0.480 seconds
[2023-04-08T10:15:09.553+0000] {processor.py:153} INFO - Started process (PID=49242) to work on /home/airflow/.local/lib/python3.7/site-packages/airflow/example_dags/tutorial_taskflow_api.py
[2023-04-08T10:15:09.561+0000] {processor.py:743} INFO - Processing file /home/airflow/.local/lib/python3.7/site-packages/airflow/example_dags/tutorial_taskflow_api.py for tasks to queue
[2023-04-08T10:15:09.570+0000] {logging_mixin.py:137} INFO - [2023-04-08T10:15:09.568+0000] {dagbag.py:532} INFO - Filling up the DagBag from /home/airflow/.local/lib/python3.7/site-packages/airflow/example_dags/tutorial_taskflow_api.py
[2023-04-08T10:15:09.658+0000] {processor.py:753} INFO - DAG(s) dict_keys(['tutorial_taskflow_api']) retrieved from /home/airflow/.local/lib/python3.7/site-packages/airflow/example_dags/tutorial_taskflow_api.py
[2023-04-08T10:15:09.872+0000] {logging_mixin.py:137} INFO - [2023-04-08T10:15:09.872+0000] {dag.py:2705} INFO - Sync 1 DAGs
[2023-04-08T10:15:10.027+0000] {logging_mixin.py:137} INFO - [2023-04-08T10:15:10.027+0000] {dag.py:3456} INFO - Setting next_dagrun for tutorial_taskflow_api to None, run_after=None
[2023-04-08T10:15:10.100+0000] {processor.py:175} INFO - Processing /home/airflow/.local/lib/python3.7/site-packages/airflow/example_dags/tutorial_taskflow_api.py took 0.563 seconds
[2023-04-08T10:15:44.970+0000] {processor.py:153} INFO - Started process (PID=49293) to work on /home/airflow/.local/lib/python3.7/site-packages/airflow/example_dags/tutorial_taskflow_api.py
[2023-04-08T10:15:44.978+0000] {processor.py:743} INFO - Processing file /home/airflow/.local/lib/python3.7/site-packages/airflow/example_dags/tutorial_taskflow_api.py for tasks to queue
[2023-04-08T10:15:44.984+0000] {logging_mixin.py:137} INFO - [2023-04-08T10:15:44.984+0000] {dagbag.py:532} INFO - Filling up the DagBag from /home/airflow/.local/lib/python3.7/site-packages/airflow/example_dags/tutorial_taskflow_api.py
[2023-04-08T10:15:45.323+0000] {processor.py:753} INFO - DAG(s) dict_keys(['tutorial_taskflow_api']) retrieved from /home/airflow/.local/lib/python3.7/site-packages/airflow/example_dags/tutorial_taskflow_api.py
[2023-04-08T10:15:45.841+0000] {logging_mixin.py:137} INFO - [2023-04-08T10:15:45.840+0000] {dag.py:2705} INFO - Sync 1 DAGs
[2023-04-08T10:15:46.037+0000] {logging_mixin.py:137} INFO - [2023-04-08T10:15:46.037+0000] {dag.py:3456} INFO - Setting next_dagrun for tutorial_taskflow_api to None, run_after=None
[2023-04-08T10:15:46.141+0000] {processor.py:175} INFO - Processing /home/airflow/.local/lib/python3.7/site-packages/airflow/example_dags/tutorial_taskflow_api.py took 1.197 seconds
[2023-04-08T10:16:16.824+0000] {processor.py:153} INFO - Started process (PID=49344) to work on /home/airflow/.local/lib/python3.7/site-packages/airflow/example_dags/tutorial_taskflow_api.py
[2023-04-08T10:16:16.866+0000] {processor.py:743} INFO - Processing file /home/airflow/.local/lib/python3.7/site-packages/airflow/example_dags/tutorial_taskflow_api.py for tasks to queue
[2023-04-08T10:16:16.869+0000] {logging_mixin.py:137} INFO - [2023-04-08T10:16:16.869+0000] {dagbag.py:532} INFO - Filling up the DagBag from /home/airflow/.local/lib/python3.7/site-packages/airflow/example_dags/tutorial_taskflow_api.py
[2023-04-08T10:16:17.002+0000] {processor.py:753} INFO - DAG(s) dict_keys(['tutorial_taskflow_api']) retrieved from /home/airflow/.local/lib/python3.7/site-packages/airflow/example_dags/tutorial_taskflow_api.py
[2023-04-08T10:16:17.266+0000] {logging_mixin.py:137} INFO - [2023-04-08T10:16:17.265+0000] {dag.py:2705} INFO - Sync 1 DAGs
[2023-04-08T10:16:17.403+0000] {logging_mixin.py:137} INFO - [2023-04-08T10:16:17.403+0000] {dag.py:3456} INFO - Setting next_dagrun for tutorial_taskflow_api to None, run_after=None
[2023-04-08T10:16:17.635+0000] {processor.py:175} INFO - Processing /home/airflow/.local/lib/python3.7/site-packages/airflow/example_dags/tutorial_taskflow_api.py took 0.820 seconds
[2023-04-08T10:16:48.352+0000] {processor.py:153} INFO - Started process (PID=49411) to work on /home/airflow/.local/lib/python3.7/site-packages/airflow/example_dags/tutorial_taskflow_api.py
[2023-04-08T10:16:48.355+0000] {processor.py:743} INFO - Processing file /home/airflow/.local/lib/python3.7/site-packages/airflow/example_dags/tutorial_taskflow_api.py for tasks to queue
[2023-04-08T10:16:48.359+0000] {logging_mixin.py:137} INFO - [2023-04-08T10:16:48.358+0000] {dagbag.py:532} INFO - Filling up the DagBag from /home/airflow/.local/lib/python3.7/site-packages/airflow/example_dags/tutorial_taskflow_api.py
[2023-04-08T10:16:48.410+0000] {processor.py:753} INFO - DAG(s) dict_keys(['tutorial_taskflow_api']) retrieved from /home/airflow/.local/lib/python3.7/site-packages/airflow/example_dags/tutorial_taskflow_api.py
[2023-04-08T10:16:48.467+0000] {logging_mixin.py:137} INFO - [2023-04-08T10:16:48.467+0000] {dag.py:2705} INFO - Sync 1 DAGs
[2023-04-08T10:16:48.519+0000] {logging_mixin.py:137} INFO - [2023-04-08T10:16:48.519+0000] {dag.py:3456} INFO - Setting next_dagrun for tutorial_taskflow_api to None, run_after=None
[2023-04-08T10:16:48.562+0000] {processor.py:175} INFO - Processing /home/airflow/.local/lib/python3.7/site-packages/airflow/example_dags/tutorial_taskflow_api.py took 0.218 seconds
[2023-04-08T10:17:18.880+0000] {processor.py:153} INFO - Started process (PID=49461) to work on /home/airflow/.local/lib/python3.7/site-packages/airflow/example_dags/tutorial_taskflow_api.py
[2023-04-08T10:17:18.884+0000] {processor.py:743} INFO - Processing file /home/airflow/.local/lib/python3.7/site-packages/airflow/example_dags/tutorial_taskflow_api.py for tasks to queue
[2023-04-08T10:17:18.887+0000] {logging_mixin.py:137} INFO - [2023-04-08T10:17:18.887+0000] {dagbag.py:532} INFO - Filling up the DagBag from /home/airflow/.local/lib/python3.7/site-packages/airflow/example_dags/tutorial_taskflow_api.py
[2023-04-08T10:17:18.914+0000] {processor.py:753} INFO - DAG(s) dict_keys(['tutorial_taskflow_api']) retrieved from /home/airflow/.local/lib/python3.7/site-packages/airflow/example_dags/tutorial_taskflow_api.py
[2023-04-08T10:17:18.949+0000] {logging_mixin.py:137} INFO - [2023-04-08T10:17:18.949+0000] {dag.py:2705} INFO - Sync 1 DAGs
[2023-04-08T10:17:18.986+0000] {logging_mixin.py:137} INFO - [2023-04-08T10:17:18.986+0000] {dag.py:3456} INFO - Setting next_dagrun for tutorial_taskflow_api to None, run_after=None
[2023-04-08T10:17:19.013+0000] {processor.py:175} INFO - Processing /home/airflow/.local/lib/python3.7/site-packages/airflow/example_dags/tutorial_taskflow_api.py took 0.140 seconds
[2023-04-08T10:17:49.147+0000] {processor.py:153} INFO - Started process (PID=49512) to work on /home/airflow/.local/lib/python3.7/site-packages/airflow/example_dags/tutorial_taskflow_api.py
[2023-04-08T10:17:49.149+0000] {processor.py:743} INFO - Processing file /home/airflow/.local/lib/python3.7/site-packages/airflow/example_dags/tutorial_taskflow_api.py for tasks to queue
[2023-04-08T10:17:49.151+0000] {logging_mixin.py:137} INFO - [2023-04-08T10:17:49.151+0000] {dagbag.py:532} INFO - Filling up the DagBag from /home/airflow/.local/lib/python3.7/site-packages/airflow/example_dags/tutorial_taskflow_api.py
[2023-04-08T10:17:49.176+0000] {processor.py:753} INFO - DAG(s) dict_keys(['tutorial_taskflow_api']) retrieved from /home/airflow/.local/lib/python3.7/site-packages/airflow/example_dags/tutorial_taskflow_api.py
[2023-04-08T10:17:49.213+0000] {logging_mixin.py:137} INFO - [2023-04-08T10:17:49.213+0000] {dag.py:2705} INFO - Sync 1 DAGs
[2023-04-08T10:17:49.247+0000] {logging_mixin.py:137} INFO - [2023-04-08T10:17:49.247+0000] {dag.py:3456} INFO - Setting next_dagrun for tutorial_taskflow_api to None, run_after=None
[2023-04-08T10:17:49.272+0000] {processor.py:175} INFO - Processing /home/airflow/.local/lib/python3.7/site-packages/airflow/example_dags/tutorial_taskflow_api.py took 0.131 seconds
[2023-04-08T10:18:19.502+0000] {processor.py:153} INFO - Started process (PID=49563) to work on /home/airflow/.local/lib/python3.7/site-packages/airflow/example_dags/tutorial_taskflow_api.py
[2023-04-08T10:18:19.504+0000] {processor.py:743} INFO - Processing file /home/airflow/.local/lib/python3.7/site-packages/airflow/example_dags/tutorial_taskflow_api.py for tasks to queue
[2023-04-08T10:18:19.506+0000] {logging_mixin.py:137} INFO - [2023-04-08T10:18:19.506+0000] {dagbag.py:532} INFO - Filling up the DagBag from /home/airflow/.local/lib/python3.7/site-packages/airflow/example_dags/tutorial_taskflow_api.py
[2023-04-08T10:18:19.531+0000] {processor.py:753} INFO - DAG(s) dict_keys(['tutorial_taskflow_api']) retrieved from /home/airflow/.local/lib/python3.7/site-packages/airflow/example_dags/tutorial_taskflow_api.py
[2023-04-08T10:18:19.567+0000] {logging_mixin.py:137} INFO - [2023-04-08T10:18:19.567+0000] {dag.py:2705} INFO - Sync 1 DAGs
[2023-04-08T10:18:19.600+0000] {logging_mixin.py:137} INFO - [2023-04-08T10:18:19.600+0000] {dag.py:3456} INFO - Setting next_dagrun for tutorial_taskflow_api to None, run_after=None
[2023-04-08T10:18:19.626+0000] {processor.py:175} INFO - Processing /home/airflow/.local/lib/python3.7/site-packages/airflow/example_dags/tutorial_taskflow_api.py took 0.128 seconds
