[2023-04-06T04:30:05.308+0000] {taskinstance.py:1090} INFO - Dependencies all met for dep_context=non-requeueable deps ti=<TaskInstance: io_resto_casa.sleep_me scheduled__2023-04-06T04:20:00+00:00 [queued]>
[2023-04-06T04:30:05.319+0000] {taskinstance.py:1090} INFO - Dependencies all met for dep_context=requeueable deps ti=<TaskInstance: io_resto_casa.sleep_me scheduled__2023-04-06T04:20:00+00:00 [queued]>
[2023-04-06T04:30:05.320+0000] {taskinstance.py:1288} INFO - 
--------------------------------------------------------------------------------
[2023-04-06T04:30:05.321+0000] {taskinstance.py:1289} INFO - Starting attempt 1 of 3
[2023-04-06T04:30:05.323+0000] {taskinstance.py:1290} INFO - 
--------------------------------------------------------------------------------
[2023-04-06T04:30:05.340+0000] {taskinstance.py:1309} INFO - Executing <Task(BashOperator): sleep_me> on 2023-04-06 04:20:00+00:00
[2023-04-06T04:30:05.346+0000] {standard_task_runner.py:55} INFO - Started process 2404 to run task
[2023-04-06T04:30:05.349+0000] {standard_task_runner.py:82} INFO - Running: ['***', 'tasks', 'run', 'io_resto_casa', 'sleep_me', 'scheduled__2023-04-06T04:20:00+00:00', '--job-id', '69', '--raw', '--subdir', 'DAGS_FOLDER/ciao.py', '--cfg-path', '/tmp/tmpabr1of45']
[2023-04-06T04:30:05.353+0000] {standard_task_runner.py:83} INFO - Job 69: Subtask sleep_me
[2023-04-06T04:30:05.444+0000] {task_command.py:389} INFO - Running <TaskInstance: io_resto_casa.sleep_me scheduled__2023-04-06T04:20:00+00:00 [running]> on host cfece00ff772
[2023-04-06T04:30:05.520+0000] {taskinstance.py:1518} INFO - Exporting the following env vars:
AIRFLOW_CTX_DAG_OWNER=***
AIRFLOW_CTX_DAG_ID=io_resto_casa
AIRFLOW_CTX_TASK_ID=sleep_me
AIRFLOW_CTX_EXECUTION_DATE=2023-04-06T04:20:00+00:00
AIRFLOW_CTX_TRY_NUMBER=1
AIRFLOW_CTX_DAG_RUN_ID=scheduled__2023-04-06T04:20:00+00:00
[2023-04-06T04:30:05.523+0000] {subprocess.py:63} INFO - Tmp dir root location: 
 /tmp
[2023-04-06T04:30:05.526+0000] {subprocess.py:75} INFO - Running command: ['/bin/bash', '-c', 'sleep 5']
[2023-04-06T04:30:05.539+0000] {subprocess.py:86} INFO - Output:
[2023-04-06T04:30:10.543+0000] {subprocess.py:97} INFO - Command exited with return code 0
[2023-04-06T04:30:10.579+0000] {taskinstance.py:1332} INFO - Marking task as SUCCESS. dag_id=io_resto_casa, task_id=sleep_me, execution_date=20230406T042000, start_date=20230406T043005, end_date=20230406T043010
[2023-04-06T04:30:10.619+0000] {local_task_job.py:212} INFO - Task exited with return code 0
[2023-04-06T04:30:10.648+0000] {taskinstance.py:2596} INFO - 1 downstream tasks scheduled from follow-on schedule check
