[2023-04-06T08:40:06.108+0000] {taskinstance.py:1090} INFO - Dependencies all met for dep_context=non-requeueable deps ti=<TaskInstance: io_resto_casa.sleep_me scheduled__2023-04-06T08:30:00+00:00 [queued]>
[2023-04-06T08:40:06.122+0000] {taskinstance.py:1090} INFO - Dependencies all met for dep_context=requeueable deps ti=<TaskInstance: io_resto_casa.sleep_me scheduled__2023-04-06T08:30:00+00:00 [queued]>
[2023-04-06T08:40:06.124+0000] {taskinstance.py:1288} INFO - 
--------------------------------------------------------------------------------
[2023-04-06T08:40:06.126+0000] {taskinstance.py:1289} INFO - Starting attempt 1 of 3
[2023-04-06T08:40:06.128+0000] {taskinstance.py:1290} INFO - 
--------------------------------------------------------------------------------
[2023-04-06T08:40:06.158+0000] {taskinstance.py:1309} INFO - Executing <Task(BashOperator): sleep_me> on 2023-04-06 08:30:00+00:00
[2023-04-06T08:40:06.166+0000] {standard_task_runner.py:55} INFO - Started process 8641 to run task
[2023-04-06T08:40:06.171+0000] {standard_task_runner.py:82} INFO - Running: ['***', 'tasks', 'run', 'io_resto_casa', 'sleep_me', 'scheduled__2023-04-06T08:30:00+00:00', '--job-id', '169', '--raw', '--subdir', 'DAGS_FOLDER/ciao.py', '--cfg-path', '/tmp/tmp1ylfg631']
[2023-04-06T08:40:06.175+0000] {standard_task_runner.py:83} INFO - Job 169: Subtask sleep_me
[2023-04-06T08:40:06.281+0000] {task_command.py:389} INFO - Running <TaskInstance: io_resto_casa.sleep_me scheduled__2023-04-06T08:30:00+00:00 [running]> on host cfece00ff772
[2023-04-06T08:40:06.403+0000] {taskinstance.py:1518} INFO - Exporting the following env vars:
AIRFLOW_CTX_DAG_OWNER=***
AIRFLOW_CTX_DAG_ID=io_resto_casa
AIRFLOW_CTX_TASK_ID=sleep_me
AIRFLOW_CTX_EXECUTION_DATE=2023-04-06T08:30:00+00:00
AIRFLOW_CTX_TRY_NUMBER=1
AIRFLOW_CTX_DAG_RUN_ID=scheduled__2023-04-06T08:30:00+00:00
[2023-04-06T08:40:06.408+0000] {subprocess.py:63} INFO - Tmp dir root location: 
 /tmp
[2023-04-06T08:40:06.411+0000] {subprocess.py:75} INFO - Running command: ['/bin/bash', '-c', 'sleep 5']
[2023-04-06T08:40:06.433+0000] {subprocess.py:86} INFO - Output:
[2023-04-06T08:40:11.439+0000] {subprocess.py:97} INFO - Command exited with return code 0
[2023-04-06T08:40:11.472+0000] {taskinstance.py:1332} INFO - Marking task as SUCCESS. dag_id=io_resto_casa, task_id=sleep_me, execution_date=20230406T083000, start_date=20230406T084006, end_date=20230406T084011
[2023-04-06T08:40:11.506+0000] {local_task_job.py:212} INFO - Task exited with return code 0
[2023-04-06T08:40:11.540+0000] {taskinstance.py:2596} INFO - 1 downstream tasks scheduled from follow-on schedule check
