[2023-04-06T06:10:04.655+0000] {taskinstance.py:1090} INFO - Dependencies all met for dep_context=non-requeueable deps ti=<TaskInstance: io_resto_casa.greet scheduled__2023-04-06T06:00:00+00:00 [queued]>
[2023-04-06T06:10:04.674+0000] {taskinstance.py:1090} INFO - Dependencies all met for dep_context=requeueable deps ti=<TaskInstance: io_resto_casa.greet scheduled__2023-04-06T06:00:00+00:00 [queued]>
[2023-04-06T06:10:04.677+0000] {taskinstance.py:1288} INFO - 
--------------------------------------------------------------------------------
[2023-04-06T06:10:04.679+0000] {taskinstance.py:1289} INFO - Starting attempt 1 of 3
[2023-04-06T06:10:04.680+0000] {taskinstance.py:1290} INFO - 
--------------------------------------------------------------------------------
[2023-04-06T06:10:04.703+0000] {taskinstance.py:1309} INFO - Executing <Task(PythonOperator): greet> on 2023-04-06 06:00:00+00:00
[2023-04-06T06:10:04.711+0000] {standard_task_runner.py:55} INFO - Started process 5018 to run task
[2023-04-06T06:10:04.718+0000] {standard_task_runner.py:82} INFO - Running: ['***', 'tasks', 'run', 'io_resto_casa', 'greet', 'scheduled__2023-04-06T06:00:00+00:00', '--job-id', '108', '--raw', '--subdir', 'DAGS_FOLDER/ciao.py', '--cfg-path', '/tmp/tmp3l4i8zse']
[2023-04-06T06:10:04.725+0000] {standard_task_runner.py:83} INFO - Job 108: Subtask greet
[2023-04-06T06:10:04.844+0000] {task_command.py:389} INFO - Running <TaskInstance: io_resto_casa.greet scheduled__2023-04-06T06:00:00+00:00 [running]> on host cfece00ff772
[2023-04-06T06:10:04.972+0000] {taskinstance.py:1518} INFO - Exporting the following env vars:
AIRFLOW_CTX_DAG_OWNER=***
AIRFLOW_CTX_DAG_ID=io_resto_casa
AIRFLOW_CTX_TASK_ID=greet
AIRFLOW_CTX_EXECUTION_DATE=2023-04-06T06:00:00+00:00
AIRFLOW_CTX_TRY_NUMBER=1
AIRFLOW_CTX_DAG_RUN_ID=scheduled__2023-04-06T06:00:00+00:00
[2023-04-06T06:10:04.978+0000] {logging_mixin.py:137} INFO - Writing in file
[2023-04-06T06:10:04.981+0000] {python.py:177} INFO - Done. Returned value was: Greeted
[2023-04-06T06:10:05.019+0000] {taskinstance.py:1332} INFO - Marking task as SUCCESS. dag_id=io_resto_casa, task_id=greet, execution_date=20230406T060000, start_date=20230406T061004, end_date=20230406T061005
[2023-04-06T06:10:05.054+0000] {local_task_job.py:212} INFO - Task exited with return code 0
[2023-04-06T06:10:05.112+0000] {taskinstance.py:2596} INFO - 1 downstream tasks scheduled from follow-on schedule check
