[2023-04-06T06:10:14.549+0000] {taskinstance.py:1090} INFO - Dependencies all met for dep_context=non-requeueable deps ti=<TaskInstance: io_resto_casa.respond scheduled__2023-04-06T06:00:00+00:00 [queued]>
[2023-04-06T06:10:14.567+0000] {taskinstance.py:1090} INFO - Dependencies all met for dep_context=requeueable deps ti=<TaskInstance: io_resto_casa.respond scheduled__2023-04-06T06:00:00+00:00 [queued]>
[2023-04-06T06:10:14.570+0000] {taskinstance.py:1288} INFO - 
--------------------------------------------------------------------------------
[2023-04-06T06:10:14.572+0000] {taskinstance.py:1289} INFO - Starting attempt 1 of 3
[2023-04-06T06:10:14.576+0000] {taskinstance.py:1290} INFO - 
--------------------------------------------------------------------------------
[2023-04-06T06:10:14.612+0000] {taskinstance.py:1309} INFO - Executing <Task(PythonOperator): respond> on 2023-04-06 06:00:00+00:00
[2023-04-06T06:10:14.627+0000] {standard_task_runner.py:55} INFO - Started process 5025 to run task
[2023-04-06T06:10:14.635+0000] {standard_task_runner.py:82} INFO - Running: ['***', 'tasks', 'run', 'io_resto_casa', 'respond', 'scheduled__2023-04-06T06:00:00+00:00', '--job-id', '110', '--raw', '--subdir', 'DAGS_FOLDER/ciao.py', '--cfg-path', '/tmp/tmp5j4yul_0']
[2023-04-06T06:10:14.642+0000] {standard_task_runner.py:83} INFO - Job 110: Subtask respond
[2023-04-06T06:10:14.787+0000] {task_command.py:389} INFO - Running <TaskInstance: io_resto_casa.respond scheduled__2023-04-06T06:00:00+00:00 [running]> on host cfece00ff772
[2023-04-06T06:10:14.931+0000] {taskinstance.py:1518} INFO - Exporting the following env vars:
AIRFLOW_CTX_DAG_OWNER=***
AIRFLOW_CTX_DAG_ID=io_resto_casa
AIRFLOW_CTX_TASK_ID=respond
AIRFLOW_CTX_EXECUTION_DATE=2023-04-06T06:00:00+00:00
AIRFLOW_CTX_TRY_NUMBER=1
AIRFLOW_CTX_DAG_RUN_ID=scheduled__2023-04-06T06:00:00+00:00
[2023-04-06T06:10:14.935+0000] {python.py:177} INFO - Done. Returned value was: Greet Responded Again
[2023-04-06T06:10:14.983+0000] {taskinstance.py:1332} INFO - Marking task as SUCCESS. dag_id=io_resto_casa, task_id=respond, execution_date=20230406T060000, start_date=20230406T061014, end_date=20230406T061014
[2023-04-06T06:10:15.049+0000] {local_task_job.py:212} INFO - Task exited with return code 0
[2023-04-06T06:10:15.087+0000] {taskinstance.py:2596} INFO - 0 downstream tasks scheduled from follow-on schedule check
