[2023-04-06T06:00:05.723+0000] {taskinstance.py:1090} INFO - Dependencies all met for dep_context=non-requeueable deps ti=<TaskInstance: io_resto_casa.sleep_me scheduled__2023-04-06T05:50:00+00:00 [queued]>
[2023-04-06T06:00:05.736+0000] {taskinstance.py:1090} INFO - Dependencies all met for dep_context=requeueable deps ti=<TaskInstance: io_resto_casa.sleep_me scheduled__2023-04-06T05:50:00+00:00 [queued]>
[2023-04-06T06:00:05.737+0000] {taskinstance.py:1288} INFO - 
--------------------------------------------------------------------------------
[2023-04-06T06:00:05.738+0000] {taskinstance.py:1289} INFO - Starting attempt 1 of 3
[2023-04-06T06:00:05.740+0000] {taskinstance.py:1290} INFO - 
--------------------------------------------------------------------------------
[2023-04-06T06:00:05.759+0000] {taskinstance.py:1309} INFO - Executing <Task(BashOperator): sleep_me> on 2023-04-06 05:50:00+00:00
[2023-04-06T06:00:05.767+0000] {standard_task_runner.py:55} INFO - Started process 4753 to run task
[2023-04-06T06:00:05.771+0000] {standard_task_runner.py:82} INFO - Running: ['***', 'tasks', 'run', 'io_resto_casa', 'sleep_me', 'scheduled__2023-04-06T05:50:00+00:00', '--job-id', '105', '--raw', '--subdir', 'DAGS_FOLDER/ciao.py', '--cfg-path', '/tmp/tmpk1fdt9x1']
[2023-04-06T06:00:05.775+0000] {standard_task_runner.py:83} INFO - Job 105: Subtask sleep_me
[2023-04-06T06:00:05.875+0000] {task_command.py:389} INFO - Running <TaskInstance: io_resto_casa.sleep_me scheduled__2023-04-06T05:50:00+00:00 [running]> on host cfece00ff772
[2023-04-06T06:00:05.973+0000] {taskinstance.py:1518} INFO - Exporting the following env vars:
AIRFLOW_CTX_DAG_OWNER=***
AIRFLOW_CTX_DAG_ID=io_resto_casa
AIRFLOW_CTX_TASK_ID=sleep_me
AIRFLOW_CTX_EXECUTION_DATE=2023-04-06T05:50:00+00:00
AIRFLOW_CTX_TRY_NUMBER=1
AIRFLOW_CTX_DAG_RUN_ID=scheduled__2023-04-06T05:50:00+00:00
[2023-04-06T06:00:05.976+0000] {subprocess.py:63} INFO - Tmp dir root location: 
 /tmp
[2023-04-06T06:00:05.978+0000] {subprocess.py:75} INFO - Running command: ['/bin/bash', '-c', 'sleep 5']
[2023-04-06T06:00:05.994+0000] {subprocess.py:86} INFO - Output:
[2023-04-06T06:00:10.999+0000] {subprocess.py:97} INFO - Command exited with return code 0
[2023-04-06T06:00:11.035+0000] {taskinstance.py:1332} INFO - Marking task as SUCCESS. dag_id=io_resto_casa, task_id=sleep_me, execution_date=20230406T055000, start_date=20230406T060005, end_date=20230406T060011
[2023-04-06T06:00:11.076+0000] {local_task_job.py:212} INFO - Task exited with return code 0
[2023-04-06T06:00:11.109+0000] {taskinstance.py:2596} INFO - 1 downstream tasks scheduled from follow-on schedule check
