[2023-04-06T03:29:21.046+0000] {taskinstance.py:1090} INFO - Dependencies all met for dep_context=non-requeueable deps ti=<TaskInstance: io_resto_casa.say_Hi manual__2023-04-06T03:29:18.769594+00:00 [queued]>
[2023-04-06T03:29:21.067+0000] {taskinstance.py:1090} INFO - Dependencies all met for dep_context=requeueable deps ti=<TaskInstance: io_resto_casa.say_Hi manual__2023-04-06T03:29:18.769594+00:00 [queued]>
[2023-04-06T03:29:21.069+0000] {taskinstance.py:1288} INFO - 
--------------------------------------------------------------------------------
[2023-04-06T03:29:21.071+0000] {taskinstance.py:1289} INFO - Starting attempt 1 of 1
[2023-04-06T03:29:21.072+0000] {taskinstance.py:1290} INFO - 
--------------------------------------------------------------------------------
[2023-04-06T03:29:21.097+0000] {taskinstance.py:1309} INFO - Executing <Task(BashOperator): say_Hi> on 2023-04-06 03:29:18.769594+00:00
[2023-04-06T03:29:21.108+0000] {standard_task_runner.py:55} INFO - Started process 773 to run task
[2023-04-06T03:29:21.114+0000] {standard_task_runner.py:82} INFO - Running: ['***', 'tasks', 'run', 'io_resto_casa', 'say_Hi', 'manual__2023-04-06T03:29:18.769594+00:00', '--job-id', '39', '--raw', '--subdir', 'DAGS_FOLDER/ciao.py', '--cfg-path', '/tmp/tmp3rxjla8x']
[2023-04-06T03:29:21.122+0000] {standard_task_runner.py:83} INFO - Job 39: Subtask say_Hi
[2023-04-06T03:29:21.271+0000] {task_command.py:389} INFO - Running <TaskInstance: io_resto_casa.say_Hi manual__2023-04-06T03:29:18.769594+00:00 [running]> on host cfece00ff772
[2023-04-06T03:29:21.420+0000] {taskinstance.py:1518} INFO - Exporting the following env vars:
AIRFLOW_CTX_DAG_OWNER=***
AIRFLOW_CTX_DAG_ID=io_resto_casa
AIRFLOW_CTX_TASK_ID=say_Hi
AIRFLOW_CTX_EXECUTION_DATE=2023-04-06T03:29:18.769594+00:00
AIRFLOW_CTX_TRY_NUMBER=1
AIRFLOW_CTX_DAG_RUN_ID=manual__2023-04-06T03:29:18.769594+00:00
[2023-04-06T03:29:21.425+0000] {subprocess.py:63} INFO - Tmp dir root location: 
 /tmp
[2023-04-06T03:29:21.427+0000] {subprocess.py:75} INFO - Running command: ['/bin/bash', '-c', 'echo "Doing Hi in Italian!!"']
[2023-04-06T03:29:21.446+0000] {subprocess.py:86} INFO - Output:
[2023-04-06T03:29:21.450+0000] {subprocess.py:93} INFO - Doing Hi in Italian!!
[2023-04-06T03:29:21.452+0000] {subprocess.py:97} INFO - Command exited with return code 0
[2023-04-06T03:29:21.497+0000] {taskinstance.py:1332} INFO - Marking task as SUCCESS. dag_id=io_resto_casa, task_id=say_Hi, execution_date=20230406T032918, start_date=20230406T032921, end_date=20230406T032921
[2023-04-06T03:29:21.610+0000] {local_task_job.py:212} INFO - Task exited with return code 0
[2023-04-06T03:29:21.712+0000] {taskinstance.py:2596} INFO - 1 downstream tasks scheduled from follow-on schedule check
