[2023-04-06T12:17:39.645+0000] {taskinstance.py:1090} INFO - Dependencies all met for dep_context=non-requeueable deps ti=<TaskInstance: io_resto_casa.sleep_me scheduled__2023-04-06T11:30:00+00:00 [queued]>
[2023-04-06T12:17:39.731+0000] {taskinstance.py:1090} INFO - Dependencies all met for dep_context=requeueable deps ti=<TaskInstance: io_resto_casa.sleep_me scheduled__2023-04-06T11:30:00+00:00 [queued]>
[2023-04-06T12:17:39.741+0000] {taskinstance.py:1288} INFO - 
--------------------------------------------------------------------------------
[2023-04-06T12:17:39.743+0000] {taskinstance.py:1289} INFO - Starting attempt 1 of 3
[2023-04-06T12:17:39.744+0000] {taskinstance.py:1290} INFO - 
--------------------------------------------------------------------------------
[2023-04-06T12:17:39.798+0000] {taskinstance.py:1309} INFO - Executing <Task(BashOperator): sleep_me> on 2023-04-06 11:30:00+00:00
[2023-04-06T12:17:39.809+0000] {standard_task_runner.py:55} INFO - Started process 13068 to run task
[2023-04-06T12:17:39.819+0000] {standard_task_runner.py:82} INFO - Running: ['***', 'tasks', 'run', 'io_resto_casa', 'sleep_me', 'scheduled__2023-04-06T11:30:00+00:00', '--job-id', '239', '--raw', '--subdir', 'DAGS_FOLDER/ciao.py', '--cfg-path', '/tmp/tmpz96kcc2a']
[2023-04-06T12:17:39.829+0000] {standard_task_runner.py:83} INFO - Job 239: Subtask sleep_me
[2023-04-06T12:17:40.458+0000] {task_command.py:389} INFO - Running <TaskInstance: io_resto_casa.sleep_me scheduled__2023-04-06T11:30:00+00:00 [running]> on host cfece00ff772
[2023-04-06T12:17:40.959+0000] {taskinstance.py:1518} INFO - Exporting the following env vars:
AIRFLOW_CTX_DAG_OWNER=***
AIRFLOW_CTX_DAG_ID=io_resto_casa
AIRFLOW_CTX_TASK_ID=sleep_me
AIRFLOW_CTX_EXECUTION_DATE=2023-04-06T11:30:00+00:00
AIRFLOW_CTX_TRY_NUMBER=1
AIRFLOW_CTX_DAG_RUN_ID=scheduled__2023-04-06T11:30:00+00:00
[2023-04-06T12:17:40.979+0000] {subprocess.py:63} INFO - Tmp dir root location: 
 /tmp
[2023-04-06T12:17:40.989+0000] {subprocess.py:75} INFO - Running command: ['/bin/bash', '-c', 'sleep 5']
[2023-04-06T12:17:41.059+0000] {subprocess.py:86} INFO - Output:
[2023-04-06T12:17:46.416+0000] {subprocess.py:97} INFO - Command exited with return code 0
[2023-04-06T12:17:47.935+0000] {taskinstance.py:1332} INFO - Marking task as SUCCESS. dag_id=io_resto_casa, task_id=sleep_me, execution_date=20230406T113000, start_date=20230406T121739, end_date=20230406T121747
[2023-04-06T12:17:58.237+0000] {local_task_job.py:212} INFO - Task exited with return code 0
[2023-04-06T12:18:01.541+0000] {taskinstance.py:2596} INFO - 1 downstream tasks scheduled from follow-on schedule check
