[2023-04-06T03:20:12.330+0000] {taskinstance.py:1090} INFO - Dependencies all met for dep_context=non-requeueable deps ti=<TaskInstance: my_simple_dag.respond scheduled__2023-04-06T03:10:00+00:00 [queued]>
[2023-04-06T03:20:12.347+0000] {taskinstance.py:1090} INFO - Dependencies all met for dep_context=requeueable deps ti=<TaskInstance: my_simple_dag.respond scheduled__2023-04-06T03:10:00+00:00 [queued]>
[2023-04-06T03:20:12.348+0000] {taskinstance.py:1288} INFO - 
--------------------------------------------------------------------------------
[2023-04-06T03:20:12.349+0000] {taskinstance.py:1289} INFO - Starting attempt 1 of 1
[2023-04-06T03:20:12.352+0000] {taskinstance.py:1290} INFO - 
--------------------------------------------------------------------------------
[2023-04-06T03:20:12.379+0000] {taskinstance.py:1309} INFO - Executing <Task(PythonOperator): respond> on 2023-04-06 03:10:00+00:00
[2023-04-06T03:20:12.386+0000] {standard_task_runner.py:55} INFO - Started process 495 to run task
[2023-04-06T03:20:12.391+0000] {standard_task_runner.py:82} INFO - Running: ['***', 'tasks', 'run', 'my_simple_dag', 'respond', 'scheduled__2023-04-06T03:10:00+00:00', '--job-id', '26', '--raw', '--subdir', 'DAGS_FOLDER/ciao.py', '--cfg-path', '/tmp/tmpl54c1qqd']
[2023-04-06T03:20:12.395+0000] {standard_task_runner.py:83} INFO - Job 26: Subtask respond
[2023-04-06T03:20:12.501+0000] {task_command.py:389} INFO - Running <TaskInstance: my_simple_dag.respond scheduled__2023-04-06T03:10:00+00:00 [running]> on host cfece00ff772
[2023-04-06T03:20:12.631+0000] {taskinstance.py:1518} INFO - Exporting the following env vars:
AIRFLOW_CTX_DAG_OWNER=***
AIRFLOW_CTX_DAG_ID=my_simple_dag
AIRFLOW_CTX_TASK_ID=respond
AIRFLOW_CTX_EXECUTION_DATE=2023-04-06T03:10:00+00:00
AIRFLOW_CTX_TRY_NUMBER=1
AIRFLOW_CTX_DAG_RUN_ID=scheduled__2023-04-06T03:10:00+00:00
[2023-04-06T03:20:12.635+0000] {python.py:177} INFO - Done. Returned value was: Greet Responded Again
[2023-04-06T03:20:12.670+0000] {taskinstance.py:1332} INFO - Marking task as SUCCESS. dag_id=my_simple_dag, task_id=respond, execution_date=20230406T031000, start_date=20230406T032012, end_date=20230406T032012
[2023-04-06T03:20:12.726+0000] {local_task_job.py:212} INFO - Task exited with return code 0
[2023-04-06T03:20:12.751+0000] {taskinstance.py:2596} INFO - 0 downstream tasks scheduled from follow-on schedule check
