[2023-04-06T06:50:04.827+0000] {taskinstance.py:1090} INFO - Dependencies all met for dep_context=non-requeueable deps ti=<TaskInstance: io_resto_casa.sleep_me scheduled__2023-04-06T06:40:00+00:00 [queued]>
[2023-04-06T06:50:04.841+0000] {taskinstance.py:1090} INFO - Dependencies all met for dep_context=requeueable deps ti=<TaskInstance: io_resto_casa.sleep_me scheduled__2023-04-06T06:40:00+00:00 [queued]>
[2023-04-06T06:50:04.842+0000] {taskinstance.py:1288} INFO - 
--------------------------------------------------------------------------------
[2023-04-06T06:50:04.843+0000] {taskinstance.py:1289} INFO - Starting attempt 1 of 3
[2023-04-06T06:50:04.845+0000] {taskinstance.py:1290} INFO - 
--------------------------------------------------------------------------------
[2023-04-06T06:50:04.863+0000] {taskinstance.py:1309} INFO - Executing <Task(BashOperator): sleep_me> on 2023-04-06 06:40:00+00:00
[2023-04-06T06:50:04.870+0000] {standard_task_runner.py:55} INFO - Started process 5873 to run task
[2023-04-06T06:50:04.875+0000] {standard_task_runner.py:82} INFO - Running: ['***', 'tasks', 'run', 'io_resto_casa', 'sleep_me', 'scheduled__2023-04-06T06:40:00+00:00', '--job-id', '125', '--raw', '--subdir', 'DAGS_FOLDER/ciao.py', '--cfg-path', '/tmp/tmpej6dy2is']
[2023-04-06T06:50:04.878+0000] {standard_task_runner.py:83} INFO - Job 125: Subtask sleep_me
[2023-04-06T06:50:04.970+0000] {task_command.py:389} INFO - Running <TaskInstance: io_resto_casa.sleep_me scheduled__2023-04-06T06:40:00+00:00 [running]> on host cfece00ff772
[2023-04-06T06:50:05.060+0000] {taskinstance.py:1518} INFO - Exporting the following env vars:
AIRFLOW_CTX_DAG_OWNER=***
AIRFLOW_CTX_DAG_ID=io_resto_casa
AIRFLOW_CTX_TASK_ID=sleep_me
AIRFLOW_CTX_EXECUTION_DATE=2023-04-06T06:40:00+00:00
AIRFLOW_CTX_TRY_NUMBER=1
AIRFLOW_CTX_DAG_RUN_ID=scheduled__2023-04-06T06:40:00+00:00
[2023-04-06T06:50:05.065+0000] {subprocess.py:63} INFO - Tmp dir root location: 
 /tmp
[2023-04-06T06:50:05.068+0000] {subprocess.py:75} INFO - Running command: ['/bin/bash', '-c', 'sleep 5']
[2023-04-06T06:50:05.091+0000] {subprocess.py:86} INFO - Output:
[2023-04-06T06:50:10.096+0000] {subprocess.py:97} INFO - Command exited with return code 0
[2023-04-06T06:50:10.134+0000] {taskinstance.py:1332} INFO - Marking task as SUCCESS. dag_id=io_resto_casa, task_id=sleep_me, execution_date=20230406T064000, start_date=20230406T065004, end_date=20230406T065010
[2023-04-06T06:50:10.189+0000] {local_task_job.py:212} INFO - Task exited with return code 0
[2023-04-06T06:50:10.219+0000] {taskinstance.py:2596} INFO - 1 downstream tasks scheduled from follow-on schedule check
