[2023-04-08T10:12:12.130+0000] {taskinstance.py:1090} INFO - Dependencies all met for dep_context=non-requeueable deps ti=<TaskInstance: io_resto_casa.say_Hi scheduled__2023-04-08T07:00:00+00:00 [queued]>
[2023-04-08T10:12:13.455+0000] {taskinstance.py:1090} INFO - Dependencies all met for dep_context=requeueable deps ti=<TaskInstance: io_resto_casa.say_Hi scheduled__2023-04-08T07:00:00+00:00 [queued]>
[2023-04-08T10:12:13.463+0000] {taskinstance.py:1288} INFO - 
--------------------------------------------------------------------------------
[2023-04-08T10:12:13.474+0000] {taskinstance.py:1289} INFO - Starting attempt 1 of 3
[2023-04-08T10:12:13.479+0000] {taskinstance.py:1290} INFO - 
--------------------------------------------------------------------------------
[2023-04-08T10:12:16.237+0000] {taskinstance.py:1309} INFO - Executing <Task(BashOperator): say_Hi> on 2023-04-08 07:00:00+00:00
[2023-04-08T10:12:17.569+0000] {standard_task_runner.py:55} INFO - Started process 13514 to run task
[2023-04-08T10:12:18.254+0000] {standard_task_runner.py:82} INFO - Running: ['***', 'tasks', 'run', 'io_resto_casa', 'say_Hi', 'scheduled__2023-04-08T07:00:00+00:00', '--job-id', '276', '--raw', '--subdir', 'DAGS_FOLDER/ciao.py', '--cfg-path', '/tmp/tmp0doxqjsg']
[2023-04-08T10:12:18.281+0000] {standard_task_runner.py:83} INFO - Job 276: Subtask say_Hi
[2023-04-08T10:12:22.879+0000] {task_command.py:389} INFO - Running <TaskInstance: io_resto_casa.say_Hi scheduled__2023-04-08T07:00:00+00:00 [running]> on host cfece00ff772
[2023-04-08T10:12:35.001+0000] {taskinstance.py:1518} INFO - Exporting the following env vars:
AIRFLOW_CTX_DAG_OWNER=***
AIRFLOW_CTX_DAG_ID=io_resto_casa
AIRFLOW_CTX_TASK_ID=say_Hi
AIRFLOW_CTX_EXECUTION_DATE=2023-04-08T07:00:00+00:00
AIRFLOW_CTX_TRY_NUMBER=1
AIRFLOW_CTX_DAG_RUN_ID=scheduled__2023-04-08T07:00:00+00:00
[2023-04-08T10:12:35.682+0000] {subprocess.py:63} INFO - Tmp dir root location: 
 /tmp
[2023-04-08T10:12:35.970+0000] {subprocess.py:75} INFO - Running command: ['/bin/bash', '-c', 'echo "Doing Hi in Italian!!"']
[2023-04-08T10:12:38.450+0000] {subprocess.py:86} INFO - Output:
[2023-04-08T10:12:38.590+0000] {subprocess.py:93} INFO - Doing Hi in Italian!!
[2023-04-08T10:12:38.597+0000] {subprocess.py:97} INFO - Command exited with return code 0
[2023-04-08T10:12:43.138+0000] {taskinstance.py:1332} INFO - Marking task as SUCCESS. dag_id=io_resto_casa, task_id=say_Hi, execution_date=20230408T070000, start_date=20230408T101212, end_date=20230408T101243
[2023-04-08T10:12:49.350+0000] {local_task_job.py:212} INFO - Task exited with return code 0
[2023-04-08T10:13:00.410+0000] {taskinstance.py:2596} INFO - 0 downstream tasks scheduled from follow-on schedule check
