[2023-04-06T03:24:46.222+0000] {taskinstance.py:1090} INFO - Dependencies all met for dep_context=non-requeueable deps ti=<TaskInstance: io_resto_casa.say_Hi manual__2023-04-06T03:24:44.722423+00:00 [queued]>
[2023-04-06T03:24:46.235+0000] {taskinstance.py:1090} INFO - Dependencies all met for dep_context=requeueable deps ti=<TaskInstance: io_resto_casa.say_Hi manual__2023-04-06T03:24:44.722423+00:00 [queued]>
[2023-04-06T03:24:46.237+0000] {taskinstance.py:1288} INFO - 
--------------------------------------------------------------------------------
[2023-04-06T03:24:46.239+0000] {taskinstance.py:1289} INFO - Starting attempt 1 of 1
[2023-04-06T03:24:46.240+0000] {taskinstance.py:1290} INFO - 
--------------------------------------------------------------------------------
[2023-04-06T03:24:46.261+0000] {taskinstance.py:1309} INFO - Executing <Task(BashOperator): say_Hi> on 2023-04-06 03:24:44.722423+00:00
[2023-04-06T03:24:46.268+0000] {standard_task_runner.py:55} INFO - Started process 623 to run task
[2023-04-06T03:24:46.273+0000] {standard_task_runner.py:82} INFO - Running: ['***', 'tasks', 'run', 'io_resto_casa', 'say_Hi', 'manual__2023-04-06T03:24:44.722423+00:00', '--job-id', '31', '--raw', '--subdir', 'DAGS_FOLDER/ciao.py', '--cfg-path', '/tmp/tmpo9dgomwp']
[2023-04-06T03:24:46.278+0000] {standard_task_runner.py:83} INFO - Job 31: Subtask say_Hi
[2023-04-06T03:24:46.375+0000] {task_command.py:389} INFO - Running <TaskInstance: io_resto_casa.say_Hi manual__2023-04-06T03:24:44.722423+00:00 [running]> on host cfece00ff772
[2023-04-06T03:24:46.462+0000] {taskinstance.py:1518} INFO - Exporting the following env vars:
AIRFLOW_CTX_DAG_OWNER=***
AIRFLOW_CTX_DAG_ID=io_resto_casa
AIRFLOW_CTX_TASK_ID=say_Hi
AIRFLOW_CTX_EXECUTION_DATE=2023-04-06T03:24:44.722423+00:00
AIRFLOW_CTX_TRY_NUMBER=1
AIRFLOW_CTX_DAG_RUN_ID=manual__2023-04-06T03:24:44.722423+00:00
[2023-04-06T03:24:46.466+0000] {subprocess.py:63} INFO - Tmp dir root location: 
 /tmp
[2023-04-06T03:24:46.469+0000] {subprocess.py:75} INFO - Running command: ['/bin/bash', '-c', 'echo "Doing Hi in Italian!!"']
[2023-04-06T03:24:46.486+0000] {subprocess.py:86} INFO - Output:
[2023-04-06T03:24:46.488+0000] {subprocess.py:93} INFO - Doing Hi in Italian!!
[2023-04-06T03:24:46.489+0000] {subprocess.py:97} INFO - Command exited with return code 0
[2023-04-06T03:24:46.525+0000] {taskinstance.py:1332} INFO - Marking task as SUCCESS. dag_id=io_resto_casa, task_id=say_Hi, execution_date=20230406T032444, start_date=20230406T032446, end_date=20230406T032446
[2023-04-06T03:24:46.568+0000] {local_task_job.py:212} INFO - Task exited with return code 0
[2023-04-06T03:24:46.647+0000] {taskinstance.py:2596} INFO - 1 downstream tasks scheduled from follow-on schedule check
